Files already downloaded and verified
3255 originally labeled samples, 0 new samples, and 1281167 unlabeled samples. Total: 1284422
Files already downloaded and verified
1996 originally labeled samples, 0 new samples, and 17966 unlabeled samples. Total: 19962
Numer of layers 200
train net...
train with 162770 samples (with replacement) in one epoch
Epoch 0
  2.62% | time:  94.3s (  1.6m) | step:    200 | train acc: 0.902 | train loss: 0.255 |warm_t acc: 0.709 (0.695, 0.732) | warm_t eop gap: 0.3005
  2.62% | time:   4.1s (  1.6m) | step:    200 | train acc: 0.902 | train loss: 0.255 |warm_v acc: 0.703 (0.696, 0.715) | warm_v eop gap: 0.3424
  5.24% | time:  82.8s (  3.0m) | step:    400 | train acc: 1.000 | train loss: 0.001 |warm_t acc: 0.707 (0.686, 0.741) | warm_t eop gap: 0.2635
  5.24% | time:   1.4s (  3.0m) | step:    400 | train acc: 1.000 | train loss: 0.001 |warm_v acc: 0.686 (0.673, 0.707) | warm_v eop gap: 0.3191
  7.86% | time:  83.0s (  4.4m) | step:    600 | train acc: 1.000 | train loss: 0.000 |warm_t acc: 0.707 (0.686, 0.740) | warm_t eop gap: 0.2617
  7.86% | time:   1.4s (  4.4m) | step:    600 | train acc: 1.000 | train loss: 0.000 |warm_v acc: 0.692 (0.677, 0.716) | warm_v eop gap: 0.3085
  8.32% | time:  22.4s (  4.8m) | step:    635 | train acc: 1.000 | train loss: 0.000 |warm_t acc: 0.707 (0.686, 0.741) | warm_t eop gap: 0.2592
  8.32% | time:   1.2s (  4.8m) | step:    635 | train acc: 1.000 | train loss: 0.000 |warm_v acc: 0.704 (0.687, 0.731) | warm_v eop gap: 0.2694
Epoch 1
 10.95% | time:  82.4s (  6.2m) | step:    835 | train acc: 1.000 | train loss: 0.000 |warm_t acc: 0.707 (0.686, 0.741) | warm_t eop gap: 0.2604
 10.95% | time:   1.3s (  6.2m) | step:    835 | train acc: 1.000 | train loss: 0.000 |warm_v acc: 0.701 (0.688, 0.722) | warm_v eop gap: 0.2812
 13.57% | time:  81.1s (  7.6m) | step:   1035 | train acc: 1.000 | train loss: 0.000 |warm_t acc: 0.707 (0.686, 0.741) | warm_t eop gap: 0.2597
 13.57% | time:   1.5s (  7.6m) | step:   1035 | train acc: 1.000 | train loss: 0.000 |warm_v acc: 0.701 (0.687, 0.721) | warm_v eop gap: 0.2809
 16.19% | time:  80.5s (  9.0m) | step:   1235 | train acc: 1.000 | train loss: 0.000 |warm_t acc: 0.707 (0.686, 0.741) | warm_t eop gap: 0.2590
 16.19% | time:   1.5s (  9.0m) | step:   1235 | train acc: 1.000 | train loss: 0.000 |warm_v acc: 0.699 (0.683, 0.721) | warm_v eop gap: 0.3185
 16.65% | time:  22.7s (  9.4m) | step:   1270 | train acc: 1.000 | train loss: 0.000 |warm_t acc: 0.707 (0.685, 0.741) | warm_t eop gap: 0.2586
 16.65% | time:   1.4s (  9.4m) | step:   1270 | train acc: 1.000 | train loss: 0.000 |warm_v acc: 0.693 (0.684, 0.708) | warm_v eop gap: 0.3348
Epoch 2
 19.28% | time:  76.2s ( 10.7m) | step:   1471 | train acc: 1.000 | train loss: 0.000 |test acc: 0.707 (0.686, 0.741) | test eop gap: 0.2584
 19.28% | time:   1.4s ( 10.7m) | step:   1471 | train acc: 1.000 | train loss: 0.000 |val acc: 0.705 (0.694, 0.722) | val eop gap: 0.3043
begin calculating influence
selected layers: [Traced<ShapedArray(float32[768])>with<DynamicJaxprTrace(level=0/1)>, Traced<ShapedArray(float32[8,8,3,768])>with<DynamicJaxprTrace(level=0/1)>, Traced<ShapedArray(float32[2])>with<DynamicJaxprTrace(level=0/1)>, Traced<ShapedArray(float32[768,2])>with<DynamicJaxprTrace(level=0/1)>]
calculating influence -- done
length of new labels 256
Use 3255+256 = 3511 samples.
Files already downloaded and verified
3255 originally labeled samples, 256 new samples, and 1280911 unlabeled samples. Total: 1284422
 21.90% | time: 781.4s ( 23.7m) | step:   1671 | train acc: 0.992 | train loss: 0.044 |test acc: 0.651 (0.687, 0.593) | test eop gap: 0.1859
 21.90% | time:   1.5s ( 23.7m) | step:   1671 | train acc: 0.992 | train loss: 0.044 |val acc: 0.641 (0.666, 0.602) | val eop gap: 0.2121
begin calculating influence
calculating influence -- done
length of new labels 512
Use 3255+512 = 3767 samples.
Files already downloaded and verified
3255 originally labeled samples, 512 new samples, and 1280655 unlabeled samples. Total: 1284422
 24.52% | time: 835.6s ( 37.6m) | step:   1871 | train acc: 1.000 | train loss: 0.000 |test acc: 0.573 (0.673, 0.415) | test eop gap: 0.0651
 24.52% | time:   1.4s ( 37.7m) | step:   1871 | train acc: 1.000 | train loss: 0.000 |val acc: 0.575 (0.671, 0.418) | val eop gap: 0.0676
begin calculating influence
calculating influence -- done
length of new labels 768
Use 3255+768 = 4023 samples.
Files already downloaded and verified
3255 originally labeled samples, 768 new samples, and 1280399 unlabeled samples. Total: 1284422
 24.98% | time: 705.8s ( 49.4m) | step:   1906 | train acc: 1.000 | train loss: 0.003 |test acc: 0.607 (0.655, 0.531) | test eop gap: 0.1112
 24.98% | time:   1.5s ( 49.5m) | step:   1906 | train acc: 1.000 | train loss: 0.003 |val acc: 0.607 (0.633, 0.566) | val eop gap: 0.0336
begin calculating influence
calculating influence -- done
length of new labels 1024
Use 3255+1024 = 4279 samples.
Files already downloaded and verified
3255 originally labeled samples, 1024 new samples, and 1280143 unlabeled samples. Total: 1284422
Epoch 3
 27.62% | time: 799.0s ( 62.8m) | step:   2107 | train acc: 1.000 | train loss: 0.017 |test acc: 0.616 (0.650, 0.560) | test eop gap: 0.2095
 27.62% | time:   1.4s ( 62.8m) | step:   2107 | train acc: 1.000 | train loss: 0.017 |val acc: 0.611 (0.634, 0.575) | val eop gap: 0.1340
begin calculating influence
calculating influence -- done
length of new labels 1280
Use 3255+1280 = 4535 samples.
Files already downloaded and verified
3255 originally labeled samples, 1280 new samples, and 1279887 unlabeled samples. Total: 1284422
 30.24% | time: 788.3s ( 75.9m) | step:   2307 | train acc: 1.000 | train loss: 0.000 |test acc: 0.570 (0.667, 0.415) | test eop gap: 0.0364
 30.24% | time:   1.3s ( 76.0m) | step:   2307 | train acc: 1.000 | train loss: 0.000 |val acc: 0.583 (0.668, 0.451) | val eop gap: 0.0141
begin calculating influence
calculating influence -- done
length of new labels 1536
Use 3255+1536 = 4791 samples.
Files already downloaded and verified
3255 originally labeled samples, 1536 new samples, and 1279631 unlabeled samples. Total: 1284422
 32.86% | time: 796.4s ( 89.2m) | step:   2507 | train acc: 1.000 | train loss: 0.001 |test acc: 0.611 (0.673, 0.513) | test eop gap: 0.0701
 32.86% | time:   1.4s ( 89.3m) | step:   2507 | train acc: 1.000 | train loss: 0.001 |val acc: 0.624 (0.662, 0.564) | val eop gap: 0.0345
begin calculating influence
calculating influence -- done
length of new labels 1792
Use 3255+1792 = 5047 samples.
Files already downloaded and verified
3255 originally labeled samples, 1792 new samples, and 1279375 unlabeled samples. Total: 1284422
 33.32% | time: 695.0s (100.8m) | step:   2542 | train acc: 0.984 | train loss: 0.047 |test acc: 0.636 (0.665, 0.589) | test eop gap: 0.1421
 33.32% | time:   1.4s (100.9m) | step:   2542 | train acc: 0.984 | train loss: 0.047 |val acc: 0.641 (0.666, 0.604) | val eop gap: 0.0726
begin calculating influence
calculating influence -- done
length of new labels 2048
Use 3255+2048 = 5303 samples.
Files already downloaded and verified
3255 originally labeled samples, 2048 new samples, and 1279119 unlabeled samples. Total: 1284422
Epoch 4
 35.95% | time: 781.6s (113.9m) | step:   2743 | train acc: 1.000 | train loss: 0.008 |test acc: 0.647 (0.650, 0.643) | test eop gap: 0.1792
 35.95% | time:   1.4s (113.9m) | step:   2743 | train acc: 1.000 | train loss: 0.008 |val acc: 0.641 (0.634, 0.652) | val eop gap: 0.1101
begin calculating influence
calculating influence -- done
length of new labels 2304
Use 3255+2304 = 5559 samples.
Files already downloaded and verified
3255 originally labeled samples, 2304 new samples, and 1278863 unlabeled samples. Total: 1284422
 38.58% | time: 800.1s (127.2m) | step:   2943 | train acc: 1.000 | train loss: 0.001 |test acc: 0.619 (0.661, 0.553) | test eop gap: 0.1757
 38.58% | time:   1.3s (127.3m) | step:   2943 | train acc: 1.000 | train loss: 0.001 |val acc: 0.602 (0.631, 0.557) | val eop gap: 0.0764
begin calculating influence
calculating influence -- done
length of new labels 2560
Use 3255+2560 = 5815 samples.
Files already downloaded and verified
3255 originally labeled samples, 2560 new samples, and 1278607 unlabeled samples. Total: 1284422
 41.20% | time: 790.3s (140.4m) | step:   3143 | train acc: 1.000 | train loss: 0.000 |test acc: 0.619 (0.663, 0.548) | test eop gap: 0.1484
 41.20% | time:   1.4s (140.5m) | step:   3143 | train acc: 1.000 | train loss: 0.000 |val acc: 0.604 (0.632, 0.560) | val eop gap: 0.0381
begin calculating influence
calculating influence -- done
length of new labels 2816
Use 3255+2816 = 6071 samples.
Files already downloaded and verified
3255 originally labeled samples, 2816 new samples, and 1278351 unlabeled samples. Total: 1284422
 41.66% | time: 679.2s (151.8m) | step:   3178 | train acc: 0.984 | train loss: 0.080 |test acc: 0.606 (0.650, 0.536) | test eop gap: 0.1587
 41.66% | time:   1.4s (151.8m) | step:   3178 | train acc: 0.984 | train loss: 0.080 |val acc: 0.594 (0.631, 0.537) | val eop gap: 0.0619
begin calculating influence
calculating influence -- done
length of new labels 3072
Use 3255+3072 = 6327 samples.
Files already downloaded and verified
3255 originally labeled samples, 3072 new samples, and 1278095 unlabeled samples. Total: 1284422
Epoch 5
 44.29% | time: 793.6s (165.0m) | step:   3379 | train acc: 1.000 | train loss: 0.010 |test acc: 0.597 (0.562, 0.653) | test eop gap: 0.2292
 44.29% | time:   1.4s (165.1m) | step:   3379 | train acc: 1.000 | train loss: 0.010 |val acc: 0.579 (0.555, 0.619) | val eop gap: 0.1928
begin calculating influence
calculating influence -- done
length of new labels 3197
Use 3255+3197 = 6452 samples.
Files already downloaded and verified
3255 originally labeled samples, 3197 new samples, and 1277970 unlabeled samples. Total: 1284422
 46.91% | time: 789.0s (178.2m) | step:   3579 | train acc: 1.000 | train loss: 0.019 |test acc: 0.611 (0.668, 0.519) | test eop gap: 0.0686
 46.91% | time:   1.7s (178.2m) | step:   3579 | train acc: 1.000 | train loss: 0.019 |val acc: 0.618 (0.662, 0.550) | val eop gap: 0.0331
begin calculating influence
calculating influence -- done
length of new labels 3453
Use 3255+3453 = 6708 samples.
Files already downloaded and verified
3255 originally labeled samples, 3453 new samples, and 1277714 unlabeled samples. Total: 1284422
 49.53% | time: 782.4s (191.3m) | step:   3779 | train acc: 0.996 | train loss: 0.018 |test acc: 0.637 (0.660, 0.602) | test eop gap: 0.1954
 49.53% | time:   1.4s (191.3m) | step:   3779 | train acc: 0.996 | train loss: 0.018 |val acc: 0.635 (0.653, 0.607) | val eop gap: 0.1290
begin calculating influence
calculating influence -- done
length of new labels 3709
Use 3255+3709 = 6964 samples.
Files already downloaded and verified
3255 originally labeled samples, 3709 new samples, and 1277458 unlabeled samples. Total: 1284422
 49.99% | time: 672.2s (202.5m) | step:   3814 | train acc: 1.000 | train loss: 0.008 |test acc: 0.619 (0.626, 0.609) | test eop gap: 0.1544
 49.99% | time:   1.5s (202.5m) | step:   3814 | train acc: 1.000 | train loss: 0.008 |val acc: 0.634 (0.631, 0.638) | val eop gap: 0.0353
begin calculating influence
calculating influence -- done
length of new labels 3965
Use 3255+3965 = 7220 samples.
Files already downloaded and verified
3255 originally labeled samples, 3965 new samples, and 1277202 unlabeled samples. Total: 1284422
Epoch 6
 52.62% | time: 776.8s (215.5m) | step:   4014 | train acc: 1.000 | train loss: 0.014 |test acc: 0.625 (0.656, 0.577) | test eop gap: 0.2007
 52.62% | time:   1.4s (215.5m) | step:   4014 | train acc: 1.000 | train loss: 0.014 |val acc: 0.623 (0.655, 0.575) | val eop gap: 0.1339
begin calculating influence
calculating influence -- done
length of new labels 4153
Use 3255+4153 = 7408 samples.
Files already downloaded and verified
3255 originally labeled samples, 4153 new samples, and 1277014 unlabeled samples. Total: 1284422
 55.24% | time: 763.8s (228.2m) | step:   4214 | train acc: 1.000 | train loss: 0.008 |test acc: 0.607 (0.560, 0.681) | test eop gap: 0.2382
 55.24% | time:   1.4s (228.3m) | step:   4214 | train acc: 1.000 | train loss: 0.008 |val acc: 0.592 (0.544, 0.670) | val eop gap: 0.1819
begin calculating influence
calculating influence -- done
length of new labels 4228
Use 3255+4228 = 7483 samples.
Files already downloaded and verified
3255 originally labeled samples, 4228 new samples, and 1276939 unlabeled samples. Total: 1284422
 57.86% | time: 786.8s (241.4m) | step:   4414 | train acc: 1.000 | train loss: 0.000 |test acc: 0.621 (0.625, 0.615) | test eop gap: 0.2252
 57.86% | time:   1.5s (241.4m) | step:   4414 | train acc: 1.000 | train loss: 0.000 |val acc: 0.629 (0.634, 0.621) | val eop gap: 0.1501
begin calculating influence
calculating influence -- done
length of new labels 4484
Use 3255+4484 = 7739 samples.
Files already downloaded and verified
3255 originally labeled samples, 4484 new samples, and 1276683 unlabeled samples. Total: 1284422
 58.32% | time: 672.5s (252.6m) | step:   4449 | train acc: 0.992 | train loss: 0.052 |test acc: 0.627 (0.647, 0.597) | test eop gap: 0.1712
 58.32% | time:   1.3s (252.6m) | step:   4449 | train acc: 0.992 | train loss: 0.052 |val acc: 0.632 (0.646, 0.609) | val eop gap: 0.0734
begin calculating influence
calculating influence -- done
length of new labels 4740
Use 3255+4740 = 7995 samples.
Files already downloaded and verified
3255 originally labeled samples, 4740 new samples, and 1276427 unlabeled samples. Total: 1284422
Epoch 7
 60.95% | time: 762.7s (265.3m) | step:   4650 | train acc: 1.000 | train loss: 0.001 |test acc: 0.628 (0.623, 0.637) | test eop gap: 0.2542
 60.95% | time:   1.4s (265.4m) | step:   4650 | train acc: 1.000 | train loss: 0.001 |val acc: 0.627 (0.613, 0.649) | val eop gap: 0.1955
begin calculating influence
calculating influence -- done
length of new labels 4996
Use 3255+4996 = 8251 samples.
Files already downloaded and verified
3255 originally labeled samples, 4996 new samples, and 1276171 unlabeled samples. Total: 1284422
 63.57% | time: 771.6s (278.2m) | step:   4850 | train acc: 0.996 | train loss: 0.017 |test acc: 0.607 (0.585, 0.643) | test eop gap: 0.2504
 63.57% | time:   1.4s (278.2m) | step:   4850 | train acc: 0.996 | train loss: 0.017 |val acc: 0.589 (0.569, 0.622) | val eop gap: 0.1978
begin calculating influence
calculating influence -- done
length of new labels 5216
Use 3255+5216 = 8471 samples.
Files already downloaded and verified
3255 originally labeled samples, 5216 new samples, and 1275951 unlabeled samples. Total: 1284422
 66.19% | time: 794.2s (291.5m) | step:   5050 | train acc: 1.000 | train loss: 0.001 |test acc: 0.624 (0.640, 0.600) | test eop gap: 0.1762
 66.19% | time:   1.4s (291.5m) | step:   5050 | train acc: 1.000 | train loss: 0.001 |val acc: 0.632 (0.631, 0.634) | val eop gap: 0.0719
begin calculating influence
calculating influence -- done
length of new labels 5472
Use 3255+5472 = 8727 samples.
Files already downloaded and verified
3255 originally labeled samples, 5472 new samples, and 1275695 unlabeled samples. Total: 1284422
 66.65% | time: 686.2s (302.9m) | step:   5085 | train acc: 1.000 | train loss: 0.003 |test acc: 0.619 (0.618, 0.622) | test eop gap: 0.1695
 66.65% | time:   1.3s (303.0m) | step:   5085 | train acc: 1.000 | train loss: 0.003 |val acc: 0.634 (0.625, 0.649) | val eop gap: 0.1121
begin calculating influence
calculating influence -- done
length of new labels 5728
Use 3255+5728 = 8983 samples.
Files already downloaded and verified
3255 originally labeled samples, 5728 new samples, and 1275439 unlabeled samples. Total: 1284422
Epoch 8
 69.29% | time: 773.5s (315.8m) | step:   5286 | train acc: 0.996 | train loss: 0.006 |test acc: 0.605 (0.595, 0.621) | test eop gap: 0.2139
 69.29% | time:   1.3s (315.9m) | step:   5286 | train acc: 0.996 | train loss: 0.006 |val acc: 0.614 (0.606, 0.627) | val eop gap: 0.1695
begin calculating influence
calculating influence -- done
length of new labels 5984
Use 3255+5984 = 9239 samples.
Files already downloaded and verified
3255 originally labeled samples, 5984 new samples, and 1275183 unlabeled samples. Total: 1284422
 71.91% | time: 773.5s (328.8m) | step:   5486 | train acc: 1.000 | train loss: 0.005 |test acc: 0.624 (0.632, 0.609) | test eop gap: 0.1787
 71.91% | time:   1.5s (328.8m) | step:   5486 | train acc: 1.000 | train loss: 0.005 |val acc: 0.625 (0.626, 0.624) | val eop gap: 0.0512
begin calculating influence
calculating influence -- done
length of new labels 6240
Use 3255+6240 = 9495 samples.
Files already downloaded and verified
3255 originally labeled samples, 6240 new samples, and 1274927 unlabeled samples. Total: 1284422
 74.53% | time: 787.1s (341.9m) | step:   5686 | train acc: 1.000 | train loss: 0.000 |test acc: 0.623 (0.645, 0.589) | test eop gap: 0.1402
 74.53% | time:   1.2s (341.9m) | step:   5686 | train acc: 1.000 | train loss: 0.000 |val acc: 0.620 (0.636, 0.596) | val eop gap: 0.0686
begin calculating influence
calculating influence -- done
length of new labels 6496
Use 3255+6496 = 9751 samples.
Files already downloaded and verified
3255 originally labeled samples, 6496 new samples, and 1274671 unlabeled samples. Total: 1284422
 74.99% | time: 692.8s (353.5m) | step:   5721 | train acc: 0.988 | train loss: 0.049 |test acc: 0.607 (0.611, 0.602) | test eop gap: 0.2030
 74.99% | time:   1.2s (353.5m) | step:   5721 | train acc: 0.988 | train loss: 0.049 |val acc: 0.620 (0.635, 0.596) | val eop gap: 0.1970
begin calculating influence
calculating influence -- done
length of new labels 6752
Use 3255+6752 = 10007 samples.
Files already downloaded and verified
3255 originally labeled samples, 6752 new samples, and 1274415 unlabeled samples. Total: 1284422
Epoch 9
 77.62% | time: 735.5s (365.7m) | step:   5922 | train acc: 0.996 | train loss: 0.008 |test acc: 0.615 (0.659, 0.545) | test eop gap: 0.0856
 77.62% | time:   1.4s (365.8m) | step:   5922 | train acc: 0.996 | train loss: 0.008 |val acc: 0.620 (0.663, 0.555) | val eop gap: 0.0046
begin calculating influence
calculating influence -- done
length of new labels 7008
Use 3255+7008 = 10263 samples.
Files already downloaded and verified
3255 originally labeled samples, 7008 new samples, and 1274159 unlabeled samples. Total: 1284422
 80.25% | time: 710.0s (377.6m) | step:   6122 | train acc: 1.000 | train loss: 0.001 |test acc: 0.593 (0.589, 0.598) | test eop gap: 0.1148
 80.25% | time:   1.5s (377.6m) | step:   6122 | train acc: 1.000 | train loss: 0.001 |val acc: 0.602 (0.590, 0.619) | val eop gap: 0.0283
begin calculating influence
calculating influence -- done
length of new labels 7264
Use 3255+7264 = 10519 samples.
Files already downloaded and verified
3255 originally labeled samples, 7264 new samples, and 1273903 unlabeled samples. Total: 1284422
 82.87% | time: 746.1s (390.1m) | step:   6322 | train acc: 0.996 | train loss: 0.009 |test acc: 0.610 (0.619, 0.597) | test eop gap: 0.1949
 82.87% | time:   1.4s (390.1m) | step:   6322 | train acc: 0.996 | train loss: 0.009 |val acc: 0.627 (0.632, 0.618) | val eop gap: 0.1297
begin calculating influence
calculating influence -- done
length of new labels 7520
Use 3255+7520 = 10775 samples.
Files already downloaded and verified
3255 originally labeled samples, 7520 new samples, and 1273647 unlabeled samples. Total: 1284422
 83.33% | time: 660.5s (401.1m) | step:   6357 | train acc: 0.996 | train loss: 0.009 |test acc: 0.615 (0.623, 0.603) | test eop gap: 0.1588
 83.33% | time:   1.8s (401.1m) | step:   6357 | train acc: 0.996 | train loss: 0.009 |val acc: 0.626 (0.634, 0.613) | val eop gap: 0.0983
begin calculating influence
calculating influence -- done
length of new labels 7776
Use 3255+7776 = 11031 samples.
Files already downloaded and verified
3255 originally labeled samples, 7776 new samples, and 1273391 unlabeled samples. Total: 1284422
Epoch 10
 85.96% | time: 696.3s (412.7m) | step:   6558 | train acc: 1.000 | train loss: 0.002 |test acc: 0.625 (0.650, 0.586) | test eop gap: 0.1895
 85.96% | time:   1.5s (412.8m) | step:   6558 | train acc: 1.000 | train loss: 0.002 |val acc: 0.626 (0.646, 0.595) | val eop gap: 0.0895
begin calculating influence
calculating influence -- done
length of new labels 8032
Use 3255+8032 = 11287 samples.
Files already downloaded and verified
3255 originally labeled samples, 8032 new samples, and 1273135 unlabeled samples. Total: 1284422
 88.58% | time: 691.5s (424.3m) | step:   6758 | train acc: 1.000 | train loss: 0.009 |test acc: 0.618 (0.619, 0.615) | test eop gap: 0.1955
 88.58% | time:   1.5s (424.3m) | step:   6758 | train acc: 1.000 | train loss: 0.009 |val acc: 0.611 (0.623, 0.592) | val eop gap: 0.1631
begin calculating influence
calculating influence -- done
length of new labels 8288
Use 3255+8288 = 11543 samples.
Files already downloaded and verified
3255 originally labeled samples, 8288 new samples, and 1272879 unlabeled samples. Total: 1284422
 91.20% | time: 757.1s (436.9m) | step:   6958 | train acc: 0.996 | train loss: 0.018 |test acc: 0.514 (0.408, 0.684) | test eop gap: 0.0329
 91.20% | time:   1.5s (436.9m) | step:   6958 | train acc: 0.996 | train loss: 0.018 |val acc: 0.495 (0.397, 0.652) | val eop gap: 0.0232
begin calculating influence
calculating influence -- done
length of new labels 8528
Use 3255+8528 = 11783 samples.
Files already downloaded and verified
3255 originally labeled samples, 8528 new samples, and 1272639 unlabeled samples. Total: 1284422
 91.66% | time: 654.5s (447.9m) | step:   6993 | train acc: 1.000 | train loss: 0.003 |test acc: 0.567 (0.520, 0.641) | test eop gap: 0.1558
 91.66% | time:   1.4s (447.9m) | step:   6993 | train acc: 1.000 | train loss: 0.003 |val acc: 0.538 (0.472, 0.641) | val eop gap: 0.0091
begin calculating influence
calculating influence -- done
length of new labels 8632
Use 3255+8632 = 11887 samples.
Files already downloaded and verified
3255 originally labeled samples, 8632 new samples, and 1272535 unlabeled samples. Total: 1284422
Epoch 11
 94.30% | time: 696.9s (459.5m) | step:   7194 | train acc: 1.000 | train loss: 0.005 |test acc: 0.602 (0.582, 0.633) | test eop gap: 0.2166
 94.30% | time:   1.4s (459.5m) | step:   7194 | train acc: 1.000 | train loss: 0.005 |val acc: 0.611 (0.596, 0.636) | val eop gap: 0.1954
begin calculating influence
calculating influence -- done
length of new labels 8888
Use 3255+8888 = 12143 samples.
Files already downloaded and verified
3255 originally labeled samples, 8888 new samples, and 1272279 unlabeled samples. Total: 1284422
 96.92% | time: 702.2s (471.2m) | step:   7394 | train acc: 0.996 | train loss: 0.009 |test acc: 0.615 (0.635, 0.584) | test eop gap: 0.1600
 96.92% | time:   1.4s (471.2m) | step:   7394 | train acc: 0.996 | train loss: 0.009 |val acc: 0.641 (0.666, 0.602) | val eop gap: 0.1744
begin calculating influence
calculating influence -- done
length of new labels 9144
Use 3255+9144 = 12399 samples.
Files already downloaded and verified
3255 originally labeled samples, 9144 new samples, and 1272023 unlabeled samples. Total: 1284422
 99.54% | time: 782.6s (484.3m) | step:   7594 | train acc: 1.000 | train loss: 0.005 |test acc: 0.589 (0.586, 0.594) | test eop gap: 0.1829
 99.54% | time:   1.4s (484.3m) | step:   7594 | train acc: 1.000 | train loss: 0.005 |val acc: 0.595 (0.594, 0.597) | val eop gap: 0.1657
begin calculating influence
calculating influence -- done
length of new labels 9400
Use 3255+9400 = 12655 samples.
Files already downloaded and verified
3255 originally labeled samples, 9400 new samples, and 1271767 unlabeled samples. Total: 1284422
100.00% | time: 542.4s (493.4m) | step:   7629 | train acc: 0.988 | train loss: 0.040 |test acc: 0.615 (0.635, 0.583) | test eop gap: 0.1343
100.00% | time:   1.3s (493.4m) | step:   7629 | train acc: 0.988 | train loss: 0.040 |val acc: 0.632 (0.653, 0.600) | val eop gap: 0.1117
begin calculating influence
calculating influence -- done
length of new labels 9656
Use 3255+9656 = 12911 samples.
Files already downloaded and verified
3255 originally labeled samples, 9656 new samples, and 1271511 unlabeled samples. Total: 1284422
