Files already downloaded and verified
3255 originally labeled samples, 0 new samples, and 5500 unlabeled samples. Total: 8755
Files already downloaded and verified
3255 originally labeled samples, 0 new samples, and 159515 unlabeled samples. Total: 162770
Files already downloaded and verified
1996 originally labeled samples, 0 new samples, and 17966 unlabeled samples. Total: 19962
Numer of layers 200
train net...
train with 162770 samples (with replacement) in one epoch
Epoch 0
  2.62% | time: 101.1s (  1.7m) | step:    200 | train acc: 0.930 | train loss: 0.166 |warm_t acc: 0.681 (0.694, 0.661) | warm_t eod gap: 0.2902
  2.62% | time:   5.8s (  1.8m) | step:    200 | train acc: 0.930 | train loss: 0.166 |warm_v acc: 0.692 (0.704, 0.671) | warm_v eod gap: 0.2844
  5.24% | time:  81.6s (  3.1m) | step:    400 | train acc: 0.793 | train loss: 0.470 |warm_t acc: 0.666 (0.703, 0.605) | warm_t eod gap: 0.2208
  5.24% | time:   1.4s (  3.2m) | step:    400 | train acc: 0.793 | train loss: 0.470 |warm_v acc: 0.661 (0.690, 0.616) | warm_v eod gap: 0.2186
  7.86% | time:  86.5s (  4.6m) | step:    600 | train acc: 1.000 | train loss: 0.006 |warm_t acc: 0.695 (0.677, 0.724) | warm_t eod gap: 0.2688
  7.86% | time:   1.4s (  4.6m) | step:    600 | train acc: 1.000 | train loss: 0.006 |warm_v acc: 0.698 (0.691, 0.710) | warm_v eod gap: 0.2871
  8.32% | time:  25.2s (  5.1m) | step:    635 | train acc: 1.000 | train loss: 0.003 |warm_t acc: 0.695 (0.683, 0.715) | warm_t eod gap: 0.2703
  8.32% | time:   2.6s (  5.1m) | step:    635 | train acc: 1.000 | train loss: 0.003 |warm_v acc: 0.698 (0.683, 0.721) | warm_v eod gap: 0.2560
Epoch 1
 10.95% | time:  88.2s (  6.6m) | step:    835 | train acc: 1.000 | train loss: 0.000 |warm_t acc: 0.694 (0.682, 0.711) | warm_t eod gap: 0.2791
 10.95% | time:   1.4s (  6.6m) | step:    835 | train acc: 1.000 | train loss: 0.000 |warm_v acc: 0.695 (0.692, 0.699) | warm_v eod gap: 0.2599
 13.57% | time:  84.1s (  8.0m) | step:   1035 | train acc: 1.000 | train loss: 0.000 |warm_t acc: 0.694 (0.682, 0.713) | warm_t eod gap: 0.2795
 13.57% | time:   1.4s (  8.0m) | step:   1035 | train acc: 1.000 | train loss: 0.000 |warm_v acc: 0.689 (0.681, 0.701) | warm_v eod gap: 0.2947
 16.19% | time:  82.4s (  9.4m) | step:   1235 | train acc: 1.000 | train loss: 0.000 |warm_t acc: 0.694 (0.683, 0.712) | warm_t eod gap: 0.2799
 16.19% | time:   1.4s (  9.4m) | step:   1235 | train acc: 1.000 | train loss: 0.000 |warm_v acc: 0.684 (0.674, 0.699) | warm_v eod gap: 0.2680
 16.65% | time:  22.9s (  9.8m) | step:   1270 | train acc: 1.000 | train loss: 0.000 |warm_t acc: 0.694 (0.683, 0.712) | warm_t eod gap: 0.2801
 16.65% | time:   1.7s (  9.8m) | step:   1270 | train acc: 1.000 | train loss: 0.000 |warm_v acc: 0.694 (0.692, 0.697) | warm_v eod gap: 0.2698
Epoch 2
 19.28% | time:  81.5s ( 11.2m) | step:   1471 | train acc: 1.000 | train loss: 0.000 |test acc: 0.694 (0.682, 0.713) | test eod gap: 0.2801
 19.28% | time:   1.3s ( 11.2m) | step:   1471 | train acc: 1.000 | train loss: 0.000 |val acc: 0.702 (0.701, 0.704) | val eod gap: 0.2864
begin calculating influence
selected layers: [Traced<ShapedArray(float32[768])>with<DynamicJaxprTrace(level=0/1)>, Traced<ShapedArray(float32[8,8,3,768])>with<DynamicJaxprTrace(level=0/1)>, Traced<ShapedArray(float32[2])>with<DynamicJaxprTrace(level=0/1)>, Traced<ShapedArray(float32[768,2])>with<DynamicJaxprTrace(level=0/1)>]
[Strategy 5] Acc of expected label: 0.766
calculating influence -- done
Use 3480 samples. Get 3518 labels. Ratio: 0.9891984081864695
Files already downloaded and verified
3255 originally labeled samples, 229 new samples, and 5271 unlabeled samples. Total: 8755
begin calculating influence
[Strategy 5] Acc of expected label: 0.7059375
calculating influence -- done
[ADD ORG DATA] Use 3480 samples. Get 3814 labels. Ratio: 0.9124278972207656
Files already downloaded and verified
3255 originally labeled samples, 256 new samples, and 159259 unlabeled samples. Total: 162770
 21.90% | time: 944.8s ( 26.9m) | step:   1671 | train acc: 1.000 | train loss: 0.003 |test acc: 0.643 (0.669, 0.601) | test eod gap: 0.2071
 21.90% | time:   1.3s ( 27.0m) | step:   1671 | train acc: 1.000 | train loss: 0.003 |val acc: 0.645 (0.657, 0.626) | val eod gap: 0.2554
begin calculating influence
[Strategy 5] Acc of expected label: 0.8594194649971543
calculating influence -- done
Use 3625 samples. Get 3810 labels. Ratio: 0.9514435695538058
Files already downloaded and verified
3255 originally labeled samples, 376 new samples, and 5124 unlabeled samples. Total: 8755
begin calculating influence
[Strategy 5] Acc of expected label: 0.65890625
calculating influence -- done
[ADD ORG DATA] Use 3625 samples. Get 4241 labels. Ratio: 0.8547512379155859
Files already downloaded and verified
3255 originally labeled samples, 512 new samples, and 159003 unlabeled samples. Total: 162770
 24.52% | time: 903.4s ( 42.0m) | step:   1871 | train acc: 0.859 | train loss: 0.290 |test acc: 0.691 (0.691, 0.692) | test eod gap: 0.2739
 24.52% | time:   1.5s ( 42.0m) | step:   1871 | train acc: 0.859 | train loss: 0.290 |val acc: 0.694 (0.700, 0.684) | val eod gap: 0.2629
begin calculating influence
[Strategy 5] Acc of expected label: 0.7730288836846214
calculating influence -- done
Use 3756 samples. Get 4111 labels. Ratio: 0.9136463147652639
Files already downloaded and verified
3255 originally labeled samples, 510 new samples, and 4990 unlabeled samples. Total: 8755
begin calculating influence
[Strategy 5] Acc of expected label: 0.7093359375
calculating influence -- done
[ADD ORG DATA] Use 3756 samples. Get 4675 labels. Ratio: 0.8034224598930482
Files already downloaded and verified
3255 originally labeled samples, 768 new samples, and 158747 unlabeled samples. Total: 162770
 24.98% | time: 830.5s ( 55.9m) | step:   1906 | train acc: 1.000 | train loss: 0.014 |test acc: 0.692 (0.692, 0.692) | test eod gap: 0.2680
 24.98% | time:   1.5s ( 55.9m) | step:   1906 | train acc: 1.000 | train loss: 0.014 |val acc: 0.703 (0.716, 0.684) | val eod gap: 0.2617
begin calculating influence
[Strategy 5] Acc of expected label: 0.7571142284569138
calculating influence -- done
Use 3770 samples. Get 4133 labels. Ratio: 0.9121703363174449
Files already downloaded and verified
3255 originally labeled samples, 524 new samples, and 4976 unlabeled samples. Total: 8755
begin calculating influence
[Strategy 5] Acc of expected label: 0.7106640625
calculating influence -- done
[ADD ORG DATA] Use 3770 samples. Get 5087 labels. Ratio: 0.7411047768822489
Files already downloaded and verified
3255 originally labeled samples, 1024 new samples, and 158491 unlabeled samples. Total: 162770
Epoch 3
 27.62% | time: 899.1s ( 70.9m) | step:   2107 | train acc: 1.000 | train loss: 0.002 |test acc: 0.686 (0.687, 0.684) | test eod gap: 0.1599
 27.62% | time:   1.7s ( 70.9m) | step:   2107 | train acc: 1.000 | train loss: 0.002 |val acc: 0.690 (0.694, 0.684) | val eod gap: 0.1455
begin calculating influence
[Strategy 5] Acc of expected label: 0.6507234726688103
calculating influence -- done
Use 3776 samples. Get 4146 labels. Ratio: 0.9107573564881813
Files already downloaded and verified
3255 originally labeled samples, 530 new samples, and 4970 unlabeled samples. Total: 8755
begin calculating influence
[Strategy 5] Acc of expected label: 0.6973046875
calculating influence -- done
[ADD ORG DATA] Use 3776 samples. Get 5542 labels. Ratio: 0.6813424756405629
Files already downloaded and verified
3255 originally labeled samples, 1280 new samples, and 158235 unlabeled samples. Total: 162770
 30.24% | time: 905.8s ( 86.0m) | step:   2307 | train acc: 1.000 | train loss: 0.001 |test acc: 0.671 (0.657, 0.692) | test eod gap: 0.1737
 30.24% | time:   1.4s ( 86.0m) | step:   2307 | train acc: 1.000 | train loss: 0.001 |val acc: 0.664 (0.652, 0.683) | val eod gap: 0.1480
begin calculating influence
[Strategy 5] Acc of expected label: 0.5983903420523139
calculating influence -- done
Use 3816 samples. Get 4197 labels. Ratio: 0.9092208720514653
Files already downloaded and verified
3255 originally labeled samples, 571 new samples, and 4929 unlabeled samples. Total: 8755
begin calculating influence
[Strategy 5] Acc of expected label: 0.676953125
calculating influence -- done
[ADD ORG DATA] Use 3816 samples. Get 6243 labels. Ratio: 0.6112445939452187
Files already downloaded and verified
3255 originally labeled samples, 1536 new samples, and 157979 unlabeled samples. Total: 162770
 32.86% | time: 911.8s (101.2m) | step:   2507 | train acc: 1.000 | train loss: 0.002 |test acc: 0.673 (0.671, 0.676) | test eod gap: 0.1792
 32.86% | time:   1.4s (101.3m) | step:   2507 | train acc: 1.000 | train loss: 0.002 |val acc: 0.693 (0.695, 0.691) | val eod gap: 0.1205
begin calculating influence
[Strategy 5] Acc of expected label: 0.6794481639277744
calculating influence -- done
Use 3855 samples. Get 4266 labels. Ratio: 0.9036568213783404
Files already downloaded and verified
3255 originally labeled samples, 610 new samples, and 4890 unlabeled samples. Total: 8755
begin calculating influence
[Strategy 5] Acc of expected label: 0.68703125
calculating influence -- done
[ADD ORG DATA] Use 3855 samples. Get 6725 labels. Ratio: 0.5732342007434944
Files already downloaded and verified
3255 originally labeled samples, 1719 new samples, and 157796 unlabeled samples. Total: 162770
 33.32% | time: 822.6s (115.0m) | step:   2542 | train acc: 1.000 | train loss: 0.004 |test acc: 0.671 (0.648, 0.707) | test eod gap: 0.2345
 33.32% | time:   1.5s (115.0m) | step:   2542 | train acc: 1.000 | train loss: 0.004 |val acc: 0.693 (0.688, 0.701) | val eod gap: 0.1951
begin calculating influence
[Strategy 5] Acc of expected label: 0.7787321063394683
calculating influence -- done
Use 3963 samples. Get 4736 labels. Ratio: 0.8367820945945946
Files already downloaded and verified
3255 originally labeled samples, 719 new samples, and 4781 unlabeled samples. Total: 8755
begin calculating influence
[Strategy 5] Acc of expected label: 0.6865234375
calculating influence -- done
[ADD ORG DATA] Use 3963 samples. Get 7222 labels. Ratio: 0.5487399612295762
Files already downloaded and verified
3255 originally labeled samples, 1975 new samples, and 157540 unlabeled samples. Total: 162770
Epoch 4
 35.95% | time: 906.7s (130.1m) | step:   2743 | train acc: 1.000 | train loss: 0.003 |test acc: 0.592 (0.539, 0.675) | test eod gap: 0.0597
 35.95% | time:   1.5s (130.1m) | step:   2743 | train acc: 1.000 | train loss: 0.003 |val acc: 0.612 (0.577, 0.669) | val eod gap: 0.0276
begin calculating influence
[Strategy 5] Acc of expected label: 0.5666178623718887
calculating influence -- done
Use 4000 samples. Get 4935 labels. Ratio: 0.8105369807497467
Files already downloaded and verified
3255 originally labeled samples, 756 new samples, and 4744 unlabeled samples. Total: 8755
begin calculating influence
[Strategy 5] Acc of expected label: 0.59703125
calculating influence -- done
[ADD ORG DATA] Use 4000 samples. Get 7631 labels. Ratio: 0.524177696239025
Files already downloaded and verified
3255 originally labeled samples, 2231 new samples, and 157284 unlabeled samples. Total: 162770
 38.58% | time: 894.6s (145.0m) | step:   2943 | train acc: 1.000 | train loss: 0.001 |test acc: 0.682 (0.655, 0.725) | test eod gap: 0.2008
 38.58% | time:   1.5s (145.1m) | step:   2943 | train acc: 1.000 | train loss: 0.001 |val acc: 0.675 (0.663, 0.694) | val eod gap: 0.1669
begin calculating influence
[Strategy 5] Acc of expected label: 0.6043423271500843
calculating influence -- done
Use 4046 samples. Get 5017 labels. Ratio: 0.8064580426549731
Files already downloaded and verified
3255 originally labeled samples, 804 new samples, and 4696 unlabeled samples. Total: 8755
begin calculating influence
[Strategy 5] Acc of expected label: 0.6888671875
calculating influence -- done
[ADD ORG DATA] Use 4046 samples. Get 8326 labels. Ratio: 0.48594763391784773
Files already downloaded and verified
3255 originally labeled samples, 2487 new samples, and 157028 unlabeled samples. Total: 162770
 41.20% | time: 886.9s (159.9m) | step:   3143 | train acc: 1.000 | train loss: 0.009 |test acc: 0.623 (0.676, 0.537) | test eod gap: 0.1617
 41.20% | time:   1.5s (159.9m) | step:   3143 | train acc: 1.000 | train loss: 0.009 |val acc: 0.631 (0.680, 0.555) | val eod gap: 0.1634
begin calculating influence
[Strategy 5] Acc of expected label: 0.6100936967632027
calculating influence -- done
Use 4075 samples. Get 5064 labels. Ratio: 0.8046998420221169
Files already downloaded and verified
3255 originally labeled samples, 834 new samples, and 4666 unlabeled samples. Total: 8755
begin calculating influence
[Strategy 5] Acc of expected label: 0.64265625
calculating influence -- done
[ADD ORG DATA] Use 4075 samples. Get 8603 labels. Ratio: 0.47367197489247936
Files already downloaded and verified
3255 originally labeled samples, 2611 new samples, and 156904 unlabeled samples. Total: 162770
 41.66% | time: 817.5s (173.5m) | step:   3178 | train acc: 0.996 | train loss: 0.005 |test acc: 0.661 (0.650, 0.679) | test eod gap: 0.1900
 41.66% | time:   1.5s (173.5m) | step:   3178 | train acc: 0.996 | train loss: 0.005 |val acc: 0.659 (0.660, 0.657) | val eod gap: 0.1815
begin calculating influence
[Strategy 5] Acc of expected label: 0.6024432061723103
calculating influence -- done
Use 4103 samples. Get 5129 labels. Ratio: 0.7999610060440632
Files already downloaded and verified
3255 originally labeled samples, 862 new samples, and 4638 unlabeled samples. Total: 8755
begin calculating influence
[Strategy 5] Acc of expected label: 0.6694140625
calculating influence -- done
[ADD ORG DATA] Use 4103 samples. Get 9141 labels. Ratio: 0.44885679903730447
Files already downloaded and verified
3255 originally labeled samples, 2867 new samples, and 156648 unlabeled samples. Total: 162770
Epoch 5
 44.29% | time: 871.1s (188.0m) | step:   3379 | train acc: 1.000 | train loss: 0.000 |test acc: 0.689 (0.671, 0.718) | test eod gap: 0.2029
 44.29% | time:   1.5s (188.1m) | step:   3379 | train acc: 1.000 | train loss: 0.000 |val acc: 0.689 (0.673, 0.714) | val eod gap: 0.1876
begin calculating influence
[Strategy 5] Acc of expected label: 0.6332470892626132
calculating influence -- done
Use 4123 samples. Get 5152 labels. Ratio: 0.8002717391304348
Files already downloaded and verified
3255 originally labeled samples, 882 new samples, and 4618 unlabeled samples. Total: 8755
begin calculating influence
[Strategy 5] Acc of expected label: 0.6888671875
calculating influence -- done
[ADD ORG DATA] Use 4123 samples. Get 9722 labels. Ratio: 0.42408969347870806
Files already downloaded and verified
3255 originally labeled samples, 3123 new samples, and 156392 unlabeled samples. Total: 162770
 46.91% | time: 879.6s (202.7m) | step:   3579 | train acc: 1.000 | train loss: 0.000 |test acc: 0.671 (0.632, 0.732) | test eod gap: 0.1681
 46.91% | time:   1.4s (202.8m) | step:   3579 | train acc: 1.000 | train loss: 0.000 |val acc: 0.667 (0.651, 0.691) | val eod gap: 0.1267
begin calculating influence
[Strategy 5] Acc of expected label: 0.6585101775660459
calculating influence -- done
Use 4147 samples. Get 5208 labels. Ratio: 0.7962749615975423
Files already downloaded and verified
3255 originally labeled samples, 906 new samples, and 4594 unlabeled samples. Total: 8755
begin calculating influence
[Strategy 5] Acc of expected label: 0.6704296875
calculating influence -- done
[ADD ORG DATA] Use 4147 samples. Get 10327 labels. Ratio: 0.40156870339885736
Files already downloaded and verified
3255 originally labeled samples, 3379 new samples, and 156136 unlabeled samples. Total: 162770
 49.53% | time: 870.2s (217.3m) | step:   3779 | train acc: 1.000 | train loss: 0.000 |test acc: 0.678 (0.649, 0.723) | test eod gap: 0.1809
 49.53% | time:   1.3s (217.3m) | step:   3779 | train acc: 1.000 | train loss: 0.000 |val acc: 0.676 (0.656, 0.707) | val eod gap: 0.1695
begin calculating influence
[Strategy 5] Acc of expected label: 0.6848062690465825
calculating influence -- done
Use 4170 samples. Get 5287 labels. Ratio: 0.7887270663892567
Files already downloaded and verified
3255 originally labeled samples, 930 new samples, and 4570 unlabeled samples. Total: 8755
begin calculating influence
[Strategy 5] Acc of expected label: 0.6834765625
calculating influence -- done
[ADD ORG DATA] Use 4170 samples. Get 10869 labels. Ratio: 0.3836599503174165
Files already downloaded and verified
3255 originally labeled samples, 3635 new samples, and 155880 unlabeled samples. Total: 162770
 49.99% | time: 826.7s (231.1m) | step:   3814 | train acc: 1.000 | train loss: 0.001 |test acc: 0.660 (0.619, 0.725) | test eod gap: 0.1453
 49.99% | time:   1.6s (231.1m) | step:   3814 | train acc: 1.000 | train loss: 0.001 |val acc: 0.658 (0.614, 0.725) | val eod gap: 0.1227
begin calculating influence
[Strategy 5] Acc of expected label: 0.6402625820568928
calculating influence -- done
Use 4200 samples. Get 5458 labels. Ratio: 0.7695126419934042
Files already downloaded and verified
3255 originally labeled samples, 961 new samples, and 4539 unlabeled samples. Total: 8755
begin calculating influence
[Strategy 5] Acc of expected label: 0.6566796875
calculating influence -- done
[ADD ORG DATA] Use 4200 samples. Get 11317 labels. Ratio: 0.37112308915790404
Files already downloaded and verified
3255 originally labeled samples, 3891 new samples, and 155624 unlabeled samples. Total: 162770
Epoch 6
 52.62% | time: 869.1s (245.6m) | step:   4014 | train acc: 1.000 | train loss: 0.000 |test acc: 0.665 (0.629, 0.723) | test eod gap: 0.1506
 52.62% | time:   1.5s (245.6m) | step:   4014 | train acc: 1.000 | train loss: 0.000 |val acc: 0.660 (0.639, 0.691) | val eod gap: 0.1098
begin calculating influence
[Strategy 5] Acc of expected label: 0.6571932143643975
calculating influence -- done
Use 4233 samples. Get 5498 labels. Ratio: 0.7699163332120771
Files already downloaded and verified
3255 originally labeled samples, 994 new samples, and 4506 unlabeled samples. Total: 8755
begin calculating influence
[Strategy 5] Acc of expected label: 0.666640625
calculating influence -- done
[ADD ORG DATA] Use 4233 samples. Get 11792 labels. Ratio: 0.358972184531886
Files already downloaded and verified
3255 originally labeled samples, 4141 new samples, and 155374 unlabeled samples. Total: 162770
 55.24% | time: 892.4s (260.5m) | step:   4214 | train acc: 1.000 | train loss: 0.001 |test acc: 0.669 (0.639, 0.717) | test eod gap: 0.1505
 55.24% | time:   1.4s (260.5m) | step:   4214 | train acc: 1.000 | train loss: 0.001 |val acc: 0.658 (0.631, 0.700) | val eod gap: 0.1085
begin calculating influence
[Strategy 5] Acc of expected label: 0.6418109187749668
calculating influence -- done
Use 4422 samples. Get 5660 labels. Ratio: 0.7812720848056537
Files already downloaded and verified
3255 originally labeled samples, 1189 new samples, and 4311 unlabeled samples. Total: 8755
begin calculating influence
[Strategy 5] Acc of expected label: 0.6737890625
calculating influence -- done
[ADD ORG DATA] Use 4422 samples. Get 12381 labels. Ratio: 0.357160164768597
Files already downloaded and verified
3255 originally labeled samples, 4397 new samples, and 155118 unlabeled samples. Total: 162770
 57.86% | time: 873.7s (275.1m) | step:   4414 | train acc: 1.000 | train loss: 0.001 |test acc: 0.680 (0.645, 0.737) | test eod gap: 0.1722
 57.86% | time:   1.4s (275.1m) | step:   4414 | train acc: 1.000 | train loss: 0.001 |val acc: 0.697 (0.666, 0.745) | val eod gap: 0.1301
begin calculating influence
[Strategy 5] Acc of expected label: 0.6903270702853166
calculating influence -- done
Use 4436 samples. Get 5680 labels. Ratio: 0.7809859154929577
Files already downloaded and verified
3255 originally labeled samples, 1203 new samples, and 4297 unlabeled samples. Total: 8755
begin calculating influence
[Strategy 5] Acc of expected label: 0.6801953125
calculating influence -- done
[ADD ORG DATA] Use 4436 samples. Get 12954 labels. Ratio: 0.34244248880654626
Files already downloaded and verified
3255 originally labeled samples, 4653 new samples, and 154862 unlabeled samples. Total: 162770
 58.32% | time: 797.5s (288.4m) | step:   4449 | train acc: 0.926 | train loss: 0.155 |test acc: 0.666 (0.615, 0.747) | test eod gap: 0.1417
 58.32% | time:   1.4s (288.4m) | step:   4449 | train acc: 0.926 | train loss: 0.155 |val acc: 0.673 (0.631, 0.735) | val eod gap: 0.0833
begin calculating influence
[Strategy 5] Acc of expected label: 0.7218989993018385
calculating influence -- done
Use 4447 samples. Get 5731 labels. Ratio: 0.7759553306578258
Files already downloaded and verified
3255 originally labeled samples, 1214 new samples, and 4286 unlabeled samples. Total: 8755
begin calculating influence
[Strategy 5] Acc of expected label: 0.666953125
calculating influence -- done
[ADD ORG DATA] Use 4447 samples. Get 13421 labels. Ratio: 0.3313463974368527
Files already downloaded and verified
3255 originally labeled samples, 4909 new samples, and 154606 unlabeled samples. Total: 162770
Epoch 7
 60.95% | time: 883.1s (303.1m) | step:   4650 | train acc: 1.000 | train loss: 0.002 |test acc: 0.620 (0.538, 0.752) | test eod gap: 0.1148
 60.95% | time:   1.4s (303.1m) | step:   4650 | train acc: 1.000 | train loss: 0.002 |val acc: 0.627 (0.559, 0.731) | val eod gap: 0.0775
begin calculating influence
[Strategy 5] Acc of expected label: 0.6861875874941671
calculating influence -- done
Use 4471 samples. Get 5841 labels. Ratio: 0.7654511213833248
Files already downloaded and verified
3255 originally labeled samples, 1238 new samples, and 4262 unlabeled samples. Total: 8755
begin calculating influence
[Strategy 5] Acc of expected label: 0.6118359375
calculating influence -- done
[ADD ORG DATA] Use 4471 samples. Get 13927 labels. Ratio: 0.32103109068715446
Files already downloaded and verified
3255 originally labeled samples, 5165 new samples, and 154350 unlabeled samples. Total: 162770
 63.57% | time: 871.1s (317.7m) | step:   4850 | train acc: 1.000 | train loss: 0.000 |test acc: 0.657 (0.617, 0.720) | test eod gap: 0.1228
 63.57% | time:   2.1s (317.7m) | step:   4850 | train acc: 1.000 | train loss: 0.000 |val acc: 0.660 (0.641, 0.689) | val eod gap: 0.1050
begin calculating influence
[Strategy 5] Acc of expected label: 0.6820741435945565
calculating influence -- done
Use 4493 samples. Get 5858 labels. Ratio: 0.7669853192215773
Files already downloaded and verified
3255 originally labeled samples, 1261 new samples, and 4239 unlabeled samples. Total: 8755
begin calculating influence
[Strategy 5] Acc of expected label: 0.6619140625
calculating influence -- done
[ADD ORG DATA] Use 4493 samples. Get 14398 labels. Ratio: 0.31205723017085707
Files already downloaded and verified
3255 originally labeled samples, 5421 new samples, and 154094 unlabeled samples. Total: 162770
 66.19% | time: 877.0s (332.3m) | step:   5050 | train acc: 1.000 | train loss: 0.000 |test acc: 0.677 (0.637, 0.739) | test eod gap: 0.1563
 66.19% | time:   1.3s (332.3m) | step:   5050 | train acc: 1.000 | train loss: 0.000 |val acc: 0.682 (0.654, 0.724) | val eod gap: 0.1122
begin calculating influence
[Strategy 5] Acc of expected label: 0.7062986553432413
calculating influence -- done
Use 4516 samples. Get 5899 labels. Ratio: 0.7655534836412952
Files already downloaded and verified
3255 originally labeled samples, 1284 new samples, and 4216 unlabeled samples. Total: 8755
begin calculating influence
[Strategy 5] Acc of expected label: 0.675546875
calculating influence -- done
[ADD ORG DATA] Use 4516 samples. Get 14930 labels. Ratio: 0.3024782317481581
Files already downloaded and verified
3255 originally labeled samples, 5677 new samples, and 153838 unlabeled samples. Total: 162770
 66.65% | time: 809.8s (345.8m) | step:   5085 | train acc: 0.996 | train loss: 0.005 |test acc: 0.680 (0.665, 0.704) | test eod gap: 0.1671
 66.65% | time:   1.5s (345.8m) | step:   5085 | train acc: 0.996 | train loss: 0.005 |val acc: 0.679 (0.677, 0.683) | val eod gap: 0.1211
begin calculating influence
[Strategy 5] Acc of expected label: 0.6959203036053131
calculating influence -- done
Use 4768 samples. Get 6042 labels. Ratio: 0.7891426679907315
Files already downloaded and verified
3255 originally labeled samples, 1540 new samples, and 3960 unlabeled samples. Total: 8755
begin calculating influence
[Strategy 5] Acc of expected label: 0.680390625
calculating influence -- done
[ADD ORG DATA] Use 4768 samples. Get 15418 labels. Ratio: 0.30924892982228563
Files already downloaded and verified
3255 originally labeled samples, 5933 new samples, and 153582 unlabeled samples. Total: 162770
Epoch 8
 69.29% | time: 854.5s (360.1m) | step:   5286 | train acc: 0.926 | train loss: 0.171 |test acc: 0.664 (0.627, 0.723) | test eod gap: 0.1597
 69.29% | time:   1.6s (360.1m) | step:   5286 | train acc: 0.926 | train loss: 0.171 |val acc: 0.673 (0.653, 0.702) | val eod gap: 0.1176
begin calculating influence
[Strategy 5] Acc of expected label: 0.759090909090909
calculating influence -- done
Use 4778 samples. Get 6049 labels. Ratio: 0.7898826252273103
Files already downloaded and verified
3255 originally labeled samples, 1551 new samples, and 3949 unlabeled samples. Total: 8755
begin calculating influence
[Strategy 5] Acc of expected label: 0.66953125
calculating influence -- done
[ADD ORG DATA] Use 4778 samples. Get 15951 labels. Ratio: 0.2995423484421039
Files already downloaded and verified
3255 originally labeled samples, 6189 new samples, and 153326 unlabeled samples. Total: 162770
 71.91% | time: 857.7s (374.4m) | step:   5486 | train acc: 1.000 | train loss: 0.000 |test acc: 0.669 (0.648, 0.702) | test eod gap: 0.1460
 71.91% | time:   1.4s (374.4m) | step:   5486 | train acc: 1.000 | train loss: 0.000 |val acc: 0.671 (0.656, 0.696) | val eod gap: 0.1215
begin calculating influence
[Strategy 5] Acc of expected label: 0.7379083312230944
calculating influence -- done
Use 5028 samples. Get 6139 labels. Ratio: 0.8190258999837107
Files already downloaded and verified
3255 originally labeled samples, 1807 new samples, and 3693 unlabeled samples. Total: 8755
begin calculating influence
[Strategy 5] Acc of expected label: 0.674453125
calculating influence -- done
[ADD ORG DATA] Use 5028 samples. Get 16507 labels. Ratio: 0.3045980493124129
Files already downloaded and verified
3255 originally labeled samples, 6445 new samples, and 153070 unlabeled samples. Total: 162770
 74.53% | time: 861.6s (388.8m) | step:   5686 | train acc: 1.000 | train loss: 0.000 |test acc: 0.670 (0.624, 0.743) | test eod gap: 0.1414
 74.53% | time:   1.5s (388.8m) | step:   5686 | train acc: 1.000 | train loss: 0.000 |val acc: 0.674 (0.653, 0.708) | val eod gap: 0.1432
begin calculating influence
[Strategy 5] Acc of expected label: 0.7782290820471162
calculating influence -- done
Use 5032 samples. Get 6142 labels. Ratio: 0.8192771084337349
Files already downloaded and verified
3255 originally labeled samples, 1812 new samples, and 3688 unlabeled samples. Total: 8755
begin calculating influence
[Strategy 5] Acc of expected label: 0.6651953125
calculating influence -- done
[ADD ORG DATA] Use 5032 samples. Get 16966 labels. Ratio: 0.2965931863727455
Files already downloaded and verified
3255 originally labeled samples, 6684 new samples, and 152831 unlabeled samples. Total: 162770
 74.99% | time: 788.1s (402.0m) | step:   5721 | train acc: 1.000 | train loss: 0.001 |test acc: 0.682 (0.656, 0.723) | test eod gap: 0.1690
 74.99% | time:   1.5s (402.0m) | step:   5721 | train acc: 1.000 | train loss: 0.001 |val acc: 0.696 (0.676, 0.726) | val eod gap: 0.0918
begin calculating influence
[Strategy 5] Acc of expected label: 0.7551518438177874
calculating influence -- done
Use 5067 samples. Get 6155 labels. Ratio: 0.8232331437855402
Files already downloaded and verified
3255 originally labeled samples, 1848 new samples, and 3652 unlabeled samples. Total: 8755
begin calculating influence
[Strategy 5] Acc of expected label: 0.681875
calculating influence -- done
[ADD ORG DATA] Use 5067 samples. Get 17532 labels. Ratio: 0.28901437371663247
Files already downloaded and verified
3255 originally labeled samples, 6940 new samples, and 152575 unlabeled samples. Total: 162770
Epoch 9
 77.62% | time: 848.5s (416.1m) | step:   5922 | train acc: 1.000 | train loss: 0.000 |test acc: 0.682 (0.649, 0.734) | test eod gap: 0.1504
 77.62% | time:   1.4s (416.1m) | step:   5922 | train acc: 1.000 | train loss: 0.000 |val acc: 0.697 (0.683, 0.718) | val eod gap: 0.1101
begin calculating influence
[Strategy 5] Acc of expected label: 0.7792990142387732
calculating influence -- done
Use 5078 samples. Get 6163 labels. Ratio: 0.823949375304235
Files already downloaded and verified
3255 originally labeled samples, 1859 new samples, and 3641 unlabeled samples. Total: 8755
begin calculating influence
[Strategy 5] Acc of expected label: 0.6834375
calculating influence -- done
[ADD ORG DATA] Use 5078 samples. Get 18018 labels. Ratio: 0.28182928182928185
Files already downloaded and verified
3255 originally labeled samples, 7196 new samples, and 152319 unlabeled samples. Total: 162770
 80.25% | time: 848.8s (430.3m) | step:   6122 | train acc: 1.000 | train loss: 0.002 |test acc: 0.681 (0.640, 0.746) | test eod gap: 0.1310
 80.25% | time:   1.5s (430.3m) | step:   6122 | train acc: 1.000 | train loss: 0.002 |val acc: 0.693 (0.667, 0.734) | val eod gap: 0.0911
begin calculating influence
[Strategy 5] Acc of expected label: 0.7822026915682505
calculating influence -- done
Use 5087 samples. Get 6172 labels. Ratio: 0.8242060920285159
Files already downloaded and verified
3255 originally labeled samples, 1868 new samples, and 3632 unlabeled samples. Total: 8755
begin calculating influence
[Strategy 5] Acc of expected label: 0.68046875
calculating influence -- done
[ADD ORG DATA] Use 5087 samples. Get 18522 labels. Ratio: 0.2746463664831012
Files already downloaded and verified
3255 originally labeled samples, 7452 new samples, and 152063 unlabeled samples. Total: 162770
 82.87% | time: 869.5s (444.8m) | step:   6322 | train acc: 1.000 | train loss: 0.000 |test acc: 0.672 (0.630, 0.739) | test eod gap: 0.1361
 82.87% | time:   1.7s (444.8m) | step:   6322 | train acc: 1.000 | train loss: 0.000 |val acc: 0.675 (0.644, 0.726) | val eod gap: 0.0726
begin calculating influence
[Strategy 5] Acc of expected label: 0.7830396475770925
calculating influence -- done
Use 5095 samples. Get 6178 labels. Ratio: 0.8247005503399158
Files already downloaded and verified
3255 originally labeled samples, 1876 new samples, and 3624 unlabeled samples. Total: 8755
begin calculating influence
[Strategy 5] Acc of expected label: 0.674609375
calculating influence -- done
[ADD ORG DATA] Use 5095 samples. Get 19057 labels. Ratio: 0.2673558272550769
Files already downloaded and verified
3255 originally labeled samples, 7708 new samples, and 151807 unlabeled samples. Total: 162770
 83.33% | time: 780.7s (457.9m) | step:   6357 | train acc: 1.000 | train loss: 0.000 |test acc: 0.668 (0.630, 0.729) | test eod gap: 0.1461
 83.33% | time:   1.5s (457.9m) | step:   6357 | train acc: 1.000 | train loss: 0.000 |val acc: 0.666 (0.639, 0.707) | val eod gap: 0.0737
begin calculating influence
[Strategy 5] Acc of expected label: 0.7759381898454746
calculating influence -- done
Use 5112 samples. Get 6189 labels. Ratio: 0.8259815802229763
Files already downloaded and verified
3255 originally labeled samples, 1894 new samples, and 3606 unlabeled samples. Total: 8755
begin calculating influence
[Strategy 5] Acc of expected label: 0.6687890625
calculating influence -- done
[ADD ORG DATA] Use 5112 samples. Get 19492 labels. Ratio: 0.2622614405910117
Files already downloaded and verified
3255 originally labeled samples, 7964 new samples, and 151551 unlabeled samples. Total: 162770
Epoch 10
 85.96% | time: 856.6s (472.2m) | step:   6558 | train acc: 1.000 | train loss: 0.000 |test acc: 0.667 (0.622, 0.740) | test eod gap: 0.1529
 85.96% | time:   1.7s (472.2m) | step:   6558 | train acc: 1.000 | train loss: 0.000 |val acc: 0.696 (0.663, 0.747) | val eod gap: 0.1023
begin calculating influence
calculating influence -- done
length of new labels 102
Use 5112+102 = 5214 samples.
Files already downloaded and verified
3255 originally labeled samples, 1996 new samples, and 3504 unlabeled samples. Total: 8755
begin calculating influence
[Strategy 5] Acc of expected label: 0.6708984375
calculating influence -- done
[ADD ORG DATA] Use 5214 samples. Get 19955 labels. Ratio: 0.26128789776998246
Files already downloaded and verified
3255 originally labeled samples, 8220 new samples, and 151295 unlabeled samples. Total: 162770
 88.58% | time: 858.2s (486.5m) | step:   6758 | train acc: 1.000 | train loss: 0.000 |test acc: 0.679 (0.644, 0.734) | test eod gap: 0.1498
 88.58% | time:   1.4s (486.5m) | step:   6758 | train acc: 1.000 | train loss: 0.000 |val acc: 0.691 (0.664, 0.732) | val eod gap: 0.1002
begin calculating influence
calculating influence -- done
length of new labels 151
Use 5111+151 = 5262 samples.
Files already downloaded and verified
3255 originally labeled samples, 2045 new samples, and 3455 unlabeled samples. Total: 8755
begin calculating influence
[Strategy 5] Acc of expected label: 0.678984375
calculating influence -- done
[ADD ORG DATA] Use 5262 samples. Get 20374 labels. Ratio: 0.25827034455678805
Files already downloaded and verified
3255 originally labeled samples, 8476 new samples, and 151039 unlabeled samples. Total: 162770
 91.20% | time: 837.1s (500.5m) | step:   6958 | train acc: 1.000 | train loss: 0.001 |test acc: 0.684 (0.658, 0.727) | test eod gap: 0.1456
 91.20% | time:   1.3s (500.5m) | step:   6958 | train acc: 1.000 | train loss: 0.001 |val acc: 0.698 (0.683, 0.721) | val eod gap: 0.1051
begin calculating influence
calculating influence -- done
length of new labels 230
Use 5107+230 = 5337 samples.
Files already downloaded and verified
3255 originally labeled samples, 2124 new samples, and 3376 unlabeled samples. Total: 8755
begin calculating influence
[Strategy 5] Acc of expected label: 0.6865234375
calculating influence -- done
[ADD ORG DATA] Use 5337 samples. Get 20828 labels. Ratio: 0.2562415978490494
Files already downloaded and verified
3255 originally labeled samples, 8732 new samples, and 150783 unlabeled samples. Total: 162770
 91.66% | time: 775.6s (513.4m) | step:   6993 | train acc: 1.000 | train loss: 0.014 |test acc: 0.684 (0.652, 0.735) | test eod gap: 0.1559
 91.66% | time:   1.3s (513.4m) | step:   6993 | train acc: 1.000 | train loss: 0.014 |val acc: 0.697 (0.674, 0.732) | val eod gap: 0.1106
begin calculating influence
calculating influence -- done
length of new labels 306
Use 5106+306 = 5412 samples.
Files already downloaded and verified
3255 originally labeled samples, 2200 new samples, and 3300 unlabeled samples. Total: 8755
begin calculating influence
[Strategy 5] Acc of expected label: 0.6876953125
calculating influence -- done
[ADD ORG DATA] Use 5412 samples. Get 21269 labels. Ratio: 0.25445484037801497
Files already downloaded and verified
3255 originally labeled samples, 8988 new samples, and 150527 unlabeled samples. Total: 162770
Epoch 11
 94.30% | time: 830.5s (527.3m) | step:   7194 | train acc: 1.000 | train loss: 0.000 |test acc: 0.668 (0.642, 0.710) | test eod gap: 0.1330
 94.30% | time:   1.5s (527.3m) | step:   7194 | train acc: 1.000 | train loss: 0.000 |val acc: 0.677 (0.659, 0.707) | val eod gap: 0.0958
begin calculating influence
[Strategy 5] Acc of expected label: 0.8184848484848485
calculating influence -- done
Use 5481 samples. Get 6221 labels. Ratio: 0.8810480630123775
Files already downloaded and verified
3255 originally labeled samples, 2272 new samples, and 3228 unlabeled samples. Total: 8755
begin calculating influence
[Strategy 5] Acc of expected label: 0.6707421875
calculating influence -- done
[ADD ORG DATA] Use 5481 samples. Get 21820 labels. Ratio: 0.25119156736938586
Files already downloaded and verified
3255 originally labeled samples, 9244 new samples, and 150271 unlabeled samples. Total: 162770
 96.92% | time: 837.8s (541.3m) | step:   7394 | train acc: 1.000 | train loss: 0.000 |test acc: 0.665 (0.607, 0.757) | test eod gap: 0.1438
 96.92% | time:   1.5s (541.3m) | step:   7394 | train acc: 1.000 | train loss: 0.000 |val acc: 0.683 (0.644, 0.744) | val eod gap: 0.0746
begin calculating influence
calculating influence -- done
length of new labels 363
Use 5175+363 = 5538 samples.
Files already downloaded and verified
3255 originally labeled samples, 2329 new samples, and 3171 unlabeled samples. Total: 8755
begin calculating influence
[Strategy 5] Acc of expected label: 0.6625390625
calculating influence -- done
[ADD ORG DATA] Use 5538 samples. Get 22297 labels. Ratio: 0.2483742207471857
Files already downloaded and verified
3255 originally labeled samples, 9500 new samples, and 150015 unlabeled samples. Total: 162770
 99.54% | time: 750.9s (553.8m) | step:   7594 | train acc: 1.000 | train loss: 0.003 |test acc: 0.659 (0.601, 0.750) | test eod gap: 0.1319
 99.54% | time:   2.7s (553.8m) | step:   7594 | train acc: 1.000 | train loss: 0.003 |val acc: 0.686 (0.638, 0.765) | val eod gap: 0.0968
begin calculating influence
calculating influence -- done
length of new labels 425
Use 5175+425 = 5600 samples.
Files already downloaded and verified
3255 originally labeled samples, 2391 new samples, and 3109 unlabeled samples. Total: 8755
begin calculating influence
[Strategy 5] Acc of expected label: 0.6591796875
calculating influence -- done
[ADD ORG DATA] Use 5600 samples. Get 22759 labels. Ratio: 0.24605650511885407
Files already downloaded and verified
3255 originally labeled samples, 9756 new samples, and 149759 unlabeled samples. Total: 162770
100.00% | time: 523.2s (562.6m) | step:   7629 | train acc: 1.000 | train loss: 0.000 |test acc: 0.684 (0.652, 0.735) | test eod gap: 0.1639
100.00% | time:   1.3s (562.6m) | step:   7629 | train acc: 1.000 | train loss: 0.000 |val acc: 0.706 (0.682, 0.742) | val eod gap: 0.1393
begin calculating influence
calculating influence -- done
length of new labels 449
Use 5174+449 = 5623 samples.
Files already downloaded and verified
3255 originally labeled samples, 2415 new samples, and 3085 unlabeled samples. Total: 8755
begin calculating influence
[Strategy 5] Acc of expected label: 0.6765625
calculating influence -- done
[ADD ORG DATA] Use 5623 samples. Get 23275 labels. Ratio: 0.24158968850698173
Files already downloaded and verified
3255 originally labeled samples, 10012 new samples, and 149503 unlabeled samples. Total: 162770
