Files already downloaded and verified
3255 originally labeled samples, 0 new samples, and 5500 unlabeled samples. Total: 8755
Files already downloaded and verified
3255 originally labeled samples, 0 new samples, and 159515 unlabeled samples. Total: 162770
Files already downloaded and verified
1996 originally labeled samples, 0 new samples, and 17966 unlabeled samples. Total: 19962
Numer of layers 200
train net...
train with 162770 samples (with replacement) in one epoch
Epoch 0
  2.62% | time: 100.1s (  1.7m) | step:    200 | train acc: 0.930 | train loss: 0.166 |warm_t acc: 0.681 (0.694, 0.661) | warm_t dp gap: 0.4018
  2.62% | time:   4.9s (  1.8m) | step:    200 | train acc: 0.930 | train loss: 0.166 |warm_v acc: 0.692 (0.704, 0.671) | warm_v dp gap: 0.3936
  5.24% | time:  82.0s (  3.1m) | step:    400 | train acc: 0.793 | train loss: 0.470 |warm_t acc: 0.666 (0.703, 0.605) | warm_t dp gap: 0.3363
  5.24% | time:   1.3s (  3.1m) | step:    400 | train acc: 0.793 | train loss: 0.470 |warm_v acc: 0.661 (0.690, 0.616) | warm_v dp gap: 0.3225
  7.86% | time:  87.2s (  4.6m) | step:    600 | train acc: 1.000 | train loss: 0.006 |warm_t acc: 0.695 (0.677, 0.724) | warm_t dp gap: 0.3869
  7.86% | time:   1.3s (  4.6m) | step:    600 | train acc: 1.000 | train loss: 0.006 |warm_v acc: 0.698 (0.691, 0.710) | warm_v dp gap: 0.3941
  8.32% | time:  26.8s (  5.1m) | step:    635 | train acc: 1.000 | train loss: 0.003 |warm_t acc: 0.695 (0.683, 0.715) | warm_t dp gap: 0.3887
  8.32% | time:   2.1s (  5.1m) | step:    635 | train acc: 1.000 | train loss: 0.003 |warm_v acc: 0.698 (0.683, 0.721) | warm_v dp gap: 0.3737
Epoch 1
 10.95% | time:  90.5s (  6.6m) | step:    835 | train acc: 1.000 | train loss: 0.000 |warm_t acc: 0.694 (0.682, 0.711) | warm_t dp gap: 0.3948
 10.95% | time:   1.4s (  6.6m) | step:    835 | train acc: 1.000 | train loss: 0.000 |warm_v acc: 0.695 (0.692, 0.699) | warm_v dp gap: 0.3714
 13.57% | time:  82.9s (  8.0m) | step:   1035 | train acc: 1.000 | train loss: 0.000 |warm_t acc: 0.694 (0.682, 0.713) | warm_t dp gap: 0.3954
 13.57% | time:   1.4s (  8.0m) | step:   1035 | train acc: 1.000 | train loss: 0.000 |warm_v acc: 0.689 (0.681, 0.701) | warm_v dp gap: 0.3953
 16.19% | time:  85.7s (  9.5m) | step:   1235 | train acc: 1.000 | train loss: 0.000 |warm_t acc: 0.694 (0.683, 0.712) | warm_t dp gap: 0.3953
 16.19% | time:   1.3s (  9.5m) | step:   1235 | train acc: 1.000 | train loss: 0.000 |warm_v acc: 0.684 (0.674, 0.699) | warm_v dp gap: 0.3714
 16.65% | time:  23.2s (  9.9m) | step:   1270 | train acc: 1.000 | train loss: 0.000 |warm_t acc: 0.694 (0.683, 0.712) | warm_t dp gap: 0.3956
 16.65% | time:   1.7s (  9.9m) | step:   1270 | train acc: 1.000 | train loss: 0.000 |warm_v acc: 0.694 (0.692, 0.697) | warm_v dp gap: 0.3768
Epoch 2
 19.28% | time:  82.1s ( 11.3m) | step:   1471 | train acc: 1.000 | train loss: 0.000 |test acc: 0.694 (0.682, 0.713) | test dp gap: 0.3955
 19.28% | time:   1.2s ( 11.3m) | step:   1471 | train acc: 1.000 | train loss: 0.000 |val acc: 0.702 (0.701, 0.704) | val dp gap: 0.3947
begin calculating influence
selected layers: [Traced<ShapedArray(float32[768])>with<DynamicJaxprTrace(level=0/1)>, Traced<ShapedArray(float32[8,8,3,768])>with<DynamicJaxprTrace(level=0/1)>, Traced<ShapedArray(float32[2])>with<DynamicJaxprTrace(level=0/1)>, Traced<ShapedArray(float32[768,2])>with<DynamicJaxprTrace(level=0/1)>]
[Strategy 5] Acc of expected label: 0.766
calculating influence -- done
Use 3506 samples. Get 3542 labels. Ratio: 0.9898362507058159
Files already downloaded and verified
3255 originally labeled samples, 256 new samples, and 5244 unlabeled samples. Total: 8755
begin calculating influence
[Strategy 5] Acc of expected label: 0.7059375
calculating influence -- done
[ADD ORG DATA] Use 3506 samples. Get 3842 labels. Ratio: 0.9125455491931286
Files already downloaded and verified
3255 originally labeled samples, 256 new samples, and 159259 unlabeled samples. Total: 162770
 21.90% | time: 969.9s ( 27.5m) | step:   1671 | train acc: 1.000 | train loss: 0.001 |test acc: 0.673 (0.641, 0.724) | test dp gap: 0.3560
 21.90% | time:   1.2s ( 27.5m) | step:   1671 | train acc: 1.000 | train loss: 0.001 |val acc: 0.671 (0.632, 0.735) | val dp gap: 0.3745
begin calculating influence
[Strategy 5] Acc of expected label: 0.8674675819984744
calculating influence -- done
Use 3513 samples. Get 3558 labels. Ratio: 0.9873524451939292
Files already downloaded and verified
3255 originally labeled samples, 263 new samples, and 5237 unlabeled samples. Total: 8755
begin calculating influence
[Strategy 5] Acc of expected label: 0.680078125
calculating influence -- done
[ADD ORG DATA] Use 3513 samples. Get 4223 labels. Ratio: 0.8318730760123135
Files already downloaded and verified
3255 originally labeled samples, 512 new samples, and 159003 unlabeled samples. Total: 162770
 24.52% | time: 912.4s ( 42.7m) | step:   1871 | train acc: 0.969 | train loss: 0.091 |test acc: 0.670 (0.658, 0.690) | test dp gap: 0.3325
 24.52% | time:   1.2s ( 42.7m) | step:   1871 | train acc: 0.969 | train loss: 0.091 |val acc: 0.676 (0.668, 0.689) | val dp gap: 0.3368
begin calculating influence
[Strategy 5] Acc of expected label: 0.8023677678059958
calculating influence -- done
Use 3524 samples. Get 3579 labels. Ratio: 0.9846325789326628
Files already downloaded and verified
3255 originally labeled samples, 274 new samples, and 5226 unlabeled samples. Total: 8755
begin calculating influence
[Strategy 5] Acc of expected label: 0.6841796875
calculating influence -- done
[ADD ORG DATA] Use 3524 samples. Get 4886 labels. Ratio: 0.7212443716741711
Files already downloaded and verified
3255 originally labeled samples, 768 new samples, and 158747 unlabeled samples. Total: 162770
 24.98% | time: 850.9s ( 56.9m) | step:   1906 | train acc: 1.000 | train loss: 0.001 |test acc: 0.685 (0.670, 0.709) | test dp gap: 0.3835
 24.98% | time:   1.3s ( 56.9m) | step:   1906 | train acc: 1.000 | train loss: 0.001 |val acc: 0.696 (0.672, 0.733) | val dp gap: 0.3724
begin calculating influence
[Strategy 5] Acc of expected label: 0.851894374282434
calculating influence -- done
Use 3527 samples. Get 3586 labels. Ratio: 0.9835471277189068
Files already downloaded and verified
3255 originally labeled samples, 278 new samples, and 5222 unlabeled samples. Total: 8755
begin calculating influence
[Strategy 5] Acc of expected label: 0.70046875
calculating influence -- done
[ADD ORG DATA] Use 3527 samples. Get 5554 labels. Ratio: 0.6350378105869644
Files already downloaded and verified
3255 originally labeled samples, 1024 new samples, and 158491 unlabeled samples. Total: 162770
Epoch 3
 27.62% | time: 909.8s ( 72.1m) | step:   2107 | train acc: 0.883 | train loss: 0.225 |test acc: 0.674 (0.652, 0.708) | test dp gap: 0.3238
 27.62% | time:   1.2s ( 72.1m) | step:   2107 | train acc: 0.883 | train loss: 0.225 |val acc: 0.704 (0.681, 0.740) | val dp gap: 0.3221
begin calculating influence
[Strategy 5] Acc of expected label: 0.8510149368058215
calculating influence -- done
Use 3549 samples. Get 3661 labels. Ratio: 0.9694072657743786
Files already downloaded and verified
3255 originally labeled samples, 300 new samples, and 5200 unlabeled samples. Total: 8755
begin calculating influence
[Strategy 5] Acc of expected label: 0.6808984375
calculating influence -- done
[ADD ORG DATA] Use 3549 samples. Get 6103 labels. Ratio: 0.5815172865803703
Files already downloaded and verified
3255 originally labeled samples, 1280 new samples, and 158235 unlabeled samples. Total: 162770
 30.24% | time: 916.7s ( 87.4m) | step:   2307 | train acc: 0.980 | train loss: 0.055 |test acc: 0.682 (0.668, 0.705) | test dp gap: 0.3557
 30.24% | time:   1.3s ( 87.4m) | step:   2307 | train acc: 0.980 | train loss: 0.055 |val acc: 0.687 (0.655, 0.738) | val dp gap: 0.3547
begin calculating influence
[Strategy 5] Acc of expected label: 0.8323076923076923
calculating influence -- done
Use 3691 samples. Get 3828 labels. Ratio: 0.9642110762800418
Files already downloaded and verified
3255 originally labeled samples, 444 new samples, and 5056 unlabeled samples. Total: 8755
begin calculating influence
[Strategy 5] Acc of expected label: 0.6921875
calculating influence -- done
[ADD ORG DATA] Use 3691 samples. Get 6679 labels. Ratio: 0.5526276388680941
Files already downloaded and verified
3255 originally labeled samples, 1536 new samples, and 157979 unlabeled samples. Total: 162770
 32.86% | time: 919.1s (102.7m) | step:   2507 | train acc: 1.000 | train loss: 0.001 |test acc: 0.685 (0.660, 0.725) | test dp gap: 0.3634
 32.86% | time:   1.5s (102.7m) | step:   2507 | train acc: 1.000 | train loss: 0.001 |val acc: 0.692 (0.667, 0.732) | val dp gap: 0.3588
begin calculating influence
[Strategy 5] Acc of expected label: 0.8463212025316456
calculating influence -- done
Use 3709 samples. Get 3884 labels. Ratio: 0.9549433573635427
Files already downloaded and verified
3255 originally labeled samples, 462 new samples, and 5038 unlabeled samples. Total: 8755
begin calculating influence
[Strategy 5] Acc of expected label: 0.6908984375
calculating influence -- done
[ADD ORG DATA] Use 3709 samples. Get 7294 labels. Ratio: 0.5085001370989854
Files already downloaded and verified
3255 originally labeled samples, 1792 new samples, and 157723 unlabeled samples. Total: 162770
 33.32% | time: 845.4s (116.8m) | step:   2542 | train acc: 1.000 | train loss: 0.000 |test acc: 0.684 (0.659, 0.723) | test dp gap: 0.3613
 33.32% | time:   1.3s (116.8m) | step:   2542 | train acc: 1.000 | train loss: 0.000 |val acc: 0.688 (0.660, 0.732) | val dp gap: 0.3436
begin calculating influence
[Strategy 5] Acc of expected label: 0.8366415244144502
calculating influence -- done
Use 3735 samples. Get 3923 labels. Ratio: 0.9520774917155238
Files already downloaded and verified
3255 originally labeled samples, 488 new samples, and 5012 unlabeled samples. Total: 8755
begin calculating influence
[Strategy 5] Acc of expected label: 0.6931640625
calculating influence -- done
[ADD ORG DATA] Use 3735 samples. Get 7783 labels. Ratio: 0.4798920724656302
Files already downloaded and verified
3255 originally labeled samples, 2048 new samples, and 157467 unlabeled samples. Total: 162770
Epoch 4
 35.95% | time: 917.1s (132.1m) | step:   2743 | train acc: 1.000 | train loss: 0.001 |test acc: 0.679 (0.660, 0.709) | test dp gap: 0.3505
 35.95% | time:   1.4s (132.1m) | step:   2743 | train acc: 1.000 | train loss: 0.001 |val acc: 0.690 (0.668, 0.724) | val dp gap: 0.3300
begin calculating influence
[Strategy 5] Acc of expected label: 0.8389864325618516
calculating influence -- done
Use 3808 samples. Get 4013 labels. Ratio: 0.9489160229254922
Files already downloaded and verified
3255 originally labeled samples, 563 new samples, and 4937 unlabeled samples. Total: 8755
begin calculating influence
[Strategy 5] Acc of expected label: 0.68359375
calculating influence -- done
[ADD ORG DATA] Use 3808 samples. Get 8350 labels. Ratio: 0.4560479041916168
Files already downloaded and verified
3255 originally labeled samples, 2304 new samples, and 157211 unlabeled samples. Total: 162770
 38.58% | time: 938.0s (147.8m) | step:   2943 | train acc: 0.973 | train loss: 0.041 |test acc: 0.664 (0.637, 0.707) | test dp gap: 0.2712
 38.58% | time:   1.3s (147.8m) | step:   2943 | train acc: 0.973 | train loss: 0.041 |val acc: 0.671 (0.659, 0.691) | val dp gap: 0.2782
begin calculating influence
[Strategy 5] Acc of expected label: 0.8740125582337452
calculating influence -- done
Use 3866 samples. Get 4100 labels. Ratio: 0.9429268292682926
Files already downloaded and verified
3255 originally labeled samples, 622 new samples, and 4878 unlabeled samples. Total: 8755
begin calculating influence
[Strategy 5] Acc of expected label: 0.6663671875
calculating influence -- done
[ADD ORG DATA] Use 3866 samples. Get 8970 labels. Ratio: 0.4309921962095875
Files already downloaded and verified
3255 originally labeled samples, 2560 new samples, and 156955 unlabeled samples. Total: 162770
 41.20% | time: 933.8s (163.4m) | step:   3143 | train acc: 1.000 | train loss: 0.001 |test acc: 0.646 (0.609, 0.705) | test dp gap: 0.2286
 41.20% | time:   1.4s (163.4m) | step:   3143 | train acc: 1.000 | train loss: 0.001 |val acc: 0.656 (0.613, 0.724) | val dp gap: 0.2450
begin calculating influence
[Strategy 5] Acc of expected label: 0.8667486674866749
calculating influence -- done
Use 3871 samples. Get 4117 labels. Ratio: 0.9402477532183628
Files already downloaded and verified
3255 originally labeled samples, 627 new samples, and 4873 unlabeled samples. Total: 8755
begin calculating influence
[Strategy 5] Acc of expected label: 0.6480078125
calculating influence -- done
[ADD ORG DATA] Use 3871 samples. Get 9267 labels. Ratio: 0.4177187870939894
Files already downloaded and verified
3255 originally labeled samples, 2710 new samples, and 156805 unlabeled samples. Total: 162770
 41.66% | time: 844.8s (177.5m) | step:   3178 | train acc: 1.000 | train loss: 0.001 |test acc: 0.648 (0.635, 0.669) | test dp gap: 0.2306
 41.66% | time:   1.5s (177.5m) | step:   3178 | train acc: 1.000 | train loss: 0.001 |val acc: 0.669 (0.647, 0.704) | val dp gap: 0.2456
begin calculating influence
[Strategy 5] Acc of expected label: 0.8471167658526575
calculating influence -- done
Use 3970 samples. Get 4230 labels. Ratio: 0.9385342789598109
Files already downloaded and verified
3255 originally labeled samples, 728 new samples, and 4772 unlabeled samples. Total: 8755
begin calculating influence
[Strategy 5] Acc of expected label: 0.6557421875
calculating influence -- done
[ADD ORG DATA] Use 3970 samples. Get 9889 labels. Ratio: 0.40145616341389423
Files already downloaded and verified
3255 originally labeled samples, 2966 new samples, and 156549 unlabeled samples. Total: 162770
Epoch 5
 44.29% | time: 915.8s (192.8m) | step:   3379 | train acc: 1.000 | train loss: 0.001 |test acc: 0.642 (0.590, 0.725) | test dp gap: 0.2062
 44.29% | time:   1.4s (192.8m) | step:   3379 | train acc: 1.000 | train loss: 0.001 |val acc: 0.658 (0.607, 0.736) | val dp gap: 0.2275
begin calculating influence
[Strategy 5] Acc of expected label: 0.8619027661357921
calculating influence -- done
Use 3985 samples. Get 4257 labels. Ratio: 0.9361052384308198
Files already downloaded and verified
3255 originally labeled samples, 743 new samples, and 4757 unlabeled samples. Total: 8755
begin calculating influence
[Strategy 5] Acc of expected label: 0.6395703125
calculating influence -- done
[ADD ORG DATA] Use 3985 samples. Get 10462 labels. Ratio: 0.38090231313324413
Files already downloaded and verified
3255 originally labeled samples, 3222 new samples, and 156293 unlabeled samples. Total: 162770
 46.91% | time: 918.1s (208.1m) | step:   3579 | train acc: 1.000 | train loss: 0.000 |test acc: 0.658 (0.626, 0.709) | test dp gap: 0.2424
 46.91% | time:   1.5s (208.1m) | step:   3579 | train acc: 1.000 | train loss: 0.000 |val acc: 0.670 (0.636, 0.722) | val dp gap: 0.2340
begin calculating influence
[Strategy 5] Acc of expected label: 0.8566323313012403
calculating influence -- done
Use 3996 samples. Get 4277 labels. Ratio: 0.9342997428103811
Files already downloaded and verified
3255 originally labeled samples, 754 new samples, and 4746 unlabeled samples. Total: 8755
begin calculating influence
[Strategy 5] Acc of expected label: 0.66640625
calculating influence -- done
[ADD ORG DATA] Use 3996 samples. Get 11072 labels. Ratio: 0.3609104046242775
Files already downloaded and verified
3255 originally labeled samples, 3478 new samples, and 156037 unlabeled samples. Total: 162770
 49.53% | time: 908.5s (223.2m) | step:   3779 | train acc: 1.000 | train loss: 0.000 |test acc: 0.660 (0.612, 0.737) | test dp gap: 0.2602
 49.53% | time:   1.3s (223.3m) | step:   3779 | train acc: 1.000 | train loss: 0.000 |val acc: 0.677 (0.624, 0.760) | val dp gap: 0.2492
begin calculating influence
[Strategy 5] Acc of expected label: 0.8676780446691951
calculating influence -- done
Use 4004 samples. Get 4306 labels. Ratio: 0.9298653042266605
Files already downloaded and verified
3255 originally labeled samples, 763 new samples, and 4737 unlabeled samples. Total: 8755
begin calculating influence
[Strategy 5] Acc of expected label: 0.66421875
calculating influence -- done
[ADD ORG DATA] Use 4004 samples. Get 11599 labels. Ratio: 0.3452021726010863
Files already downloaded and verified
3255 originally labeled samples, 3734 new samples, and 155781 unlabeled samples. Total: 162770
 49.99% | time: 830.9s (237.1m) | step:   3814 | train acc: 1.000 | train loss: 0.000 |test acc: 0.629 (0.595, 0.683) | test dp gap: 0.1870
 49.99% | time:   3.4s (237.2m) | step:   3814 | train acc: 1.000 | train loss: 0.000 |val acc: 0.652 (0.624, 0.696) | val dp gap: 0.1367
begin calculating influence
[Strategy 5] Acc of expected label: 0.8579269579902892
calculating influence -- done
Use 4029 samples. Get 4337 labels. Ratio: 0.9289831680885404
Files already downloaded and verified
3255 originally labeled samples, 790 new samples, and 4710 unlabeled samples. Total: 8755
begin calculating influence
[Strategy 5] Acc of expected label: 0.6419921875
calculating influence -- done
[ADD ORG DATA] Use 4029 samples. Get 12263 labels. Ratio: 0.32854929462611104
Files already downloaded and verified
3255 originally labeled samples, 3990 new samples, and 155525 unlabeled samples. Total: 162770
Epoch 6
 52.62% | time: 912.2s (252.4m) | step:   4014 | train acc: 1.000 | train loss: 0.001 |test acc: 0.606 (0.537, 0.717) | test dp gap: 0.1693
 52.62% | time:   1.5s (252.4m) | step:   4014 | train acc: 1.000 | train loss: 0.001 |val acc: 0.635 (0.574, 0.732) | val dp gap: 0.1558
begin calculating influence
[Strategy 5] Acc of expected label: 0.867515923566879
calculating influence -- done
Use 4038 samples. Get 4361 labels. Ratio: 0.9259344187113048
Files already downloaded and verified
3255 originally labeled samples, 800 new samples, and 4700 unlabeled samples. Total: 8755
begin calculating influence
[Strategy 5] Acc of expected label: 0.610703125
calculating influence -- done
[ADD ORG DATA] Use 4038 samples. Get 12826 labels. Ratio: 0.3148292530796819
Files already downloaded and verified
3255 originally labeled samples, 4246 new samples, and 155269 unlabeled samples. Total: 162770
 55.24% | time: 887.9s (267.2m) | step:   4214 | train acc: 1.000 | train loss: 0.000 |test acc: 0.650 (0.617, 0.702) | test dp gap: 0.2365
 55.24% | time:   1.4s (267.2m) | step:   4214 | train acc: 1.000 | train loss: 0.000 |val acc: 0.680 (0.644, 0.739) | val dp gap: 0.2135
begin calculating influence
[Strategy 5] Acc of expected label: 0.8619148936170212
calculating influence -- done
Use 4042 samples. Get 4372 labels. Ratio: 0.92451967063129
Files already downloaded and verified
3255 originally labeled samples, 804 new samples, and 4696 unlabeled samples. Total: 8755
begin calculating influence
[Strategy 5] Acc of expected label: 0.6589453125
calculating influence -- done
[ADD ORG DATA] Use 4042 samples. Get 13323 labels. Ratio: 0.3033851234706898
Files already downloaded and verified
3255 originally labeled samples, 4502 new samples, and 155013 unlabeled samples. Total: 162770
 57.86% | time: 905.4s (282.3m) | step:   4414 | train acc: 1.000 | train loss: 0.000 |test acc: 0.652 (0.632, 0.684) | test dp gap: 0.2525
 57.86% | time:   1.4s (282.3m) | step:   4414 | train acc: 1.000 | train loss: 0.000 |val acc: 0.665 (0.632, 0.716) | val dp gap: 0.2188
begin calculating influence
[Strategy 5] Acc of expected label: 0.856473594548552
calculating influence -- done
Use 4053 samples. Get 4384 labels. Ratio: 0.9244981751824818
Files already downloaded and verified
3255 originally labeled samples, 815 new samples, and 4685 unlabeled samples. Total: 8755
begin calculating influence
[Strategy 5] Acc of expected label: 0.664765625
calculating influence -- done
[ADD ORG DATA] Use 4053 samples. Get 13945 labels. Ratio: 0.29064180709931875
Files already downloaded and verified
3255 originally labeled samples, 4758 new samples, and 154757 unlabeled samples. Total: 162770
 58.32% | time: 832.1s (296.2m) | step:   4449 | train acc: 0.949 | train loss: 0.123 |test acc: 0.649 (0.615, 0.702) | test dp gap: 0.2230
 58.32% | time:   1.4s (296.2m) | step:   4449 | train acc: 0.949 | train loss: 0.123 |val acc: 0.669 (0.634, 0.721) | val dp gap: 0.1929
begin calculating influence
[Strategy 5] Acc of expected label: 0.8663820704375667
calculating influence -- done
Use 4063 samples. Get 4402 labels. Ratio: 0.9229895502044525
Files already downloaded and verified
3255 originally labeled samples, 825 new samples, and 4675 unlabeled samples. Total: 8755
begin calculating influence
[Strategy 5] Acc of expected label: 0.6536328125
calculating influence -- done
[ADD ORG DATA] Use 4063 samples. Get 14562 labels. Ratio: 0.27901387172091746
Files already downloaded and verified
3255 originally labeled samples, 5014 new samples, and 154501 unlabeled samples. Total: 162770
Epoch 7
 60.95% | time: 896.4s (311.2m) | step:   4650 | train acc: 1.000 | train loss: 0.000 |test acc: 0.654 (0.646, 0.667) | test dp gap: 0.2456
 60.95% | time:   1.4s (311.2m) | step:   4650 | train acc: 1.000 | train loss: 0.000 |val acc: 0.671 (0.660, 0.689) | val dp gap: 0.2057
begin calculating influence
[Strategy 5] Acc of expected label: 0.853903743315508
calculating influence -- done
Use 4103 samples. Get 4445 labels. Ratio: 0.9230596175478065
Files already downloaded and verified
3255 originally labeled samples, 865 new samples, and 4635 unlabeled samples. Total: 8755
begin calculating influence
[Strategy 5] Acc of expected label: 0.661171875
calculating influence -- done
[ADD ORG DATA] Use 4103 samples. Get 15266 labels. Ratio: 0.2687671950740207
Files already downloaded and verified
3255 originally labeled samples, 5270 new samples, and 154245 unlabeled samples. Total: 162770
 63.57% | time: 890.1s (326.0m) | step:   4850 | train acc: 1.000 | train loss: 0.000 |test acc: 0.649 (0.627, 0.684) | test dp gap: 0.2357
 63.57% | time:   1.4s (326.1m) | step:   4850 | train acc: 1.000 | train loss: 0.000 |val acc: 0.665 (0.643, 0.698) | val dp gap: 0.1933
begin calculating influence
[Strategy 5] Acc of expected label: 0.8580366774541531
calculating influence -- done
Use 4129 samples. Get 4474 labels. Ratio: 0.9228877961555655
Files already downloaded and verified
3255 originally labeled samples, 892 new samples, and 4608 unlabeled samples. Total: 8755
begin calculating influence
[Strategy 5] Acc of expected label: 0.65875
calculating influence -- done
[ADD ORG DATA] Use 4129 samples. Get 15888 labels. Ratio: 0.2598816717019134
Files already downloaded and verified
3255 originally labeled samples, 5526 new samples, and 153989 unlabeled samples. Total: 162770
 66.19% | time: 902.7s (341.1m) | step:   5050 | train acc: 1.000 | train loss: 0.000 |test acc: 0.653 (0.625, 0.696) | test dp gap: 0.2515
 66.19% | time:   1.5s (341.1m) | step:   5050 | train acc: 1.000 | train loss: 0.000 |val acc: 0.671 (0.639, 0.719) | val dp gap: 0.1920
begin calculating influence
[Strategy 5] Acc of expected label: 0.8648003472222222
calculating influence -- done
Use 4135 samples. Get 4488 labels. Ratio: 0.9213458110516934
Files already downloaded and verified
3255 originally labeled samples, 898 new samples, and 4602 unlabeled samples. Total: 8755
begin calculating influence
[Strategy 5] Acc of expected label: 0.6573046875
calculating influence -- done
[ADD ORG DATA] Use 4135 samples. Get 16398 labels. Ratio: 0.252164898158312
Files already downloaded and verified
3255 originally labeled samples, 5723 new samples, and 153792 unlabeled samples. Total: 162770
 66.65% | time: 826.1s (354.9m) | step:   5085 | train acc: 1.000 | train loss: 0.000 |test acc: 0.617 (0.571, 0.691) | test dp gap: 0.1663
 66.65% | time:   1.4s (354.9m) | step:   5085 | train acc: 1.000 | train loss: 0.000 |val acc: 0.639 (0.590, 0.716) | val dp gap: 0.1428
begin calculating influence
[Strategy 5] Acc of expected label: 0.8598435462842242
calculating influence -- done
Use 4140 samples. Get 4501 labels. Ratio: 0.9197956009775605
Files already downloaded and verified
3255 originally labeled samples, 903 new samples, and 4597 unlabeled samples. Total: 8755
begin calculating influence
[Strategy 5] Acc of expected label: 0.6231640625
calculating influence -- done
[ADD ORG DATA] Use 4140 samples. Get 16882 labels. Ratio: 0.2452316076294278
Files already downloaded and verified
3255 originally labeled samples, 5979 new samples, and 153536 unlabeled samples. Total: 162770
Epoch 8
 69.29% | time: 905.0s (370.0m) | step:   5286 | train acc: 0.965 | train loss: 0.086 |test acc: 0.622 (0.586, 0.679) | test dp gap: 0.1788
 69.29% | time:   1.2s (370.0m) | step:   5286 | train acc: 0.965 | train loss: 0.086 |val acc: 0.653 (0.618, 0.707) | val dp gap: 0.1649
begin calculating influence
[Strategy 5] Acc of expected label: 0.8590385033717642
calculating influence -- done
Use 4144 samples. Get 4510 labels. Ratio: 0.9188470066518847
Files already downloaded and verified
3255 originally labeled samples, 907 new samples, and 4593 unlabeled samples. Total: 8755
begin calculating influence
[Strategy 5] Acc of expected label: 0.627421875
calculating influence -- done
[ADD ORG DATA] Use 4144 samples. Get 17435 labels. Ratio: 0.23768282190995124
Files already downloaded and verified
3255 originally labeled samples, 6235 new samples, and 153280 unlabeled samples. Total: 162770
 71.91% | time: 894.4s (384.9m) | step:   5486 | train acc: 1.000 | train loss: 0.000 |test acc: 0.622 (0.621, 0.624) | test dp gap: 0.1759
 71.91% | time:   1.5s (384.9m) | step:   5486 | train acc: 1.000 | train loss: 0.000 |val acc: 0.644 (0.643, 0.645) | val dp gap: 0.1345
begin calculating influence
[Strategy 5] Acc of expected label: 0.8595689092096669
calculating influence -- done
Use 4232 samples. Get 4588 labels. Ratio: 0.9224062772449869
Files already downloaded and verified
3255 originally labeled samples, 996 new samples, and 4504 unlabeled samples. Total: 8755
begin calculating influence
[Strategy 5] Acc of expected label: 0.63109375
calculating influence -- done
[ADD ORG DATA] Use 4232 samples. Get 18084 labels. Ratio: 0.23401902234019023
Files already downloaded and verified
3255 originally labeled samples, 6491 new samples, and 153024 unlabeled samples. Total: 162770
 74.53% | time: 906.2s (400.1m) | step:   5686 | train acc: 1.000 | train loss: 0.000 |test acc: 0.617 (0.575, 0.685) | test dp gap: 0.1527
 74.53% | time:   1.4s (400.1m) | step:   5686 | train acc: 1.000 | train loss: 0.000 |val acc: 0.637 (0.603, 0.692) | val dp gap: 0.1174
begin calculating influence
[Strategy 5] Acc of expected label: 0.8661190053285968
calculating influence -- done
Use 4236 samples. Get 4591 labels. Ratio: 0.9226747985188413
Files already downloaded and verified
3255 originally labeled samples, 1000 new samples, and 4500 unlabeled samples. Total: 8755
begin calculating influence
[Strategy 5] Acc of expected label: 0.61765625
calculating influence -- done
[ADD ORG DATA] Use 4236 samples. Get 18659 labels. Ratio: 0.2270218125301463
Files already downloaded and verified
3255 originally labeled samples, 6747 new samples, and 152768 unlabeled samples. Total: 162770
 74.99% | time: 816.2s (413.7m) | step:   5721 | train acc: 1.000 | train loss: 0.000 |test acc: 0.664 (0.641, 0.700) | test dp gap: 0.2789
 74.99% | time:   1.5s (413.7m) | step:   5721 | train acc: 1.000 | train loss: 0.000 |val acc: 0.679 (0.664, 0.703) | val dp gap: 0.2487
begin calculating influence
[Strategy 5] Acc of expected label: 0.8691111111111111
calculating influence -- done
Use 4267 samples. Get 4615 labels. Ratio: 0.9245937161430119
Files already downloaded and verified
3255 originally labeled samples, 1035 new samples, and 4465 unlabeled samples. Total: 8755
begin calculating influence
[Strategy 5] Acc of expected label: 0.6745703125
calculating influence -- done
[ADD ORG DATA] Use 4267 samples. Get 19301 labels. Ratio: 0.22107662815398166
Files already downloaded and verified
3255 originally labeled samples, 7003 new samples, and 152512 unlabeled samples. Total: 162770
Epoch 9
 77.62% | time: 895.5s (428.6m) | step:   5922 | train acc: 1.000 | train loss: 0.000 |test acc: 0.653 (0.628, 0.693) | test dp gap: 0.2369
 77.62% | time:   1.4s (428.7m) | step:   5922 | train acc: 1.000 | train loss: 0.000 |val acc: 0.669 (0.645, 0.704) | val dp gap: 0.2091
begin calculating influence
[Strategy 5] Acc of expected label: 0.8656215005599104
calculating influence -- done
Use 4340 samples. Get 4682 labels. Ratio: 0.9269542930371636
Files already downloaded and verified
3255 originally labeled samples, 1109 new samples, and 4391 unlabeled samples. Total: 8755
begin calculating influence
[Strategy 5] Acc of expected label: 0.6599609375
calculating influence -- done
[ADD ORG DATA] Use 4340 samples. Get 19826 labels. Ratio: 0.21890446887924947
Files already downloaded and verified
3255 originally labeled samples, 7259 new samples, and 152256 unlabeled samples. Total: 162770
 80.25% | time: 893.5s (443.5m) | step:   6122 | train acc: 1.000 | train loss: 0.000 |test acc: 0.632 (0.589, 0.700) | test dp gap: 0.1817
 80.25% | time:   1.2s (443.6m) | step:   6122 | train acc: 1.000 | train loss: 0.000 |val acc: 0.652 (0.605, 0.727) | val dp gap: 0.1445
begin calculating influence
[Strategy 5] Acc of expected label: 0.8660897289911182
calculating influence -- done
Use 4348 samples. Get 4688 labels. Ratio: 0.9274744027303754
Files already downloaded and verified
3255 originally labeled samples, 1118 new samples, and 4382 unlabeled samples. Total: 8755
begin calculating influence
[Strategy 5] Acc of expected label: 0.6340234375
calculating influence -- done
[ADD ORG DATA] Use 4348 samples. Get 20359 labels. Ratio: 0.21356648165430522
Files already downloaded and verified
3255 originally labeled samples, 7515 new samples, and 152000 unlabeled samples. Total: 162770
 82.87% | time: 886.7s (458.3m) | step:   6322 | train acc: 1.000 | train loss: 0.000 |test acc: 0.641 (0.604, 0.701) | test dp gap: 0.2034
 82.87% | time:   1.2s (458.4m) | step:   6322 | train acc: 1.000 | train loss: 0.000 |val acc: 0.658 (0.614, 0.725) | val dp gap: 0.1760
begin calculating influence
[Strategy 5] Acc of expected label: 0.8719762665449566
calculating influence -- done
Use 4350 samples. Get 4690 labels. Ratio: 0.9275053304904051
Files already downloaded and verified
3255 originally labeled samples, 1120 new samples, and 4380 unlabeled samples. Total: 8755
begin calculating influence
[Strategy 5] Acc of expected label: 0.6428125
calculating influence -- done
[ADD ORG DATA] Use 4350 samples. Get 20936 labels. Ratio: 0.20777607948032098
Files already downloaded and verified
3255 originally labeled samples, 7771 new samples, and 151744 unlabeled samples. Total: 162770
 83.33% | time: 832.4s (472.2m) | step:   6357 | train acc: 1.000 | train loss: 0.000 |test acc: 0.641 (0.615, 0.683) | test dp gap: 0.2093
 83.33% | time:   1.3s (472.3m) | step:   6357 | train acc: 1.000 | train loss: 0.000 |val acc: 0.651 (0.630, 0.683) | val dp gap: 0.1745
begin calculating influence
[Strategy 5] Acc of expected label: 0.8703196347031964
calculating influence -- done
Use 4354 samples. Get 4694 labels. Ratio: 0.9275671069450362
Files already downloaded and verified
3255 originally labeled samples, 1124 new samples, and 4376 unlabeled samples. Total: 8755
begin calculating influence
[Strategy 5] Acc of expected label: 0.6448828125
calculating influence -- done
[ADD ORG DATA] Use 4354 samples. Get 21468 labels. Ratio: 0.20281348984535122
Files already downloaded and verified
3255 originally labeled samples, 8027 new samples, and 151488 unlabeled samples. Total: 162770
Epoch 10
 85.96% | time: 886.5s (487.0m) | step:   6558 | train acc: 1.000 | train loss: 0.000 |test acc: 0.643 (0.608, 0.699) | test dp gap: 0.2139
 85.96% | time:   1.2s (487.1m) | step:   6558 | train acc: 1.000 | train loss: 0.000 |val acc: 0.654 (0.619, 0.708) | val dp gap: 0.1504
begin calculating influence
[Strategy 5] Acc of expected label: 0.8697440585009141
calculating influence -- done
Use 4355 samples. Get 4699 labels. Ratio: 0.9267929346669505
Files already downloaded and verified
3255 originally labeled samples, 1125 new samples, and 4375 unlabeled samples. Total: 8755
begin calculating influence
[Strategy 5] Acc of expected label: 0.652109375
calculating influence -- done
[ADD ORG DATA] Use 4355 samples. Get 22031 labels. Ratio: 0.1976760019971858
Files already downloaded and verified
3255 originally labeled samples, 8283 new samples, and 151232 unlabeled samples. Total: 162770
 88.58% | time: 882.5s (501.8m) | step:   6758 | train acc: 1.000 | train loss: 0.000 |test acc: 0.651 (0.626, 0.692) | test dp gap: 0.2305
 88.58% | time:   1.2s (501.8m) | step:   6758 | train acc: 1.000 | train loss: 0.000 |val acc: 0.674 (0.651, 0.710) | val dp gap: 0.1636
begin calculating influence
[Strategy 5] Acc of expected label: 0.8692571428571428
calculating influence -- done
Use 4362 samples. Get 4705 labels. Ratio: 0.9270988310308182
Files already downloaded and verified
3255 originally labeled samples, 1132 new samples, and 4368 unlabeled samples. Total: 8755
begin calculating influence
[Strategy 5] Acc of expected label: 0.654375
calculating influence -- done
[ADD ORG DATA] Use 4362 samples. Get 22520 labels. Ratio: 0.19369449378330372
Files already downloaded and verified
3255 originally labeled samples, 8529 new samples, and 150986 unlabeled samples. Total: 162770
 91.20% | time: 886.7s (516.6m) | step:   6958 | train acc: 1.000 | train loss: 0.000 |test acc: 0.646 (0.615, 0.695) | test dp gap: 0.2163
 91.20% | time:   1.5s (516.6m) | step:   6958 | train acc: 1.000 | train loss: 0.000 |val acc: 0.658 (0.633, 0.697) | val dp gap: 0.1535
begin calculating influence
[Strategy 5] Acc of expected label: 0.8667582417582418
calculating influence -- done
Use 4383 samples. Get 4721 labels. Ratio: 0.9284049989409023
Files already downloaded and verified
3255 originally labeled samples, 1153 new samples, and 4347 unlabeled samples. Total: 8755
begin calculating influence
[Strategy 5] Acc of expected label: 0.653203125
calculating influence -- done
[ADD ORG DATA] Use 4383 samples. Get 23000 labels. Ratio: 0.19056521739130436
Files already downloaded and verified
3255 originally labeled samples, 8785 new samples, and 150730 unlabeled samples. Total: 162770
 91.66% | time: 827.1s (530.4m) | step:   6993 | train acc: 1.000 | train loss: 0.000 |test acc: 0.638 (0.610, 0.683) | test dp gap: 0.1936
 91.66% | time:   1.5s (530.4m) | step:   6993 | train acc: 1.000 | train loss: 0.000 |val acc: 0.646 (0.624, 0.679) | val dp gap: 0.1324
begin calculating influence
[Strategy 5] Acc of expected label: 0.8679549114331723
calculating influence -- done
Use 4407 samples. Get 4745 labels. Ratio: 0.9287671232876712
Files already downloaded and verified
3255 originally labeled samples, 1177 new samples, and 4323 unlabeled samples. Total: 8755
begin calculating influence
[Strategy 5] Acc of expected label: 0.646328125
calculating influence -- done
[ADD ORG DATA] Use 4407 samples. Get 23486 labels. Ratio: 0.18764370263135485
Files already downloaded and verified
3255 originally labeled samples, 9041 new samples, and 150474 unlabeled samples. Total: 162770
Epoch 11
 94.30% | time: 886.4s (545.2m) | step:   7194 | train acc: 1.000 | train loss: 0.000 |test acc: 0.634 (0.596, 0.694) | test dp gap: 0.1873
 94.30% | time:   1.5s (545.2m) | step:   7194 | train acc: 1.000 | train loss: 0.000 |val acc: 0.654 (0.630, 0.691) | val dp gap: 0.1381
begin calculating influence
[Strategy 5] Acc of expected label: 0.8723108952116586
calculating influence -- done
Use 4410 samples. Get 4748 labels. Ratio: 0.9288121314237574
Files already downloaded and verified
3255 originally labeled samples, 1180 new samples, and 4320 unlabeled samples. Total: 8755
begin calculating influence
[Strategy 5] Acc of expected label: 0.6382421875
calculating influence -- done
[ADD ORG DATA] Use 4410 samples. Get 23972 labels. Ratio: 0.18396462539629568
Files already downloaded and verified
3255 originally labeled samples, 9297 new samples, and 150218 unlabeled samples. Total: 162770
 96.92% | time: 873.1s (559.7m) | step:   7394 | train acc: 1.000 | train loss: 0.000 |test acc: 0.636 (0.608, 0.682) | test dp gap: 0.1859
 96.92% | time:   1.6s (559.8m) | step:   7394 | train acc: 1.000 | train loss: 0.000 |val acc: 0.652 (0.630, 0.687) | val dp gap: 0.1190
begin calculating influence
[Strategy 5] Acc of expected label: 0.8706018518518519
calculating influence -- done
Use 4418 samples. Get 4755 labels. Ratio: 0.9291272344900106
Files already downloaded and verified
3255 originally labeled samples, 1188 new samples, and 4312 unlabeled samples. Total: 8755
begin calculating influence
[Strategy 5] Acc of expected label: 0.6465234375
calculating influence -- done
[ADD ORG DATA] Use 4418 samples. Get 24502 labels. Ratio: 0.18031181128071178
Files already downloaded and verified
3255 originally labeled samples, 9553 new samples, and 149962 unlabeled samples. Total: 162770
 99.54% | time: 889.9s (574.6m) | step:   7594 | train acc: 1.000 | train loss: 0.000 |test acc: 0.643 (0.603, 0.706) | test dp gap: 0.2088
 99.54% | time:   1.4s (574.6m) | step:   7594 | train acc: 1.000 | train loss: 0.000 |val acc: 0.651 (0.610, 0.716) | val dp gap: 0.1473
begin calculating influence
[Strategy 5] Acc of expected label: 0.8722170686456401
calculating influence -- done
Use 4420 samples. Get 4757 labels. Ratio: 0.9291570317426949
Files already downloaded and verified
3255 originally labeled samples, 1191 new samples, and 4309 unlabeled samples. Total: 8755
begin calculating influence
[Strategy 5] Acc of expected label: 0.6408984375
calculating influence -- done
[ADD ORG DATA] Use 4420 samples. Get 25043 labels. Ratio: 0.17649642614702712
Files already downloaded and verified
3255 originally labeled samples, 9809 new samples, and 149706 unlabeled samples. Total: 162770
100.00% | time: 821.7s (588.3m) | step:   7629 | train acc: 1.000 | train loss: 0.000 |test acc: 0.649 (0.627, 0.683) | test dp gap: 0.2230
100.00% | time:   1.1s (588.3m) | step:   7629 | train acc: 1.000 | train loss: 0.000 |val acc: 0.667 (0.650, 0.693) | val dp gap: 0.1860
begin calculating influence
[Strategy 5] Acc of expected label: 0.8705035971223022
calculating influence -- done
Use 4434 samples. Get 4764 labels. Ratio: 0.9307304785894207
Files already downloaded and verified
3255 originally labeled samples, 1205 new samples, and 4295 unlabeled samples. Total: 8755
begin calculating influence
[Strategy 5] Acc of expected label: 0.6569140625
calculating influence -- done
[ADD ORG DATA] Use 4434 samples. Get 25621 labels. Ratio: 0.17306116076655867
Files already downloaded and verified
3255 originally labeled samples, 10065 new samples, and 149450 unlabeled samples. Total: 162770
