Files already downloaded and verified
3255 originally labeled samples, 0 new samples, and 5500 unlabeled samples. Total: 8755
Files already downloaded and verified
3255 originally labeled samples, 0 new samples, and 159515 unlabeled samples. Total: 162770
Files already downloaded and verified
1996 originally labeled samples, 0 new samples, and 17966 unlabeled samples. Total: 19962
Numer of layers 200
train net...
train with 162770 samples (with replacement) in one epoch
Epoch 0
  2.62% | time: 100.8s (  1.7m) | step:    200 | train acc: 0.930 | train loss: 0.166 |warm_t acc: 0.681 (0.694, 0.661) | warm_t dp gap: 0.4018
  2.62% | time:   5.5s (  1.8m) | step:    200 | train acc: 0.930 | train loss: 0.166 |warm_v acc: 0.692 (0.704, 0.671) | warm_v dp gap: 0.3936
  5.24% | time:  79.3s (  3.1m) | step:    400 | train acc: 0.793 | train loss: 0.470 |warm_t acc: 0.666 (0.703, 0.605) | warm_t dp gap: 0.3363
  5.24% | time:   1.3s (  3.1m) | step:    400 | train acc: 0.793 | train loss: 0.470 |warm_v acc: 0.661 (0.690, 0.616) | warm_v dp gap: 0.3225
  7.86% | time:  78.9s (  4.4m) | step:    600 | train acc: 1.000 | train loss: 0.006 |warm_t acc: 0.695 (0.677, 0.724) | warm_t dp gap: 0.3869
  7.86% | time:   1.3s (  4.4m) | step:    600 | train acc: 1.000 | train loss: 0.006 |warm_v acc: 0.698 (0.691, 0.710) | warm_v dp gap: 0.3941
  8.32% | time:  21.7s (  4.8m) | step:    635 | train acc: 1.000 | train loss: 0.003 |warm_t acc: 0.695 (0.683, 0.715) | warm_t dp gap: 0.3887
  8.32% | time:   1.4s (  4.8m) | step:    635 | train acc: 1.000 | train loss: 0.003 |warm_v acc: 0.698 (0.683, 0.721) | warm_v dp gap: 0.3737
Epoch 1
 10.95% | time:  79.5s (  6.2m) | step:    835 | train acc: 1.000 | train loss: 0.000 |warm_t acc: 0.694 (0.682, 0.711) | warm_t dp gap: 0.3948
 10.95% | time:   1.4s (  6.2m) | step:    835 | train acc: 1.000 | train loss: 0.000 |warm_v acc: 0.695 (0.692, 0.699) | warm_v dp gap: 0.3714
 13.57% | time:  79.3s (  7.5m) | step:   1035 | train acc: 1.000 | train loss: 0.000 |warm_t acc: 0.694 (0.682, 0.713) | warm_t dp gap: 0.3954
 13.57% | time:   1.5s (  7.5m) | step:   1035 | train acc: 1.000 | train loss: 0.000 |warm_v acc: 0.689 (0.681, 0.701) | warm_v dp gap: 0.3953
 16.19% | time:  78.7s (  8.8m) | step:   1235 | train acc: 1.000 | train loss: 0.000 |warm_t acc: 0.694 (0.683, 0.712) | warm_t dp gap: 0.3953
 16.19% | time:   1.4s (  8.9m) | step:   1235 | train acc: 1.000 | train loss: 0.000 |warm_v acc: 0.684 (0.674, 0.699) | warm_v dp gap: 0.3714
 16.65% | time:  22.7s (  9.2m) | step:   1270 | train acc: 1.000 | train loss: 0.000 |warm_t acc: 0.694 (0.683, 0.712) | warm_t dp gap: 0.3956
 16.65% | time:   1.4s (  9.3m) | step:   1270 | train acc: 1.000 | train loss: 0.000 |warm_v acc: 0.694 (0.692, 0.697) | warm_v dp gap: 0.3768
Epoch 2
 19.28% | time:  75.5s ( 10.5m) | step:   1471 | train acc: 1.000 | train loss: 0.000 |test acc: 0.694 (0.682, 0.713) | test dp gap: 0.3955
 19.28% | time:   1.3s ( 10.5m) | step:   1471 | train acc: 1.000 | train loss: 0.000 |val acc: 0.702 (0.701, 0.704) | val dp gap: 0.3947
begin calculating influence
selected layers: [Traced<ShapedArray(float32[768])>with<DynamicJaxprTrace(level=0/1)>, Traced<ShapedArray(float32[8,8,3,768])>with<DynamicJaxprTrace(level=0/1)>, Traced<ShapedArray(float32[2])>with<DynamicJaxprTrace(level=0/1)>, Traced<ShapedArray(float32[768,2])>with<DynamicJaxprTrace(level=0/1)>]
[Strategy 5] Acc of expected label: 0.6181818181818182
calculating influence -- done
Use 3503 samples. Get 3726 labels. Ratio: 0.940150295222759
Files already downloaded and verified
3255 originally labeled samples, 256 new samples, and 5244 unlabeled samples. Total: 8755
begin calculating influence
[Strategy 5] Acc of expected label: 0.7059375
calculating influence -- done
[ADD ORG DATA] Use 3503 samples. Get 3842 labels. Ratio: 0.9117647058823529
Files already downloaded and verified
3255 originally labeled samples, 256 new samples, and 159259 unlabeled samples. Total: 162770
 21.90% | time: 920.5s ( 25.9m) | step:   1671 | train acc: 0.828 | train loss: 0.460 |test acc: 0.618 (0.523, 0.768) | test dp gap: 0.2011
 21.90% | time:   1.4s ( 25.9m) | step:   1671 | train acc: 0.828 | train loss: 0.460 |val acc: 0.602 (0.533, 0.715) | val dp gap: 0.1944
begin calculating influence
[Strategy 5] Acc of expected label: 0.5875286041189931
calculating influence -- done
Use 3536 samples. Get 3784 labels. Ratio: 0.9344608879492601
Files already downloaded and verified
3255 originally labeled samples, 289 new samples, and 5211 unlabeled samples. Total: 8755
begin calculating influence
[Strategy 5] Acc of expected label: 0.611015625
calculating influence -- done
[ADD ORG DATA] Use 3536 samples. Get 4580 labels. Ratio: 0.7720524017467248
Files already downloaded and verified
3255 originally labeled samples, 512 new samples, and 159003 unlabeled samples. Total: 162770
 24.52% | time: 885.5s ( 40.7m) | step:   1871 | train acc: 0.805 | train loss: 0.390 |test acc: 0.697 (0.671, 0.738) | test dp gap: 0.3909
 24.52% | time:   1.5s ( 40.7m) | step:   1871 | train acc: 0.805 | train loss: 0.390 |val acc: 0.682 (0.656, 0.723) | val dp gap: 0.3735
begin calculating influence
[Strategy 5] Acc of expected label: 0.6250239877182883
calculating influence -- done
Use 3538 samples. Get 3788 labels. Ratio: 0.9340021119324181
Files already downloaded and verified
3255 originally labeled samples, 292 new samples, and 5208 unlabeled samples. Total: 8755
begin calculating influence
[Strategy 5] Acc of expected label: 0.7030078125
calculating influence -- done
[ADD ORG DATA] Use 3538 samples. Get 4910 labels. Ratio: 0.7205702647657841
Files already downloaded and verified
3255 originally labeled samples, 668 new samples, and 158847 unlabeled samples. Total: 162770
 24.98% | time: 816.9s ( 54.3m) | step:   1906 | train acc: 0.797 | train loss: 0.423 |test acc: 0.663 (0.597, 0.766) | test dp gap: 0.2998
 24.98% | time:   1.4s ( 54.3m) | step:   1906 | train acc: 0.797 | train loss: 0.423 |val acc: 0.660 (0.609, 0.740) | val dp gap: 0.2913
begin calculating influence
[Strategy 5] Acc of expected label: 0.6059907834101382
calculating influence -- done
Use 3559 samples. Get 3813 labels. Ratio: 0.9333857854707579
Files already downloaded and verified
3255 originally labeled samples, 315 new samples, and 5185 unlabeled samples. Total: 8755
begin calculating influence
[Strategy 5] Acc of expected label: 0.6646875
calculating influence -- done
[ADD ORG DATA] Use 3559 samples. Get 5268 labels. Ratio: 0.6755884586180714
Files already downloaded and verified
3255 originally labeled samples, 883 new samples, and 158632 unlabeled samples. Total: 162770
Epoch 3
 27.62% | time: 882.7s ( 69.0m) | step:   2107 | train acc: 0.938 | train loss: 0.160 |test acc: 0.695 (0.667, 0.741) | test dp gap: 0.3764
 27.62% | time:   1.4s ( 69.1m) | step:   2107 | train acc: 0.938 | train loss: 0.160 |val acc: 0.693 (0.681, 0.712) | val dp gap: 0.3879
begin calculating influence
[Strategy 5] Acc of expected label: 0.6111861137897782
calculating influence -- done
Use 3603 samples. Get 3884 labels. Ratio: 0.9276519052523172
Files already downloaded and verified
3255 originally labeled samples, 361 new samples, and 5139 unlabeled samples. Total: 8755
begin calculating influence
[Strategy 5] Acc of expected label: 0.6975390625
calculating influence -- done
[ADD ORG DATA] Use 3603 samples. Get 5939 labels. Ratio: 0.6066677891900993
Files already downloaded and verified
3255 originally labeled samples, 1139 new samples, and 158376 unlabeled samples. Total: 162770
 30.24% | time: 881.9s ( 83.8m) | step:   2307 | train acc: 1.000 | train loss: 0.005 |test acc: 0.687 (0.665, 0.722) | test dp gap: 0.3583
 30.24% | time:   1.5s ( 83.8m) | step:   2307 | train acc: 1.000 | train loss: 0.005 |val acc: 0.694 (0.681, 0.715) | val dp gap: 0.3652
begin calculating influence
[Strategy 5] Acc of expected label: 0.6209379256664721
calculating influence -- done
Use 3854 samples. Get 4339 labels. Ratio: 0.8882230928785434
Files already downloaded and verified
3255 originally labeled samples, 617 new samples, and 4883 unlabeled samples. Total: 8755
begin calculating influence
[Strategy 5] Acc of expected label: 0.6998828125
calculating influence -- done
[ADD ORG DATA] Use 3854 samples. Get 6572 labels. Ratio: 0.586427267194157
Files already downloaded and verified
3255 originally labeled samples, 1395 new samples, and 158120 unlabeled samples. Total: 162770
 32.86% | time: 881.7s ( 98.5m) | step:   2507 | train acc: 0.945 | train loss: 0.162 |test acc: 0.574 (0.508, 0.679) | test dp gap: 0.0890
 32.86% | time:   1.2s ( 98.5m) | step:   2507 | train acc: 0.945 | train loss: 0.162 |val acc: 0.579 (0.524, 0.667) | val dp gap: 0.0606
begin calculating influence
[Strategy 5] Acc of expected label: 0.6285070653286914
calculating influence -- done
Use 4105 samples. Get 4804 labels. Ratio: 0.854496253122398
Files already downloaded and verified
3255 originally labeled samples, 873 new samples, and 4627 unlabeled samples. Total: 8755
begin calculating influence
[Strategy 5] Acc of expected label: 0.5845703125
calculating influence -- done
[ADD ORG DATA] Use 4105 samples. Get 7333 labels. Ratio: 0.5597981726442111
Files already downloaded and verified
3255 originally labeled samples, 1651 new samples, and 157864 unlabeled samples. Total: 162770
 33.32% | time: 810.2s (112.0m) | step:   2542 | train acc: 0.988 | train loss: 0.060 |test acc: 0.551 (0.476, 0.670) | test dp gap: 0.0561
 33.32% | time:   1.5s (112.0m) | step:   2542 | train acc: 0.988 | train loss: 0.060 |val acc: 0.531 (0.464, 0.635) | val dp gap: 0.0306
begin calculating influence
[Strategy 5] Acc of expected label: 0.5964988113248325
calculating influence -- done
Use 4191 samples. Get 4946 labels. Ratio: 0.8473513950667206
Files already downloaded and verified
3255 originally labeled samples, 960 new samples, and 4540 unlabeled samples. Total: 8755
begin calculating influence
[Strategy 5] Acc of expected label: 0.552109375
calculating influence -- done
[ADD ORG DATA] Use 4191 samples. Get 8051 labels. Ratio: 0.520556452614582
Files already downloaded and verified
3255 originally labeled samples, 1907 new samples, and 157608 unlabeled samples. Total: 162770
Epoch 4
 35.95% | time: 860.7s (126.4m) | step:   2743 | train acc: 1.000 | train loss: 0.018 |test acc: 0.577 (0.523, 0.664) | test dp gap: 0.1363
 35.95% | time:   1.2s (126.4m) | step:   2743 | train acc: 1.000 | train loss: 0.018 |val acc: 0.579 (0.545, 0.637) | val dp gap: 0.1390
begin calculating influence
[Strategy 5] Acc of expected label: 0.5929515418502203
calculating influence -- done
Use 4445 samples. Get 5277 labels. Ratio: 0.8423346598446086
Files already downloaded and verified
3255 originally labeled samples, 1216 new samples, and 4284 unlabeled samples. Total: 8755
begin calculating influence
[Strategy 5] Acc of expected label: 0.585625
calculating influence -- done
[ADD ORG DATA] Use 4445 samples. Get 8845 labels. Ratio: 0.5025438100621821
Files already downloaded and verified
3255 originally labeled samples, 2163 new samples, and 157352 unlabeled samples. Total: 162770
 38.58% | time: 856.6s (140.7m) | step:   2943 | train acc: 0.992 | train loss: 0.022 |test acc: 0.656 (0.621, 0.712) | test dp gap: 0.2837
 38.58% | time:   1.5s (140.7m) | step:   2943 | train acc: 0.992 | train loss: 0.022 |val acc: 0.652 (0.635, 0.680) | val dp gap: 0.2626
begin calculating influence
[Strategy 5] Acc of expected label: 0.6029411764705882
calculating influence -- done
Use 4480 samples. Get 5330 labels. Ratio: 0.8405253283302064
Files already downloaded and verified
3255 originally labeled samples, 1251 new samples, and 4249 unlabeled samples. Total: 8755
begin calculating influence
[Strategy 5] Acc of expected label: 0.6625
calculating influence -- done
[ADD ORG DATA] Use 4480 samples. Get 9356 labels. Ratio: 0.4788371098760154
Files already downloaded and verified
3255 originally labeled samples, 2401 new samples, and 157114 unlabeled samples. Total: 162770
 41.20% | time: 839.9s (154.7m) | step:   3143 | train acc: 0.996 | train loss: 0.017 |test acc: 0.622 (0.589, 0.674) | test dp gap: 0.2654
 41.20% | time:   1.4s (154.7m) | step:   3143 | train acc: 0.996 | train loss: 0.017 |val acc: 0.628 (0.596, 0.678) | val dp gap: 0.3033
begin calculating influence
[Strategy 5] Acc of expected label: 0.5963756177924218
calculating influence -- done
Use 4529 samples. Get 5407 labels. Ratio: 0.837617902718698
Files already downloaded and verified
3255 originally labeled samples, 1302 new samples, and 4198 unlabeled samples. Total: 8755
begin calculating influence
[Strategy 5] Acc of expected label: 0.6296875
calculating influence -- done
[ADD ORG DATA] Use 4529 samples. Get 9927 labels. Ratio: 0.4562304825224136
Files already downloaded and verified
3255 originally labeled samples, 2657 new samples, and 156858 unlabeled samples. Total: 162770
 41.66% | time: 790.2s (167.9m) | step:   3178 | train acc: 1.000 | train loss: 0.001 |test acc: 0.643 (0.599, 0.712) | test dp gap: 0.2605
 41.66% | time:   1.5s (167.9m) | step:   3178 | train acc: 1.000 | train loss: 0.001 |val acc: 0.641 (0.600, 0.702) | val dp gap: 0.2399
begin calculating influence
[Strategy 5] Acc of expected label: 0.5919485469271082
calculating influence -- done
Use 4553 samples. Get 5441 labels. Ratio: 0.8367947068553575
Files already downloaded and verified
3255 originally labeled samples, 1326 new samples, and 4174 unlabeled samples. Total: 8755
begin calculating influence
[Strategy 5] Acc of expected label: 0.648515625
calculating influence -- done
[ADD ORG DATA] Use 4553 samples. Get 10238 labels. Ratio: 0.44471576479781205
Files already downloaded and verified
3255 originally labeled samples, 2786 new samples, and 156729 unlabeled samples. Total: 162770
Epoch 5
 44.29% | time: 837.1s (181.9m) | step:   3379 | train acc: 1.000 | train loss: 0.002 |test acc: 0.650 (0.608, 0.717) | test dp gap: 0.2745
 44.29% | time:   1.5s (181.9m) | step:   3379 | train acc: 1.000 | train loss: 0.002 |val acc: 0.643 (0.613, 0.689) | val dp gap: 0.2401
begin calculating influence
[Strategy 5] Acc of expected label: 0.5999041686631529
calculating influence -- done
Use 4610 samples. Get 5525 labels. Ratio: 0.8343891402714932
Files already downloaded and verified
3255 originally labeled samples, 1386 new samples, and 4114 unlabeled samples. Total: 8755
begin calculating influence
[Strategy 5] Acc of expected label: 0.646171875
calculating influence -- done
[ADD ORG DATA] Use 4610 samples. Get 10804 labels. Ratio: 0.426693817104776
Files already downloaded and verified
3255 originally labeled samples, 3042 new samples, and 156473 unlabeled samples. Total: 162770
 46.91% | time: 849.2s (196.0m) | step:   3579 | train acc: 1.000 | train loss: 0.003 |test acc: 0.637 (0.611, 0.680) | test dp gap: 0.2571
 46.91% | time:   1.4s (196.1m) | step:   3579 | train acc: 1.000 | train loss: 0.003 |val acc: 0.624 (0.616, 0.636) | val dp gap: 0.2158
begin calculating influence
[Strategy 5] Acc of expected label: 0.5928536703937773
calculating influence -- done
Use 4671 samples. Get 5592 labels. Ratio: 0.8353004291845494
Files already downloaded and verified
3255 originally labeled samples, 1447 new samples, and 4053 unlabeled samples. Total: 8755
begin calculating influence
[Strategy 5] Acc of expected label: 0.643359375
calculating influence -- done
[ADD ORG DATA] Use 4671 samples. Get 11384 labels. Ratio: 0.4103127196064652
Files already downloaded and verified
3255 originally labeled samples, 3298 new samples, and 156217 unlabeled samples. Total: 162770
 49.53% | time: 855.4s (210.3m) | step:   3779 | train acc: 0.996 | train loss: 0.016 |test acc: 0.643 (0.614, 0.689) | test dp gap: 0.2417
 49.53% | time:   1.3s (210.4m) | step:   3779 | train acc: 0.996 | train loss: 0.016 |val acc: 0.620 (0.601, 0.650) | val dp gap: 0.2209
begin calculating influence
[Strategy 5] Acc of expected label: 0.5889464594127807
calculating influence -- done
Use 4705 samples. Get 5639 labels. Ratio: 0.834367795708459
Files already downloaded and verified
3255 originally labeled samples, 1481 new samples, and 4019 unlabeled samples. Total: 8755
begin calculating influence
[Strategy 5] Acc of expected label: 0.6457421875
calculating influence -- done
[ADD ORG DATA] Use 4705 samples. Get 11909 labels. Ratio: 0.39507935175077674
Files already downloaded and verified
3255 originally labeled samples, 3554 new samples, and 155961 unlabeled samples. Total: 162770
 49.99% | time: 791.4s (223.5m) | step:   3814 | train acc: 0.992 | train loss: 0.037 |test acc: 0.622 (0.573, 0.700) | test dp gap: 0.2033
 49.99% | time:   1.6s (223.6m) | step:   3814 | train acc: 0.992 | train loss: 0.037 |val acc: 0.615 (0.579, 0.670) | val dp gap: 0.1878
begin calculating influence
[Strategy 5] Acc of expected label: 0.5829808410052252
calculating influence -- done
Use 4808 samples. Get 5785 labels. Ratio: 0.831114952463267
Files already downloaded and verified
3255 originally labeled samples, 1584 new samples, and 3916 unlabeled samples. Total: 8755
begin calculating influence
[Strategy 5] Acc of expected label: 0.6295703125
calculating influence -- done
[ADD ORG DATA] Use 4808 samples. Get 12185 labels. Ratio: 0.39458350430857614
Files already downloaded and verified
3255 originally labeled samples, 3691 new samples, and 155824 unlabeled samples. Total: 162770
Epoch 6
 52.62% | time: 837.5s (237.5m) | step:   4014 | train acc: 1.000 | train loss: 0.010 |test acc: 0.639 (0.607, 0.691) | test dp gap: 0.2504
 52.62% | time:   1.6s (237.6m) | step:   4014 | train acc: 1.000 | train loss: 0.010 |val acc: 0.642 (0.620, 0.677) | val dp gap: 0.2262
begin calculating influence
[Strategy 5] Acc of expected label: 0.5806945863125639
calculating influence -- done
Use 4846 samples. Get 5837 labels. Ratio: 0.8302210039403803
Files already downloaded and verified
3255 originally labeled samples, 1624 new samples, and 3876 unlabeled samples. Total: 8755
begin calculating influence
[Strategy 5] Acc of expected label: 0.640703125
calculating influence -- done
[ADD ORG DATA] Use 4846 samples. Get 12588 labels. Ratio: 0.3849698125198602
Files already downloaded and verified
3255 originally labeled samples, 3947 new samples, and 155568 unlabeled samples. Total: 162770
 55.24% | time: 835.2s (251.5m) | step:   4214 | train acc: 1.000 | train loss: 0.006 |test acc: 0.654 (0.619, 0.709) | test dp gap: 0.2567
 55.24% | time:   1.5s (251.5m) | step:   4214 | train acc: 1.000 | train loss: 0.006 |val acc: 0.656 (0.630, 0.695) | val dp gap: 0.2573
begin calculating influence
[Strategy 5] Acc of expected label: 0.598297213622291
calculating influence -- done
Use 4913 samples. Get 5899 labels. Ratio: 0.8328530259365994
Files already downloaded and verified
3255 originally labeled samples, 1695 new samples, and 3805 unlabeled samples. Total: 8755
begin calculating influence
[Strategy 5] Acc of expected label: 0.65515625
calculating influence -- done
[ADD ORG DATA] Use 4913 samples. Get 12935 labels. Ratio: 0.37982218786238886
Files already downloaded and verified
3255 originally labeled samples, 4114 new samples, and 155401 unlabeled samples. Total: 162770
 57.86% | time: 834.8s (265.4m) | step:   4414 | train acc: 1.000 | train loss: 0.004 |test acc: 0.645 (0.598, 0.721) | test dp gap: 0.2568
 57.86% | time:   1.4s (265.4m) | step:   4414 | train acc: 1.000 | train loss: 0.004 |val acc: 0.639 (0.606, 0.693) | val dp gap: 0.2187
begin calculating influence
[Strategy 5] Acc of expected label: 0.5897503285151117
calculating influence -- done
Use 4947 samples. Get 5937 labels. Ratio: 0.8332491157150076
Files already downloaded and verified
3255 originally labeled samples, 1730 new samples, and 3770 unlabeled samples. Total: 8755
begin calculating influence
[Strategy 5] Acc of expected label: 0.643984375
calculating influence -- done
[ADD ORG DATA] Use 4947 samples. Get 13540 labels. Ratio: 0.3653618906942393
Files already downloaded and verified
3255 originally labeled samples, 4370 new samples, and 155145 unlabeled samples. Total: 162770
 58.32% | time: 772.5s (278.3m) | step:   4449 | train acc: 1.000 | train loss: 0.006 |test acc: 0.652 (0.618, 0.705) | test dp gap: 0.2612
 58.32% | time:   1.5s (278.3m) | step:   4449 | train acc: 1.000 | train loss: 0.006 |val acc: 0.652 (0.617, 0.707) | val dp gap: 0.2281
begin calculating influence
[Strategy 5] Acc of expected label: 0.5917771883289125
calculating influence -- done
Use 4997 samples. Get 6002 labels. Ratio: 0.8325558147284239
Files already downloaded and verified
3255 originally labeled samples, 1780 new samples, and 3720 unlabeled samples. Total: 8755
begin calculating influence
[Strategy 5] Acc of expected label: 0.6541796875
calculating influence -- done
[ADD ORG DATA] Use 4997 samples. Get 14058 labels. Ratio: 0.35545596813202446
Files already downloaded and verified
3255 originally labeled samples, 4626 new samples, and 154889 unlabeled samples. Total: 162770
Epoch 7
 60.95% | time: 831.9s (292.2m) | step:   4650 | train acc: 1.000 | train loss: 0.002 |test acc: 0.648 (0.616, 0.700) | test dp gap: 0.2708
 60.95% | time:   1.5s (292.2m) | step:   4650 | train acc: 1.000 | train loss: 0.002 |val acc: 0.639 (0.612, 0.684) | val dp gap: 0.2594
begin calculating influence
[Strategy 5] Acc of expected label: 0.5948924731182795
calculating influence -- done
Use 5017 samples. Get 6026 labels. Ratio: 0.8325589113840026
Files already downloaded and verified
3255 originally labeled samples, 1800 new samples, and 3700 unlabeled samples. Total: 8755
begin calculating influence
[Strategy 5] Acc of expected label: 0.652265625
calculating influence -- done
[ADD ORG DATA] Use 5017 samples. Get 14518 labels. Ratio: 0.34557101529136247
Files already downloaded and verified
3255 originally labeled samples, 4882 new samples, and 154633 unlabeled samples. Total: 162770
 63.57% | time: 826.1s (306.0m) | step:   4850 | train acc: 1.000 | train loss: 0.003 |test acc: 0.663 (0.633, 0.711) | test dp gap: 0.2805
 63.57% | time:   1.5s (306.0m) | step:   4850 | train acc: 1.000 | train loss: 0.003 |val acc: 0.660 (0.631, 0.706) | val dp gap: 0.2585
begin calculating influence
[Strategy 5] Acc of expected label: 0.5872972972972973
calculating influence -- done
Use 5102 samples. Get 6105 labels. Ratio: 0.8357084357084357
Files already downloaded and verified
3255 originally labeled samples, 1887 new samples, and 3613 unlabeled samples. Total: 8755
begin calculating influence
[Strategy 5] Acc of expected label: 0.666953125
calculating influence -- done
[ADD ORG DATA] Use 5102 samples. Get 15015 labels. Ratio: 0.33979353979353977
Files already downloaded and verified
3255 originally labeled samples, 5138 new samples, and 154377 unlabeled samples. Total: 162770
 66.19% | time: 826.1s (319.8m) | step:   5050 | train acc: 1.000 | train loss: 0.002 |test acc: 0.663 (0.633, 0.710) | test dp gap: 0.2784
 66.19% | time:   1.4s (319.8m) | step:   5050 | train acc: 1.000 | train loss: 0.002 |val acc: 0.666 (0.638, 0.711) | val dp gap: 0.2659
begin calculating influence
[Strategy 5] Acc of expected label: 0.6006089122612788
calculating influence -- done
Use 5128 samples. Get 6134 labels. Ratio: 0.8359960873818063
Files already downloaded and verified
3255 originally labeled samples, 1914 new samples, and 3586 unlabeled samples. Total: 8755
begin calculating influence
[Strategy 5] Acc of expected label: 0.6678515625
calculating influence -- done
[ADD ORG DATA] Use 5128 samples. Get 15457 labels. Ratio: 0.3317590735589053
Files already downloaded and verified
3255 originally labeled samples, 5394 new samples, and 154121 unlabeled samples. Total: 162770
 66.65% | time: 766.2s (332.6m) | step:   5085 | train acc: 1.000 | train loss: 0.004 |test acc: 0.659 (0.619, 0.721) | test dp gap: 0.2750
 66.65% | time:   1.6s (332.6m) | step:   5085 | train acc: 1.000 | train loss: 0.004 |val acc: 0.666 (0.639, 0.709) | val dp gap: 0.2456
begin calculating influence
[Strategy 5] Acc of expected label: 0.6020635805911879
calculating influence -- done
Use 5148 samples. Get 6160 labels. Ratio: 0.8357142857142857
Files already downloaded and verified
3255 originally labeled samples, 1934 new samples, and 3566 unlabeled samples. Total: 8755
begin calculating influence
[Strategy 5] Acc of expected label: 0.6671875
calculating influence -- done
[ADD ORG DATA] Use 5148 samples. Get 15909 labels. Ratio: 0.3235904205166887
Files already downloaded and verified
3255 originally labeled samples, 5650 new samples, and 153865 unlabeled samples. Total: 162770
Epoch 8
 69.29% | time: 824.8s (346.4m) | step:   5286 | train acc: 1.000 | train loss: 0.011 |test acc: 0.661 (0.619, 0.727) | test dp gap: 0.2729
 69.29% | time:   1.4s (346.4m) | step:   5286 | train acc: 1.000 | train loss: 0.011 |val acc: 0.671 (0.629, 0.736) | val dp gap: 0.2507
begin calculating influence
[Strategy 5] Acc of expected label: 0.6003925967470555
calculating influence -- done
Use 5174 samples. Get 6179 labels. Ratio: 0.8373523223822625
Files already downloaded and verified
3255 originally labeled samples, 1960 new samples, and 3540 unlabeled samples. Total: 8755
begin calculating influence
[Strategy 5] Acc of expected label: 0.6606640625
calculating influence -- done
[ADD ORG DATA] Use 5174 samples. Get 16067 labels. Ratio: 0.3220265139727392
Files already downloaded and verified
3255 originally labeled samples, 5753 new samples, and 153762 unlabeled samples. Total: 162770
 71.91% | time: 825.2s (360.1m) | step:   5486 | train acc: 1.000 | train loss: 0.002 |test acc: 0.652 (0.606, 0.724) | test dp gap: 0.2550
 71.91% | time:   1.4s (360.2m) | step:   5486 | train acc: 1.000 | train loss: 0.002 |val acc: 0.668 (0.632, 0.724) | val dp gap: 0.2363
begin calculating influence
[Strategy 5] Acc of expected label: 0.6005649717514124
calculating influence -- done
Use 5187 samples. Get 6192 labels. Ratio: 0.8376937984496124
Files already downloaded and verified
3255 originally labeled samples, 1974 new samples, and 3526 unlabeled samples. Total: 8755
begin calculating influence
[Strategy 5] Acc of expected label: 0.65515625
calculating influence -- done
[ADD ORG DATA] Use 5187 samples. Get 16420 labels. Ratio: 0.3158952496954933
Files already downloaded and verified
3255 originally labeled samples, 5946 new samples, and 153569 unlabeled samples. Total: 162770
 74.53% | time: 822.2s (373.9m) | step:   5686 | train acc: 1.000 | train loss: 0.002 |test acc: 0.662 (0.631, 0.713) | test dp gap: 0.2801
 74.53% | time:   1.5s (373.9m) | step:   5686 | train acc: 1.000 | train loss: 0.002 |val acc: 0.674 (0.654, 0.707) | val dp gap: 0.2315
begin calculating influence
[Strategy 5] Acc of expected label: 0.6003970504821328
calculating influence -- done
Use 5248 samples. Get 6258 labels. Ratio: 0.8386065835730265
Files already downloaded and verified
3255 originally labeled samples, 2036 new samples, and 3464 unlabeled samples. Total: 8755
begin calculating influence
[Strategy 5] Acc of expected label: 0.66890625
calculating influence -- done
[ADD ORG DATA] Use 5248 samples. Get 16870 labels. Ratio: 0.3110847658565501
Files already downloaded and verified
3255 originally labeled samples, 6202 new samples, and 153313 unlabeled samples. Total: 162770
 74.99% | time: 766.7s (386.7m) | step:   5721 | train acc: 1.000 | train loss: 0.008 |test acc: 0.671 (0.637, 0.725) | test dp gap: 0.2842
 74.99% | time:   1.4s (386.7m) | step:   5721 | train acc: 1.000 | train loss: 0.008 |val acc: 0.671 (0.643, 0.716) | val dp gap: 0.2254
begin calculating influence
[Strategy 5] Acc of expected label: 0.5981524249422633
calculating influence -- done
Use 5348 samples. Get 6378 labels. Ratio: 0.8385073690812167
Files already downloaded and verified
3255 originally labeled samples, 2138 new samples, and 3362 unlabeled samples. Total: 8755
begin calculating influence
[Strategy 5] Acc of expected label: 0.673046875
calculating influence -- done
[ADD ORG DATA] Use 5348 samples. Get 17337 labels. Ratio: 0.30847320759070196
Files already downloaded and verified
3255 originally labeled samples, 6458 new samples, and 153057 unlabeled samples. Total: 162770
Epoch 9
 77.62% | time: 824.0s (400.4m) | step:   5922 | train acc: 1.000 | train loss: 0.005 |test acc: 0.663 (0.613, 0.742) | test dp gap: 0.2769
 77.62% | time:   1.5s (400.4m) | step:   5922 | train acc: 1.000 | train loss: 0.005 |val acc: 0.661 (0.619, 0.726) | val dp gap: 0.2649
begin calculating influence
[Strategy 5] Acc of expected label: 0.5913146936347412
calculating influence -- done
Use 5356 samples. Get 6383 labels. Ratio: 0.8391038696537678
Files already downloaded and verified
3255 originally labeled samples, 2146 new samples, and 3354 unlabeled samples. Total: 8755
begin calculating influence
[Strategy 5] Acc of expected label: 0.6590234375
calculating influence -- done
[ADD ORG DATA] Use 5356 samples. Get 17577 labels. Ratio: 0.30471639073789614
Files already downloaded and verified
3255 originally labeled samples, 6607 new samples, and 152908 unlabeled samples. Total: 162770
 80.25% | time: 817.8s (414.1m) | step:   6122 | train acc: 1.000 | train loss: 0.000 |test acc: 0.668 (0.625, 0.736) | test dp gap: 0.2873
 80.25% | time:   1.4s (414.1m) | step:   6122 | train acc: 1.000 | train loss: 0.000 |val acc: 0.673 (0.641, 0.725) | val dp gap: 0.2580
begin calculating influence
[Strategy 5] Acc of expected label: 0.5912343470483006
calculating influence -- done
Use 5362 samples. Get 6392 labels. Ratio: 0.8388610763454318
Files already downloaded and verified
3255 originally labeled samples, 2152 new samples, and 3348 unlabeled samples. Total: 8755
begin calculating influence
[Strategy 5] Acc of expected label: 0.65796875
calculating influence -- done
[ADD ORG DATA] Use 5362 samples. Get 18070 labels. Ratio: 0.2967349197565025
Files already downloaded and verified
3255 originally labeled samples, 6863 new samples, and 152652 unlabeled samples. Total: 162770
 82.87% | time: 819.6s (427.8m) | step:   6322 | train acc: 0.984 | train loss: 0.057 |test acc: 0.655 (0.623, 0.705) | test dp gap: 0.2611
 82.87% | time:   1.4s (427.8m) | step:   6322 | train acc: 0.984 | train loss: 0.057 |val acc: 0.643 (0.622, 0.676) | val dp gap: 0.2187
begin calculating influence
[Strategy 5] Acc of expected label: 0.5940860215053764
calculating influence -- done
Use 5387 samples. Get 6408 labels. Ratio: 0.8406679151061174
Files already downloaded and verified
3255 originally labeled samples, 2178 new samples, and 3322 unlabeled samples. Total: 8755
begin calculating influence
[Strategy 5] Acc of expected label: 0.652890625
calculating influence -- done
[ADD ORG DATA] Use 5387 samples. Get 18546 labels. Ratio: 0.29046694705057696
Files already downloaded and verified
3255 originally labeled samples, 7119 new samples, and 152396 unlabeled samples. Total: 162770
 83.33% | time: 762.8s (440.5m) | step:   6357 | train acc: 0.988 | train loss: 0.027 |test acc: 0.652 (0.609, 0.720) | test dp gap: 0.2887
 83.33% | time:   1.4s (440.5m) | step:   6357 | train acc: 0.988 | train loss: 0.027 |val acc: 0.665 (0.627, 0.724) | val dp gap: 0.2833
begin calculating influence
[Strategy 5] Acc of expected label: 0.6026490066225165
calculating influence -- done
Use 5414 samples. Get 6434 labels. Ratio: 0.8414672054709357
Files already downloaded and verified
3255 originally labeled samples, 2205 new samples, and 3295 unlabeled samples. Total: 8755
begin calculating influence
[Strategy 5] Acc of expected label: 0.6601171875
calculating influence -- done
[ADD ORG DATA] Use 5414 samples. Get 19076 labels. Ratio: 0.28381211994128747
Files already downloaded and verified
3255 originally labeled samples, 7375 new samples, and 152140 unlabeled samples. Total: 162770
Epoch 10
 85.96% | time: 814.3s (454.1m) | step:   6558 | train acc: 0.988 | train loss: 0.021 |test acc: 0.661 (0.619, 0.729) | test dp gap: 0.2745
 85.96% | time:   1.5s (454.1m) | step:   6558 | train acc: 0.988 | train loss: 0.021 |val acc: 0.688 (0.649, 0.748) | val dp gap: 0.2764
begin calculating influence
calculating influence -- done
length of new labels 95
Use 5413+95 = 5508 samples.
Files already downloaded and verified
3255 originally labeled samples, 2300 new samples, and 3200 unlabeled samples. Total: 8755
begin calculating influence
[Strategy 5] Acc of expected label: 0.66640625
calculating influence -- done
[ADD ORG DATA] Use 5508 samples. Get 19444 labels. Ratio: 0.28327504628677225
Files already downloaded and verified
3255 originally labeled samples, 7613 new samples, and 151902 unlabeled samples. Total: 162770
 88.58% | time: 835.5s (468.0m) | step:   6758 | train acc: 0.996 | train loss: 0.006 |test acc: 0.670 (0.636, 0.725) | test dp gap: 0.2902
 88.58% | time:   1.6s (468.1m) | step:   6758 | train acc: 0.996 | train loss: 0.006 |val acc: 0.699 (0.676, 0.735) | val dp gap: 0.2605
begin calculating influence
calculating influence -- done
length of new labels 170
Use 5411+170 = 5581 samples.
Files already downloaded and verified
3255 originally labeled samples, 2375 new samples, and 3125 unlabeled samples. Total: 8755
begin calculating influence
[Strategy 5] Acc of expected label: 0.671484375
calculating influence -- done
[ADD ORG DATA] Use 5581 samples. Get 20010 labels. Ratio: 0.27891054472763616
Files already downloaded and verified
3255 originally labeled samples, 7869 new samples, and 151646 unlabeled samples. Total: 162770
 91.20% | time: 817.0s (481.7m) | step:   6958 | train acc: 0.996 | train loss: 0.014 |test acc: 0.676 (0.642, 0.729) | test dp gap: 0.2901
 91.20% | time:   1.6s (481.7m) | step:   6958 | train acc: 0.996 | train loss: 0.014 |val acc: 0.682 (0.659, 0.718) | val dp gap: 0.2683
begin calculating influence
[Strategy 5] Acc of expected label: 0.61888
calculating influence -- done
Use 5722 samples. Get 6594 labels. Ratio: 0.867758568395511
Files already downloaded and verified
3255 originally labeled samples, 2520 new samples, and 2980 unlabeled samples. Total: 8755
begin calculating influence
[Strategy 5] Acc of expected label: 0.6702734375
calculating influence -- done
[ADD ORG DATA] Use 5722 samples. Get 20445 labels. Ratio: 0.27987282954267545
Files already downloaded and verified
3255 originally labeled samples, 8125 new samples, and 151390 unlabeled samples. Total: 162770
 91.66% | time: 750.0s (494.2m) | step:   6993 | train acc: 0.996 | train loss: 0.010 |test acc: 0.675 (0.643, 0.725) | test dp gap: 0.2891
 91.66% | time:   1.5s (494.2m) | step:   6993 | train acc: 0.996 | train loss: 0.010 |val acc: 0.693 (0.672, 0.724) | val dp gap: 0.2707
begin calculating influence
calculating influence -- done
length of new labels 279
Use 5549+279 = 5828 samples.
Files already downloaded and verified
3255 originally labeled samples, 2629 new samples, and 2871 unlabeled samples. Total: 8755
begin calculating influence
[Strategy 5] Acc of expected label: 0.6787109375
calculating influence -- done
[ADD ORG DATA] Use 5828 samples. Get 21030 labels. Ratio: 0.2771279125059439
Files already downloaded and verified
3255 originally labeled samples, 8381 new samples, and 151134 unlabeled samples. Total: 162770
Epoch 11
 94.30% | time: 809.8s (507.7m) | step:   7194 | train acc: 1.000 | train loss: 0.002 |test acc: 0.671 (0.636, 0.728) | test dp gap: 0.2836
 94.30% | time:   1.2s (507.8m) | step:   7194 | train acc: 1.000 | train loss: 0.002 |val acc: 0.676 (0.644, 0.726) | val dp gap: 0.2401
begin calculating influence
[Strategy 5] Acc of expected label: 0.610936955764542
calculating influence -- done
Use 5857 samples. Get 6612 labels. Ratio: 0.8858136721113128
Files already downloaded and verified
3255 originally labeled samples, 2658 new samples, and 2842 unlabeled samples. Total: 8755
begin calculating influence
[Strategy 5] Acc of expected label: 0.6721484375
calculating influence -- done
[ADD ORG DATA] Use 5857 samples. Get 21527 labels. Ratio: 0.2720769266502532
Files already downloaded and verified
3255 originally labeled samples, 8637 new samples, and 150878 unlabeled samples. Total: 162770
 96.92% | time: 817.1s (521.4m) | step:   7394 | train acc: 0.996 | train loss: 0.011 |test acc: 0.671 (0.632, 0.733) | test dp gap: 0.2854
 96.92% | time:   1.4s (521.4m) | step:   7394 | train acc: 0.996 | train loss: 0.011 |val acc: 0.678 (0.653, 0.716) | val dp gap: 0.2278
begin calculating influence
[Strategy 5] Acc of expected label: 0.61118930330753
calculating influence -- done
Use 5865 samples. Get 6618 labels. Ratio: 0.8862194016319129
Files already downloaded and verified
3255 originally labeled samples, 2666 new samples, and 2834 unlabeled samples. Total: 8755
begin calculating influence
[Strategy 5] Acc of expected label: 0.6700390625
calculating influence -- done
[ADD ORG DATA] Use 5865 samples. Get 22025 labels. Ratio: 0.2662883087400681
Files already downloaded and verified
3255 originally labeled samples, 8893 new samples, and 150622 unlabeled samples. Total: 162770
 99.54% | time: 810.1s (534.9m) | step:   7594 | train acc: 1.000 | train loss: 0.006 |test acc: 0.674 (0.633, 0.738) | test dp gap: 0.2881
 99.54% | time:   1.6s (534.9m) | step:   7594 | train acc: 1.000 | train loss: 0.006 |val acc: 0.698 (0.668, 0.743) | val dp gap: 0.2648
begin calculating influence
calculating influence -- done
length of new labels 363
Use 5583+363 = 5946 samples.
Files already downloaded and verified
3255 originally labeled samples, 2750 new samples, and 2750 unlabeled samples. Total: 8755
begin calculating influence
[Strategy 5] Acc of expected label: 0.6708984375
calculating influence -- done
[ADD ORG DATA] Use 5946 samples. Get 22446 labels. Ratio: 0.2649024325046779
Files already downloaded and verified
3255 originally labeled samples, 9149 new samples, and 150366 unlabeled samples. Total: 162770
100.00% | time: 749.0s (547.4m) | step:   7629 | train acc: 1.000 | train loss: 0.000 |test acc: 0.668 (0.634, 0.722) | test dp gap: 0.2815
100.00% | time:   1.4s (547.4m) | step:   7629 | train acc: 1.000 | train loss: 0.000 |val acc: 0.689 (0.663, 0.729) | val dp gap: 0.2279
begin calculating influence
calculating influence -- done
length of new labels 397
Use 5583+397 = 5980 samples.
Files already downloaded and verified
3255 originally labeled samples, 2784 new samples, and 2716 unlabeled samples. Total: 8755
begin calculating influence
[Strategy 5] Acc of expected label: 0.672734375
calculating influence -- done
[ADD ORG DATA] Use 5980 samples. Get 22723 labels. Ratio: 0.26316947586146194
Files already downloaded and verified
3255 originally labeled samples, 9315 new samples, and 150200 unlabeled samples. Total: 162770
