Files already downloaded and verified
3255 originally labeled samples, 0 new samples, and 5500 unlabeled samples. Total: 8755
Files already downloaded and verified
3255 originally labeled samples, 0 new samples, and 159515 unlabeled samples. Total: 162770
Files already downloaded and verified
1996 originally labeled samples, 0 new samples, and 17966 unlabeled samples. Total: 19962
Numer of layers 200
train net...
train with 162770 samples (with replacement) in one epoch
Epoch 0
  2.62% | time:  96.9s (  1.6m) | step:    200 | train acc: 0.902 | train loss: 0.255 |warm_t acc: 0.709 (0.695, 0.732) | warm_t eop gap: 0.3005
  2.62% | time:   4.7s (  1.7m) | step:    200 | train acc: 0.902 | train loss: 0.255 |warm_v acc: 0.703 (0.696, 0.715) | warm_v eop gap: 0.3424
  5.24% | time:  81.7s (  3.1m) | step:    400 | train acc: 1.000 | train loss: 0.001 |warm_t acc: 0.707 (0.686, 0.741) | warm_t eop gap: 0.2635
  5.24% | time:   1.1s (  3.1m) | step:    400 | train acc: 1.000 | train loss: 0.001 |warm_v acc: 0.686 (0.673, 0.707) | warm_v eop gap: 0.3191
  7.86% | time:  81.8s (  4.4m) | step:    600 | train acc: 1.000 | train loss: 0.000 |warm_t acc: 0.707 (0.686, 0.740) | warm_t eop gap: 0.2617
  7.86% | time:   1.3s (  4.5m) | step:    600 | train acc: 1.000 | train loss: 0.000 |warm_v acc: 0.692 (0.677, 0.716) | warm_v eop gap: 0.3085
  8.32% | time:  23.6s (  4.9m) | step:    635 | train acc: 1.000 | train loss: 0.000 |warm_t acc: 0.707 (0.686, 0.741) | warm_t eop gap: 0.2592
  8.32% | time:   2.1s (  4.9m) | step:    635 | train acc: 1.000 | train loss: 0.000 |warm_v acc: 0.704 (0.687, 0.731) | warm_v eop gap: 0.2694
Epoch 1
 10.95% | time:  84.5s (  6.3m) | step:    835 | train acc: 1.000 | train loss: 0.000 |warm_t acc: 0.707 (0.686, 0.741) | warm_t eop gap: 0.2604
 10.95% | time:   1.2s (  6.3m) | step:    835 | train acc: 1.000 | train loss: 0.000 |warm_v acc: 0.701 (0.688, 0.722) | warm_v eop gap: 0.2812
 13.57% | time:  81.1s (  7.7m) | step:   1035 | train acc: 1.000 | train loss: 0.000 |warm_t acc: 0.707 (0.686, 0.741) | warm_t eop gap: 0.2597
 13.57% | time:   1.4s (  7.7m) | step:   1035 | train acc: 1.000 | train loss: 0.000 |warm_v acc: 0.701 (0.687, 0.721) | warm_v eop gap: 0.2809
 16.19% | time:  80.9s (  9.0m) | step:   1235 | train acc: 1.000 | train loss: 0.000 |warm_t acc: 0.707 (0.686, 0.741) | warm_t eop gap: 0.2590
 16.19% | time:   1.5s (  9.1m) | step:   1235 | train acc: 1.000 | train loss: 0.000 |warm_v acc: 0.699 (0.683, 0.721) | warm_v eop gap: 0.3185
 16.65% | time:  23.9s (  9.5m) | step:   1270 | train acc: 1.000 | train loss: 0.000 |warm_t acc: 0.707 (0.685, 0.741) | warm_t eop gap: 0.2586
 16.65% | time:   1.4s (  9.5m) | step:   1270 | train acc: 1.000 | train loss: 0.000 |warm_v acc: 0.693 (0.684, 0.708) | warm_v eop gap: 0.3348
Epoch 2
 19.28% | time:  81.5s ( 10.8m) | step:   1471 | train acc: 1.000 | train loss: 0.000 |test acc: 0.707 (0.686, 0.741) | test eop gap: 0.2584
 19.28% | time:   1.2s ( 10.9m) | step:   1471 | train acc: 1.000 | train loss: 0.000 |val acc: 0.705 (0.694, 0.722) | val eop gap: 0.3043
begin calculating influence
selected layers: [Traced<ShapedArray(float32[768])>with<DynamicJaxprTrace(level=0/1)>, Traced<ShapedArray(float32[8,8,3,768])>with<DynamicJaxprTrace(level=0/1)>, Traced<ShapedArray(float32[2])>with<DynamicJaxprTrace(level=0/1)>, Traced<ShapedArray(float32[768,2])>with<DynamicJaxprTrace(level=0/1)>]
[Strategy 5] Acc of expected label: 0.7945454545454546
calculating influence -- done
Use 3278 samples. Get 3360 labels. Ratio: 0.9755952380952381
Files already downloaded and verified
3255 originally labeled samples, 23 new samples, and 5477 unlabeled samples. Total: 8755
begin calculating influence
[Strategy 5] Acc of expected label: 0.706640625
calculating influence -- done
[ADD ORG DATA] Use 3278 samples. Get 3798 labels. Ratio: 0.8630858346498157
Files already downloaded and verified
3255 originally labeled samples, 256 new samples, and 159259 unlabeled samples. Total: 162770
 21.90% | time: 890.2s ( 25.7m) | step:   1671 | train acc: 0.930 | train loss: 0.157 |test acc: 0.650 (0.693, 0.581) | test eop gap: 0.1028
 21.90% | time:   1.4s ( 25.7m) | step:   1671 | train acc: 0.930 | train loss: 0.157 |val acc: 0.652 (0.693, 0.585) | val eop gap: 0.0653
begin calculating influence
[Strategy 5] Acc of expected label: 0.5778710973160489
calculating influence -- done
Use 3527 samples. Get 3626 labels. Ratio: 0.9726971869829013
Files already downloaded and verified
3255 originally labeled samples, 279 new samples, and 5221 unlabeled samples. Total: 8755
begin calculating influence
[Strategy 5] Acc of expected label: 0.6628125
calculating influence -- done
[ADD ORG DATA] Use 3527 samples. Get 4172 labels. Ratio: 0.8453978906999041
Files already downloaded and verified
3255 originally labeled samples, 458 new samples, and 159057 unlabeled samples. Total: 162770
 24.52% | time: 853.9s ( 40.0m) | step:   1871 | train acc: 0.945 | train loss: 0.128 |test acc: 0.696 (0.681, 0.720) | test eop gap: 0.2421
 24.52% | time:   1.3s ( 40.0m) | step:   1871 | train acc: 0.945 | train loss: 0.128 |val acc: 0.682 (0.667, 0.705) | val eop gap: 0.2178
begin calculating influence
[Strategy 5] Acc of expected label: 0.7916108025282513
calculating influence -- done
Use 3541 samples. Get 3665 labels. Ratio: 0.9661664392905867
Files already downloaded and verified
3255 originally labeled samples, 295 new samples, and 5205 unlabeled samples. Total: 8755
begin calculating influence
[Strategy 5] Acc of expected label: 0.7037109375
calculating influence -- done
[ADD ORG DATA] Use 3541 samples. Get 4879 labels. Ratio: 0.7257634761221562
Files already downloaded and verified
3255 originally labeled samples, 714 new samples, and 158801 unlabeled samples. Total: 162770
 24.98% | time: 802.0s ( 53.3m) | step:   1906 | train acc: 1.000 | train loss: 0.004 |test acc: 0.701 (0.684, 0.728) | test eop gap: 0.2438
 24.98% | time:   1.3s ( 53.4m) | step:   1906 | train acc: 1.000 | train loss: 0.004 |val acc: 0.690 (0.679, 0.708) | val eop gap: 0.2328
begin calculating influence
[Strategy 5] Acc of expected label: 0.8021133525456292
calculating influence -- done
Use 3553 samples. Get 3681 labels. Ratio: 0.965226840532464
Files already downloaded and verified
3255 originally labeled samples, 307 new samples, and 5193 unlabeled samples. Total: 8755
begin calculating influence
[Strategy 5] Acc of expected label: 0.7053515625
calculating influence -- done
[ADD ORG DATA] Use 3553 samples. Get 5425 labels. Ratio: 0.6549308755760369
Files already downloaded and verified
3255 originally labeled samples, 970 new samples, and 158545 unlabeled samples. Total: 162770
Epoch 3
 27.62% | time: 832.7s ( 67.2m) | step:   2107 | train acc: 0.992 | train loss: 0.013 |test acc: 0.687 (0.672, 0.711) | test eop gap: 0.1968
 27.62% | time:   1.5s ( 67.3m) | step:   2107 | train acc: 0.992 | train loss: 0.013 |val acc: 0.682 (0.688, 0.674) | val eop gap: 0.2490
begin calculating influence
[Strategy 5] Acc of expected label: 0.8147506258424803
calculating influence -- done
Use 3633 samples. Get 3783 labels. Ratio: 0.9603489294210944
Files already downloaded and verified
3255 originally labeled samples, 387 new samples, and 5113 unlabeled samples. Total: 8755
begin calculating influence
[Strategy 5] Acc of expected label: 0.6927734375
calculating influence -- done
[ADD ORG DATA] Use 3633 samples. Get 5840 labels. Ratio: 0.6220890410958904
Files already downloaded and verified
3255 originally labeled samples, 1161 new samples, and 158354 unlabeled samples. Total: 162770
 30.24% | time: 837.4s ( 81.2m) | step:   2307 | train acc: 1.000 | train loss: 0.005 |test acc: 0.679 (0.667, 0.699) | test eop gap: 0.1746
 30.24% | time:   1.4s ( 81.2m) | step:   2307 | train acc: 1.000 | train loss: 0.005 |val acc: 0.696 (0.707, 0.678) | val eop gap: 0.2209
begin calculating influence
[Strategy 5] Acc of expected label: 0.8122433013886172
calculating influence -- done
Use 3663 samples. Get 3816 labels. Ratio: 0.9599056603773585
Files already downloaded and verified
3255 originally labeled samples, 417 new samples, and 5083 unlabeled samples. Total: 8755
begin calculating influence
[Strategy 5] Acc of expected label: 0.68671875
calculating influence -- done
[ADD ORG DATA] Use 3663 samples. Get 6433 labels. Ratio: 0.5694077413337478
Files already downloaded and verified
3255 originally labeled samples, 1417 new samples, and 158098 unlabeled samples. Total: 162770
 32.86% | time: 850.6s ( 95.4m) | step:   2507 | train acc: 1.000 | train loss: 0.003 |test acc: 0.683 (0.665, 0.712) | test eop gap: 0.1644
 32.86% | time:   1.5s ( 95.5m) | step:   2507 | train acc: 1.000 | train loss: 0.003 |val acc: 0.686 (0.675, 0.704) | val eop gap: 0.1561
begin calculating influence
[Strategy 5] Acc of expected label: 0.8024788510722014
calculating influence -- done
Use 3681 samples. Get 3839 labels. Ratio: 0.9588434488147956
Files already downloaded and verified
3255 originally labeled samples, 435 new samples, and 5065 unlabeled samples. Total: 8755
begin calculating influence
[Strategy 5] Acc of expected label: 0.688828125
calculating influence -- done
[ADD ORG DATA] Use 3681 samples. Get 7103 labels. Ratio: 0.5182317330705336
Files already downloaded and verified
3255 originally labeled samples, 1673 new samples, and 157842 unlabeled samples. Total: 162770
 33.32% | time: 790.6s (108.6m) | step:   2542 | train acc: 1.000 | train loss: 0.006 |test acc: 0.679 (0.660, 0.709) | test eop gap: 0.1495
 33.32% | time:   1.5s (108.7m) | step:   2542 | train acc: 1.000 | train loss: 0.006 |val acc: 0.684 (0.669, 0.706) | val eop gap: 0.1192
begin calculating influence
[Strategy 5] Acc of expected label: 0.8302073050345509
calculating influence -- done
Use 3763 samples. Get 3932 labels. Ratio: 0.9570193285859614
Files already downloaded and verified
3255 originally labeled samples, 519 new samples, and 4981 unlabeled samples. Total: 8755
begin calculating influence
[Strategy 5] Acc of expected label: 0.6816015625
calculating influence -- done
[ADD ORG DATA] Use 3763 samples. Get 7736 labels. Ratio: 0.48642709410548085
Files already downloaded and verified
3255 originally labeled samples, 1929 new samples, and 157586 unlabeled samples. Total: 162770
Epoch 4
 35.95% | time: 835.9s (122.6m) | step:   2743 | train acc: 1.000 | train loss: 0.010 |test acc: 0.578 (0.553, 0.617) | test eop gap: 0.0635
 35.95% | time:   1.5s (122.6m) | step:   2743 | train acc: 1.000 | train loss: 0.010 |val acc: 0.577 (0.539, 0.637) | val eop gap: 0.1739
begin calculating influence
[Strategy 5] Acc of expected label: 0.8496285886368199
calculating influence -- done
Use 4011 samples. Get 4207 labels. Ratio: 0.9534109816971714
Files already downloaded and verified
3255 originally labeled samples, 775 new samples, and 4725 unlabeled samples. Total: 8755
begin calculating influence
[Strategy 5] Acc of expected label: 0.5841796875
calculating influence -- done
[ADD ORG DATA] Use 4011 samples. Get 8066 labels. Ratio: 0.4972725018596578
Files already downloaded and verified
3255 originally labeled samples, 2185 new samples, and 157330 unlabeled samples. Total: 162770
 38.58% | time: 836.0s (136.5m) | step:   2943 | train acc: 1.000 | train loss: 0.000 |test acc: 0.650 (0.603, 0.724) | test eop gap: 0.1011
 38.58% | time:   1.4s (136.6m) | step:   2943 | train acc: 1.000 | train loss: 0.000 |val acc: 0.645 (0.599, 0.714) | val eop gap: 0.1382
begin calculating influence
[Strategy 5] Acc of expected label: 0.8582010582010582
calculating influence -- done
Use 4048 samples. Get 4293 labels. Ratio: 0.9429303517353832
Files already downloaded and verified
3255 originally labeled samples, 812 new samples, and 4688 unlabeled samples. Total: 8755
begin calculating influence
[Strategy 5] Acc of expected label: 0.659375
calculating influence -- done
[ADD ORG DATA] Use 4048 samples. Get 8609 labels. Ratio: 0.4702055987919619
Files already downloaded and verified
3255 originally labeled samples, 2441 new samples, and 157074 unlabeled samples. Total: 162770
 41.20% | time: 828.5s (150.4m) | step:   3143 | train acc: 1.000 | train loss: 0.001 |test acc: 0.654 (0.624, 0.702) | test eop gap: 0.0668
 41.20% | time:   1.4s (150.4m) | step:   3143 | train acc: 1.000 | train loss: 0.001 |val acc: 0.667 (0.636, 0.716) | val eop gap: 0.0385
begin calculating influence
[Strategy 5] Acc of expected label: 0.8545221843003413
calculating influence -- done
Use 4059 samples. Get 4305 labels. Ratio: 0.9428571428571428
Files already downloaded and verified
3255 originally labeled samples, 823 new samples, and 4677 unlabeled samples. Total: 8755
begin calculating influence
[Strategy 5] Acc of expected label: 0.659453125
calculating influence -- done
[ADD ORG DATA] Use 4059 samples. Get 9051 labels. Ratio: 0.4484587338415645
Files already downloaded and verified
3255 originally labeled samples, 2697 new samples, and 156818 unlabeled samples. Total: 162770
 41.66% | time: 776.4s (163.3m) | step:   3178 | train acc: 1.000 | train loss: 0.000 |test acc: 0.656 (0.655, 0.657) | test eop gap: 0.0624
 41.66% | time:   1.6s (163.4m) | step:   3178 | train acc: 1.000 | train loss: 0.000 |val acc: 0.645 (0.643, 0.646) | val eop gap: 0.0527
begin calculating influence
[Strategy 5] Acc of expected label: 0.846696600384862
calculating influence -- done
Use 4198 samples. Get 4475 labels. Ratio: 0.9381005586592179
Files already downloaded and verified
3255 originally labeled samples, 963 new samples, and 4537 unlabeled samples. Total: 8755
begin calculating influence
[Strategy 5] Acc of expected label: 0.66984375
calculating influence -- done
[ADD ORG DATA] Use 4198 samples. Get 9648 labels. Ratio: 0.4351160862354892
Files already downloaded and verified
3255 originally labeled samples, 2953 new samples, and 156562 unlabeled samples. Total: 162770
Epoch 5
 44.29% | time: 831.9s (177.2m) | step:   3379 | train acc: 1.000 | train loss: 0.001 |test acc: 0.688 (0.663, 0.728) | test eop gap: 0.1637
 44.29% | time:   1.5s (177.3m) | step:   3379 | train acc: 1.000 | train loss: 0.001 |val acc: 0.700 (0.676, 0.737) | val eop gap: 0.1078
begin calculating influence
[Strategy 5] Acc of expected label: 0.8454926162662553
calculating influence -- done
Use 4284 samples. Get 4573 labels. Ratio: 0.9368029739776952
Files already downloaded and verified
3255 originally labeled samples, 1049 new samples, and 4451 unlabeled samples. Total: 8755
begin calculating influence
[Strategy 5] Acc of expected label: 0.6866015625
calculating influence -- done
[ADD ORG DATA] Use 4284 samples. Get 10320 labels. Ratio: 0.41511627906976745
Files already downloaded and verified
3255 originally labeled samples, 3209 new samples, and 156306 unlabeled samples. Total: 162770
 46.91% | time: 823.7s (191.0m) | step:   3579 | train acc: 1.000 | train loss: 0.001 |test acc: 0.653 (0.635, 0.680) | test eop gap: 0.0530
 46.91% | time:   1.4s (191.0m) | step:   3579 | train acc: 1.000 | train loss: 0.001 |val acc: 0.654 (0.622, 0.703) | val eop gap: 0.0143
begin calculating influence
[Strategy 5] Acc of expected label: 0.8465513367782521
calculating influence -- done
Use 4296 samples. Get 4589 labels. Ratio: 0.936151667029854
Files already downloaded and verified
3255 originally labeled samples, 1063 new samples, and 4437 unlabeled samples. Total: 8755
begin calculating influence
[Strategy 5] Acc of expected label: 0.6571484375
calculating influence -- done
[ADD ORG DATA] Use 4296 samples. Get 11011 labels. Ratio: 0.39015529924620834
Files already downloaded and verified
3255 originally labeled samples, 3465 new samples, and 156050 unlabeled samples. Total: 162770
 49.53% | time: 819.3s (204.7m) | step:   3779 | train acc: 0.961 | train loss: 0.093 |test acc: 0.677 (0.641, 0.733) | test eop gap: 0.1501
 49.53% | time:   1.4s (204.7m) | step:   3779 | train acc: 0.961 | train loss: 0.093 |val acc: 0.682 (0.659, 0.718) | val eop gap: 0.1305
begin calculating influence
[Strategy 5] Acc of expected label: 0.8494478251070543
calculating influence -- done
Use 4311 samples. Get 4617 labels. Ratio: 0.9337231968810916
Files already downloaded and verified
3255 originally labeled samples, 1078 new samples, and 4422 unlabeled samples. Total: 8755
begin calculating influence
[Strategy 5] Acc of expected label: 0.6814453125
calculating influence -- done
[ADD ORG DATA] Use 4311 samples. Get 11552 labels. Ratio: 0.37318213296398894
Files already downloaded and verified
3255 originally labeled samples, 3721 new samples, and 155794 unlabeled samples. Total: 162770
 49.99% | time: 746.4s (217.1m) | step:   3814 | train acc: 1.000 | train loss: 0.001 |test acc: 0.657 (0.655, 0.660) | test eop gap: 0.0645
 49.99% | time:   1.4s (217.1m) | step:   3814 | train acc: 1.000 | train loss: 0.001 |val acc: 0.646 (0.641, 0.654) | val eop gap: 0.0747
begin calculating influence
[Strategy 5] Acc of expected label: 0.8466757123473542
calculating influence -- done
Use 4315 samples. Get 4623 labels. Ratio: 0.9333765952844473
Files already downloaded and verified
3255 originally labeled samples, 1082 new samples, and 4418 unlabeled samples. Total: 8755
begin calculating influence
[Strategy 5] Acc of expected label: 0.658828125
calculating influence -- done
[ADD ORG DATA] Use 4315 samples. Get 12184 labels. Ratio: 0.35415298752462243
Files already downloaded and verified
3255 originally labeled samples, 3977 new samples, and 155538 unlabeled samples. Total: 162770
Epoch 6
 52.62% | time: 829.5s (231.0m) | step:   4014 | train acc: 1.000 | train loss: 0.001 |test acc: 0.648 (0.626, 0.682) | test eop gap: 0.0502
 52.62% | time:   1.3s (231.0m) | step:   4014 | train acc: 1.000 | train loss: 0.001 |val acc: 0.648 (0.619, 0.691) | val eop gap: 0.0119
begin calculating influence
[Strategy 5] Acc of expected label: 0.8474422815753735
calculating influence -- done
Use 4327 samples. Get 4635 labels. Ratio: 0.9335490830636461
Files already downloaded and verified
3255 originally labeled samples, 1094 new samples, and 4406 unlabeled samples. Total: 8755
begin calculating influence
[Strategy 5] Acc of expected label: 0.6493359375
calculating influence -- done
[ADD ORG DATA] Use 4327 samples. Get 12750 labels. Ratio: 0.33937254901960784
Files already downloaded and verified
3255 originally labeled samples, 4233 new samples, and 155282 unlabeled samples. Total: 162770
 55.24% | time: 830.3s (244.8m) | step:   4214 | train acc: 1.000 | train loss: 0.008 |test acc: 0.660 (0.616, 0.729) | test eop gap: 0.1157
 55.24% | time:   1.4s (244.9m) | step:   4214 | train acc: 1.000 | train loss: 0.008 |val acc: 0.657 (0.614, 0.727) | val eop gap: 0.1169
begin calculating influence
[Strategy 5] Acc of expected label: 0.8506581933726737
calculating influence -- done
Use 4338 samples. Get 4688 labels. Ratio: 0.9253412969283277
Files already downloaded and verified
3255 originally labeled samples, 1105 new samples, and 4395 unlabeled samples. Total: 8755
begin calculating influence
[Strategy 5] Acc of expected label: 0.664453125
calculating influence -- done
[ADD ORG DATA] Use 4338 samples. Get 13177 labels. Ratio: 0.3292099870987326
Files already downloaded and verified
3255 originally labeled samples, 4489 new samples, and 155026 unlabeled samples. Total: 162770
 57.86% | time: 841.1s (258.9m) | step:   4414 | train acc: 1.000 | train loss: 0.001 |test acc: 0.653 (0.629, 0.692) | test eop gap: 0.0508
 57.86% | time:   1.4s (258.9m) | step:   4414 | train acc: 1.000 | train loss: 0.001 |val acc: 0.663 (0.630, 0.715) | val eop gap: 0.0073
begin calculating influence
[Strategy 5] Acc of expected label: 0.8466439135381115
calculating influence -- done
Use 4587 samples. Get 4977 labels. Ratio: 0.9216395418927065
Files already downloaded and verified
3255 originally labeled samples, 1361 new samples, and 4139 unlabeled samples. Total: 8755
begin calculating influence
[Strategy 5] Acc of expected label: 0.6590625
calculating influence -- done
[ADD ORG DATA] Use 4587 samples. Get 13595 labels. Ratio: 0.3374034571533652
Files already downloaded and verified
3255 originally labeled samples, 4745 new samples, and 154770 unlabeled samples. Total: 162770
 58.32% | time: 773.8s (271.8m) | step:   4449 | train acc: 0.977 | train loss: 0.048 |test acc: 0.670 (0.633, 0.727) | test eop gap: 0.1096
 58.32% | time:   1.5s (271.8m) | step:   4449 | train acc: 0.977 | train loss: 0.048 |val acc: 0.673 (0.635, 0.730) | val eop gap: 0.0538
begin calculating influence
[Strategy 5] Acc of expected label: 0.843682048804059
calculating influence -- done
Use 4592 samples. Get 4983 labels. Ratio: 0.9215332129239414
Files already downloaded and verified
3255 originally labeled samples, 1366 new samples, and 4134 unlabeled samples. Total: 8755
begin calculating influence
[Strategy 5] Acc of expected label: 0.6705859375
calculating influence -- done
[ADD ORG DATA] Use 4592 samples. Get 14078 labels. Ratio: 0.32618269640573944
Files already downloaded and verified
3255 originally labeled samples, 5001 new samples, and 154514 unlabeled samples. Total: 162770
Epoch 7
 60.95% | time: 824.1s (285.6m) | step:   4650 | train acc: 1.000 | train loss: 0.000 |test acc: 0.669 (0.643, 0.710) | test eop gap: 0.0879
 60.95% | time:   1.4s (285.6m) | step:   4650 | train acc: 1.000 | train loss: 0.000 |val acc: 0.665 (0.644, 0.698) | val eop gap: 0.0823
begin calculating influence
[Strategy 5] Acc of expected label: 0.8442186744073537
calculating influence -- done
Use 4621 samples. Get 5009 labels. Ratio: 0.9225394290277501
Files already downloaded and verified
3255 originally labeled samples, 1395 new samples, and 4105 unlabeled samples. Total: 8755
begin calculating influence
[Strategy 5] Acc of expected label: 0.6708203125
calculating influence -- done
[ADD ORG DATA] Use 4621 samples. Get 14617 labels. Ratio: 0.3161387425600328
Files already downloaded and verified
3255 originally labeled samples, 5257 new samples, and 154258 unlabeled samples. Total: 162770
 63.57% | time: 815.5s (299.2m) | step:   4850 | train acc: 0.996 | train loss: 0.029 |test acc: 0.675 (0.654, 0.710) | test eop gap: 0.1489
 63.57% | time:   1.4s (299.2m) | step:   4850 | train acc: 0.996 | train loss: 0.029 |val acc: 0.670 (0.628, 0.735) | val eop gap: 0.0479
begin calculating influence
[Strategy 5] Acc of expected label: 0.8438489646772229
calculating influence -- done
Use 4638 samples. Get 5026 labels. Ratio: 0.9228014325507362
Files already downloaded and verified
3255 originally labeled samples, 1413 new samples, and 4087 unlabeled samples. Total: 8755
begin calculating influence
[Strategy 5] Acc of expected label: 0.6740234375
calculating influence -- done
[ADD ORG DATA] Use 4638 samples. Get 15109 labels. Ratio: 0.3069693560129724
Files already downloaded and verified
3255 originally labeled samples, 5513 new samples, and 154002 unlabeled samples. Total: 162770
 66.19% | time: 816.8s (312.8m) | step:   5050 | train acc: 1.000 | train loss: 0.002 |test acc: 0.672 (0.640, 0.723) | test eop gap: 0.1012
 66.19% | time:   1.3s (312.8m) | step:   5050 | train acc: 1.000 | train loss: 0.002 |val acc: 0.673 (0.646, 0.716) | val eop gap: 0.0642
begin calculating influence
[Strategy 5] Acc of expected label: 0.8443846342060191
calculating influence -- done
Use 4642 samples. Get 5029 labels. Ratio: 0.9230463312785843
Files already downloaded and verified
3255 originally labeled samples, 1417 new samples, and 4083 unlabeled samples. Total: 8755
begin calculating influence
[Strategy 5] Acc of expected label: 0.67125
calculating influence -- done
[ADD ORG DATA] Use 4642 samples. Get 15606 labels. Ratio: 0.29744969883378186
Files already downloaded and verified
3255 originally labeled samples, 5769 new samples, and 153746 unlabeled samples. Total: 162770
 66.65% | time: 774.4s (325.7m) | step:   5085 | train acc: 1.000 | train loss: 0.005 |test acc: 0.670 (0.651, 0.701) | test eop gap: 0.0856
 66.65% | time:   1.4s (325.8m) | step:   5085 | train acc: 1.000 | train loss: 0.005 |val acc: 0.669 (0.654, 0.693) | val eop gap: 0.0843
begin calculating influence
[Strategy 5] Acc of expected label: 0.843007592456527
calculating influence -- done
Use 4672 samples. Get 5057 labels. Ratio: 0.9238679058730472
Files already downloaded and verified
3255 originally labeled samples, 1448 new samples, and 4052 unlabeled samples. Total: 8755
begin calculating influence
[Strategy 5] Acc of expected label: 0.6738671875
calculating influence -- done
[ADD ORG DATA] Use 4672 samples. Get 16047 labels. Ratio: 0.2911447622608587
Files already downloaded and verified
3255 originally labeled samples, 6025 new samples, and 153490 unlabeled samples. Total: 162770
Epoch 8
 69.29% | time: 828.3s (339.6m) | step:   5286 | train acc: 0.984 | train loss: 0.054 |test acc: 0.680 (0.655, 0.720) | test eop gap: 0.1229
 69.29% | time:   1.4s (339.6m) | step:   5286 | train acc: 0.984 | train loss: 0.054 |val acc: 0.680 (0.658, 0.713) | val eop gap: 0.1015
begin calculating influence
[Strategy 5] Acc of expected label: 0.8482230997038499
calculating influence -- done
Use 4679 samples. Get 5065 labels. Ratio: 0.9237907206317868
Files already downloaded and verified
3255 originally labeled samples, 1455 new samples, and 4045 unlabeled samples. Total: 8755
begin calculating influence
[Strategy 5] Acc of expected label: 0.681484375
calculating influence -- done
[ADD ORG DATA] Use 4679 samples. Get 16524 labels. Ratio: 0.28316388283708543
Files already downloaded and verified
3255 originally labeled samples, 6281 new samples, and 153234 unlabeled samples. Total: 162770
 71.91% | time: 831.5s (353.4m) | step:   5486 | train acc: 0.980 | train loss: 0.053 |test acc: 0.669 (0.634, 0.724) | test eop gap: 0.1131
 71.91% | time:   1.3s (353.5m) | step:   5486 | train acc: 0.980 | train loss: 0.053 |val acc: 0.686 (0.657, 0.732) | val eop gap: 0.0811
begin calculating influence
[Strategy 5] Acc of expected label: 0.8452410383189123
calculating influence -- done
Use 4682 samples. Get 5067 labels. Ratio: 0.9240181567002171
Files already downloaded and verified
3255 originally labeled samples, 1458 new samples, and 4042 unlabeled samples. Total: 8755
begin calculating influence
[Strategy 5] Acc of expected label: 0.671796875
calculating influence -- done
[ADD ORG DATA] Use 4682 samples. Get 17068 labels. Ratio: 0.2743145066791657
Files already downloaded and verified
3255 originally labeled samples, 6537 new samples, and 152978 unlabeled samples. Total: 162770
 74.53% | time: 821.0s (367.1m) | step:   5686 | train acc: 1.000 | train loss: 0.002 |test acc: 0.675 (0.648, 0.717) | test eop gap: 0.1130
 74.53% | time:   1.4s (367.2m) | step:   5686 | train acc: 1.000 | train loss: 0.002 |val acc: 0.674 (0.651, 0.714) | val eop gap: 0.0578
begin calculating influence
[Strategy 5] Acc of expected label: 0.8466105888174171
calculating influence -- done
Use 4692 samples. Get 5076 labels. Ratio: 0.9243498817966903
Files already downloaded and verified
3255 originally labeled samples, 1468 new samples, and 4032 unlabeled samples. Total: 8755
begin calculating influence
[Strategy 5] Acc of expected label: 0.679296875
calculating influence -- done
[ADD ORG DATA] Use 4692 samples. Get 17600 labels. Ratio: 0.2665909090909091
Files already downloaded and verified
3255 originally labeled samples, 6793 new samples, and 152722 unlabeled samples. Total: 162770
 74.99% | time: 769.0s (380.0m) | step:   5721 | train acc: 0.977 | train loss: 0.086 |test acc: 0.672 (0.644, 0.718) | test eop gap: 0.0565
 74.99% | time:   1.4s (380.0m) | step:   5721 | train acc: 0.977 | train loss: 0.086 |val acc: 0.678 (0.663, 0.703) | val eop gap: 0.0558
begin calculating influence
[Strategy 5] Acc of expected label: 0.8432539682539683
calculating influence -- done
Use 4846 samples. Get 5249 labels. Ratio: 0.9232234711373595
Files already downloaded and verified
3255 originally labeled samples, 1629 new samples, and 3871 unlabeled samples. Total: 8755
begin calculating influence
[Strategy 5] Acc of expected label: 0.668203125
calculating influence -- done
[ADD ORG DATA] Use 4846 samples. Get 18036 labels. Ratio: 0.2686848525171878
Files already downloaded and verified
3255 originally labeled samples, 7049 new samples, and 152466 unlabeled samples. Total: 162770
Epoch 9
 77.62% | time: 825.7s (393.8m) | step:   5922 | train acc: 1.000 | train loss: 0.001 |test acc: 0.680 (0.668, 0.700) | test eop gap: 0.1271
 77.62% | time:   1.4s (393.8m) | step:   5922 | train acc: 1.000 | train loss: 0.001 |val acc: 0.681 (0.669, 0.699) | val eop gap: 0.0405
begin calculating influence
[Strategy 5] Acc of expected label: 0.837768018599845
calculating influence -- done
Use 5098 samples. Get 5518 labels. Ratio: 0.9238854657484595
Files already downloaded and verified
3255 originally labeled samples, 1885 new samples, and 3615 unlabeled samples. Total: 8755
begin calculating influence
[Strategy 5] Acc of expected label: 0.6778125
calculating influence -- done
[ADD ORG DATA] Use 5098 samples. Get 18494 labels. Ratio: 0.2756569698280523
Files already downloaded and verified
3255 originally labeled samples, 7305 new samples, and 152210 unlabeled samples. Total: 162770
 80.25% | time: 824.8s (407.5m) | step:   6122 | train acc: 1.000 | train loss: 0.000 |test acc: 0.690 (0.658, 0.741) | test eop gap: 0.1267
 80.25% | time:   1.6s (407.6m) | step:   6122 | train acc: 1.000 | train loss: 0.000 |val acc: 0.691 (0.660, 0.743) | val eop gap: 0.0807
begin calculating influence
[Strategy 5] Acc of expected label: 0.8320885200553251
calculating influence -- done
Use 5098 samples. Get 5519 labels. Ratio: 0.9237180648668237
Files already downloaded and verified
3255 originally labeled samples, 1885 new samples, and 3615 unlabeled samples. Total: 8755
begin calculating influence
[Strategy 5] Acc of expected label: 0.685859375
calculating influence -- done
[ADD ORG DATA] Use 5098 samples. Get 19025 labels. Ratio: 0.26796320630749015
Files already downloaded and verified
3255 originally labeled samples, 7561 new samples, and 151954 unlabeled samples. Total: 162770
 82.87% | time: 808.3s (421.0m) | step:   6322 | train acc: 0.996 | train loss: 0.017 |test acc: 0.681 (0.659, 0.717) | test eop gap: 0.1264
 82.87% | time:   1.4s (421.1m) | step:   6322 | train acc: 0.996 | train loss: 0.017 |val acc: 0.682 (0.665, 0.707) | val eop gap: 0.0993
begin calculating influence
[Strategy 5] Acc of expected label: 0.8348547717842324
calculating influence -- done
Use 5098 samples. Get 5520 labels. Ratio: 0.9235507246376812
Files already downloaded and verified
3255 originally labeled samples, 1885 new samples, and 3615 unlabeled samples. Total: 8755
begin calculating influence
[Strategy 5] Acc of expected label: 0.678671875
calculating influence -- done
[ADD ORG DATA] Use 5098 samples. Get 19542 labels. Ratio: 0.2608740149421758
Files already downloaded and verified
3255 originally labeled samples, 7817 new samples, and 151698 unlabeled samples. Total: 162770
 83.33% | time: 751.1s (433.6m) | step:   6357 | train acc: 0.992 | train loss: 0.023 |test acc: 0.690 (0.663, 0.735) | test eop gap: 0.1418
 83.33% | time:   1.4s (433.6m) | step:   6357 | train acc: 0.992 | train loss: 0.023 |val acc: 0.689 (0.673, 0.713) | val eop gap: 0.1318
begin calculating influence
[Strategy 5] Acc of expected label: 0.8318118948824343
calculating influence -- done
Use 5107 samples. Get 5530 labels. Ratio: 0.9235081374321881
Files already downloaded and verified
3255 originally labeled samples, 1894 new samples, and 3606 unlabeled samples. Total: 8755
begin calculating influence
[Strategy 5] Acc of expected label: 0.6894140625
calculating influence -- done
[ADD ORG DATA] Use 5107 samples. Get 19968 labels. Ratio: 0.25575921474358976
Files already downloaded and verified
3255 originally labeled samples, 8073 new samples, and 151442 unlabeled samples. Total: 162770
Epoch 10
 85.96% | time: 808.2s (447.1m) | step:   6558 | train acc: 1.000 | train loss: 0.000 |test acc: 0.688 (0.670, 0.716) | test eop gap: 0.1150
 85.96% | time:   1.4s (447.1m) | step:   6558 | train acc: 1.000 | train loss: 0.000 |val acc: 0.693 (0.673, 0.724) | val eop gap: 0.0969
begin calculating influence
calculating influence -- done
length of new labels 9
Use 5107+9 = 5116 samples.
Files already downloaded and verified
3255 originally labeled samples, 1903 new samples, and 3597 unlabeled samples. Total: 8755
begin calculating influence
[Strategy 5] Acc of expected label: 0.6878125
calculating influence -- done
[ADD ORG DATA] Use 5116 samples. Get 20523 labels. Ratio: 0.2492812941577742
Files already downloaded and verified
3255 originally labeled samples, 8329 new samples, and 151186 unlabeled samples. Total: 162770
 88.58% | time: 818.9s (460.7m) | step:   6758 | train acc: 1.000 | train loss: 0.000 |test acc: 0.692 (0.670, 0.727) | test eop gap: 0.1343
 88.58% | time:   1.6s (460.8m) | step:   6758 | train acc: 1.000 | train loss: 0.000 |val acc: 0.701 (0.698, 0.706) | val eop gap: 0.1557
begin calculating influence
calculating influence -- done
length of new labels 230
Use 5104+230 = 5334 samples.
Files already downloaded and verified
3255 originally labeled samples, 2124 new samples, and 3376 unlabeled samples. Total: 8755
begin calculating influence
[Strategy 5] Acc of expected label: 0.6922265625
calculating influence -- done
[ADD ORG DATA] Use 5334 samples. Get 21020 labels. Ratio: 0.25375832540437676
Files already downloaded and verified
3255 originally labeled samples, 8585 new samples, and 150930 unlabeled samples. Total: 162770
 91.20% | time: 812.9s (474.3m) | step:   6958 | train acc: 1.000 | train loss: 0.001 |test acc: 0.694 (0.670, 0.731) | test eop gap: 0.1839
 91.20% | time:   1.3s (474.3m) | step:   6958 | train acc: 1.000 | train loss: 0.001 |val acc: 0.691 (0.682, 0.703) | val eop gap: 0.1676
begin calculating influence
calculating influence -- done
length of new labels 234
Use 5104+234 = 5338 samples.
Files already downloaded and verified
3255 originally labeled samples, 2128 new samples, and 3372 unlabeled samples. Total: 8755
begin calculating influence
[Strategy 5] Acc of expected label: 0.6951953125
calculating influence -- done
[ADD ORG DATA] Use 5338 samples. Get 21514 labels. Ratio: 0.2481175048805429
Files already downloaded and verified
3255 originally labeled samples, 8841 new samples, and 150674 unlabeled samples. Total: 162770
 91.66% | time: 751.4s (486.9m) | step:   6993 | train acc: 1.000 | train loss: 0.000 |test acc: 0.683 (0.658, 0.724) | test eop gap: 0.1419
 91.66% | time:   1.4s (486.9m) | step:   6993 | train acc: 1.000 | train loss: 0.000 |val acc: 0.694 (0.669, 0.734) | val eop gap: 0.1088
begin calculating influence
calculating influence -- done
length of new labels 242
Use 5104+242 = 5346 samples.
Files already downloaded and verified
3255 originally labeled samples, 2136 new samples, and 3364 unlabeled samples. Total: 8755
begin calculating influence
[Strategy 5] Acc of expected label: 0.6809375
calculating influence -- done
[ADD ORG DATA] Use 5346 samples. Get 21908 labels. Ratio: 0.24402044915099508
Files already downloaded and verified
3255 originally labeled samples, 9097 new samples, and 150418 unlabeled samples. Total: 162770
Epoch 11
 94.30% | time: 806.0s (500.3m) | step:   7194 | train acc: 1.000 | train loss: 0.007 |test acc: 0.694 (0.679, 0.718) | test eop gap: 0.1195
 94.30% | time:   1.5s (500.4m) | step:   7194 | train acc: 1.000 | train loss: 0.007 |val acc: 0.689 (0.685, 0.697) | val eop gap: 0.1056
begin calculating influence
calculating influence -- done
length of new labels 396
Use 5101+396 = 5497 samples.
Files already downloaded and verified
3255 originally labeled samples, 2290 new samples, and 3210 unlabeled samples. Total: 8755
begin calculating influence
[Strategy 5] Acc of expected label: 0.6983203125
calculating influence -- done
[ADD ORG DATA] Use 5497 samples. Get 22488 labels. Ratio: 0.2444414799003913
Files already downloaded and verified
3255 originally labeled samples, 9353 new samples, and 150162 unlabeled samples. Total: 162770
 96.92% | time: 810.5s (513.9m) | step:   7394 | train acc: 1.000 | train loss: 0.006 |test acc: 0.687 (0.657, 0.734) | test eop gap: 0.1197
 96.92% | time:   1.4s (513.9m) | step:   7394 | train acc: 1.000 | train loss: 0.006 |val acc: 0.674 (0.650, 0.711) | val eop gap: 0.0913
begin calculating influence
[Strategy 5] Acc of expected label: 0.8722741433021807
calculating influence -- done
Use 5509 samples. Get 5541 labels. Ratio: 0.9942248691571919
Files already downloaded and verified
3255 originally labeled samples, 2303 new samples, and 3197 unlabeled samples. Total: 8755
begin calculating influence
[Strategy 5] Acc of expected label: 0.68625
calculating influence -- done
[ADD ORG DATA] Use 5509 samples. Get 22929 labels. Ratio: 0.24026342186750405
Files already downloaded and verified
3255 originally labeled samples, 9609 new samples, and 149906 unlabeled samples. Total: 162770
 99.54% | time: 799.4s (527.2m) | step:   7594 | train acc: 1.000 | train loss: 0.000 |test acc: 0.689 (0.661, 0.733) | test eop gap: 0.1231
 99.54% | time:   1.5s (527.2m) | step:   7594 | train acc: 1.000 | train loss: 0.000 |val acc: 0.691 (0.684, 0.701) | val eop gap: 0.1160
begin calculating influence
calculating influence -- done
length of new labels 399
Use 5113+399 = 5512 samples.
Files already downloaded and verified
3255 originally labeled samples, 2306 new samples, and 3194 unlabeled samples. Total: 8755
begin calculating influence
[Strategy 5] Acc of expected label: 0.6975390625
calculating influence -- done
[ADD ORG DATA] Use 5512 samples. Get 23382 labels. Ratio: 0.23573689162603711
Files already downloaded and verified
3255 originally labeled samples, 9865 new samples, and 149650 unlabeled samples. Total: 162770
100.00% | time: 752.0s (539.8m) | step:   7629 | train acc: 1.000 | train loss: 0.000 |test acc: 0.684 (0.673, 0.700) | test eop gap: 0.1093
100.00% | time:   1.4s (539.8m) | step:   7629 | train acc: 1.000 | train loss: 0.000 |val acc: 0.699 (0.703, 0.692) | val eop gap: 0.1056
begin calculating influence
calculating influence -- done
length of new labels 585
Use 5109+585 = 5694 samples.
Files already downloaded and verified
3255 originally labeled samples, 2492 new samples, and 3008 unlabeled samples. Total: 8755
begin calculating influence
[Strategy 5] Acc of expected label: 0.68875
calculating influence -- done
[ADD ORG DATA] Use 5694 samples. Get 23899 labels. Ratio: 0.23825264655424913
Files already downloaded and verified
3255 originally labeled samples, 10121 new samples, and 149394 unlabeled samples. Total: 162770
