Files already downloaded and verified
3255 originally labeled samples, 0 new samples, and 5500 unlabeled samples. Total: 8755
Files already downloaded and verified
3255 originally labeled samples, 0 new samples, and 159515 unlabeled samples. Total: 162770
Files already downloaded and verified
1996 originally labeled samples, 0 new samples, and 17966 unlabeled samples. Total: 19962
Numer of layers 200
train net...
train with 162770 samples (with replacement) in one epoch
Epoch 0
  2.62% | time:  99.2s (  1.7m) | step:    200 | train acc: 0.902 | train loss: 0.255 |warm_t acc: 0.709 (0.695, 0.732) | warm_t eod gap: 0.3269
  2.62% | time:   5.3s (  1.7m) | step:    200 | train acc: 0.902 | train loss: 0.255 |warm_v acc: 0.703 (0.696, 0.715) | warm_v eod gap: 0.3421
  5.24% | time:  80.5s (  3.1m) | step:    400 | train acc: 1.000 | train loss: 0.001 |warm_t acc: 0.707 (0.686, 0.741) | warm_t eod gap: 0.2862
  5.24% | time:   1.3s (  3.1m) | step:    400 | train acc: 1.000 | train loss: 0.001 |warm_v acc: 0.686 (0.673, 0.707) | warm_v eod gap: 0.3191
  7.86% | time:  79.4s (  4.4m) | step:    600 | train acc: 1.000 | train loss: 0.000 |warm_t acc: 0.707 (0.686, 0.740) | warm_t eod gap: 0.2870
  7.86% | time:   1.4s (  4.5m) | step:    600 | train acc: 1.000 | train loss: 0.000 |warm_v acc: 0.692 (0.677, 0.716) | warm_v eod gap: 0.3225
  8.32% | time:  21.9s (  4.8m) | step:    635 | train acc: 1.000 | train loss: 0.000 |warm_t acc: 0.707 (0.686, 0.741) | warm_t eod gap: 0.2857
  8.32% | time:   1.1s (  4.8m) | step:    635 | train acc: 1.000 | train loss: 0.000 |warm_v acc: 0.704 (0.687, 0.731) | warm_v eod gap: 0.2880
Epoch 1
 10.95% | time:  83.4s (  6.2m) | step:    835 | train acc: 1.000 | train loss: 0.000 |warm_t acc: 0.707 (0.686, 0.741) | warm_t eod gap: 0.2855
 10.95% | time:   1.1s (  6.2m) | step:    835 | train acc: 1.000 | train loss: 0.000 |warm_v acc: 0.701 (0.688, 0.722) | warm_v eod gap: 0.2974
 13.57% | time:  81.1s (  7.6m) | step:   1035 | train acc: 1.000 | train loss: 0.000 |warm_t acc: 0.707 (0.686, 0.741) | warm_t eod gap: 0.2851
 13.57% | time:   1.1s (  7.6m) | step:   1035 | train acc: 1.000 | train loss: 0.000 |warm_v acc: 0.701 (0.687, 0.721) | warm_v eod gap: 0.2923
 16.19% | time:  78.1s (  8.9m) | step:   1235 | train acc: 1.000 | train loss: 0.000 |warm_t acc: 0.707 (0.686, 0.741) | warm_t eod gap: 0.2843
 16.19% | time:   1.2s (  8.9m) | step:   1235 | train acc: 1.000 | train loss: 0.000 |warm_v acc: 0.699 (0.683, 0.721) | warm_v eod gap: 0.3248
 16.65% | time:  20.4s (  9.3m) | step:   1270 | train acc: 1.000 | train loss: 0.000 |warm_t acc: 0.707 (0.685, 0.741) | warm_t eod gap: 0.2842
 16.65% | time:   1.2s (  9.3m) | step:   1270 | train acc: 1.000 | train loss: 0.000 |warm_v acc: 0.693 (0.684, 0.708) | warm_v eod gap: 0.3273
Epoch 2
 19.28% | time:  77.0s ( 10.6m) | step:   1471 | train acc: 1.000 | train loss: 0.000 |test acc: 0.707 (0.686, 0.741) | test eod gap: 0.2841
 19.28% | time:   1.2s ( 10.6m) | step:   1471 | train acc: 1.000 | train loss: 0.000 |val acc: 0.705 (0.694, 0.722) | val eod gap: 0.3059
begin calculating influence
selected layers: [Traced<ShapedArray(float32[768])>with<DynamicJaxprTrace(level=0/1)>, Traced<ShapedArray(float32[8,8,3,768])>with<DynamicJaxprTrace(level=0/1)>, Traced<ShapedArray(float32[2])>with<DynamicJaxprTrace(level=0/1)>, Traced<ShapedArray(float32[768,2])>with<DynamicJaxprTrace(level=0/1)>]
[Strategy 5] Acc of expected label: 0.7945454545454546
calculating influence -- done
Use 3311 samples. Get 3392 labels. Ratio: 0.9761202830188679
Files already downloaded and verified
3255 originally labeled samples, 56 new samples, and 5444 unlabeled samples. Total: 8755
begin calculating influence
[Strategy 5] Acc of expected label: 0.706640625
calculating influence -- done
[ADD ORG DATA] Use 3311 samples. Get 3800 labels. Ratio: 0.8713157894736843
Files already downloaded and verified
3255 originally labeled samples, 256 new samples, and 159259 unlabeled samples. Total: 162770
 21.90% | time: 855.9s ( 24.9m) | step:   1671 | train acc: 0.891 | train loss: 0.262 |test acc: 0.667 (0.664, 0.673) | test eod gap: 0.1578
 21.90% | time:   1.4s ( 24.9m) | step:   1671 | train acc: 0.891 | train loss: 0.262 |val acc: 0.654 (0.665, 0.637) | val eod gap: 0.1334
begin calculating influence
[Strategy 5] Acc of expected label: 0.6838721528288023
calculating influence -- done
Use 3563 samples. Get 3679 labels. Ratio: 0.9684696928513183
Files already downloaded and verified
3255 originally labeled samples, 312 new samples, and 5188 unlabeled samples. Total: 8755
begin calculating influence
[Strategy 5] Acc of expected label: 0.6641796875
calculating influence -- done
[ADD ORG DATA] Use 3563 samples. Get 4153 labels. Ratio: 0.8579340235973995
Files already downloaded and verified
3255 originally labeled samples, 512 new samples, and 159003 unlabeled samples. Total: 162770
 24.52% | time: 845.7s ( 39.0m) | step:   1871 | train acc: 0.902 | train loss: 0.225 |test acc: 0.707 (0.676, 0.757) | test eod gap: 0.2651
 24.52% | time:   1.4s ( 39.0m) | step:   1871 | train acc: 0.902 | train loss: 0.225 |val acc: 0.703 (0.666, 0.759) | val eod gap: 0.2314
begin calculating influence
[Strategy 5] Acc of expected label: 0.8452197378565921
calculating influence -- done
Use 3586 samples. Get 3738 labels. Ratio: 0.9593365436062066
Files already downloaded and verified
3255 originally labeled samples, 335 new samples, and 5165 unlabeled samples. Total: 8755
begin calculating influence
[Strategy 5] Acc of expected label: 0.703125
calculating influence -- done
[ADD ORG DATA] Use 3586 samples. Get 4618 labels. Ratio: 0.7765266349068861
Files already downloaded and verified
3255 originally labeled samples, 768 new samples, and 158747 unlabeled samples. Total: 162770
 24.98% | time: 790.2s ( 52.2m) | step:   1906 | train acc: 1.000 | train loss: 0.009 |test acc: 0.711 (0.686, 0.750) | test eod gap: 0.2703
 24.98% | time:   1.4s ( 52.2m) | step:   1906 | train acc: 1.000 | train loss: 0.009 |val acc: 0.713 (0.695, 0.741) | val eod gap: 0.2338
begin calculating influence
[Strategy 5] Acc of expected label: 0.8327202323330106
calculating influence -- done
Use 3590 samples. Get 3743 labels. Ratio: 0.9591236975687951
Files already downloaded and verified
3255 originally labeled samples, 340 new samples, and 5160 unlabeled samples. Total: 8755
begin calculating influence
[Strategy 5] Acc of expected label: 0.704375
calculating influence -- done
[ADD ORG DATA] Use 3590 samples. Get 5068 labels. Ratio: 0.7083662194159431
Files already downloaded and verified
3255 originally labeled samples, 1024 new samples, and 158491 unlabeled samples. Total: 162770
Epoch 3
 27.62% | time: 849.4s ( 66.4m) | step:   2107 | train acc: 0.926 | train loss: 0.162 |test acc: 0.705 (0.684, 0.739) | test eod gap: 0.2648
 27.62% | time:   1.3s ( 66.4m) | step:   2107 | train acc: 0.926 | train loss: 0.162 |val acc: 0.709 (0.691, 0.736) | val eod gap: 0.2123
begin calculating influence
[Strategy 5] Acc of expected label: 0.8393410852713178
calculating influence -- done
Use 3593 samples. Get 3747 labels. Ratio: 0.9589004536962904
Files already downloaded and verified
3255 originally labeled samples, 343 new samples, and 5157 unlabeled samples. Total: 8755
begin calculating influence
[Strategy 5] Acc of expected label: 0.7072265625
calculating influence -- done
[ADD ORG DATA] Use 3593 samples. Get 5639 labels. Ratio: 0.6371697109416563
Files already downloaded and verified
3255 originally labeled samples, 1280 new samples, and 158235 unlabeled samples. Total: 162770
 30.24% | time: 858.6s ( 80.7m) | step:   2307 | train acc: 0.965 | train loss: 0.063 |test acc: 0.702 (0.678, 0.741) | test eod gap: 0.2664
 30.24% | time:   1.3s ( 80.7m) | step:   2307 | train acc: 0.965 | train loss: 0.063 |val acc: 0.703 (0.684, 0.734) | val eod gap: 0.2546
begin calculating influence
[Strategy 5] Acc of expected label: 0.8421562924180725
calculating influence -- done
Use 3605 samples. Get 3762 labels. Ratio: 0.9582668793195109
Files already downloaded and verified
3255 originally labeled samples, 355 new samples, and 5145 unlabeled samples. Total: 8755
begin calculating influence
[Strategy 5] Acc of expected label: 0.6955078125
calculating influence -- done
[ADD ORG DATA] Use 3605 samples. Get 6209 labels. Ratio: 0.580608793686584
Files already downloaded and verified
3255 originally labeled samples, 1536 new samples, and 157979 unlabeled samples. Total: 162770
 32.86% | time: 847.2s ( 94.8m) | step:   2507 | train acc: 1.000 | train loss: 0.000 |test acc: 0.700 (0.671, 0.745) | test eod gap: 0.2424
 32.86% | time:   1.2s ( 94.9m) | step:   2507 | train acc: 1.000 | train loss: 0.000 |val acc: 0.712 (0.692, 0.745) | val eod gap: 0.1628
begin calculating influence
[Strategy 5] Acc of expected label: 0.8456754130223518
calculating influence -- done
Use 3616 samples. Get 3784 labels. Ratio: 0.9556025369978859
Files already downloaded and verified
3255 originally labeled samples, 366 new samples, and 5134 unlabeled samples. Total: 8755
begin calculating influence
[Strategy 5] Acc of expected label: 0.7003515625
calculating influence -- done
[ADD ORG DATA] Use 3616 samples. Get 6829 labels. Ratio: 0.5295065163274272
Files already downloaded and verified
3255 originally labeled samples, 1792 new samples, and 157723 unlabeled samples. Total: 162770
 33.32% | time: 782.4s (107.9m) | step:   2542 | train acc: 1.000 | train loss: 0.001 |test acc: 0.694 (0.672, 0.730) | test eod gap: 0.2146
 33.32% | time:   1.5s (107.9m) | step:   2542 | train acc: 1.000 | train loss: 0.001 |val acc: 0.702 (0.690, 0.723) | val eod gap: 0.1689
begin calculating influence
[Strategy 5] Acc of expected label: 0.8426178418387222
calculating influence -- done
Use 3728 samples. Get 3905 labels. Ratio: 0.954673495518566
Files already downloaded and verified
3255 originally labeled samples, 481 new samples, and 5019 unlabeled samples. Total: 8755
begin calculating influence
[Strategy 5] Acc of expected label: 0.70015625
calculating influence -- done
[ADD ORG DATA] Use 3728 samples. Get 7433 labels. Ratio: 0.5015471545809229
Files already downloaded and verified
3255 originally labeled samples, 2048 new samples, and 157467 unlabeled samples. Total: 162770
Epoch 4
 35.95% | time: 839.2s (121.9m) | step:   2743 | train acc: 0.988 | train loss: 0.027 |test acc: 0.697 (0.674, 0.733) | test eod gap: 0.2081
 35.95% | time:   1.5s (121.9m) | step:   2743 | train acc: 0.988 | train loss: 0.027 |val acc: 0.710 (0.701, 0.725) | val eod gap: 0.1677
begin calculating influence
[Strategy 5] Acc of expected label: 0.8382147838214784
calculating influence -- done
Use 3740 samples. Get 3920 labels. Ratio: 0.9540816326530612
Files already downloaded and verified
3255 originally labeled samples, 494 new samples, and 5006 unlabeled samples. Total: 8755
begin calculating influence
[Strategy 5] Acc of expected label: 0.701875
calculating influence -- done
[ADD ORG DATA] Use 3740 samples. Get 8010 labels. Ratio: 0.46691635455680397
Files already downloaded and verified
3255 originally labeled samples, 2304 new samples, and 157211 unlabeled samples. Total: 162770
 38.58% | time: 844.5s (136.0m) | step:   2943 | train acc: 1.000 | train loss: 0.002 |test acc: 0.698 (0.673, 0.738) | test eod gap: 0.2181
 38.58% | time:   1.5s (136.0m) | step:   2943 | train acc: 1.000 | train loss: 0.002 |val acc: 0.698 (0.682, 0.723) | val eod gap: 0.1958
begin calculating influence
[Strategy 5] Acc of expected label: 0.848381941669996
calculating influence -- done
Use 3752 samples. Get 3942 labels. Ratio: 0.9518011161846778
Files already downloaded and verified
3255 originally labeled samples, 506 new samples, and 4994 unlabeled samples. Total: 8755
begin calculating influence
[Strategy 5] Acc of expected label: 0.69890625
calculating influence -- done
[ADD ORG DATA] Use 3752 samples. Get 8579 labels. Ratio: 0.4373470101410421
Files already downloaded and verified
3255 originally labeled samples, 2560 new samples, and 156955 unlabeled samples. Total: 162770
 41.20% | time: 845.6s (150.1m) | step:   3143 | train acc: 1.000 | train loss: 0.003 |test acc: 0.698 (0.671, 0.741) | test eod gap: 0.2374
 41.20% | time:   1.5s (150.1m) | step:   3143 | train acc: 1.000 | train loss: 0.003 |val acc: 0.700 (0.684, 0.725) | val eod gap: 0.2019
begin calculating influence
[Strategy 5] Acc of expected label: 0.8576291549859831
calculating influence -- done
Use 3794 samples. Get 3991 labels. Ratio: 0.9506389376096217
Files already downloaded and verified
3255 originally labeled samples, 549 new samples, and 4951 unlabeled samples. Total: 8755
begin calculating influence
[Strategy 5] Acc of expected label: 0.6964453125
calculating influence -- done
[ADD ORG DATA] Use 3794 samples. Get 9232 labels. Ratio: 0.41096187175043325
Files already downloaded and verified
3255 originally labeled samples, 2816 new samples, and 156699 unlabeled samples. Total: 162770
 41.66% | time: 794.8s (163.4m) | step:   3178 | train acc: 0.996 | train loss: 0.006 |test acc: 0.629 (0.557, 0.743) | test eod gap: 0.1230
 41.66% | time:   1.5s (163.4m) | step:   3178 | train acc: 0.996 | train loss: 0.006 |val acc: 0.653 (0.597, 0.742) | val eod gap: 0.0824
begin calculating influence
[Strategy 5] Acc of expected label: 0.8640678650777621
calculating influence -- done
Use 3811 samples. Get 4056 labels. Ratio: 0.939595660749507
Files already downloaded and verified
3255 originally labeled samples, 566 new samples, and 4934 unlabeled samples. Total: 8755
begin calculating influence
[Strategy 5] Acc of expected label: 0.6227734375
calculating influence -- done
[ADD ORG DATA] Use 3811 samples. Get 9739 labels. Ratio: 0.3913132765170962
Files already downloaded and verified
3255 originally labeled samples, 3072 new samples, and 156443 unlabeled samples. Total: 162770
Epoch 5
 44.29% | time: 861.2s (177.8m) | step:   3379 | train acc: 1.000 | train loss: 0.000 |test acc: 0.664 (0.611, 0.748) | test eod gap: 0.1629
 44.29% | time:   1.2s (177.8m) | step:   3379 | train acc: 1.000 | train loss: 0.000 |val acc: 0.676 (0.632, 0.746) | val eod gap: 0.0808
begin calculating influence
[Strategy 5] Acc of expected label: 0.860559383867045
calculating influence -- done
Use 3824 samples. Get 4095 labels. Ratio: 0.9338217338217338
Files already downloaded and verified
3255 originally labeled samples, 579 new samples, and 4921 unlabeled samples. Total: 8755
begin calculating influence
[Strategy 5] Acc of expected label: 0.6569140625
calculating influence -- done
[ADD ORG DATA] Use 3824 samples. Get 10237 labels. Ratio: 0.37354693757936897
Files already downloaded and verified
3255 originally labeled samples, 3328 new samples, and 156187 unlabeled samples. Total: 162770
 46.91% | time: 859.8s (192.1m) | step:   3579 | train acc: 1.000 | train loss: 0.000 |test acc: 0.661 (0.620, 0.726) | test eod gap: 0.1129
 46.91% | time:   1.4s (192.1m) | step:   3579 | train acc: 1.000 | train loss: 0.000 |val acc: 0.676 (0.650, 0.717) | val eod gap: 0.0578
begin calculating influence
[Strategy 5] Acc of expected label: 0.8534850640113798
calculating influence -- done
Use 3938 samples. Get 4211 labels. Ratio: 0.9351697933982427
Files already downloaded and verified
3255 originally labeled samples, 698 new samples, and 4802 unlabeled samples. Total: 8755
begin calculating influence
[Strategy 5] Acc of expected label: 0.65359375
calculating influence -- done
[ADD ORG DATA] Use 3938 samples. Get 10786 labels. Ratio: 0.3651029111811608
Files already downloaded and verified
3255 originally labeled samples, 3584 new samples, and 155931 unlabeled samples. Total: 162770
 49.53% | time: 851.7s (206.3m) | step:   3779 | train acc: 0.992 | train loss: 0.027 |test acc: 0.680 (0.651, 0.727) | test eod gap: 0.1642
 49.53% | time:   1.4s (206.4m) | step:   3779 | train acc: 0.992 | train loss: 0.027 |val acc: 0.694 (0.673, 0.728) | val eod gap: 0.1191
begin calculating influence
[Strategy 5] Acc of expected label: 0.8629737609329446
calculating influence -- done
Use 3951 samples. Get 4223 labels. Ratio: 0.9355908122188018
Files already downloaded and verified
3255 originally labeled samples, 711 new samples, and 4789 unlabeled samples. Total: 8755
begin calculating influence
[Strategy 5] Acc of expected label: 0.68390625
calculating influence -- done
[ADD ORG DATA] Use 3951 samples. Get 11407 labels. Ratio: 0.3463662663276935
Files already downloaded and verified
3255 originally labeled samples, 3840 new samples, and 155675 unlabeled samples. Total: 162770
 49.99% | time: 787.6s (219.5m) | step:   3814 | train acc: 0.930 | train loss: 0.215 |test acc: 0.634 (0.574, 0.729) | test eod gap: 0.0688
 49.99% | time:   1.4s (219.5m) | step:   3814 | train acc: 0.930 | train loss: 0.215 |val acc: 0.637 (0.593, 0.708) | val eod gap: 0.0313
begin calculating influence
[Strategy 5] Acc of expected label: 0.8701190227604928
calculating influence -- done
Use 3968 samples. Get 4252 labels. Ratio: 0.9332079021636877
Files already downloaded and verified
3255 originally labeled samples, 728 new samples, and 4772 unlabeled samples. Total: 8755
begin calculating influence
[Strategy 5] Acc of expected label: 0.6200390625
calculating influence -- done
[ADD ORG DATA] Use 3968 samples. Get 11766 labels. Ratio: 0.3372429032806391
Files already downloaded and verified
3255 originally labeled samples, 4096 new samples, and 155419 unlabeled samples. Total: 162770
Epoch 6
 52.62% | time: 844.8s (233.6m) | step:   4014 | train acc: 1.000 | train loss: 0.000 |test acc: 0.665 (0.624, 0.731) | test eod gap: 0.1463
 52.62% | time:   1.2s (233.6m) | step:   4014 | train acc: 1.000 | train loss: 0.000 |val acc: 0.665 (0.632, 0.716) | val eod gap: 0.0904
begin calculating influence
[Strategy 5] Acc of expected label: 0.8621123218776194
calculating influence -- done
Use 4218 samples. Get 4527 labels. Ratio: 0.9317428760768721
Files already downloaded and verified
3255 originally labeled samples, 984 new samples, and 4516 unlabeled samples. Total: 8755
begin calculating influence
[Strategy 5] Acc of expected label: 0.6641015625
calculating influence -- done
[ADD ORG DATA] Use 4218 samples. Get 12246 labels. Ratio: 0.3444390004899559
Files already downloaded and verified
3255 originally labeled samples, 4352 new samples, and 155163 unlabeled samples. Total: 162770
 55.24% | time: 828.3s (247.4m) | step:   4214 | train acc: 1.000 | train loss: 0.003 |test acc: 0.679 (0.658, 0.714) | test eod gap: 0.1882
 55.24% | time:   1.4s (247.4m) | step:   4214 | train acc: 1.000 | train loss: 0.003 |val acc: 0.683 (0.675, 0.695) | val eod gap: 0.1326
begin calculating influence
[Strategy 5] Acc of expected label: 0.8589459698848538
calculating influence -- done
Use 4472 samples. Get 4807 labels. Ratio: 0.9303099646349074
Files already downloaded and verified
3255 originally labeled samples, 1240 new samples, and 4260 unlabeled samples. Total: 8755
begin calculating influence
[Strategy 5] Acc of expected label: 0.6833203125
calculating influence -- done
[ADD ORG DATA] Use 4472 samples. Get 12841 labels. Ratio: 0.34825948134880463
Files already downloaded and verified
3255 originally labeled samples, 4608 new samples, and 154907 unlabeled samples. Total: 162770
 57.86% | time: 815.6s (261.0m) | step:   4414 | train acc: 1.000 | train loss: 0.002 |test acc: 0.670 (0.624, 0.743) | test eod gap: 0.1570
 57.86% | time:   1.2s (261.1m) | step:   4414 | train acc: 1.000 | train loss: 0.002 |val acc: 0.694 (0.660, 0.747) | val eod gap: 0.0906
begin calculating influence
[Strategy 5] Acc of expected label: 0.853755868544601
calculating influence -- done
Use 4477 samples. Get 4814 labels. Ratio: 0.9299958454507686
Files already downloaded and verified
3255 originally labeled samples, 1245 new samples, and 4255 unlabeled samples. Total: 8755
begin calculating influence
[Strategy 5] Acc of expected label: 0.66625
calculating influence -- done
[ADD ORG DATA] Use 4477 samples. Get 12978 labels. Ratio: 0.3449684080752042
Files already downloaded and verified
3255 originally labeled samples, 4691 new samples, and 154824 unlabeled samples. Total: 162770
 58.32% | time: 754.1s (273.6m) | step:   4449 | train acc: 1.000 | train loss: 0.006 |test acc: 0.668 (0.625, 0.736) | test eod gap: 0.1599
 58.32% | time:   1.4s (273.7m) | step:   4449 | train acc: 1.000 | train loss: 0.006 |val acc: 0.677 (0.642, 0.729) | val eod gap: 0.1210
begin calculating influence
[Strategy 5] Acc of expected label: 0.8559341950646299
calculating influence -- done
Use 4485 samples. Get 4819 labels. Ratio: 0.9306910147333471
Files already downloaded and verified
3255 originally labeled samples, 1253 new samples, and 4247 unlabeled samples. Total: 8755
begin calculating influence
[Strategy 5] Acc of expected label: 0.653671875
calculating influence -- done
[ADD ORG DATA] Use 4485 samples. Get 13336 labels. Ratio: 0.33630773845230955
Files already downloaded and verified
3255 originally labeled samples, 4895 new samples, and 154620 unlabeled samples. Total: 162770
Epoch 7
 60.95% | time: 840.7s (287.7m) | step:   4650 | train acc: 1.000 | train loss: 0.000 |test acc: 0.649 (0.605, 0.720) | test eod gap: 0.1296
 60.95% | time:   1.4s (287.7m) | step:   4650 | train acc: 1.000 | train loss: 0.000 |val acc: 0.652 (0.624, 0.696) | val eod gap: 0.0847
begin calculating influence
[Strategy 5] Acc of expected label: 0.8554273604897574
calculating influence -- done
Use 4502 samples. Get 4835 labels. Ratio: 0.9311271975180972
Files already downloaded and verified
3255 originally labeled samples, 1270 new samples, and 4230 unlabeled samples. Total: 8755
begin calculating influence
[Strategy 5] Acc of expected label: 0.6465234375
calculating influence -- done
[ADD ORG DATA] Use 4502 samples. Get 13828 labels. Ratio: 0.3255713045993636
Files already downloaded and verified
3255 originally labeled samples, 5151 new samples, and 154364 unlabeled samples. Total: 162770
 63.57% | time: 821.2s (301.4m) | step:   4850 | train acc: 1.000 | train loss: 0.000 |test acc: 0.679 (0.659, 0.710) | test eod gap: 0.1964
 63.57% | time:   1.4s (301.4m) | step:   4850 | train acc: 1.000 | train loss: 0.000 |val acc: 0.688 (0.682, 0.698) | val eod gap: 0.1688
begin calculating influence
[Strategy 5] Acc of expected label: 0.8539007092198582
calculating influence -- done
Use 4583 samples. Get 4928 labels. Ratio: 0.9299918831168831
Files already downloaded and verified
3255 originally labeled samples, 1353 new samples, and 4147 unlabeled samples. Total: 8755
begin calculating influence
[Strategy 5] Acc of expected label: 0.6807421875
calculating influence -- done
[ADD ORG DATA] Use 4583 samples. Get 14424 labels. Ratio: 0.3177343316694398
Files already downloaded and verified
3255 originally labeled samples, 5407 new samples, and 154108 unlabeled samples. Total: 162770
 66.19% | time: 821.1s (315.1m) | step:   5050 | train acc: 1.000 | train loss: 0.000 |test acc: 0.674 (0.637, 0.732) | test eod gap: 0.1613
 66.19% | time:   1.4s (315.1m) | step:   5050 | train acc: 1.000 | train loss: 0.000 |val acc: 0.691 (0.658, 0.742) | val eod gap: 0.0983
begin calculating influence
[Strategy 5] Acc of expected label: 0.8521823004581626
calculating influence -- done
Use 4592 samples. Get 4938 labels. Ratio: 0.9299311462130417
Files already downloaded and verified
3255 originally labeled samples, 1362 new samples, and 4138 unlabeled samples. Total: 8755
begin calculating influence
[Strategy 5] Acc of expected label: 0.6728515625
calculating influence -- done
[ADD ORG DATA] Use 4592 samples. Get 14988 labels. Ratio: 0.3063784360821991
Files already downloaded and verified
3255 originally labeled samples, 5663 new samples, and 153852 unlabeled samples. Total: 162770
 66.65% | time: 774.0s (328.0m) | step:   5085 | train acc: 1.000 | train loss: 0.000 |test acc: 0.665 (0.642, 0.702) | test eod gap: 0.1504
 66.65% | time:   1.3s (328.0m) | step:   5085 | train acc: 1.000 | train loss: 0.000 |val acc: 0.697 (0.686, 0.714) | val eod gap: 0.0548
begin calculating influence
[Strategy 5] Acc of expected label: 0.8513774770420492
calculating influence -- done
Use 4840 samples. Get 5202 labels. Ratio: 0.9304113802383699
Files already downloaded and verified
3255 originally labeled samples, 1618 new samples, and 3882 unlabeled samples. Total: 8755
begin calculating influence
[Strategy 5] Acc of expected label: 0.6744921875
calculating influence -- done
[ADD ORG DATA] Use 4840 samples. Get 15529 labels. Ratio: 0.3116749307746796
Files already downloaded and verified
3255 originally labeled samples, 5919 new samples, and 153596 unlabeled samples. Total: 162770
Epoch 8
 69.29% | time: 837.4s (342.0m) | step:   5286 | train acc: 0.973 | train loss: 0.068 |test acc: 0.661 (0.630, 0.711) | test eod gap: 0.1274
 69.29% | time:   1.1s (342.0m) | step:   5286 | train acc: 0.973 | train loss: 0.068 |val acc: 0.673 (0.661, 0.691) | val eod gap: 0.0838
begin calculating influence
[Strategy 5] Acc of expected label: 0.8451828954147347
calculating influence -- done
Use 4853 samples. Get 5214 labels. Ratio: 0.9307633294975067
Files already downloaded and verified
3255 originally labeled samples, 1631 new samples, and 3869 unlabeled samples. Total: 8755
begin calculating influence
[Strategy 5] Acc of expected label: 0.65296875
calculating influence -- done
[ADD ORG DATA] Use 4853 samples. Get 16168 labels. Ratio: 0.3001608114794656
Files already downloaded and verified
3255 originally labeled samples, 6175 new samples, and 153340 unlabeled samples. Total: 162770
 71.91% | time: 824.6s (355.7m) | step:   5486 | train acc: 0.961 | train loss: 0.085 |test acc: 0.654 (0.609, 0.726) | test eod gap: 0.1224
 71.91% | time:   1.3s (355.8m) | step:   5486 | train acc: 0.961 | train loss: 0.085 |val acc: 0.658 (0.622, 0.715) | val eod gap: 0.0653
begin calculating influence
[Strategy 5] Acc of expected label: 0.8464719565779271
calculating influence -- done
Use 4860 samples. Get 5225 labels. Ratio: 0.9301435406698565
Files already downloaded and verified
3255 originally labeled samples, 1638 new samples, and 3862 unlabeled samples. Total: 8755
begin calculating influence
[Strategy 5] Acc of expected label: 0.6478515625
calculating influence -- done
[ADD ORG DATA] Use 4860 samples. Get 16570 labels. Ratio: 0.29330114665057333
Files already downloaded and verified
3255 originally labeled samples, 6431 new samples, and 153084 unlabeled samples. Total: 162770
 74.53% | time: 826.4s (369.5m) | step:   5686 | train acc: 1.000 | train loss: 0.000 |test acc: 0.666 (0.615, 0.746) | test eod gap: 0.1261
 74.53% | time:   1.4s (369.6m) | step:   5686 | train acc: 1.000 | train loss: 0.000 |val acc: 0.682 (0.653, 0.726) | val eod gap: 0.0455
begin calculating influence
[Strategy 5] Acc of expected label: 0.8461936820300362
calculating influence -- done
Use 4862 samples. Get 5227 labels. Ratio: 0.9301702697532045
Files already downloaded and verified
3255 originally labeled samples, 1640 new samples, and 3860 unlabeled samples. Total: 8755
begin calculating influence
[Strategy 5] Acc of expected label: 0.661953125
calculating influence -- done
[ADD ORG DATA] Use 4862 samples. Get 17013 labels. Ratio: 0.2857814612355258
Files already downloaded and verified
3255 originally labeled samples, 6687 new samples, and 152828 unlabeled samples. Total: 162770
 74.99% | time: 770.0s (382.4m) | step:   5721 | train acc: 1.000 | train loss: 0.000 |test acc: 0.660 (0.607, 0.744) | test eod gap: 0.1318
 74.99% | time:   1.5s (382.4m) | step:   5721 | train acc: 1.000 | train loss: 0.000 |val acc: 0.674 (0.637, 0.730) | val eod gap: 0.0463
begin calculating influence
[Strategy 5] Acc of expected label: 0.8479274611398964
calculating influence -- done
Use 4867 samples. Get 5232 labels. Ratio: 0.930237003058104
Files already downloaded and verified
3255 originally labeled samples, 1645 new samples, and 3855 unlabeled samples. Total: 8755
begin calculating influence
[Strategy 5] Acc of expected label: 0.6528125
calculating influence -- done
[ADD ORG DATA] Use 4867 samples. Get 17394 labels. Ratio: 0.27980912958491433
Files already downloaded and verified
3255 originally labeled samples, 6943 new samples, and 152572 unlabeled samples. Total: 162770
Epoch 9
 77.62% | time: 831.0s (396.3m) | step:   5922 | train acc: 1.000 | train loss: 0.000 |test acc: 0.675 (0.656, 0.705) | test eod gap: 0.1643
 77.62% | time:   1.5s (396.3m) | step:   5922 | train acc: 1.000 | train loss: 0.000 |val acc: 0.687 (0.683, 0.693) | val eod gap: 0.0930
begin calculating influence
[Strategy 5] Acc of expected label: 0.8472114137483787
calculating influence -- done
Use 4960 samples. Get 5332 labels. Ratio: 0.9302325581395349
Files already downloaded and verified
3255 originally labeled samples, 1739 new samples, and 3761 unlabeled samples. Total: 8755
begin calculating influence
[Strategy 5] Acc of expected label: 0.671875
calculating influence -- done
[ADD ORG DATA] Use 4960 samples. Get 17922 labels. Ratio: 0.27675482647026
Files already downloaded and verified
3255 originally labeled samples, 7199 new samples, and 152316 unlabeled samples. Total: 162770
 80.25% | time: 822.0s (410.0m) | step:   6122 | train acc: 1.000 | train loss: 0.000 |test acc: 0.664 (0.614, 0.743) | test eod gap: 0.1453
 80.25% | time:   1.3s (410.0m) | step:   6122 | train acc: 1.000 | train loss: 0.000 |val acc: 0.669 (0.621, 0.742) | val eod gap: 0.0462
begin calculating influence
[Strategy 5] Acc of expected label: 0.8444562616325445
calculating influence -- done
Use 4961 samples. Get 5333 labels. Ratio: 0.930245640352522
Files already downloaded and verified
3255 originally labeled samples, 1740 new samples, and 3760 unlabeled samples. Total: 8755
begin calculating influence
[Strategy 5] Acc of expected label: 0.6570703125
calculating influence -- done
[ADD ORG DATA] Use 4961 samples. Get 18395 labels. Ratio: 0.269692851318293
Files already downloaded and verified
3255 originally labeled samples, 7455 new samples, and 152060 unlabeled samples. Total: 162770
 82.87% | time: 820.9s (423.7m) | step:   6322 | train acc: 1.000 | train loss: 0.000 |test acc: 0.674 (0.638, 0.730) | test eod gap: 0.1358
 82.87% | time:   1.2s (423.7m) | step:   6322 | train acc: 1.000 | train loss: 0.000 |val acc: 0.690 (0.661, 0.736) | val eod gap: 0.0992
begin calculating influence
[Strategy 5] Acc of expected label: 0.8441489361702128
calculating influence -- done
Use 4969 samples. Get 5338 labels. Ratio: 0.93087298613713
Files already downloaded and verified
3255 originally labeled samples, 1748 new samples, and 3752 unlabeled samples. Total: 8755
begin calculating influence
[Strategy 5] Acc of expected label: 0.671796875
calculating influence -- done
[ADD ORG DATA] Use 4969 samples. Get 18841 labels. Ratio: 0.2637333474868638
Files already downloaded and verified
3255 originally labeled samples, 7711 new samples, and 151804 unlabeled samples. Total: 162770
 83.33% | time: 765.2s (436.5m) | step:   6357 | train acc: 0.949 | train loss: 0.102 |test acc: 0.666 (0.627, 0.729) | test eod gap: 0.1549
 83.33% | time:   1.5s (436.5m) | step:   6357 | train acc: 0.949 | train loss: 0.102 |val acc: 0.679 (0.650, 0.726) | val eod gap: 0.1006
begin calculating influence
[Strategy 5] Acc of expected label: 0.8459488272921108
calculating influence -- done
Use 4973 samples. Get 5344 labels. Ratio: 0.9305763473053892
Files already downloaded and verified
3255 originally labeled samples, 1752 new samples, and 3748 unlabeled samples. Total: 8755
begin calculating influence
[Strategy 5] Acc of expected label: 0.6658203125
calculating influence -- done
[ADD ORG DATA] Use 4973 samples. Get 19318 labels. Ratio: 0.2574283052075784
Files already downloaded and verified
3255 originally labeled samples, 7967 new samples, and 151548 unlabeled samples. Total: 162770
Epoch 10
 85.96% | time: 821.0s (450.2m) | step:   6558 | train acc: 1.000 | train loss: 0.000 |test acc: 0.678 (0.637, 0.744) | test eod gap: 0.1645
 85.96% | time:   1.3s (450.2m) | step:   6558 | train acc: 1.000 | train loss: 0.000 |val acc: 0.701 (0.674, 0.742) | val eod gap: 0.1130
begin calculating influence
calculating influence -- done
length of new labels 15
Use 4972+15 = 4987 samples.
Files already downloaded and verified
3255 originally labeled samples, 1767 new samples, and 3733 unlabeled samples. Total: 8755
begin calculating influence
[Strategy 5] Acc of expected label: 0.6714453125
calculating influence -- done
[ADD ORG DATA] Use 4987 samples. Get 19781 labels. Ratio: 0.2521106111925585
Files already downloaded and verified
3255 originally labeled samples, 8223 new samples, and 151292 unlabeled samples. Total: 162770
 88.58% | time: 810.4s (463.7m) | step:   6758 | train acc: 1.000 | train loss: 0.000 |test acc: 0.680 (0.647, 0.731) | test eod gap: 0.1580
 88.58% | time:   1.4s (463.7m) | step:   6758 | train acc: 1.000 | train loss: 0.000 |val acc: 0.701 (0.680, 0.733) | val eod gap: 0.0938
begin calculating influence
calculating influence -- done
length of new labels 64
Use 4970+64 = 5034 samples.
Files already downloaded and verified
3255 originally labeled samples, 1816 new samples, and 3684 unlabeled samples. Total: 8755
begin calculating influence
[Strategy 5] Acc of expected label: 0.6796875
calculating influence -- done
[ADD ORG DATA] Use 5034 samples. Get 20344 labels. Ratio: 0.24744396382225717
Files already downloaded and verified
3255 originally labeled samples, 8479 new samples, and 151036 unlabeled samples. Total: 162770
 91.20% | time: 795.5s (477.0m) | step:   6958 | train acc: 1.000 | train loss: 0.001 |test acc: 0.685 (0.651, 0.737) | test eod gap: 0.1802
 91.20% | time:   1.2s (477.0m) | step:   6958 | train acc: 1.000 | train loss: 0.001 |val acc: 0.705 (0.676, 0.749) | val eod gap: 0.1334
begin calculating influence
calculating influence -- done
length of new labels 72
Use 4970+72 = 5042 samples.
Files already downloaded and verified
3255 originally labeled samples, 1824 new samples, and 3676 unlabeled samples. Total: 8755
begin calculating influence
[Strategy 5] Acc of expected label: 0.68046875
calculating influence -- done
[ADD ORG DATA] Use 5042 samples. Get 20836 labels. Ratio: 0.24198502591668267
Files already downloaded and verified
3255 originally labeled samples, 8735 new samples, and 150780 unlabeled samples. Total: 162770
 91.66% | time: 751.5s (489.5m) | step:   6993 | train acc: 1.000 | train loss: 0.000 |test acc: 0.678 (0.644, 0.732) | test eod gap: 0.1419
 91.66% | time:   1.2s (489.6m) | step:   6993 | train acc: 1.000 | train loss: 0.000 |val acc: 0.684 (0.653, 0.731) | val eod gap: 0.0891
begin calculating influence
[Strategy 5] Acc of expected label: 0.8566376496191512
calculating influence -- done
Use 5046 samples. Get 5347 labels. Ratio: 0.9437067514494109
Files already downloaded and verified
3255 originally labeled samples, 1828 new samples, and 3672 unlabeled samples. Total: 8755
begin calculating influence
[Strategy 5] Acc of expected label: 0.67703125
calculating influence -- done
[ADD ORG DATA] Use 5046 samples. Get 21326 labels. Ratio: 0.23661258557629186
Files already downloaded and verified
3255 originally labeled samples, 8991 new samples, and 150524 unlabeled samples. Total: 162770
Epoch 11
 94.30% | time: 800.3s (502.9m) | step:   7194 | train acc: 1.000 | train loss: 0.000 |test acc: 0.677 (0.652, 0.719) | test eod gap: 0.1626
 94.30% | time:   1.4s (502.9m) | step:   7194 | train acc: 1.000 | train loss: 0.000 |val acc: 0.701 (0.670, 0.748) | val eod gap: 0.0975
begin calculating influence
calculating influence -- done
length of new labels 121
Use 4974+121 = 5095 samples.
Files already downloaded and verified
3255 originally labeled samples, 1877 new samples, and 3623 unlabeled samples. Total: 8755
begin calculating influence
[Strategy 5] Acc of expected label: 0.6829296875
calculating influence -- done
[ADD ORG DATA] Use 5095 samples. Get 21774 labels. Ratio: 0.23399467254523743
Files already downloaded and verified
3255 originally labeled samples, 9247 new samples, and 150268 unlabeled samples. Total: 162770
 96.92% | time: 805.5s (516.3m) | step:   7394 | train acc: 1.000 | train loss: 0.000 |test acc: 0.673 (0.638, 0.728) | test eod gap: 0.1453
 96.92% | time:   1.4s (516.4m) | step:   7394 | train acc: 1.000 | train loss: 0.000 |val acc: 0.669 (0.644, 0.710) | val eod gap: 0.1066
begin calculating influence
[Strategy 5] Acc of expected label: 0.861440794921336
calculating influence -- done
Use 5095 samples. Get 5347 labels. Ratio: 0.9528707686553207
Files already downloaded and verified
3255 originally labeled samples, 1877 new samples, and 3623 unlabeled samples. Total: 8755
begin calculating influence
[Strategy 5] Acc of expected label: 0.67359375
calculating influence -- done
[ADD ORG DATA] Use 5095 samples. Get 22195 labels. Ratio: 0.22955620635278215
Files already downloaded and verified
3255 originally labeled samples, 9503 new samples, and 150012 unlabeled samples. Total: 162770
 99.54% | time: 797.9s (529.7m) | step:   7594 | train acc: 1.000 | train loss: 0.001 |test acc: 0.674 (0.638, 0.730) | test eod gap: 0.1504
 99.54% | time:   1.3s (529.7m) | step:   7594 | train acc: 1.000 | train loss: 0.001 |val acc: 0.685 (0.666, 0.715) | val eod gap: 0.0807
begin calculating influence
[Strategy 5] Acc of expected label: 0.862268837979575
calculating influence -- done
Use 5095 samples. Get 5347 labels. Ratio: 0.9528707686553207
Files already downloaded and verified
3255 originally labeled samples, 1877 new samples, and 3623 unlabeled samples. Total: 8755
begin calculating influence
[Strategy 5] Acc of expected label: 0.670546875
calculating influence -- done
[ADD ORG DATA] Use 5095 samples. Get 22695 labels. Ratio: 0.22449878827935668
Files already downloaded and verified
3255 originally labeled samples, 9759 new samples, and 149756 unlabeled samples. Total: 162770
100.00% | time: 752.5s (542.2m) | step:   7629 | train acc: 1.000 | train loss: 0.000 |test acc: 0.673 (0.632, 0.738) | test eod gap: 0.1587
100.00% | time:   1.6s (542.3m) | step:   7629 | train acc: 1.000 | train loss: 0.000 |val acc: 0.696 (0.663, 0.748) | val eod gap: 0.1064
begin calculating influence
calculating influence -- done
length of new labels 129
Use 4974+129 = 5103 samples.
Files already downloaded and verified
3255 originally labeled samples, 1885 new samples, and 3615 unlabeled samples. Total: 8755
begin calculating influence
[Strategy 5] Acc of expected label: 0.6706640625
calculating influence -- done
[ADD ORG DATA] Use 5103 samples. Get 23129 labels. Ratio: 0.22063210687881016
Files already downloaded and verified
3255 originally labeled samples, 10015 new samples, and 149500 unlabeled samples. Total: 162770
