Files already downloaded and verified
3255 originally labeled samples, 0 new samples, and 159515 unlabeled samples. Total: 162770
Files already downloaded and verified
1996 originally labeled samples, 0 new samples, and 17966 unlabeled samples. Total: 19962
Numer of layers 200
train net...
train with 162770 samples (with replacement) in one epoch
Epoch 0
  2.62% | time:  98.9s (  1.6m) | step:    200 | train acc: 0.930 | train loss: 0.166 |warm_t acc: 0.681 (0.694, 0.661) | warm_t eod gap: 0.2902
  2.62% | time:   6.0s (  1.7m) | step:    200 | train acc: 0.930 | train loss: 0.166 |warm_v acc: 0.692 (0.704, 0.671) | warm_v eod gap: 0.2844
  5.24% | time:  81.0s (  3.1m) | step:    400 | train acc: 0.793 | train loss: 0.470 |warm_t acc: 0.666 (0.703, 0.605) | warm_t eod gap: 0.2208
  5.24% | time:   1.4s (  3.1m) | step:    400 | train acc: 0.793 | train loss: 0.470 |warm_v acc: 0.661 (0.690, 0.616) | warm_v eod gap: 0.2186
  7.86% | time:  81.3s (  4.5m) | step:    600 | train acc: 1.000 | train loss: 0.006 |warm_t acc: 0.695 (0.677, 0.724) | warm_t eod gap: 0.2688
  7.86% | time:   1.3s (  4.5m) | step:    600 | train acc: 1.000 | train loss: 0.006 |warm_v acc: 0.698 (0.691, 0.710) | warm_v eod gap: 0.2871
  8.32% | time:  21.4s (  4.9m) | step:    635 | train acc: 1.000 | train loss: 0.003 |warm_t acc: 0.695 (0.683, 0.715) | warm_t eod gap: 0.2703
  8.32% | time:   1.3s (  4.9m) | step:    635 | train acc: 1.000 | train loss: 0.003 |warm_v acc: 0.698 (0.683, 0.721) | warm_v eod gap: 0.2560
Epoch 1
 10.95% | time:  79.9s (  6.2m) | step:    835 | train acc: 1.000 | train loss: 0.000 |warm_t acc: 0.694 (0.682, 0.711) | warm_t eod gap: 0.2791
 10.95% | time:   1.4s (  6.2m) | step:    835 | train acc: 1.000 | train loss: 0.000 |warm_v acc: 0.695 (0.692, 0.699) | warm_v eod gap: 0.2599
 13.57% | time:  79.6s (  7.6m) | step:   1035 | train acc: 1.000 | train loss: 0.000 |warm_t acc: 0.694 (0.682, 0.713) | warm_t eod gap: 0.2795
 13.57% | time:   1.3s (  7.6m) | step:   1035 | train acc: 1.000 | train loss: 0.000 |warm_v acc: 0.689 (0.681, 0.701) | warm_v eod gap: 0.2947
 16.19% | time:  78.5s (  8.9m) | step:   1235 | train acc: 1.000 | train loss: 0.000 |warm_t acc: 0.694 (0.683, 0.712) | warm_t eod gap: 0.2799
 16.19% | time:   1.1s (  8.9m) | step:   1235 | train acc: 1.000 | train loss: 0.000 |warm_v acc: 0.684 (0.674, 0.699) | warm_v eod gap: 0.2680
 16.65% | time:  22.0s (  9.3m) | step:   1270 | train acc: 1.000 | train loss: 0.000 |warm_t acc: 0.694 (0.683, 0.712) | warm_t eod gap: 0.2801
 16.65% | time:   1.3s (  9.3m) | step:   1270 | train acc: 1.000 | train loss: 0.000 |warm_v acc: 0.694 (0.692, 0.697) | warm_v eod gap: 0.2698
Epoch 2
 19.28% | time:  75.8s ( 10.6m) | step:   1471 | train acc: 1.000 | train loss: 0.000 |test acc: 0.694 (0.682, 0.713) | test eod gap: 0.2801
 19.28% | time:   1.2s ( 10.6m) | step:   1471 | train acc: 1.000 | train loss: 0.000 |val acc: 0.702 (0.701, 0.704) | val eod gap: 0.2864
begin calculating influence
selected layers: [Traced<ShapedArray(float32[768])>with<DynamicJaxprTrace(level=0/1)>, Traced<ShapedArray(float32[8,8,3,768])>with<DynamicJaxprTrace(level=0/1)>, Traced<ShapedArray(float32[2])>with<DynamicJaxprTrace(level=0/1)>, Traced<ShapedArray(float32[768,2])>with<DynamicJaxprTrace(level=0/1)>]
[Strategy 5] Acc of expected label: 0.703359375
calculating influence -- done
Use 3511 samples. Get 3880 labels. Ratio: 0.9048969072164949
Files already downloaded and verified
3255 originally labeled samples, 256 new samples, and 159259 unlabeled samples. Total: 162770
 21.90% | time: 743.4s ( 23.0m) | step:   1671 | train acc: 1.000 | train loss: 0.018 |test acc: 0.684 (0.668, 0.711) | test eod gap: 0.2660
 21.90% | time:   1.3s ( 23.0m) | step:   1671 | train acc: 1.000 | train loss: 0.018 |val acc: 0.710 (0.679, 0.759) | val eod gap: 0.2689
begin calculating influence
[Strategy 5] Acc of expected label: 0.68765625
calculating influence -- done
Use 3767 samples. Get 4286 labels. Ratio: 0.878908072795147
Files already downloaded and verified
3255 originally labeled samples, 512 new samples, and 159003 unlabeled samples. Total: 162770
 24.52% | time: 727.0s ( 35.1m) | step:   1871 | train acc: 0.977 | train loss: 0.065 |test acc: 0.671 (0.636, 0.727) | test eod gap: 0.2174
 24.52% | time:   1.4s ( 35.1m) | step:   1871 | train acc: 0.977 | train loss: 0.065 |val acc: 0.667 (0.623, 0.733) | val eod gap: 0.2079
begin calculating influence
[Strategy 5] Acc of expected label: 0.682578125
calculating influence -- done
Use 4023 samples. Get 4796 labels. Ratio: 0.8388240200166805
Files already downloaded and verified
3255 originally labeled samples, 768 new samples, and 158747 unlabeled samples. Total: 162770
 24.98% | time: 674.5s ( 46.4m) | step:   1906 | train acc: 0.949 | train loss: 0.145 |test acc: 0.687 (0.678, 0.703) | test eod gap: 0.2321
 24.98% | time:   1.4s ( 46.4m) | step:   1906 | train acc: 0.949 | train loss: 0.145 |val acc: 0.699 (0.687, 0.716) | val eod gap: 0.2135
begin calculating influence
[Strategy 5] Acc of expected label: 0.6912109375
calculating influence -- done
Use 4279 samples. Get 5376 labels. Ratio: 0.7959449404761905
Files already downloaded and verified
3255 originally labeled samples, 1024 new samples, and 158491 unlabeled samples. Total: 162770
Epoch 3
 27.62% | time: 726.0s ( 58.5m) | step:   2107 | train acc: 1.000 | train loss: 0.000 |test acc: 0.691 (0.672, 0.721) | test eod gap: 0.2063
 27.62% | time:   1.4s ( 58.5m) | step:   2107 | train acc: 1.000 | train loss: 0.000 |val acc: 0.697 (0.680, 0.725) | val eod gap: 0.1673
begin calculating influence
[Strategy 5] Acc of expected label: 0.6980859375
calculating influence -- done
Use 4535 samples. Get 6016 labels. Ratio: 0.7538231382978723
Files already downloaded and verified
3255 originally labeled samples, 1280 new samples, and 158235 unlabeled samples. Total: 162770
 30.24% | time: 732.5s ( 70.7m) | step:   2307 | train acc: 1.000 | train loss: 0.001 |test acc: 0.687 (0.675, 0.708) | test eod gap: 0.1918
 30.24% | time:   1.1s ( 70.7m) | step:   2307 | train acc: 1.000 | train loss: 0.001 |val acc: 0.701 (0.689, 0.718) | val eod gap: 0.1699
begin calculating influence
[Strategy 5] Acc of expected label: 0.6932421875
calculating influence -- done
Use 4791 samples. Get 6679 labels. Ratio: 0.7173229525378051
Files already downloaded and verified
3255 originally labeled samples, 1536 new samples, and 157979 unlabeled samples. Total: 162770
 32.86% | time: 728.3s ( 82.9m) | step:   2507 | train acc: 1.000 | train loss: 0.000 |test acc: 0.689 (0.664, 0.728) | test eod gap: 0.1860
 32.86% | time:   1.4s ( 82.9m) | step:   2507 | train acc: 1.000 | train loss: 0.000 |val acc: 0.700 (0.669, 0.746) | val eod gap: 0.1386
begin calculating influence
[Strategy 5] Acc of expected label: 0.6970703125
calculating influence -- done
Use 5047 samples. Get 7224 labels. Ratio: 0.6986434108527132
Files already downloaded and verified
3255 originally labeled samples, 1792 new samples, and 157723 unlabeled samples. Total: 162770
 33.32% | time: 668.4s ( 94.0m) | step:   2542 | train acc: 0.980 | train loss: 0.048 |test acc: 0.687 (0.659, 0.731) | test eod gap: 0.2207
 33.32% | time:   1.2s ( 94.1m) | step:   2542 | train acc: 0.980 | train loss: 0.048 |val acc: 0.695 (0.661, 0.748) | val eod gap: 0.1814
begin calculating influence
[Strategy 5] Acc of expected label: 0.6909765625
calculating influence -- done
Use 5303 samples. Get 7824 labels. Ratio: 0.6777862985685071
Files already downloaded and verified
3255 originally labeled samples, 2048 new samples, and 157467 unlabeled samples. Total: 162770
Epoch 4
 35.95% | time: 721.0s (106.1m) | step:   2743 | train acc: 1.000 | train loss: 0.000 |test acc: 0.687 (0.668, 0.719) | test eod gap: 0.1852
 35.95% | time:   1.4s (106.1m) | step:   2743 | train acc: 1.000 | train loss: 0.000 |val acc: 0.708 (0.698, 0.725) | val eod gap: 0.1596
begin calculating influence
[Strategy 5] Acc of expected label: 0.68984375
calculating influence -- done
Use 5559 samples. Get 8445 labels. Ratio: 0.658259325044405
Files already downloaded and verified
3255 originally labeled samples, 2304 new samples, and 157211 unlabeled samples. Total: 162770
 38.58% | time: 724.4s (118.2m) | step:   2943 | train acc: 1.000 | train loss: 0.002 |test acc: 0.681 (0.654, 0.723) | test eod gap: 0.1653
 38.58% | time:   1.5s (118.2m) | step:   2943 | train acc: 1.000 | train loss: 0.002 |val acc: 0.704 (0.686, 0.734) | val eod gap: 0.1254
begin calculating influence
[Strategy 5] Acc of expected label: 0.689140625
calculating influence -- done
Use 5815 samples. Get 9023 labels. Ratio: 0.6444641471794303
Files already downloaded and verified
3255 originally labeled samples, 2560 new samples, and 156955 unlabeled samples. Total: 162770
 41.20% | time: 726.4s (130.3m) | step:   3143 | train acc: 1.000 | train loss: 0.000 |test acc: 0.685 (0.662, 0.722) | test eod gap: 0.1729
 41.20% | time:   1.4s (130.3m) | step:   3143 | train acc: 1.000 | train loss: 0.000 |val acc: 0.705 (0.692, 0.725) | val eod gap: 0.1481
begin calculating influence
[Strategy 5] Acc of expected label: 0.6876171875
calculating influence -- done
Use 6071 samples. Get 9739 labels. Ratio: 0.623369955847623
Files already downloaded and verified
3255 originally labeled samples, 2816 new samples, and 156699 unlabeled samples. Total: 162770
 41.66% | time: 671.7s (141.5m) | step:   3178 | train acc: 0.980 | train loss: 0.052 |test acc: 0.678 (0.640, 0.739) | test eod gap: 0.1612
 41.66% | time:   1.4s (141.6m) | step:   3178 | train acc: 0.980 | train loss: 0.052 |val acc: 0.679 (0.660, 0.710) | val eod gap: 0.1354
begin calculating influence
[Strategy 5] Acc of expected label: 0.683046875
calculating influence -- done
Use 6327 samples. Get 10220 labels. Ratio: 0.6190802348336595
Files already downloaded and verified
3255 originally labeled samples, 3072 new samples, and 156443 unlabeled samples. Total: 162770
Epoch 5
 44.29% | time: 723.0s (153.6m) | step:   3379 | train acc: 1.000 | train loss: 0.000 |test acc: 0.685 (0.662, 0.720) | test eod gap: 0.1644
 44.29% | time:   1.2s (153.6m) | step:   3379 | train acc: 1.000 | train loss: 0.000 |val acc: 0.702 (0.674, 0.747) | val eod gap: 0.1192
begin calculating influence
[Strategy 5] Acc of expected label: 0.6847265625
calculating influence -- done
Use 6583 samples. Get 10818 labels. Ratio: 0.6085228323165095
Files already downloaded and verified
3255 originally labeled samples, 3328 new samples, and 156187 unlabeled samples. Total: 162770
 46.91% | time: 727.4s (165.7m) | step:   3579 | train acc: 1.000 | train loss: 0.002 |test acc: 0.680 (0.649, 0.731) | test eod gap: 0.1682
 46.91% | time:   1.2s (165.8m) | step:   3579 | train acc: 1.000 | train loss: 0.002 |val acc: 0.686 (0.642, 0.754) | val eod gap: 0.1270
begin calculating influence
[Strategy 5] Acc of expected label: 0.6812890625
calculating influence -- done
Use 6839 samples. Get 11299 labels. Ratio: 0.6052748030799185
Files already downloaded and verified
3255 originally labeled samples, 3584 new samples, and 155931 unlabeled samples. Total: 162770
 49.53% | time: 726.7s (177.9m) | step:   3779 | train acc: 1.000 | train loss: 0.001 |test acc: 0.682 (0.656, 0.724) | test eod gap: 0.1609
 49.53% | time:   1.4s (177.9m) | step:   3779 | train acc: 1.000 | train loss: 0.001 |val acc: 0.683 (0.653, 0.729) | val eod gap: 0.1365
begin calculating influence
[Strategy 5] Acc of expected label: 0.6891796875
calculating influence -- done
Use 7095 samples. Get 11884 labels. Ratio: 0.5970212049814877
Files already downloaded and verified
3255 originally labeled samples, 3840 new samples, and 155675 unlabeled samples. Total: 162770
 49.99% | time: 673.0s (189.1m) | step:   3814 | train acc: 1.000 | train loss: 0.006 |test acc: 0.677 (0.656, 0.709) | test eod gap: 0.1566
 49.99% | time:   1.4s (189.1m) | step:   3814 | train acc: 1.000 | train loss: 0.006 |val acc: 0.676 (0.654, 0.711) | val eod gap: 0.1351
begin calculating influence
[Strategy 5] Acc of expected label: 0.68046875
calculating influence -- done
Use 7351 samples. Get 12395 labels. Ratio: 0.5930617184348528
Files already downloaded and verified
3255 originally labeled samples, 4096 new samples, and 155419 unlabeled samples. Total: 162770
Epoch 6
 52.62% | time: 726.9s (201.3m) | step:   4014 | train acc: 1.000 | train loss: 0.000 |test acc: 0.687 (0.664, 0.723) | test eod gap: 0.1756
 52.62% | time:   1.4s (201.3m) | step:   4014 | train acc: 1.000 | train loss: 0.000 |val acc: 0.683 (0.653, 0.728) | val eod gap: 0.1689
begin calculating influence
[Strategy 5] Acc of expected label: 0.689296875
calculating influence -- done
Use 7607 samples. Get 12882 labels. Ratio: 0.5905138953578637
Files already downloaded and verified
3255 originally labeled samples, 4352 new samples, and 155163 unlabeled samples. Total: 162770
 55.24% | time: 726.2s (213.4m) | step:   4214 | train acc: 0.996 | train loss: 0.010 |test acc: 0.686 (0.665, 0.718) | test eod gap: 0.1768
 55.24% | time:   1.4s (213.4m) | step:   4214 | train acc: 0.996 | train loss: 0.010 |val acc: 0.701 (0.694, 0.710) | val eod gap: 0.1537
begin calculating influence
[Strategy 5] Acc of expected label: 0.6847265625
calculating influence -- done
Use 7863 samples. Get 13458 labels. Ratio: 0.5842621489077129
Files already downloaded and verified
3255 originally labeled samples, 4608 new samples, and 154907 unlabeled samples. Total: 162770
 57.86% | time: 726.8s (225.5m) | step:   4414 | train acc: 1.000 | train loss: 0.002 |test acc: 0.688 (0.656, 0.738) | test eod gap: 0.1779
 57.86% | time:   1.3s (225.5m) | step:   4414 | train acc: 1.000 | train loss: 0.002 |val acc: 0.690 (0.664, 0.733) | val eod gap: 0.1601
begin calculating influence
[Strategy 5] Acc of expected label: 0.688984375
calculating influence -- done
Use 8119 samples. Get 13953 labels. Ratio: 0.5818820325378055
Files already downloaded and verified
3255 originally labeled samples, 4864 new samples, and 154651 unlabeled samples. Total: 162770
 58.32% | time: 668.8s (236.7m) | step:   4449 | train acc: 0.992 | train loss: 0.036 |test acc: 0.690 (0.669, 0.723) | test eod gap: 0.1711
 58.32% | time:   1.4s (236.7m) | step:   4449 | train acc: 0.992 | train loss: 0.036 |val acc: 0.696 (0.672, 0.735) | val eod gap: 0.1380
begin calculating influence
[Strategy 5] Acc of expected label: 0.6876171875
calculating influence -- done
Use 8375 samples. Get 14512 labels. Ratio: 0.5771085997794928
Files already downloaded and verified
3255 originally labeled samples, 5120 new samples, and 154395 unlabeled samples. Total: 162770
Epoch 7
 60.95% | time: 723.6s (248.8m) | step:   4650 | train acc: 1.000 | train loss: 0.000 |test acc: 0.686 (0.660, 0.728) | test eod gap: 0.1600
 60.95% | time:   1.4s (248.8m) | step:   4650 | train acc: 1.000 | train loss: 0.000 |val acc: 0.699 (0.685, 0.719) | val eod gap: 0.1505
begin calculating influence
[Strategy 5] Acc of expected label: 0.68875
calculating influence -- done
Use 8631 samples. Get 15017 labels. Ratio: 0.5747486182326697
Files already downloaded and verified
3255 originally labeled samples, 5376 new samples, and 154139 unlabeled samples. Total: 162770
 63.57% | time: 723.6s (260.9m) | step:   4850 | train acc: 0.996 | train loss: 0.014 |test acc: 0.686 (0.665, 0.719) | test eod gap: 0.1742
 63.57% | time:   1.5s (260.9m) | step:   4850 | train acc: 0.996 | train loss: 0.014 |val acc: 0.695 (0.679, 0.720) | val eod gap: 0.1401
begin calculating influence
[Strategy 5] Acc of expected label: 0.697265625
calculating influence -- done
Use 8887 samples. Get 15635 labels. Ratio: 0.5684042212983691
Files already downloaded and verified
3255 originally labeled samples, 5632 new samples, and 153883 unlabeled samples. Total: 162770
 66.19% | time: 725.7s (273.0m) | step:   5050 | train acc: 1.000 | train loss: 0.002 |test acc: 0.690 (0.660, 0.736) | test eod gap: 0.1742
 66.19% | time:   1.3s (273.0m) | step:   5050 | train acc: 1.000 | train loss: 0.002 |val acc: 0.694 (0.686, 0.706) | val eod gap: 0.1795
begin calculating influence
[Strategy 5] Acc of expected label: 0.698203125
calculating influence -- done
Use 9143 samples. Get 16130 labels. Ratio: 0.5668319900805951
Files already downloaded and verified
3255 originally labeled samples, 5888 new samples, and 153627 unlabeled samples. Total: 162770
 66.65% | time: 668.1s (284.1m) | step:   5085 | train acc: 0.988 | train loss: 0.030 |test acc: 0.690 (0.662, 0.735) | test eod gap: 0.1772
 66.65% | time:   1.4s (284.2m) | step:   5085 | train acc: 0.988 | train loss: 0.030 |val acc: 0.691 (0.672, 0.721) | val eod gap: 0.1506
begin calculating influence
[Strategy 5] Acc of expected label: 0.6925390625
calculating influence -- done
Use 9399 samples. Get 16612 labels. Ratio: 0.565795810257645
Files already downloaded and verified
3255 originally labeled samples, 6144 new samples, and 153371 unlabeled samples. Total: 162770
Epoch 8
 69.29% | time: 724.6s (296.2m) | step:   5286 | train acc: 1.000 | train loss: 0.002 |test acc: 0.676 (0.647, 0.722) | test eod gap: 0.1308
 69.29% | time:   1.5s (296.3m) | step:   5286 | train acc: 1.000 | train loss: 0.002 |val acc: 0.689 (0.672, 0.715) | val eod gap: 0.1245
begin calculating influence
[Strategy 5] Acc of expected label: 0.6790625
calculating influence -- done
Use 9655 samples. Get 17184 labels. Ratio: 0.5618598696461825
Files already downloaded and verified
3255 originally labeled samples, 6400 new samples, and 153115 unlabeled samples. Total: 162770
 71.91% | time: 724.2s (308.3m) | step:   5486 | train acc: 0.996 | train loss: 0.005 |test acc: 0.672 (0.638, 0.726) | test eod gap: 0.1358
 71.91% | time:   1.4s (308.3m) | step:   5486 | train acc: 0.996 | train loss: 0.005 |val acc: 0.687 (0.666, 0.719) | val eod gap: 0.1389
begin calculating influence
[Strategy 5] Acc of expected label: 0.6830859375
calculating influence -- done
Use 9911 samples. Get 17718 labels. Ratio: 0.5593746472513828
Files already downloaded and verified
3255 originally labeled samples, 6656 new samples, and 152859 unlabeled samples. Total: 162770
 74.53% | time: 725.3s (320.4m) | step:   5686 | train acc: 1.000 | train loss: 0.000 |test acc: 0.685 (0.664, 0.719) | test eod gap: 0.1377
 74.53% | time:   1.6s (320.5m) | step:   5686 | train acc: 1.000 | train loss: 0.000 |val acc: 0.697 (0.686, 0.713) | val eod gap: 0.1148
begin calculating influence
[Strategy 5] Acc of expected label: 0.6822265625
calculating influence -- done
Use 10167 samples. Get 18248 labels. Ratio: 0.5571569487067076
Files already downloaded and verified
3255 originally labeled samples, 6912 new samples, and 152603 unlabeled samples. Total: 162770
 74.99% | time: 668.2s (331.6m) | step:   5721 | train acc: 1.000 | train loss: 0.001 |test acc: 0.672 (0.633, 0.735) | test eod gap: 0.1227
 74.99% | time:   1.4s (331.6m) | step:   5721 | train acc: 1.000 | train loss: 0.001 |val acc: 0.687 (0.658, 0.731) | val eod gap: 0.0935
begin calculating influence
[Strategy 5] Acc of expected label: 0.675859375
calculating influence -- done
Use 10423 samples. Get 18702 labels. Ratio: 0.5573200727194952
Files already downloaded and verified
3255 originally labeled samples, 7168 new samples, and 152347 unlabeled samples. Total: 162770
Epoch 9
 77.62% | time: 724.5s (343.7m) | step:   5922 | train acc: 1.000 | train loss: 0.003 |test acc: 0.688 (0.656, 0.740) | test eod gap: 0.1478
 77.62% | time:   1.4s (343.7m) | step:   5922 | train acc: 1.000 | train loss: 0.003 |val acc: 0.700 (0.683, 0.727) | val eod gap: 0.1539
begin calculating influence
[Strategy 5] Acc of expected label: 0.692734375
calculating influence -- done
Use 10679 samples. Get 19137 labels. Ratio: 0.558028949156085
Files already downloaded and verified
3255 originally labeled samples, 7424 new samples, and 152091 unlabeled samples. Total: 162770
 80.25% | time: 724.7s (355.8m) | step:   6122 | train acc: 1.000 | train loss: 0.001 |test acc: 0.684 (0.656, 0.728) | test eod gap: 0.1405
 80.25% | time:   1.3s (355.8m) | step:   6122 | train acc: 1.000 | train loss: 0.001 |val acc: 0.678 (0.662, 0.702) | val eod gap: 0.1288
begin calculating influence
[Strategy 5] Acc of expected label: 0.6890625
calculating influence -- done
Use 10935 samples. Get 19676 labels. Ratio: 0.5557532018702989
Files already downloaded and verified
3255 originally labeled samples, 7680 new samples, and 151835 unlabeled samples. Total: 162770
 82.87% | time: 725.6s (367.9m) | step:   6322 | train acc: 1.000 | train loss: 0.001 |test acc: 0.683 (0.643, 0.746) | test eod gap: 0.1329
 82.87% | time:   1.5s (367.9m) | step:   6322 | train acc: 1.000 | train loss: 0.001 |val acc: 0.688 (0.658, 0.738) | val eod gap: 0.0931
begin calculating influence
[Strategy 5] Acc of expected label: 0.6860546875
calculating influence -- done
Use 11191 samples. Get 20159 labels. Ratio: 0.5551366635249765
Files already downloaded and verified
3255 originally labeled samples, 7936 new samples, and 151579 unlabeled samples. Total: 162770
 83.33% | time: 669.2s (379.1m) | step:   6357 | train acc: 0.984 | train loss: 0.039 |test acc: 0.688 (0.666, 0.722) | test eod gap: 0.1571
 83.33% | time:   1.4s (379.1m) | step:   6357 | train acc: 0.984 | train loss: 0.039 |val acc: 0.710 (0.693, 0.738) | val eod gap: 0.1434
begin calculating influence
[Strategy 5] Acc of expected label: 0.69671875
calculating influence -- done
Use 11447 samples. Get 20698 labels. Ratio: 0.553048603729829
Files already downloaded and verified
3255 originally labeled samples, 8192 new samples, and 151323 unlabeled samples. Total: 162770
Epoch 10
 85.96% | time: 726.2s (391.2m) | step:   6558 | train acc: 1.000 | train loss: 0.001 |test acc: 0.683 (0.655, 0.729) | test eod gap: 0.1271
 85.96% | time:   1.4s (391.2m) | step:   6558 | train acc: 1.000 | train loss: 0.001 |val acc: 0.701 (0.684, 0.728) | val eod gap: 0.1147
begin calculating influence
[Strategy 5] Acc of expected label: 0.6881640625
calculating influence -- done
Use 11703 samples. Get 21196 labels. Ratio: 0.5521324778260049
Files already downloaded and verified
3255 originally labeled samples, 8448 new samples, and 151067 unlabeled samples. Total: 162770
 88.58% | time: 725.8s (403.3m) | step:   6758 | train acc: 0.992 | train loss: 0.017 |test acc: 0.678 (0.649, 0.724) | test eod gap: 0.1171
 88.58% | time:   1.5s (403.4m) | step:   6758 | train acc: 0.992 | train loss: 0.017 |val acc: 0.682 (0.662, 0.714) | val eod gap: 0.0773
begin calculating influence
[Strategy 5] Acc of expected label: 0.6838671875
calculating influence -- done
Use 11959 samples. Get 21731 labels. Ratio: 0.5503198196125351
Files already downloaded and verified
3255 originally labeled samples, 8704 new samples, and 150811 unlabeled samples. Total: 162770
 91.20% | time: 729.2s (415.5m) | step:   6958 | train acc: 0.996 | train loss: 0.006 |test acc: 0.688 (0.659, 0.734) | test eod gap: 0.1270
 91.20% | time:   1.4s (415.5m) | step:   6958 | train acc: 0.996 | train loss: 0.006 |val acc: 0.696 (0.675, 0.729) | val eod gap: 0.1075
begin calculating influence
[Strategy 5] Acc of expected label: 0.6865625
calculating influence -- done
Use 12215 samples. Get 22129 labels. Ratio: 0.5519906005693885
Files already downloaded and verified
3255 originally labeled samples, 8960 new samples, and 150555 unlabeled samples. Total: 162770
 91.66% | time: 670.1s (426.7m) | step:   6993 | train acc: 1.000 | train loss: 0.000 |test acc: 0.686 (0.670, 0.712) | test eod gap: 0.1314
 91.66% | time:   1.4s (426.7m) | step:   6993 | train acc: 1.000 | train loss: 0.000 |val acc: 0.686 (0.674, 0.707) | val eod gap: 0.1224
begin calculating influence
[Strategy 5] Acc of expected label: 0.690703125
calculating influence -- done
Use 12471 samples. Get 22617 labels. Ratio: 0.5513993898395012
Files already downloaded and verified
3255 originally labeled samples, 9216 new samples, and 150299 unlabeled samples. Total: 162770
Epoch 11
 94.30% | time: 726.1s (438.8m) | step:   7194 | train acc: 1.000 | train loss: 0.001 |test acc: 0.684 (0.645, 0.746) | test eod gap: 0.1427
 94.30% | time:   1.3s (438.9m) | step:   7194 | train acc: 1.000 | train loss: 0.001 |val acc: 0.698 (0.676, 0.733) | val eod gap: 0.1010
begin calculating influence
[Strategy 5] Acc of expected label: 0.6882421875
calculating influence -- done
Use 12727 samples. Get 23062 labels. Ratio: 0.5518602029312288
Files already downloaded and verified
3255 originally labeled samples, 9472 new samples, and 150043 unlabeled samples. Total: 162770
 96.92% | time: 725.6s (451.0m) | step:   7394 | train acc: 1.000 | train loss: 0.000 |test acc: 0.693 (0.667, 0.734) | test eod gap: 0.1478
 96.92% | time:   1.4s (451.0m) | step:   7394 | train acc: 1.000 | train loss: 0.000 |val acc: 0.684 (0.665, 0.715) | val eod gap: 0.0907
begin calculating influence
[Strategy 5] Acc of expected label: 0.6921875
calculating influence -- done
Use 12983 samples. Get 23513 labels. Ratio: 0.5521626334368221
Files already downloaded and verified
3255 originally labeled samples, 9728 new samples, and 149787 unlabeled samples. Total: 162770
 99.54% | time: 726.9s (463.1m) | step:   7594 | train acc: 0.996 | train loss: 0.005 |test acc: 0.684 (0.662, 0.718) | test eod gap: 0.1256
 99.54% | time:   1.4s (463.1m) | step:   7594 | train acc: 0.996 | train loss: 0.005 |val acc: 0.697 (0.682, 0.720) | val eod gap: 0.0524
begin calculating influence
[Strategy 5] Acc of expected label: 0.6926171875
calculating influence -- done
Use 13239 samples. Get 24006 labels. Ratio: 0.5514871282179455
Files already downloaded and verified
3255 originally labeled samples, 9984 new samples, and 149531 unlabeled samples. Total: 162770
100.00% | time: 669.6s (474.3m) | step:   7629 | train acc: 0.996 | train loss: 0.009 |test acc: 0.687 (0.653, 0.740) | test eod gap: 0.1249
100.00% | time:   1.5s (474.3m) | step:   7629 | train acc: 0.996 | train loss: 0.009 |val acc: 0.682 (0.647, 0.735) | val eod gap: 0.0862
begin calculating influence
[Strategy 5] Acc of expected label: 0.685546875
calculating influence -- done
Use 13495 samples. Get 24463 labels. Ratio: 0.5516494297510526
Files already downloaded and verified
3255 originally labeled samples, 10240 new samples, and 149275 unlabeled samples. Total: 162770
