Files already downloaded and verified
3255 originally labeled samples, 0 new samples, and 159515 unlabeled samples. Total: 162770
Files already downloaded and verified
1996 originally labeled samples, 0 new samples, and 17966 unlabeled samples. Total: 19962
Numer of layers 200
train net...
train with 162770 samples (with replacement) in one epoch
Epoch 0
  2.62% | time:  98.8s (  1.6m) | step:    200 | train acc: 0.930 | train loss: 0.166 |warm_t acc: 0.681 (0.694, 0.661) | warm_t dp gap: 0.4018
  2.62% | time:   5.8s (  1.7m) | step:    200 | train acc: 0.930 | train loss: 0.166 |warm_v acc: 0.692 (0.704, 0.671) | warm_v dp gap: 0.3936
  5.24% | time:  81.5s (  3.1m) | step:    400 | train acc: 0.793 | train loss: 0.470 |warm_t acc: 0.666 (0.703, 0.605) | warm_t dp gap: 0.3363
  5.24% | time:   1.2s (  3.1m) | step:    400 | train acc: 0.793 | train loss: 0.470 |warm_v acc: 0.661 (0.690, 0.616) | warm_v dp gap: 0.3225
  7.86% | time:  80.9s (  4.5m) | step:    600 | train acc: 1.000 | train loss: 0.006 |warm_t acc: 0.695 (0.677, 0.724) | warm_t dp gap: 0.3869
  7.86% | time:   1.4s (  4.5m) | step:    600 | train acc: 1.000 | train loss: 0.006 |warm_v acc: 0.698 (0.691, 0.710) | warm_v dp gap: 0.3941
  8.32% | time:  23.3s (  4.9m) | step:    635 | train acc: 1.000 | train loss: 0.003 |warm_t acc: 0.695 (0.683, 0.715) | warm_t dp gap: 0.3887
  8.32% | time:   1.4s (  4.9m) | step:    635 | train acc: 1.000 | train loss: 0.003 |warm_v acc: 0.698 (0.683, 0.721) | warm_v dp gap: 0.3737
Epoch 1
 10.95% | time:  82.3s (  6.3m) | step:    835 | train acc: 1.000 | train loss: 0.000 |warm_t acc: 0.694 (0.682, 0.711) | warm_t dp gap: 0.3948
 10.95% | time:   1.4s (  6.3m) | step:    835 | train acc: 1.000 | train loss: 0.000 |warm_v acc: 0.695 (0.692, 0.699) | warm_v dp gap: 0.3714
 13.57% | time:  81.3s (  7.7m) | step:   1035 | train acc: 1.000 | train loss: 0.000 |warm_t acc: 0.694 (0.682, 0.713) | warm_t dp gap: 0.3954
 13.57% | time:   1.3s (  7.7m) | step:   1035 | train acc: 1.000 | train loss: 0.000 |warm_v acc: 0.689 (0.681, 0.701) | warm_v dp gap: 0.3953
 16.19% | time:  78.4s (  9.0m) | step:   1235 | train acc: 1.000 | train loss: 0.000 |warm_t acc: 0.694 (0.683, 0.712) | warm_t dp gap: 0.3953
 16.19% | time:   1.3s (  9.0m) | step:   1235 | train acc: 1.000 | train loss: 0.000 |warm_v acc: 0.684 (0.674, 0.699) | warm_v dp gap: 0.3714
 16.65% | time:  24.4s (  9.4m) | step:   1270 | train acc: 1.000 | train loss: 0.000 |warm_t acc: 0.694 (0.683, 0.712) | warm_t dp gap: 0.3956
 16.65% | time:   1.3s (  9.4m) | step:   1270 | train acc: 1.000 | train loss: 0.000 |warm_v acc: 0.694 (0.692, 0.697) | warm_v dp gap: 0.3768
Epoch 2
 19.28% | time:  72.3s ( 10.6m) | step:   1471 | train acc: 1.000 | train loss: 0.000 |test acc: 0.694 (0.682, 0.713) | test dp gap: 0.3955
 19.28% | time:   1.4s ( 10.7m) | step:   1471 | train acc: 1.000 | train loss: 0.000 |val acc: 0.702 (0.701, 0.704) | val dp gap: 0.3947
begin calculating influence
selected layers: [Traced<ShapedArray(float32[768])>with<DynamicJaxprTrace(level=0/1)>, Traced<ShapedArray(float32[8,8,3,768])>with<DynamicJaxprTrace(level=0/1)>, Traced<ShapedArray(float32[2])>with<DynamicJaxprTrace(level=0/1)>, Traced<ShapedArray(float32[768,2])>with<DynamicJaxprTrace(level=0/1)>]
[Strategy 2] Acc of expected label: 0.703359375
calculating influence -- done
Use 3511 samples. Get 3865 labels. Ratio: 0.9084087968952135
Files already downloaded and verified
3255 originally labeled samples, 256 new samples, and 159259 unlabeled samples. Total: 162770
 21.90% | time: 784.4s ( 23.7m) | step:   1671 | train acc: 0.988 | train loss: 0.107 |test acc: 0.609 (0.515, 0.758) | test dp gap: 0.1386
 21.90% | time:   1.4s ( 23.8m) | step:   1671 | train acc: 0.988 | train loss: 0.107 |val acc: 0.630 (0.549, 0.760) | val dp gap: 0.1427
begin calculating influence
[Strategy 2] Acc of expected label: 0.6038671875
calculating influence -- done
Use 3767 samples. Get 4363 labels. Ratio: 0.8633967453586981
Files already downloaded and verified
3255 originally labeled samples, 512 new samples, and 159003 unlabeled samples. Total: 162770
 24.52% | time: 750.7s ( 36.3m) | step:   1871 | train acc: 0.836 | train loss: 0.409 |test acc: 0.688 (0.669, 0.718) | test dp gap: 0.3653
 24.52% | time:   1.4s ( 36.3m) | step:   1871 | train acc: 0.836 | train loss: 0.409 |val acc: 0.699 (0.669, 0.743) | val dp gap: 0.3646
begin calculating influence
[Strategy 2] Acc of expected label: 0.6870703125
calculating influence -- done
Use 4023 samples. Get 4868 labels. Ratio: 0.826417419884963
Files already downloaded and verified
3255 originally labeled samples, 768 new samples, and 158747 unlabeled samples. Total: 162770
 24.98% | time: 685.8s ( 47.7m) | step:   1906 | train acc: 0.855 | train loss: 0.356 |test acc: 0.694 (0.686, 0.707) | test dp gap: 0.3706
 24.98% | time:   1.4s ( 47.7m) | step:   1906 | train acc: 0.855 | train loss: 0.356 |val acc: 0.711 (0.701, 0.726) | val dp gap: 0.3512
begin calculating influence
[Strategy 2] Acc of expected label: 0.70421875
calculating influence -- done
Use 4279 samples. Get 5318 labels. Ratio: 0.8046257991726213
Files already downloaded and verified
3255 originally labeled samples, 1024 new samples, and 158491 unlabeled samples. Total: 162770
Epoch 3
 27.62% | time: 747.0s ( 60.2m) | step:   2107 | train acc: 0.961 | train loss: 0.088 |test acc: 0.685 (0.652, 0.737) | test dp gap: 0.3494
 27.62% | time:   1.5s ( 60.2m) | step:   2107 | train acc: 0.961 | train loss: 0.088 |val acc: 0.701 (0.674, 0.744) | val dp gap: 0.3343
begin calculating influence
[Strategy 2] Acc of expected label: 0.6842578125
calculating influence -- done
Use 4535 samples. Get 5876 labels. Ratio: 0.7717835262083049
Files already downloaded and verified
3255 originally labeled samples, 1280 new samples, and 158235 unlabeled samples. Total: 162770
 30.24% | time: 742.8s ( 72.6m) | step:   2307 | train acc: 1.000 | train loss: 0.001 |test acc: 0.689 (0.664, 0.730) | test dp gap: 0.3539
 30.24% | time:   1.5s ( 72.6m) | step:   2307 | train acc: 1.000 | train loss: 0.001 |val acc: 0.696 (0.672, 0.733) | val dp gap: 0.3220
begin calculating influence
[Strategy 2] Acc of expected label: 0.689296875
calculating influence -- done
Use 4791 samples. Get 6396 labels. Ratio: 0.74906191369606
Files already downloaded and verified
3255 originally labeled samples, 1536 new samples, and 157979 unlabeled samples. Total: 162770
 32.86% | time: 751.0s ( 85.1m) | step:   2507 | train acc: 1.000 | train loss: 0.000 |test acc: 0.688 (0.668, 0.719) | test dp gap: 0.3383
 32.86% | time:   1.4s ( 85.2m) | step:   2507 | train acc: 1.000 | train loss: 0.000 |val acc: 0.697 (0.688, 0.711) | val dp gap: 0.3094
begin calculating influence
[Strategy 2] Acc of expected label: 0.695859375
calculating influence -- done
Use 5047 samples. Get 6982 labels. Ratio: 0.7228587797192781
Files already downloaded and verified
3255 originally labeled samples, 1792 new samples, and 157723 unlabeled samples. Total: 162770
 33.32% | time: 689.9s ( 96.7m) | step:   2542 | train acc: 0.988 | train loss: 0.024 |test acc: 0.686 (0.667, 0.717) | test dp gap: 0.3190
 33.32% | time:   1.4s ( 96.7m) | step:   2542 | train acc: 0.988 | train loss: 0.024 |val acc: 0.700 (0.678, 0.733) | val dp gap: 0.2816
begin calculating influence
[Strategy 2] Acc of expected label: 0.6896875
calculating influence -- done
Use 5303 samples. Get 7695 labels. Ratio: 0.6891487979207277
Files already downloaded and verified
3255 originally labeled samples, 2048 new samples, and 157467 unlabeled samples. Total: 162770
Epoch 4
 35.95% | time: 750.2s (109.2m) | step:   2743 | train acc: 1.000 | train loss: 0.000 |test acc: 0.681 (0.650, 0.730) | test dp gap: 0.3108
 35.95% | time:   1.4s (109.2m) | step:   2743 | train acc: 1.000 | train loss: 0.000 |val acc: 0.682 (0.653, 0.727) | val dp gap: 0.2744
begin calculating influence
[Strategy 2] Acc of expected label: 0.68453125
calculating influence -- done
Use 5559 samples. Get 8173 labels. Ratio: 0.6801664015661324
Files already downloaded and verified
3255 originally labeled samples, 2304 new samples, and 157211 unlabeled samples. Total: 162770
 38.58% | time: 748.8s (121.7m) | step:   2943 | train acc: 1.000 | train loss: 0.002 |test acc: 0.682 (0.661, 0.714) | test dp gap: 0.2937
 38.58% | time:   1.4s (121.7m) | step:   2943 | train acc: 1.000 | train loss: 0.002 |val acc: 0.704 (0.687, 0.732) | val dp gap: 0.2350
begin calculating influence
[Strategy 2] Acc of expected label: 0.6820703125
calculating influence -- done
Use 5815 samples. Get 8821 labels. Ratio: 0.6592223103956467
Files already downloaded and verified
3255 originally labeled samples, 2560 new samples, and 156955 unlabeled samples. Total: 162770
 41.20% | time: 750.2s (134.2m) | step:   3143 | train acc: 1.000 | train loss: 0.001 |test acc: 0.689 (0.662, 0.731) | test dp gap: 0.3162
 41.20% | time:   1.4s (134.2m) | step:   3143 | train acc: 1.000 | train loss: 0.001 |val acc: 0.687 (0.666, 0.720) | val dp gap: 0.2436
begin calculating influence
[Strategy 2] Acc of expected label: 0.6870703125
calculating influence -- done
Use 6071 samples. Get 9400 labels. Ratio: 0.6458510638297872
Files already downloaded and verified
3255 originally labeled samples, 2816 new samples, and 156699 unlabeled samples. Total: 162770
 41.66% | time: 689.6s (145.7m) | step:   3178 | train acc: 0.988 | train loss: 0.027 |test acc: 0.665 (0.636, 0.711) | test dp gap: 0.2667
 41.66% | time:   1.5s (145.8m) | step:   3178 | train acc: 0.988 | train loss: 0.027 |val acc: 0.684 (0.667, 0.713) | val dp gap: 0.2359
begin calculating influence
[Strategy 2] Acc of expected label: 0.67078125
calculating influence -- done
Use 6327 samples. Get 9908 labels. Ratio: 0.6385748889786032
Files already downloaded and verified
3255 originally labeled samples, 3072 new samples, and 156443 unlabeled samples. Total: 162770
Epoch 5
 44.29% | time: 749.2s (158.2m) | step:   3379 | train acc: 1.000 | train loss: 0.001 |test acc: 0.689 (0.659, 0.737) | test dp gap: 0.3144
 44.29% | time:   1.5s (158.3m) | step:   3379 | train acc: 1.000 | train loss: 0.001 |val acc: 0.700 (0.669, 0.749) | val dp gap: 0.2766
begin calculating influence
[Strategy 2] Acc of expected label: 0.6959765625
calculating influence -- done
Use 6583 samples. Get 10331 labels. Ratio: 0.6372084018972026
Files already downloaded and verified
3255 originally labeled samples, 3328 new samples, and 156187 unlabeled samples. Total: 162770
 46.91% | time: 748.7s (170.7m) | step:   3579 | train acc: 1.000 | train loss: 0.000 |test acc: 0.689 (0.657, 0.740) | test dp gap: 0.3223
 46.91% | time:   1.4s (170.8m) | step:   3579 | train acc: 1.000 | train loss: 0.000 |val acc: 0.691 (0.646, 0.761) | val dp gap: 0.2829
begin calculating influence
[Strategy 2] Acc of expected label: 0.69203125
calculating influence -- done
Use 6839 samples. Get 10837 labels. Ratio: 0.6310787118206146
Files already downloaded and verified
3255 originally labeled samples, 3584 new samples, and 155931 unlabeled samples. Total: 162770
 49.53% | time: 747.8s (183.2m) | step:   3779 | train acc: 1.000 | train loss: 0.002 |test acc: 0.684 (0.650, 0.738) | test dp gap: 0.3116
 49.53% | time:   1.4s (183.3m) | step:   3779 | train acc: 1.000 | train loss: 0.002 |val acc: 0.698 (0.676, 0.732) | val dp gap: 0.2670
begin calculating influence
[Strategy 2] Acc of expected label: 0.68
calculating influence -- done
Use 7095 samples. Get 11351 labels. Ratio: 0.6250550612280856
Files already downloaded and verified
3255 originally labeled samples, 3840 new samples, and 155675 unlabeled samples. Total: 162770
 49.99% | time: 688.5s (194.7m) | step:   3814 | train acc: 0.996 | train loss: 0.010 |test acc: 0.677 (0.656, 0.711) | test dp gap: 0.2964
 49.99% | time:   1.5s (194.8m) | step:   3814 | train acc: 0.996 | train loss: 0.010 |val acc: 0.682 (0.667, 0.706) | val dp gap: 0.2707
begin calculating influence
[Strategy 2] Acc of expected label: 0.676953125
calculating influence -- done
Use 7351 samples. Get 11918 labels. Ratio: 0.6167981204900151
Files already downloaded and verified
3255 originally labeled samples, 4096 new samples, and 155419 unlabeled samples. Total: 162770
Epoch 6
 52.62% | time: 749.0s (207.2m) | step:   4014 | train acc: 1.000 | train loss: 0.001 |test acc: 0.684 (0.657, 0.727) | test dp gap: 0.3038
 52.62% | time:   1.4s (207.3m) | step:   4014 | train acc: 1.000 | train loss: 0.001 |val acc: 0.681 (0.659, 0.715) | val dp gap: 0.2626
begin calculating influence
[Strategy 2] Acc of expected label: 0.68890625
calculating influence -- done
Use 7607 samples. Get 12439 labels. Ratio: 0.6115443363614439
Files already downloaded and verified
3255 originally labeled samples, 4352 new samples, and 155163 unlabeled samples. Total: 162770
 55.24% | time: 748.4s (219.7m) | step:   4214 | train acc: 1.000 | train loss: 0.003 |test acc: 0.676 (0.644, 0.728) | test dp gap: 0.2772
 55.24% | time:   1.4s (219.8m) | step:   4214 | train acc: 1.000 | train loss: 0.003 |val acc: 0.685 (0.666, 0.713) | val dp gap: 0.2225
begin calculating influence
[Strategy 2] Acc of expected label: 0.6760546875
calculating influence -- done
Use 7863 samples. Get 12944 labels. Ratio: 0.6074629171817059
Files already downloaded and verified
3255 originally labeled samples, 4608 new samples, and 154907 unlabeled samples. Total: 162770
 57.86% | time: 747.2s (232.2m) | step:   4414 | train acc: 1.000 | train loss: 0.001 |test acc: 0.680 (0.653, 0.723) | test dp gap: 0.2885
 57.86% | time:   1.4s (232.2m) | step:   4414 | train acc: 1.000 | train loss: 0.001 |val acc: 0.686 (0.674, 0.704) | val dp gap: 0.2593
begin calculating influence
[Strategy 2] Acc of expected label: 0.6849609375
calculating influence -- done
Use 8119 samples. Get 13495 labels. Ratio: 0.601630233419785
Files already downloaded and verified
3255 originally labeled samples, 4864 new samples, and 154651 unlabeled samples. Total: 162770
 58.32% | time: 687.8s (243.7m) | step:   4449 | train acc: 0.977 | train loss: 0.089 |test acc: 0.690 (0.662, 0.735) | test dp gap: 0.3176
 58.32% | time:   1.4s (243.7m) | step:   4449 | train acc: 0.977 | train loss: 0.089 |val acc: 0.700 (0.680, 0.732) | val dp gap: 0.2777
begin calculating influence
[Strategy 2] Acc of expected label: 0.695625
calculating influence -- done
Use 8375 samples. Get 13972 labels. Ratio: 0.599413111938162
Files already downloaded and verified
3255 originally labeled samples, 5120 new samples, and 154395 unlabeled samples. Total: 162770
Epoch 7
 60.95% | time: 747.5s (256.2m) | step:   4650 | train acc: 1.000 | train loss: 0.000 |test acc: 0.688 (0.669, 0.719) | test dp gap: 0.3132
 60.95% | time:   1.4s (256.2m) | step:   4650 | train acc: 1.000 | train loss: 0.000 |val acc: 0.702 (0.689, 0.723) | val dp gap: 0.2749
begin calculating influence
[Strategy 2] Acc of expected label: 0.689375
calculating influence -- done
Use 8631 samples. Get 14545 labels. Ratio: 0.5933997937435544
Files already downloaded and verified
3255 originally labeled samples, 5376 new samples, and 154139 unlabeled samples. Total: 162770
 63.57% | time: 745.0s (268.6m) | step:   4850 | train acc: 0.984 | train loss: 0.031 |test acc: 0.684 (0.654, 0.733) | test dp gap: 0.2959
 63.57% | time:   1.4s (268.6m) | step:   4850 | train acc: 0.984 | train loss: 0.031 |val acc: 0.692 (0.681, 0.710) | val dp gap: 0.2273
begin calculating influence
[Strategy 2] Acc of expected label: 0.692265625
calculating influence -- done
Use 8887 samples. Get 14999 labels. Ratio: 0.5925061670778052
Files already downloaded and verified
3255 originally labeled samples, 5632 new samples, and 153883 unlabeled samples. Total: 162770
 66.19% | time: 746.5s (281.1m) | step:   5050 | train acc: 1.000 | train loss: 0.004 |test acc: 0.691 (0.668, 0.728) | test dp gap: 0.3155
 66.19% | time:   1.5s (281.1m) | step:   5050 | train acc: 1.000 | train loss: 0.004 |val acc: 0.706 (0.700, 0.717) | val dp gap: 0.2329
begin calculating influence
[Strategy 2] Acc of expected label: 0.699921875
calculating influence -- done
Use 9143 samples. Get 15603 labels. Ratio: 0.5859770556944177
Files already downloaded and verified
3255 originally labeled samples, 5888 new samples, and 153627 unlabeled samples. Total: 162770
 66.65% | time: 686.8s (292.6m) | step:   5085 | train acc: 0.996 | train loss: 0.030 |test acc: 0.679 (0.646, 0.732) | test dp gap: 0.2991
 66.65% | time:   1.4s (292.6m) | step:   5085 | train acc: 0.996 | train loss: 0.030 |val acc: 0.674 (0.654, 0.708) | val dp gap: 0.2240
begin calculating influence
[Strategy 2] Acc of expected label: 0.6868359375
calculating influence -- done
Use 9399 samples. Get 16132 labels. Ratio: 0.5826307959335483
Files already downloaded and verified
3255 originally labeled samples, 6144 new samples, and 153371 unlabeled samples. Total: 162770
Epoch 8
 69.29% | time: 748.4s (305.1m) | step:   5286 | train acc: 1.000 | train loss: 0.000 |test acc: 0.684 (0.656, 0.730) | test dp gap: 0.2946
 69.29% | time:   1.4s (305.1m) | step:   5286 | train acc: 1.000 | train loss: 0.000 |val acc: 0.696 (0.681, 0.719) | val dp gap: 0.2356
begin calculating influence
[Strategy 2] Acc of expected label: 0.690546875
calculating influence -- done
Use 9631 samples. Get 16614 labels. Ratio: 0.5796918261706994
Files already downloaded and verified
3255 originally labeled samples, 6376 new samples, and 153139 unlabeled samples. Total: 162770
 71.91% | time: 749.7s (317.6m) | step:   5486 | train acc: 1.000 | train loss: 0.000 |test acc: 0.685 (0.658, 0.728) | test dp gap: 0.2908
 71.91% | time:   1.4s (317.6m) | step:   5486 | train acc: 1.000 | train loss: 0.000 |val acc: 0.704 (0.694, 0.720) | val dp gap: 0.2215
begin calculating influence
[Strategy 2] Acc of expected label: 0.6883203125
calculating influence -- done
Use 9887 samples. Get 17157 labels. Ratio: 0.5762662470128811
Files already downloaded and verified
3255 originally labeled samples, 6632 new samples, and 152883 unlabeled samples. Total: 162770
 74.53% | time: 751.5s (330.1m) | step:   5686 | train acc: 1.000 | train loss: 0.001 |test acc: 0.682 (0.655, 0.726) | test dp gap: 0.2930
 74.53% | time:   1.2s (330.1m) | step:   5686 | train acc: 1.000 | train loss: 0.001 |val acc: 0.702 (0.695, 0.713) | val dp gap: 0.2002
begin calculating influence
[Strategy 2] Acc of expected label: 0.6798046875
calculating influence -- done
Use 10143 samples. Get 17672 labels. Ratio: 0.5739588048890901
Files already downloaded and verified
3255 originally labeled samples, 6888 new samples, and 152627 unlabeled samples. Total: 162770
 74.99% | time: 690.1s (341.6m) | step:   5721 | train acc: 0.988 | train loss: 0.027 |test acc: 0.673 (0.636, 0.730) | test dp gap: 0.2799
 74.99% | time:   1.4s (341.7m) | step:   5721 | train acc: 0.988 | train loss: 0.027 |val acc: 0.682 (0.672, 0.698) | val dp gap: 0.2289
begin calculating influence
[Strategy 2] Acc of expected label: 0.6778125
calculating influence -- done
Use 10399 samples. Get 18239 labels. Ratio: 0.5701518723614233
Files already downloaded and verified
3255 originally labeled samples, 7144 new samples, and 152371 unlabeled samples. Total: 162770
Epoch 9
 77.62% | time: 754.8s (354.2m) | step:   5922 | train acc: 1.000 | train loss: 0.002 |test acc: 0.681 (0.661, 0.714) | test dp gap: 0.2792
 77.62% | time:   1.2s (354.3m) | step:   5922 | train acc: 1.000 | train loss: 0.002 |val acc: 0.702 (0.684, 0.732) | val dp gap: 0.2269
begin calculating influence
[Strategy 2] Acc of expected label: 0.6831640625
calculating influence -- done
Use 10655 samples. Get 18808 labels. Ratio: 0.5665142492556359
Files already downloaded and verified
3255 originally labeled samples, 7400 new samples, and 152115 unlabeled samples. Total: 162770
 80.25% | time: 752.6s (366.8m) | step:   6122 | train acc: 1.000 | train loss: 0.000 |test acc: 0.679 (0.649, 0.726) | test dp gap: 0.2665
 80.25% | time:   1.3s (366.8m) | step:   6122 | train acc: 1.000 | train loss: 0.000 |val acc: 0.676 (0.646, 0.724) | val dp gap: 0.2073
begin calculating influence
[Strategy 2] Acc of expected label: 0.6770703125
calculating influence -- done
Use 10911 samples. Get 19298 labels. Ratio: 0.5653953777593533
Files already downloaded and verified
3255 originally labeled samples, 7656 new samples, and 151859 unlabeled samples. Total: 162770
 82.87% | time: 750.9s (379.3m) | step:   6322 | train acc: 1.000 | train loss: 0.001 |test acc: 0.692 (0.668, 0.730) | test dp gap: 0.3038
 82.87% | time:   1.4s (379.4m) | step:   6322 | train acc: 1.000 | train loss: 0.001 |val acc: 0.699 (0.683, 0.724) | val dp gap: 0.2386
begin calculating influence
[Strategy 2] Acc of expected label: 0.7016015625
calculating influence -- done
Use 11167 samples. Get 19839 labels. Ratio: 0.5628811936085488
Files already downloaded and verified
3255 originally labeled samples, 7912 new samples, and 151603 unlabeled samples. Total: 162770
 83.33% | time: 690.6s (390.9m) | step:   6357 | train acc: 0.977 | train loss: 0.074 |test acc: 0.680 (0.653, 0.723) | test dp gap: 0.2744
 83.33% | time:   1.4s (390.9m) | step:   6357 | train acc: 0.977 | train loss: 0.074 |val acc: 0.701 (0.680, 0.735) | val dp gap: 0.2443
begin calculating influence
[Strategy 2] Acc of expected label: 0.6821875
calculating influence -- done
Use 11423 samples. Get 20354 labels. Ratio: 0.5612164685074187
Files already downloaded and verified
3255 originally labeled samples, 8168 new samples, and 151347 unlabeled samples. Total: 162770
Epoch 10
 85.96% | time: 747.3s (403.4m) | step:   6558 | train acc: 1.000 | train loss: 0.003 |test acc: 0.673 (0.638, 0.728) | test dp gap: 0.2734
 85.96% | time:   1.4s (403.4m) | step:   6558 | train acc: 1.000 | train loss: 0.003 |val acc: 0.695 (0.662, 0.750) | val dp gap: 0.2014
begin calculating influence
[Strategy 2] Acc of expected label: 0.674453125
calculating influence -- done
Use 11679 samples. Get 20870 labels. Ratio: 0.5596070915189267
Files already downloaded and verified
3255 originally labeled samples, 8424 new samples, and 151091 unlabeled samples. Total: 162770
 88.58% | time: 747.3s (415.8m) | step:   6758 | train acc: 1.000 | train loss: 0.003 |test acc: 0.681 (0.655, 0.721) | test dp gap: 0.2789
 88.58% | time:   1.5s (415.9m) | step:   6758 | train acc: 1.000 | train loss: 0.003 |val acc: 0.680 (0.653, 0.723) | val dp gap: 0.2206
begin calculating influence
[Strategy 2] Acc of expected label: 0.6805078125
calculating influence -- done
Use 11935 samples. Get 21368 labels. Ratio: 0.5585454885810558
Files already downloaded and verified
3255 originally labeled samples, 8680 new samples, and 150835 unlabeled samples. Total: 162770
 91.20% | time: 745.8s (428.3m) | step:   6958 | train acc: 0.996 | train loss: 0.005 |test acc: 0.680 (0.655, 0.720) | test dp gap: 0.2732
 91.20% | time:   1.3s (428.3m) | step:   6958 | train acc: 0.996 | train loss: 0.005 |val acc: 0.688 (0.658, 0.736) | val dp gap: 0.2214
begin calculating influence
[Strategy 2] Acc of expected label: 0.6822265625
calculating influence -- done
Use 12191 samples. Get 21942 labels. Ratio: 0.5556011302524838
Files already downloaded and verified
3255 originally labeled samples, 8936 new samples, and 150579 unlabeled samples. Total: 162770
 91.66% | time: 687.8s (439.8m) | step:   6993 | train acc: 0.992 | train loss: 0.012 |test acc: 0.673 (0.644, 0.719) | test dp gap: 0.2665
 91.66% | time:   1.2s (439.8m) | step:   6993 | train acc: 0.992 | train loss: 0.012 |val acc: 0.693 (0.671, 0.726) | val dp gap: 0.2140
begin calculating influence
[Strategy 2] Acc of expected label: 0.6730859375
calculating influence -- done
Use 12447 samples. Get 22366 labels. Ratio: 0.5565143521416436
Files already downloaded and verified
3255 originally labeled samples, 9192 new samples, and 150323 unlabeled samples. Total: 162770
Epoch 11
 94.30% | time: 749.8s (452.3m) | step:   7194 | train acc: 1.000 | train loss: 0.001 |test acc: 0.677 (0.641, 0.733) | test dp gap: 0.2704
 94.30% | time:   1.4s (452.3m) | step:   7194 | train acc: 1.000 | train loss: 0.001 |val acc: 0.695 (0.671, 0.731) | val dp gap: 0.1820
begin calculating influence
[Strategy 2] Acc of expected label: 0.676015625
calculating influence -- done
Use 12703 samples. Get 22756 labels. Ratio: 0.5582264018280892
Files already downloaded and verified
3255 originally labeled samples, 9448 new samples, and 150067 unlabeled samples. Total: 162770
 96.92% | time: 746.9s (464.8m) | step:   7394 | train acc: 0.996 | train loss: 0.022 |test acc: 0.679 (0.644, 0.733) | test dp gap: 0.2777
 96.92% | time:   1.4s (464.8m) | step:   7394 | train acc: 0.996 | train loss: 0.022 |val acc: 0.706 (0.683, 0.744) | val dp gap: 0.2470
begin calculating influence
[Strategy 2] Acc of expected label: 0.6843359375
calculating influence -- done
Use 12959 samples. Get 23258 labels. Ratio: 0.5571846246452833
Files already downloaded and verified
3255 originally labeled samples, 9704 new samples, and 149811 unlabeled samples. Total: 162770
 99.54% | time: 746.0s (477.2m) | step:   7594 | train acc: 1.000 | train loss: 0.001 |test acc: 0.691 (0.667, 0.728) | test dp gap: 0.3017
 99.54% | time:   1.2s (477.2m) | step:   7594 | train acc: 1.000 | train loss: 0.001 |val acc: 0.711 (0.691, 0.743) | val dp gap: 0.2253
begin calculating influence
[Strategy 2] Acc of expected label: 0.69078125
calculating influence -- done
Use 13215 samples. Get 23738 labels. Ratio: 0.5567023338107675
Files already downloaded and verified
3255 originally labeled samples, 9960 new samples, and 149555 unlabeled samples. Total: 162770
100.00% | time: 623.5s (487.6m) | step:   7629 | train acc: 0.992 | train loss: 0.025 |test acc: 0.682 (0.657, 0.722) | test dp gap: 0.2786
100.00% | time:   1.1s (487.7m) | step:   7629 | train acc: 0.992 | train loss: 0.025 |val acc: 0.701 (0.688, 0.720) | val dp gap: 0.2286
begin calculating influence
[Strategy 2] Acc of expected label: 0.6851171875
calculating influence -- done
Use 13471 samples. Get 24239 labels. Ratio: 0.555757250711663
Files already downloaded and verified
3255 originally labeled samples, 10216 new samples, and 149299 unlabeled samples. Total: 162770
