Files already downloaded and verified
3255 originally labeled samples, 0 new samples, and 159515 unlabeled samples. Total: 162770
Files already downloaded and verified
1996 originally labeled samples, 0 new samples, and 17966 unlabeled samples. Total: 19962
Numer of layers 200
train net...
train with 162770 samples (with replacement) in one epoch
Epoch 0
  2.62% | time:  98.0s (  1.6m) | step:    200 | train acc: 0.930 | train loss: 0.166 |warm_t acc: 0.681 (0.694, 0.661) | warm_t eop gap: 0.2467
  2.62% | time:   5.6s (  1.7m) | step:    200 | train acc: 0.930 | train loss: 0.166 |warm_v acc: 0.692 (0.704, 0.671) | warm_v eop gap: 0.2562
  5.24% | time:  82.1s (  3.1m) | step:    400 | train acc: 0.793 | train loss: 0.470 |warm_t acc: 0.666 (0.703, 0.605) | warm_t eop gap: 0.1535
  5.24% | time:   1.4s (  3.1m) | step:    400 | train acc: 0.793 | train loss: 0.470 |warm_v acc: 0.661 (0.690, 0.616) | warm_v eop gap: 0.1354
  7.86% | time:  81.6s (  4.5m) | step:    600 | train acc: 1.000 | train loss: 0.006 |warm_t acc: 0.695 (0.677, 0.724) | warm_t eop gap: 0.2626
  7.86% | time:   1.3s (  4.5m) | step:    600 | train acc: 1.000 | train loss: 0.006 |warm_v acc: 0.698 (0.691, 0.710) | warm_v eop gap: 0.3140
  8.32% | time:  23.6s (  4.9m) | step:    635 | train acc: 1.000 | train loss: 0.003 |warm_t acc: 0.695 (0.683, 0.715) | warm_t eop gap: 0.2619
  8.32% | time:   1.3s (  4.9m) | step:    635 | train acc: 1.000 | train loss: 0.003 |warm_v acc: 0.698 (0.683, 0.721) | warm_v eop gap: 0.2375
Epoch 1
 10.95% | time:  82.6s (  6.3m) | step:    835 | train acc: 1.000 | train loss: 0.000 |warm_t acc: 0.694 (0.682, 0.711) | warm_t eop gap: 0.2714
 10.95% | time:   1.4s (  6.3m) | step:    835 | train acc: 1.000 | train loss: 0.000 |warm_v acc: 0.695 (0.692, 0.699) | warm_v eop gap: 0.2614
 13.57% | time:  81.6s (  7.7m) | step:   1035 | train acc: 1.000 | train loss: 0.000 |warm_t acc: 0.694 (0.682, 0.713) | warm_t eop gap: 0.2729
 13.57% | time:   1.3s (  7.7m) | step:   1035 | train acc: 1.000 | train loss: 0.000 |warm_v acc: 0.689 (0.681, 0.701) | warm_v eop gap: 0.2982
 16.19% | time:  79.3s (  9.0m) | step:   1235 | train acc: 1.000 | train loss: 0.000 |warm_t acc: 0.694 (0.683, 0.712) | warm_t eop gap: 0.2751
 16.19% | time:   1.5s (  9.0m) | step:   1235 | train acc: 1.000 | train loss: 0.000 |warm_v acc: 0.684 (0.674, 0.699) | warm_v eop gap: 0.2659
 16.65% | time:  24.3s (  9.4m) | step:   1270 | train acc: 1.000 | train loss: 0.000 |warm_t acc: 0.694 (0.683, 0.712) | warm_t eop gap: 0.2743
 16.65% | time:   1.5s (  9.5m) | step:   1270 | train acc: 1.000 | train loss: 0.000 |warm_v acc: 0.694 (0.692, 0.697) | warm_v eop gap: 0.2793
Epoch 2
 19.28% | time:  73.3s ( 10.7m) | step:   1471 | train acc: 1.000 | train loss: 0.000 |test acc: 0.694 (0.682, 0.713) | test eop gap: 0.2748
 19.28% | time:   1.4s ( 10.7m) | step:   1471 | train acc: 1.000 | train loss: 0.000 |val acc: 0.702 (0.701, 0.704) | val eop gap: 0.3033
begin calculating influence
selected layers: [Traced<ShapedArray(float32[768])>with<DynamicJaxprTrace(level=0/1)>, Traced<ShapedArray(float32[8,8,3,768])>with<DynamicJaxprTrace(level=0/1)>, Traced<ShapedArray(float32[2])>with<DynamicJaxprTrace(level=0/1)>, Traced<ShapedArray(float32[768,2])>with<DynamicJaxprTrace(level=0/1)>]
[Strategy 2] Acc of expected label: 0.703359375
calculating influence -- done
Use 3511 samples. Get 3794 labels. Ratio: 0.9254085397996837
Files already downloaded and verified
3255 originally labeled samples, 256 new samples, and 159259 unlabeled samples. Total: 162770
 21.90% | time: 773.8s ( 23.6m) | step:   1671 | train acc: 1.000 | train loss: 0.021 |test acc: 0.695 (0.684, 0.711) | test eop gap: 0.3038
 21.90% | time:   1.5s ( 23.6m) | step:   1671 | train acc: 1.000 | train loss: 0.021 |val acc: 0.691 (0.678, 0.713) | val eop gap: 0.3161
begin calculating influence
[Strategy 2] Acc of expected label: 0.69421875
calculating influence -- done
Use 3767 samples. Get 4284 labels. Ratio: 0.8793183940242764
Files already downloaded and verified
3255 originally labeled samples, 512 new samples, and 159003 unlabeled samples. Total: 162770
 24.52% | time: 753.7s ( 36.2m) | step:   1871 | train acc: 0.996 | train loss: 0.011 |test acc: 0.694 (0.679, 0.719) | test eop gap: 0.2232
 24.52% | time:   1.4s ( 36.2m) | step:   1871 | train acc: 0.996 | train loss: 0.011 |val acc: 0.703 (0.687, 0.729) | val eop gap: 0.2665
begin calculating influence
[Strategy 2] Acc of expected label: 0.7040234375
calculating influence -- done
Use 4023 samples. Get 4864 labels. Ratio: 0.8270970394736842
Files already downloaded and verified
3255 originally labeled samples, 768 new samples, and 158747 unlabeled samples. Total: 162770
 24.98% | time: 703.6s ( 47.9m) | step:   1906 | train acc: 0.910 | train loss: 0.210 |test acc: 0.690 (0.671, 0.722) | test eop gap: 0.2148
 24.98% | time:   1.4s ( 48.0m) | step:   1906 | train acc: 0.910 | train loss: 0.210 |val acc: 0.701 (0.677, 0.736) | val eop gap: 0.2529
begin calculating influence
[Strategy 2] Acc of expected label: 0.6894921875
calculating influence -- done
Use 4255 samples. Get 5463 labels. Ratio: 0.7788760754164379
Files already downloaded and verified
3255 originally labeled samples, 1000 new samples, and 158515 unlabeled samples. Total: 162770
Epoch 3
 27.62% | time: 754.0s ( 60.5m) | step:   2107 | train acc: 1.000 | train loss: 0.001 |test acc: 0.692 (0.686, 0.701) | test eop gap: 0.1753
 27.62% | time:   1.4s ( 60.6m) | step:   2107 | train acc: 1.000 | train loss: 0.001 |val acc: 0.701 (0.689, 0.719) | val eop gap: 0.1527
begin calculating influence
[Strategy 2] Acc of expected label: 0.692578125
calculating influence -- done
Use 4511 samples. Get 5959 labels. Ratio: 0.7570062090954858
Files already downloaded and verified
3255 originally labeled samples, 1256 new samples, and 158259 unlabeled samples. Total: 162770
 30.24% | time: 754.1s ( 73.1m) | step:   2307 | train acc: 1.000 | train loss: 0.000 |test acc: 0.693 (0.682, 0.710) | test eop gap: 0.1868
 30.24% | time:   1.3s ( 73.2m) | step:   2307 | train acc: 1.000 | train loss: 0.000 |val acc: 0.706 (0.697, 0.720) | val eop gap: 0.1787
begin calculating influence
[Strategy 2] Acc of expected label: 0.697109375
calculating influence -- done
Use 4710 samples. Get 6363 labels. Ratio: 0.7402168788307402
Files already downloaded and verified
3255 originally labeled samples, 1455 new samples, and 158060 unlabeled samples. Total: 162770
 32.86% | time: 747.3s ( 85.6m) | step:   2507 | train acc: 1.000 | train loss: 0.000 |test acc: 0.686 (0.672, 0.708) | test eop gap: 0.1849
 32.86% | time:   1.4s ( 85.6m) | step:   2507 | train acc: 1.000 | train loss: 0.000 |val acc: 0.701 (0.685, 0.725) | val eop gap: 0.1930
begin calculating influence
[Strategy 2] Acc of expected label: 0.686953125
calculating influence -- done
Use 4960 samples. Get 6914 labels. Ratio: 0.7173850159097483
Files already downloaded and verified
3255 originally labeled samples, 1705 new samples, and 157810 unlabeled samples. Total: 162770
 33.32% | time: 705.4s ( 97.4m) | step:   2542 | train acc: 0.992 | train loss: 0.022 |test acc: 0.696 (0.692, 0.702) | test eop gap: 0.2315
 33.32% | time:   1.4s ( 97.4m) | step:   2542 | train acc: 0.992 | train loss: 0.022 |val acc: 0.714 (0.703, 0.732) | val eop gap: 0.2360
begin calculating influence
[Strategy 2] Acc of expected label: 0.7014453125
calculating influence -- done
Use 5185 samples. Get 7335 labels. Ratio: 0.7068847989093388
Files already downloaded and verified
3255 originally labeled samples, 1930 new samples, and 157585 unlabeled samples. Total: 162770
Epoch 4
 35.95% | time: 753.4s (110.0m) | step:   2743 | train acc: 1.000 | train loss: 0.001 |test acc: 0.693 (0.680, 0.712) | test eop gap: 0.1796
 35.95% | time:   1.4s (110.0m) | step:   2743 | train acc: 1.000 | train loss: 0.001 |val acc: 0.713 (0.692, 0.748) | val eop gap: 0.1347
begin calculating influence
[Strategy 2] Acc of expected label: 0.6980859375
calculating influence -- done
Use 5441 samples. Get 7852 labels. Ratio: 0.6929444727457973
Files already downloaded and verified
3255 originally labeled samples, 2186 new samples, and 157329 unlabeled samples. Total: 162770
 38.58% | time: 750.5s (122.5m) | step:   2943 | train acc: 1.000 | train loss: 0.000 |test acc: 0.693 (0.684, 0.708) | test eop gap: 0.1764
 38.58% | time:   1.4s (122.5m) | step:   2943 | train acc: 1.000 | train loss: 0.000 |val acc: 0.696 (0.670, 0.736) | val eop gap: 0.0999
begin calculating influence
[Strategy 2] Acc of expected label: 0.699453125
calculating influence -- done
Use 5495 samples. Get 7968 labels. Ratio: 0.6896335341365462
Files already downloaded and verified
3255 originally labeled samples, 2240 new samples, and 157275 unlabeled samples. Total: 162770
 41.20% | time: 758.4s (135.2m) | step:   3143 | train acc: 0.992 | train loss: 0.034 |test acc: 0.678 (0.674, 0.685) | test eop gap: 0.1544
 41.20% | time:   1.4s (135.2m) | step:   3143 | train acc: 0.992 | train loss: 0.034 |val acc: 0.704 (0.681, 0.740) | val eop gap: 0.0620
begin calculating influence
[Strategy 2] Acc of expected label: 0.6775
calculating influence -- done
Use 5751 samples. Get 8708 labels. Ratio: 0.6604271933853928
Files already downloaded and verified
3255 originally labeled samples, 2496 new samples, and 157019 unlabeled samples. Total: 162770
 41.66% | time: 701.5s (146.9m) | step:   3178 | train acc: 1.000 | train loss: 0.008 |test acc: 0.684 (0.671, 0.705) | test eop gap: 0.2073
 41.66% | time:   1.4s (146.9m) | step:   3178 | train acc: 1.000 | train loss: 0.008 |val acc: 0.702 (0.688, 0.726) | val eop gap: 0.2150
begin calculating influence
[Strategy 2] Acc of expected label: 0.688046875
calculating influence -- done
Use 6007 samples. Get 9342 labels. Ratio: 0.6430100620852066
Files already downloaded and verified
3255 originally labeled samples, 2752 new samples, and 156763 unlabeled samples. Total: 162770
Epoch 5
 44.29% | time: 754.5s (159.5m) | step:   3379 | train acc: 1.000 | train loss: 0.002 |test acc: 0.681 (0.663, 0.710) | test eop gap: 0.1428
 44.29% | time:   1.4s (159.5m) | step:   3379 | train acc: 1.000 | train loss: 0.002 |val acc: 0.693 (0.676, 0.721) | val eop gap: 0.1204
begin calculating influence
[Strategy 2] Acc of expected label: 0.683984375
calculating influence -- done
Use 6263 samples. Get 9779 labels. Ratio: 0.6404540341548216
Files already downloaded and verified
3255 originally labeled samples, 3008 new samples, and 156507 unlabeled samples. Total: 162770
 46.91% | time: 760.8s (172.2m) | step:   3579 | train acc: 1.000 | train loss: 0.001 |test acc: 0.685 (0.668, 0.711) | test eop gap: 0.1702
 46.91% | time:   1.4s (172.2m) | step:   3579 | train acc: 1.000 | train loss: 0.001 |val acc: 0.691 (0.661, 0.741) | val eop gap: 0.0969
begin calculating influence
[Strategy 2] Acc of expected label: 0.685859375
calculating influence -- done
Use 6519 samples. Get 10444 labels. Ratio: 0.6241861355802375
Files already downloaded and verified
3255 originally labeled samples, 3264 new samples, and 156251 unlabeled samples. Total: 162770
 49.53% | time: 757.9s (184.8m) | step:   3779 | train acc: 1.000 | train loss: 0.001 |test acc: 0.688 (0.672, 0.714) | test eop gap: 0.1538
 49.53% | time:   1.4s (184.9m) | step:   3779 | train acc: 1.000 | train loss: 0.001 |val acc: 0.697 (0.676, 0.729) | val eop gap: 0.0954
begin calculating influence
[Strategy 2] Acc of expected label: 0.684375
calculating influence -- done
Use 6775 samples. Get 11066 labels. Ratio: 0.6122356768480028
Files already downloaded and verified
3255 originally labeled samples, 3520 new samples, and 155995 unlabeled samples. Total: 162770
 49.99% | time: 700.7s (196.5m) | step:   3814 | train acc: 0.992 | train loss: 0.010 |test acc: 0.685 (0.661, 0.724) | test eop gap: 0.1990
 49.99% | time:   1.4s (196.6m) | step:   3814 | train acc: 0.992 | train loss: 0.010 |val acc: 0.695 (0.656, 0.755) | val eop gap: 0.1319
begin calculating influence
[Strategy 2] Acc of expected label: 0.6876171875
calculating influence -- done
Use 7031 samples. Get 11567 labels. Ratio: 0.607849917869802
Files already downloaded and verified
3255 originally labeled samples, 3776 new samples, and 155739 unlabeled samples. Total: 162770
Epoch 6
 52.62% | time: 754.4s (209.1m) | step:   4014 | train acc: 1.000 | train loss: 0.001 |test acc: 0.692 (0.672, 0.723) | test eop gap: 0.1328
 52.62% | time:   1.4s (209.2m) | step:   4014 | train acc: 1.000 | train loss: 0.001 |val acc: 0.717 (0.696, 0.753) | val eop gap: 0.0870
begin calculating influence
[Strategy 2] Acc of expected label: 0.6910546875
calculating influence -- done
Use 7287 samples. Get 12294 labels. Ratio: 0.5927281600780868
Files already downloaded and verified
3255 originally labeled samples, 4032 new samples, and 155483 unlabeled samples. Total: 162770
 55.24% | time: 758.8s (221.8m) | step:   4214 | train acc: 1.000 | train loss: 0.001 |test acc: 0.679 (0.643, 0.736) | test eop gap: 0.1070
 55.24% | time:   1.4s (221.8m) | step:   4214 | train acc: 1.000 | train loss: 0.001 |val acc: 0.694 (0.654, 0.756) | val eop gap: 0.0878
begin calculating influence
[Strategy 2] Acc of expected label: 0.6772265625
calculating influence -- done
Use 7543 samples. Get 12810 labels. Ratio: 0.5888368462138954
Files already downloaded and verified
3255 originally labeled samples, 4288 new samples, and 155227 unlabeled samples. Total: 162770
 57.86% | time: 757.2s (234.5m) | step:   4414 | train acc: 1.000 | train loss: 0.002 |test acc: 0.680 (0.657, 0.717) | test eop gap: 0.0991
 57.86% | time:   1.4s (234.5m) | step:   4414 | train acc: 1.000 | train loss: 0.002 |val acc: 0.694 (0.659, 0.748) | val eop gap: 0.0611
begin calculating influence
[Strategy 2] Acc of expected label: 0.68328125
calculating influence -- done
Use 7799 samples. Get 13305 labels. Ratio: 0.5861706125516724
Files already downloaded and verified
3255 originally labeled samples, 4544 new samples, and 154971 unlabeled samples. Total: 162770
 58.32% | time: 701.1s (246.2m) | step:   4449 | train acc: 1.000 | train loss: 0.002 |test acc: 0.687 (0.667, 0.719) | test eop gap: 0.1381
 58.32% | time:   1.5s (246.2m) | step:   4449 | train acc: 1.000 | train loss: 0.002 |val acc: 0.709 (0.681, 0.752) | val eop gap: 0.0694
begin calculating influence
[Strategy 2] Acc of expected label: 0.690234375
calculating influence -- done
Use 8055 samples. Get 13960 labels. Ratio: 0.5770057306590258
Files already downloaded and verified
3255 originally labeled samples, 4800 new samples, and 154715 unlabeled samples. Total: 162770
Epoch 7
 60.95% | time: 753.5s (258.7m) | step:   4650 | train acc: 1.000 | train loss: 0.001 |test acc: 0.675 (0.657, 0.704) | test eop gap: 0.0563
 60.95% | time:   1.4s (258.8m) | step:   4650 | train acc: 1.000 | train loss: 0.001 |val acc: 0.688 (0.675, 0.707) | val eop gap: 0.0582
begin calculating influence
[Strategy 2] Acc of expected label: 0.6753515625
calculating influence -- done
Use 8311 samples. Get 14641 labels. Ratio: 0.5676524827539102
Files already downloaded and verified
3255 originally labeled samples, 5056 new samples, and 154459 unlabeled samples. Total: 162770
 63.57% | time: 757.4s (271.4m) | step:   4850 | train acc: 1.000 | train loss: 0.001 |test acc: 0.679 (0.652, 0.721) | test eop gap: 0.1234
 63.57% | time:   1.5s (271.4m) | step:   4850 | train acc: 1.000 | train loss: 0.001 |val acc: 0.699 (0.673, 0.741) | val eop gap: 0.1291
begin calculating influence
[Strategy 2] Acc of expected label: 0.67953125
calculating influence -- done
Use 8567 samples. Get 15146 labels. Ratio: 0.5656278885514328
Files already downloaded and verified
3255 originally labeled samples, 5312 new samples, and 154203 unlabeled samples. Total: 162770
 66.19% | time: 758.0s (284.0m) | step:   5050 | train acc: 1.000 | train loss: 0.001 |test acc: 0.686 (0.670, 0.711) | test eop gap: 0.1102
 66.19% | time:   1.4s (284.1m) | step:   5050 | train acc: 1.000 | train loss: 0.001 |val acc: 0.710 (0.702, 0.723) | val eop gap: 0.1333
begin calculating influence
[Strategy 2] Acc of expected label: 0.691484375
calculating influence -- done
Use 8823 samples. Get 15802 labels. Ratio: 0.5583470446778889
Files already downloaded and verified
3255 originally labeled samples, 5568 new samples, and 153947 unlabeled samples. Total: 162770
 66.65% | time: 700.3s (295.7m) | step:   5085 | train acc: 0.977 | train loss: 0.070 |test acc: 0.685 (0.665, 0.716) | test eop gap: 0.1256
 66.65% | time:   1.4s (295.8m) | step:   5085 | train acc: 0.977 | train loss: 0.070 |val acc: 0.686 (0.673, 0.706) | val eop gap: 0.1622
begin calculating influence
[Strategy 2] Acc of expected label: 0.6828515625
calculating influence -- done
Use 9079 samples. Get 16429 labels. Ratio: 0.5526203664252237
Files already downloaded and verified
3255 originally labeled samples, 5824 new samples, and 153691 unlabeled samples. Total: 162770
Epoch 8
 69.29% | time: 750.8s (308.3m) | step:   5286 | train acc: 1.000 | train loss: 0.001 |test acc: 0.675 (0.665, 0.689) | test eop gap: 0.0729
 69.29% | time:   1.5s (308.3m) | step:   5286 | train acc: 1.000 | train loss: 0.001 |val acc: 0.695 (0.688, 0.705) | val eop gap: 0.0748
begin calculating influence
[Strategy 2] Acc of expected label: 0.6807421875
calculating influence -- done
Use 9335 samples. Get 16952 labels. Ratio: 0.5506724870221803
Files already downloaded and verified
3255 originally labeled samples, 6080 new samples, and 153435 unlabeled samples. Total: 162770
 71.91% | time: 756.0s (320.9m) | step:   5486 | train acc: 1.000 | train loss: 0.001 |test acc: 0.674 (0.642, 0.723) | test eop gap: 0.0679
 71.91% | time:   1.4s (320.9m) | step:   5486 | train acc: 1.000 | train loss: 0.001 |val acc: 0.684 (0.653, 0.730) | val eop gap: 0.0835
begin calculating influence
[Strategy 2] Acc of expected label: 0.6805078125
calculating influence -- done
Use 9591 samples. Get 17524 labels. Ratio: 0.5473065510157499
Files already downloaded and verified
3255 originally labeled samples, 6336 new samples, and 153179 unlabeled samples. Total: 162770
 74.53% | time: 757.4s (333.6m) | step:   5686 | train acc: 1.000 | train loss: 0.001 |test acc: 0.680 (0.655, 0.721) | test eop gap: 0.0775
 74.53% | time:   1.4s (333.6m) | step:   5686 | train acc: 1.000 | train loss: 0.001 |val acc: 0.699 (0.672, 0.742) | val eop gap: 0.0409
begin calculating influence
[Strategy 2] Acc of expected label: 0.6809765625
calculating influence -- done
Use 9847 samples. Get 18013 labels. Ratio: 0.5466607450174874
Files already downloaded and verified
3255 originally labeled samples, 6592 new samples, and 152923 unlabeled samples. Total: 162770
 74.99% | time: 704.1s (345.3m) | step:   5721 | train acc: 0.996 | train loss: 0.016 |test acc: 0.669 (0.645, 0.707) | test eop gap: 0.0774
 74.99% | time:   1.5s (345.3m) | step:   5721 | train acc: 0.996 | train loss: 0.016 |val acc: 0.675 (0.641, 0.729) | val eop gap: 0.0075
begin calculating influence
[Strategy 2] Acc of expected label: 0.6708984375
calculating influence -- done
Use 10103 samples. Get 18385 labels. Ratio: 0.549524068534131
Files already downloaded and verified
3255 originally labeled samples, 6848 new samples, and 152667 unlabeled samples. Total: 162770
Epoch 9
 77.62% | time: 751.7s (357.9m) | step:   5922 | train acc: 1.000 | train loss: 0.002 |test acc: 0.685 (0.671, 0.708) | test eop gap: 0.1166
 77.62% | time:   1.5s (357.9m) | step:   5922 | train acc: 1.000 | train loss: 0.002 |val acc: 0.708 (0.699, 0.721) | val eop gap: 0.0954
begin calculating influence
[Strategy 2] Acc of expected label: 0.685859375
calculating influence -- done
Use 10359 samples. Get 18890 labels. Ratio: 0.5483853890947591
Files already downloaded and verified
3255 originally labeled samples, 7104 new samples, and 152411 unlabeled samples. Total: 162770
 80.25% | time: 756.8s (370.5m) | step:   6122 | train acc: 1.000 | train loss: 0.001 |test acc: 0.686 (0.668, 0.714) | test eop gap: 0.1153
 80.25% | time:   1.5s (370.5m) | step:   6122 | train acc: 1.000 | train loss: 0.001 |val acc: 0.708 (0.698, 0.723) | val eop gap: 0.0888
begin calculating influence
[Strategy 2] Acc of expected label: 0.6896875
calculating influence -- done
Use 10615 samples. Get 19466 labels. Ratio: 0.5453097708825645
Files already downloaded and verified
3255 originally labeled samples, 7360 new samples, and 152155 unlabeled samples. Total: 162770
 82.87% | time: 758.3s (383.2m) | step:   6322 | train acc: 1.000 | train loss: 0.002 |test acc: 0.673 (0.651, 0.709) | test eop gap: 0.0731
 82.87% | time:   1.5s (383.2m) | step:   6322 | train acc: 1.000 | train loss: 0.002 |val acc: 0.680 (0.647, 0.732) | val eop gap: 0.0175
begin calculating influence
[Strategy 2] Acc of expected label: 0.67375
calculating influence -- done
Use 10871 samples. Get 19983 labels. Ratio: 0.5440124105489667
Files already downloaded and verified
3255 originally labeled samples, 7616 new samples, and 151899 unlabeled samples. Total: 162770
 83.33% | time: 701.5s (394.9m) | step:   6357 | train acc: 0.996 | train loss: 0.006 |test acc: 0.687 (0.650, 0.745) | test eop gap: 0.1291
 83.33% | time:   1.2s (394.9m) | step:   6357 | train acc: 0.996 | train loss: 0.006 |val acc: 0.701 (0.664, 0.758) | val eop gap: 0.1027
begin calculating influence
[Strategy 2] Acc of expected label: 0.6850390625
calculating influence -- done
Use 11127 samples. Get 20568 labels. Ratio: 0.5409859976662778
Files already downloaded and verified
3255 originally labeled samples, 7872 new samples, and 151643 unlabeled samples. Total: 162770
Epoch 10
 85.96% | time: 754.3s (407.5m) | step:   6558 | train acc: 1.000 | train loss: 0.000 |test acc: 0.687 (0.664, 0.723) | test eop gap: 0.1168
 85.96% | time:   1.5s (407.5m) | step:   6558 | train acc: 1.000 | train loss: 0.000 |val acc: 0.703 (0.679, 0.741) | val eop gap: 0.0730
begin calculating influence
[Strategy 2] Acc of expected label: 0.689765625
calculating influence -- done
Use 11383 samples. Get 21114 labels. Ratio: 0.5391209623946197
Files already downloaded and verified
3255 originally labeled samples, 8128 new samples, and 151387 unlabeled samples. Total: 162770
 88.58% | time: 756.6s (420.1m) | step:   6758 | train acc: 0.996 | train loss: 0.009 |test acc: 0.673 (0.660, 0.693) | test eop gap: 0.0714
 88.58% | time:   1.4s (420.1m) | step:   6758 | train acc: 0.996 | train loss: 0.009 |val acc: 0.693 (0.679, 0.715) | val eop gap: 0.0087
begin calculating influence
[Strategy 2] Acc of expected label: 0.671875
calculating influence -- done
Use 11639 samples. Get 21771 labels. Ratio: 0.5346102613568509
Files already downloaded and verified
3255 originally labeled samples, 8384 new samples, and 151131 unlabeled samples. Total: 162770
 91.20% | time: 759.8s (432.8m) | step:   6958 | train acc: 1.000 | train loss: 0.000 |test acc: 0.690 (0.665, 0.730) | test eop gap: 0.1269
 91.20% | time:   1.4s (432.8m) | step:   6958 | train acc: 1.000 | train loss: 0.000 |val acc: 0.702 (0.679, 0.738) | val eop gap: 0.0779
begin calculating influence
[Strategy 2] Acc of expected label: 0.6881640625
calculating influence -- done
Use 11895 samples. Get 22223 labels. Ratio: 0.5352562660306889
Files already downloaded and verified
3255 originally labeled samples, 8640 new samples, and 150875 unlabeled samples. Total: 162770
 91.66% | time: 700.4s (444.5m) | step:   6993 | train acc: 1.000 | train loss: 0.003 |test acc: 0.673 (0.661, 0.692) | test eop gap: 0.0588
 91.66% | time:   1.3s (444.5m) | step:   6993 | train acc: 1.000 | train loss: 0.003 |val acc: 0.689 (0.674, 0.712) | val eop gap: 0.0147
begin calculating influence
[Strategy 2] Acc of expected label: 0.677421875
calculating influence -- done
Use 12151 samples. Get 22661 labels. Ratio: 0.5362075813070915
Files already downloaded and verified
3255 originally labeled samples, 8896 new samples, and 150619 unlabeled samples. Total: 162770
Epoch 11
 94.30% | time: 754.6s (457.1m) | step:   7194 | train acc: 1.000 | train loss: 0.001 |test acc: 0.687 (0.674, 0.707) | test eop gap: 0.0881
 94.30% | time:   1.6s (457.1m) | step:   7194 | train acc: 1.000 | train loss: 0.001 |val acc: 0.684 (0.675, 0.699) | val eop gap: 0.0835
begin calculating influence
[Strategy 2] Acc of expected label: 0.690859375
calculating influence -- done
Use 12407 samples. Get 23279 labels. Ratio: 0.5329696292796082
Files already downloaded and verified
3255 originally labeled samples, 9152 new samples, and 150363 unlabeled samples. Total: 162770
 96.92% | time: 757.3s (469.7m) | step:   7394 | train acc: 1.000 | train loss: 0.001 |test acc: 0.684 (0.657, 0.727) | test eop gap: 0.1096
 96.92% | time:   1.4s (469.8m) | step:   7394 | train acc: 1.000 | train loss: 0.001 |val acc: 0.706 (0.671, 0.762) | val eop gap: 0.0015
begin calculating influence
[Strategy 2] Acc of expected label: 0.687890625
calculating influence -- done
Use 12663 samples. Get 23616 labels. Ratio: 0.536204268292683
Files already downloaded and verified
3255 originally labeled samples, 9408 new samples, and 150107 unlabeled samples. Total: 162770
 99.54% | time: 757.8s (482.4m) | step:   7594 | train acc: 1.000 | train loss: 0.001 |test acc: 0.687 (0.660, 0.731) | test eop gap: 0.1077
 99.54% | time:   1.5s (482.4m) | step:   7594 | train acc: 1.000 | train loss: 0.001 |val acc: 0.706 (0.670, 0.761) | val eop gap: 0.0811
begin calculating influence
[Strategy 2] Acc of expected label: 0.6909765625
calculating influence -- done
Use 12919 samples. Get 24018 labels. Ratio: 0.5378882504788075
Files already downloaded and verified
3255 originally labeled samples, 9664 new samples, and 149851 unlabeled samples. Total: 162770
100.00% | time: 701.5s (494.1m) | step:   7629 | train acc: 1.000 | train loss: 0.002 |test acc: 0.698 (0.676, 0.733) | test eop gap: 0.1484
100.00% | time:   1.2s (494.1m) | step:   7629 | train acc: 1.000 | train loss: 0.002 |val acc: 0.722 (0.699, 0.758) | val eop gap: 0.1482
begin calculating influence
[Strategy 2] Acc of expected label: 0.704296875
calculating influence -- done
Use 13175 samples. Get 24585 labels. Ratio: 0.5358958714663412
Files already downloaded and verified
3255 originally labeled samples, 9920 new samples, and 149595 unlabeled samples. Total: 162770
