Files already downloaded and verified
3255 originally labeled samples, 0 new samples, and 5500 unlabeled samples. Total: 8755
Files already downloaded and verified
3255 originally labeled samples, 0 new samples, and 159515 unlabeled samples. Total: 162770
Files already downloaded and verified
1996 originally labeled samples, 0 new samples, and 17966 unlabeled samples. Total: 19962
Numer of layers 200
train net...
train with 162770 samples (with replacement) in one epoch
Epoch 0
  2.62% | time:  91.4s (  1.5m) | step:    200 | train acc: 0.930 | train loss: 0.166 |warm_t acc: 0.681 (0.694, 0.661) | warm_t dp gap: 0.4018
  2.62% | time:   5.0s (  1.6m) | step:    200 | train acc: 0.930 | train loss: 0.166 |warm_v acc: 0.692 (0.704, 0.671) | warm_v dp gap: 0.3936
  5.24% | time:  78.4s (  2.9m) | step:    400 | train acc: 0.793 | train loss: 0.470 |warm_t acc: 0.666 (0.703, 0.605) | warm_t dp gap: 0.3363
  5.24% | time:   1.4s (  2.9m) | step:    400 | train acc: 0.793 | train loss: 0.470 |warm_v acc: 0.661 (0.690, 0.616) | warm_v dp gap: 0.3225
  7.86% | time:  77.8s (  4.2m) | step:    600 | train acc: 1.000 | train loss: 0.006 |warm_t acc: 0.695 (0.677, 0.724) | warm_t dp gap: 0.3869
  7.86% | time:   1.3s (  4.3m) | step:    600 | train acc: 1.000 | train loss: 0.006 |warm_v acc: 0.698 (0.691, 0.710) | warm_v dp gap: 0.3941
  8.32% | time:  20.8s (  4.6m) | step:    635 | train acc: 1.000 | train loss: 0.003 |warm_t acc: 0.695 (0.683, 0.715) | warm_t dp gap: 0.3887
  8.32% | time:   1.4s (  4.6m) | step:    635 | train acc: 1.000 | train loss: 0.003 |warm_v acc: 0.698 (0.683, 0.721) | warm_v dp gap: 0.3737
Epoch 1
 10.95% | time:  78.4s (  5.9m) | step:    835 | train acc: 1.000 | train loss: 0.000 |warm_t acc: 0.694 (0.682, 0.711) | warm_t dp gap: 0.3948
 10.95% | time:   1.4s (  6.0m) | step:    835 | train acc: 1.000 | train loss: 0.000 |warm_v acc: 0.695 (0.692, 0.699) | warm_v dp gap: 0.3714
 13.57% | time:  78.0s (  7.3m) | step:   1035 | train acc: 1.000 | train loss: 0.000 |warm_t acc: 0.694 (0.682, 0.713) | warm_t dp gap: 0.3954
 13.57% | time:   1.4s (  7.3m) | step:   1035 | train acc: 1.000 | train loss: 0.000 |warm_v acc: 0.689 (0.681, 0.701) | warm_v dp gap: 0.3953
 16.19% | time:  76.2s (  8.5m) | step:   1235 | train acc: 1.000 | train loss: 0.000 |warm_t acc: 0.694 (0.683, 0.712) | warm_t dp gap: 0.3953
 16.19% | time:   1.2s (  8.6m) | step:   1235 | train acc: 1.000 | train loss: 0.000 |warm_v acc: 0.684 (0.674, 0.699) | warm_v dp gap: 0.3714
 16.65% | time:  24.1s (  9.0m) | step:   1270 | train acc: 1.000 | train loss: 0.000 |warm_t acc: 0.694 (0.683, 0.712) | warm_t dp gap: 0.3956
 16.65% | time:   1.4s (  9.0m) | step:   1270 | train acc: 1.000 | train loss: 0.000 |warm_v acc: 0.694 (0.692, 0.697) | warm_v dp gap: 0.3768
Epoch 2
 19.28% | time:  73.1s ( 10.2m) | step:   1471 | train acc: 1.000 | train loss: 0.000 |test acc: 0.694 (0.682, 0.713) | test dp gap: 0.3955
 19.28% | time:   1.4s ( 10.2m) | step:   1471 | train acc: 1.000 | train loss: 0.000 |val acc: 0.702 (0.701, 0.704) | val dp gap: 0.3947
begin calculating influence
selected layers: [Traced<ShapedArray(float32[768])>with<DynamicJaxprTrace(level=0/1)>, Traced<ShapedArray(float32[8,8,3,768])>with<DynamicJaxprTrace(level=0/1)>, Traced<ShapedArray(float32[2])>with<DynamicJaxprTrace(level=0/1)>, Traced<ShapedArray(float32[768,2])>with<DynamicJaxprTrace(level=0/1)>]
[Strategy 5] Acc of expected label: 0.766
calculating influence -- done
Use 3506 samples. Get 3542 labels. Ratio: 0.9898362507058159
Files already downloaded and verified
3255 originally labeled samples, 256 new samples, and 5244 unlabeled samples. Total: 8755
begin calculating influence
[Strategy 5] Acc of expected label: 0.7059375
calculating influence -- done
[ADD ORG DATA] Use 3506 samples. Get 3842 labels. Ratio: 0.9125455491931286
Files already downloaded and verified
3255 originally labeled samples, 256 new samples, and 159259 unlabeled samples. Total: 162770
 21.90% | time: 891.3s ( 25.1m) | step:   1671 | train acc: 0.836 | train loss: 0.390 |test acc: 0.635 (0.553, 0.766) | test dp gap: 0.2494
 21.90% | time:   1.3s ( 25.1m) | step:   1671 | train acc: 0.836 | train loss: 0.390 |val acc: 0.628 (0.563, 0.732) | val dp gap: 0.2441
begin calculating influence
[Strategy 5] Acc of expected label: 0.8733790999237223
calculating influence -- done
Use 3516 samples. Get 3571 labels. Ratio: 0.9845981517782134
Files already downloaded and verified
3255 originally labeled samples, 266 new samples, and 5234 unlabeled samples. Total: 8755
begin calculating influence
[Strategy 5] Acc of expected label: 0.63375
calculating influence -- done
[ADD ORG DATA] Use 3516 samples. Get 4001 labels. Ratio: 0.878780304923769
Files already downloaded and verified
3255 originally labeled samples, 366 new samples, and 159149 unlabeled samples. Total: 162770
 24.52% | time: 844.2s ( 39.2m) | step:   1871 | train acc: 0.926 | train loss: 0.191 |test acc: 0.698 (0.678, 0.730) | test dp gap: 0.3882
 24.52% | time:   1.5s ( 39.2m) | step:   1871 | train acc: 0.926 | train loss: 0.191 |val acc: 0.678 (0.660, 0.708) | val dp gap: 0.3479
begin calculating influence
[Strategy 5] Acc of expected label: 0.8324417271685136
calculating influence -- done
Use 3520 samples. Get 3579 labels. Ratio: 0.9835149483095836
Files already downloaded and verified
3255 originally labeled samples, 270 new samples, and 5230 unlabeled samples. Total: 8755
begin calculating influence
[Strategy 5] Acc of expected label: 0.7084375
calculating influence -- done
[ADD ORG DATA] Use 3520 samples. Get 4500 labels. Ratio: 0.7822222222222223
Files already downloaded and verified
3255 originally labeled samples, 622 new samples, and 158893 unlabeled samples. Total: 162770
 24.98% | time: 787.4s ( 52.3m) | step:   1906 | train acc: 0.938 | train loss: 0.150 |test acc: 0.674 (0.623, 0.757) | test dp gap: 0.3343
 24.98% | time:   1.5s ( 52.4m) | step:   1906 | train acc: 0.938 | train loss: 0.150 |val acc: 0.671 (0.632, 0.730) | val dp gap: 0.3175
begin calculating influence
[Strategy 5] Acc of expected label: 0.8575525812619503
calculating influence -- done
Use 3541 samples. Get 3633 labels. Ratio: 0.9746765758326452
Files already downloaded and verified
3255 originally labeled samples, 291 new samples, and 5209 unlabeled samples. Total: 8755
begin calculating influence
[Strategy 5] Acc of expected label: 0.67375
calculating influence -- done
[ADD ORG DATA] Use 3541 samples. Get 4941 labels. Ratio: 0.7166565472576402
Files already downloaded and verified
3255 originally labeled samples, 878 new samples, and 158637 unlabeled samples. Total: 162770
Epoch 3
 27.62% | time: 839.5s ( 66.3m) | step:   2107 | train acc: 0.996 | train loss: 0.026 |test acc: 0.694 (0.672, 0.728) | test dp gap: 0.3643
 27.62% | time:   1.3s ( 66.4m) | step:   2107 | train acc: 0.996 | train loss: 0.026 |val acc: 0.682 (0.671, 0.699) | val dp gap: 0.3366
begin calculating influence
[Strategy 5] Acc of expected label: 0.816471491649069
calculating influence -- done
Use 3795 samples. Get 3945 labels. Ratio: 0.9619771863117871
Files already downloaded and verified
3255 originally labeled samples, 547 new samples, and 4953 unlabeled samples. Total: 8755
begin calculating influence
[Strategy 5] Acc of expected label: 0.698671875
calculating influence -- done
[ADD ORG DATA] Use 3795 samples. Get 5552 labels. Ratio: 0.6835374639769453
Files already downloaded and verified
3255 originally labeled samples, 1134 new samples, and 158381 unlabeled samples. Total: 162770
 30.24% | time: 853.2s ( 80.6m) | step:   2307 | train acc: 1.000 | train loss: 0.005 |test acc: 0.649 (0.597, 0.731) | test dp gap: 0.2373
 30.24% | time:   1.4s ( 80.6m) | step:   2307 | train acc: 1.000 | train loss: 0.005 |val acc: 0.643 (0.601, 0.711) | val dp gap: 0.2252
begin calculating influence
[Strategy 5] Acc of expected label: 0.8582677165354331
calculating influence -- done
Use 3844 samples. Get 4009 labels. Ratio: 0.9588426041406835
Files already downloaded and verified
3255 originally labeled samples, 596 new samples, and 4904 unlabeled samples. Total: 8755
begin calculating influence
[Strategy 5] Acc of expected label: 0.6544140625
calculating influence -- done
[ADD ORG DATA] Use 3844 samples. Get 6177 labels. Ratio: 0.6223085640278452
Files already downloaded and verified
3255 originally labeled samples, 1390 new samples, and 158125 unlabeled samples. Total: 162770
 32.86% | time: 853.0s ( 94.8m) | step:   2507 | train acc: 1.000 | train loss: 0.004 |test acc: 0.642 (0.583, 0.737) | test dp gap: 0.2248
 32.86% | time:   1.5s ( 94.9m) | step:   2507 | train acc: 1.000 | train loss: 0.004 |val acc: 0.639 (0.582, 0.727) | val dp gap: 0.1990
begin calculating influence
[Strategy 5] Acc of expected label: 0.8658238172920065
calculating influence -- done
Use 3856 samples. Get 4029 labels. Ratio: 0.9570613055348722
Files already downloaded and verified
3255 originally labeled samples, 608 new samples, and 4892 unlabeled samples. Total: 8755
begin calculating influence
[Strategy 5] Acc of expected label: 0.644375
calculating influence -- done
[ADD ORG DATA] Use 3856 samples. Get 6227 labels. Ratio: 0.6192387987795086
Files already downloaded and verified
3255 originally labeled samples, 1408 new samples, and 158107 unlabeled samples. Total: 162770
 33.32% | time: 794.4s (108.1m) | step:   2542 | train acc: 1.000 | train loss: 0.004 |test acc: 0.681 (0.648, 0.733) | test dp gap: 0.3327
 33.32% | time:   1.3s (108.1m) | step:   2542 | train acc: 1.000 | train loss: 0.004 |val acc: 0.685 (0.649, 0.739) | val dp gap: 0.3113
begin calculating influence
[Strategy 5] Acc of expected label: 0.8638593622240393
calculating influence -- done
Use 3879 samples. Get 4059 labels. Ratio: 0.9556541019955654
Files already downloaded and verified
3255 originally labeled samples, 632 new samples, and 4868 unlabeled samples. Total: 8755
begin calculating influence
[Strategy 5] Acc of expected label: 0.6840625
calculating influence -- done
[ADD ORG DATA] Use 3879 samples. Get 6817 labels. Ratio: 0.5690186298958486
Files already downloaded and verified
3255 originally labeled samples, 1664 new samples, and 157851 unlabeled samples. Total: 162770
Epoch 4
 35.95% | time: 839.3s (122.1m) | step:   2743 | train acc: 1.000 | train loss: 0.001 |test acc: 0.653 (0.600, 0.737) | test dp gap: 0.2653
 35.95% | time:   1.4s (122.1m) | step:   2743 | train acc: 1.000 | train loss: 0.001 |val acc: 0.650 (0.614, 0.706) | val dp gap: 0.2322
begin calculating influence
[Strategy 5] Acc of expected label: 0.8611339359079704
calculating influence -- done
Use 3920 samples. Get 4114 labels. Ratio: 0.9528439474963539
Files already downloaded and verified
3255 originally labeled samples, 675 new samples, and 4825 unlabeled samples. Total: 8755
begin calculating influence
[Strategy 5] Acc of expected label: 0.6548828125
calculating influence -- done
[ADD ORG DATA] Use 3920 samples. Get 7005 labels. Ratio: 0.5596002855103498
Files already downloaded and verified
3255 originally labeled samples, 1757 new samples, and 157758 unlabeled samples. Total: 162770
 38.58% | time: 858.2s (136.4m) | step:   2943 | train acc: 1.000 | train loss: 0.000 |test acc: 0.674 (0.633, 0.739) | test dp gap: 0.3176
 38.58% | time:   1.5s (136.5m) | step:   2943 | train acc: 1.000 | train loss: 0.000 |val acc: 0.677 (0.648, 0.723) | val dp gap: 0.2721
begin calculating influence
[Strategy 5] Acc of expected label: 0.8621761658031089
calculating influence -- done
Use 3929 samples. Get 4142 labels. Ratio: 0.9485755673587639
Files already downloaded and verified
3255 originally labeled samples, 684 new samples, and 4816 unlabeled samples. Total: 8755
begin calculating influence
[Strategy 5] Acc of expected label: 0.6805859375
calculating influence -- done
[ADD ORG DATA] Use 3929 samples. Get 7298 labels. Ratio: 0.5383666758015895
Files already downloaded and verified
3255 originally labeled samples, 1886 new samples, and 157629 unlabeled samples. Total: 162770
 41.20% | time: 851.6s (150.6m) | step:   3143 | train acc: 1.000 | train loss: 0.007 |test acc: 0.643 (0.589, 0.727) | test dp gap: 0.2427
 41.20% | time:   1.5s (150.7m) | step:   3143 | train acc: 1.000 | train loss: 0.007 |val acc: 0.637 (0.601, 0.693) | val dp gap: 0.2157
begin calculating influence
[Strategy 5] Acc of expected label: 0.8573504983388704
calculating influence -- done
Use 3939 samples. Get 4171 labels. Ratio: 0.9443778470390793
Files already downloaded and verified
3255 originally labeled samples, 694 new samples, and 4806 unlabeled samples. Total: 8755
begin calculating influence
[Strategy 5] Acc of expected label: 0.6442578125
calculating influence -- done
[ADD ORG DATA] Use 3939 samples. Get 7813 labels. Ratio: 0.5041597337770383
Files already downloaded and verified
3255 originally labeled samples, 2131 new samples, and 157384 unlabeled samples. Total: 162770
 41.66% | time: 790.0s (163.8m) | step:   3178 | train acc: 0.992 | train loss: 0.031 |test acc: 0.674 (0.648, 0.716) | test dp gap: 0.3158
 41.66% | time:   1.3s (163.9m) | step:   3178 | train acc: 0.992 | train loss: 0.031 |val acc: 0.678 (0.659, 0.708) | val dp gap: 0.2760
begin calculating influence
[Strategy 5] Acc of expected label: 0.8585101955888472
calculating influence -- done
Use 3973 samples. Get 4210 labels. Ratio: 0.9437054631828978
Files already downloaded and verified
3255 originally labeled samples, 728 new samples, and 4772 unlabeled samples. Total: 8755
begin calculating influence
[Strategy 5] Acc of expected label: 0.67859375
calculating influence -- done
[ADD ORG DATA] Use 3973 samples. Get 8351 labels. Ratio: 0.4757514070171237
Files already downloaded and verified
3255 originally labeled samples, 2387 new samples, and 157128 unlabeled samples. Total: 162770
Epoch 5
 44.29% | time: 852.2s (178.1m) | step:   3379 | train acc: 1.000 | train loss: 0.002 |test acc: 0.677 (0.672, 0.686) | test dp gap: 0.3334
 44.29% | time:   1.5s (178.1m) | step:   3379 | train acc: 1.000 | train loss: 0.002 |val acc: 0.691 (0.699, 0.679) | val dp gap: 0.2803
begin calculating influence
[Strategy 5] Acc of expected label: 0.856035205364627
calculating influence -- done
Use 4160 samples. Get 4447 labels. Ratio: 0.9354621092871599
Files already downloaded and verified
3255 originally labeled samples, 922 new samples, and 4578 unlabeled samples. Total: 8755
begin calculating influence
[Strategy 5] Acc of expected label: 0.68625
calculating influence -- done
[ADD ORG DATA] Use 4160 samples. Get 8953 labels. Ratio: 0.46464872109907296
Files already downloaded and verified
3255 originally labeled samples, 2643 new samples, and 156872 unlabeled samples. Total: 162770
 46.91% | time: 854.3s (192.3m) | step:   3579 | train acc: 1.000 | train loss: 0.000 |test acc: 0.668 (0.617, 0.748) | test dp gap: 0.2978
 46.91% | time:   1.3s (192.3m) | step:   3579 | train acc: 1.000 | train loss: 0.000 |val acc: 0.669 (0.621, 0.742) | val dp gap: 0.2657
begin calculating influence
[Strategy 5] Acc of expected label: 0.8608562691131498
calculating influence -- done
Use 4160 samples. Get 4449 labels. Ratio: 0.9350415823780625
Files already downloaded and verified
3255 originally labeled samples, 922 new samples, and 4578 unlabeled samples. Total: 8755
begin calculating influence
[Strategy 5] Acc of expected label: 0.66421875
calculating influence -- done
[ADD ORG DATA] Use 4160 samples. Get 9206 labels. Ratio: 0.45187920921138386
Files already downloaded and verified
3255 originally labeled samples, 2798 new samples, and 156717 unlabeled samples. Total: 162770
 49.53% | time: 842.4s (206.4m) | step:   3779 | train acc: 1.000 | train loss: 0.003 |test acc: 0.665 (0.612, 0.748) | test dp gap: 0.2813
 49.53% | time:   1.6s (206.4m) | step:   3779 | train acc: 1.000 | train loss: 0.003 |val acc: 0.660 (0.616, 0.731) | val dp gap: 0.2137
begin calculating influence
[Strategy 5] Acc of expected label: 0.8610747051114024
calculating influence -- done
Use 4166 samples. Get 4454 labels. Ratio: 0.9353390211046251
Files already downloaded and verified
3255 originally labeled samples, 928 new samples, and 4572 unlabeled samples. Total: 8755
begin calculating influence
[Strategy 5] Acc of expected label: 0.667109375
calculating influence -- done
[ADD ORG DATA] Use 4166 samples. Get 9516 labels. Ratio: 0.43778898696931484
Files already downloaded and verified
3255 originally labeled samples, 2982 new samples, and 156533 unlabeled samples. Total: 162770
 49.99% | time: 778.4s (219.4m) | step:   3814 | train acc: 1.000 | train loss: 0.006 |test acc: 0.668 (0.629, 0.731) | test dp gap: 0.2919
 49.99% | time:   1.7s (219.4m) | step:   3814 | train acc: 1.000 | train loss: 0.006 |val acc: 0.682 (0.650, 0.733) | val dp gap: 0.2520
begin calculating influence
[Strategy 5] Acc of expected label: 0.8595800524934383
calculating influence -- done
Use 4181 samples. Get 4470 labels. Ratio: 0.9353467561521253
Files already downloaded and verified
3255 originally labeled samples, 943 new samples, and 4557 unlabeled samples. Total: 8755
begin calculating influence
[Strategy 5] Acc of expected label: 0.672890625
calculating influence -- done
[ADD ORG DATA] Use 4181 samples. Get 9938 labels. Ratio: 0.42070839203058963
Files already downloaded and verified
3255 originally labeled samples, 3238 new samples, and 156277 unlabeled samples. Total: 162770
Epoch 6
 52.62% | time: 825.4s (233.2m) | step:   4014 | train acc: 1.000 | train loss: 0.002 |test acc: 0.672 (0.640, 0.724) | test dp gap: 0.2955
 52.62% | time:   1.5s (233.2m) | step:   4014 | train acc: 1.000 | train loss: 0.002 |val acc: 0.669 (0.647, 0.704) | val dp gap: 0.2631
begin calculating influence
[Strategy 5] Acc of expected label: 0.8558262014483212
calculating influence -- done
Use 4208 samples. Get 4507 labels. Ratio: 0.9336587530508098
Files already downloaded and verified
3255 originally labeled samples, 970 new samples, and 4530 unlabeled samples. Total: 8755
begin calculating influence
[Strategy 5] Acc of expected label: 0.6717578125
calculating influence -- done
[ADD ORG DATA] Use 4208 samples. Get 10420 labels. Ratio: 0.40383877159309023
Files already downloaded and verified
3255 originally labeled samples, 3494 new samples, and 156021 unlabeled samples. Total: 162770
 55.24% | time: 841.3s (247.2m) | step:   4214 | train acc: 1.000 | train loss: 0.002 |test acc: 0.686 (0.661, 0.725) | test dp gap: 0.3291
 55.24% | time:   1.3s (247.2m) | step:   4214 | train acc: 1.000 | train loss: 0.002 |val acc: 0.706 (0.684, 0.741) | val dp gap: 0.2767
begin calculating influence
[Strategy 5] Acc of expected label: 0.8584988962472406
calculating influence -- done
Use 4459 samples. Get 4771 labels. Ratio: 0.9346049046321526
Files already downloaded and verified
3255 originally labeled samples, 1226 new samples, and 4274 unlabeled samples. Total: 8755
begin calculating influence
[Strategy 5] Acc of expected label: 0.689140625
calculating influence -- done
[ADD ORG DATA] Use 4459 samples. Get 11005 labels. Ratio: 0.40517946388005455
Files already downloaded and verified
3255 originally labeled samples, 3750 new samples, and 155765 unlabeled samples. Total: 162770
 57.86% | time: 823.1s (261.0m) | step:   4414 | train acc: 1.000 | train loss: 0.004 |test acc: 0.686 (0.654, 0.736) | test dp gap: 0.3259
 57.86% | time:   1.4s (261.0m) | step:   4414 | train acc: 1.000 | train loss: 0.004 |val acc: 0.697 (0.672, 0.735) | val dp gap: 0.2816
begin calculating influence
[Strategy 5] Acc of expected label: 0.8584464202152551
calculating influence -- done
Use 4463 samples. Get 4777 labels. Ratio: 0.9342683692694159
Files already downloaded and verified
3255 originally labeled samples, 1230 new samples, and 4270 unlabeled samples. Total: 8755
begin calculating influence
[Strategy 5] Acc of expected label: 0.6927734375
calculating influence -- done
[ADD ORG DATA] Use 4463 samples. Get 11548 labels. Ratio: 0.38647384828541737
Files already downloaded and verified
3255 originally labeled samples, 4006 new samples, and 155509 unlabeled samples. Total: 162770
 58.32% | time: 764.4s (273.7m) | step:   4449 | train acc: 0.992 | train loss: 0.031 |test acc: 0.666 (0.626, 0.729) | test dp gap: 0.2765
 58.32% | time:   1.4s (273.7m) | step:   4449 | train acc: 0.992 | train loss: 0.031 |val acc: 0.669 (0.626, 0.740) | val dp gap: 0.2165
begin calculating influence
[Strategy 5] Acc of expected label: 0.8566744730679157
calculating influence -- done
Use 4469 samples. Get 4790 labels. Ratio: 0.9329853862212943
Files already downloaded and verified
3255 originally labeled samples, 1236 new samples, and 4264 unlabeled samples. Total: 8755
begin calculating influence
[Strategy 5] Acc of expected label: 0.66875
calculating influence -- done
[ADD ORG DATA] Use 4469 samples. Get 12094 labels. Ratio: 0.36952207706300644
Files already downloaded and verified
3255 originally labeled samples, 4262 new samples, and 155253 unlabeled samples. Total: 162770
Epoch 7
 60.95% | time: 835.5s (287.7m) | step:   4650 | train acc: 1.000 | train loss: 0.000 |test acc: 0.675 (0.637, 0.737) | test dp gap: 0.3042
 60.95% | time:   1.4s (287.7m) | step:   4650 | train acc: 1.000 | train loss: 0.000 |val acc: 0.688 (0.668, 0.719) | val dp gap: 0.2669
begin calculating influence
[Strategy 5] Acc of expected label: 0.8585834896810507
calculating influence -- done
Use 4472 samples. Get 4791 labels. Ratio: 0.9334168232101858
Files already downloaded and verified
3255 originally labeled samples, 1239 new samples, and 4261 unlabeled samples. Total: 8755
begin calculating influence
[Strategy 5] Acc of expected label: 0.679375
calculating influence -- done
[ADD ORG DATA] Use 4472 samples. Get 12370 labels. Ratio: 0.36151980598221506
Files already downloaded and verified
3255 originally labeled samples, 4432 new samples, and 155083 unlabeled samples. Total: 162770
 63.57% | time: 835.4s (301.6m) | step:   4850 | train acc: 1.000 | train loss: 0.001 |test acc: 0.672 (0.636, 0.728) | test dp gap: 0.2778
 63.57% | time:   1.4s (301.6m) | step:   4850 | train acc: 1.000 | train loss: 0.001 |val acc: 0.670 (0.637, 0.721) | val dp gap: 0.2240
begin calculating influence
[Strategy 5] Acc of expected label: 0.8577798638817179
calculating influence -- done
Use 4474 samples. Get 4795 labels. Ratio: 0.9330552659019812
Files already downloaded and verified
3255 originally labeled samples, 1241 new samples, and 4259 unlabeled samples. Total: 8755
begin calculating influence
[Strategy 5] Acc of expected label: 0.6773828125
calculating influence -- done
[ADD ORG DATA] Use 4474 samples. Get 12792 labels. Ratio: 0.3497498436522827
Files already downloaded and verified
3255 originally labeled samples, 4666 new samples, and 154849 unlabeled samples. Total: 162770
 66.19% | time: 846.9s (315.8m) | step:   5050 | train acc: 0.996 | train loss: 0.010 |test acc: 0.679 (0.646, 0.732) | test dp gap: 0.2985
 66.19% | time:   1.4s (315.8m) | step:   5050 | train acc: 0.996 | train loss: 0.010 |val acc: 0.676 (0.662, 0.700) | val dp gap: 0.2411
begin calculating influence
[Strategy 5] Acc of expected label: 0.8579478750880488
calculating influence -- done
Use 4487 samples. Get 4802 labels. Ratio: 0.934402332361516
Files already downloaded and verified
3255 originally labeled samples, 1254 new samples, and 4246 unlabeled samples. Total: 8755
begin calculating influence
[Strategy 5] Acc of expected label: 0.686484375
calculating influence -- done
[ADD ORG DATA] Use 4487 samples. Get 13106 labels. Ratio: 0.3423622768197772
Files already downloaded and verified
3255 originally labeled samples, 4829 new samples, and 154686 unlabeled samples. Total: 162770
 66.65% | time: 777.8s (328.7m) | step:   5085 | train acc: 0.992 | train loss: 0.019 |test acc: 0.670 (0.632, 0.730) | test dp gap: 0.2834
 66.65% | time:   1.5s (328.8m) | step:   5085 | train acc: 0.992 | train loss: 0.019 |val acc: 0.685 (0.652, 0.734) | val dp gap: 0.2340
begin calculating influence
[Strategy 5] Acc of expected label: 0.8596325953838907
calculating influence -- done
Use 4488 samples. Get 4803 labels. Ratio: 0.9344159900062461
Files already downloaded and verified
3255 originally labeled samples, 1255 new samples, and 4245 unlabeled samples. Total: 8755
begin calculating influence
[Strategy 5] Acc of expected label: 0.670703125
calculating influence -- done
[ADD ORG DATA] Use 4488 samples. Get 13435 labels. Ratio: 0.33405284704131
Files already downloaded and verified
3255 originally labeled samples, 4967 new samples, and 154548 unlabeled samples. Total: 162770
Epoch 8
 69.29% | time: 835.7s (342.7m) | step:   5286 | train acc: 1.000 | train loss: 0.003 |test acc: 0.671 (0.624, 0.747) | test dp gap: 0.2747
 69.29% | time:   1.5s (342.7m) | step:   5286 | train acc: 1.000 | train loss: 0.003 |val acc: 0.670 (0.636, 0.724) | val dp gap: 0.2454
begin calculating influence
[Strategy 5] Acc of expected label: 0.8605418138987043
calculating influence -- done
Use 4489 samples. Get 4804 labels. Ratio: 0.9344296419650291
Files already downloaded and verified
3255 originally labeled samples, 1256 new samples, and 4244 unlabeled samples. Total: 8755
begin calculating influence
[Strategy 5] Acc of expected label: 0.6681640625
calculating influence -- done
[ADD ORG DATA] Use 4489 samples. Get 13509 labels. Ratio: 0.3322969871937227
Files already downloaded and verified
3255 originally labeled samples, 5006 new samples, and 154509 unlabeled samples. Total: 162770
 71.91% | time: 837.2s (356.7m) | step:   5486 | train acc: 1.000 | train loss: 0.000 |test acc: 0.676 (0.643, 0.728) | test dp gap: 0.2946
 71.91% | time:   1.5s (356.7m) | step:   5486 | train acc: 1.000 | train loss: 0.000 |val acc: 0.683 (0.653, 0.730) | val dp gap: 0.2403
begin calculating influence
[Strategy 5] Acc of expected label: 0.8593308199811499
calculating influence -- done
Use 4497 samples. Get 4808 labels. Ratio: 0.9353161397670549
Files already downloaded and verified
3255 originally labeled samples, 1265 new samples, and 4235 unlabeled samples. Total: 8755
begin calculating influence
[Strategy 5] Acc of expected label: 0.6787109375
calculating influence -- done
[ADD ORG DATA] Use 4497 samples. Get 13960 labels. Ratio: 0.32213467048710603
Files already downloaded and verified
3255 originally labeled samples, 5262 new samples, and 154253 unlabeled samples. Total: 162770
 74.53% | time: 835.2s (370.6m) | step:   5686 | train acc: 0.996 | train loss: 0.010 |test acc: 0.681 (0.647, 0.735) | test dp gap: 0.2971
 74.53% | time:   1.7s (370.6m) | step:   5686 | train acc: 0.996 | train loss: 0.010 |val acc: 0.679 (0.644, 0.738) | val dp gap: 0.2649
begin calculating influence
[Strategy 5] Acc of expected label: 0.8609208972845337
calculating influence -- done
Use 4501 samples. Get 4808 labels. Ratio: 0.9361480865224625
Files already downloaded and verified
3255 originally labeled samples, 1269 new samples, and 4231 unlabeled samples. Total: 8755
begin calculating influence
[Strategy 5] Acc of expected label: 0.6798828125
calculating influence -- done
[ADD ORG DATA] Use 4501 samples. Get 14112 labels. Ratio: 0.3189484126984127
Files already downloaded and verified
3255 originally labeled samples, 5338 new samples, and 154177 unlabeled samples. Total: 162770
 74.99% | time: 763.1s (383.4m) | step:   5721 | train acc: 1.000 | train loss: 0.001 |test acc: 0.674 (0.640, 0.728) | test dp gap: 0.2780
 74.99% | time:   1.5s (383.4m) | step:   5721 | train acc: 1.000 | train loss: 0.001 |val acc: 0.677 (0.661, 0.703) | val dp gap: 0.2391
begin calculating influence
[Strategy 5] Acc of expected label: 0.8603167099976365
calculating influence -- done
Use 4506 samples. Get 4811 labels. Ratio: 0.9366036167117023
Files already downloaded and verified
3255 originally labeled samples, 1274 new samples, and 4226 unlabeled samples. Total: 8755
begin calculating influence
[Strategy 5] Acc of expected label: 0.6725
calculating influence -- done
[ADD ORG DATA] Use 4506 samples. Get 14301 labels. Ratio: 0.31508286133836794
Files already downloaded and verified
3255 originally labeled samples, 5430 new samples, and 154085 unlabeled samples. Total: 162770
Epoch 9
 77.62% | time: 835.0s (397.3m) | step:   5922 | train acc: 1.000 | train loss: 0.000 |test acc: 0.671 (0.634, 0.729) | test dp gap: 0.2840
 77.62% | time:   1.4s (397.3m) | step:   5922 | train acc: 1.000 | train loss: 0.000 |val acc: 0.660 (0.624, 0.716) | val dp gap: 0.2140
begin calculating influence
[Strategy 5] Acc of expected label: 0.8603880738286797
calculating influence -- done
Use 4509 samples. Get 4813 labels. Ratio: 0.9368377311448162
Files already downloaded and verified
3255 originally labeled samples, 1277 new samples, and 4223 unlabeled samples. Total: 8755
begin calculating influence
[Strategy 5] Acc of expected label: 0.6689453125
calculating influence -- done
[ADD ORG DATA] Use 4509 samples. Get 14817 labels. Ratio: 0.3043126138894513
Files already downloaded and verified
3255 originally labeled samples, 5686 new samples, and 153829 unlabeled samples. Total: 162770
 80.25% | time: 829.0s (411.1m) | step:   6122 | train acc: 1.000 | train loss: 0.000 |test acc: 0.672 (0.629, 0.740) | test dp gap: 0.2714
 80.25% | time:   1.6s (411.2m) | step:   6122 | train acc: 1.000 | train loss: 0.000 |val acc: 0.685 (0.650, 0.736) | val dp gap: 0.2382
begin calculating influence
[Strategy 5] Acc of expected label: 0.8614728865735259
calculating influence -- done
Use 4509 samples. Get 4814 labels. Ratio: 0.936643124221022
Files already downloaded and verified
3255 originally labeled samples, 1277 new samples, and 4223 unlabeled samples. Total: 8755
begin calculating influence
[Strategy 5] Acc of expected label: 0.669609375
calculating influence -- done
[ADD ORG DATA] Use 4509 samples. Get 14954 labels. Ratio: 0.301524675672061
Files already downloaded and verified
3255 originally labeled samples, 5770 new samples, and 153745 unlabeled samples. Total: 162770
 82.87% | time: 836.6s (425.1m) | step:   6322 | train acc: 1.000 | train loss: 0.000 |test acc: 0.682 (0.652, 0.731) | test dp gap: 0.2967
 82.87% | time:   1.4s (425.1m) | step:   6322 | train acc: 1.000 | train loss: 0.000 |val acc: 0.685 (0.650, 0.738) | val dp gap: 0.2556
begin calculating influence
[Strategy 5] Acc of expected label: 0.8626568789959744
calculating influence -- done
Use 4524 samples. Get 4825 labels. Ratio: 0.9376165803108808
Files already downloaded and verified
3255 originally labeled samples, 1292 new samples, and 4208 unlabeled samples. Total: 8755
begin calculating influence
[Strategy 5] Acc of expected label: 0.6919921875
calculating influence -- done
[ADD ORG DATA] Use 4524 samples. Get 15215 labels. Ratio: 0.2973381531383503
Files already downloaded and verified
3255 originally labeled samples, 5909 new samples, and 153606 unlabeled samples. Total: 162770
 83.33% | time: 769.4s (438.0m) | step:   6357 | train acc: 1.000 | train loss: 0.004 |test acc: 0.673 (0.645, 0.717) | test dp gap: 0.2959
 83.33% | time:   1.5s (438.0m) | step:   6357 | train acc: 1.000 | train loss: 0.004 |val acc: 0.673 (0.636, 0.729) | val dp gap: 0.2646
begin calculating influence
[Strategy 5] Acc of expected label: 0.8628802281368821
calculating influence -- done
Use 4533 samples. Get 4829 labels. Ratio: 0.938703665355146
Files already downloaded and verified
3255 originally labeled samples, 1301 new samples, and 4199 unlabeled samples. Total: 8755
begin calculating influence
[Strategy 5] Acc of expected label: 0.6750390625
calculating influence -- done
[ADD ORG DATA] Use 4533 samples. Get 15645 labels. Ratio: 0.28974113135186963
Files already downloaded and verified
3255 originally labeled samples, 6165 new samples, and 153350 unlabeled samples. Total: 162770
Epoch 10
 85.96% | time: 825.2s (451.7m) | step:   6558 | train acc: 0.992 | train loss: 0.018 |test acc: 0.669 (0.630, 0.732) | test dp gap: 0.2857
 85.96% | time:   1.4s (451.8m) | step:   6558 | train acc: 0.992 | train loss: 0.018 |val acc: 0.690 (0.657, 0.740) | val dp gap: 0.2247
begin calculating influence
calculating influence -- done
length of new labels 3
Use 4533+3 = 4536 samples.
Files already downloaded and verified
3255 originally labeled samples, 1304 new samples, and 4196 unlabeled samples. Total: 8755
begin calculating influence
[Strategy 5] Acc of expected label: 0.67171875
calculating influence -- done
[ADD ORG DATA] Use 4536 samples. Get 15818 labels. Ratio: 0.28676191680364144
Files already downloaded and verified
3255 originally labeled samples, 6268 new samples, and 153247 unlabeled samples. Total: 162770
 88.58% | time: 828.7s (465.6m) | step:   6758 | train acc: 1.000 | train loss: 0.000 |test acc: 0.673 (0.635, 0.733) | test dp gap: 0.2844
 88.58% | time:   1.4s (465.6m) | step:   6758 | train acc: 1.000 | train loss: 0.000 |val acc: 0.686 (0.645, 0.748) | val dp gap: 0.2675
begin calculating influence
calculating influence -- done
length of new labels 10
Use 4533+10 = 4543 samples.
Files already downloaded and verified
3255 originally labeled samples, 1311 new samples, and 4189 unlabeled samples. Total: 8755
begin calculating influence
[Strategy 5] Acc of expected label: 0.673828125
calculating influence -- done
[ADD ORG DATA] Use 4543 samples. Get 16345 labels. Ratio: 0.2779443254817987
Files already downloaded and verified
3255 originally labeled samples, 6524 new samples, and 152991 unlabeled samples. Total: 162770
 91.20% | time: 818.0s (479.2m) | step:   6958 | train acc: 0.996 | train loss: 0.007 |test acc: 0.678 (0.642, 0.736) | test dp gap: 0.3005
 91.20% | time:   1.4s (479.3m) | step:   6958 | train acc: 0.996 | train loss: 0.007 |val acc: 0.669 (0.634, 0.724) | val dp gap: 0.2262
begin calculating influence
[Strategy 5] Acc of expected label: 0.8617808546192409
calculating influence -- done
Use 4553 samples. Get 4841 labels. Ratio: 0.9405081594711836
Files already downloaded and verified
3255 originally labeled samples, 1322 new samples, and 4178 unlabeled samples. Total: 8755
begin calculating influence
[Strategy 5] Acc of expected label: 0.6734375
calculating influence -- done
[ADD ORG DATA] Use 4553 samples. Get 16532 labels. Ratio: 0.2754052746189209
Files already downloaded and verified
3255 originally labeled samples, 6623 new samples, and 152892 unlabeled samples. Total: 162770
 91.66% | time: 773.7s (492.1m) | step:   6993 | train acc: 0.996 | train loss: 0.015 |test acc: 0.676 (0.635, 0.741) | test dp gap: 0.2882
 91.66% | time:   1.5s (492.2m) | step:   6993 | train acc: 0.996 | train loss: 0.015 |val acc: 0.671 (0.624, 0.747) | val dp gap: 0.2311
begin calculating influence
[Strategy 5] Acc of expected label: 0.8630923887027285
calculating influence -- done
Use 4553 samples. Get 4841 labels. Ratio: 0.9405081594711836
Files already downloaded and verified
3255 originally labeled samples, 1322 new samples, and 4178 unlabeled samples. Total: 8755
begin calculating influence
[Strategy 5] Acc of expected label: 0.6746484375
calculating influence -- done
[ADD ORG DATA] Use 4553 samples. Get 16978 labels. Ratio: 0.26817057368359054
Files already downloaded and verified
3255 originally labeled samples, 6879 new samples, and 152636 unlabeled samples. Total: 162770
Epoch 11
 94.30% | time: 822.0s (505.9m) | step:   7194 | train acc: 0.992 | train loss: 0.031 |test acc: 0.678 (0.641, 0.738) | test dp gap: 0.3029
 94.30% | time:   1.5s (505.9m) | step:   7194 | train acc: 0.992 | train loss: 0.031 |val acc: 0.697 (0.673, 0.736) | val dp gap: 0.2405
begin calculating influence
calculating influence -- done
length of new labels 19
Use 4542+19 = 4561 samples.
Files already downloaded and verified
3255 originally labeled samples, 1331 new samples, and 4169 unlabeled samples. Total: 8755
begin calculating influence
[Strategy 5] Acc of expected label: 0.679765625
calculating influence -- done
[ADD ORG DATA] Use 4561 samples. Get 17523 labels. Ratio: 0.26028648062546367
Files already downloaded and verified
3255 originally labeled samples, 7135 new samples, and 152380 unlabeled samples. Total: 162770
 96.92% | time: 815.6s (519.5m) | step:   7394 | train acc: 1.000 | train loss: 0.003 |test acc: 0.671 (0.640, 0.722) | test dp gap: 0.2798
 96.92% | time:   1.4s (519.5m) | step:   7394 | train acc: 1.000 | train loss: 0.003 |val acc: 0.684 (0.656, 0.727) | val dp gap: 0.2188
begin calculating influence
calculating influence -- done
length of new labels 54
Use 4542+54 = 4596 samples.
Files already downloaded and verified
3255 originally labeled samples, 1366 new samples, and 4134 unlabeled samples. Total: 8755
begin calculating influence
[Strategy 5] Acc of expected label: 0.677578125
calculating influence -- done
[ADD ORG DATA] Use 4596 samples. Get 17920 labels. Ratio: 0.2564732142857143
Files already downloaded and verified
3255 originally labeled samples, 7391 new samples, and 152124 unlabeled samples. Total: 162770
 99.54% | time: 821.4s (533.2m) | step:   7594 | train acc: 1.000 | train loss: 0.001 |test acc: 0.689 (0.659, 0.736) | test dp gap: 0.3034
 99.54% | time:   1.4s (533.2m) | step:   7594 | train acc: 1.000 | train loss: 0.001 |val acc: 0.693 (0.677, 0.718) | val dp gap: 0.2514
begin calculating influence
calculating influence -- done
length of new labels 64
Use 4542+64 = 4606 samples.
Files already downloaded and verified
3255 originally labeled samples, 1376 new samples, and 4124 unlabeled samples. Total: 8755
begin calculating influence
[Strategy 5] Acc of expected label: 0.6907421875
calculating influence -- done
[ADD ORG DATA] Use 4606 samples. Get 18202 labels. Ratio: 0.2530491154818152
Files already downloaded and verified
3255 originally labeled samples, 7536 new samples, and 151979 unlabeled samples. Total: 162770
100.00% | time: 765.8s (546.0m) | step:   7629 | train acc: 1.000 | train loss: 0.000 |test acc: 0.693 (0.665, 0.737) | test dp gap: 0.3166
100.00% | time:   1.4s (546.0m) | step:   7629 | train acc: 1.000 | train loss: 0.000 |val acc: 0.697 (0.668, 0.742) | val dp gap: 0.2652
begin calculating influence
calculating influence -- done
length of new labels 67
Use 4542+67 = 4609 samples.
Files already downloaded and verified
3255 originally labeled samples, 1379 new samples, and 4121 unlabeled samples. Total: 8755
begin calculating influence
[Strategy 5] Acc of expected label: 0.6943359375
calculating influence -- done
[ADD ORG DATA] Use 4609 samples. Get 18616 labels. Ratio: 0.2475827245380318
Files already downloaded and verified
3255 originally labeled samples, 7773 new samples, and 151742 unlabeled samples. Total: 162770
