Files already downloaded and verified
3255 originally labeled samples, 0 new samples, and 159515 unlabeled samples. Total: 162770
Files already downloaded and verified
1996 originally labeled samples, 0 new samples, and 17966 unlabeled samples. Total: 19962
Numer of layers 200
train net...
train with 162770 samples (with replacement) in one epoch
Epoch 0
  2.62% | time:  89.6s (  1.5m) | step:    200 | train acc: 0.930 | train loss: 0.166 |warm_t acc: 0.681 (0.694, 0.661) | warm_t eod gap: 0.2902
  2.62% | time:   6.0s (  1.6m) | step:    200 | train acc: 0.930 | train loss: 0.166 |warm_v acc: 0.692 (0.704, 0.671) | warm_v eod gap: 0.2844
  5.24% | time:  75.6s (  2.9m) | step:    400 | train acc: 0.793 | train loss: 0.470 |warm_t acc: 0.666 (0.703, 0.605) | warm_t eod gap: 0.2208
  5.24% | time:   1.2s (  2.9m) | step:    400 | train acc: 0.793 | train loss: 0.470 |warm_v acc: 0.661 (0.690, 0.616) | warm_v eod gap: 0.2186
  7.86% | time:  77.9s (  4.2m) | step:    600 | train acc: 1.000 | train loss: 0.006 |warm_t acc: 0.695 (0.677, 0.724) | warm_t eod gap: 0.2688
  7.86% | time:   1.3s (  4.2m) | step:    600 | train acc: 1.000 | train loss: 0.006 |warm_v acc: 0.698 (0.691, 0.710) | warm_v eod gap: 0.2871
  8.32% | time:  18.9s (  4.5m) | step:    635 | train acc: 1.000 | train loss: 0.003 |warm_t acc: 0.695 (0.683, 0.715) | warm_t eod gap: 0.2703
  8.32% | time:   1.4s (  4.5m) | step:    635 | train acc: 1.000 | train loss: 0.003 |warm_v acc: 0.698 (0.683, 0.721) | warm_v eod gap: 0.2560
Epoch 1
 10.95% | time:  75.5s (  5.8m) | step:    835 | train acc: 1.000 | train loss: 0.000 |warm_t acc: 0.694 (0.682, 0.711) | warm_t eod gap: 0.2791
 10.95% | time:   1.5s (  5.8m) | step:    835 | train acc: 1.000 | train loss: 0.000 |warm_v acc: 0.695 (0.692, 0.699) | warm_v eod gap: 0.2599
 13.57% | time:  74.2s (  7.0m) | step:   1035 | train acc: 1.000 | train loss: 0.000 |warm_t acc: 0.694 (0.682, 0.713) | warm_t eod gap: 0.2795
 13.57% | time:   1.5s (  7.1m) | step:   1035 | train acc: 1.000 | train loss: 0.000 |warm_v acc: 0.689 (0.681, 0.701) | warm_v eod gap: 0.2947
 16.19% | time:  74.3s (  8.3m) | step:   1235 | train acc: 1.000 | train loss: 0.000 |warm_t acc: 0.694 (0.683, 0.712) | warm_t eod gap: 0.2799
 16.19% | time:   1.5s (  8.3m) | step:   1235 | train acc: 1.000 | train loss: 0.000 |warm_v acc: 0.684 (0.674, 0.699) | warm_v eod gap: 0.2680
 16.65% | time:  24.4s (  8.7m) | step:   1270 | train acc: 1.000 | train loss: 0.000 |warm_t acc: 0.694 (0.683, 0.712) | warm_t eod gap: 0.2801
 16.65% | time:   1.2s (  8.8m) | step:   1270 | train acc: 1.000 | train loss: 0.000 |warm_v acc: 0.694 (0.692, 0.697) | warm_v eod gap: 0.2698
Epoch 2
 19.28% | time:  70.9s (  9.9m) | step:   1471 | train acc: 1.000 | train loss: 0.000 |test acc: 0.694 (0.682, 0.713) | test eod gap: 0.2801
 19.28% | time:   1.5s ( 10.0m) | step:   1471 | train acc: 1.000 | train loss: 0.000 |val acc: 0.702 (0.701, 0.704) | val eod gap: 0.2864
begin calculating influence
selected layers: [Traced<ShapedArray(float32[768])>with<DynamicJaxprTrace(level=0/1)>, Traced<ShapedArray(float32[8,8,3,768])>with<DynamicJaxprTrace(level=0/1)>, Traced<ShapedArray(float32[2])>with<DynamicJaxprTrace(level=0/1)>, Traced<ShapedArray(float32[768,2])>with<DynamicJaxprTrace(level=0/1)>]
[Strategy 5] Acc of expected label: 0.703359375
calculating influence -- done
Use 3511 samples. Get 3880 labels. Ratio: 0.9048969072164949
Files already downloaded and verified
3255 originally labeled samples, 256 new samples, and 159259 unlabeled samples. Total: 162770
 21.90% | time: 719.7s ( 22.0m) | step:   1671 | train acc: 1.000 | train loss: 0.007 |test acc: 0.678 (0.646, 0.729) | test eod gap: 0.2434
 21.90% | time:   1.5s ( 22.0m) | step:   1671 | train acc: 1.000 | train loss: 0.007 |val acc: 0.674 (0.646, 0.719) | val eod gap: 0.2299
begin calculating influence
[Strategy 5] Acc of expected label: 0.6817578125
calculating influence -- done
Use 3767 samples. Get 4305 labels. Ratio: 0.8750290360046458
Files already downloaded and verified
3255 originally labeled samples, 512 new samples, and 159003 unlabeled samples. Total: 162770
 24.52% | time: 725.2s ( 34.1m) | step:   1871 | train acc: 0.980 | train loss: 0.048 |test acc: 0.676 (0.673, 0.680) | test eod gap: 0.2047
 24.52% | time:   1.5s ( 34.1m) | step:   1871 | train acc: 0.980 | train loss: 0.048 |val acc: 0.694 (0.694, 0.693) | val eod gap: 0.1591
begin calculating influence
[Strategy 5] Acc of expected label: 0.6874609375
calculating influence -- done
Use 4023 samples. Get 4834 labels. Ratio: 0.8322300372362432
Files already downloaded and verified
3255 originally labeled samples, 768 new samples, and 158747 unlabeled samples. Total: 162770
 24.98% | time: 664.5s ( 45.2m) | step:   1906 | train acc: 0.918 | train loss: 0.254 |test acc: 0.698 (0.680, 0.727) | test eod gap: 0.2305
 24.98% | time:   1.4s ( 45.2m) | step:   1906 | train acc: 0.918 | train loss: 0.254 |val acc: 0.698 (0.674, 0.735) | val eod gap: 0.2002
begin calculating influence
[Strategy 5] Acc of expected label: 0.70453125
calculating influence -- done
Use 4279 samples. Get 5332 labels. Ratio: 0.8025131282820706
Files already downloaded and verified
3255 originally labeled samples, 1024 new samples, and 158491 unlabeled samples. Total: 162770
Epoch 3
 27.62% | time: 713.0s ( 57.1m) | step:   2107 | train acc: 1.000 | train loss: 0.001 |test acc: 0.688 (0.670, 0.715) | test eod gap: 0.2162
 27.62% | time:   1.4s ( 57.1m) | step:   2107 | train acc: 1.000 | train loss: 0.001 |val acc: 0.701 (0.677, 0.739) | val eod gap: 0.1755
begin calculating influence
[Strategy 5] Acc of expected label: 0.6939453125
calculating influence -- done
Use 4535 samples. Get 5930 labels. Ratio: 0.7647554806070826
Files already downloaded and verified
3255 originally labeled samples, 1280 new samples, and 158235 unlabeled samples. Total: 162770
 30.24% | time: 706.8s ( 68.9m) | step:   2307 | train acc: 1.000 | train loss: 0.000 |test acc: 0.689 (0.666, 0.726) | test eod gap: 0.2060
 30.24% | time:   1.4s ( 68.9m) | step:   2307 | train acc: 1.000 | train loss: 0.000 |val acc: 0.702 (0.675, 0.745) | val eod gap: 0.1465
begin calculating influence
[Strategy 5] Acc of expected label: 0.6952734375
calculating influence -- done
Use 4791 samples. Get 6506 labels. Ratio: 0.7363971718413772
Files already downloaded and verified
3255 originally labeled samples, 1536 new samples, and 157979 unlabeled samples. Total: 162770
 32.86% | time: 708.9s ( 80.7m) | step:   2507 | train acc: 1.000 | train loss: 0.001 |test acc: 0.689 (0.670, 0.720) | test eod gap: 0.2079
 32.86% | time:   1.4s ( 80.7m) | step:   2507 | train acc: 1.000 | train loss: 0.001 |val acc: 0.702 (0.677, 0.741) | val eod gap: 0.1955
begin calculating influence
[Strategy 5] Acc of expected label: 0.69859375
calculating influence -- done
Use 5047 samples. Get 7059 labels. Ratio: 0.7149737923218586
Files already downloaded and verified
3255 originally labeled samples, 1792 new samples, and 157723 unlabeled samples. Total: 162770
 33.32% | time: 654.9s ( 91.7m) | step:   2542 | train acc: 0.984 | train loss: 0.061 |test acc: 0.691 (0.672, 0.720) | test eod gap: 0.2319
 33.32% | time:   1.4s ( 91.7m) | step:   2542 | train acc: 0.984 | train loss: 0.061 |val acc: 0.706 (0.682, 0.743) | val eod gap: 0.1916
begin calculating influence
[Strategy 5] Acc of expected label: 0.692421875
calculating influence -- done
Use 5303 samples. Get 7649 labels. Ratio: 0.693293240946529
Files already downloaded and verified
3255 originally labeled samples, 2048 new samples, and 157467 unlabeled samples. Total: 162770
Epoch 4
 35.95% | time: 715.9s (103.6m) | step:   2743 | train acc: 1.000 | train loss: 0.001 |test acc: 0.691 (0.673, 0.718) | test eod gap: 0.2052
 35.95% | time:   1.4s (103.6m) | step:   2743 | train acc: 1.000 | train loss: 0.001 |val acc: 0.706 (0.684, 0.740) | val eod gap: 0.1509
begin calculating influence
[Strategy 5] Acc of expected label: 0.6923828125
calculating influence -- done
Use 5559 samples. Get 8155 labels. Ratio: 0.6816676885346413
Files already downloaded and verified
3255 originally labeled samples, 2304 new samples, and 157211 unlabeled samples. Total: 162770
 38.58% | time: 711.9s (115.5m) | step:   2943 | train acc: 1.000 | train loss: 0.007 |test acc: 0.690 (0.666, 0.729) | test eod gap: 0.1936
 38.58% | time:   1.4s (115.5m) | step:   2943 | train acc: 1.000 | train loss: 0.007 |val acc: 0.717 (0.703, 0.740) | val eod gap: 0.1696
begin calculating influence
[Strategy 5] Acc of expected label: 0.6908203125
calculating influence -- done
Use 5815 samples. Get 8727 labels. Ratio: 0.6663229059241434
Files already downloaded and verified
3255 originally labeled samples, 2560 new samples, and 156955 unlabeled samples. Total: 162770
 41.20% | time: 709.2s (127.3m) | step:   3143 | train acc: 1.000 | train loss: 0.000 |test acc: 0.687 (0.659, 0.732) | test eod gap: 0.1903
 41.20% | time:   1.4s (127.4m) | step:   3143 | train acc: 1.000 | train loss: 0.000 |val acc: 0.710 (0.696, 0.732) | val eod gap: 0.1847
begin calculating influence
[Strategy 5] Acc of expected label: 0.6933984375
calculating influence -- done
Use 6071 samples. Get 9255 labels. Ratio: 0.6559697460831982
Files already downloaded and verified
3255 originally labeled samples, 2816 new samples, and 156699 unlabeled samples. Total: 162770
 41.66% | time: 655.2s (138.3m) | step:   3178 | train acc: 1.000 | train loss: 0.002 |test acc: 0.692 (0.674, 0.722) | test eod gap: 0.2039
 41.66% | time:   1.4s (138.3m) | step:   3178 | train acc: 1.000 | train loss: 0.002 |val acc: 0.701 (0.692, 0.715) | val eod gap: 0.2014
begin calculating influence
[Strategy 5] Acc of expected label: 0.6946875
calculating influence -- done
Use 6327 samples. Get 9876 labels. Ratio: 0.6406439854191981
Files already downloaded and verified
3255 originally labeled samples, 3072 new samples, and 156443 unlabeled samples. Total: 162770
Epoch 5
 44.29% | time: 719.4s (150.3m) | step:   3379 | train acc: 1.000 | train loss: 0.001 |test acc: 0.689 (0.665, 0.728) | test eod gap: 0.1773
 44.29% | time:   1.4s (150.3m) | step:   3379 | train acc: 1.000 | train loss: 0.001 |val acc: 0.704 (0.676, 0.747) | val eod gap: 0.1534
begin calculating influence
[Strategy 5] Acc of expected label: 0.6876171875
calculating influence -- done
Use 6583 samples. Get 10422 labels. Ratio: 0.6316445979658415
Files already downloaded and verified
3255 originally labeled samples, 3328 new samples, and 156187 unlabeled samples. Total: 162770
 46.91% | time: 710.5s (162.2m) | step:   3579 | train acc: 1.000 | train loss: 0.000 |test acc: 0.687 (0.644, 0.754) | test eod gap: 0.1916
 46.91% | time:   1.4s (162.2m) | step:   3579 | train acc: 1.000 | train loss: 0.000 |val acc: 0.688 (0.644, 0.759) | val eod gap: 0.1703
begin calculating influence
[Strategy 5] Acc of expected label: 0.6837109375
calculating influence -- done
Use 6839 samples. Get 10851 labels. Ratio: 0.6302644917519122
Files already downloaded and verified
3255 originally labeled samples, 3584 new samples, and 155931 unlabeled samples. Total: 162770
 49.53% | time: 712.7s (174.1m) | step:   3779 | train acc: 0.992 | train loss: 0.008 |test acc: 0.688 (0.667, 0.721) | test eod gap: 0.1699
 49.53% | time:   1.4s (174.1m) | step:   3779 | train acc: 0.992 | train loss: 0.008 |val acc: 0.716 (0.692, 0.754) | val eod gap: 0.1479
begin calculating influence
[Strategy 5] Acc of expected label: 0.698359375
calculating influence -- done
Use 7095 samples. Get 11333 labels. Ratio: 0.6260478249360275
Files already downloaded and verified
3255 originally labeled samples, 3840 new samples, and 155675 unlabeled samples. Total: 162770
 49.99% | time: 661.7s (185.1m) | step:   3814 | train acc: 0.996 | train loss: 0.007 |test acc: 0.699 (0.679, 0.732) | test eod gap: 0.1698
 49.99% | time:   1.4s (185.1m) | step:   3814 | train acc: 0.996 | train loss: 0.007 |val acc: 0.717 (0.690, 0.759) | val eod gap: 0.1204
begin calculating influence
[Strategy 5] Acc of expected label: 0.7
calculating influence -- done
Use 7351 samples. Get 11928 labels. Ratio: 0.6162810194500336
Files already downloaded and verified
3255 originally labeled samples, 4096 new samples, and 155419 unlabeled samples. Total: 162770
Epoch 6
 52.62% | time: 717.6s (197.1m) | step:   4014 | train acc: 1.000 | train loss: 0.001 |test acc: 0.696 (0.663, 0.748) | test eod gap: 0.1693
 52.62% | time:   1.4s (197.1m) | step:   4014 | train acc: 1.000 | train loss: 0.001 |val acc: 0.702 (0.670, 0.753) | val eod gap: 0.1316
begin calculating influence
[Strategy 5] Acc of expected label: 0.693125
calculating influence -- done
Use 7607 samples. Get 12454 labels. Ratio: 0.6108077726031798
Files already downloaded and verified
3255 originally labeled samples, 4352 new samples, and 155163 unlabeled samples. Total: 162770
 55.24% | time: 718.8s (209.1m) | step:   4214 | train acc: 1.000 | train loss: 0.000 |test acc: 0.693 (0.665, 0.737) | test eod gap: 0.1635
 55.24% | time:   1.4s (209.1m) | step:   4214 | train acc: 1.000 | train loss: 0.000 |val acc: 0.702 (0.679, 0.737) | val eod gap: 0.1004
begin calculating influence
[Strategy 5] Acc of expected label: 0.6987109375
calculating influence -- done
Use 7863 samples. Get 12993 labels. Ratio: 0.605172015700762
Files already downloaded and verified
3255 originally labeled samples, 4608 new samples, and 154907 unlabeled samples. Total: 162770
 57.86% | time: 723.4s (221.2m) | step:   4414 | train acc: 1.000 | train loss: 0.001 |test acc: 0.685 (0.648, 0.743) | test eod gap: 0.1467
 57.86% | time:   1.3s (221.2m) | step:   4414 | train acc: 1.000 | train loss: 0.001 |val acc: 0.699 (0.661, 0.761) | val eod gap: 0.0856
begin calculating influence
[Strategy 5] Acc of expected label: 0.6864453125
calculating influence -- done
Use 7980 samples. Get 13176 labels. Ratio: 0.6056466302367942
Files already downloaded and verified
3255 originally labeled samples, 4725 new samples, and 154790 unlabeled samples. Total: 162770
 58.32% | time: 665.3s (232.3m) | step:   4449 | train acc: 1.000 | train loss: 0.000 |test acc: 0.692 (0.668, 0.730) | test eod gap: 0.1699
 58.32% | time:   1.4s (232.3m) | step:   4449 | train acc: 1.000 | train loss: 0.000 |val acc: 0.686 (0.649, 0.742) | val eod gap: 0.1021
begin calculating influence
[Strategy 5] Acc of expected label: 0.6921875
calculating influence -- done
Use 8236 samples. Get 13736 labels. Ratio: 0.5995923121723937
Files already downloaded and verified
3255 originally labeled samples, 4981 new samples, and 154534 unlabeled samples. Total: 162770
Epoch 7
 60.95% | time: 724.7s (244.4m) | step:   4650 | train acc: 1.000 | train loss: 0.000 |test acc: 0.694 (0.666, 0.737) | test eod gap: 0.1733
 60.95% | time:   1.4s (244.4m) | step:   4650 | train acc: 1.000 | train loss: 0.000 |val acc: 0.708 (0.690, 0.736) | val eod gap: 0.1154
begin calculating influence
[Strategy 5] Acc of expected label: 0.6958984375
calculating influence -- done
Use 8492 samples. Get 14286 labels. Ratio: 0.5944281114377712
Files already downloaded and verified
3255 originally labeled samples, 5237 new samples, and 154278 unlabeled samples. Total: 162770
 63.57% | time: 720.6s (256.4m) | step:   4850 | train acc: 1.000 | train loss: 0.001 |test acc: 0.695 (0.672, 0.733) | test eod gap: 0.1803
 63.57% | time:   1.4s (256.5m) | step:   4850 | train acc: 1.000 | train loss: 0.001 |val acc: 0.708 (0.681, 0.751) | val eod gap: 0.1210
begin calculating influence
[Strategy 5] Acc of expected label: 0.6927734375
calculating influence -- done
Use 8748 samples. Get 14790 labels. Ratio: 0.5914807302231238
Files already downloaded and verified
3255 originally labeled samples, 5493 new samples, and 154022 unlabeled samples. Total: 162770
 66.19% | time: 721.0s (268.5m) | step:   5050 | train acc: 1.000 | train loss: 0.000 |test acc: 0.698 (0.681, 0.725) | test eod gap: 0.1564
 66.19% | time:   1.5s (268.5m) | step:   5050 | train acc: 1.000 | train loss: 0.000 |val acc: 0.708 (0.694, 0.730) | val eod gap: 0.1502
begin calculating influence
[Strategy 5] Acc of expected label: 0.695390625
calculating influence -- done
Use 9004 samples. Get 15419 labels. Ratio: 0.58395486088592
Files already downloaded and verified
3255 originally labeled samples, 5749 new samples, and 153766 unlabeled samples. Total: 162770
 66.65% | time: 667.0s (279.6m) | step:   5085 | train acc: 0.996 | train loss: 0.011 |test acc: 0.688 (0.659, 0.734) | test eod gap: 0.1491
 66.65% | time:   1.5s (279.6m) | step:   5085 | train acc: 0.996 | train loss: 0.011 |val acc: 0.718 (0.696, 0.751) | val eod gap: 0.1314
begin calculating influence
[Strategy 5] Acc of expected label: 0.683203125
calculating influence -- done
Use 9260 samples. Get 15966 labels. Ratio: 0.5799824627333083
Files already downloaded and verified
3255 originally labeled samples, 6005 new samples, and 153510 unlabeled samples. Total: 162770
Epoch 8
 69.29% | time: 724.3s (291.7m) | step:   5286 | train acc: 0.996 | train loss: 0.006 |test acc: 0.675 (0.634, 0.740) | test eod gap: 0.1607
 69.29% | time:   1.7s (291.7m) | step:   5286 | train acc: 0.996 | train loss: 0.006 |val acc: 0.688 (0.650, 0.748) | val eod gap: 0.1161
begin calculating influence
[Strategy 5] Acc of expected label: 0.6805078125
calculating influence -- done
Use 9516 samples. Get 16483 labels. Ratio: 0.5773220894254687
Files already downloaded and verified
3255 originally labeled samples, 6261 new samples, and 153254 unlabeled samples. Total: 162770
 71.91% | time: 724.4s (303.8m) | step:   5486 | train acc: 1.000 | train loss: 0.000 |test acc: 0.690 (0.658, 0.741) | test eod gap: 0.1742
 71.91% | time:   1.4s (303.8m) | step:   5486 | train acc: 1.000 | train loss: 0.000 |val acc: 0.714 (0.687, 0.754) | val eod gap: 0.1207
begin calculating influence
[Strategy 5] Acc of expected label: 0.686328125
calculating influence -- done
Use 9772 samples. Get 16973 labels. Ratio: 0.5757379367230306
Files already downloaded and verified
3255 originally labeled samples, 6517 new samples, and 152998 unlabeled samples. Total: 162770
 74.53% | time: 724.5s (315.9m) | step:   5686 | train acc: 1.000 | train loss: 0.000 |test acc: 0.683 (0.658, 0.722) | test eod gap: 0.1469
 74.53% | time:   1.4s (315.9m) | step:   5686 | train acc: 1.000 | train loss: 0.000 |val acc: 0.704 (0.688, 0.731) | val eod gap: 0.1320
begin calculating influence
[Strategy 5] Acc of expected label: 0.686328125
calculating influence -- done
Use 10028 samples. Get 17445 labels. Ratio: 0.5748351963313271
Files already downloaded and verified
3255 originally labeled samples, 6773 new samples, and 152742 unlabeled samples. Total: 162770
 74.99% | time: 666.7s (327.1m) | step:   5721 | train acc: 1.000 | train loss: 0.002 |test acc: 0.690 (0.671, 0.721) | test eod gap: 0.1656
 74.99% | time:   1.6s (327.1m) | step:   5721 | train acc: 1.000 | train loss: 0.002 |val acc: 0.717 (0.690, 0.761) | val eod gap: 0.1317
begin calculating influence
[Strategy 5] Acc of expected label: 0.7005859375
calculating influence -- done
Use 10284 samples. Get 17931 labels. Ratio: 0.5735318721766772
Files already downloaded and verified
3255 originally labeled samples, 7029 new samples, and 152486 unlabeled samples. Total: 162770
Epoch 9
 77.62% | time: 725.1s (339.2m) | step:   5922 | train acc: 1.000 | train loss: 0.004 |test acc: 0.688 (0.664, 0.725) | test eod gap: 0.1418
 77.62% | time:   1.4s (339.2m) | step:   5922 | train acc: 1.000 | train loss: 0.004 |val acc: 0.695 (0.672, 0.731) | val eod gap: 0.1386
begin calculating influence
[Strategy 5] Acc of expected label: 0.6841796875
calculating influence -- done
Use 10540 samples. Get 18411 labels. Ratio: 0.5724838411819021
Files already downloaded and verified
3255 originally labeled samples, 7285 new samples, and 152230 unlabeled samples. Total: 162770
 80.25% | time: 723.6s (351.2m) | step:   6122 | train acc: 1.000 | train loss: 0.004 |test acc: 0.690 (0.658, 0.739) | test eod gap: 0.1522
 80.25% | time:   1.5s (351.3m) | step:   6122 | train acc: 1.000 | train loss: 0.004 |val acc: 0.700 (0.678, 0.734) | val eod gap: 0.1109
begin calculating influence
[Strategy 5] Acc of expected label: 0.6908984375
calculating influence -- done
Use 10796 samples. Get 18824 labels. Ratio: 0.573523161920952
Files already downloaded and verified
3255 originally labeled samples, 7541 new samples, and 151974 unlabeled samples. Total: 162770
 82.87% | time: 723.6s (363.3m) | step:   6322 | train acc: 1.000 | train loss: 0.001 |test acc: 0.681 (0.642, 0.743) | test eod gap: 0.1261
 82.87% | time:   1.4s (363.4m) | step:   6322 | train acc: 1.000 | train loss: 0.001 |val acc: 0.691 (0.662, 0.738) | val eod gap: 0.0733
begin calculating influence
[Strategy 5] Acc of expected label: 0.6801953125
calculating influence -- done
Use 10999 samples. Get 19203 labels. Ratio: 0.5727750872259543
Files already downloaded and verified
3255 originally labeled samples, 7744 new samples, and 151771 unlabeled samples. Total: 162770
 83.33% | time: 667.5s (374.5m) | step:   6357 | train acc: 1.000 | train loss: 0.000 |test acc: 0.687 (0.657, 0.734) | test eod gap: 0.1492
 83.33% | time:   1.5s (374.5m) | step:   6357 | train acc: 1.000 | train loss: 0.000 |val acc: 0.699 (0.671, 0.744) | val eod gap: 0.0784
begin calculating influence
[Strategy 5] Acc of expected label: 0.686328125
calculating influence -- done
Use 11255 samples. Get 19663 labels. Ratio: 0.5723948532777298
Files already downloaded and verified
3255 originally labeled samples, 8000 new samples, and 151515 unlabeled samples. Total: 162770
Epoch 10
 85.96% | time: 725.0s (386.6m) | step:   6558 | train acc: 1.000 | train loss: 0.000 |test acc: 0.690 (0.669, 0.722) | test eod gap: 0.1698
 85.96% | time:   1.5s (386.6m) | step:   6558 | train acc: 1.000 | train loss: 0.000 |val acc: 0.708 (0.686, 0.740) | val eod gap: 0.1369
begin calculating influence
[Strategy 5] Acc of expected label: 0.6941015625
calculating influence -- done
Use 11511 samples. Get 20126 labels. Ratio: 0.5719467355659346
Files already downloaded and verified
3255 originally labeled samples, 8256 new samples, and 151259 unlabeled samples. Total: 162770
 88.58% | time: 723.4s (398.7m) | step:   6758 | train acc: 0.996 | train loss: 0.019 |test acc: 0.689 (0.661, 0.734) | test eod gap: 0.1464
 88.58% | time:   1.4s (398.7m) | step:   6758 | train acc: 0.996 | train loss: 0.019 |val acc: 0.706 (0.688, 0.733) | val eod gap: 0.1017
begin calculating influence
[Strategy 5] Acc of expected label: 0.6864453125
calculating influence -- done
Use 11767 samples. Get 20599 labels. Ratio: 0.571241322394291
Files already downloaded and verified
3255 originally labeled samples, 8512 new samples, and 151003 unlabeled samples. Total: 162770
 91.20% | time: 724.4s (410.8m) | step:   6958 | train acc: 0.992 | train loss: 0.008 |test acc: 0.686 (0.667, 0.716) | test eod gap: 0.1437
 91.20% | time:   1.5s (410.8m) | step:   6958 | train acc: 0.992 | train loss: 0.008 |val acc: 0.696 (0.683, 0.716) | val eod gap: 0.0987
begin calculating influence
[Strategy 5] Acc of expected label: 0.69296875
calculating influence -- done
Use 12023 samples. Get 21087 labels. Ratio: 0.5701617110067815
Files already downloaded and verified
3255 originally labeled samples, 8768 new samples, and 150747 unlabeled samples. Total: 162770
 91.66% | time: 667.1s (421.9m) | step:   6993 | train acc: 1.000 | train loss: 0.002 |test acc: 0.692 (0.668, 0.729) | test eod gap: 0.1420
 91.66% | time:   1.4s (421.9m) | step:   6993 | train acc: 1.000 | train loss: 0.002 |val acc: 0.699 (0.681, 0.727) | val eod gap: 0.1119
begin calculating influence
[Strategy 5] Acc of expected label: 0.6951953125
calculating influence -- done
Use 12279 samples. Get 21513 labels. Ratio: 0.5707711616232046
Files already downloaded and verified
3255 originally labeled samples, 9024 new samples, and 150491 unlabeled samples. Total: 162770
Epoch 11
 94.30% | time: 723.9s (434.0m) | step:   7194 | train acc: 1.000 | train loss: 0.001 |test acc: 0.691 (0.657, 0.744) | test eod gap: 0.1585
 94.30% | time:   1.3s (434.0m) | step:   7194 | train acc: 1.000 | train loss: 0.001 |val acc: 0.721 (0.692, 0.768) | val eod gap: 0.1015
begin calculating influence
[Strategy 5] Acc of expected label: 0.6958984375
calculating influence -- done
Use 12532 samples. Get 21915 labels. Ratio: 0.5718457677389915
Files already downloaded and verified
3255 originally labeled samples, 9277 new samples, and 150238 unlabeled samples. Total: 162770
 96.92% | time: 723.9s (446.1m) | step:   7394 | train acc: 0.996 | train loss: 0.006 |test acc: 0.696 (0.667, 0.742) | test eod gap: 0.1527
 96.92% | time:   1.4s (446.1m) | step:   7394 | train acc: 0.996 | train loss: 0.006 |val acc: 0.718 (0.689, 0.764) | val eod gap: 0.1243
begin calculating influence
[Strategy 5] Acc of expected label: 0.691953125
calculating influence -- done
Use 12788 samples. Get 22433 labels. Ratio: 0.5700530468506219
Files already downloaded and verified
3255 originally labeled samples, 9533 new samples, and 149982 unlabeled samples. Total: 162770
 99.54% | time: 724.3s (458.2m) | step:   7594 | train acc: 1.000 | train loss: 0.000 |test acc: 0.688 (0.651, 0.746) | test eod gap: 0.1407
 99.54% | time:   1.6s (458.2m) | step:   7594 | train acc: 1.000 | train loss: 0.000 |val acc: 0.721 (0.689, 0.771) | val eod gap: 0.0742
begin calculating influence
[Strategy 5] Acc of expected label: 0.6857421875
calculating influence -- done
Use 12869 samples. Get 22580 labels. Ratio: 0.5699291408325953
Files already downloaded and verified
3255 originally labeled samples, 9614 new samples, and 149901 unlabeled samples. Total: 162770
100.00% | time: 667.3s (469.3m) | step:   7629 | train acc: 0.996 | train loss: 0.006 |test acc: 0.693 (0.662, 0.743) | test eod gap: 0.1431
100.00% | time:   1.4s (469.4m) | step:   7629 | train acc: 0.996 | train loss: 0.006 |val acc: 0.715 (0.679, 0.776) | val eod gap: 0.0655
begin calculating influence
[Strategy 5] Acc of expected label: 0.686015625
calculating influence -- done
Use 13073 samples. Get 22882 labels. Ratio: 0.5713224368499257
Files already downloaded and verified
3255 originally labeled samples, 9818 new samples, and 149697 unlabeled samples. Total: 162770
