Files already downloaded and verified
3255 originally labeled samples, 0 new samples, and 159515 unlabeled samples. Total: 162770
Files already downloaded and verified
1996 originally labeled samples, 0 new samples, and 17966 unlabeled samples. Total: 19962
Numer of layers 200
train net...
train with 162770 samples (with replacement) in one epoch
Epoch 0
  2.62% | time: 102.6s (  1.7m) | step:    200 | train acc: 0.930 | train loss: 0.166 |warm_t acc: 0.681 (0.694, 0.661) | warm_t dp gap: 0.4018
  2.62% | time:   4.8s (  1.8m) | step:    200 | train acc: 0.930 | train loss: 0.166 |warm_v acc: 0.692 (0.704, 0.671) | warm_v dp gap: 0.3936
  5.24% | time:  81.2s (  3.1m) | step:    400 | train acc: 0.793 | train loss: 0.470 |warm_t acc: 0.666 (0.703, 0.605) | warm_t dp gap: 0.3363
  5.24% | time:   1.4s (  3.2m) | step:    400 | train acc: 0.793 | train loss: 0.470 |warm_v acc: 0.661 (0.690, 0.616) | warm_v dp gap: 0.3225
  7.86% | time:  79.9s (  4.5m) | step:    600 | train acc: 1.000 | train loss: 0.006 |warm_t acc: 0.695 (0.677, 0.724) | warm_t dp gap: 0.3869
  7.86% | time:   1.1s (  4.5m) | step:    600 | train acc: 1.000 | train loss: 0.006 |warm_v acc: 0.698 (0.691, 0.710) | warm_v dp gap: 0.3941
  8.32% | time:  24.9s (  4.9m) | step:    635 | train acc: 1.000 | train loss: 0.003 |warm_t acc: 0.695 (0.683, 0.715) | warm_t dp gap: 0.3887
  8.32% | time:   1.3s (  5.0m) | step:    635 | train acc: 1.000 | train loss: 0.003 |warm_v acc: 0.698 (0.683, 0.721) | warm_v dp gap: 0.3737
Epoch 1
 10.95% | time:  82.0s (  6.3m) | step:    835 | train acc: 1.000 | train loss: 0.000 |warm_t acc: 0.694 (0.682, 0.711) | warm_t dp gap: 0.3948
 10.95% | time:   1.4s (  6.3m) | step:    835 | train acc: 1.000 | train loss: 0.000 |warm_v acc: 0.695 (0.692, 0.699) | warm_v dp gap: 0.3714
 13.57% | time:  81.3s (  7.7m) | step:   1035 | train acc: 1.000 | train loss: 0.000 |warm_t acc: 0.694 (0.682, 0.713) | warm_t dp gap: 0.3954
 13.57% | time:   1.4s (  7.7m) | step:   1035 | train acc: 1.000 | train loss: 0.000 |warm_v acc: 0.689 (0.681, 0.701) | warm_v dp gap: 0.3953
 16.19% | time:  77.2s (  9.0m) | step:   1235 | train acc: 1.000 | train loss: 0.000 |warm_t acc: 0.694 (0.683, 0.712) | warm_t dp gap: 0.3953
 16.19% | time:   1.5s (  9.0m) | step:   1235 | train acc: 1.000 | train loss: 0.000 |warm_v acc: 0.684 (0.674, 0.699) | warm_v dp gap: 0.3714
 16.65% | time:  23.8s (  9.4m) | step:   1270 | train acc: 1.000 | train loss: 0.000 |warm_t acc: 0.694 (0.683, 0.712) | warm_t dp gap: 0.3956
 16.65% | time:   1.4s (  9.5m) | step:   1270 | train acc: 1.000 | train loss: 0.000 |warm_v acc: 0.694 (0.692, 0.697) | warm_v dp gap: 0.3768
Epoch 2
 19.28% | time:  70.6s ( 10.6m) | step:   1471 | train acc: 1.000 | train loss: 0.000 |test acc: 0.694 (0.682, 0.713) | test dp gap: 0.3955
 19.28% | time:   1.3s ( 10.7m) | step:   1471 | train acc: 1.000 | train loss: 0.000 |val acc: 0.702 (0.701, 0.704) | val dp gap: 0.3947
begin calculating influence
selected layers: [Traced<ShapedArray(float32[768])>with<DynamicJaxprTrace(level=0/1)>, Traced<ShapedArray(float32[8,8,3,768])>with<DynamicJaxprTrace(level=0/1)>, Traced<ShapedArray(float32[2])>with<DynamicJaxprTrace(level=0/1)>, Traced<ShapedArray(float32[768,2])>with<DynamicJaxprTrace(level=0/1)>]
[Strategy 5] Acc of expected label: 0.703359375
calculating influence -- done
Use 3511 samples. Get 3865 labels. Ratio: 0.9084087968952135
Files already downloaded and verified
3255 originally labeled samples, 256 new samples, and 159259 unlabeled samples. Total: 162770
 21.90% | time: 768.2s ( 23.5m) | step:   1671 | train acc: 0.816 | train loss: 0.412 |test acc: 0.714 (0.699, 0.739) | test dp gap: 0.4040
 21.90% | time:   1.2s ( 23.5m) | step:   1671 | train acc: 0.816 | train loss: 0.412 |val acc: 0.711 (0.697, 0.733) | val dp gap: 0.3860
begin calculating influence
[Strategy 5] Acc of expected label: 0.7148828125
calculating influence -- done
Use 3756 samples. Get 4345 labels. Ratio: 0.8644418872266973
Files already downloaded and verified
3255 originally labeled samples, 501 new samples, and 159014 unlabeled samples. Total: 162770
 24.52% | time: 750.0s ( 36.0m) | step:   1871 | train acc: 0.676 | train loss: 0.731 |test acc: 0.697 (0.696, 0.699) | test dp gap: 0.3682
 24.52% | time:   1.5s ( 36.0m) | step:   1871 | train acc: 0.676 | train loss: 0.731 |val acc: 0.696 (0.700, 0.690) | val dp gap: 0.3454
begin calculating influence
[Strategy 5] Acc of expected label: 0.704921875
calculating influence -- done
Use 4012 samples. Get 4772 labels. Ratio: 0.8407376362112322
Files already downloaded and verified
3255 originally labeled samples, 757 new samples, and 158758 unlabeled samples. Total: 162770
 24.98% | time: 690.0s ( 47.5m) | step:   1906 | train acc: 0.867 | train loss: 0.312 |test acc: 0.696 (0.673, 0.734) | test dp gap: 0.3924
 24.98% | time:   1.4s ( 47.5m) | step:   1906 | train acc: 0.867 | train loss: 0.312 |val acc: 0.701 (0.689, 0.719) | val dp gap: 0.3757
begin calculating influence
[Strategy 5] Acc of expected label: 0.701015625
calculating influence -- done
Use 4053 samples. Get 4851 labels. Ratio: 0.8354978354978355
Files already downloaded and verified
3255 originally labeled samples, 798 new samples, and 158717 unlabeled samples. Total: 162770
Epoch 3
 27.62% | time: 753.7s ( 60.1m) | step:   2107 | train acc: 0.965 | train loss: 0.078 |test acc: 0.695 (0.677, 0.723) | test dp gap: 0.3808
 27.62% | time:   1.4s ( 60.1m) | step:   2107 | train acc: 0.965 | train loss: 0.078 |val acc: 0.690 (0.676, 0.711) | val dp gap: 0.3566
begin calculating influence
[Strategy 5] Acc of expected label: 0.70078125
calculating influence -- done
Use 4309 samples. Get 5374 labels. Ratio: 0.8018235950874582
Files already downloaded and verified
3255 originally labeled samples, 1054 new samples, and 158461 unlabeled samples. Total: 162770
 30.24% | time: 751.9s ( 72.6m) | step:   2307 | train acc: 1.000 | train loss: 0.008 |test acc: 0.684 (0.661, 0.721) | test dp gap: 0.3558
 30.24% | time:   1.5s ( 72.7m) | step:   2307 | train acc: 1.000 | train loss: 0.008 |val acc: 0.683 (0.671, 0.701) | val dp gap: 0.3412
begin calculating influence
[Strategy 5] Acc of expected label: 0.691171875
calculating influence -- done
Use 4565 samples. Get 5903 labels. Ratio: 0.7733355920718279
Files already downloaded and verified
3255 originally labeled samples, 1310 new samples, and 158205 unlabeled samples. Total: 162770
 32.86% | time: 748.9s ( 85.1m) | step:   2507 | train acc: 0.988 | train loss: 0.030 |test acc: 0.690 (0.671, 0.721) | test dp gap: 0.3327
 32.86% | time:   1.4s ( 85.2m) | step:   2507 | train acc: 0.988 | train loss: 0.030 |val acc: 0.704 (0.696, 0.718) | val dp gap: 0.2968
begin calculating influence
[Strategy 5] Acc of expected label: 0.6955078125
calculating influence -- done
Use 4821 samples. Get 6596 labels. Ratio: 0.7308975136446331
Files already downloaded and verified
3255 originally labeled samples, 1566 new samples, and 157949 unlabeled samples. Total: 162770
 33.32% | time: 690.3s ( 96.7m) | step:   2542 | train acc: 0.992 | train loss: 0.023 |test acc: 0.696 (0.673, 0.732) | test dp gap: 0.3621
 33.32% | time:   1.3s ( 96.7m) | step:   2542 | train acc: 0.992 | train loss: 0.023 |val acc: 0.694 (0.676, 0.723) | val dp gap: 0.3309
begin calculating influence
[Strategy 5] Acc of expected label: 0.700625
calculating influence -- done
Use 5077 samples. Get 7217 labels. Ratio: 0.7034778994041846
Files already downloaded and verified
3255 originally labeled samples, 1822 new samples, and 157693 unlabeled samples. Total: 162770
Epoch 4
 35.95% | time: 745.9s (109.1m) | step:   2743 | train acc: 1.000 | train loss: 0.002 |test acc: 0.683 (0.652, 0.733) | test dp gap: 0.2970
 35.95% | time:   1.4s (109.2m) | step:   2743 | train acc: 1.000 | train loss: 0.002 |val acc: 0.688 (0.663, 0.724) | val dp gap: 0.2675
begin calculating influence
[Strategy 5] Acc of expected label: 0.6854296875
calculating influence -- done
Use 5333 samples. Get 7793 labels. Ratio: 0.6843320929038881
Files already downloaded and verified
3255 originally labeled samples, 2078 new samples, and 157437 unlabeled samples. Total: 162770
 38.58% | time: 745.3s (121.6m) | step:   2943 | train acc: 0.996 | train loss: 0.019 |test acc: 0.681 (0.637, 0.751) | test dp gap: 0.3022
 38.58% | time:   1.4s (121.6m) | step:   2943 | train acc: 0.996 | train loss: 0.019 |val acc: 0.683 (0.653, 0.730) | val dp gap: 0.2811
begin calculating influence
[Strategy 5] Acc of expected label: 0.68546875
calculating influence -- done
Use 5433 samples. Get 7983 labels. Ratio: 0.6805712138293875
Files already downloaded and verified
3255 originally labeled samples, 2178 new samples, and 157337 unlabeled samples. Total: 162770
 41.20% | time: 746.7s (134.0m) | step:   3143 | train acc: 1.000 | train loss: 0.000 |test acc: 0.682 (0.646, 0.739) | test dp gap: 0.2964
 41.20% | time:   1.4s (134.1m) | step:   3143 | train acc: 1.000 | train loss: 0.000 |val acc: 0.691 (0.657, 0.745) | val dp gap: 0.2567
begin calculating influence
[Strategy 5] Acc of expected label: 0.6773046875
calculating influence -- done
Use 5607 samples. Get 8324 labels. Ratio: 0.6735944257568477
Files already downloaded and verified
3255 originally labeled samples, 2352 new samples, and 157163 unlabeled samples. Total: 162770
 41.66% | time: 686.8s (145.5m) | step:   3178 | train acc: 1.000 | train loss: 0.001 |test acc: 0.677 (0.647, 0.725) | test dp gap: 0.2954
 41.66% | time:   1.5s (145.5m) | step:   3178 | train acc: 1.000 | train loss: 0.001 |val acc: 0.680 (0.651, 0.726) | val dp gap: 0.2771
begin calculating influence
[Strategy 5] Acc of expected label: 0.6799609375
calculating influence -- done
Use 5863 samples. Get 8876 labels. Ratio: 0.6605452906714736
Files already downloaded and verified
3255 originally labeled samples, 2608 new samples, and 156907 unlabeled samples. Total: 162770
Epoch 5
 44.29% | time: 746.8s (158.0m) | step:   3379 | train acc: 1.000 | train loss: 0.001 |test acc: 0.681 (0.654, 0.723) | test dp gap: 0.2908
 44.29% | time:   1.6s (158.0m) | step:   3379 | train acc: 1.000 | train loss: 0.001 |val acc: 0.705 (0.681, 0.742) | val dp gap: 0.2438
begin calculating influence
[Strategy 5] Acc of expected label: 0.6812109375
calculating influence -- done
Use 6119 samples. Get 9506 labels. Ratio: 0.6436987166000421
Files already downloaded and verified
3255 originally labeled samples, 2864 new samples, and 156651 unlabeled samples. Total: 162770
 46.91% | time: 747.8s (170.5m) | step:   3579 | train acc: 1.000 | train loss: 0.001 |test acc: 0.681 (0.658, 0.719) | test dp gap: 0.3090
 46.91% | time:   1.4s (170.5m) | step:   3579 | train acc: 1.000 | train loss: 0.001 |val acc: 0.690 (0.659, 0.739) | val dp gap: 0.2818
begin calculating influence
[Strategy 5] Acc of expected label: 0.6849609375
calculating influence -- done
Use 6375 samples. Get 10043 labels. Ratio: 0.6347704869063029
Files already downloaded and verified
3255 originally labeled samples, 3120 new samples, and 156395 unlabeled samples. Total: 162770
 49.53% | time: 746.6s (182.9m) | step:   3779 | train acc: 1.000 | train loss: 0.002 |test acc: 0.681 (0.649, 0.732) | test dp gap: 0.2959
 49.53% | time:   1.4s (183.0m) | step:   3779 | train acc: 1.000 | train loss: 0.002 |val acc: 0.695 (0.671, 0.735) | val dp gap: 0.2735
begin calculating influence
[Strategy 5] Acc of expected label: 0.6830859375
calculating influence -- done
Use 6631 samples. Get 10508 labels. Ratio: 0.6310430148458317
Files already downloaded and verified
3255 originally labeled samples, 3376 new samples, and 156139 unlabeled samples. Total: 162770
 49.99% | time: 685.3s (194.4m) | step:   3814 | train acc: 0.996 | train loss: 0.005 |test acc: 0.696 (0.664, 0.747) | test dp gap: 0.3350
 49.99% | time:   1.4s (194.4m) | step:   3814 | train acc: 0.996 | train loss: 0.005 |val acc: 0.716 (0.700, 0.742) | val dp gap: 0.3026
begin calculating influence
[Strategy 5] Acc of expected label: 0.6955859375
calculating influence -- done
Use 6854 samples. Get 11025 labels. Ratio: 0.6216780045351474
Files already downloaded and verified
3255 originally labeled samples, 3599 new samples, and 155916 unlabeled samples. Total: 162770
Epoch 6
 52.62% | time: 743.9s (206.8m) | step:   4014 | train acc: 1.000 | train loss: 0.001 |test acc: 0.686 (0.649, 0.745) | test dp gap: 0.3206
 52.62% | time:   1.3s (206.8m) | step:   4014 | train acc: 1.000 | train loss: 0.001 |val acc: 0.670 (0.658, 0.690) | val dp gap: 0.2725
begin calculating influence
[Strategy 5] Acc of expected label: 0.6853125
calculating influence -- done
Use 7020 samples. Get 11339 labels. Ratio: 0.6191022135990828
Files already downloaded and verified
3255 originally labeled samples, 3765 new samples, and 155750 unlabeled samples. Total: 162770
 55.24% | time: 745.2s (219.2m) | step:   4214 | train acc: 0.996 | train loss: 0.008 |test acc: 0.689 (0.678, 0.707) | test dp gap: 0.3293
 55.24% | time:   1.5s (219.3m) | step:   4214 | train acc: 0.996 | train loss: 0.008 |val acc: 0.700 (0.698, 0.703) | val dp gap: 0.2977
begin calculating influence
[Strategy 5] Acc of expected label: 0.6923828125
calculating influence -- done
Use 7276 samples. Get 11978 labels. Ratio: 0.607446986141259
Files already downloaded and verified
3255 originally labeled samples, 4021 new samples, and 155494 unlabeled samples. Total: 162770
 57.86% | time: 744.9s (231.7m) | step:   4414 | train acc: 0.996 | train loss: 0.010 |test acc: 0.678 (0.642, 0.735) | test dp gap: 0.3034
 57.86% | time:   1.5s (231.7m) | step:   4414 | train acc: 0.996 | train loss: 0.010 |val acc: 0.679 (0.645, 0.732) | val dp gap: 0.2772
begin calculating influence
[Strategy 5] Acc of expected label: 0.67609375
calculating influence -- done
Use 7532 samples. Get 12482 labels. Ratio: 0.6034289376702452
Files already downloaded and verified
3255 originally labeled samples, 4277 new samples, and 155238 unlabeled samples. Total: 162770
 58.32% | time: 686.5s (243.2m) | step:   4449 | train acc: 1.000 | train loss: 0.000 |test acc: 0.688 (0.660, 0.731) | test dp gap: 0.3024
 58.32% | time:   1.4s (243.2m) | step:   4449 | train acc: 1.000 | train loss: 0.000 |val acc: 0.704 (0.675, 0.751) | val dp gap: 0.3021
begin calculating influence
[Strategy 5] Acc of expected label: 0.6864453125
calculating influence -- done
Use 7774 samples. Get 12929 labels. Ratio: 0.60128393533916
Files already downloaded and verified
3255 originally labeled samples, 4519 new samples, and 154996 unlabeled samples. Total: 162770
Epoch 7
 60.95% | time: 749.4s (255.7m) | step:   4650 | train acc: 1.000 | train loss: 0.001 |test acc: 0.695 (0.663, 0.746) | test dp gap: 0.3271
 60.95% | time:   1.4s (255.7m) | step:   4650 | train acc: 1.000 | train loss: 0.001 |val acc: 0.712 (0.678, 0.764) | val dp gap: 0.3062
begin calculating influence
[Strategy 5] Acc of expected label: 0.698359375
calculating influence -- done
Use 8030 samples. Get 13480 labels. Ratio: 0.5956973293768546
Files already downloaded and verified
3255 originally labeled samples, 4775 new samples, and 154740 unlabeled samples. Total: 162770
 63.57% | time: 746.4s (268.1m) | step:   4850 | train acc: 1.000 | train loss: 0.000 |test acc: 0.694 (0.669, 0.735) | test dp gap: 0.3098
 63.57% | time:   1.4s (268.2m) | step:   4850 | train acc: 1.000 | train loss: 0.000 |val acc: 0.708 (0.683, 0.745) | val dp gap: 0.2744
begin calculating influence
[Strategy 5] Acc of expected label: 0.6937109375
calculating influence -- done
Use 8286 samples. Get 13967 labels. Ratio: 0.5932555308942508
Files already downloaded and verified
3255 originally labeled samples, 5031 new samples, and 154484 unlabeled samples. Total: 162770
 66.19% | time: 744.0s (280.6m) | step:   5050 | train acc: 1.000 | train loss: 0.002 |test acc: 0.686 (0.664, 0.720) | test dp gap: 0.2956
 66.19% | time:   1.4s (280.6m) | step:   5050 | train acc: 1.000 | train loss: 0.002 |val acc: 0.699 (0.690, 0.714) | val dp gap: 0.2410
begin calculating influence
[Strategy 5] Acc of expected label: 0.6905078125
calculating influence -- done
Use 8542 samples. Get 14572 labels. Ratio: 0.5861926983255559
Files already downloaded and verified
3255 originally labeled samples, 5287 new samples, and 154228 unlabeled samples. Total: 162770
 66.65% | time: 685.4s (292.0m) | step:   5085 | train acc: 1.000 | train loss: 0.002 |test acc: 0.695 (0.676, 0.724) | test dp gap: 0.3226
 66.65% | time:   1.4s (292.0m) | step:   5085 | train acc: 1.000 | train loss: 0.002 |val acc: 0.700 (0.680, 0.731) | val dp gap: 0.2719
begin calculating influence
[Strategy 5] Acc of expected label: 0.6945703125
calculating influence -- done
Use 8798 samples. Get 15188 labels. Ratio: 0.5792731103502765
Files already downloaded and verified
3255 originally labeled samples, 5543 new samples, and 153972 unlabeled samples. Total: 162770
Epoch 8
 69.29% | time: 744.7s (304.4m) | step:   5286 | train acc: 1.000 | train loss: 0.001 |test acc: 0.681 (0.654, 0.724) | test dp gap: 0.2752
 69.29% | time:   1.4s (304.5m) | step:   5286 | train acc: 1.000 | train loss: 0.001 |val acc: 0.689 (0.671, 0.718) | val dp gap: 0.2399
begin calculating influence
[Strategy 5] Acc of expected label: 0.680078125
calculating influence -- done
Use 9054 samples. Get 15759 labels. Ratio: 0.5745288406624786
Files already downloaded and verified
3255 originally labeled samples, 5799 new samples, and 153716 unlabeled samples. Total: 162770
 71.91% | time: 744.4s (316.9m) | step:   5486 | train acc: 1.000 | train loss: 0.005 |test acc: 0.664 (0.615, 0.741) | test dp gap: 0.2391
 71.91% | time:   1.5s (316.9m) | step:   5486 | train acc: 1.000 | train loss: 0.005 |val acc: 0.668 (0.621, 0.739) | val dp gap: 0.2448
begin calculating influence
[Strategy 5] Acc of expected label: 0.65796875
calculating influence -- done
Use 9310 samples. Get 16190 labels. Ratio: 0.5750463248919085
Files already downloaded and verified
3255 originally labeled samples, 6055 new samples, and 153460 unlabeled samples. Total: 162770
 74.53% | time: 744.1s (329.3m) | step:   5686 | train acc: 1.000 | train loss: 0.001 |test acc: 0.676 (0.641, 0.731) | test dp gap: 0.2643
 74.53% | time:   1.4s (329.3m) | step:   5686 | train acc: 1.000 | train loss: 0.001 |val acc: 0.686 (0.662, 0.722) | val dp gap: 0.2238
begin calculating influence
[Strategy 5] Acc of expected label: 0.672890625
calculating influence -- done
Use 9451 samples. Get 16452 labels. Ratio: 0.5744590323364941
Files already downloaded and verified
3255 originally labeled samples, 6196 new samples, and 153319 unlabeled samples. Total: 162770
 74.99% | time: 685.7s (340.7m) | step:   5721 | train acc: 1.000 | train loss: 0.001 |test acc: 0.675 (0.646, 0.723) | test dp gap: 0.2915
 74.99% | time:   1.5s (340.8m) | step:   5721 | train acc: 1.000 | train loss: 0.001 |val acc: 0.674 (0.654, 0.708) | val dp gap: 0.2361
begin calculating influence
[Strategy 5] Acc of expected label: 0.67140625
calculating influence -- done
Use 9679 samples. Get 16867 labels. Ratio: 0.5738424141815379
Files already downloaded and verified
3255 originally labeled samples, 6424 new samples, and 153091 unlabeled samples. Total: 162770
Epoch 9
 77.62% | time: 746.0s (353.2m) | step:   5922 | train acc: 1.000 | train loss: 0.001 |test acc: 0.676 (0.633, 0.746) | test dp gap: 0.2643
 77.62% | time:   1.4s (353.2m) | step:   5922 | train acc: 1.000 | train loss: 0.001 |val acc: 0.684 (0.646, 0.743) | val dp gap: 0.2307
begin calculating influence
[Strategy 5] Acc of expected label: 0.669921875
calculating influence -- done
Use 9935 samples. Get 17314 labels. Ratio: 0.5738130992260598
Files already downloaded and verified
3255 originally labeled samples, 6680 new samples, and 152835 unlabeled samples. Total: 162770
 80.25% | time: 744.9s (365.6m) | step:   6122 | train acc: 1.000 | train loss: 0.001 |test acc: 0.690 (0.665, 0.729) | test dp gap: 0.2887
 80.25% | time:   1.3s (365.7m) | step:   6122 | train acc: 1.000 | train loss: 0.001 |val acc: 0.684 (0.668, 0.708) | val dp gap: 0.2340
begin calculating influence
[Strategy 5] Acc of expected label: 0.68828125
calculating influence -- done
Use 10191 samples. Get 17874 labels. Ratio: 0.5701577710641155
Files already downloaded and verified
3255 originally labeled samples, 6936 new samples, and 152579 unlabeled samples. Total: 162770
 82.87% | time: 746.4s (378.1m) | step:   6322 | train acc: 1.000 | train loss: 0.001 |test acc: 0.684 (0.673, 0.703) | test dp gap: 0.2957
 82.87% | time:   1.4s (378.1m) | step:   6322 | train acc: 1.000 | train loss: 0.001 |val acc: 0.687 (0.671, 0.712) | val dp gap: 0.2493
begin calculating influence
[Strategy 5] Acc of expected label: 0.68453125
calculating influence -- done
Use 10447 samples. Get 18576 labels. Ratio: 0.5623923341946597
Files already downloaded and verified
3255 originally labeled samples, 7192 new samples, and 152323 unlabeled samples. Total: 162770
 83.33% | time: 687.9s (389.6m) | step:   6357 | train acc: 1.000 | train loss: 0.003 |test acc: 0.674 (0.636, 0.735) | test dp gap: 0.2412
 83.33% | time:   1.5s (389.6m) | step:   6357 | train acc: 1.000 | train loss: 0.003 |val acc: 0.687 (0.667, 0.719) | val dp gap: 0.2090
begin calculating influence
[Strategy 5] Acc of expected label: 0.6698828125
calculating influence -- done
Use 10703 samples. Get 19067 labels. Ratio: 0.5613363402737714
Files already downloaded and verified
3255 originally labeled samples, 7448 new samples, and 152067 unlabeled samples. Total: 162770
Epoch 10
 85.96% | time: 745.7s (402.0m) | step:   6558 | train acc: 1.000 | train loss: 0.000 |test acc: 0.690 (0.664, 0.731) | test dp gap: 0.2995
 85.96% | time:   1.5s (402.1m) | step:   6558 | train acc: 1.000 | train loss: 0.000 |val acc: 0.679 (0.657, 0.714) | val dp gap: 0.2524
begin calculating influence
[Strategy 5] Acc of expected label: 0.688828125
calculating influence -- done
Use 10959 samples. Get 19594 labels. Ratio: 0.559303868531183
Files already downloaded and verified
3255 originally labeled samples, 7704 new samples, and 151811 unlabeled samples. Total: 162770
 88.58% | time: 746.3s (414.5m) | step:   6758 | train acc: 1.000 | train loss: 0.001 |test acc: 0.675 (0.650, 0.714) | test dp gap: 0.2714
 88.58% | time:   1.5s (414.5m) | step:   6758 | train acc: 1.000 | train loss: 0.001 |val acc: 0.695 (0.673, 0.730) | val dp gap: 0.2641
begin calculating influence
[Strategy 5] Acc of expected label: 0.673203125
calculating influence -- done
Use 11215 samples. Get 20158 labels. Ratio: 0.5563547971028872
Files already downloaded and verified
3255 originally labeled samples, 7960 new samples, and 151555 unlabeled samples. Total: 162770
 91.20% | time: 741.6s (426.9m) | step:   6958 | train acc: 1.000 | train loss: 0.000 |test acc: 0.673 (0.635, 0.732) | test dp gap: 0.2552
 91.20% | time:   1.4s (426.9m) | step:   6958 | train acc: 1.000 | train loss: 0.000 |val acc: 0.680 (0.656, 0.717) | val dp gap: 0.2085
begin calculating influence
[Strategy 5] Acc of expected label: 0.673125
calculating influence -- done
Use 11471 samples. Get 20674 labels. Ratio: 0.554851504304924
Files already downloaded and verified
3255 originally labeled samples, 8216 new samples, and 151299 unlabeled samples. Total: 162770
 91.66% | time: 686.1s (438.4m) | step:   6993 | train acc: 1.000 | train loss: 0.001 |test acc: 0.673 (0.635, 0.733) | test dp gap: 0.2648
 91.66% | time:   1.4s (438.4m) | step:   6993 | train acc: 1.000 | train loss: 0.001 |val acc: 0.678 (0.653, 0.718) | val dp gap: 0.2347
begin calculating influence
[Strategy 5] Acc of expected label: 0.669921875
calculating influence -- done
Use 11727 samples. Get 21174 labels. Ratio: 0.5538396146217058
Files already downloaded and verified
3255 originally labeled samples, 8472 new samples, and 151043 unlabeled samples. Total: 162770
Epoch 11
 94.30% | time: 747.2s (450.8m) | step:   7194 | train acc: 1.000 | train loss: 0.005 |test acc: 0.684 (0.688, 0.678) | test dp gap: 0.3009
 94.30% | time:   1.5s (450.9m) | step:   7194 | train acc: 1.000 | train loss: 0.005 |val acc: 0.701 (0.714, 0.680) | val dp gap: 0.2815
begin calculating influence
[Strategy 5] Acc of expected label: 0.69328125
calculating influence -- done
Use 11983 samples. Get 21731 labels. Ratio: 0.551424232663016
Files already downloaded and verified
3255 originally labeled samples, 8728 new samples, and 150787 unlabeled samples. Total: 162770
 96.92% | time: 745.8s (463.3m) | step:   7394 | train acc: 1.000 | train loss: 0.001 |test acc: 0.679 (0.650, 0.726) | test dp gap: 0.2545
 96.92% | time:   1.5s (463.3m) | step:   7394 | train acc: 1.000 | train loss: 0.001 |val acc: 0.679 (0.656, 0.715) | val dp gap: 0.1905
begin calculating influence
[Strategy 5] Acc of expected label: 0.6740234375
calculating influence -- done
Use 12202 samples. Get 22192 labels. Ratio: 0.5498377793799567
Files already downloaded and verified
3255 originally labeled samples, 8947 new samples, and 150568 unlabeled samples. Total: 162770
 99.54% | time: 745.8s (475.7m) | step:   7594 | train acc: 1.000 | train loss: 0.001 |test acc: 0.663 (0.612, 0.746) | test dp gap: 0.2217
 99.54% | time:   1.4s (475.8m) | step:   7594 | train acc: 1.000 | train loss: 0.001 |val acc: 0.662 (0.613, 0.737) | val dp gap: 0.1818
begin calculating influence
[Strategy 5] Acc of expected label: 0.6530859375
calculating influence -- done
Use 12322 samples. Get 22467 labels. Ratio: 0.5484488360706814
Files already downloaded and verified
3255 originally labeled samples, 9067 new samples, and 150448 unlabeled samples. Total: 162770
100.00% | time: 635.6s (486.4m) | step:   7629 | train acc: 1.000 | train loss: 0.002 |test acc: 0.668 (0.642, 0.709) | test dp gap: 0.2468
100.00% | time:   1.2s (486.4m) | step:   7629 | train acc: 1.000 | train loss: 0.002 |val acc: 0.672 (0.650, 0.707) | val dp gap: 0.1979
begin calculating influence
[Strategy 5] Acc of expected label: 0.6611328125
calculating influence -- done
Use 12578 samples. Get 22948 labels. Ratio: 0.5481087676485968
Files already downloaded and verified
3255 originally labeled samples, 9323 new samples, and 150192 unlabeled samples. Total: 162770
