Files already downloaded and verified
3255 originally labeled samples, 0 new samples, and 5500 unlabeled samples. Total: 8755
Files already downloaded and verified
3255 originally labeled samples, 0 new samples, and 159515 unlabeled samples. Total: 162770
Files already downloaded and verified
1996 originally labeled samples, 0 new samples, and 17966 unlabeled samples. Total: 19962
Numer of layers 200
train net...
train with 162770 samples (with replacement) in one epoch
Epoch 0
  2.62% | time:  88.5s (  1.5m) | step:    200 | train acc: 0.930 | train loss: 0.166 |warm_t acc: 0.681 (0.694, 0.661) | warm_t eod gap: 0.2902
  2.62% | time:   5.5s (  1.6m) | step:    200 | train acc: 0.930 | train loss: 0.166 |warm_v acc: 0.692 (0.704, 0.671) | warm_v eod gap: 0.2844
  5.24% | time:  71.3s (  2.8m) | step:    400 | train acc: 0.793 | train loss: 0.470 |warm_t acc: 0.666 (0.703, 0.605) | warm_t eod gap: 0.2208
  5.24% | time:   1.5s (  2.8m) | step:    400 | train acc: 0.793 | train loss: 0.470 |warm_v acc: 0.661 (0.690, 0.616) | warm_v eod gap: 0.2186
  7.86% | time:  73.7s (  4.0m) | step:    600 | train acc: 1.000 | train loss: 0.006 |warm_t acc: 0.695 (0.677, 0.724) | warm_t eod gap: 0.2688
  7.86% | time:   1.4s (  4.0m) | step:    600 | train acc: 1.000 | train loss: 0.006 |warm_v acc: 0.698 (0.691, 0.710) | warm_v eod gap: 0.2871
  8.32% | time:  22.9s (  4.4m) | step:    635 | train acc: 1.000 | train loss: 0.003 |warm_t acc: 0.695 (0.683, 0.715) | warm_t eod gap: 0.2703
  8.32% | time:   1.4s (  4.4m) | step:    635 | train acc: 1.000 | train loss: 0.003 |warm_v acc: 0.698 (0.683, 0.721) | warm_v eod gap: 0.2560
Epoch 1
 10.95% | time:  74.0s (  5.7m) | step:    835 | train acc: 1.000 | train loss: 0.000 |warm_t acc: 0.694 (0.682, 0.711) | warm_t eod gap: 0.2791
 10.95% | time:   1.4s (  5.7m) | step:    835 | train acc: 1.000 | train loss: 0.000 |warm_v acc: 0.695 (0.692, 0.699) | warm_v eod gap: 0.2599
 13.57% | time:  74.3s (  6.9m) | step:   1035 | train acc: 1.000 | train loss: 0.000 |warm_t acc: 0.694 (0.682, 0.713) | warm_t eod gap: 0.2795
 13.57% | time:   1.4s (  7.0m) | step:   1035 | train acc: 1.000 | train loss: 0.000 |warm_v acc: 0.689 (0.681, 0.701) | warm_v eod gap: 0.2947
 16.19% | time:  76.1s (  8.2m) | step:   1235 | train acc: 1.000 | train loss: 0.000 |warm_t acc: 0.694 (0.683, 0.712) | warm_t eod gap: 0.2799
 16.19% | time:   1.5s (  8.2m) | step:   1235 | train acc: 1.000 | train loss: 0.000 |warm_v acc: 0.684 (0.674, 0.699) | warm_v eod gap: 0.2680
 16.65% | time:  23.6s (  8.6m) | step:   1270 | train acc: 1.000 | train loss: 0.000 |warm_t acc: 0.694 (0.683, 0.712) | warm_t eod gap: 0.2801
 16.65% | time:   1.1s (  8.7m) | step:   1270 | train acc: 1.000 | train loss: 0.000 |warm_v acc: 0.694 (0.692, 0.697) | warm_v eod gap: 0.2698
Epoch 2
 19.28% | time:  72.2s (  9.9m) | step:   1471 | train acc: 1.000 | train loss: 0.000 |test acc: 0.694 (0.682, 0.713) | test eod gap: 0.2801
 19.28% | time:   1.5s (  9.9m) | step:   1471 | train acc: 1.000 | train loss: 0.000 |val acc: 0.702 (0.701, 0.704) | val eod gap: 0.2864
begin calculating influence
selected layers: [Traced<ShapedArray(float32[768])>with<DynamicJaxprTrace(level=0/1)>, Traced<ShapedArray(float32[8,8,3,768])>with<DynamicJaxprTrace(level=0/1)>, Traced<ShapedArray(float32[2])>with<DynamicJaxprTrace(level=0/1)>, Traced<ShapedArray(float32[768,2])>with<DynamicJaxprTrace(level=0/1)>]
[Strategy 5] Acc of expected label: 0.6181818181818182
calculating influence -- done
Use 3388 samples. Get 3518 labels. Ratio: 0.9630471859010802
Files already downloaded and verified
3255 originally labeled samples, 137 new samples, and 5363 unlabeled samples. Total: 8755
begin calculating influence
[Strategy 5] Acc of expected label: 0.7059375
calculating influence -- done
[ADD ORG DATA] Use 3388 samples. Get 3814 labels. Ratio: 0.8883062401678028
Files already downloaded and verified
3255 originally labeled samples, 256 new samples, and 159259 unlabeled samples. Total: 162770
 21.90% | time: 853.0s ( 24.1m) | step:   1671 | train acc: 0.961 | train loss: 0.123 |test acc: 0.685 (0.666, 0.715) | test eod gap: 0.2187
 21.90% | time:   1.2s ( 24.1m) | step:   1671 | train acc: 0.961 | train loss: 0.123 |val acc: 0.689 (0.676, 0.710) | val eod gap: 0.1920
begin calculating influence
[Strategy 5] Acc of expected label: 0.6363975386910311
calculating influence -- done
Use 3477 samples. Get 3680 labels. Ratio: 0.9448369565217392
Files already downloaded and verified
3255 originally labeled samples, 228 new samples, and 5272 unlabeled samples. Total: 8755
begin calculating influence
[Strategy 5] Acc of expected label: 0.6908203125
calculating influence -- done
[ADD ORG DATA] Use 3477 samples. Get 4267 labels. Ratio: 0.8148582142020154
Files already downloaded and verified
3255 originally labeled samples, 512 new samples, and 159003 unlabeled samples. Total: 162770
 24.52% | time: 847.8s ( 38.3m) | step:   1871 | train acc: 0.996 | train loss: 0.008 |test acc: 0.692 (0.666, 0.735) | test eod gap: 0.2291
 24.52% | time:   1.5s ( 38.3m) | step:   1871 | train acc: 0.996 | train loss: 0.008 |val acc: 0.697 (0.675, 0.731) | val eod gap: 0.2604
begin calculating influence
[Strategy 5] Acc of expected label: 0.6121016691957512
calculating influence -- done
Use 3524 samples. Get 3779 labels. Ratio: 0.9325218311722678
Files already downloaded and verified
3255 originally labeled samples, 277 new samples, and 5223 unlabeled samples. Total: 8755
begin calculating influence
[Strategy 5] Acc of expected label: 0.69421875
calculating influence -- done
[ADD ORG DATA] Use 3524 samples. Get 4752 labels. Ratio: 0.7415824915824916
Files already downloaded and verified
3255 originally labeled samples, 768 new samples, and 158747 unlabeled samples. Total: 162770
 24.98% | time: 772.0s ( 51.1m) | step:   1906 | train acc: 0.781 | train loss: 0.495 |test acc: 0.709 (0.684, 0.749) | test eod gap: 0.2508
 24.98% | time:   1.5s ( 51.2m) | step:   1906 | train acc: 0.781 | train loss: 0.495 |val acc: 0.710 (0.694, 0.734) | val eod gap: 0.2735
begin calculating influence
[Strategy 5] Acc of expected label: 0.6287574191077925
calculating influence -- done
Use 3644 samples. Get 4041 labels. Ratio: 0.9017569908438505
Files already downloaded and verified
3255 originally labeled samples, 401 new samples, and 5099 unlabeled samples. Total: 8755
begin calculating influence
[Strategy 5] Acc of expected label: 0.710859375
calculating influence -- done
[ADD ORG DATA] Use 3644 samples. Get 5281 labels. Ratio: 0.6900208293883734
Files already downloaded and verified
3255 originally labeled samples, 1024 new samples, and 158491 unlabeled samples. Total: 162770
Epoch 3
 27.62% | time: 864.9s ( 65.6m) | step:   2107 | train acc: 1.000 | train loss: 0.001 |test acc: 0.699 (0.675, 0.736) | test eod gap: 0.2301
 27.62% | time:   1.5s ( 65.6m) | step:   2107 | train acc: 1.000 | train loss: 0.001 |val acc: 0.696 (0.682, 0.717) | val eod gap: 0.2054
begin calculating influence
[Strategy 5] Acc of expected label: 0.6042361247303393
calculating influence -- done
Use 3758 samples. Get 4265 labels. Ratio: 0.8811254396248535
Files already downloaded and verified
3255 originally labeled samples, 517 new samples, and 4983 unlabeled samples. Total: 8755
begin calculating influence
[Strategy 5] Acc of expected label: 0.698125
calculating influence -- done
[ADD ORG DATA] Use 3758 samples. Get 5921 labels. Ratio: 0.6346900861340989
Files already downloaded and verified
3255 originally labeled samples, 1280 new samples, and 158235 unlabeled samples. Total: 162770
 30.24% | time: 840.7s ( 79.6m) | step:   2307 | train acc: 1.000 | train loss: 0.001 |test acc: 0.681 (0.650, 0.730) | test eod gap: 0.1889
 30.24% | time:   1.5s ( 79.7m) | step:   2307 | train acc: 1.000 | train loss: 0.001 |val acc: 0.689 (0.665, 0.727) | val eod gap: 0.1808
begin calculating influence
[Strategy 5] Acc of expected label: 0.600842865743528
calculating influence -- done
Use 3814 samples. Get 4395 labels. Ratio: 0.8678043230944255
Files already downloaded and verified
3255 originally labeled samples, 573 new samples, and 4927 unlabeled samples. Total: 8755
begin calculating influence
[Strategy 5] Acc of expected label: 0.68453125
calculating influence -- done
[ADD ORG DATA] Use 3814 samples. Get 6538 labels. Ratio: 0.5833588253288468
Files already downloaded and verified
3255 originally labeled samples, 1536 new samples, and 157979 unlabeled samples. Total: 162770
 32.86% | time: 859.3s ( 94.0m) | step:   2507 | train acc: 1.000 | train loss: 0.001 |test acc: 0.674 (0.638, 0.732) | test eod gap: 0.1851
 32.86% | time:   2.2s ( 94.0m) | step:   2507 | train acc: 1.000 | train loss: 0.001 |val acc: 0.675 (0.638, 0.735) | val eod gap: 0.1680
begin calculating influence
[Strategy 5] Acc of expected label: 0.5930586563831947
calculating influence -- done
Use 3942 samples. Get 4595 labels. Ratio: 0.8578890097932536
Files already downloaded and verified
3255 originally labeled samples, 702 new samples, and 4798 unlabeled samples. Total: 8755
begin calculating influence
[Strategy 5] Acc of expected label: 0.67765625
calculating influence -- done
[ADD ORG DATA] Use 3942 samples. Get 7079 labels. Ratio: 0.5568583133210906
Files already downloaded and verified
3255 originally labeled samples, 1792 new samples, and 157723 unlabeled samples. Total: 162770
 33.32% | time: 785.9s (107.1m) | step:   2542 | train acc: 0.988 | train loss: 0.042 |test acc: 0.671 (0.645, 0.712) | test eod gap: 0.1466
 33.32% | time:   2.3s (107.1m) | step:   2542 | train acc: 0.988 | train loss: 0.042 |val acc: 0.676 (0.655, 0.711) | val eod gap: 0.1193
begin calculating influence
[Strategy 5] Acc of expected label: 0.6106711129637349
calculating influence -- done
Use 3977 samples. Get 4644 labels. Ratio: 0.8563738156761412
Files already downloaded and verified
3255 originally labeled samples, 738 new samples, and 4762 unlabeled samples. Total: 8755
begin calculating influence
[Strategy 5] Acc of expected label: 0.6778515625
calculating influence -- done
[ADD ORG DATA] Use 3977 samples. Get 7653 labels. Ratio: 0.5196654906572586
Files already downloaded and verified
3255 originally labeled samples, 2048 new samples, and 157467 unlabeled samples. Total: 162770
Epoch 4
 35.95% | time: 858.4s (121.5m) | step:   2743 | train acc: 1.000 | train loss: 0.001 |test acc: 0.677 (0.658, 0.708) | test eod gap: 0.1551
 35.95% | time:   1.5s (121.5m) | step:   2743 | train acc: 1.000 | train loss: 0.001 |val acc: 0.682 (0.661, 0.715) | val eod gap: 0.1303
begin calculating influence
[Strategy 5] Acc of expected label: 0.6159176816463671
calculating influence -- done
Use 4229 samples. Get 5074 labels. Ratio: 0.8334647221127316
Files already downloaded and verified
3255 originally labeled samples, 994 new samples, and 4506 unlabeled samples. Total: 8755
begin calculating influence
[Strategy 5] Acc of expected label: 0.6759375
calculating influence -- done
[ADD ORG DATA] Use 4229 samples. Get 8338 labels. Ratio: 0.5071959702566563
Files already downloaded and verified
3255 originally labeled samples, 2304 new samples, and 157211 unlabeled samples. Total: 162770
 38.58% | time: 843.0s (135.5m) | step:   2943 | train acc: 1.000 | train loss: 0.001 |test acc: 0.695 (0.675, 0.727) | test eod gap: 0.1802
 38.58% | time:   1.5s (135.6m) | step:   2943 | train acc: 1.000 | train loss: 0.001 |val acc: 0.715 (0.698, 0.742) | val eod gap: 0.1909
begin calculating influence
[Strategy 5] Acc of expected label: 0.5985352862849534
calculating influence -- done
Use 4479 samples. Get 5495 labels. Ratio: 0.8151046405823476
Files already downloaded and verified
3255 originally labeled samples, 1250 new samples, and 4250 unlabeled samples. Total: 8755
begin calculating influence
[Strategy 5] Acc of expected label: 0.7005078125
calculating influence -- done
[ADD ORG DATA] Use 4479 samples. Get 8965 labels. Ratio: 0.4996095928611266
Files already downloaded and verified
3255 originally labeled samples, 2560 new samples, and 156955 unlabeled samples. Total: 162770
 41.20% | time: 829.3s (149.4m) | step:   3143 | train acc: 1.000 | train loss: 0.001 |test acc: 0.683 (0.655, 0.727) | test eod gap: 0.1738
 41.20% | time:   1.3s (149.4m) | step:   3143 | train acc: 1.000 | train loss: 0.001 |val acc: 0.693 (0.686, 0.704) | val eod gap: 0.1662
begin calculating influence
[Strategy 5] Acc of expected label: 0.5567058823529412
calculating influence -- done
Use 4547 samples. Get 5620 labels. Ratio: 0.8090747330960855
Files already downloaded and verified
3255 originally labeled samples, 1319 new samples, and 4181 unlabeled samples. Total: 8755
begin calculating influence
[Strategy 5] Acc of expected label: 0.6820703125
calculating influence -- done
[ADD ORG DATA] Use 4547 samples. Get 9459 labels. Ratio: 0.4807062057299926
Files already downloaded and verified
3255 originally labeled samples, 2816 new samples, and 156699 unlabeled samples. Total: 162770
 41.66% | time: 764.0s (162.1m) | step:   3178 | train acc: 1.000 | train loss: 0.005 |test acc: 0.693 (0.661, 0.745) | test eod gap: 0.1995
 41.66% | time:   1.5s (162.2m) | step:   3178 | train acc: 1.000 | train loss: 0.005 |val acc: 0.722 (0.700, 0.756) | val eod gap: 0.1730
begin calculating influence
[Strategy 5] Acc of expected label: 0.5580004783544606
calculating influence -- done
Use 4660 samples. Get 5752 labels. Ratio: 0.8101529902642559
Files already downloaded and verified
3255 originally labeled samples, 1433 new samples, and 4067 unlabeled samples. Total: 8755
begin calculating influence
[Strategy 5] Acc of expected label: 0.688203125
calculating influence -- done
[ADD ORG DATA] Use 4660 samples. Get 9923 labels. Ratio: 0.4696160435352212
Files already downloaded and verified
3255 originally labeled samples, 3072 new samples, and 156443 unlabeled samples. Total: 162770
Epoch 5
 44.29% | time: 837.2s (176.1m) | step:   3379 | train acc: 1.000 | train loss: 0.001 |test acc: 0.684 (0.657, 0.728) | test eod gap: 0.1858
 44.29% | time:   1.5s (176.1m) | step:   3379 | train acc: 1.000 | train loss: 0.001 |val acc: 0.695 (0.675, 0.728) | val eod gap: 0.1623
begin calculating influence
[Strategy 5] Acc of expected label: 0.5773297270715515
calculating influence -- done
Use 4909 samples. Get 6100 labels. Ratio: 0.8047540983606557
Files already downloaded and verified
3255 originally labeled samples, 1687 new samples, and 3813 unlabeled samples. Total: 8755
begin calculating influence
[Strategy 5] Acc of expected label: 0.6760546875
calculating influence -- done
[ADD ORG DATA] Use 4909 samples. Get 10534 labels. Ratio: 0.46601480918929183
Files already downloaded and verified
3255 originally labeled samples, 3328 new samples, and 156187 unlabeled samples. Total: 162770
 46.91% | time: 836.1s (190.1m) | step:   3579 | train acc: 1.000 | train loss: 0.002 |test acc: 0.682 (0.645, 0.743) | test eod gap: 0.1769
 46.91% | time:   1.9s (190.1m) | step:   3579 | train acc: 1.000 | train loss: 0.002 |val acc: 0.689 (0.662, 0.733) | val eod gap: 0.1874
begin calculating influence
[Strategy 5] Acc of expected label: 0.5447154471544715
calculating influence -- done
Use 4931 samples. Get 6131 labels. Ratio: 0.804273364867069
Files already downloaded and verified
3255 originally labeled samples, 1709 new samples, and 3791 unlabeled samples. Total: 8755
begin calculating influence
[Strategy 5] Acc of expected label: 0.678984375
calculating influence -- done
[ADD ORG DATA] Use 4931 samples. Get 11006 labels. Ratio: 0.44802834817372345
Files already downloaded and verified
3255 originally labeled samples, 3584 new samples, and 155931 unlabeled samples. Total: 162770
 49.53% | time: 828.6s (203.9m) | step:   3779 | train acc: 1.000 | train loss: 0.000 |test acc: 0.688 (0.657, 0.738) | test eod gap: 0.1764
 49.53% | time:   1.5s (203.9m) | step:   3779 | train acc: 1.000 | train loss: 0.000 |val acc: 0.696 (0.675, 0.728) | val eod gap: 0.1654
begin calculating influence
[Strategy 5] Acc of expected label: 0.5370614613558428
calculating influence -- done
Use 4955 samples. Get 6156 labels. Ratio: 0.8049057829759584
Files already downloaded and verified
3255 originally labeled samples, 1733 new samples, and 3767 unlabeled samples. Total: 8755
begin calculating influence
[Strategy 5] Acc of expected label: 0.6875390625
calculating influence -- done
[ADD ORG DATA] Use 4955 samples. Get 11419 labels. Ratio: 0.43392591295209737
Files already downloaded and verified
3255 originally labeled samples, 3840 new samples, and 155675 unlabeled samples. Total: 162770
 49.99% | time: 763.9s (216.7m) | step:   3814 | train acc: 1.000 | train loss: 0.006 |test acc: 0.694 (0.670, 0.731) | test eod gap: 0.1792
 49.99% | time:   1.6s (216.7m) | step:   3814 | train acc: 1.000 | train loss: 0.006 |val acc: 0.709 (0.687, 0.744) | val eod gap: 0.1521
begin calculating influence
[Strategy 5] Acc of expected label: 0.5566764003185559
calculating influence -- done
Use 5058 samples. Get 6324 labels. Ratio: 0.7998102466793169
Files already downloaded and verified
3255 originally labeled samples, 1837 new samples, and 3663 unlabeled samples. Total: 8755
begin calculating influence
[Strategy 5] Acc of expected label: 0.6940625
calculating influence -- done
[ADD ORG DATA] Use 5058 samples. Get 12018 labels. Ratio: 0.42086869695456813
Files already downloaded and verified
3255 originally labeled samples, 4096 new samples, and 155419 unlabeled samples. Total: 162770
Epoch 6
 52.62% | time: 821.2s (230.4m) | step:   4014 | train acc: 1.000 | train loss: 0.001 |test acc: 0.692 (0.659, 0.745) | test eod gap: 0.1824
 52.62% | time:   1.5s (230.4m) | step:   4014 | train acc: 1.000 | train loss: 0.001 |val acc: 0.714 (0.688, 0.754) | val eod gap: 0.1431
begin calculating influence
[Strategy 5] Acc of expected label: 0.5386295386295387
calculating influence -- done
Use 5156 samples. Get 6409 labels. Ratio: 0.8044936807614292
Files already downloaded and verified
3255 originally labeled samples, 1937 new samples, and 3563 unlabeled samples. Total: 8755
begin calculating influence
[Strategy 5] Acc of expected label: 0.6907421875
calculating influence -- done
[ADD ORG DATA] Use 5156 samples. Get 12464 labels. Ratio: 0.4136713735558408
Files already downloaded and verified
3255 originally labeled samples, 4349 new samples, and 155166 unlabeled samples. Total: 162770
 55.24% | time: 821.1s (244.1m) | step:   4214 | train acc: 1.000 | train loss: 0.000 |test acc: 0.693 (0.665, 0.739) | test eod gap: 0.1915
 55.24% | time:   1.4s (244.1m) | step:   4214 | train acc: 1.000 | train loss: 0.000 |val acc: 0.699 (0.687, 0.719) | val eod gap: 0.1310
begin calculating influence
[Strategy 5] Acc of expected label: 0.5383104125736738
calculating influence -- done
Use 5224 samples. Get 6447 labels. Ratio: 0.8102993640452923
Files already downloaded and verified
3255 originally labeled samples, 2007 new samples, and 3493 unlabeled samples. Total: 8755
begin calculating influence
[Strategy 5] Acc of expected label: 0.6894140625
calculating influence -- done
[ADD ORG DATA] Use 5224 samples. Get 12913 labels. Ratio: 0.40455355068535587
Files already downloaded and verified
3255 originally labeled samples, 4573 new samples, and 154942 unlabeled samples. Total: 162770
 57.86% | time: 816.2s (257.7m) | step:   4414 | train acc: 0.996 | train loss: 0.017 |test acc: 0.690 (0.660, 0.737) | test eod gap: 0.1768
 57.86% | time:   1.4s (257.7m) | step:   4414 | train acc: 0.996 | train loss: 0.017 |val acc: 0.715 (0.696, 0.747) | val eod gap: 0.1175
begin calculating influence
[Strategy 5] Acc of expected label: 0.5413684511880905
calculating influence -- done
Use 5264 samples. Get 6471 labels. Ratio: 0.813475506104157
Files already downloaded and verified
3255 originally labeled samples, 2047 new samples, and 3453 unlabeled samples. Total: 8755
begin calculating influence
[Strategy 5] Acc of expected label: 0.6867578125
calculating influence -- done
[ADD ORG DATA] Use 5264 samples. Get 13425 labels. Ratio: 0.39210428305400374
Files already downloaded and verified
3255 originally labeled samples, 4829 new samples, and 154686 unlabeled samples. Total: 162770
 58.32% | time: 753.2s (270.3m) | step:   4449 | train acc: 0.988 | train loss: 0.045 |test acc: 0.685 (0.667, 0.713) | test eod gap: 0.1650
 58.32% | time:   1.6s (270.3m) | step:   4449 | train acc: 0.988 | train loss: 0.045 |val acc: 0.696 (0.685, 0.713) | val eod gap: 0.0983
begin calculating influence
[Strategy 5] Acc of expected label: 0.5473501303214596
calculating influence -- done
Use 5362 samples. Get 6592 labels. Ratio: 0.8134101941747572
Files already downloaded and verified
3255 originally labeled samples, 2146 new samples, and 3354 unlabeled samples. Total: 8755
begin calculating influence
[Strategy 5] Acc of expected label: 0.68875
calculating influence -- done
[ADD ORG DATA] Use 5362 samples. Get 14092 labels. Ratio: 0.3804995742265115
Files already downloaded and verified
3255 originally labeled samples, 5085 new samples, and 154430 unlabeled samples. Total: 162770
Epoch 7
 60.95% | time: 816.8s (283.9m) | step:   4650 | train acc: 1.000 | train loss: 0.000 |test acc: 0.690 (0.668, 0.727) | test eod gap: 0.1894
 60.95% | time:   1.4s (284.0m) | step:   4650 | train acc: 1.000 | train loss: 0.000 |val acc: 0.706 (0.680, 0.746) | val eod gap: 0.1556
begin calculating influence
[Strategy 5] Acc of expected label: 0.5429338103756708
calculating influence -- done
Use 5380 samples. Get 6607 labels. Ratio: 0.8142878764946269
Files already downloaded and verified
3255 originally labeled samples, 2164 new samples, and 3336 unlabeled samples. Total: 8755
begin calculating influence
[Strategy 5] Acc of expected label: 0.6816796875
calculating influence -- done
[ADD ORG DATA] Use 5380 samples. Get 14618 labels. Ratio: 0.3680394034751676
Files already downloaded and verified
3255 originally labeled samples, 5341 new samples, and 154174 unlabeled samples. Total: 162770
 63.57% | time: 796.7s (297.2m) | step:   4850 | train acc: 1.000 | train loss: 0.000 |test acc: 0.688 (0.659, 0.733) | test eod gap: 0.1742
 63.57% | time:   1.4s (297.3m) | step:   4850 | train acc: 1.000 | train loss: 0.000 |val acc: 0.701 (0.674, 0.742) | val eod gap: 0.1283
begin calculating influence
[Strategy 5] Acc of expected label: 0.552757793764988
calculating influence -- done
Use 5389 samples. Get 6622 labels. Ratio: 0.8138024765931743
Files already downloaded and verified
3255 originally labeled samples, 2174 new samples, and 3326 unlabeled samples. Total: 8755
begin calculating influence
[Strategy 5] Acc of expected label: 0.6838671875
calculating influence -- done
[ADD ORG DATA] Use 5389 samples. Get 15039 labels. Ratio: 0.3583349956779041
Files already downloaded and verified
3255 originally labeled samples, 5597 new samples, and 153918 unlabeled samples. Total: 162770
 66.19% | time: 815.6s (310.8m) | step:   5050 | train acc: 1.000 | train loss: 0.001 |test acc: 0.690 (0.659, 0.739) | test eod gap: 0.1732
 66.19% | time:   1.5s (310.9m) | step:   5050 | train acc: 1.000 | train loss: 0.001 |val acc: 0.715 (0.686, 0.763) | val eod gap: 0.1488
begin calculating influence
[Strategy 5] Acc of expected label: 0.5300661455201443
calculating influence -- done
Use 5407 samples. Get 6635 labels. Ratio: 0.814920874152223
Files already downloaded and verified
3255 originally labeled samples, 2193 new samples, and 3307 unlabeled samples. Total: 8755
begin calculating influence
[Strategy 5] Acc of expected label: 0.6848828125
calculating influence -- done
[ADD ORG DATA] Use 5407 samples. Get 15225 labels. Ratio: 0.35513957307060756
Files already downloaded and verified
3255 originally labeled samples, 5713 new samples, and 153802 unlabeled samples. Total: 162770
 66.65% | time: 740.5s (323.2m) | step:   5085 | train acc: 0.996 | train loss: 0.025 |test acc: 0.688 (0.656, 0.738) | test eod gap: 0.1695
 66.65% | time:   1.5s (323.2m) | step:   5085 | train acc: 0.996 | train loss: 0.025 |val acc: 0.714 (0.691, 0.752) | val eod gap: 0.1159
begin calculating influence
[Strategy 5] Acc of expected label: 0.5279709706682794
calculating influence -- done
Use 5430 samples. Get 6658 labels. Ratio: 0.8155602282967859
Files already downloaded and verified
3255 originally labeled samples, 2216 new samples, and 3284 unlabeled samples. Total: 8755
begin calculating influence
[Strategy 5] Acc of expected label: 0.6855859375
calculating influence -- done
[ADD ORG DATA] Use 5430 samples. Get 15627 labels. Ratio: 0.347475523133039
Files already downloaded and verified
3255 originally labeled samples, 5969 new samples, and 153546 unlabeled samples. Total: 162770
Epoch 8
 69.29% | time: 800.3s (336.6m) | step:   5286 | train acc: 1.000 | train loss: 0.008 |test acc: 0.693 (0.660, 0.745) | test eod gap: 0.1721
 69.29% | time:   1.4s (336.6m) | step:   5286 | train acc: 1.000 | train loss: 0.008 |val acc: 0.708 (0.681, 0.752) | val eod gap: 0.1492
begin calculating influence
[Strategy 5] Acc of expected label: 0.5362362971985384
calculating influence -- done
Use 5452 samples. Get 6662 labels. Ratio: 0.8183728610027019
Files already downloaded and verified
3255 originally labeled samples, 2238 new samples, and 3262 unlabeled samples. Total: 8755
begin calculating influence
[Strategy 5] Acc of expected label: 0.688125
calculating influence -- done
[ADD ORG DATA] Use 5452 samples. Get 16148 labels. Ratio: 0.33762695070596976
Files already downloaded and verified
3255 originally labeled samples, 6225 new samples, and 153290 unlabeled samples. Total: 162770
 71.91% | time: 821.1s (350.3m) | step:   5486 | train acc: 1.000 | train loss: 0.001 |test acc: 0.690 (0.660, 0.738) | test eod gap: 0.1614
 71.91% | time:   1.5s (350.3m) | step:   5486 | train acc: 1.000 | train loss: 0.001 |val acc: 0.706 (0.687, 0.738) | val eod gap: 0.0913
begin calculating influence
[Strategy 5] Acc of expected label: 0.5475168608215818
calculating influence -- done
Use 5465 samples. Get 6672 labels. Ratio: 0.8190947242206235
Files already downloaded and verified
3255 originally labeled samples, 2251 new samples, and 3249 unlabeled samples. Total: 8755
begin calculating influence
[Strategy 5] Acc of expected label: 0.688359375
calculating influence -- done
[ADD ORG DATA] Use 5465 samples. Get 16648 labels. Ratio: 0.32826765977895245
Files already downloaded and verified
3255 originally labeled samples, 6481 new samples, and 153034 unlabeled samples. Total: 162770
 74.53% | time: 791.1s (363.5m) | step:   5686 | train acc: 1.000 | train loss: 0.008 |test acc: 0.697 (0.670, 0.740) | test eod gap: 0.2029
 74.53% | time:   1.4s (363.5m) | step:   5686 | train acc: 1.000 | train loss: 0.008 |val acc: 0.721 (0.703, 0.751) | val eod gap: 0.1802
begin calculating influence
[Strategy 5] Acc of expected label: 0.5475530932594644
calculating influence -- done
Use 5491 samples. Get 6691 labels. Ratio: 0.8206546106710506
Files already downloaded and verified
3255 originally labeled samples, 2277 new samples, and 3223 unlabeled samples. Total: 8755
begin calculating influence
[Strategy 5] Acc of expected label: 0.6982421875
calculating influence -- done
[ADD ORG DATA] Use 5491 samples. Get 17255 labels. Ratio: 0.31822660098522165
Files already downloaded and verified
3255 originally labeled samples, 6737 new samples, and 152778 unlabeled samples. Total: 162770
 74.99% | time: 757.5s (376.1m) | step:   5721 | train acc: 0.984 | train loss: 0.042 |test acc: 0.687 (0.654, 0.741) | test eod gap: 0.1968
 74.99% | time:   1.5s (376.2m) | step:   5721 | train acc: 0.984 | train loss: 0.042 |val acc: 0.723 (0.696, 0.766) | val eod gap: 0.1403
begin calculating influence
[Strategy 5] Acc of expected label: 0.5404902264970525
calculating influence -- done
Use 5506 samples. Get 6695 labels. Ratio: 0.8224047796863331
Files already downloaded and verified
3255 originally labeled samples, 2292 new samples, and 3208 unlabeled samples. Total: 8755
begin calculating influence
[Strategy 5] Acc of expected label: 0.69
calculating influence -- done
[ADD ORG DATA] Use 5506 samples. Get 17708 labels. Ratio: 0.3109329116783375
Files already downloaded and verified
3255 originally labeled samples, 6993 new samples, and 152522 unlabeled samples. Total: 162770
Epoch 9
 77.62% | time: 798.6s (389.5m) | step:   5922 | train acc: 0.996 | train loss: 0.011 |test acc: 0.695 (0.668, 0.738) | test eod gap: 0.1867
 77.62% | time:   1.4s (389.5m) | step:   5922 | train acc: 0.996 | train loss: 0.011 |val acc: 0.722 (0.706, 0.748) | val eod gap: 0.1388
begin calculating influence
[Strategy 5] Acc of expected label: 0.5427057356608479
calculating influence -- done
Use 5526 samples. Get 6700 labels. Ratio: 0.8247761194029851
Files already downloaded and verified
3255 originally labeled samples, 2312 new samples, and 3188 unlabeled samples. Total: 8755
begin calculating influence
[Strategy 5] Acc of expected label: 0.69421875
calculating influence -- done
[ADD ORG DATA] Use 5526 samples. Get 18123 labels. Ratio: 0.30491640456878
Files already downloaded and verified
3255 originally labeled samples, 7249 new samples, and 152266 unlabeled samples. Total: 162770
 80.25% | time: 796.9s (402.8m) | step:   6122 | train acc: 1.000 | train loss: 0.000 |test acc: 0.699 (0.667, 0.751) | test eod gap: 0.1858
 80.25% | time:   1.4s (402.8m) | step:   6122 | train acc: 1.000 | train loss: 0.000 |val acc: 0.727 (0.684, 0.792) | val eod gap: 0.1476
begin calculating influence
[Strategy 5] Acc of expected label: 0.5404642409033877
calculating influence -- done
Use 5535 samples. Get 6704 labels. Ratio: 0.825626491646778
Files already downloaded and verified
3255 originally labeled samples, 2321 new samples, and 3179 unlabeled samples. Total: 8755
begin calculating influence
[Strategy 5] Acc of expected label: 0.6946875
calculating influence -- done
[ADD ORG DATA] Use 5535 samples. Get 18342 labels. Ratio: 0.3017664376840039
Files already downloaded and verified
3255 originally labeled samples, 7379 new samples, and 152136 unlabeled samples. Total: 162770
 82.87% | time: 800.6s (416.1m) | step:   6322 | train acc: 0.996 | train loss: 0.004 |test acc: 0.700 (0.672, 0.744) | test eod gap: 0.1834
 82.87% | time:   1.4s (416.2m) | step:   6322 | train acc: 0.996 | train loss: 0.004 |val acc: 0.704 (0.678, 0.743) | val eod gap: 0.1234
begin calculating influence
[Strategy 5] Acc of expected label: 0.5448254167977351
calculating influence -- done
Use 5598 samples. Get 6722 labels. Ratio: 0.8327878607557274
Files already downloaded and verified
3255 originally labeled samples, 2385 new samples, and 3115 unlabeled samples. Total: 8755
begin calculating influence
[Strategy 5] Acc of expected label: 0.6978515625
calculating influence -- done
[ADD ORG DATA] Use 5598 samples. Get 18849 labels. Ratio: 0.2969918828585071
Files already downloaded and verified
3255 originally labeled samples, 7635 new samples, and 151880 unlabeled samples. Total: 162770
 83.33% | time: 728.9s (428.3m) | step:   6357 | train acc: 0.984 | train loss: 0.044 |test acc: 0.696 (0.671, 0.736) | test eod gap: 0.1712
 83.33% | time:   1.4s (428.3m) | step:   6357 | train acc: 0.984 | train loss: 0.044 |val acc: 0.700 (0.679, 0.733) | val eod gap: 0.1158
begin calculating influence
[Strategy 5] Acc of expected label: 0.5463884430176565
calculating influence -- done
Use 5622 samples. Get 6749 labels. Ratio: 0.8330122981182397
Files already downloaded and verified
3255 originally labeled samples, 2411 new samples, and 3089 unlabeled samples. Total: 8755
begin calculating influence
[Strategy 5] Acc of expected label: 0.6959765625
calculating influence -- done
[ADD ORG DATA] Use 5622 samples. Get 19257 labels. Ratio: 0.291945785947967
Files already downloaded and verified
3255 originally labeled samples, 7883 new samples, and 151632 unlabeled samples. Total: 162770
Epoch 10
 85.96% | time: 795.8s (441.6m) | step:   6558 | train acc: 1.000 | train loss: 0.004 |test acc: 0.700 (0.674, 0.743) | test eod gap: 0.1867
 85.96% | time:   1.4s (441.6m) | step:   6558 | train acc: 1.000 | train loss: 0.004 |val acc: 0.717 (0.700, 0.745) | val eod gap: 0.1532
begin calculating influence
calculating influence -- done
length of new labels 58
Use 5622+58 = 5680 samples.
Files already downloaded and verified
3255 originally labeled samples, 2469 new samples, and 3031 unlabeled samples. Total: 8755
begin calculating influence
[Strategy 5] Acc of expected label: 0.6987890625
calculating influence -- done
[ADD ORG DATA] Use 5680 samples. Get 19483 labels. Ratio: 0.29153621105579225
Files already downloaded and verified
3255 originally labeled samples, 8014 new samples, and 151501 unlabeled samples. Total: 162770
 88.58% | time: 804.9s (455.0m) | step:   6758 | train acc: 1.000 | train loss: 0.001 |test acc: 0.695 (0.661, 0.748) | test eod gap: 0.1763
 88.58% | time:   1.4s (455.1m) | step:   6758 | train acc: 1.000 | train loss: 0.001 |val acc: 0.721 (0.689, 0.771) | val eod gap: 0.0867
begin calculating influence
calculating influence -- done
length of new labels 105
Use 5621+105 = 5726 samples.
Files already downloaded and verified
3255 originally labeled samples, 2516 new samples, and 2984 unlabeled samples. Total: 8755
begin calculating influence
[Strategy 5] Acc of expected label: 0.6980078125
calculating influence -- done
[ADD ORG DATA] Use 5726 samples. Get 19983 labels. Ratio: 0.2865435620277236
Files already downloaded and verified
3255 originally labeled samples, 8270 new samples, and 151245 unlabeled samples. Total: 162770
 91.20% | time: 803.9s (468.5m) | step:   6958 | train acc: 1.000 | train loss: 0.002 |test acc: 0.696 (0.670, 0.737) | test eod gap: 0.1777
 91.20% | time:   1.6s (468.5m) | step:   6958 | train acc: 1.000 | train loss: 0.002 |val acc: 0.726 (0.709, 0.751) | val eod gap: 0.0774
begin calculating influence
calculating influence -- done
length of new labels 189
Use 5617+189 = 5806 samples.
Files already downloaded and verified
3255 originally labeled samples, 2600 new samples, and 2900 unlabeled samples. Total: 8755
begin calculating influence
[Strategy 5] Acc of expected label: 0.697421875
calculating influence -- done
[ADD ORG DATA] Use 5806 samples. Get 20405 labels. Ratio: 0.2845381034060279
Files already downloaded and verified
3255 originally labeled samples, 8526 new samples, and 150989 unlabeled samples. Total: 162770
 91.66% | time: 743.0s (480.9m) | step:   6993 | train acc: 0.988 | train loss: 0.050 |test acc: 0.692 (0.663, 0.738) | test eod gap: 0.1887
 91.66% | time:   1.4s (480.9m) | step:   6993 | train acc: 0.988 | train loss: 0.050 |val acc: 0.721 (0.701, 0.752) | val eod gap: 0.1228
begin calculating influence
calculating influence -- done
length of new labels 221
Use 5615+221 = 5836 samples.
Files already downloaded and verified
3255 originally labeled samples, 2632 new samples, and 2868 unlabeled samples. Total: 8755
begin calculating influence
[Strategy 5] Acc of expected label: 0.690703125
calculating influence -- done
[ADD ORG DATA] Use 5836 samples. Get 20539 labels. Ratio: 0.2841423633088271
Files already downloaded and verified
3255 originally labeled samples, 8603 new samples, and 150912 unlabeled samples. Total: 162770
Epoch 11
 94.30% | time: 798.8s (494.2m) | step:   7194 | train acc: 1.000 | train loss: 0.003 |test acc: 0.706 (0.685, 0.739) | test eod gap: 0.1873
 94.30% | time:   1.5s (494.2m) | step:   7194 | train acc: 1.000 | train loss: 0.003 |val acc: 0.732 (0.723, 0.747) | val eod gap: 0.1385
begin calculating influence
calculating influence -- done
length of new labels 472
Use 5607+472 = 6079 samples.
Files already downloaded and verified
3255 originally labeled samples, 2883 new samples, and 2617 unlabeled samples. Total: 8755
begin calculating influence
[Strategy 5] Acc of expected label: 0.7015625
calculating influence -- done
[ADD ORG DATA] Use 6079 samples. Get 21024 labels. Ratio: 0.2891457382039574
Files already downloaded and verified
3255 originally labeled samples, 8859 new samples, and 150656 unlabeled samples. Total: 162770
 96.92% | time: 788.8s (507.4m) | step:   7394 | train acc: 0.988 | train loss: 0.020 |test acc: 0.698 (0.666, 0.747) | test eod gap: 0.1843
 96.92% | time:   1.9s (507.4m) | step:   7394 | train acc: 0.988 | train loss: 0.020 |val acc: 0.708 (0.686, 0.743) | val eod gap: 0.1348
begin calculating influence
calculating influence -- done
length of new labels 517
Use 5607+517 = 6124 samples.
Files already downloaded and verified
3255 originally labeled samples, 2928 new samples, and 2572 unlabeled samples. Total: 8755
begin calculating influence
[Strategy 5] Acc of expected label: 0.6966015625
calculating influence -- done
[ADD ORG DATA] Use 6124 samples. Get 21456 labels. Ratio: 0.2854213273676361
Files already downloaded and verified
3255 originally labeled samples, 9115 new samples, and 150400 unlabeled samples. Total: 162770
 99.54% | time: 791.5s (520.6m) | step:   7594 | train acc: 1.000 | train loss: 0.006 |test acc: 0.701 (0.670, 0.751) | test eod gap: 0.1801
 99.54% | time:   1.5s (520.6m) | step:   7594 | train acc: 1.000 | train loss: 0.006 |val acc: 0.725 (0.704, 0.758) | val eod gap: 0.1156
begin calculating influence
calculating influence -- done
length of new labels 536
Use 5607+536 = 6143 samples.
Files already downloaded and verified
3255 originally labeled samples, 2947 new samples, and 2553 unlabeled samples. Total: 8755
begin calculating influence
[Strategy 5] Acc of expected label: 0.6975
calculating influence -- done
[ADD ORG DATA] Use 6143 samples. Get 21924 labels. Ratio: 0.28019521985039225
Files already downloaded and verified
3255 originally labeled samples, 9371 new samples, and 150144 unlabeled samples. Total: 162770
100.00% | time: 735.1s (532.9m) | step:   7629 | train acc: 1.000 | train loss: 0.002 |test acc: 0.702 (0.677, 0.740) | test eod gap: 0.1683
100.00% | time:   1.5s (532.9m) | step:   7629 | train acc: 1.000 | train loss: 0.002 |val acc: 0.719 (0.700, 0.748) | val eod gap: 0.0842
begin calculating influence
calculating influence -- done
length of new labels 611
Use 5607+611 = 6218 samples.
Files already downloaded and verified
3255 originally labeled samples, 3022 new samples, and 2478 unlabeled samples. Total: 8755
begin calculating influence
[Strategy 5] Acc of expected label: 0.6961328125
calculating influence -- done
[ADD ORG DATA] Use 6218 samples. Get 22429 labels. Ratio: 0.27723037139417717
Files already downloaded and verified
3255 originally labeled samples, 9627 new samples, and 149888 unlabeled samples. Total: 162770
