Files already downloaded and verified
3255 originally labeled samples, 0 new samples, and 159515 unlabeled samples. Total: 162770
Files already downloaded and verified
1996 originally labeled samples, 0 new samples, and 17966 unlabeled samples. Total: 19962
Numer of layers 200
train net...
train with 162770 samples (with replacement) in one epoch
Epoch 0
  2.62% | time: 102.1s (  1.7m) | step:    200 | train acc: 0.930 | train loss: 0.166 |warm_t acc: 0.681 (0.694, 0.661) | warm_t eod gap: 0.2902
  2.62% | time:   4.6s (  1.8m) | step:    200 | train acc: 0.930 | train loss: 0.166 |warm_v acc: 0.692 (0.704, 0.671) | warm_v eod gap: 0.2844
  5.24% | time:  83.9s (  3.2m) | step:    400 | train acc: 0.793 | train loss: 0.470 |warm_t acc: 0.666 (0.703, 0.605) | warm_t eod gap: 0.2208
  5.24% | time:   1.5s (  3.2m) | step:    400 | train acc: 0.793 | train loss: 0.470 |warm_v acc: 0.661 (0.690, 0.616) | warm_v eod gap: 0.2186
  7.86% | time:  84.5s (  4.6m) | step:    600 | train acc: 1.000 | train loss: 0.006 |warm_t acc: 0.695 (0.677, 0.724) | warm_t eod gap: 0.2688
  7.86% | time:   1.4s (  4.6m) | step:    600 | train acc: 1.000 | train loss: 0.006 |warm_v acc: 0.698 (0.691, 0.710) | warm_v eod gap: 0.2871
  8.32% | time:  23.1s (  5.0m) | step:    635 | train acc: 1.000 | train loss: 0.003 |warm_t acc: 0.695 (0.683, 0.715) | warm_t eod gap: 0.2703
  8.32% | time:   1.4s (  5.0m) | step:    635 | train acc: 1.000 | train loss: 0.003 |warm_v acc: 0.698 (0.683, 0.721) | warm_v eod gap: 0.2560
Epoch 1
 10.95% | time:  83.8s (  6.4m) | step:    835 | train acc: 1.000 | train loss: 0.000 |warm_t acc: 0.694 (0.682, 0.711) | warm_t eod gap: 0.2791
 10.95% | time:   1.5s (  6.5m) | step:    835 | train acc: 1.000 | train loss: 0.000 |warm_v acc: 0.695 (0.692, 0.699) | warm_v eod gap: 0.2599
 13.57% | time:  83.2s (  7.8m) | step:   1035 | train acc: 1.000 | train loss: 0.000 |warm_t acc: 0.694 (0.682, 0.713) | warm_t eod gap: 0.2795
 13.57% | time:   1.5s (  7.9m) | step:   1035 | train acc: 1.000 | train loss: 0.000 |warm_v acc: 0.689 (0.681, 0.701) | warm_v eod gap: 0.2947
 16.19% | time:  82.8s (  9.3m) | step:   1235 | train acc: 1.000 | train loss: 0.000 |warm_t acc: 0.694 (0.683, 0.712) | warm_t eod gap: 0.2799
 16.19% | time:   1.4s (  9.3m) | step:   1235 | train acc: 1.000 | train loss: 0.000 |warm_v acc: 0.684 (0.674, 0.699) | warm_v eod gap: 0.2680
 16.65% | time:  21.6s (  9.6m) | step:   1270 | train acc: 1.000 | train loss: 0.000 |warm_t acc: 0.694 (0.683, 0.712) | warm_t eod gap: 0.2801
 16.65% | time:   1.5s (  9.7m) | step:   1270 | train acc: 1.000 | train loss: 0.000 |warm_v acc: 0.694 (0.692, 0.697) | warm_v eod gap: 0.2698
Epoch 2
 19.28% | time:  81.5s ( 11.0m) | step:   1471 | train acc: 1.000 | train loss: 0.000 |test acc: 0.694 (0.682, 0.713) | test eod gap: 0.2801
 19.28% | time:   1.3s ( 11.0m) | step:   1471 | train acc: 1.000 | train loss: 0.000 |val acc: 0.702 (0.701, 0.704) | val eod gap: 0.2864
begin calculating influence
selected layers: [Traced<ShapedArray(float32[768])>with<DynamicJaxprTrace(level=0/1)>, Traced<ShapedArray(float32[8,8,3,768])>with<DynamicJaxprTrace(level=0/1)>, Traced<ShapedArray(float32[2])>with<DynamicJaxprTrace(level=0/1)>, Traced<ShapedArray(float32[768,2])>with<DynamicJaxprTrace(level=0/1)>]
[Strategy 5] Acc of expected label: 0.703359375
calculating influence -- done
Use 3511 samples. Get 3880 labels. Ratio: 0.9048969072164949
Files already downloaded and verified
3255 originally labeled samples, 256 new samples, and 159259 unlabeled samples. Total: 162770
 21.90% | time: 786.9s ( 24.2m) | step:   1671 | train acc: 1.000 | train loss: 0.013 |test acc: 0.685 (0.660, 0.725) | test eod gap: 0.2616
 21.90% | time:   1.4s ( 24.2m) | step:   1671 | train acc: 1.000 | train loss: 0.013 |val acc: 0.714 (0.692, 0.746) | val eod gap: 0.2664
begin calculating influence
[Strategy 5] Acc of expected label: 0.69484375
calculating influence -- done
Use 3767 samples. Get 4330 labels. Ratio: 0.8699769053117783
Files already downloaded and verified
3255 originally labeled samples, 512 new samples, and 159003 unlabeled samples. Total: 162770
 24.52% | time: 767.9s ( 37.0m) | step:   1871 | train acc: 1.000 | train loss: 0.023 |test acc: 0.670 (0.630, 0.733) | test eod gap: 0.1529
 24.52% | time:   1.7s ( 37.0m) | step:   1871 | train acc: 1.000 | train loss: 0.023 |val acc: 0.686 (0.645, 0.748) | val eod gap: 0.1100
begin calculating influence
[Strategy 5] Acc of expected label: 0.6684375
calculating influence -- done
Use 4023 samples. Get 4811 labels. Ratio: 0.8362086884223654
Files already downloaded and verified
3255 originally labeled samples, 768 new samples, and 158747 unlabeled samples. Total: 162770
 24.98% | time: 706.3s ( 48.8m) | step:   1906 | train acc: 1.000 | train loss: 0.004 |test acc: 0.665 (0.635, 0.712) | test eod gap: 0.1666
 24.98% | time:   1.5s ( 48.8m) | step:   1906 | train acc: 1.000 | train loss: 0.004 |val acc: 0.677 (0.650, 0.721) | val eod gap: 0.1423
begin calculating influence
[Strategy 5] Acc of expected label: 0.6762890625
calculating influence -- done
Use 4279 samples. Get 5358 labels. Ratio: 0.7986188876446435
Files already downloaded and verified
3255 originally labeled samples, 1024 new samples, and 158491 unlabeled samples. Total: 162770
Epoch 3
 27.62% | time: 758.7s ( 61.5m) | step:   2107 | train acc: 1.000 | train loss: 0.003 |test acc: 0.687 (0.672, 0.711) | test eod gap: 0.2190
 27.62% | time:   1.3s ( 61.5m) | step:   2107 | train acc: 1.000 | train loss: 0.003 |val acc: 0.694 (0.695, 0.692) | val eod gap: 0.1871
begin calculating influence
[Strategy 5] Acc of expected label: 0.693828125
calculating influence -- done
Use 4535 samples. Get 5873 labels. Ratio: 0.7721777626426017
Files already downloaded and verified
3255 originally labeled samples, 1280 new samples, and 158235 unlabeled samples. Total: 162770
 30.24% | time: 758.8s ( 74.1m) | step:   2307 | train acc: 1.000 | train loss: 0.001 |test acc: 0.676 (0.637, 0.737) | test eod gap: 0.1706
 30.24% | time:   1.3s ( 74.1m) | step:   2307 | train acc: 1.000 | train loss: 0.001 |val acc: 0.695 (0.668, 0.736) | val eod gap: 0.1309
begin calculating influence
[Strategy 5] Acc of expected label: 0.6814453125
calculating influence -- done
Use 4791 samples. Get 6355 labels. Ratio: 0.7538945712037766
Files already downloaded and verified
3255 originally labeled samples, 1536 new samples, and 157979 unlabeled samples. Total: 162770
 32.86% | time: 755.0s ( 86.7m) | step:   2507 | train acc: 1.000 | train loss: 0.003 |test acc: 0.682 (0.656, 0.723) | test eod gap: 0.1636
 32.86% | time:   1.3s ( 86.7m) | step:   2507 | train acc: 1.000 | train loss: 0.003 |val acc: 0.714 (0.697, 0.738) | val eod gap: 0.1404
begin calculating influence
[Strategy 5] Acc of expected label: 0.69046875
calculating influence -- done
Use 5047 samples. Get 6998 labels. Ratio: 0.7212060588739639
Files already downloaded and verified
3255 originally labeled samples, 1792 new samples, and 157723 unlabeled samples. Total: 162770
 33.32% | time: 695.7s ( 98.3m) | step:   2542 | train acc: 0.996 | train loss: 0.011 |test acc: 0.674 (0.636, 0.736) | test eod gap: 0.1555
 33.32% | time:   1.5s ( 98.4m) | step:   2542 | train acc: 0.996 | train loss: 0.011 |val acc: 0.687 (0.659, 0.734) | val eod gap: 0.1475
begin calculating influence
[Strategy 5] Acc of expected label: 0.6765234375
calculating influence -- done
Use 5303 samples. Get 7472 labels. Ratio: 0.7097162740899358
Files already downloaded and verified
3255 originally labeled samples, 2048 new samples, and 157467 unlabeled samples. Total: 162770
Epoch 4
 35.95% | time: 759.4s (111.0m) | step:   2743 | train acc: 1.000 | train loss: 0.001 |test acc: 0.676 (0.643, 0.730) | test eod gap: 0.1467
 35.95% | time:   1.4s (111.0m) | step:   2743 | train acc: 1.000 | train loss: 0.001 |val acc: 0.691 (0.664, 0.734) | val eod gap: 0.0871
begin calculating influence
[Strategy 5] Acc of expected label: 0.6860546875
calculating influence -- done
Use 5497 samples. Get 7810 labels. Ratio: 0.7038412291933419
Files already downloaded and verified
3255 originally labeled samples, 2242 new samples, and 157273 unlabeled samples. Total: 162770
 38.58% | time: 757.2s (123.7m) | step:   2943 | train acc: 1.000 | train loss: 0.001 |test acc: 0.679 (0.655, 0.717) | test eod gap: 0.1622
 38.58% | time:   1.4s (123.7m) | step:   2943 | train acc: 1.000 | train loss: 0.001 |val acc: 0.693 (0.673, 0.724) | val eod gap: 0.1287
begin calculating influence
[Strategy 5] Acc of expected label: 0.68359375
calculating influence -- done
Use 5753 samples. Get 8382 labels. Ratio: 0.6863517060367454
Files already downloaded and verified
3255 originally labeled samples, 2498 new samples, and 157017 unlabeled samples. Total: 162770
 41.20% | time: 757.4s (136.3m) | step:   3143 | train acc: 0.992 | train loss: 0.046 |test acc: 0.688 (0.654, 0.742) | test eod gap: 0.1735
 41.20% | time:   1.5s (136.3m) | step:   3143 | train acc: 0.992 | train loss: 0.046 |val acc: 0.704 (0.676, 0.748) | val eod gap: 0.1001
begin calculating influence
[Strategy 5] Acc of expected label: 0.69
calculating influence -- done
Use 6009 samples. Get 8877 labels. Ratio: 0.6769178776613721
Files already downloaded and verified
3255 originally labeled samples, 2754 new samples, and 156761 unlabeled samples. Total: 162770
 41.66% | time: 705.2s (148.1m) | step:   3178 | train acc: 1.000 | train loss: 0.004 |test acc: 0.681 (0.655, 0.722) | test eod gap: 0.1663
 41.66% | time:   1.4s (148.1m) | step:   3178 | train acc: 1.000 | train loss: 0.004 |val acc: 0.706 (0.680, 0.749) | val eod gap: 0.1548
begin calculating influence
[Strategy 5] Acc of expected label: 0.6866796875
calculating influence -- done
Use 6265 samples. Get 9416 labels. Ratio: 0.66535683942226
Files already downloaded and verified
3255 originally labeled samples, 3010 new samples, and 156505 unlabeled samples. Total: 162770
Epoch 5
 44.29% | time: 758.9s (160.8m) | step:   3379 | train acc: 0.996 | train loss: 0.009 |test acc: 0.688 (0.665, 0.726) | test eod gap: 0.1746
 44.29% | time:   1.4s (160.8m) | step:   3379 | train acc: 0.996 | train loss: 0.009 |val acc: 0.681 (0.668, 0.702) | val eod gap: 0.1476
begin calculating influence
[Strategy 5] Acc of expected label: 0.696015625
calculating influence -- done
Use 6521 samples. Get 9994 labels. Ratio: 0.6524914948969381
Files already downloaded and verified
3255 originally labeled samples, 3266 new samples, and 156249 unlabeled samples. Total: 162770
 46.91% | time: 761.5s (173.5m) | step:   3579 | train acc: 0.992 | train loss: 0.011 |test acc: 0.678 (0.651, 0.721) | test eod gap: 0.1763
 46.91% | time:   1.4s (173.5m) | step:   3579 | train acc: 0.992 | train loss: 0.011 |val acc: 0.686 (0.659, 0.727) | val eod gap: 0.1766
begin calculating influence
[Strategy 5] Acc of expected label: 0.687890625
calculating influence -- done
Use 6777 samples. Get 10602 labels. Ratio: 0.6392190152801358
Files already downloaded and verified
3255 originally labeled samples, 3522 new samples, and 155993 unlabeled samples. Total: 162770
 49.53% | time: 761.5s (186.2m) | step:   3779 | train acc: 1.000 | train loss: 0.001 |test acc: 0.682 (0.640, 0.748) | test eod gap: 0.1524
 49.53% | time:   1.2s (186.2m) | step:   3779 | train acc: 1.000 | train loss: 0.001 |val acc: 0.699 (0.671, 0.743) | val eod gap: 0.1127
begin calculating influence
[Strategy 5] Acc of expected label: 0.68234375
calculating influence -- done
Use 6868 samples. Get 10760 labels. Ratio: 0.6382899628252788
Files already downloaded and verified
3255 originally labeled samples, 3613 new samples, and 155902 unlabeled samples. Total: 162770
 49.99% | time: 702.9s (197.9m) | step:   3814 | train acc: 1.000 | train loss: 0.000 |test acc: 0.675 (0.628, 0.749) | test eod gap: 0.1333
 49.99% | time:   1.3s (197.9m) | step:   3814 | train acc: 1.000 | train loss: 0.000 |val acc: 0.695 (0.661, 0.746) | val eod gap: 0.1019
begin calculating influence
[Strategy 5] Acc of expected label: 0.6823046875
calculating influence -- done
Use 6997 samples. Get 10984 labels. Ratio: 0.6370174799708667
Files already downloaded and verified
3255 originally labeled samples, 3742 new samples, and 155773 unlabeled samples. Total: 162770
Epoch 6
 52.62% | time: 767.6s (210.7m) | step:   4014 | train acc: 1.000 | train loss: 0.000 |test acc: 0.683 (0.649, 0.737) | test eod gap: 0.1734
 52.62% | time:   1.4s (210.8m) | step:   4014 | train acc: 1.000 | train loss: 0.000 |val acc: 0.676 (0.649, 0.722) | val eod gap: 0.1568
begin calculating influence
[Strategy 5] Acc of expected label: 0.685546875
calculating influence -- done
Use 7076 samples. Get 11150 labels. Ratio: 0.6346188340807175
Files already downloaded and verified
3255 originally labeled samples, 3821 new samples, and 155694 unlabeled samples. Total: 162770
 55.24% | time: 766.9s (223.5m) | step:   4214 | train acc: 1.000 | train loss: 0.000 |test acc: 0.690 (0.655, 0.746) | test eod gap: 0.1665
 55.24% | time:   1.4s (223.6m) | step:   4214 | train acc: 1.000 | train loss: 0.000 |val acc: 0.697 (0.667, 0.745) | val eod gap: 0.1341
begin calculating influence
[Strategy 5] Acc of expected label: 0.690234375
calculating influence -- done
Use 7136 samples. Get 11250 labels. Ratio: 0.6343111111111112
Files already downloaded and verified
3255 originally labeled samples, 3881 new samples, and 155634 unlabeled samples. Total: 162770
 57.86% | time: 767.1s (236.4m) | step:   4414 | train acc: 0.992 | train loss: 0.029 |test acc: 0.690 (0.655, 0.746) | test eod gap: 0.1823
 57.86% | time:   1.4s (236.4m) | step:   4414 | train acc: 0.992 | train loss: 0.029 |val acc: 0.699 (0.674, 0.738) | val eod gap: 0.1380
begin calculating influence
[Strategy 5] Acc of expected label: 0.687578125
calculating influence -- done
Use 7334 samples. Get 11679 labels. Ratio: 0.6279647230071068
Files already downloaded and verified
3255 originally labeled samples, 4079 new samples, and 155436 unlabeled samples. Total: 162770
 58.32% | time: 708.5s (248.2m) | step:   4449 | train acc: 0.992 | train loss: 0.040 |test acc: 0.666 (0.618, 0.741) | test eod gap: 0.1497
 58.32% | time:   1.4s (248.2m) | step:   4449 | train acc: 0.992 | train loss: 0.040 |val acc: 0.688 (0.654, 0.742) | val eod gap: 0.1367
begin calculating influence
[Strategy 5] Acc of expected label: 0.6655078125
calculating influence -- done
Use 7590 samples. Get 12107 labels. Ratio: 0.6269100520360122
Files already downloaded and verified
3255 originally labeled samples, 4335 new samples, and 155180 unlabeled samples. Total: 162770
Epoch 7
 60.95% | time: 770.7s (261.1m) | step:   4650 | train acc: 1.000 | train loss: 0.003 |test acc: 0.688 (0.657, 0.736) | test eod gap: 0.1649
 60.95% | time:   1.5s (261.1m) | step:   4650 | train acc: 1.000 | train loss: 0.003 |val acc: 0.708 (0.677, 0.755) | val eod gap: 0.1417
begin calculating influence
[Strategy 5] Acc of expected label: 0.6877734375
calculating influence -- done
Use 7658 samples. Get 12247 labels. Ratio: 0.6252959908549033
Files already downloaded and verified
3255 originally labeled samples, 4403 new samples, and 155112 unlabeled samples. Total: 162770
 63.57% | time: 765.2s (273.8m) | step:   4850 | train acc: 0.988 | train loss: 0.013 |test acc: 0.688 (0.652, 0.744) | test eod gap: 0.1711
 63.57% | time:   1.5s (273.9m) | step:   4850 | train acc: 0.988 | train loss: 0.013 |val acc: 0.693 (0.654, 0.756) | val eod gap: 0.1453
begin calculating influence
[Strategy 5] Acc of expected label: 0.6890625
calculating influence -- done
Use 7853 samples. Get 12541 labels. Ratio: 0.6261861095606411
Files already downloaded and verified
3255 originally labeled samples, 4598 new samples, and 154917 unlabeled samples. Total: 162770
 66.19% | time: 763.8s (286.6m) | step:   5050 | train acc: 0.996 | train loss: 0.016 |test acc: 0.685 (0.662, 0.723) | test eod gap: 0.1648
 66.19% | time:   1.4s (286.6m) | step:   5050 | train acc: 0.996 | train loss: 0.016 |val acc: 0.710 (0.698, 0.729) | val eod gap: 0.1509
begin calculating influence
[Strategy 5] Acc of expected label: 0.6844140625
calculating influence -- done
Use 8109 samples. Get 13076 labels. Ratio: 0.6201437748546956
Files already downloaded and verified
3255 originally labeled samples, 4854 new samples, and 154661 unlabeled samples. Total: 162770
 66.65% | time: 712.5s (298.5m) | step:   5085 | train acc: 0.996 | train loss: 0.009 |test acc: 0.681 (0.649, 0.733) | test eod gap: 0.1446
 66.65% | time:   1.4s (298.5m) | step:   5085 | train acc: 0.996 | train loss: 0.009 |val acc: 0.693 (0.663, 0.740) | val eod gap: 0.1404
begin calculating influence
[Strategy 5] Acc of expected label: 0.6850390625
calculating influence -- done
Use 8365 samples. Get 13589 labels. Ratio: 0.615571418058724
Files already downloaded and verified
3255 originally labeled samples, 5110 new samples, and 154405 unlabeled samples. Total: 162770
Epoch 8
 69.29% | time: 765.7s (311.3m) | step:   5286 | train acc: 1.000 | train loss: 0.003 |test acc: 0.679 (0.639, 0.743) | test eod gap: 0.1703
 69.29% | time:   1.4s (311.3m) | step:   5286 | train acc: 1.000 | train loss: 0.003 |val acc: 0.704 (0.669, 0.756) | val eod gap: 0.1510
begin calculating influence
[Strategy 5] Acc of expected label: 0.6836328125
calculating influence -- done
Use 8530 samples. Get 13839 labels. Ratio: 0.6163740154635451
Files already downloaded and verified
3255 originally labeled samples, 5275 new samples, and 154240 unlabeled samples. Total: 162770
 71.91% | time: 771.9s (324.2m) | step:   5486 | train acc: 1.000 | train loss: 0.000 |test acc: 0.691 (0.655, 0.748) | test eod gap: 0.1772
 71.91% | time:   1.5s (324.2m) | step:   5486 | train acc: 1.000 | train loss: 0.000 |val acc: 0.693 (0.658, 0.747) | val eod gap: 0.1297
begin calculating influence
[Strategy 5] Acc of expected label: 0.6915625
calculating influence -- done
Use 8653 samples. Get 14048 labels. Ratio: 0.6159595671981777
Files already downloaded and verified
3255 originally labeled samples, 5398 new samples, and 154117 unlabeled samples. Total: 162770
 74.53% | time: 771.2s (337.0m) | step:   5686 | train acc: 1.000 | train loss: 0.000 |test acc: 0.686 (0.646, 0.750) | test eod gap: 0.1666
 74.53% | time:   1.5s (337.1m) | step:   5686 | train acc: 1.000 | train loss: 0.000 |val acc: 0.702 (0.670, 0.754) | val eod gap: 0.1237
begin calculating influence
[Strategy 5] Acc of expected label: 0.6860546875
calculating influence -- done
Use 8909 samples. Get 14451 labels. Ratio: 0.6164971282264203
Files already downloaded and verified
3255 originally labeled samples, 5654 new samples, and 153861 unlabeled samples. Total: 162770
 74.99% | time: 708.2s (348.9m) | step:   5721 | train acc: 0.996 | train loss: 0.006 |test acc: 0.689 (0.657, 0.741) | test eod gap: 0.1721
 74.99% | time:   1.4s (348.9m) | step:   5721 | train acc: 0.996 | train loss: 0.006 |val acc: 0.700 (0.672, 0.745) | val eod gap: 0.1548
begin calculating influence
[Strategy 5] Acc of expected label: 0.6898828125
calculating influence -- done
Use 9165 samples. Get 14850 labels. Ratio: 0.6171717171717171
Files already downloaded and verified
3255 originally labeled samples, 5910 new samples, and 153605 unlabeled samples. Total: 162770
Epoch 9
 77.62% | time: 769.6s (361.7m) | step:   5922 | train acc: 1.000 | train loss: 0.003 |test acc: 0.691 (0.658, 0.743) | test eod gap: 0.1515
 77.62% | time:   1.4s (361.7m) | step:   5922 | train acc: 1.000 | train loss: 0.003 |val acc: 0.695 (0.662, 0.745) | val eod gap: 0.1498
begin calculating influence
[Strategy 5] Acc of expected label: 0.68953125
calculating influence -- done
Use 9421 samples. Get 15312 labels. Ratio: 0.6152690700104493
Files already downloaded and verified
3255 originally labeled samples, 6166 new samples, and 153349 unlabeled samples. Total: 162770
 80.25% | time: 772.1s (374.6m) | step:   6122 | train acc: 1.000 | train loss: 0.002 |test acc: 0.694 (0.659, 0.748) | test eod gap: 0.1759
 80.25% | time:   1.4s (374.6m) | step:   6122 | train acc: 1.000 | train loss: 0.002 |val acc: 0.690 (0.654, 0.747) | val eod gap: 0.1488
begin calculating influence
[Strategy 5] Acc of expected label: 0.6855078125
calculating influence -- done
Use 9475 samples. Get 15450 labels. Ratio: 0.6132686084142395
Files already downloaded and verified
3255 originally labeled samples, 6220 new samples, and 153295 unlabeled samples. Total: 162770
 82.87% | time: 774.5s (387.5m) | step:   6322 | train acc: 1.000 | train loss: 0.002 |test acc: 0.692 (0.658, 0.748) | test eod gap: 0.1863
 82.87% | time:   1.6s (387.6m) | step:   6322 | train acc: 1.000 | train loss: 0.002 |val acc: 0.706 (0.677, 0.748) | val eod gap: 0.1685
begin calculating influence
[Strategy 5] Acc of expected label: 0.68796875
calculating influence -- done
Use 9598 samples. Get 15643 labels. Ratio: 0.6135651729207953
Files already downloaded and verified
3255 originally labeled samples, 6343 new samples, and 153172 unlabeled samples. Total: 162770
 83.33% | time: 710.7s (399.4m) | step:   6357 | train acc: 1.000 | train loss: 0.001 |test acc: 0.685 (0.644, 0.749) | test eod gap: 0.1811
 83.33% | time:   1.7s (399.4m) | step:   6357 | train acc: 1.000 | train loss: 0.001 |val acc: 0.693 (0.647, 0.764) | val eod gap: 0.1131
begin calculating influence
[Strategy 5] Acc of expected label: 0.6855078125
calculating influence -- done
Use 9854 samples. Get 16031 labels. Ratio: 0.6146840496537957
Files already downloaded and verified
3255 originally labeled samples, 6599 new samples, and 152916 unlabeled samples. Total: 162770
Epoch 10
 85.96% | time: 769.4s (412.3m) | step:   6558 | train acc: 0.996 | train loss: 0.013 |test acc: 0.696 (0.660, 0.754) | test eod gap: 0.1863
 85.96% | time:   1.5s (412.3m) | step:   6558 | train acc: 0.996 | train loss: 0.013 |val acc: 0.704 (0.674, 0.751) | val eod gap: 0.1688
begin calculating influence
calculating influence -- done
length of new labels 256
Use 9854+256 = 10110 samples.
Files already downloaded and verified
3255 originally labeled samples, 6855 new samples, and 152660 unlabeled samples. Total: 162770
 88.58% | time: 766.1s (425.1m) | step:   6758 | train acc: 0.992 | train loss: 0.031 |test acc: 0.689 (0.658, 0.738) | test eod gap: 0.1904
 88.58% | time:   1.6s (425.1m) | step:   6758 | train acc: 0.992 | train loss: 0.031 |val acc: 0.691 (0.673, 0.722) | val eod gap: 0.1316
begin calculating influence
calculating influence -- done
length of new labels 512
Use 9854+512 = 10366 samples.
Files already downloaded and verified
3255 originally labeled samples, 7111 new samples, and 152404 unlabeled samples. Total: 162770
 91.20% | time: 768.4s (437.9m) | step:   6958 | train acc: 1.000 | train loss: 0.000 |test acc: 0.701 (0.677, 0.740) | test eod gap: 0.1876
 91.20% | time:   1.5s (437.9m) | step:   6958 | train acc: 1.000 | train loss: 0.000 |val acc: 0.689 (0.665, 0.726) | val eod gap: 0.1550
begin calculating influence
calculating influence -- done
length of new labels 768
Use 9854+768 = 10622 samples.
Files already downloaded and verified
3255 originally labeled samples, 7367 new samples, and 152148 unlabeled samples. Total: 162770
 91.66% | time: 706.6s (449.7m) | step:   6993 | train acc: 0.988 | train loss: 0.039 |test acc: 0.693 (0.659, 0.746) | test eod gap: 0.1655
 91.66% | time:   1.6s (449.7m) | step:   6993 | train acc: 0.988 | train loss: 0.039 |val acc: 0.689 (0.649, 0.754) | val eod gap: 0.1059
begin calculating influence
calculating influence -- done
length of new labels 944
Use 9854+944 = 10798 samples.
Files already downloaded and verified
3255 originally labeled samples, 7543 new samples, and 151972 unlabeled samples. Total: 162770
Epoch 11
 94.30% | time: 765.4s (462.5m) | step:   7194 | train acc: 1.000 | train loss: 0.001 |test acc: 0.691 (0.660, 0.740) | test eod gap: 0.1760
 94.30% | time:   1.5s (462.5m) | step:   7194 | train acc: 1.000 | train loss: 0.001 |val acc: 0.698 (0.661, 0.756) | val eod gap: 0.1280
begin calculating influence
calculating influence -- done
length of new labels 1200
Use 9854+1200 = 11054 samples.
Files already downloaded and verified
3255 originally labeled samples, 7799 new samples, and 151716 unlabeled samples. Total: 162770
 96.92% | time: 766.4s (475.3m) | step:   7394 | train acc: 1.000 | train loss: 0.000 |test acc: 0.685 (0.658, 0.727) | test eod gap: 0.1642
 96.92% | time:   1.7s (475.3m) | step:   7394 | train acc: 1.000 | train loss: 0.000 |val acc: 0.712 (0.684, 0.755) | val eod gap: 0.1178
begin calculating influence
calculating influence -- done
length of new labels 1456
Use 9854+1456 = 11310 samples.
Files already downloaded and verified
3255 originally labeled samples, 8055 new samples, and 151460 unlabeled samples. Total: 162770
 99.54% | time: 766.3s (488.1m) | step:   7594 | train acc: 0.984 | train loss: 0.021 |test acc: 0.673 (0.636, 0.732) | test eod gap: 0.1480
 99.54% | time:   1.4s (488.1m) | step:   7594 | train acc: 0.984 | train loss: 0.021 |val acc: 0.707 (0.666, 0.771) | val eod gap: 0.0790
begin calculating influence
calculating influence -- done
length of new labels 1712
Use 9854+1712 = 11566 samples.
Files already downloaded and verified
3255 originally labeled samples, 8311 new samples, and 151204 unlabeled samples. Total: 162770
100.00% | time: 706.7s (499.9m) | step:   7629 | train acc: 0.980 | train loss: 0.047 |test acc: 0.677 (0.655, 0.712) | test eod gap: 0.1417
100.00% | time:   1.4s (499.9m) | step:   7629 | train acc: 0.980 | train loss: 0.047 |val acc: 0.697 (0.674, 0.735) | val eod gap: 0.1232
begin calculating influence
calculating influence -- done
length of new labels 1968
Use 9854+1968 = 11822 samples.
Files already downloaded and verified
3255 originally labeled samples, 8567 new samples, and 150948 unlabeled samples. Total: 162770
