Files already downloaded and verified
3255 originally labeled samples, 0 new samples, and 159515 unlabeled samples. Total: 162770
Files already downloaded and verified
1996 originally labeled samples, 0 new samples, and 17966 unlabeled samples. Total: 19962
Numer of layers 200
train net...
train with 162770 samples (with replacement) in one epoch
Epoch 0
  2.62% | time:  95.7s (  1.6m) | step:    200 | train acc: 0.930 | train loss: 0.166 |warm_t acc: 0.681 (0.694, 0.661) | warm_t dp gap: 0.4018
  2.62% | time:   4.9s (  1.7m) | step:    200 | train acc: 0.930 | train loss: 0.166 |warm_v acc: 0.692 (0.704, 0.671) | warm_v dp gap: 0.3936
  5.24% | time:  78.9s (  3.0m) | step:    400 | train acc: 0.793 | train loss: 0.470 |warm_t acc: 0.666 (0.703, 0.605) | warm_t dp gap: 0.3363
  5.24% | time:   1.4s (  3.0m) | step:    400 | train acc: 0.793 | train loss: 0.470 |warm_v acc: 0.661 (0.690, 0.616) | warm_v dp gap: 0.3225
  7.86% | time:  79.5s (  4.3m) | step:    600 | train acc: 1.000 | train loss: 0.006 |warm_t acc: 0.695 (0.677, 0.724) | warm_t dp gap: 0.3869
  7.86% | time:   1.2s (  4.4m) | step:    600 | train acc: 1.000 | train loss: 0.006 |warm_v acc: 0.698 (0.691, 0.710) | warm_v dp gap: 0.3941
  8.32% | time:  19.3s (  4.7m) | step:    635 | train acc: 1.000 | train loss: 0.003 |warm_t acc: 0.695 (0.683, 0.715) | warm_t dp gap: 0.3887
  8.32% | time:   1.1s (  4.7m) | step:    635 | train acc: 1.000 | train loss: 0.003 |warm_v acc: 0.698 (0.683, 0.721) | warm_v dp gap: 0.3737
Epoch 1
 10.95% | time:  77.2s (  6.0m) | step:    835 | train acc: 1.000 | train loss: 0.000 |warm_t acc: 0.694 (0.682, 0.711) | warm_t dp gap: 0.3948
 10.95% | time:   1.3s (  6.0m) | step:    835 | train acc: 1.000 | train loss: 0.000 |warm_v acc: 0.695 (0.692, 0.699) | warm_v dp gap: 0.3714
 13.57% | time:  74.8s (  7.3m) | step:   1035 | train acc: 1.000 | train loss: 0.000 |warm_t acc: 0.694 (0.682, 0.713) | warm_t dp gap: 0.3954
 13.57% | time:   1.5s (  7.3m) | step:   1035 | train acc: 1.000 | train loss: 0.000 |warm_v acc: 0.689 (0.681, 0.701) | warm_v dp gap: 0.3953
 16.19% | time:  74.4s (  8.5m) | step:   1235 | train acc: 1.000 | train loss: 0.000 |warm_t acc: 0.694 (0.683, 0.712) | warm_t dp gap: 0.3953
 16.19% | time:   1.5s (  8.5m) | step:   1235 | train acc: 1.000 | train loss: 0.000 |warm_v acc: 0.684 (0.674, 0.699) | warm_v dp gap: 0.3714
 16.65% | time:  23.3s (  8.9m) | step:   1270 | train acc: 1.000 | train loss: 0.000 |warm_t acc: 0.694 (0.683, 0.712) | warm_t dp gap: 0.3956
 16.65% | time:   1.4s (  9.0m) | step:   1270 | train acc: 1.000 | train loss: 0.000 |warm_v acc: 0.694 (0.692, 0.697) | warm_v dp gap: 0.3768
Epoch 2
 19.28% | time:  74.7s ( 10.2m) | step:   1471 | train acc: 1.000 | train loss: 0.000 |test acc: 0.694 (0.682, 0.713) | test dp gap: 0.3955
 19.28% | time:   1.5s ( 10.2m) | step:   1471 | train acc: 1.000 | train loss: 0.000 |val acc: 0.702 (0.701, 0.704) | val dp gap: 0.3947
begin calculating influence
selected layers: [Traced<ShapedArray(float32[768])>with<DynamicJaxprTrace(level=0/1)>, Traced<ShapedArray(float32[8,8,3,768])>with<DynamicJaxprTrace(level=0/1)>, Traced<ShapedArray(float32[2])>with<DynamicJaxprTrace(level=0/1)>, Traced<ShapedArray(float32[768,2])>with<DynamicJaxprTrace(level=0/1)>]
[Strategy 5] Acc of expected label: 0.703359375
calculating influence -- done
Use 3511 samples. Get 3865 labels. Ratio: 0.9084087968952135
Files already downloaded and verified
3255 originally labeled samples, 256 new samples, and 159259 unlabeled samples. Total: 162770
 21.90% | time: 736.7s ( 22.5m) | step:   1671 | train acc: 0.895 | train loss: 0.419 |test acc: 0.546 (0.470, 0.667) | test dp gap: 0.0143
 21.90% | time:   1.3s ( 22.5m) | step:   1671 | train acc: 0.895 | train loss: 0.419 |val acc: 0.537 (0.462, 0.663) | val dp gap: 0.0176
begin calculating influence
[Strategy 5] Acc of expected label: 0.546328125
calculating influence -- done
Use 3767 samples. Get 4241 labels. Ratio: 0.8882339070973827
Files already downloaded and verified
3255 originally labeled samples, 512 new samples, and 159003 unlabeled samples. Total: 162770
 24.52% | time: 731.0s ( 34.7m) | step:   1871 | train acc: 0.684 | train loss: 0.862 |test acc: 0.566 (0.538, 0.609) | test dp gap: 0.1251
 24.52% | time:   1.5s ( 34.7m) | step:   1871 | train acc: 0.684 | train loss: 0.862 |val acc: 0.559 (0.516, 0.625) | val dp gap: 0.1337
begin calculating influence
[Strategy 5] Acc of expected label: 0.5581640625
calculating influence -- done
Use 3775 samples. Get 4272 labels. Ratio: 0.8836610486891385
Files already downloaded and verified
3255 originally labeled samples, 520 new samples, and 158995 unlabeled samples. Total: 162770
 24.98% | time: 661.4s ( 45.8m) | step:   1906 | train acc: 0.715 | train loss: 0.571 |test acc: 0.663 (0.639, 0.701) | test dp gap: 0.2616
 24.98% | time:   1.4s ( 45.8m) | step:   1906 | train acc: 0.715 | train loss: 0.571 |val acc: 0.682 (0.653, 0.727) | val dp gap: 0.2711
begin calculating influence
[Strategy 5] Acc of expected label: 0.6607421875
calculating influence -- done
Use 4031 samples. Get 4979 labels. Ratio: 0.8096003213496686
Files already downloaded and verified
3255 originally labeled samples, 776 new samples, and 158739 unlabeled samples. Total: 162770
Epoch 3
 27.62% | time: 733.2s ( 58.0m) | step:   2107 | train acc: 0.770 | train loss: 0.528 |test acc: 0.658 (0.648, 0.675) | test dp gap: 0.2736
 27.62% | time:   1.4s ( 58.0m) | step:   2107 | train acc: 0.770 | train loss: 0.528 |val acc: 0.657 (0.652, 0.664) | val dp gap: 0.2294
begin calculating influence
[Strategy 5] Acc of expected label: 0.6565625
calculating influence -- done
Use 4287 samples. Get 5755 labels. Ratio: 0.7449174630755865
Files already downloaded and verified
3255 originally labeled samples, 1032 new samples, and 158483 unlabeled samples. Total: 162770
 30.24% | time: 724.8s ( 70.1m) | step:   2307 | train acc: 0.996 | train loss: 0.029 |test acc: 0.666 (0.645, 0.700) | test dp gap: 0.2791
 30.24% | time:   1.4s ( 70.1m) | step:   2307 | train acc: 0.996 | train loss: 0.029 |val acc: 0.657 (0.649, 0.669) | val dp gap: 0.2327
begin calculating influence
[Strategy 5] Acc of expected label: 0.6660546875
calculating influence -- done
Use 4543 samples. Get 6491 labels. Ratio: 0.699892158373132
Files already downloaded and verified
3255 originally labeled samples, 1288 new samples, and 158227 unlabeled samples. Total: 162770
 32.86% | time: 737.3s ( 82.4m) | step:   2507 | train acc: 1.000 | train loss: 0.006 |test acc: 0.654 (0.599, 0.741) | test dp gap: 0.2473
 32.86% | time:   1.4s ( 82.4m) | step:   2507 | train acc: 1.000 | train loss: 0.006 |val acc: 0.660 (0.605, 0.746) | val dp gap: 0.1853
begin calculating influence
[Strategy 5] Acc of expected label: 0.657578125
calculating influence -- done
Use 4799 samples. Get 6945 labels. Ratio: 0.6910007199424046
Files already downloaded and verified
3255 originally labeled samples, 1544 new samples, and 157971 unlabeled samples. Total: 162770
 33.32% | time: 664.4s ( 93.5m) | step:   2542 | train acc: 1.000 | train loss: 0.014 |test acc: 0.660 (0.620, 0.725) | test dp gap: 0.2732
 33.32% | time:   1.4s ( 93.5m) | step:   2542 | train acc: 1.000 | train loss: 0.014 |val acc: 0.661 (0.636, 0.701) | val dp gap: 0.2527
begin calculating influence
[Strategy 5] Acc of expected label: 0.667265625
calculating influence -- done
Use 4996 samples. Get 7345 labels. Ratio: 0.6801906058543227
Files already downloaded and verified
3255 originally labeled samples, 1741 new samples, and 157774 unlabeled samples. Total: 162770
Epoch 4
 35.95% | time: 733.7s (105.8m) | step:   2743 | train acc: 1.000 | train loss: 0.006 |test acc: 0.667 (0.632, 0.721) | test dp gap: 0.2722
 35.95% | time:   1.4s (105.8m) | step:   2743 | train acc: 1.000 | train loss: 0.006 |val acc: 0.669 (0.631, 0.728) | val dp gap: 0.2382
begin calculating influence
[Strategy 5] Acc of expected label: 0.6581640625
calculating influence -- done
Use 5178 samples. Get 7734 labels. Ratio: 0.669511249030256
Files already downloaded and verified
3255 originally labeled samples, 1923 new samples, and 157592 unlabeled samples. Total: 162770
 38.58% | time: 730.4s (118.0m) | step:   2943 | train acc: 1.000 | train loss: 0.000 |test acc: 0.666 (0.635, 0.715) | test dp gap: 0.2911
 38.58% | time:   1.4s (118.0m) | step:   2943 | train acc: 1.000 | train loss: 0.000 |val acc: 0.680 (0.643, 0.736) | val dp gap: 0.2508
begin calculating influence
[Strategy 5] Acc of expected label: 0.6698828125
calculating influence -- done
Use 5434 samples. Get 8167 labels. Ratio: 0.6653605975266316
Files already downloaded and verified
3255 originally labeled samples, 2179 new samples, and 157336 unlabeled samples. Total: 162770
 41.20% | time: 721.3s (130.0m) | step:   3143 | train acc: 1.000 | train loss: 0.002 |test acc: 0.669 (0.664, 0.676) | test dp gap: 0.2793
 41.20% | time:   1.4s (130.0m) | step:   3143 | train acc: 1.000 | train loss: 0.002 |val acc: 0.680 (0.686, 0.671) | val dp gap: 0.2277
begin calculating influence
[Strategy 5] Acc of expected label: 0.6694140625
calculating influence -- done
Use 5690 samples. Get 8761 labels. Ratio: 0.6494692386713845
Files already downloaded and verified
3255 originally labeled samples, 2435 new samples, and 157080 unlabeled samples. Total: 162770
 41.66% | time: 675.8s (141.3m) | step:   3178 | train acc: 1.000 | train loss: 0.001 |test acc: 0.654 (0.607, 0.728) | test dp gap: 0.2428
 41.66% | time:   1.4s (141.3m) | step:   3178 | train acc: 1.000 | train loss: 0.001 |val acc: 0.643 (0.599, 0.713) | val dp gap: 0.1821
begin calculating influence
[Strategy 5] Acc of expected label: 0.650078125
calculating influence -- done
Use 5912 samples. Get 9212 labels. Ratio: 0.6417716022579244
Files already downloaded and verified
3255 originally labeled samples, 2657 new samples, and 156858 unlabeled samples. Total: 162770
Epoch 5
 44.29% | time: 731.5s (153.5m) | step:   3379 | train acc: 1.000 | train loss: 0.001 |test acc: 0.666 (0.649, 0.692) | test dp gap: 0.2803
 44.29% | time:   1.4s (153.5m) | step:   3379 | train acc: 1.000 | train loss: 0.001 |val acc: 0.671 (0.645, 0.709) | val dp gap: 0.2400
begin calculating influence
[Strategy 5] Acc of expected label: 0.6680859375
calculating influence -- done
Use 6168 samples. Get 9810 labels. Ratio: 0.6287461773700306
Files already downloaded and verified
3255 originally labeled samples, 2913 new samples, and 156602 unlabeled samples. Total: 162770
 46.91% | time: 722.5s (165.6m) | step:   3579 | train acc: 1.000 | train loss: 0.000 |test acc: 0.667 (0.649, 0.697) | test dp gap: 0.2810
 46.91% | time:   1.4s (165.6m) | step:   3579 | train acc: 1.000 | train loss: 0.000 |val acc: 0.674 (0.658, 0.699) | val dp gap: 0.2321
begin calculating influence
[Strategy 5] Acc of expected label: 0.67
calculating influence -- done
Use 6424 samples. Get 10452 labels. Ratio: 0.614619211634137
Files already downloaded and verified
3255 originally labeled samples, 3169 new samples, and 156346 unlabeled samples. Total: 162770
 49.53% | time: 735.8s (177.9m) | step:   3779 | train acc: 1.000 | train loss: 0.001 |test acc: 0.669 (0.635, 0.723) | test dp gap: 0.2730
 49.53% | time:   1.4s (177.9m) | step:   3779 | train acc: 1.000 | train loss: 0.001 |val acc: 0.651 (0.625, 0.692) | val dp gap: 0.2156
begin calculating influence
[Strategy 5] Acc of expected label: 0.6662109375
calculating influence -- done
Use 6680 samples. Get 10995 labels. Ratio: 0.6075488858572078
Files already downloaded and verified
3255 originally labeled samples, 3425 new samples, and 156090 unlabeled samples. Total: 162770
 49.99% | time: 679.9s (189.2m) | step:   3814 | train acc: 0.996 | train loss: 0.008 |test acc: 0.666 (0.635, 0.715) | test dp gap: 0.2425
 49.99% | time:   1.4s (189.2m) | step:   3814 | train acc: 0.996 | train loss: 0.008 |val acc: 0.651 (0.620, 0.697) | val dp gap: 0.1829
begin calculating influence
[Strategy 5] Acc of expected label: 0.6608984375
calculating influence -- done
Use 6936 samples. Get 11566 labels. Ratio: 0.599688742867024
Files already downloaded and verified
3255 originally labeled samples, 3681 new samples, and 155834 unlabeled samples. Total: 162770
Epoch 6
 52.62% | time: 725.3s (201.3m) | step:   4014 | train acc: 1.000 | train loss: 0.000 |test acc: 0.665 (0.630, 0.719) | test dp gap: 0.2514
 52.62% | time:   1.4s (201.4m) | step:   4014 | train acc: 1.000 | train loss: 0.000 |val acc: 0.643 (0.613, 0.689) | val dp gap: 0.1714
begin calculating influence
[Strategy 5] Acc of expected label: 0.6599609375
calculating influence -- done
Use 7192 samples. Get 12071 labels. Ratio: 0.5958081352000663
Files already downloaded and verified
3255 originally labeled samples, 3937 new samples, and 155578 unlabeled samples. Total: 162770
 55.24% | time: 732.6s (213.6m) | step:   4214 | train acc: 1.000 | train loss: 0.004 |test acc: 0.657 (0.642, 0.680) | test dp gap: 0.2274
 55.24% | time:   1.4s (213.6m) | step:   4214 | train acc: 1.000 | train loss: 0.004 |val acc: 0.649 (0.637, 0.668) | val dp gap: 0.1869
begin calculating influence
[Strategy 5] Acc of expected label: 0.6568359375
calculating influence -- done
Use 7448 samples. Get 12679 labels. Ratio: 0.5874280306017825
Files already downloaded and verified
3255 originally labeled samples, 4193 new samples, and 155322 unlabeled samples. Total: 162770
 57.86% | time: 732.4s (225.8m) | step:   4414 | train acc: 1.000 | train loss: 0.001 |test acc: 0.665 (0.643, 0.699) | test dp gap: 0.2603
 57.86% | time:   1.4s (225.8m) | step:   4414 | train acc: 1.000 | train loss: 0.001 |val acc: 0.667 (0.642, 0.705) | val dp gap: 0.2175
begin calculating influence
[Strategy 5] Acc of expected label: 0.66171875
calculating influence -- done
Use 7704 samples. Get 13113 labels. Ratio: 0.5875085792724777
Files already downloaded and verified
3255 originally labeled samples, 4449 new samples, and 155066 unlabeled samples. Total: 162770
 58.32% | time: 674.6s (237.1m) | step:   4449 | train acc: 0.996 | train loss: 0.040 |test acc: 0.667 (0.632, 0.723) | test dp gap: 0.2681
 58.32% | time:   1.4s (237.1m) | step:   4449 | train acc: 0.996 | train loss: 0.040 |val acc: 0.672 (0.646, 0.712) | val dp gap: 0.2123
begin calculating influence
[Strategy 5] Acc of expected label: 0.66109375
calculating influence -- done
Use 7960 samples. Get 13632 labels. Ratio: 0.5839201877934272
Files already downloaded and verified
3255 originally labeled samples, 4705 new samples, and 154810 unlabeled samples. Total: 162770
Epoch 7
 60.95% | time: 719.2s (249.1m) | step:   4650 | train acc: 1.000 | train loss: 0.000 |test acc: 0.672 (0.640, 0.723) | test dp gap: 0.2696
 60.95% | time:   1.4s (249.1m) | step:   4650 | train acc: 1.000 | train loss: 0.000 |val acc: 0.676 (0.648, 0.718) | val dp gap: 0.2106
begin calculating influence
[Strategy 5] Acc of expected label: 0.668125
calculating influence -- done
Use 8216 samples. Get 14140 labels. Ratio: 0.581046676096181
Files already downloaded and verified
3255 originally labeled samples, 4961 new samples, and 154554 unlabeled samples. Total: 162770
 63.57% | time: 731.9s (261.3m) | step:   4850 | train acc: 1.000 | train loss: 0.001 |test acc: 0.670 (0.647, 0.705) | test dp gap: 0.2723
 63.57% | time:   1.4s (261.3m) | step:   4850 | train acc: 1.000 | train loss: 0.001 |val acc: 0.660 (0.658, 0.661) | val dp gap: 0.2339
begin calculating influence
[Strategy 5] Acc of expected label: 0.675546875
calculating influence -- done
Use 8472 samples. Get 14766 labels. Ratio: 0.5737505079236083
Files already downloaded and verified
3255 originally labeled samples, 5217 new samples, and 154298 unlabeled samples. Total: 162770
 66.19% | time: 732.8s (273.5m) | step:   5050 | train acc: 1.000 | train loss: 0.004 |test acc: 0.662 (0.637, 0.702) | test dp gap: 0.2490
 66.19% | time:   1.4s (273.5m) | step:   5050 | train acc: 1.000 | train loss: 0.004 |val acc: 0.650 (0.621, 0.696) | val dp gap: 0.2132
begin calculating influence
[Strategy 5] Acc of expected label: 0.6643359375
calculating influence -- done
Use 8728 samples. Get 15292 labels. Ratio: 0.5707559508239602
Files already downloaded and verified
3255 originally labeled samples, 5473 new samples, and 154042 unlabeled samples. Total: 162770
 66.65% | time: 666.4s (284.7m) | step:   5085 | train acc: 0.984 | train loss: 0.056 |test acc: 0.669 (0.645, 0.709) | test dp gap: 0.2671
 66.65% | time:   1.6s (284.7m) | step:   5085 | train acc: 0.984 | train loss: 0.056 |val acc: 0.669 (0.654, 0.692) | val dp gap: 0.2160
begin calculating influence
[Strategy 5] Acc of expected label: 0.669609375
calculating influence -- done
Use 8984 samples. Get 15892 labels. Ratio: 0.5653158822048829
Files already downloaded and verified
3255 originally labeled samples, 5729 new samples, and 153786 unlabeled samples. Total: 162770
Epoch 8
 69.29% | time: 727.6s (296.8m) | step:   5286 | train acc: 1.000 | train loss: 0.001 |test acc: 0.671 (0.654, 0.699) | test dp gap: 0.2600
 69.29% | time:   1.4s (296.8m) | step:   5286 | train acc: 1.000 | train loss: 0.001 |val acc: 0.668 (0.653, 0.692) | val dp gap: 0.2075
begin calculating influence
[Strategy 5] Acc of expected label: 0.6773046875
calculating influence -- done
Use 9240 samples. Get 16472 labels. Ratio: 0.5609519184069937
Files already downloaded and verified
3255 originally labeled samples, 5985 new samples, and 153530 unlabeled samples. Total: 162770
 71.91% | time: 735.5s (309.1m) | step:   5486 | train acc: 0.996 | train loss: 0.007 |test acc: 0.665 (0.635, 0.714) | test dp gap: 0.2582
 71.91% | time:   1.5s (309.1m) | step:   5486 | train acc: 0.996 | train loss: 0.007 |val acc: 0.661 (0.626, 0.716) | val dp gap: 0.1732
begin calculating influence
[Strategy 5] Acc of expected label: 0.6684765625
calculating influence -- done
Use 9496 samples. Get 17083 labels. Ratio: 0.5558742609611895
Files already downloaded and verified
3255 originally labeled samples, 6241 new samples, and 153274 unlabeled samples. Total: 162770
 74.53% | time: 726.3s (321.2m) | step:   5686 | train acc: 1.000 | train loss: 0.002 |test acc: 0.663 (0.636, 0.707) | test dp gap: 0.2513
 74.53% | time:   1.4s (321.2m) | step:   5686 | train acc: 1.000 | train loss: 0.002 |val acc: 0.667 (0.641, 0.709) | val dp gap: 0.1901
begin calculating influence
[Strategy 5] Acc of expected label: 0.6625
calculating influence -- done
Use 9752 samples. Get 17529 labels. Ratio: 0.5563352159278909
Files already downloaded and verified
3255 originally labeled samples, 6497 new samples, and 153018 unlabeled samples. Total: 162770
 74.99% | time: 684.4s (332.7m) | step:   5721 | train acc: 0.996 | train loss: 0.014 |test acc: 0.669 (0.649, 0.700) | test dp gap: 0.2556
 74.99% | time:   1.4s (332.7m) | step:   5721 | train acc: 0.996 | train loss: 0.014 |val acc: 0.682 (0.660, 0.716) | val dp gap: 0.1948
begin calculating influence
[Strategy 5] Acc of expected label: 0.6740625
calculating influence -- done
Use 10008 samples. Get 17997 labels. Ratio: 0.5560926821136856
Files already downloaded and verified
3255 originally labeled samples, 6753 new samples, and 152762 unlabeled samples. Total: 162770
Epoch 9
 77.62% | time: 739.5s (345.0m) | step:   5922 | train acc: 1.000 | train loss: 0.002 |test acc: 0.669 (0.636, 0.722) | test dp gap: 0.2726
 77.62% | time:   1.6s (345.0m) | step:   5922 | train acc: 1.000 | train loss: 0.002 |val acc: 0.661 (0.622, 0.723) | val dp gap: 0.2339
begin calculating influence
[Strategy 5] Acc of expected label: 0.67109375
calculating influence -- done
Use 10264 samples. Get 18430 labels. Ratio: 0.5569180683667933
Files already downloaded and verified
3255 originally labeled samples, 7009 new samples, and 152506 unlabeled samples. Total: 162770
 80.25% | time: 734.0s (357.3m) | step:   6122 | train acc: 0.992 | train loss: 0.018 |test acc: 0.665 (0.642, 0.703) | test dp gap: 0.2547
 80.25% | time:   1.5s (357.3m) | step:   6122 | train acc: 0.992 | train loss: 0.018 |val acc: 0.661 (0.644, 0.687) | val dp gap: 0.1805
begin calculating influence
[Strategy 5] Acc of expected label: 0.6701171875
calculating influence -- done
Use 10520 samples. Get 18890 labels. Ratio: 0.5569084171519323
Files already downloaded and verified
3255 originally labeled samples, 7265 new samples, and 152250 unlabeled samples. Total: 162770
 82.87% | time: 733.9s (369.5m) | step:   6322 | train acc: 1.000 | train loss: 0.000 |test acc: 0.677 (0.657, 0.708) | test dp gap: 0.2766
 82.87% | time:   1.5s (369.5m) | step:   6322 | train acc: 1.000 | train loss: 0.000 |val acc: 0.682 (0.659, 0.718) | val dp gap: 0.2528
begin calculating influence
[Strategy 5] Acc of expected label: 0.6759375
calculating influence -- done
Use 10776 samples. Get 19418 labels. Ratio: 0.5549490163765578
Files already downloaded and verified
3255 originally labeled samples, 7521 new samples, and 151994 unlabeled samples. Total: 162770
 83.33% | time: 683.0s (380.9m) | step:   6357 | train acc: 1.000 | train loss: 0.003 |test acc: 0.674 (0.652, 0.709) | test dp gap: 0.2722
 83.33% | time:   1.5s (380.9m) | step:   6357 | train acc: 1.000 | train loss: 0.003 |val acc: 0.671 (0.644, 0.713) | val dp gap: 0.1994
begin calculating influence
[Strategy 5] Acc of expected label: 0.673671875
calculating influence -- done
Use 11032 samples. Get 19876 labels. Ratio: 0.5550412557858724
Files already downloaded and verified
3255 originally labeled samples, 7777 new samples, and 151738 unlabeled samples. Total: 162770
Epoch 10
 85.96% | time: 731.4s (393.1m) | step:   6558 | train acc: 1.000 | train loss: 0.000 |test acc: 0.686 (0.665, 0.721) | test dp gap: 0.2826
 85.96% | time:   1.4s (393.2m) | step:   6558 | train acc: 1.000 | train loss: 0.000 |val acc: 0.684 (0.662, 0.718) | val dp gap: 0.2067
begin calculating influence
[Strategy 5] Acc of expected label: 0.690234375
calculating influence -- done
Use 11288 samples. Get 20369 labels. Ratio: 0.5541754627129462
Files already downloaded and verified
3255 originally labeled samples, 8033 new samples, and 151482 unlabeled samples. Total: 162770
 88.58% | time: 732.4s (405.4m) | step:   6758 | train acc: 1.000 | train loss: 0.000 |test acc: 0.685 (0.658, 0.727) | test dp gap: 0.2774
 88.58% | time:   1.4s (405.4m) | step:   6758 | train acc: 1.000 | train loss: 0.000 |val acc: 0.676 (0.656, 0.707) | val dp gap: 0.2108
begin calculating influence
[Strategy 5] Acc of expected label: 0.67734375
calculating influence -- done
Use 11544 samples. Get 20899 labels. Ratio: 0.5523709268386047
Files already downloaded and verified
3255 originally labeled samples, 8289 new samples, and 151226 unlabeled samples. Total: 162770
 91.20% | time: 729.0s (417.5m) | step:   6958 | train acc: 0.996 | train loss: 0.017 |test acc: 0.670 (0.656, 0.691) | test dp gap: 0.2675
 91.20% | time:   1.4s (417.6m) | step:   6958 | train acc: 0.996 | train loss: 0.017 |val acc: 0.684 (0.660, 0.721) | val dp gap: 0.2238
begin calculating influence
[Strategy 5] Acc of expected label: 0.6694140625
calculating influence -- done
Use 11800 samples. Get 21494 labels. Ratio: 0.548990415930027
Files already downloaded and verified
3255 originally labeled samples, 8545 new samples, and 150970 unlabeled samples. Total: 162770
 91.66% | time: 675.5s (428.8m) | step:   6993 | train acc: 0.992 | train loss: 0.030 |test acc: 0.664 (0.637, 0.707) | test dp gap: 0.2366
 91.66% | time:   1.4s (428.8m) | step:   6993 | train acc: 0.992 | train loss: 0.030 |val acc: 0.658 (0.614, 0.727) | val dp gap: 0.1834
begin calculating influence
[Strategy 5] Acc of expected label: 0.659921875
calculating influence -- done
Use 12056 samples. Get 22066 labels. Ratio: 0.5463609172482552
Files already downloaded and verified
3255 originally labeled samples, 8801 new samples, and 150714 unlabeled samples. Total: 162770
Epoch 11
 94.30% | time: 730.7s (441.0m) | step:   7194 | train acc: 1.000 | train loss: 0.000 |test acc: 0.682 (0.665, 0.710) | test dp gap: 0.2769
 94.30% | time:   1.4s (441.0m) | step:   7194 | train acc: 1.000 | train loss: 0.000 |val acc: 0.676 (0.656, 0.708) | val dp gap: 0.2211
begin calculating influence
[Strategy 5] Acc of expected label: 0.6833203125
calculating influence -- done
Use 12312 samples. Get 22548 labels. Ratio: 0.5460351250665247
Files already downloaded and verified
3255 originally labeled samples, 9057 new samples, and 150458 unlabeled samples. Total: 162770
 96.92% | time: 731.9s (453.2m) | step:   7394 | train acc: 1.000 | train loss: 0.001 |test acc: 0.672 (0.652, 0.704) | test dp gap: 0.2614
 96.92% | time:   1.4s (453.3m) | step:   7394 | train acc: 1.000 | train loss: 0.001 |val acc: 0.680 (0.657, 0.717) | val dp gap: 0.1842
begin calculating influence
[Strategy 5] Acc of expected label: 0.671484375
calculating influence -- done
Use 12568 samples. Get 23096 labels. Ratio: 0.544163491513682
Files already downloaded and verified
3255 originally labeled samples, 9313 new samples, and 150202 unlabeled samples. Total: 162770
 99.54% | time: 735.0s (465.5m) | step:   7594 | train acc: 1.000 | train loss: 0.002 |test acc: 0.672 (0.646, 0.714) | test dp gap: 0.2747
 99.54% | time:   1.3s (465.5m) | step:   7594 | train acc: 1.000 | train loss: 0.002 |val acc: 0.681 (0.660, 0.713) | val dp gap: 0.2117
begin calculating influence
[Strategy 5] Acc of expected label: 0.6784765625
calculating influence -- done
Use 12824 samples. Get 23591 labels. Ratio: 0.5435971345004451
Files already downloaded and verified
3255 originally labeled samples, 9569 new samples, and 149946 unlabeled samples. Total: 162770
100.00% | time: 677.6s (476.8m) | step:   7629 | train acc: 0.996 | train loss: 0.005 |test acc: 0.676 (0.658, 0.704) | test dp gap: 0.2870
100.00% | time:   1.4s (476.9m) | step:   7629 | train acc: 0.996 | train loss: 0.005 |val acc: 0.686 (0.685, 0.688) | val dp gap: 0.1992
begin calculating influence
[Strategy 5] Acc of expected label: 0.6786328125
calculating influence -- done
Use 13080 samples. Get 24147 labels. Ratio: 0.5416821965461548
Files already downloaded and verified
3255 originally labeled samples, 9825 new samples, and 149690 unlabeled samples. Total: 162770
