Files already downloaded and verified
1627 originally labeled samples, 0 new samples, and 1628 unlabeled samples. Total: 3255
Files already downloaded and verified
1996 originally labeled samples, 0 new samples, and 17966 unlabeled samples. Total: 19962
Numer of layers 200
train net...
train with 162770 samples (with replacement) in one epoch
Epoch 0
  2.62% | time:  94.6s (  1.6m) | step:    200 | train acc: 1.000 | train loss: 0.016 |warm_t acc: 0.690 (0.669, 0.724) | warm_t eop gap: 0.2656
  2.62% | time:   4.4s (  1.6m) | step:    200 | train acc: 1.000 | train loss: 0.016 |warm_v acc: 0.682 (0.661, 0.714) | warm_v eop gap: 0.2775
  5.24% | time:  79.7s (  3.0m) | step:    400 | train acc: 1.000 | train loss: 0.005 |warm_t acc: 0.686 (0.667, 0.718) | warm_t eop gap: 0.2663
  5.24% | time:   1.4s (  3.0m) | step:    400 | train acc: 1.000 | train loss: 0.005 |warm_v acc: 0.656 (0.632, 0.693) | warm_v eop gap: 0.2993
  7.86% | time:  80.1s (  4.3m) | step:    600 | train acc: 1.000 | train loss: 0.000 |warm_t acc: 0.688 (0.667, 0.720) | warm_t eop gap: 0.2664
  7.86% | time:   1.4s (  4.4m) | step:    600 | train acc: 1.000 | train loss: 0.000 |warm_v acc: 0.665 (0.637, 0.708) | warm_v eop gap: 0.2519
  8.32% | time:  21.8s (  4.7m) | step:    635 | train acc: 1.000 | train loss: 0.000 |warm_t acc: 0.687 (0.667, 0.720) | warm_t eop gap: 0.2669
  8.32% | time:   1.5s (  4.7m) | step:    635 | train acc: 1.000 | train loss: 0.000 |warm_v acc: 0.669 (0.653, 0.694) | warm_v eop gap: 0.2695
Epoch 1
 10.95% | time:  80.6s (  6.1m) | step:    835 | train acc: 1.000 | train loss: 0.000 |warm_t acc: 0.688 (0.667, 0.720) | warm_t eop gap: 0.2664
 10.95% | time:   1.4s (  6.1m) | step:    835 | train acc: 1.000 | train loss: 0.000 |warm_v acc: 0.675 (0.659, 0.701) | warm_v eop gap: 0.2960
 13.57% | time:  80.6s (  7.5m) | step:   1035 | train acc: 1.000 | train loss: 0.000 |warm_t acc: 0.687 (0.667, 0.719) | warm_t eop gap: 0.2672
 13.57% | time:   1.4s (  7.5m) | step:   1035 | train acc: 1.000 | train loss: 0.000 |warm_v acc: 0.659 (0.638, 0.693) | warm_v eop gap: 0.2452
 16.19% | time:  79.9s (  8.8m) | step:   1235 | train acc: 1.000 | train loss: 0.000 |warm_t acc: 0.687 (0.667, 0.719) | warm_t eop gap: 0.2666
 16.19% | time:   1.3s (  8.8m) | step:   1235 | train acc: 1.000 | train loss: 0.000 |warm_v acc: 0.669 (0.645, 0.709) | warm_v eop gap: 0.2373
 16.65% | time:  22.2s (  9.2m) | step:   1270 | train acc: 1.000 | train loss: 0.000 |warm_t acc: 0.687 (0.667, 0.720) | warm_t eop gap: 0.2684
 16.65% | time:   1.4s (  9.2m) | step:   1270 | train acc: 1.000 | train loss: 0.000 |warm_v acc: 0.673 (0.644, 0.721) | warm_v eop gap: 0.2440
Epoch 2
 19.28% | time:  80.1s ( 10.6m) | step:   1471 | train acc: 1.000 | train loss: 0.000 |test acc: 0.687 (0.667, 0.719) | test eop gap: 0.2695
 19.28% | time:   1.1s ( 10.6m) | step:   1471 | train acc: 1.000 | train loss: 0.000 |val acc: 0.667 (0.633, 0.718) | val eop gap: 0.2314
begin calculating influence
selected layers: [Traced<ShapedArray(float32[768])>with<DynamicJaxprTrace(level=0/1)>, Traced<ShapedArray(float32[8,8,3,768])>with<DynamicJaxprTrace(level=0/1)>, Traced<ShapedArray(float32[2])>with<DynamicJaxprTrace(level=0/1)>, Traced<ShapedArray(float32[768,2])>with<DynamicJaxprTrace(level=0/1)>]
[Strategy 5] Acc of expected label: 0.6904176904176904
calculating influence -- done
Use 1846 samples. Get 1974 labels. Ratio: 0.9351570415400202
Files already downloaded and verified
1627 originally labeled samples, 219 new samples, and 1409 unlabeled samples. Total: 3255
 21.90% | time: 158.2s ( 13.2m) | step:   1671 | train acc: 0.922 | train loss: 0.206 |test acc: 0.613 (0.529, 0.746) | test eop gap: 0.0943
 21.90% | time:   1.3s ( 13.2m) | step:   1671 | train acc: 0.922 | train loss: 0.206 |val acc: 0.598 (0.529, 0.703) | val eop gap: 0.0868
begin calculating influence
[Strategy 5] Acc of expected label: 0.560681334279631
calculating influence -- done
Use 1846 samples. Get 1974 labels. Ratio: 0.9351570415400202
Files already downloaded and verified
1627 originally labeled samples, 219 new samples, and 1409 unlabeled samples. Total: 3255
 24.52% | time: 135.9s ( 15.5m) | step:   1871 | train acc: 0.963 | train loss: 0.171 |test acc: 0.641 (0.604, 0.699) | test eop gap: 0.1501
 24.52% | time:   1.3s ( 15.5m) | step:   1871 | train acc: 0.963 | train loss: 0.171 |val acc: 0.639 (0.611, 0.682) | val eop gap: 0.1704
begin calculating influence
[Strategy 5] Acc of expected label: 0.6082327892122072
calculating influence -- done
Use 1846 samples. Get 1974 labels. Ratio: 0.9351570415400202
Files already downloaded and verified
1627 originally labeled samples, 219 new samples, and 1409 unlabeled samples. Total: 3255
 24.98% | time:  69.0s ( 16.7m) | step:   1906 | train acc: 0.950 | train loss: 0.168 |test acc: 0.646 (0.604, 0.713) | test eop gap: 0.1982
 24.98% | time:   1.4s ( 16.7m) | step:   1906 | train acc: 0.950 | train loss: 0.168 |val acc: 0.632 (0.593, 0.693) | val eop gap: 0.2083
begin calculating influence
[Strategy 5] Acc of expected label: 0.6132008516678495
calculating influence -- done
Use 1850 samples. Get 1978 labels. Ratio: 0.9352881698685541
Files already downloaded and verified
1627 originally labeled samples, 223 new samples, and 1405 unlabeled samples. Total: 3255
Epoch 3
 27.62% | time: 129.8s ( 18.9m) | step:   2107 | train acc: 0.915 | train loss: 0.201 |test acc: 0.683 (0.644, 0.746) | test eop gap: 0.2978
 27.62% | time:   1.2s ( 18.9m) | step:   2107 | train acc: 0.915 | train loss: 0.201 |val acc: 0.693 (0.659, 0.746) | val eop gap: 0.2962
begin calculating influence
[Strategy 5] Acc of expected label: 0.6633451957295373
calculating influence -- done
Use 2106 samples. Get 2344 labels. Ratio: 0.8984641638225256
Files already downloaded and verified
1627 originally labeled samples, 479 new samples, and 1149 unlabeled samples. Total: 3255
 30.24% | time: 132.9s ( 21.1m) | step:   2307 | train acc: 0.996 | train loss: 0.022 |test acc: 0.681 (0.662, 0.712) | test eop gap: 0.2654
 30.24% | time:   1.3s ( 21.1m) | step:   2307 | train acc: 0.996 | train loss: 0.022 |val acc: 0.678 (0.662, 0.702) | val eop gap: 0.2566
begin calculating influence
[Strategy 5] Acc of expected label: 0.6405570060922542
calculating influence -- done
Use 2117 samples. Get 2361 labels. Ratio: 0.8966539601863617
Files already downloaded and verified
1627 originally labeled samples, 490 new samples, and 1138 unlabeled samples. Total: 3255
 32.86% | time: 120.2s ( 23.1m) | step:   2507 | train acc: 1.000 | train loss: 0.003 |test acc: 0.673 (0.652, 0.706) | test eop gap: 0.2748
 32.86% | time:   1.2s ( 23.1m) | step:   2507 | train acc: 1.000 | train loss: 0.003 |val acc: 0.676 (0.655, 0.712) | val eop gap: 0.2580
begin calculating influence
[Strategy 5] Acc of expected label: 0.6309314586994728
calculating influence -- done
Use 2151 samples. Get 2398 labels. Ratio: 0.8969974979149291
Files already downloaded and verified
1627 originally labeled samples, 524 new samples, and 1104 unlabeled samples. Total: 3255
 33.32% | time:  67.6s ( 24.3m) | step:   2542 | train acc: 1.000 | train loss: 0.000 |test acc: 0.683 (0.664, 0.713) | test eop gap: 0.2583
 33.32% | time:   1.4s ( 24.3m) | step:   2542 | train acc: 1.000 | train loss: 0.000 |val acc: 0.671 (0.656, 0.696) | val eop gap: 0.2515
begin calculating influence
[Strategy 5] Acc of expected label: 0.6177536231884058
calculating influence -- done
Use 2176 samples. Get 2437 labels. Ratio: 0.8929011079195732
Files already downloaded and verified
1627 originally labeled samples, 549 new samples, and 1079 unlabeled samples. Total: 3255
Epoch 4
 35.95% | time: 127.8s ( 26.4m) | step:   2743 | train acc: 1.000 | train loss: 0.000 |test acc: 0.679 (0.656, 0.715) | test eop gap: 0.2740
 35.95% | time:   1.2s ( 26.4m) | step:   2743 | train acc: 1.000 | train loss: 0.000 |val acc: 0.684 (0.662, 0.718) | val eop gap: 0.2780
begin calculating influence
[Strategy 5] Acc of expected label: 0.6209453197405005
calculating influence -- done
Use 2249 samples. Get 2503 labels. Ratio: 0.8985217738713543
Files already downloaded and verified
1627 originally labeled samples, 622 new samples, and 1006 unlabeled samples. Total: 3255
 38.58% | time: 127.4s ( 28.6m) | step:   2943 | train acc: 1.000 | train loss: 0.001 |test acc: 0.674 (0.649, 0.714) | test eop gap: 0.2640
 38.58% | time:   1.3s ( 28.6m) | step:   2943 | train acc: 1.000 | train loss: 0.001 |val acc: 0.665 (0.649, 0.692) | val eop gap: 0.2775
begin calculating influence
[Strategy 5] Acc of expected label: 0.5914512922465208
calculating influence -- done
Use 2286 samples. Get 2536 labels. Ratio: 0.9014195583596214
Files already downloaded and verified
1627 originally labeled samples, 659 new samples, and 969 unlabeled samples. Total: 3255
 41.20% | time: 126.1s ( 30.7m) | step:   3143 | train acc: 1.000 | train loss: 0.008 |test acc: 0.686 (0.672, 0.708) | test eop gap: 0.2548
 41.20% | time:   1.3s ( 30.7m) | step:   3143 | train acc: 1.000 | train loss: 0.008 |val acc: 0.684 (0.676, 0.695) | val eop gap: 0.2489
begin calculating influence
[Strategy 5] Acc of expected label: 0.6150670794633643
calculating influence -- done
Use 2304 samples. Get 2561 labels. Ratio: 0.8996485747754783
Files already downloaded and verified
1627 originally labeled samples, 677 new samples, and 951 unlabeled samples. Total: 3255
 41.66% | time:  65.3s ( 31.8m) | step:   3178 | train acc: 1.000 | train loss: 0.008 |test acc: 0.687 (0.670, 0.714) | test eop gap: 0.2557
 41.66% | time:   1.3s ( 31.8m) | step:   3178 | train acc: 1.000 | train loss: 0.008 |val acc: 0.682 (0.670, 0.701) | val eop gap: 0.2609
begin calculating influence
[Strategy 5] Acc of expected label: 0.6088328075709779
calculating influence -- done
Use 2315 samples. Get 2573 labels. Ratio: 0.8997279440342013
Files already downloaded and verified
1627 originally labeled samples, 688 new samples, and 940 unlabeled samples. Total: 3255
Epoch 5
 44.29% | time: 120.2s ( 33.8m) | step:   3379 | train acc: 1.000 | train loss: 0.006 |test acc: 0.683 (0.676, 0.695) | test eop gap: 0.2466
 44.29% | time:   1.3s ( 33.8m) | step:   3379 | train acc: 1.000 | train loss: 0.006 |val acc: 0.671 (0.665, 0.680) | val eop gap: 0.2510
begin calculating influence
[Strategy 5] Acc of expected label: 0.6170212765957447
calculating influence -- done
Use 2333 samples. Get 2595 labels. Ratio: 0.8990366088631985
Files already downloaded and verified
1627 originally labeled samples, 706 new samples, and 922 unlabeled samples. Total: 3255
 46.91% | time: 120.8s ( 35.9m) | step:   3579 | train acc: 1.000 | train loss: 0.007 |test acc: 0.685 (0.675, 0.701) | test eop gap: 0.2276
 46.91% | time:   1.3s ( 35.9m) | step:   3579 | train acc: 1.000 | train loss: 0.007 |val acc: 0.674 (0.672, 0.679) | val eop gap: 0.2454
begin calculating influence
[Strategy 5] Acc of expected label: 0.6214750542299349
calculating influence -- done
Use 2339 samples. Get 2600 labels. Ratio: 0.8996153846153846
Files already downloaded and verified
1627 originally labeled samples, 712 new samples, and 916 unlabeled samples. Total: 3255
 49.53% | time: 117.3s ( 37.8m) | step:   3779 | train acc: 1.000 | train loss: 0.001 |test acc: 0.687 (0.668, 0.718) | test eop gap: 0.2551
 49.53% | time:   1.2s ( 37.9m) | step:   3779 | train acc: 1.000 | train loss: 0.001 |val acc: 0.677 (0.659, 0.706) | val eop gap: 0.2355
begin calculating influence
[Strategy 5] Acc of expected label: 0.6080786026200873
calculating influence -- done
Use 2345 samples. Get 2608 labels. Ratio: 0.8991564417177914
Files already downloaded and verified
1627 originally labeled samples, 718 new samples, and 910 unlabeled samples. Total: 3255
 49.99% | time:  57.5s ( 38.8m) | step:   3814 | train acc: 1.000 | train loss: 0.000 |test acc: 0.685 (0.671, 0.708) | test eop gap: 0.2371
 49.99% | time:   1.4s ( 38.8m) | step:   3814 | train acc: 1.000 | train loss: 0.000 |val acc: 0.683 (0.674, 0.697) | val eop gap: 0.2507
begin calculating influence
[Strategy 5] Acc of expected label: 0.5967032967032967
calculating influence -- done
Use 2358 samples. Get 2625 labels. Ratio: 0.8982857142857142
Files already downloaded and verified
1627 originally labeled samples, 731 new samples, and 897 unlabeled samples. Total: 3255
Epoch 6
 52.62% | time: 113.0s ( 40.7m) | step:   4014 | train acc: 1.000 | train loss: 0.001 |test acc: 0.677 (0.662, 0.700) | test eop gap: 0.2322
 52.62% | time:   1.4s ( 40.7m) | step:   4014 | train acc: 1.000 | train loss: 0.001 |val acc: 0.671 (0.661, 0.687) | val eop gap: 0.2552
begin calculating influence
[Strategy 5] Acc of expected label: 0.5908584169453734
calculating influence -- done
Use 2373 samples. Get 2639 labels. Ratio: 0.8992042440318302
Files already downloaded and verified
1627 originally labeled samples, 746 new samples, and 882 unlabeled samples. Total: 3255
 55.24% | time: 112.6s ( 42.6m) | step:   4214 | train acc: 1.000 | train loss: 0.002 |test acc: 0.689 (0.674, 0.712) | test eop gap: 0.2447
 55.24% | time:   1.4s ( 42.6m) | step:   4214 | train acc: 1.000 | train loss: 0.002 |val acc: 0.695 (0.691, 0.700) | val eop gap: 0.2581
begin calculating influence
[Strategy 5] Acc of expected label: 0.6043083900226758
calculating influence -- done
Use 2395 samples. Get 2655 labels. Ratio: 0.9020715630885122
Files already downloaded and verified
1627 originally labeled samples, 768 new samples, and 860 unlabeled samples. Total: 3255
 57.86% | time: 105.1s ( 44.4m) | step:   4414 | train acc: 1.000 | train loss: 0.001 |test acc: 0.688 (0.659, 0.733) | test eop gap: 0.2728
 57.86% | time:   1.3s ( 44.4m) | step:   4414 | train acc: 1.000 | train loss: 0.001 |val acc: 0.677 (0.653, 0.714) | val eop gap: 0.2569
begin calculating influence
[Strategy 5] Acc of expected label: 0.6058139534883721
calculating influence -- done
Use 2448 samples. Get 2714 labels. Ratio: 0.9019896831245394
Files already downloaded and verified
1627 originally labeled samples, 821 new samples, and 807 unlabeled samples. Total: 3255
 58.32% | time:  51.9s ( 45.3m) | step:   4449 | train acc: 1.000 | train loss: 0.000 |test acc: 0.690 (0.676, 0.713) | test eop gap: 0.2668
 58.32% | time:   1.3s ( 45.3m) | step:   4449 | train acc: 1.000 | train loss: 0.000 |val acc: 0.673 (0.664, 0.686) | val eop gap: 0.2651
begin calculating influence
[Strategy 5] Acc of expected label: 0.5824039653035935
calculating influence -- done
Use 2462 samples. Get 2729 labels. Ratio: 0.9021619640894101
Files already downloaded and verified
1627 originally labeled samples, 835 new samples, and 793 unlabeled samples. Total: 3255
Epoch 7
 60.95% | time: 109.8s ( 47.1m) | step:   4650 | train acc: 1.000 | train loss: 0.000 |test acc: 0.686 (0.665, 0.720) | test eop gap: 0.2661
 60.95% | time:   1.5s ( 47.2m) | step:   4650 | train acc: 1.000 | train loss: 0.000 |val acc: 0.688 (0.667, 0.721) | val eop gap: 0.2752
begin calculating influence
[Strategy 5] Acc of expected label: 0.5611601513240857
calculating influence -- done
Use 2479 samples. Get 2745 labels. Ratio: 0.903096539162113
Files already downloaded and verified
1627 originally labeled samples, 852 new samples, and 776 unlabeled samples. Total: 3255
 63.57% | time: 115.1s ( 49.1m) | step:   4850 | train acc: 1.000 | train loss: 0.000 |test acc: 0.687 (0.676, 0.704) | test eop gap: 0.2558
 63.57% | time:   1.3s ( 49.1m) | step:   4850 | train acc: 1.000 | train loss: 0.000 |val acc: 0.688 (0.674, 0.710) | val eop gap: 0.2695
begin calculating influence
[Strategy 5] Acc of expected label: 0.5682989690721649
calculating influence -- done
Use 2485 samples. Get 2754 labels. Ratio: 0.9023238925199709
Files already downloaded and verified
1627 originally labeled samples, 858 new samples, and 770 unlabeled samples. Total: 3255
 66.19% | time: 117.7s ( 51.1m) | step:   5050 | train acc: 1.000 | train loss: 0.000 |test acc: 0.680 (0.664, 0.706) | test eop gap: 0.2415
 66.19% | time:   1.4s ( 51.1m) | step:   5050 | train acc: 1.000 | train loss: 0.000 |val acc: 0.672 (0.652, 0.704) | val eop gap: 0.2307
begin calculating influence
[Strategy 5] Acc of expected label: 0.564935064935065
calculating influence -- done
Use 2491 samples. Get 2759 labels. Ratio: 0.9028633562885103
Files already downloaded and verified
1627 originally labeled samples, 864 new samples, and 764 unlabeled samples. Total: 3255
 66.65% | time:  61.0s ( 52.1m) | step:   5085 | train acc: 1.000 | train loss: 0.000 |test acc: 0.681 (0.662, 0.710) | test eop gap: 0.2469
 66.65% | time:   1.3s ( 52.1m) | step:   5085 | train acc: 1.000 | train loss: 0.000 |val acc: 0.683 (0.659, 0.721) | val eop gap: 0.2325
begin calculating influence
[Strategy 5] Acc of expected label: 0.5602094240837696
calculating influence -- done
Use 2493 samples. Get 2761 labels. Ratio: 0.9029337196667874
Files already downloaded and verified
1627 originally labeled samples, 866 new samples, and 762 unlabeled samples. Total: 3255
Epoch 8
 69.29% | time: 109.4s ( 53.9m) | step:   5286 | train acc: 1.000 | train loss: 0.000 |test acc: 0.682 (0.664, 0.710) | test eop gap: 0.2524
 69.29% | time:   1.6s ( 54.0m) | step:   5286 | train acc: 1.000 | train loss: 0.000 |val acc: 0.672 (0.654, 0.700) | val eop gap: 0.2574
begin calculating influence
[Strategy 5] Acc of expected label: 0.5551181102362205
calculating influence -- done
Use 2590 samples. Get 2871 labels. Ratio: 0.9021246952281435
Files already downloaded and verified
1627 originally labeled samples, 963 new samples, and 665 unlabeled samples. Total: 3255
 71.91% | time: 107.9s ( 55.8m) | step:   5486 | train acc: 1.000 | train loss: 0.000 |test acc: 0.687 (0.661, 0.729) | test eop gap: 0.2527
 71.91% | time:   1.2s ( 55.8m) | step:   5486 | train acc: 1.000 | train loss: 0.000 |val acc: 0.679 (0.654, 0.717) | val eop gap: 0.2172
begin calculating influence
[Strategy 5] Acc of expected label: 0.4992481203007519
calculating influence -- done
Use 2591 samples. Get 2871 labels. Ratio: 0.9024730059212818
Files already downloaded and verified
1627 originally labeled samples, 964 new samples, and 664 unlabeled samples. Total: 3255
 74.53% | time: 106.6s ( 57.6m) | step:   5686 | train acc: 1.000 | train loss: 0.000 |test acc: 0.683 (0.661, 0.717) | test eop gap: 0.2723
 74.53% | time:   1.4s ( 57.6m) | step:   5686 | train acc: 1.000 | train loss: 0.000 |val acc: 0.680 (0.655, 0.720) | val eop gap: 0.2295
begin calculating influence
[Strategy 5] Acc of expected label: 0.4894578313253012
calculating influence -- done
Use 2599 samples. Get 2884 labels. Ratio: 0.9011789181692095
Files already downloaded and verified
1627 originally labeled samples, 972 new samples, and 656 unlabeled samples. Total: 3255
 74.99% | time:  55.7s ( 58.5m) | step:   5721 | train acc: 1.000 | train loss: 0.000 |test acc: 0.685 (0.664, 0.717) | test eop gap: 0.2623
 74.99% | time:   1.1s ( 58.5m) | step:   5721 | train acc: 1.000 | train loss: 0.000 |val acc: 0.681 (0.664, 0.707) | val eop gap: 0.2518
begin calculating influence
[Strategy 5] Acc of expected label: 0.4847560975609756
calculating influence -- done
Use 2610 samples. Get 2894 labels. Ratio: 0.9018659295093296
Files already downloaded and verified
1627 originally labeled samples, 983 new samples, and 645 unlabeled samples. Total: 3255
Epoch 9
 77.62% | time: 107.3s ( 60.3m) | step:   5922 | train acc: 1.000 | train loss: 0.000 |test acc: 0.683 (0.663, 0.714) | test eop gap: 0.2416
 77.62% | time:   1.5s ( 60.4m) | step:   5922 | train acc: 1.000 | train loss: 0.000 |val acc: 0.688 (0.672, 0.714) | val eop gap: 0.2503
begin calculating influence
[Strategy 5] Acc of expected label: 0.4790697674418605
calculating influence -- done
Use 2613 samples. Get 2901 labels. Ratio: 0.9007238883143743
Files already downloaded and verified
1627 originally labeled samples, 986 new samples, and 642 unlabeled samples. Total: 3255
 80.25% | time: 120.4s ( 62.4m) | step:   6122 | train acc: 1.000 | train loss: 0.000 |test acc: 0.683 (0.664, 0.714) | test eop gap: 0.2164
 80.25% | time:   1.7s ( 62.4m) | step:   6122 | train acc: 1.000 | train loss: 0.000 |val acc: 0.680 (0.662, 0.708) | val eop gap: 0.2697
begin calculating influence
[Strategy 5] Acc of expected label: 0.48598130841121495
calculating influence -- done
Use 2614 samples. Get 2902 labels. Ratio: 0.9007580978635424
Files already downloaded and verified
1627 originally labeled samples, 987 new samples, and 641 unlabeled samples. Total: 3255
 82.87% | time: 104.6s ( 64.1m) | step:   6322 | train acc: 1.000 | train loss: 0.000 |test acc: 0.683 (0.665, 0.712) | test eop gap: 0.2299
 82.87% | time:   1.3s ( 64.2m) | step:   6322 | train acc: 1.000 | train loss: 0.000 |val acc: 0.692 (0.670, 0.727) | val eop gap: 0.2145
begin calculating influence
[Strategy 5] Acc of expected label: 0.48049921996879874
calculating influence -- done
Use 2627 samples. Get 2918 labels. Ratio: 0.9002741603838246
Files already downloaded and verified
1627 originally labeled samples, 1000 new samples, and 628 unlabeled samples. Total: 3255
 83.33% | time:  45.2s ( 64.9m) | step:   6357 | train acc: 1.000 | train loss: 0.000 |test acc: 0.684 (0.666, 0.712) | test eop gap: 0.2341
 83.33% | time:   1.5s ( 64.9m) | step:   6357 | train acc: 1.000 | train loss: 0.000 |val acc: 0.684 (0.662, 0.716) | val eop gap: 0.2354
begin calculating influence
[Strategy 5] Acc of expected label: 0.4697452229299363
calculating influence -- done
Use 2629 samples. Get 2920 labels. Ratio: 0.9003424657534247
Files already downloaded and verified
1627 originally labeled samples, 1002 new samples, and 626 unlabeled samples. Total: 3255
Epoch 10
 85.96% | time: 105.4s ( 66.7m) | step:   6558 | train acc: 1.000 | train loss: 0.000 |test acc: 0.684 (0.663, 0.716) | test eop gap: 0.2397
 85.96% | time:   1.4s ( 66.7m) | step:   6558 | train acc: 1.000 | train loss: 0.000 |val acc: 0.697 (0.671, 0.738) | val eop gap: 0.2346
begin calculating influence
calculating influence -- done
length of new labels 30
Use 2629+30 = 2659 samples.
Files already downloaded and verified
1627 originally labeled samples, 1032 new samples, and 596 unlabeled samples. Total: 3255
 88.58% | time: 111.4s ( 68.6m) | step:   6758 | train acc: 1.000 | train loss: 0.000 |test acc: 0.683 (0.662, 0.717) | test eop gap: 0.2408
 88.58% | time:   1.4s ( 68.6m) | step:   6758 | train acc: 1.000 | train loss: 0.000 |val acc: 0.690 (0.664, 0.730) | val eop gap: 0.2536
begin calculating influence
calculating influence -- done
length of new labels 60
Use 2629+60 = 2689 samples.
Files already downloaded and verified
1627 originally labeled samples, 1062 new samples, and 566 unlabeled samples. Total: 3255
 91.20% | time: 106.6s ( 70.4m) | step:   6958 | train acc: 1.000 | train loss: 0.000 |test acc: 0.681 (0.658, 0.718) | test eop gap: 0.2446
 91.20% | time:   1.4s ( 70.4m) | step:   6958 | train acc: 1.000 | train loss: 0.000 |val acc: 0.691 (0.658, 0.742) | val eop gap: 0.2417
begin calculating influence
calculating influence -- done
length of new labels 84
Use 2629+84 = 2713 samples.
Files already downloaded and verified
1627 originally labeled samples, 1086 new samples, and 542 unlabeled samples. Total: 3255
 91.66% | time:  55.8s ( 71.3m) | step:   6993 | train acc: 1.000 | train loss: 0.000 |test acc: 0.681 (0.654, 0.725) | test eop gap: 0.2477
 91.66% | time:   1.5s ( 71.3m) | step:   6993 | train acc: 1.000 | train loss: 0.000 |val acc: 0.679 (0.643, 0.736) | val eop gap: 0.2312
begin calculating influence
calculating influence -- done
length of new labels 145
Use 2629+145 = 2774 samples.
Files already downloaded and verified
1627 originally labeled samples, 1147 new samples, and 481 unlabeled samples. Total: 3255
Epoch 11
 94.30% | time: 106.0s ( 73.1m) | step:   7194 | train acc: 1.000 | train loss: 0.000 |test acc: 0.683 (0.661, 0.717) | test eop gap: 0.2471
 94.30% | time:   1.2s ( 73.1m) | step:   7194 | train acc: 1.000 | train loss: 0.000 |val acc: 0.689 (0.660, 0.734) | val eop gap: 0.2460
begin calculating influence
calculating influence -- done
length of new labels 149
Use 2629+149 = 2778 samples.
Files already downloaded and verified
1627 originally labeled samples, 1151 new samples, and 477 unlabeled samples. Total: 3255
 96.92% | time:  99.3s ( 74.8m) | step:   7394 | train acc: 1.000 | train loss: 0.000 |test acc: 0.683 (0.662, 0.715) | test eop gap: 0.2447
 96.92% | time:   1.2s ( 74.8m) | step:   7394 | train acc: 1.000 | train loss: 0.000 |val acc: 0.704 (0.679, 0.742) | val eop gap: 0.2066
begin calculating influence
calculating influence -- done
length of new labels 152
Use 2629+152 = 2781 samples.
Files already downloaded and verified
1627 originally labeled samples, 1154 new samples, and 474 unlabeled samples. Total: 3255
 99.54% | time: 101.9s ( 76.5m) | step:   7594 | train acc: 1.000 | train loss: 0.000 |test acc: 0.681 (0.661, 0.713) | test eop gap: 0.2438
 99.54% | time:   1.3s ( 76.5m) | step:   7594 | train acc: 1.000 | train loss: 0.000 |val acc: 0.691 (0.667, 0.728) | val eop gap: 0.2407
begin calculating influence
calculating influence -- done
length of new labels 207
Use 2629+207 = 2836 samples.
Files already downloaded and verified
1627 originally labeled samples, 1209 new samples, and 419 unlabeled samples. Total: 3255
100.00% | time:  40.8s ( 77.2m) | step:   7629 | train acc: 1.000 | train loss: 0.000 |test acc: 0.682 (0.656, 0.724) | test eop gap: 0.2487
100.00% | time:   1.3s ( 77.2m) | step:   7629 | train acc: 1.000 | train loss: 0.000 |val acc: 0.687 (0.661, 0.726) | val eop gap: 0.2607
begin calculating influence
calculating influence -- done
length of new labels 272
Use 2629+272 = 2901 samples.
Files already downloaded and verified
1627 originally labeled samples, 1274 new samples, and 354 unlabeled samples. Total: 3255
