Files already downloaded and verified
3255 labeled samples and 159515 unlabeled samples. Total: 162770
Files already downloaded and verified
1996 labeled samples and 17966 unlabeled samples. Total: 19962
Numer of layers 200
train net...
train with 162770 samples (with replacement) in one epoch
Epoch 0
  2.62% | time: 102.4s (  1.7m) | step:    200 | train acc: 0.930 | train loss: 0.166 |warm_t acc: 0.681 (0.694, 0.661) | warm_t eod gap: 0.2902
  2.62% | time:   6.2s (  1.8m) | step:    200 | train acc: 0.930 | train loss: 0.166 |warm_v acc: 0.692 (0.704, 0.671) | warm_v eod gap: 0.2844
  5.24% | time:  82.4s (  3.2m) | step:    400 | train acc: 0.793 | train loss: 0.470 |warm_t acc: 0.666 (0.703, 0.605) | warm_t eod gap: 0.2208
  5.24% | time:   1.3s (  3.2m) | step:    400 | train acc: 0.793 | train loss: 0.470 |warm_v acc: 0.661 (0.690, 0.616) | warm_v eod gap: 0.2186
  7.86% | time:  83.1s (  4.6m) | step:    600 | train acc: 1.000 | train loss: 0.006 |warm_t acc: 0.695 (0.677, 0.724) | warm_t eod gap: 0.2688
  7.86% | time:   1.4s (  4.6m) | step:    600 | train acc: 1.000 | train loss: 0.006 |warm_v acc: 0.698 (0.691, 0.710) | warm_v eod gap: 0.2871
  8.32% | time:  23.0s (  5.0m) | step:    635 | train acc: 1.000 | train loss: 0.003 |warm_t acc: 0.695 (0.683, 0.715) | warm_t eod gap: 0.2703
  8.32% | time:   1.4s (  5.0m) | step:    635 | train acc: 1.000 | train loss: 0.003 |warm_v acc: 0.698 (0.683, 0.721) | warm_v eod gap: 0.2560
Epoch 1
 10.95% | time:  81.2s (  6.4m) | step:    835 | train acc: 1.000 | train loss: 0.000 |warm_t acc: 0.694 (0.682, 0.711) | warm_t eod gap: 0.2791
 10.95% | time:   1.4s (  6.4m) | step:    835 | train acc: 1.000 | train loss: 0.000 |warm_v acc: 0.695 (0.692, 0.699) | warm_v eod gap: 0.2599
 13.57% | time:  80.8s (  7.7m) | step:   1035 | train acc: 1.000 | train loss: 0.000 |warm_t acc: 0.694 (0.682, 0.713) | warm_t eod gap: 0.2795
 13.57% | time:   1.5s (  7.8m) | step:   1035 | train acc: 1.000 | train loss: 0.000 |warm_v acc: 0.689 (0.681, 0.701) | warm_v eod gap: 0.2947
 16.19% | time:  79.3s (  9.1m) | step:   1235 | train acc: 1.000 | train loss: 0.000 |warm_t acc: 0.694 (0.683, 0.712) | warm_t eod gap: 0.2799
 16.19% | time:   1.3s (  9.1m) | step:   1235 | train acc: 1.000 | train loss: 0.000 |warm_v acc: 0.684 (0.674, 0.699) | warm_v eod gap: 0.2680
 16.65% | time:  22.9s (  9.5m) | step:   1270 | train acc: 1.000 | train loss: 0.000 |warm_t acc: 0.694 (0.683, 0.712) | warm_t eod gap: 0.2801
 16.65% | time:   1.5s (  9.5m) | step:   1270 | train acc: 1.000 | train loss: 0.000 |warm_v acc: 0.694 (0.692, 0.697) | warm_v eod gap: 0.2698
Epoch 2
 19.28% | time:  76.3s ( 10.8m) | step:   1471 | train acc: 1.000 | train loss: 0.000 |test acc: 0.694 (0.682, 0.713) | test eod gap: 0.2801
 19.28% | time:   1.3s ( 10.8m) | step:   1471 | train acc: 1.000 | train loss: 0.000 |val acc: 0.702 (0.701, 0.704) | val eod gap: 0.2864
begin calculating influence
selected layers: [Traced<ShapedArray(float32[768])>with<DynamicJaxprTrace(level=0/1)>, Traced<ShapedArray(float32[8,8,3,768])>with<DynamicJaxprTrace(level=0/1)>, Traced<ShapedArray(float32[2])>with<DynamicJaxprTrace(level=0/1)>, Traced<ShapedArray(float32[768,2])>with<DynamicJaxprTrace(level=0/1)>]
calculating influence -- done
length of new labels 256
Use 3255+256 = 3511 samples.
Files already downloaded and verified
3511 labeled samples and 159259 unlabeled samples. Total: 162770
 21.90% | time: 765.8s ( 23.6m) | step:   1671 | train acc: 0.941 | train loss: 0.175 |test acc: 0.682 (0.659, 0.720) | test eod gap: 0.2672
 21.90% | time:   1.4s ( 23.6m) | step:   1671 | train acc: 0.941 | train loss: 0.175 |val acc: 0.688 (0.671, 0.713) | val eod gap: 0.2761
begin calculating influence
calculating influence -- done
length of new labels 512
Use 3255+512 = 3767 samples.
Files already downloaded and verified
3767 labeled samples and 159003 unlabeled samples. Total: 162770
 24.52% | time: 739.7s ( 35.9m) | step:   1871 | train acc: 1.000 | train loss: 0.001 |test acc: 0.671 (0.653, 0.699) | test eod gap: 0.2297
 24.52% | time:   1.5s ( 36.0m) | step:   1871 | train acc: 1.000 | train loss: 0.001 |val acc: 0.688 (0.675, 0.707) | val eod gap: 0.2307
begin calculating influence
calculating influence -- done
length of new labels 768
Use 3255+768 = 4023 samples.
Files already downloaded and verified
4023 labeled samples and 158747 unlabeled samples. Total: 162770
 24.98% | time: 678.4s ( 47.3m) | step:   1906 | train acc: 0.875 | train loss: 0.331 |test acc: 0.694 (0.683, 0.710) | test eod gap: 0.2780
 24.98% | time:   1.5s ( 47.3m) | step:   1906 | train acc: 0.875 | train loss: 0.331 |val acc: 0.699 (0.696, 0.704) | val eod gap: 0.2804
begin calculating influence
calculating influence -- done
length of new labels 1024
Use 3255+1024 = 4279 samples.
Files already downloaded and verified
4279 labeled samples and 158491 unlabeled samples. Total: 162770
Epoch 3
 27.62% | time: 739.1s ( 59.6m) | step:   2107 | train acc: 1.000 | train loss: 0.001 |test acc: 0.660 (0.649, 0.676) | test eod gap: 0.2138
 27.62% | time:   1.3s ( 59.6m) | step:   2107 | train acc: 1.000 | train loss: 0.001 |val acc: 0.668 (0.661, 0.679) | val eod gap: 0.2353
begin calculating influence
calculating influence -- done
Use 4535 samples. Get 3511 labels. Ratio: 1.2916547992025065
Files already downloaded and verified
4535 labeled samples and 158235 unlabeled samples. Total: 162770
 30.24% | time: 734.1s ( 71.9m) | step:   2307 | train acc: 1.000 | train loss: 0.001 |test acc: 0.669 (0.656, 0.690) | test eod gap: 0.2189
 30.24% | time:   1.4s ( 71.9m) | step:   2307 | train acc: 1.000 | train loss: 0.001 |val acc: 0.680 (0.661, 0.709) | val eod gap: 0.2130
begin calculating influence
calculating influence -- done
Use 4791 samples. Get 3767 labels. Ratio: 1.2718343509423944
Files already downloaded and verified
4791 labeled samples and 157979 unlabeled samples. Total: 162770
 32.86% | time: 733.8s ( 84.1m) | step:   2507 | train acc: 1.000 | train loss: 0.000 |test acc: 0.671 (0.657, 0.695) | test eod gap: 0.2270
 32.86% | time:   1.4s ( 84.1m) | step:   2507 | train acc: 1.000 | train loss: 0.000 |val acc: 0.675 (0.668, 0.685) | val eod gap: 0.2394
begin calculating influence
calculating influence -- done
Use 5047 samples. Get 4023 labels. Ratio: 1.2545364156102412
Files already downloaded and verified
5047 labeled samples and 157723 unlabeled samples. Total: 162770
 33.32% | time: 678.7s ( 95.4m) | step:   2542 | train acc: 0.988 | train loss: 0.028 |test acc: 0.673 (0.675, 0.672) | test eod gap: 0.2423
 33.32% | time:   1.4s ( 95.5m) | step:   2542 | train acc: 0.988 | train loss: 0.028 |val acc: 0.680 (0.688, 0.669) | val eod gap: 0.2430
begin calculating influence
calculating influence -- done
Use 5303 samples. Get 4279 labels. Ratio: 1.239308249591026
Files already downloaded and verified
5303 labeled samples and 157467 unlabeled samples. Total: 162770
Epoch 4
 35.95% | time: 732.1s (107.7m) | step:   2743 | train acc: 1.000 | train loss: 0.000 |test acc: 0.680 (0.666, 0.703) | test eod gap: 0.2331
 35.95% | time:   1.4s (107.7m) | step:   2743 | train acc: 1.000 | train loss: 0.000 |val acc: 0.683 (0.671, 0.702) | val eod gap: 0.2107
begin calculating influence
calculating influence -- done
length of new labels 1280
Use 4279+1280 = 5559 samples.
Files already downloaded and verified
5559 labeled samples and 157211 unlabeled samples. Total: 162770
 38.58% | time: 732.7s (119.9m) | step:   2943 | train acc: 1.000 | train loss: 0.000 |test acc: 0.671 (0.656, 0.696) | test eod gap: 0.2283
 38.58% | time:   1.4s (119.9m) | step:   2943 | train acc: 1.000 | train loss: 0.000 |val acc: 0.680 (0.665, 0.704) | val eod gap: 0.1807
begin calculating influence
calculating influence -- done
Use 5815 samples. Get 4535 labels. Ratio: 1.2822491730981256
Files already downloaded and verified
5815 labeled samples and 156955 unlabeled samples. Total: 162770
 41.20% | time: 732.1s (132.1m) | step:   3143 | train acc: 1.000 | train loss: 0.000 |test acc: 0.673 (0.657, 0.697) | test eod gap: 0.2229
 41.20% | time:   1.4s (132.2m) | step:   3143 | train acc: 1.000 | train loss: 0.000 |val acc: 0.659 (0.654, 0.667) | val eod gap: 0.1733
begin calculating influence
calculating influence -- done
Use 6071 samples. Get 4791 labels. Ratio: 1.2671676059277812
Files already downloaded and verified
6071 labeled samples and 156699 unlabeled samples. Total: 162770
 41.66% | time: 675.9s (143.4m) | step:   3178 | train acc: 1.000 | train loss: 0.019 |test acc: 0.657 (0.631, 0.698) | test eod gap: 0.1761
 41.66% | time:   1.6s (143.4m) | step:   3178 | train acc: 1.000 | train loss: 0.019 |val acc: 0.648 (0.627, 0.683) | val eod gap: 0.1513
begin calculating influence
calculating influence -- done
Use 6327 samples. Get 5047 labels. Ratio: 1.2536160095106004
Files already downloaded and verified
6327 labeled samples and 156443 unlabeled samples. Total: 162770
Epoch 5
 44.29% | time: 732.0s (155.6m) | step:   3379 | train acc: 1.000 | train loss: 0.000 |test acc: 0.678 (0.665, 0.698) | test eod gap: 0.2400
 44.29% | time:   1.4s (155.7m) | step:   3379 | train acc: 1.000 | train loss: 0.000 |val acc: 0.669 (0.654, 0.693) | val eod gap: 0.2369
begin calculating influence
calculating influence -- done
Use 6583 samples. Get 5303 labels. Ratio: 1.2413728078446162
Files already downloaded and verified
6583 labeled samples and 156187 unlabeled samples. Total: 162770
 46.91% | time: 729.9s (167.8m) | step:   3579 | train acc: 1.000 | train loss: 0.000 |test acc: 0.674 (0.656, 0.704) | test eod gap: 0.2355
 46.91% | time:   1.4s (167.9m) | step:   3579 | train acc: 1.000 | train loss: 0.000 |val acc: 0.672 (0.656, 0.696) | val eod gap: 0.2049
begin calculating influence
calculating influence -- done
Use 6839 samples. Get 5559 labels. Ratio: 1.2302572405108831
Files already downloaded and verified
6839 labeled samples and 155931 unlabeled samples. Total: 162770
 49.53% | time: 732.0s (180.1m) | step:   3779 | train acc: 1.000 | train loss: 0.000 |test acc: 0.679 (0.665, 0.701) | test eod gap: 0.2425
 49.53% | time:   1.4s (180.1m) | step:   3779 | train acc: 1.000 | train loss: 0.000 |val acc: 0.672 (0.655, 0.698) | val eod gap: 0.2141
begin calculating influence
calculating influence -- done
Use 7095 samples. Get 5815 labels. Ratio: 1.2201203783319003
Files already downloaded and verified
7095 labeled samples and 155675 unlabeled samples. Total: 162770
 49.99% | time: 675.9s (191.3m) | step:   3814 | train acc: 0.973 | train loss: 0.052 |test acc: 0.672 (0.668, 0.680) | test eod gap: 0.2242
 49.99% | time:   1.5s (191.4m) | step:   3814 | train acc: 0.973 | train loss: 0.052 |val acc: 0.669 (0.658, 0.688) | val eod gap: 0.2046
begin calculating influence
calculating influence -- done
Use 7351 samples. Get 6071 labels. Ratio: 1.2108384121232088
Files already downloaded and verified
7351 labeled samples and 155419 unlabeled samples. Total: 162770
Epoch 6
 52.62% | time: 737.7s (203.7m) | step:   4014 | train acc: 1.000 | train loss: 0.002 |test acc: 0.682 (0.666, 0.707) | test eod gap: 0.2510
 52.62% | time:   1.4s (203.7m) | step:   4014 | train acc: 1.000 | train loss: 0.002 |val acc: 0.668 (0.660, 0.680) | val eod gap: 0.2225
begin calculating influence
calculating influence -- done
Use 7607 samples. Get 6327 labels. Ratio: 1.2023075707286233
Files already downloaded and verified
7607 labeled samples and 155163 unlabeled samples. Total: 162770
 55.24% | time: 739.9s (216.0m) | step:   4214 | train acc: 0.996 | train loss: 0.010 |test acc: 0.685 (0.668, 0.711) | test eod gap: 0.2354
 55.24% | time:   1.5s (216.0m) | step:   4214 | train acc: 0.996 | train loss: 0.010 |val acc: 0.690 (0.672, 0.719) | val eod gap: 0.2110
begin calculating influence
calculating influence -- done
length of new labels 1536
Use 6327+1536 = 7863 samples.
Files already downloaded and verified
7863 labeled samples and 154907 unlabeled samples. Total: 162770
 57.86% | time: 730.6s (228.2m) | step:   4414 | train acc: 1.000 | train loss: 0.001 |test acc: 0.678 (0.664, 0.701) | test eod gap: 0.2494
 57.86% | time:   1.4s (228.2m) | step:   4414 | train acc: 1.000 | train loss: 0.001 |val acc: 0.671 (0.659, 0.690) | val eod gap: 0.1954
begin calculating influence
calculating influence -- done
Use 8119 samples. Get 6583 labels. Ratio: 1.233328269785812
Files already downloaded and verified
8119 labeled samples and 154651 unlabeled samples. Total: 162770
 58.32% | time: 677.1s (239.5m) | step:   4449 | train acc: 0.988 | train loss: 0.051 |test acc: 0.675 (0.667, 0.688) | test eod gap: 0.2192
 58.32% | time:   1.4s (239.6m) | step:   4449 | train acc: 0.988 | train loss: 0.051 |val acc: 0.669 (0.654, 0.692) | val eod gap: 0.1671
begin calculating influence
calculating influence -- done
Use 8375 samples. Get 6839 labels. Ratio: 1.2245942389238194
Files already downloaded and verified
8375 labeled samples and 154395 unlabeled samples. Total: 162770
Epoch 7
 60.95% | time: 737.5s (251.8m) | step:   4650 | train acc: 1.000 | train loss: 0.000 |test acc: 0.684 (0.671, 0.706) | test eod gap: 0.2434
 60.95% | time:   1.4s (251.9m) | step:   4650 | train acc: 1.000 | train loss: 0.000 |val acc: 0.673 (0.646, 0.714) | val eod gap: 0.1903
begin calculating influence
calculating influence -- done
Use 8631 samples. Get 7095 labels. Ratio: 1.2164904862579282
Files already downloaded and verified
8631 labeled samples and 154139 unlabeled samples. Total: 162770
 63.57% | time: 736.4s (264.1m) | step:   4850 | train acc: 1.000 | train loss: 0.000 |test acc: 0.686 (0.674, 0.704) | test eod gap: 0.2443
 63.57% | time:   1.3s (264.2m) | step:   4850 | train acc: 1.000 | train loss: 0.000 |val acc: 0.675 (0.654, 0.709) | val eod gap: 0.1921
begin calculating influence
calculating influence -- done
Use 8887 samples. Get 7351 labels. Ratio: 1.2089511631070602
Files already downloaded and verified
8887 labeled samples and 153883 unlabeled samples. Total: 162770
 66.19% | time: 737.0s (276.5m) | step:   5050 | train acc: 1.000 | train loss: 0.000 |test acc: 0.685 (0.674, 0.701) | test eod gap: 0.2383
 66.19% | time:   1.4s (276.5m) | step:   5050 | train acc: 1.000 | train loss: 0.000 |val acc: 0.675 (0.647, 0.719) | val eod gap: 0.2132
begin calculating influence
calculating influence -- done
Use 9143 samples. Get 7607 labels. Ratio: 1.2019192848691995
Files already downloaded and verified
9143 labeled samples and 153627 unlabeled samples. Total: 162770
 66.65% | time: 677.1s (287.8m) | step:   5085 | train acc: 1.000 | train loss: 0.008 |test acc: 0.683 (0.663, 0.716) | test eod gap: 0.2739
 66.65% | time:   1.3s (287.8m) | step:   5085 | train acc: 1.000 | train loss: 0.008 |val acc: 0.669 (0.637, 0.721) | val eod gap: 0.2789
begin calculating influence
calculating influence -- done
Use 9399 samples. Get 7863 labels. Ratio: 1.1953452880579931
Files already downloaded and verified
9399 labeled samples and 153371 unlabeled samples. Total: 162770
Epoch 8
 69.29% | time: 736.3s (300.1m) | step:   5286 | train acc: 1.000 | train loss: 0.000 |test acc: 0.686 (0.673, 0.706) | test eod gap: 0.2591
 69.29% | time:   1.4s (300.1m) | step:   5286 | train acc: 1.000 | train loss: 0.000 |val acc: 0.686 (0.673, 0.706) | val eod gap: 0.2139
begin calculating influence
calculating influence -- done
length of new labels 1792
Use 7863+1792 = 9655 samples.
Files already downloaded and verified
9655 labeled samples and 153115 unlabeled samples. Total: 162770
 71.91% | time: 737.7s (312.4m) | step:   5486 | train acc: 1.000 | train loss: 0.001 |test acc: 0.681 (0.670, 0.698) | test eod gap: 0.2455
 71.91% | time:   1.7s (312.4m) | step:   5486 | train acc: 1.000 | train loss: 0.001 |val acc: 0.669 (0.643, 0.709) | val eod gap: 0.2081
begin calculating influence
calculating influence -- done
Use 9911 samples. Get 8119 labels. Ratio: 1.2207168370488977
Files already downloaded and verified
9911 labeled samples and 152859 unlabeled samples. Total: 162770
 74.53% | time: 736.8s (324.7m) | step:   5686 | train acc: 1.000 | train loss: 0.000 |test acc: 0.683 (0.682, 0.684) | test eod gap: 0.2565
 74.53% | time:   1.4s (324.7m) | step:   5686 | train acc: 1.000 | train loss: 0.000 |val acc: 0.673 (0.651, 0.705) | val eod gap: 0.2357
begin calculating influence
calculating influence -- done
Use 10167 samples. Get 8375 labels. Ratio: 1.2139701492537314
Files already downloaded and verified
10167 labeled samples and 152603 unlabeled samples. Total: 162770
 74.99% | time: 674.8s (335.9m) | step:   5721 | train acc: 0.996 | train loss: 0.006 |test acc: 0.685 (0.668, 0.712) | test eod gap: 0.2503
 74.99% | time:   1.4s (336.0m) | step:   5721 | train acc: 0.996 | train loss: 0.006 |val acc: 0.669 (0.640, 0.713) | val eod gap: 0.2182
begin calculating influence
calculating influence -- done
Use 10423 samples. Get 8631 labels. Ratio: 1.2076236820762367
Files already downloaded and verified
10423 labeled samples and 152347 unlabeled samples. Total: 162770
Epoch 9
 77.62% | time: 735.3s (348.2m) | step:   5922 | train acc: 1.000 | train loss: 0.001 |test acc: 0.689 (0.678, 0.708) | test eod gap: 0.2545
 77.62% | time:   1.5s (348.3m) | step:   5922 | train acc: 1.000 | train loss: 0.001 |val acc: 0.669 (0.654, 0.691) | val eod gap: 0.2660
begin calculating influence
calculating influence -- done
Use 10679 samples. Get 8887 labels. Ratio: 1.201642849105435
Files already downloaded and verified
10679 labeled samples and 152091 unlabeled samples. Total: 162770
 80.25% | time: 736.6s (360.5m) | step:   6122 | train acc: 1.000 | train loss: 0.000 |test acc: 0.689 (0.681, 0.702) | test eod gap: 0.2446
 80.25% | time:   1.5s (360.6m) | step:   6122 | train acc: 1.000 | train loss: 0.000 |val acc: 0.681 (0.658, 0.718) | val eod gap: 0.2237
begin calculating influence
calculating influence -- done
Use 10935 samples. Get 9143 labels. Ratio: 1.1959969375478507
Files already downloaded and verified
10935 labeled samples and 151835 unlabeled samples. Total: 162770
 82.87% | time: 737.0s (372.8m) | step:   6322 | train acc: 1.000 | train loss: 0.001 |test acc: 0.690 (0.678, 0.710) | test eod gap: 0.2629
 82.87% | time:   1.4s (372.9m) | step:   6322 | train acc: 1.000 | train loss: 0.001 |val acc: 0.684 (0.667, 0.710) | val eod gap: 0.2615
begin calculating influence
calculating influence -- done
length of new labels 2048
Use 9143+2048 = 11191 samples.
Files already downloaded and verified
11191 labeled samples and 151579 unlabeled samples. Total: 162770
 83.33% | time: 675.5s (384.1m) | step:   6357 | train acc: 0.992 | train loss: 0.063 |test acc: 0.671 (0.663, 0.685) | test eod gap: 0.2439
 83.33% | time:   1.5s (384.1m) | step:   6357 | train acc: 0.992 | train loss: 0.063 |val acc: 0.680 (0.654, 0.720) | val eod gap: 0.2016
begin calculating influence
calculating influence -- done
Use 11447 samples. Get 9399 labels. Ratio: 1.217895520800085
Files already downloaded and verified
11447 labeled samples and 151323 unlabeled samples. Total: 162770
Epoch 10
 85.96% | time: 736.6s (396.4m) | step:   6558 | train acc: 1.000 | train loss: 0.001 |test acc: 0.687 (0.669, 0.715) | test eod gap: 0.2357
 85.96% | time:   1.4s (396.4m) | step:   6558 | train acc: 1.000 | train loss: 0.001 |val acc: 0.678 (0.661, 0.704) | val eod gap: 0.2368
begin calculating influence
calculating influence -- done
Use 11703 samples. Get 9655 labels. Ratio: 1.2121180735370274
Files already downloaded and verified
11703 labeled samples and 151067 unlabeled samples. Total: 162770
 88.58% | time: 735.4s (408.7m) | step:   6758 | train acc: 1.000 | train loss: 0.000 |test acc: 0.690 (0.679, 0.707) | test eod gap: 0.2512
 88.58% | time:   1.3s (408.7m) | step:   6758 | train acc: 1.000 | train loss: 0.000 |val acc: 0.677 (0.646, 0.723) | val eod gap: 0.2042
begin calculating influence
calculating influence -- done
Use 11959 samples. Get 9911 labels. Ratio: 1.2066390878821511
Files already downloaded and verified
11959 labeled samples and 150811 unlabeled samples. Total: 162770
 91.20% | time: 737.2s (421.0m) | step:   6958 | train acc: 1.000 | train loss: 0.001 |test acc: 0.685 (0.667, 0.712) | test eod gap: 0.2218
 91.20% | time:   1.5s (421.0m) | step:   6958 | train acc: 1.000 | train loss: 0.001 |val acc: 0.672 (0.642, 0.718) | val eod gap: 0.2090
begin calculating influence
calculating influence -- done
Use 12215 samples. Get 10167 labels. Ratio: 1.201436018491197
Files already downloaded and verified
12215 labeled samples and 150555 unlabeled samples. Total: 162770
 91.66% | time: 677.9s (432.3m) | step:   6993 | train acc: 0.984 | train loss: 0.099 |test acc: 0.683 (0.662, 0.717) | test eod gap: 0.2206
 91.66% | time:   1.5s (432.4m) | step:   6993 | train acc: 0.984 | train loss: 0.099 |val acc: 0.673 (0.641, 0.721) | val eod gap: 0.1935
begin calculating influence
calculating influence -- done
Use 12471 samples. Get 10423 labels. Ratio: 1.1964885349707377
Files already downloaded and verified
12471 labeled samples and 150299 unlabeled samples. Total: 162770
Epoch 11
 94.30% | time: 735.4s (444.6m) | step:   7194 | train acc: 1.000 | train loss: 0.001 |test acc: 0.692 (0.675, 0.720) | test eod gap: 0.2425
 94.30% | time:   1.4s (444.6m) | step:   7194 | train acc: 1.000 | train loss: 0.001 |val acc: 0.688 (0.662, 0.728) | val eod gap: 0.2403
begin calculating influence
calculating influence -- done
length of new labels 2304
Use 10423+2304 = 12727 samples.
Files already downloaded and verified
12727 labeled samples and 150043 unlabeled samples. Total: 162770
 96.92% | time: 737.6s (456.9m) | step:   7394 | train acc: 0.996 | train loss: 0.008 |test acc: 0.685 (0.669, 0.710) | test eod gap: 0.2282
 96.92% | time:   1.5s (457.0m) | step:   7394 | train acc: 0.996 | train loss: 0.008 |val acc: 0.670 (0.642, 0.714) | val eod gap: 0.2261
begin calculating influence
calculating influence -- done
Use 12983 samples. Get 10679 labels. Ratio: 1.2157505384399288
Files already downloaded and verified
12983 labeled samples and 149787 unlabeled samples. Total: 162770
 99.54% | time: 736.9s (469.2m) | step:   7594 | train acc: 1.000 | train loss: 0.001 |test acc: 0.689 (0.673, 0.714) | test eod gap: 0.2337
 99.54% | time:   1.5s (469.3m) | step:   7594 | train acc: 1.000 | train loss: 0.001 |val acc: 0.682 (0.663, 0.711) | val eod gap: 0.2307
begin calculating influence
calculating influence -- done
Use 13239 samples. Get 10935 labels. Ratio: 1.2106995884773664
Files already downloaded and verified
13239 labeled samples and 149531 unlabeled samples. Total: 162770
100.00% | time: 677.2s (480.5m) | step:   7629 | train acc: 1.000 | train loss: 0.001 |test acc: 0.691 (0.676, 0.715) | test eod gap: 0.2247
100.00% | time:   1.3s (480.6m) | step:   7629 | train acc: 1.000 | train loss: 0.001 |val acc: 0.685 (0.666, 0.716) | val eod gap: 0.2068
begin calculating influence
calculating influence -- done
length of new labels 2560
Use 10935+2560 = 13495 samples.
Files already downloaded and verified
13495 labeled samples and 149275 unlabeled samples. Total: 162770
