Files already downloaded and verified
3255 originally labeled samples, 0 new samples, and 5500 unlabeled samples. Total: 8755
Files already downloaded and verified
3255 originally labeled samples, 0 new samples, and 159515 unlabeled samples. Total: 162770
Files already downloaded and verified
1996 originally labeled samples, 0 new samples, and 17966 unlabeled samples. Total: 19962
Numer of layers 200
train net...
train with 162770 samples (with replacement) in one epoch
Epoch 0
  2.62% | time: 100.4s (  1.7m) | step:    200 | train acc: 0.930 | train loss: 0.166 |warm_t acc: 0.681 (0.694, 0.661) | warm_t dp gap: 0.4018
  2.62% | time:   6.7s (  1.8m) | step:    200 | train acc: 0.930 | train loss: 0.166 |warm_v acc: 0.692 (0.704, 0.671) | warm_v dp gap: 0.3936
  5.24% | time:  85.4s (  3.2m) | step:    400 | train acc: 0.793 | train loss: 0.470 |warm_t acc: 0.666 (0.703, 0.605) | warm_t dp gap: 0.3363
  5.24% | time:   1.1s (  3.2m) | step:    400 | train acc: 0.793 | train loss: 0.470 |warm_v acc: 0.661 (0.690, 0.616) | warm_v dp gap: 0.3225
  7.86% | time:  84.9s (  4.6m) | step:    600 | train acc: 1.000 | train loss: 0.006 |warm_t acc: 0.695 (0.677, 0.724) | warm_t dp gap: 0.3869
  7.86% | time:   1.2s (  4.7m) | step:    600 | train acc: 1.000 | train loss: 0.006 |warm_v acc: 0.698 (0.691, 0.710) | warm_v dp gap: 0.3941
  8.32% | time:  21.5s (  5.0m) | step:    635 | train acc: 1.000 | train loss: 0.003 |warm_t acc: 0.695 (0.683, 0.715) | warm_t dp gap: 0.3887
  8.32% | time:   1.2s (  5.0m) | step:    635 | train acc: 1.000 | train loss: 0.003 |warm_v acc: 0.698 (0.683, 0.721) | warm_v dp gap: 0.3737
Epoch 1
 10.95% | time:  88.4s (  6.5m) | step:    835 | train acc: 1.000 | train loss: 0.000 |warm_t acc: 0.694 (0.682, 0.711) | warm_t dp gap: 0.3948
 10.95% | time:   1.2s (  6.5m) | step:    835 | train acc: 1.000 | train loss: 0.000 |warm_v acc: 0.695 (0.692, 0.699) | warm_v dp gap: 0.3714
 13.57% | time:  77.5s (  7.8m) | step:   1035 | train acc: 1.000 | train loss: 0.000 |warm_t acc: 0.694 (0.682, 0.713) | warm_t dp gap: 0.3954
 13.57% | time:   1.5s (  7.9m) | step:   1035 | train acc: 1.000 | train loss: 0.000 |warm_v acc: 0.689 (0.681, 0.701) | warm_v dp gap: 0.3953
 16.19% | time:  87.8s (  9.3m) | step:   1235 | train acc: 1.000 | train loss: 0.000 |warm_t acc: 0.694 (0.683, 0.712) | warm_t dp gap: 0.3953
 16.19% | time:   3.7s (  9.4m) | step:   1235 | train acc: 1.000 | train loss: 0.000 |warm_v acc: 0.684 (0.674, 0.699) | warm_v dp gap: 0.3714
 16.65% | time:  21.8s (  9.7m) | step:   1270 | train acc: 1.000 | train loss: 0.000 |warm_t acc: 0.694 (0.683, 0.712) | warm_t dp gap: 0.3956
 16.65% | time:   1.4s (  9.8m) | step:   1270 | train acc: 1.000 | train loss: 0.000 |warm_v acc: 0.694 (0.692, 0.697) | warm_v dp gap: 0.3768
Epoch 2
 19.28% | time:  79.6s ( 11.1m) | step:   1471 | train acc: 1.000 | train loss: 0.000 |test acc: 0.694 (0.682, 0.713) | test dp gap: 0.3955
 19.28% | time:   1.5s ( 11.1m) | step:   1471 | train acc: 1.000 | train loss: 0.000 |val acc: 0.702 (0.701, 0.704) | val dp gap: 0.3947
begin calculating influence
selected layers: [Traced<ShapedArray(float32[768])>with<DynamicJaxprTrace(level=0/1)>, Traced<ShapedArray(float32[8,8,3,768])>with<DynamicJaxprTrace(level=0/1)>, Traced<ShapedArray(float32[2])>with<DynamicJaxprTrace(level=0/1)>, Traced<ShapedArray(float32[768,2])>with<DynamicJaxprTrace(level=0/1)>]
[Strategy 5] Acc of expected label: 0.766
calculating influence -- done
Use 3506 samples. Get 3542 labels. Ratio: 0.9898362507058159
Files already downloaded and verified
3255 originally labeled samples, 256 new samples, and 5244 unlabeled samples. Total: 8755
begin calculating influence
[Strategy 5] Acc of expected label: 0.7059375
calculating influence -- done
[ADD ORG DATA] Use 3506 samples. Get 3842 labels. Ratio: 0.9125455491931286
Files already downloaded and verified
3255 originally labeled samples, 256 new samples, and 159259 unlabeled samples. Total: 162770
 21.90% | time: 902.8s ( 26.2m) | step:   1671 | train acc: 1.000 | train loss: 0.001 |test acc: 0.673 (0.641, 0.724) | test dp gap: 0.3560
 21.90% | time:   1.4s ( 26.2m) | step:   1671 | train acc: 1.000 | train loss: 0.001 |val acc: 0.671 (0.632, 0.735) | val dp gap: 0.3745
begin calculating influence
[Strategy 5] Acc of expected label: 0.8674675819984744
calculating influence -- done
Use 3513 samples. Get 3558 labels. Ratio: 0.9873524451939292
Files already downloaded and verified
3255 originally labeled samples, 263 new samples, and 5237 unlabeled samples. Total: 8755
begin calculating influence
[Strategy 5] Acc of expected label: 0.680078125
calculating influence -- done
[ADD ORG DATA] Use 3513 samples. Get 4223 labels. Ratio: 0.8318730760123135
Files already downloaded and verified
3255 originally labeled samples, 512 new samples, and 159003 unlabeled samples. Total: 162770
 24.52% | time: 893.2s ( 41.1m) | step:   1871 | train acc: 0.969 | train loss: 0.091 |test acc: 0.670 (0.658, 0.690) | test dp gap: 0.3325
 24.52% | time:   1.5s ( 41.1m) | step:   1871 | train acc: 0.969 | train loss: 0.091 |val acc: 0.676 (0.668, 0.689) | val dp gap: 0.3368
begin calculating influence
[Strategy 5] Acc of expected label: 0.8023677678059958
calculating influence -- done
Use 3524 samples. Get 3579 labels. Ratio: 0.9846325789326628
Files already downloaded and verified
3255 originally labeled samples, 274 new samples, and 5226 unlabeled samples. Total: 8755
begin calculating influence
[Strategy 5] Acc of expected label: 0.6841796875
calculating influence -- done
[ADD ORG DATA] Use 3524 samples. Get 4886 labels. Ratio: 0.7212443716741711
Files already downloaded and verified
3255 originally labeled samples, 768 new samples, and 158747 unlabeled samples. Total: 162770
 24.98% | time: 825.5s ( 54.9m) | step:   1906 | train acc: 1.000 | train loss: 0.001 |test acc: 0.685 (0.670, 0.709) | test dp gap: 0.3835
 24.98% | time:   1.6s ( 54.9m) | step:   1906 | train acc: 1.000 | train loss: 0.001 |val acc: 0.696 (0.672, 0.733) | val dp gap: 0.3724
begin calculating influence
[Strategy 5] Acc of expected label: 0.851894374282434
calculating influence -- done
Use 3527 samples. Get 3586 labels. Ratio: 0.9835471277189068
Files already downloaded and verified
3255 originally labeled samples, 278 new samples, and 5222 unlabeled samples. Total: 8755
begin calculating influence
[Strategy 5] Acc of expected label: 0.70046875
calculating influence -- done
[ADD ORG DATA] Use 3527 samples. Get 5554 labels. Ratio: 0.6350378105869644
Files already downloaded and verified
3255 originally labeled samples, 1024 new samples, and 158491 unlabeled samples. Total: 162770
Epoch 3
 27.62% | time: 909.7s ( 70.0m) | step:   2107 | train acc: 0.883 | train loss: 0.225 |test acc: 0.674 (0.652, 0.708) | test dp gap: 0.3238
 27.62% | time:   1.4s ( 70.1m) | step:   2107 | train acc: 0.883 | train loss: 0.225 |val acc: 0.704 (0.681, 0.740) | val dp gap: 0.3221
begin calculating influence
[Strategy 5] Acc of expected label: 0.8510149368058215
calculating influence -- done
Use 3549 samples. Get 3661 labels. Ratio: 0.9694072657743786
Files already downloaded and verified
3255 originally labeled samples, 300 new samples, and 5200 unlabeled samples. Total: 8755
begin calculating influence
[Strategy 5] Acc of expected label: 0.6808984375
calculating influence -- done
[ADD ORG DATA] Use 3549 samples. Get 6103 labels. Ratio: 0.5815172865803703
Files already downloaded and verified
3255 originally labeled samples, 1280 new samples, and 158235 unlabeled samples. Total: 162770
 30.24% | time: 903.4s ( 85.1m) | step:   2307 | train acc: 0.980 | train loss: 0.055 |test acc: 0.682 (0.668, 0.705) | test dp gap: 0.3557
 30.24% | time:   1.6s ( 85.2m) | step:   2307 | train acc: 0.980 | train loss: 0.055 |val acc: 0.687 (0.655, 0.738) | val dp gap: 0.3547
begin calculating influence
[Strategy 5] Acc of expected label: 0.8323076923076923
calculating influence -- done
Use 3691 samples. Get 3828 labels. Ratio: 0.9642110762800418
Files already downloaded and verified
3255 originally labeled samples, 444 new samples, and 5056 unlabeled samples. Total: 8755
begin calculating influence
[Strategy 5] Acc of expected label: 0.6921875
calculating influence -- done
[ADD ORG DATA] Use 3691 samples. Get 6679 labels. Ratio: 0.5526276388680941
Files already downloaded and verified
3255 originally labeled samples, 1536 new samples, and 157979 unlabeled samples. Total: 162770
 32.86% | time: 910.1s (100.3m) | step:   2507 | train acc: 1.000 | train loss: 0.001 |test acc: 0.685 (0.660, 0.725) | test dp gap: 0.3634
 32.86% | time:   1.3s (100.3m) | step:   2507 | train acc: 1.000 | train loss: 0.001 |val acc: 0.692 (0.667, 0.732) | val dp gap: 0.3588
begin calculating influence
[Strategy 5] Acc of expected label: 0.8463212025316456
calculating influence -- done
Use 3709 samples. Get 3884 labels. Ratio: 0.9549433573635427
Files already downloaded and verified
3255 originally labeled samples, 462 new samples, and 5038 unlabeled samples. Total: 8755
begin calculating influence
[Strategy 5] Acc of expected label: 0.6908984375
calculating influence -- done
[ADD ORG DATA] Use 3709 samples. Get 7294 labels. Ratio: 0.5085001370989854
Files already downloaded and verified
3255 originally labeled samples, 1792 new samples, and 157723 unlabeled samples. Total: 162770
 33.32% | time: 836.8s (114.3m) | step:   2542 | train acc: 1.000 | train loss: 0.000 |test acc: 0.684 (0.659, 0.723) | test dp gap: 0.3613
 33.32% | time:   1.6s (114.3m) | step:   2542 | train acc: 1.000 | train loss: 0.000 |val acc: 0.688 (0.660, 0.732) | val dp gap: 0.3436
begin calculating influence
[Strategy 5] Acc of expected label: 0.8366415244144502
calculating influence -- done
Use 3735 samples. Get 3923 labels. Ratio: 0.9520774917155238
Files already downloaded and verified
3255 originally labeled samples, 488 new samples, and 5012 unlabeled samples. Total: 8755
begin calculating influence
[Strategy 5] Acc of expected label: 0.6931640625
calculating influence -- done
[ADD ORG DATA] Use 3735 samples. Get 7783 labels. Ratio: 0.4798920724656302
Files already downloaded and verified
3255 originally labeled samples, 2048 new samples, and 157467 unlabeled samples. Total: 162770
Epoch 4
 35.95% | time: 904.3s (129.4m) | step:   2743 | train acc: 1.000 | train loss: 0.001 |test acc: 0.679 (0.660, 0.709) | test dp gap: 0.3505
 35.95% | time:   1.5s (129.4m) | step:   2743 | train acc: 1.000 | train loss: 0.001 |val acc: 0.690 (0.668, 0.724) | val dp gap: 0.3300
begin calculating influence
[Strategy 5] Acc of expected label: 0.8389864325618516
calculating influence -- done
Use 3808 samples. Get 4013 labels. Ratio: 0.9489160229254922
Files already downloaded and verified
3255 originally labeled samples, 563 new samples, and 4937 unlabeled samples. Total: 8755
begin calculating influence
[Strategy 5] Acc of expected label: 0.68359375
calculating influence -- done
[ADD ORG DATA] Use 3808 samples. Get 8350 labels. Ratio: 0.4560479041916168
Files already downloaded and verified
3255 originally labeled samples, 2304 new samples, and 157211 unlabeled samples. Total: 162770
 38.58% | time: 875.6s (144.0m) | step:   2943 | train acc: 1.000 | train loss: 0.010 |test acc: 0.564 (0.489, 0.684) | test dp gap: 0.0253
 38.58% | time:   1.5s (144.0m) | step:   2943 | train acc: 1.000 | train loss: 0.010 |val acc: 0.564 (0.495, 0.672) | val dp gap: 0.0185
begin calculating influence
[Strategy 5] Acc of expected label: 0.8199311322665587
calculating influence -- done
Use 4058 samples. Get 4295 labels. Ratio: 0.9448195576251455
Files already downloaded and verified
3255 originally labeled samples, 819 new samples, and 4681 unlabeled samples. Total: 8755
begin calculating influence
[Strategy 5] Acc of expected label: 0.5632421875
calculating influence -- done
[ADD ORG DATA] Use 4058 samples. Get 8691 labels. Ratio: 0.4669198020941204
Files already downloaded and verified
3255 originally labeled samples, 2560 new samples, and 156955 unlabeled samples. Total: 162770
 41.20% | time: 878.1s (158.7m) | step:   3143 | train acc: 1.000 | train loss: 0.002 |test acc: 0.576 (0.486, 0.719) | test dp gap: 0.0389
 41.20% | time:   1.5s (158.7m) | step:   3143 | train acc: 1.000 | train loss: 0.002 |val acc: 0.577 (0.504, 0.695) | val dp gap: 0.0212
begin calculating influence
[Strategy 5] Acc of expected label: 0.8506729331339458
calculating influence -- done
Use 4304 samples. Get 4559 labels. Ratio: 0.9440666812897566
Files already downloaded and verified
3255 originally labeled samples, 1066 new samples, and 4434 unlabeled samples. Total: 8755
begin calculating influence
[Strategy 5] Acc of expected label: 0.5759375
calculating influence -- done
[ADD ORG DATA] Use 4304 samples. Get 9161 labels. Ratio: 0.469817705490667
Files already downloaded and verified
3255 originally labeled samples, 2816 new samples, and 156699 unlabeled samples. Total: 162770
 41.66% | time: 763.7s (171.4m) | step:   3178 | train acc: 0.992 | train loss: 0.022 |test acc: 0.620 (0.576, 0.690) | test dp gap: 0.1624
 41.66% | time:   1.9s (171.4m) | step:   3178 | train acc: 0.992 | train loss: 0.022 |val acc: 0.614 (0.578, 0.669) | val dp gap: 0.1229
begin calculating influence
[Strategy 5] Acc of expected label: 0.8574650428506991
calculating influence -- done
Use 4362 samples. Get 4617 labels. Ratio: 0.944769330734243
Files already downloaded and verified
3255 originally labeled samples, 1125 new samples, and 4375 unlabeled samples. Total: 8755
begin calculating influence
[Strategy 5] Acc of expected label: 0.623984375
calculating influence -- done
[ADD ORG DATA] Use 4362 samples. Get 9715 labels. Ratio: 0.4489963973237262
Files already downloaded and verified
3255 originally labeled samples, 3072 new samples, and 156443 unlabeled samples. Total: 162770
Epoch 5
 44.29% | time: 869.2s (185.9m) | step:   3379 | train acc: 1.000 | train loss: 0.009 |test acc: 0.626 (0.547, 0.750) | test dp gap: 0.1438
 44.29% | time:   1.5s (186.0m) | step:   3379 | train acc: 1.000 | train loss: 0.009 |val acc: 0.633 (0.546, 0.769) | val dp gap: 0.1496
begin calculating influence
[Strategy 5] Acc of expected label: 0.8612571428571428
calculating influence -- done
Use 4374 samples. Get 4657 labels. Ratio: 0.9392312647627228
Files already downloaded and verified
3255 originally labeled samples, 1137 new samples, and 4363 unlabeled samples. Total: 8755
begin calculating influence
[Strategy 5] Acc of expected label: 0.616796875
calculating influence -- done
[ADD ORG DATA] Use 4374 samples. Get 10248 labels. Ratio: 0.4268149882903981
Files already downloaded and verified
3255 originally labeled samples, 3328 new samples, and 156187 unlabeled samples. Total: 162770
 46.91% | time: 836.2s (199.9m) | step:   3579 | train acc: 1.000 | train loss: 0.001 |test acc: 0.625 (0.559, 0.730) | test dp gap: 0.1576
 46.91% | time:   1.4s (199.9m) | step:   3579 | train acc: 1.000 | train loss: 0.001 |val acc: 0.622 (0.568, 0.708) | val dp gap: 0.1574
begin calculating influence
[Strategy 5] Acc of expected label: 0.8601879440751776
calculating influence -- done
Use 4381 samples. Get 4669 labels. Ratio: 0.9383165560077105
Files already downloaded and verified
3255 originally labeled samples, 1145 new samples, and 4355 unlabeled samples. Total: 8755
begin calculating influence
[Strategy 5] Acc of expected label: 0.6234375
calculating influence -- done
[ADD ORG DATA] Use 4381 samples. Get 10766 labels. Ratio: 0.40692922162362993
Files already downloaded and verified
3255 originally labeled samples, 3551 new samples, and 155964 unlabeled samples. Total: 162770
 49.53% | time: 862.3s (214.3m) | step:   3779 | train acc: 1.000 | train loss: 0.002 |test acc: 0.661 (0.615, 0.735) | test dp gap: 0.2515
 49.53% | time:   1.5s (214.3m) | step:   3779 | train acc: 1.000 | train loss: 0.002 |val acc: 0.663 (0.621, 0.732) | val dp gap: 0.2523
begin calculating influence
[Strategy 5] Acc of expected label: 0.8578645235361654
calculating influence -- done
Use 4387 samples. Get 4680 labels. Ratio: 0.9373931623931624
Files already downloaded and verified
3255 originally labeled samples, 1151 new samples, and 4349 unlabeled samples. Total: 8755
begin calculating influence
[Strategy 5] Acc of expected label: 0.660234375
calculating influence -- done
[ADD ORG DATA] Use 4387 samples. Get 11237 labels. Ratio: 0.39040669217762747
Files already downloaded and verified
3255 originally labeled samples, 3769 new samples, and 155746 unlabeled samples. Total: 162770
 49.99% | time: 794.5s (227.6m) | step:   3814 | train acc: 1.000 | train loss: 0.000 |test acc: 0.627 (0.563, 0.729) | test dp gap: 0.1761
 49.99% | time:   1.5s (227.6m) | step:   3814 | train acc: 1.000 | train loss: 0.000 |val acc: 0.633 (0.585, 0.710) | val dp gap: 0.1795
begin calculating influence
[Strategy 5] Acc of expected label: 0.861807312025753
calculating influence -- done
Use 4396 samples. Get 4700 labels. Ratio: 0.9353191489361702
Files already downloaded and verified
3255 originally labeled samples, 1160 new samples, and 4340 unlabeled samples. Total: 8755
begin calculating influence
[Strategy 5] Acc of expected label: 0.6259375
calculating influence -- done
[ADD ORG DATA] Use 4396 samples. Get 11780 labels. Ratio: 0.3731748726655348
Files already downloaded and verified
3255 originally labeled samples, 4025 new samples, and 155490 unlabeled samples. Total: 162770
Epoch 6
 52.62% | time: 867.9s (242.0m) | step:   4014 | train acc: 1.000 | train loss: 0.001 |test acc: 0.608 (0.531, 0.731) | test dp gap: 0.1258
 52.62% | time:   1.5s (242.1m) | step:   4014 | train acc: 1.000 | train loss: 0.001 |val acc: 0.620 (0.544, 0.736) | val dp gap: 0.1386
begin calculating influence
[Strategy 5] Acc of expected label: 0.8580645161290322
calculating influence -- done
Use 4398 samples. Get 4704 labels. Ratio: 0.9349489795918368
Files already downloaded and verified
3255 originally labeled samples, 1162 new samples, and 4338 unlabeled samples. Total: 8755
begin calculating influence
[Strategy 5] Acc of expected label: 0.6048046875
calculating influence -- done
[ADD ORG DATA] Use 4398 samples. Get 12156 labels. Ratio: 0.3617966436327739
Files already downloaded and verified
3255 originally labeled samples, 4198 new samples, and 155317 unlabeled samples. Total: 162770
 55.24% | time: 874.8s (256.7m) | step:   4214 | train acc: 1.000 | train loss: 0.000 |test acc: 0.642 (0.599, 0.710) | test dp gap: 0.1863
 55.24% | time:   1.5s (256.7m) | step:   4214 | train acc: 1.000 | train loss: 0.000 |val acc: 0.645 (0.599, 0.716) | val dp gap: 0.1816
begin calculating influence
[Strategy 5] Acc of expected label: 0.8570769940064545
calculating influence -- done
Use 4406 samples. Get 4717 labels. Ratio: 0.9340682637269451
Files already downloaded and verified
3255 originally labeled samples, 1170 new samples, and 4330 unlabeled samples. Total: 8755
begin calculating influence
[Strategy 5] Acc of expected label: 0.648984375
calculating influence -- done
[ADD ORG DATA] Use 4406 samples. Get 12789 labels. Ratio: 0.34451481742122136
Files already downloaded and verified
3255 originally labeled samples, 4454 new samples, and 155061 unlabeled samples. Total: 162770
 57.86% | time: 884.9s (271.4m) | step:   4414 | train acc: 1.000 | train loss: 0.000 |test acc: 0.631 (0.582, 0.709) | test dp gap: 0.1601
 57.86% | time:   1.4s (271.5m) | step:   4414 | train acc: 1.000 | train loss: 0.000 |val acc: 0.634 (0.586, 0.707) | val dp gap: 0.1256
begin calculating influence
[Strategy 5] Acc of expected label: 0.8556581986143187
calculating influence -- done
Use 4408 samples. Get 4720 labels. Ratio: 0.9338983050847458
Files already downloaded and verified
3255 originally labeled samples, 1172 new samples, and 4328 unlabeled samples. Total: 8755
begin calculating influence
[Strategy 5] Acc of expected label: 0.63078125
calculating influence -- done
[ADD ORG DATA] Use 4408 samples. Get 13392 labels. Ratio: 0.3291517323775388
Files already downloaded and verified
3255 originally labeled samples, 4710 new samples, and 154805 unlabeled samples. Total: 162770
 58.32% | time: 799.0s (284.8m) | step:   4449 | train acc: 0.961 | train loss: 0.103 |test acc: 0.633 (0.614, 0.662) | test dp gap: 0.1449
 58.32% | time:   1.5s (284.8m) | step:   4449 | train acc: 0.961 | train loss: 0.103 |val acc: 0.652 (0.637, 0.675) | val dp gap: 0.1105
begin calculating influence
[Strategy 5] Acc of expected label: 0.8500462107208873
calculating influence -- done
Use 4414 samples. Get 4733 labels. Ratio: 0.9326008873864357
Files already downloaded and verified
3255 originally labeled samples, 1179 new samples, and 4321 unlabeled samples. Total: 8755
begin calculating influence
[Strategy 5] Acc of expected label: 0.6363671875
calculating influence -- done
[ADD ORG DATA] Use 4414 samples. Get 14105 labels. Ratio: 0.3129386742289968
Files already downloaded and verified
3255 originally labeled samples, 4966 new samples, and 154549 unlabeled samples. Total: 162770
Epoch 7
 60.95% | time: 900.0s (299.8m) | step:   4650 | train acc: 1.000 | train loss: 0.000 |test acc: 0.606 (0.542, 0.708) | test dp gap: 0.1077
 60.95% | time:   1.5s (299.8m) | step:   4650 | train acc: 1.000 | train loss: 0.000 |val acc: 0.630 (0.577, 0.712) | val dp gap: 0.1073
begin calculating influence
[Strategy 5] Acc of expected label: 0.8599861143253876
calculating influence -- done
Use 4422 samples. Get 4749 labels. Ratio: 0.9311433986102338
Files already downloaded and verified
3255 originally labeled samples, 1187 new samples, and 4313 unlabeled samples. Total: 8755
begin calculating influence
[Strategy 5] Acc of expected label: 0.6093359375
calculating influence -- done
[ADD ORG DATA] Use 4422 samples. Get 14796 labels. Ratio: 0.2988645579886456
Files already downloaded and verified
3255 originally labeled samples, 5222 new samples, and 154293 unlabeled samples. Total: 162770
 63.57% | time: 891.0s (314.7m) | step:   4850 | train acc: 1.000 | train loss: 0.002 |test acc: 0.643 (0.621, 0.678) | test dp gap: 0.1951
 63.57% | time:   1.5s (314.7m) | step:   4850 | train acc: 1.000 | train loss: 0.002 |val acc: 0.671 (0.633, 0.731) | val dp gap: 0.1871
begin calculating influence
[Strategy 5] Acc of expected label: 0.8571759795965685
calculating influence -- done
Use 4437 samples. Get 4768 labels. Ratio: 0.9305788590604027
Files already downloaded and verified
3255 originally labeled samples, 1203 new samples, and 4297 unlabeled samples. Total: 8755
begin calculating influence
[Strategy 5] Acc of expected label: 0.649609375
calculating influence -- done
[ADD ORG DATA] Use 4437 samples. Get 15452 labels. Ratio: 0.2871472948485633
Files already downloaded and verified
3255 originally labeled samples, 5478 new samples, and 154037 unlabeled samples. Total: 162770
 66.19% | time: 882.4s (329.4m) | step:   5050 | train acc: 1.000 | train loss: 0.000 |test acc: 0.611 (0.571, 0.676) | test dp gap: 0.1179
 66.19% | time:   1.5s (329.4m) | step:   5050 | train acc: 1.000 | train loss: 0.000 |val acc: 0.616 (0.575, 0.681) | val dp gap: 0.0895
begin calculating influence
[Strategy 5] Acc of expected label: 0.8587386548754945
calculating influence -- done
Use 4446 samples. Get 4787 labels. Ratio: 0.9287654063087529
Files already downloaded and verified
3255 originally labeled samples, 1212 new samples, and 4288 unlabeled samples. Total: 8755
begin calculating influence
[Strategy 5] Acc of expected label: 0.6171484375
calculating influence -- done
[ADD ORG DATA] Use 4446 samples. Get 16057 labels. Ratio: 0.27688858441801084
Files already downloaded and verified
3255 originally labeled samples, 5734 new samples, and 153781 unlabeled samples. Total: 162770
 66.65% | time: 810.3s (342.9m) | step:   5085 | train acc: 1.000 | train loss: 0.001 |test acc: 0.633 (0.603, 0.679) | test dp gap: 0.1557
 66.65% | time:   1.5s (343.0m) | step:   5085 | train acc: 1.000 | train loss: 0.001 |val acc: 0.649 (0.617, 0.701) | val dp gap: 0.1289
begin calculating influence
[Strategy 5] Acc of expected label: 0.8570429104477612
calculating influence -- done
Use 4455 samples. Get 4801 labels. Ratio: 0.9279316808998126
Files already downloaded and verified
3255 originally labeled samples, 1221 new samples, and 4279 unlabeled samples. Total: 8755
begin calculating influence
[Strategy 5] Acc of expected label: 0.637421875
calculating influence -- done
[ADD ORG DATA] Use 4455 samples. Get 16771 labels. Ratio: 0.2656371116808777
Files already downloaded and verified
3255 originally labeled samples, 5990 new samples, and 153525 unlabeled samples. Total: 162770
Epoch 8
 69.29% | time: 891.5s (357.8m) | step:   5286 | train acc: 0.906 | train loss: 0.221 |test acc: 0.610 (0.586, 0.649) | test dp gap: 0.1216
 69.29% | time:   1.5s (357.8m) | step:   5286 | train acc: 0.906 | train loss: 0.221 |val acc: 0.618 (0.583, 0.671) | val dp gap: 0.0980
begin calculating influence
[Strategy 5] Acc of expected label: 0.8611825192802056
calculating influence -- done
Use 4465 samples. Get 4812 labels. Ratio: 0.9278886118038238
Files already downloaded and verified
3255 originally labeled samples, 1231 new samples, and 4269 unlabeled samples. Total: 8755
begin calculating influence
[Strategy 5] Acc of expected label: 0.6112109375
calculating influence -- done
[ADD ORG DATA] Use 4465 samples. Get 17420 labels. Ratio: 0.2563145809414466
Files already downloaded and verified
3255 originally labeled samples, 6246 new samples, and 153269 unlabeled samples. Total: 162770
 71.91% | time: 878.8s (372.5m) | step:   5486 | train acc: 1.000 | train loss: 0.001 |test acc: 0.633 (0.631, 0.635) | test dp gap: 0.1827
 71.91% | time:   1.4s (372.5m) | step:   5486 | train acc: 1.000 | train loss: 0.001 |val acc: 0.650 (0.638, 0.669) | val dp gap: 0.1622
begin calculating influence
[Strategy 5] Acc of expected label: 0.8641368001873975
calculating influence -- done
Use 4472 samples. Get 4820 labels. Ratio: 0.9278008298755187
Files already downloaded and verified
3255 originally labeled samples, 1238 new samples, and 4262 unlabeled samples. Total: 8755
begin calculating influence
[Strategy 5] Acc of expected label: 0.6485546875
calculating influence -- done
[ADD ORG DATA] Use 4472 samples. Get 18037 labels. Ratio: 0.24793480068747575
Files already downloaded and verified
3255 originally labeled samples, 6502 new samples, and 153013 unlabeled samples. Total: 162770
 74.53% | time: 889.0s (387.3m) | step:   5686 | train acc: 1.000 | train loss: 0.000 |test acc: 0.619 (0.586, 0.672) | test dp gap: 0.1289
 74.53% | time:   1.5s (387.3m) | step:   5686 | train acc: 1.000 | train loss: 0.000 |val acc: 0.612 (0.575, 0.672) | val dp gap: 0.1178
begin calculating influence
[Strategy 5] Acc of expected label: 0.8643829188174565
calculating influence -- done
Use 4480 samples. Get 4832 labels. Ratio: 0.9271523178807947
Files already downloaded and verified
3255 originally labeled samples, 1246 new samples, and 4254 unlabeled samples. Total: 8755
begin calculating influence
[Strategy 5] Acc of expected label: 0.618828125
calculating influence -- done
[ADD ORG DATA] Use 4480 samples. Get 18661 labels. Ratio: 0.2400728792669203
Files already downloaded and verified
3255 originally labeled samples, 6758 new samples, and 152757 unlabeled samples. Total: 162770
 74.99% | time: 817.7s (401.0m) | step:   5721 | train acc: 0.996 | train loss: 0.006 |test acc: 0.623 (0.584, 0.685) | test dp gap: 0.1593
 74.99% | time:   1.5s (401.0m) | step:   5721 | train acc: 0.996 | train loss: 0.006 |val acc: 0.627 (0.584, 0.696) | val dp gap: 0.1639
begin calculating influence
[Strategy 5] Acc of expected label: 0.8674188998589563
calculating influence -- done
Use 4481 samples. Get 4838 labels. Ratio: 0.9262091773460107
Files already downloaded and verified
3255 originally labeled samples, 1247 new samples, and 4253 unlabeled samples. Total: 8755
begin calculating influence
[Strategy 5] Acc of expected label: 0.6215625
calculating influence -- done
[ADD ORG DATA] Use 4481 samples. Get 19266 labels. Ratio: 0.23258590262638845
Files already downloaded and verified
3255 originally labeled samples, 7014 new samples, and 152501 unlabeled samples. Total: 162770
Epoch 9
 77.62% | time: 897.1s (416.0m) | step:   5922 | train acc: 1.000 | train loss: 0.000 |test acc: 0.619 (0.629, 0.602) | test dp gap: 0.1425
 77.62% | time:   1.5s (416.0m) | step:   5922 | train acc: 1.000 | train loss: 0.000 |val acc: 0.622 (0.625, 0.618) | val dp gap: 0.1324
begin calculating influence
[Strategy 5] Acc of expected label: 0.8648013167176111
calculating influence -- done
Use 4493 samples. Get 4855 labels. Ratio: 0.925437693099897
Files already downloaded and verified
3255 originally labeled samples, 1261 new samples, and 4239 unlabeled samples. Total: 8755
begin calculating influence
[Strategy 5] Acc of expected label: 0.6281640625
calculating influence -- done
[ADD ORG DATA] Use 4493 samples. Get 19861 labels. Ratio: 0.22622224459996979
Files already downloaded and verified
3255 originally labeled samples, 7270 new samples, and 152245 unlabeled samples. Total: 162770
 80.25% | time: 883.0s (430.7m) | step:   6122 | train acc: 1.000 | train loss: 0.001 |test acc: 0.609 (0.584, 0.648) | test dp gap: 0.1126
 80.25% | time:   1.3s (430.7m) | step:   6122 | train acc: 1.000 | train loss: 0.001 |val acc: 0.622 (0.599, 0.657) | val dp gap: 0.0656
begin calculating influence
[Strategy 5] Acc of expected label: 0.8589289926869544
calculating influence -- done
Use 4509 samples. Get 4870 labels. Ratio: 0.9258726899383983
Files already downloaded and verified
3255 originally labeled samples, 1278 new samples, and 4222 unlabeled samples. Total: 8755
begin calculating influence
[Strategy 5] Acc of expected label: 0.6135546875
calculating influence -- done
[ADD ORG DATA] Use 4509 samples. Get 20426 labels. Ratio: 0.2207480661901498
Files already downloaded and verified
3255 originally labeled samples, 7526 new samples, and 151989 unlabeled samples. Total: 162770
 82.87% | time: 893.0s (445.6m) | step:   6322 | train acc: 1.000 | train loss: 0.000 |test acc: 0.626 (0.601, 0.665) | test dp gap: 0.1595
 82.87% | time:   1.2s (445.6m) | step:   6322 | train acc: 1.000 | train loss: 0.000 |val acc: 0.626 (0.608, 0.654) | val dp gap: 0.1408
begin calculating influence
[Strategy 5] Acc of expected label: 0.866887730933207
calculating influence -- done
Use 4512 samples. Get 4873 labels. Ratio: 0.9259183254668581
Files already downloaded and verified
3255 originally labeled samples, 1281 new samples, and 4219 unlabeled samples. Total: 8755
begin calculating influence
[Strategy 5] Acc of expected label: 0.6326171875
calculating influence -- done
[ADD ORG DATA] Use 4512 samples. Get 21029 labels. Ratio: 0.21456084454800514
Files already downloaded and verified
3255 originally labeled samples, 7782 new samples, and 151733 unlabeled samples. Total: 162770
 83.33% | time: 809.0s (459.1m) | step:   6357 | train acc: 1.000 | train loss: 0.000 |test acc: 0.615 (0.586, 0.661) | test dp gap: 0.1280
 83.33% | time:   1.4s (459.1m) | step:   6357 | train acc: 1.000 | train loss: 0.000 |val acc: 0.607 (0.583, 0.646) | val dp gap: 0.0987
begin calculating influence
[Strategy 5] Acc of expected label: 0.8670301019198863
calculating influence -- done
Use 4515 samples. Get 4876 labels. Ratio: 0.9259639048400328
Files already downloaded and verified
3255 originally labeled samples, 1284 new samples, and 4216 unlabeled samples. Total: 8755
begin calculating influence
[Strategy 5] Acc of expected label: 0.6148828125
calculating influence -- done
[ADD ORG DATA] Use 4515 samples. Get 21619 labels. Ratio: 0.20884407234377167
Files already downloaded and verified
3255 originally labeled samples, 8038 new samples, and 151477 unlabeled samples. Total: 162770
Epoch 10
 85.96% | time: 893.3s (474.0m) | step:   6558 | train acc: 1.000 | train loss: 0.000 |test acc: 0.622 (0.595, 0.666) | test dp gap: 0.1390
 85.96% | time:   1.5s (474.0m) | step:   6558 | train acc: 1.000 | train loss: 0.000 |val acc: 0.620 (0.594, 0.662) | val dp gap: 0.1030
begin calculating influence
[Strategy 5] Acc of expected label: 0.87073055028463
calculating influence -- done
Use 4519 samples. Get 4881 labels. Ratio: 0.9258348699037082
Files already downloaded and verified
3255 originally labeled samples, 1288 new samples, and 4212 unlabeled samples. Total: 8755
begin calculating influence
[Strategy 5] Acc of expected label: 0.621953125
calculating influence -- done
[ADD ORG DATA] Use 4519 samples. Get 22219 labels. Ratio: 0.20338449075115891
Files already downloaded and verified
3255 originally labeled samples, 8294 new samples, and 151221 unlabeled samples. Total: 162770
 88.58% | time: 892.7s (488.9m) | step:   6758 | train acc: 1.000 | train loss: 0.000 |test acc: 0.626 (0.600, 0.668) | test dp gap: 0.1493
 88.58% | time:   1.5s (488.9m) | step:   6758 | train acc: 1.000 | train loss: 0.000 |val acc: 0.650 (0.637, 0.671) | val dp gap: 0.1375
begin calculating influence
[Strategy 5] Acc of expected label: 0.8613485280151947
calculating influence -- done
Use 4536 samples. Get 4898 labels. Ratio: 0.926092282564312
Files already downloaded and verified
3255 originally labeled samples, 1305 new samples, and 4195 unlabeled samples. Total: 8755
begin calculating influence
[Strategy 5] Acc of expected label: 0.62796875
calculating influence -- done
[ADD ORG DATA] Use 4536 samples. Get 22893 labels. Ratio: 0.19813916917835145
Files already downloaded and verified
3255 originally labeled samples, 8550 new samples, and 150965 unlabeled samples. Total: 162770
 91.20% | time: 879.9s (503.6m) | step:   6958 | train acc: 0.996 | train loss: 0.004 |test acc: 0.651 (0.631, 0.682) | test dp gap: 0.2057
 91.20% | time:   1.5s (503.6m) | step:   6958 | train acc: 0.996 | train loss: 0.004 |val acc: 0.661 (0.645, 0.686) | val dp gap: 0.2141
begin calculating influence
[Strategy 5] Acc of expected label: 0.866746126340882
calculating influence -- done
Use 4542 samples. Get 4904 labels. Ratio: 0.9261827079934747
Files already downloaded and verified
3255 originally labeled samples, 1311 new samples, and 4189 unlabeled samples. Total: 8755
begin calculating influence
[Strategy 5] Acc of expected label: 0.6523828125
calculating influence -- done
[ADD ORG DATA] Use 4542 samples. Get 23454 labels. Ratio: 0.19365566641084678
Files already downloaded and verified
3255 originally labeled samples, 8806 new samples, and 150709 unlabeled samples. Total: 162770
 91.66% | time: 806.0s (517.1m) | step:   6993 | train acc: 1.000 | train loss: 0.000 |test acc: 0.626 (0.604, 0.661) | test dp gap: 0.1397
 91.66% | time:   1.5s (517.1m) | step:   6993 | train acc: 1.000 | train loss: 0.000 |val acc: 0.621 (0.599, 0.658) | val dp gap: 0.1162
begin calculating influence
[Strategy 5] Acc of expected label: 0.8691811888278825
calculating influence -- done
Use 4546 samples. Get 4909 labels. Ratio: 0.9260541861886331
Files already downloaded and verified
3255 originally labeled samples, 1315 new samples, and 4185 unlabeled samples. Total: 8755
begin calculating influence
[Strategy 5] Acc of expected label: 0.624453125
calculating influence -- done
[ADD ORG DATA] Use 4546 samples. Get 24024 labels. Ratio: 0.18922743922743923
Files already downloaded and verified
3255 originally labeled samples, 9062 new samples, and 150453 unlabeled samples. Total: 162770
Epoch 11
 94.30% | time: 877.4s (531.7m) | step:   7194 | train acc: 1.000 | train loss: 0.000 |test acc: 0.611 (0.581, 0.659) | test dp gap: 0.1330
 94.30% | time:   1.4s (531.7m) | step:   7194 | train acc: 1.000 | train loss: 0.000 |val acc: 0.600 (0.584, 0.623) | val dp gap: 0.0872
begin calculating influence
[Strategy 5] Acc of expected label: 0.8707287933094384
calculating influence -- done
Use 4549 samples. Get 4910 labels. Ratio: 0.9264765784114053
Files already downloaded and verified
3255 originally labeled samples, 1318 new samples, and 4182 unlabeled samples. Total: 8755
begin calculating influence
[Strategy 5] Acc of expected label: 0.6057421875
calculating influence -- done
[ADD ORG DATA] Use 4549 samples. Get 24616 labels. Ratio: 0.18479850503737408
Files already downloaded and verified
3255 originally labeled samples, 9318 new samples, and 150197 unlabeled samples. Total: 162770
 96.92% | time: 880.4s (546.4m) | step:   7394 | train acc: 1.000 | train loss: 0.001 |test acc: 0.632 (0.634, 0.627) | test dp gap: 0.1652
 96.92% | time:   1.4s (546.4m) | step:   7394 | train acc: 1.000 | train loss: 0.001 |val acc: 0.648 (0.658, 0.633) | val dp gap: 0.1647
begin calculating influence
[Strategy 5] Acc of expected label: 0.8586800573888091
calculating influence -- done
Use 4557 samples. Get 4925 labels. Ratio: 0.9252791878172589
Files already downloaded and verified
3255 originally labeled samples, 1327 new samples, and 4173 unlabeled samples. Total: 8755
begin calculating influence
[Strategy 5] Acc of expected label: 0.6302734375
calculating influence -- done
[ADD ORG DATA] Use 4557 samples. Get 25252 labels. Ratio: 0.18046095358783462
Files already downloaded and verified
3255 originally labeled samples, 9574 new samples, and 149941 unlabeled samples. Total: 162770
 99.54% | time: 876.0s (561.0m) | step:   7594 | train acc: 1.000 | train loss: 0.003 |test acc: 0.614 (0.598, 0.638) | test dp gap: 0.1451
 99.54% | time:   1.5s (561.1m) | step:   7594 | train acc: 1.000 | train loss: 0.003 |val acc: 0.632 (0.629, 0.636) | val dp gap: 0.1346
begin calculating influence
[Strategy 5] Acc of expected label: 0.8693985142583274
calculating influence -- done
Use 4565 samples. Get 4934 labels. Ratio: 0.925212809079854
Files already downloaded and verified
3255 originally labeled samples, 1335 new samples, and 4165 unlabeled samples. Total: 8755
begin calculating influence
[Strategy 5] Acc of expected label: 0.6135546875
calculating influence -- done
[ADD ORG DATA] Use 4565 samples. Get 25815 labels. Ratio: 0.1768351733488282
Files already downloaded and verified
3255 originally labeled samples, 9830 new samples, and 149685 unlabeled samples. Total: 162770
100.00% | time: 802.8s (574.4m) | step:   7629 | train acc: 1.000 | train loss: 0.000 |test acc: 0.623 (0.611, 0.643) | test dp gap: 0.1542
100.00% | time:   1.5s (574.5m) | step:   7629 | train acc: 1.000 | train loss: 0.000 |val acc: 0.620 (0.607, 0.642) | val dp gap: 0.1357
begin calculating influence
[Strategy 5] Acc of expected label: 0.8696278511404562
calculating influence -- done
Use 4567 samples. Get 4936 labels. Ratio: 0.9252431118314425
Files already downloaded and verified
3255 originally labeled samples, 1337 new samples, and 4163 unlabeled samples. Total: 8755
begin calculating influence
[Strategy 5] Acc of expected label: 0.6163671875
calculating influence -- done
[ADD ORG DATA] Use 4567 samples. Get 26405 labels. Ratio: 0.17295966672978602
Files already downloaded and verified
3255 originally labeled samples, 10086 new samples, and 149429 unlabeled samples. Total: 162770
