Files already downloaded and verified
3255 originally labeled samples, 0 new samples, and 5500 unlabeled samples. Total: 8755
Files already downloaded and verified
3255 originally labeled samples, 0 new samples, and 159515 unlabeled samples. Total: 162770
Files already downloaded and verified
1996 originally labeled samples, 0 new samples, and 17966 unlabeled samples. Total: 19962
Numer of layers 200
train net...
train with 162770 samples (with replacement) in one epoch
Epoch 0
  2.62% | time:  99.6s (  1.7m) | step:    200 | train acc: 0.902 | train loss: 0.255 |warm_t acc: 0.709 (0.695, 0.732) | warm_t eop gap: 0.3005
  2.62% | time:   5.4s (  1.8m) | step:    200 | train acc: 0.902 | train loss: 0.255 |warm_v acc: 0.703 (0.696, 0.715) | warm_v eop gap: 0.3424
  5.24% | time:  82.3s (  3.1m) | step:    400 | train acc: 1.000 | train loss: 0.001 |warm_t acc: 0.707 (0.686, 0.741) | warm_t eop gap: 0.2635
  5.24% | time:   1.3s (  3.1m) | step:    400 | train acc: 1.000 | train loss: 0.001 |warm_v acc: 0.686 (0.673, 0.707) | warm_v eop gap: 0.3191
  7.86% | time:  81.5s (  4.5m) | step:    600 | train acc: 1.000 | train loss: 0.000 |warm_t acc: 0.707 (0.686, 0.740) | warm_t eop gap: 0.2617
  7.86% | time:   1.2s (  4.5m) | step:    600 | train acc: 1.000 | train loss: 0.000 |warm_v acc: 0.692 (0.677, 0.716) | warm_v eop gap: 0.3085
  8.32% | time:  22.3s (  4.9m) | step:    635 | train acc: 1.000 | train loss: 0.000 |warm_t acc: 0.707 (0.686, 0.741) | warm_t eop gap: 0.2592
  8.32% | time:   1.2s (  4.9m) | step:    635 | train acc: 1.000 | train loss: 0.000 |warm_v acc: 0.704 (0.687, 0.731) | warm_v eop gap: 0.2694
Epoch 1
 10.95% | time:  82.1s (  6.3m) | step:    835 | train acc: 1.000 | train loss: 0.000 |warm_t acc: 0.707 (0.686, 0.741) | warm_t eop gap: 0.2604
 10.95% | time:   1.4s (  6.3m) | step:    835 | train acc: 1.000 | train loss: 0.000 |warm_v acc: 0.701 (0.688, 0.722) | warm_v eop gap: 0.2812
 13.57% | time:  81.0s (  7.7m) | step:   1035 | train acc: 1.000 | train loss: 0.000 |warm_t acc: 0.707 (0.686, 0.741) | warm_t eop gap: 0.2597
 13.57% | time:   1.3s (  7.7m) | step:   1035 | train acc: 1.000 | train loss: 0.000 |warm_v acc: 0.701 (0.687, 0.721) | warm_v eop gap: 0.2809
 16.19% | time:  79.0s (  9.0m) | step:   1235 | train acc: 1.000 | train loss: 0.000 |warm_t acc: 0.707 (0.686, 0.741) | warm_t eop gap: 0.2590
 16.19% | time:   1.3s (  9.0m) | step:   1235 | train acc: 1.000 | train loss: 0.000 |warm_v acc: 0.699 (0.683, 0.721) | warm_v eop gap: 0.3185
 16.65% | time:  19.6s (  9.3m) | step:   1270 | train acc: 1.000 | train loss: 0.000 |warm_t acc: 0.707 (0.685, 0.741) | warm_t eop gap: 0.2586
 16.65% | time:   2.5s (  9.4m) | step:   1270 | train acc: 1.000 | train loss: 0.000 |warm_v acc: 0.693 (0.684, 0.708) | warm_v eop gap: 0.3348
Epoch 2
 19.28% | time:  73.8s ( 10.6m) | step:   1471 | train acc: 1.000 | train loss: 0.000 |test acc: 0.707 (0.686, 0.741) | test eop gap: 0.2584
 19.28% | time:   1.4s ( 10.6m) | step:   1471 | train acc: 1.000 | train loss: 0.000 |val acc: 0.705 (0.694, 0.722) | val eop gap: 0.3043
begin calculating influence
selected layers: [Traced<ShapedArray(float32[768])>with<DynamicJaxprTrace(level=0/1)>, Traced<ShapedArray(float32[8,8,3,768])>with<DynamicJaxprTrace(level=0/1)>, Traced<ShapedArray(float32[2])>with<DynamicJaxprTrace(level=0/1)>, Traced<ShapedArray(float32[768,2])>with<DynamicJaxprTrace(level=0/1)>]
[Strategy 5] Acc of expected label: 0.7945454545454546
calculating influence -- done
Use 3278 samples. Get 3360 labels. Ratio: 0.9755952380952381
Files already downloaded and verified
3255 originally labeled samples, 23 new samples, and 5477 unlabeled samples. Total: 8755
begin calculating influence
[Strategy 5] Acc of expected label: 0.706640625
calculating influence -- done
[ADD ORG DATA] Use 3278 samples. Get 3798 labels. Ratio: 0.8630858346498157
Files already downloaded and verified
3255 originally labeled samples, 256 new samples, and 159259 unlabeled samples. Total: 162770
 21.90% | time: 865.3s ( 25.1m) | step:   1671 | train acc: 0.727 | train loss: 0.574 |test acc: 0.646 (0.694, 0.569) | test eop gap: 0.1190
 21.90% | time:   1.1s ( 25.1m) | step:   1671 | train acc: 0.727 | train loss: 0.574 |val acc: 0.656 (0.688, 0.602) | val eop gap: 0.0628
begin calculating influence
[Strategy 5] Acc of expected label: 0.41829468687237537
calculating influence -- done
Use 3529 samples. Get 3654 labels. Ratio: 0.9657909140667761
Files already downloaded and verified
3255 originally labeled samples, 279 new samples, and 5221 unlabeled samples. Total: 8755
begin calculating influence
[Strategy 5] Acc of expected label: 0.6646484375
calculating influence -- done
[ADD ORG DATA] Use 3529 samples. Get 4288 labels. Ratio: 0.8229944029850746
Files already downloaded and verified
3255 originally labeled samples, 512 new samples, and 159003 unlabeled samples. Total: 162770
 24.52% | time: 871.8s ( 39.6m) | step:   1871 | train acc: 0.922 | train loss: 0.217 |test acc: 0.692 (0.677, 0.717) | test eop gap: 0.2789
 24.52% | time:   1.2s ( 39.6m) | step:   1871 | train acc: 0.922 | train loss: 0.217 |val acc: 0.701 (0.692, 0.713) | val eop gap: 0.2499
begin calculating influence
[Strategy 5] Acc of expected label: 0.7661367554108408
calculating influence -- done
Use 3601 samples. Get 3799 labels. Ratio: 0.9478810213214004
Files already downloaded and verified
3255 originally labeled samples, 352 new samples, and 5148 unlabeled samples. Total: 8755
begin calculating influence
[Strategy 5] Acc of expected label: 0.7036328125
calculating influence -- done
[ADD ORG DATA] Use 3601 samples. Get 4939 labels. Ratio: 0.7290949584936222
Files already downloaded and verified
3255 originally labeled samples, 768 new samples, and 158747 unlabeled samples. Total: 162770
 24.98% | time: 795.0s ( 52.9m) | step:   1906 | train acc: 0.996 | train loss: 0.025 |test acc: 0.689 (0.681, 0.702) | test eop gap: 0.2134
 24.98% | time:   1.5s ( 52.9m) | step:   1906 | train acc: 0.996 | train loss: 0.025 |val acc: 0.693 (0.694, 0.690) | val eop gap: 0.2638
begin calculating influence
[Strategy 5] Acc of expected label: 0.7325174825174825
calculating influence -- done
Use 3603 samples. Get 3809 labels. Ratio: 0.9459175636650039
Files already downloaded and verified
3255 originally labeled samples, 354 new samples, and 5146 unlabeled samples. Total: 8755
begin calculating influence
[Strategy 5] Acc of expected label: 0.6986328125
calculating influence -- done
[ADD ORG DATA] Use 3603 samples. Get 5463 labels. Ratio: 0.6595277320153762
Files already downloaded and verified
3255 originally labeled samples, 1024 new samples, and 158491 unlabeled samples. Total: 162770
Epoch 3
 27.62% | time: 857.4s ( 67.2m) | step:   2107 | train acc: 0.973 | train loss: 0.069 |test acc: 0.677 (0.657, 0.710) | test eop gap: 0.1971
 27.62% | time:   1.5s ( 67.2m) | step:   2107 | train acc: 0.973 | train loss: 0.069 |val acc: 0.684 (0.667, 0.708) | val eop gap: 0.2314
begin calculating influence
[Strategy 5] Acc of expected label: 0.7891566265060241
calculating influence -- done
Use 3855 samples. Get 4101 labels. Ratio: 0.9400146305779078
Files already downloaded and verified
3255 originally labeled samples, 610 new samples, and 4890 unlabeled samples. Total: 8755
begin calculating influence
[Strategy 5] Acc of expected label: 0.6819921875
calculating influence -- done
[ADD ORG DATA] Use 3855 samples. Get 6127 labels. Ratio: 0.6291823078178554
Files already downloaded and verified
3255 originally labeled samples, 1280 new samples, and 158235 unlabeled samples. Total: 162770
 30.24% | time: 871.7s ( 81.7m) | step:   2307 | train acc: 1.000 | train loss: 0.001 |test acc: 0.625 (0.603, 0.660) | test eop gap: 0.0342
 30.24% | time:   1.5s ( 81.8m) | step:   2307 | train acc: 1.000 | train loss: 0.001 |val acc: 0.630 (0.616, 0.652) | val eop gap: 0.0499
begin calculating influence
[Strategy 5] Acc of expected label: 0.8134969325153374
calculating influence -- done
Use 3884 samples. Get 4195 labels. Ratio: 0.9258641239570917
Files already downloaded and verified
3255 originally labeled samples, 640 new samples, and 4860 unlabeled samples. Total: 8755
begin calculating influence
[Strategy 5] Acc of expected label: 0.6236328125
calculating influence -- done
[ADD ORG DATA] Use 3884 samples. Get 6600 labels. Ratio: 0.5884848484848485
Files already downloaded and verified
3255 originally labeled samples, 1536 new samples, and 157979 unlabeled samples. Total: 162770
 32.86% | time: 859.4s ( 96.1m) | step:   2507 | train acc: 0.996 | train loss: 0.032 |test acc: 0.653 (0.609, 0.724) | test eop gap: 0.0831
 32.86% | time:   1.5s ( 96.1m) | step:   2507 | train acc: 0.996 | train loss: 0.032 |val acc: 0.669 (0.633, 0.725) | val eop gap: 0.0803
begin calculating influence
[Strategy 5] Acc of expected label: 0.8302469135802469
calculating influence -- done
Use 3898 samples. Get 4261 labels. Ratio: 0.9148087303449894
Files already downloaded and verified
3255 originally labeled samples, 654 new samples, and 4846 unlabeled samples. Total: 8755
begin calculating influence
[Strategy 5] Acc of expected label: 0.6586328125
calculating influence -- done
[ADD ORG DATA] Use 3898 samples. Get 7118 labels. Ratio: 0.5476257375667323
Files already downloaded and verified
3255 originally labeled samples, 1792 new samples, and 157723 unlabeled samples. Total: 162770
 33.32% | time: 779.2s (109.1m) | step:   2542 | train acc: 1.000 | train loss: 0.001 |test acc: 0.664 (0.631, 0.717) | test eop gap: 0.1532
 33.32% | time:   1.4s (109.1m) | step:   2542 | train acc: 1.000 | train loss: 0.001 |val acc: 0.667 (0.639, 0.707) | val eop gap: 0.1344
begin calculating influence
[Strategy 5] Acc of expected label: 0.8386297977713578
calculating influence -- done
Use 4125 samples. Get 4551 labels. Ratio: 0.9063941990771259
Files already downloaded and verified
3255 originally labeled samples, 888 new samples, and 4612 unlabeled samples. Total: 8755
begin calculating influence
[Strategy 5] Acc of expected label: 0.6646484375
calculating influence -- done
[ADD ORG DATA] Use 4125 samples. Get 7586 labels. Ratio: 0.5437648299499077
Files already downloaded and verified
3255 originally labeled samples, 2048 new samples, and 157467 unlabeled samples. Total: 162770
Epoch 4
 35.95% | time: 860.3s (123.5m) | step:   2743 | train acc: 1.000 | train loss: 0.000 |test acc: 0.663 (0.640, 0.698) | test eop gap: 0.0947
 35.95% | time:   1.5s (123.5m) | step:   2743 | train acc: 1.000 | train loss: 0.000 |val acc: 0.677 (0.660, 0.704) | val eop gap: 0.0397
begin calculating influence
[Strategy 5] Acc of expected label: 0.8130962705984388
calculating influence -- done
Use 4372 samples. Get 4810 labels. Ratio: 0.908939708939709
Files already downloaded and verified
3255 originally labeled samples, 1144 new samples, and 4356 unlabeled samples. Total: 8755
begin calculating influence
[Strategy 5] Acc of expected label: 0.678515625
calculating influence -- done
[ADD ORG DATA] Use 4372 samples. Get 8246 labels. Ratio: 0.5301964588891583
Files already downloaded and verified
3255 originally labeled samples, 2304 new samples, and 157211 unlabeled samples. Total: 162770
 38.58% | time: 854.6s (137.7m) | step:   2943 | train acc: 1.000 | train loss: 0.000 |test acc: 0.674 (0.643, 0.723) | test eop gap: 0.1358
 38.58% | time:   1.4s (137.8m) | step:   2943 | train acc: 1.000 | train loss: 0.000 |val acc: 0.695 (0.661, 0.750) | val eop gap: 0.0620
begin calculating influence
[Strategy 5] Acc of expected label: 0.8347107438016529
calculating influence -- done
Use 4401 samples. Get 4858 labels. Ratio: 0.9059283655825443
Files already downloaded and verified
3255 originally labeled samples, 1173 new samples, and 4327 unlabeled samples. Total: 8755
begin calculating influence
[Strategy 5] Acc of expected label: 0.680625
calculating influence -- done
[ADD ORG DATA] Use 4401 samples. Get 8776 labels. Ratio: 0.5014813126709207
Files already downloaded and verified
3255 originally labeled samples, 2560 new samples, and 156955 unlabeled samples. Total: 162770
 41.20% | time: 819.2s (151.4m) | step:   3143 | train acc: 1.000 | train loss: 0.000 |test acc: 0.679 (0.647, 0.731) | test eop gap: 0.1628
 41.20% | time:   1.5s (151.4m) | step:   3143 | train acc: 1.000 | train loss: 0.000 |val acc: 0.686 (0.642, 0.752) | val eop gap: 0.0343
begin calculating influence
[Strategy 5] Acc of expected label: 0.8340651721747169
calculating influence -- done
Use 4431 samples. Get 4894 labels. Ratio: 0.9053943604413568
Files already downloaded and verified
3255 originally labeled samples, 1204 new samples, and 4296 unlabeled samples. Total: 8755
begin calculating influence
[Strategy 5] Acc of expected label: 0.682265625
calculating influence -- done
[ADD ORG DATA] Use 4431 samples. Get 9287 labels. Ratio: 0.477118552815764
Files already downloaded and verified
3255 originally labeled samples, 2816 new samples, and 156699 unlabeled samples. Total: 162770
 41.66% | time: 761.4s (164.1m) | step:   3178 | train acc: 1.000 | train loss: 0.000 |test acc: 0.680 (0.658, 0.715) | test eop gap: 0.1216
 41.66% | time:   1.5s (164.1m) | step:   3178 | train acc: 1.000 | train loss: 0.000 |val acc: 0.698 (0.676, 0.731) | val eop gap: 0.0715
begin calculating influence
[Strategy 5] Acc of expected label: 0.8319366852886406
calculating influence -- done
Use 4458 samples. Get 4924 labels. Ratio: 0.90536149471974
Files already downloaded and verified
3255 originally labeled samples, 1231 new samples, and 4269 unlabeled samples. Total: 8755
begin calculating influence
[Strategy 5] Acc of expected label: 0.691328125
calculating influence -- done
[ADD ORG DATA] Use 4458 samples. Get 9872 labels. Ratio: 0.451580226904376
Files already downloaded and verified
3255 originally labeled samples, 3072 new samples, and 156443 unlabeled samples. Total: 162770
Epoch 5
 44.29% | time: 851.7s (178.3m) | step:   3379 | train acc: 1.000 | train loss: 0.000 |test acc: 0.676 (0.646, 0.724) | test eop gap: 0.1164
 44.29% | time:   1.5s (178.4m) | step:   3379 | train acc: 1.000 | train loss: 0.000 |val acc: 0.693 (0.662, 0.742) | val eop gap: 0.0353
begin calculating influence
[Strategy 5] Acc of expected label: 0.830171000234247
calculating influence -- done
Use 4559 samples. Get 5022 labels. Ratio: 0.9078056551174831
Files already downloaded and verified
3255 originally labeled samples, 1334 new samples, and 4166 unlabeled samples. Total: 8755
begin calculating influence
[Strategy 5] Acc of expected label: 0.687734375
calculating influence -- done
[ADD ORG DATA] Use 4559 samples. Get 10331 labels. Ratio: 0.44129319523763433
Files already downloaded and verified
3255 originally labeled samples, 3328 new samples, and 156187 unlabeled samples. Total: 162770
 46.91% | time: 832.1s (192.2m) | step:   3579 | train acc: 1.000 | train loss: 0.001 |test acc: 0.681 (0.661, 0.714) | test eop gap: 0.1120
 46.91% | time:   1.5s (192.3m) | step:   3579 | train acc: 1.000 | train loss: 0.001 |val acc: 0.685 (0.668, 0.711) | val eop gap: 0.0910
begin calculating influence
[Strategy 5] Acc of expected label: 0.8202112337974076
calculating influence -- done
Use 4588 samples. Get 5049 labels. Ratio: 0.9086947910477322
Files already downloaded and verified
3255 originally labeled samples, 1364 new samples, and 4136 unlabeled samples. Total: 8755
begin calculating influence
[Strategy 5] Acc of expected label: 0.6890234375
calculating influence -- done
[ADD ORG DATA] Use 4588 samples. Get 10881 labels. Ratio: 0.42165242165242167
Files already downloaded and verified
3255 originally labeled samples, 3584 new samples, and 155931 unlabeled samples. Total: 162770
 49.53% | time: 836.0s (206.2m) | step:   3779 | train acc: 0.977 | train loss: 0.062 |test acc: 0.690 (0.664, 0.732) | test eop gap: 0.1172
 49.53% | time:   1.3s (206.2m) | step:   3779 | train acc: 0.977 | train loss: 0.062 |val acc: 0.697 (0.664, 0.748) | val eop gap: 0.0588
begin calculating influence
[Strategy 5] Acc of expected label: 0.8346228239845261
calculating influence -- done
Use 4740 samples. Get 5212 labels. Ratio: 0.9094397544128934
Files already downloaded and verified
3255 originally labeled samples, 1519 new samples, and 3981 unlabeled samples. Total: 8755
begin calculating influence
[Strategy 5] Acc of expected label: 0.692265625
calculating influence -- done
[ADD ORG DATA] Use 4740 samples. Get 11464 labels. Ratio: 0.4134682484298674
Files already downloaded and verified
3255 originally labeled samples, 3840 new samples, and 155675 unlabeled samples. Total: 162770
 49.99% | time: 779.8s (219.2m) | step:   3814 | train acc: 1.000 | train loss: 0.000 |test acc: 0.684 (0.649, 0.739) | test eop gap: 0.1404
 49.99% | time:   1.4s (219.2m) | step:   3814 | train acc: 1.000 | train loss: 0.000 |val acc: 0.704 (0.671, 0.756) | val eop gap: 0.0855
begin calculating influence
[Strategy 5] Acc of expected label: 0.8344637025872896
calculating influence -- done
Use 4751 samples. Get 5230 labels. Ratio: 0.9084130019120459
Files already downloaded and verified
3255 originally labeled samples, 1530 new samples, and 3970 unlabeled samples. Total: 8755
begin calculating influence
[Strategy 5] Acc of expected label: 0.6890625
calculating influence -- done
[ADD ORG DATA] Use 4751 samples. Get 11956 labels. Ratio: 0.39737370357979257
Files already downloaded and verified
3255 originally labeled samples, 4096 new samples, and 155419 unlabeled samples. Total: 162770
Epoch 6
 52.62% | time: 837.8s (233.2m) | step:   4014 | train acc: 1.000 | train loss: 0.000 |test acc: 0.685 (0.662, 0.722) | test eop gap: 0.1291
 52.62% | time:   1.4s (233.2m) | step:   4014 | train acc: 1.000 | train loss: 0.000 |val acc: 0.679 (0.648, 0.728) | val eop gap: 0.0771
begin calculating influence
[Strategy 5] Acc of expected label: 0.8282115869017632
calculating influence -- done
Use 4788 samples. Get 5267 labels. Ratio: 0.9090563888361496
Files already downloaded and verified
3255 originally labeled samples, 1567 new samples, and 3933 unlabeled samples. Total: 8755
begin calculating influence
[Strategy 5] Acc of expected label: 0.6943359375
calculating influence -- done
[ADD ORG DATA] Use 4788 samples. Get 12520 labels. Ratio: 0.38242811501597446
Files already downloaded and verified
3255 originally labeled samples, 4352 new samples, and 155163 unlabeled samples. Total: 162770
 55.24% | time: 831.4s (247.1m) | step:   4214 | train acc: 1.000 | train loss: 0.013 |test acc: 0.682 (0.649, 0.733) | test eop gap: 0.1439
 55.24% | time:   1.4s (247.1m) | step:   4214 | train acc: 1.000 | train loss: 0.013 |val acc: 0.684 (0.649, 0.741) | val eop gap: 0.1082
begin calculating influence
[Strategy 5] Acc of expected label: 0.8387998982964658
calculating influence -- done
Use 4826 samples. Get 5310 labels. Ratio: 0.9088512241054614
Files already downloaded and verified
3255 originally labeled samples, 1605 new samples, and 3895 unlabeled samples. Total: 8755
begin calculating influence
[Strategy 5] Acc of expected label: 0.6831640625
calculating influence -- done
[ADD ORG DATA] Use 4826 samples. Get 13095 labels. Ratio: 0.36853760977472316
Files already downloaded and verified
3255 originally labeled samples, 4608 new samples, and 154907 unlabeled samples. Total: 162770
 57.86% | time: 823.2s (260.8m) | step:   4414 | train acc: 0.992 | train loss: 0.027 |test acc: 0.689 (0.659, 0.736) | test eop gap: 0.1606
 57.86% | time:   1.5s (260.8m) | step:   4414 | train acc: 0.992 | train loss: 0.027 |val acc: 0.695 (0.661, 0.747) | val eop gap: 0.0836
begin calculating influence
[Strategy 5] Acc of expected label: 0.8377406931964057
calculating influence -- done
Use 4832 samples. Get 5314 labels. Ratio: 0.9092961987203613
Files already downloaded and verified
3255 originally labeled samples, 1611 new samples, and 3889 unlabeled samples. Total: 8755
begin calculating influence
[Strategy 5] Acc of expected label: 0.6905078125
calculating influence -- done
[ADD ORG DATA] Use 4832 samples. Get 13586 labels. Ratio: 0.35566023848078904
Files already downloaded and verified
3255 originally labeled samples, 4864 new samples, and 154651 unlabeled samples. Total: 162770
 58.32% | time: 762.4s (273.6m) | step:   4449 | train acc: 0.965 | train loss: 0.113 |test acc: 0.666 (0.645, 0.699) | test eop gap: 0.1047
 58.32% | time:   1.5s (273.6m) | step:   4449 | train acc: 0.965 | train loss: 0.113 |val acc: 0.682 (0.655, 0.725) | val eop gap: 0.0337
begin calculating influence
[Strategy 5] Acc of expected label: 0.8354332733350476
calculating influence -- done
Use 5017 samples. Get 5490 labels. Ratio: 0.9138433515482696
Files already downloaded and verified
3255 originally labeled samples, 1803 new samples, and 3697 unlabeled samples. Total: 8755
begin calculating influence
[Strategy 5] Acc of expected label: 0.673984375
calculating influence -- done
[ADD ORG DATA] Use 5017 samples. Get 14243 labels. Ratio: 0.3522432071894966
Files already downloaded and verified
3255 originally labeled samples, 5120 new samples, and 154395 unlabeled samples. Total: 162770
Epoch 7
 60.95% | time: 819.2s (287.2m) | step:   4650 | train acc: 1.000 | train loss: 0.000 |test acc: 0.686 (0.646, 0.750) | test eop gap: 0.1542
 60.95% | time:   1.5s (287.3m) | step:   4650 | train acc: 1.000 | train loss: 0.000 |val acc: 0.710 (0.671, 0.768) | val eop gap: 0.0654
begin calculating influence
[Strategy 5] Acc of expected label: 0.8350013524479307
calculating influence -- done
Use 5019 samples. Get 5495 labels. Ratio: 0.913375796178344
Files already downloaded and verified
3255 originally labeled samples, 1805 new samples, and 3695 unlabeled samples. Total: 8755
begin calculating influence
[Strategy 5] Acc of expected label: 0.6898828125
calculating influence -- done
[ADD ORG DATA] Use 5019 samples. Get 14723 labels. Ratio: 0.34089519798954016
Files already downloaded and verified
3255 originally labeled samples, 5376 new samples, and 154139 unlabeled samples. Total: 162770
 63.57% | time: 808.9s (300.7m) | step:   4850 | train acc: 1.000 | train loss: 0.000 |test acc: 0.687 (0.653, 0.740) | test eop gap: 0.1232
 63.57% | time:   1.4s (300.8m) | step:   4850 | train acc: 1.000 | train loss: 0.000 |val acc: 0.701 (0.664, 0.758) | val eop gap: 0.0382
begin calculating influence
[Strategy 5] Acc of expected label: 0.8322056833558863
calculating influence -- done
Use 5039 samples. Get 5519 labels. Ratio: 0.9130277224134807
Files already downloaded and verified
3255 originally labeled samples, 1827 new samples, and 3673 unlabeled samples. Total: 8755
begin calculating influence
[Strategy 5] Acc of expected label: 0.6884765625
calculating influence -- done
[ADD ORG DATA] Use 5039 samples. Get 15260 labels. Ratio: 0.3302096985583224
Files already downloaded and verified
3255 originally labeled samples, 5632 new samples, and 153883 unlabeled samples. Total: 162770
 66.19% | time: 825.5s (314.5m) | step:   5050 | train acc: 1.000 | train loss: 0.000 |test acc: 0.683 (0.654, 0.730) | test eop gap: 0.1049
 66.19% | time:   1.2s (314.5m) | step:   5050 | train acc: 1.000 | train loss: 0.000 |val acc: 0.695 (0.664, 0.750) | val eop gap: 0.0650
begin calculating influence
[Strategy 5] Acc of expected label: 0.8333787095017696
calculating influence -- done
Use 5112 samples. Get 5589 labels. Ratio: 0.9146537842190016
Files already downloaded and verified
3255 originally labeled samples, 1900 new samples, and 3600 unlabeled samples. Total: 8755
begin calculating influence
[Strategy 5] Acc of expected label: 0.6869140625
calculating influence -- done
[ADD ORG DATA] Use 5112 samples. Get 15923 labels. Ratio: 0.3210450292030396
Files already downloaded and verified
3255 originally labeled samples, 5888 new samples, and 153627 unlabeled samples. Total: 162770
 66.65% | time: 773.1s (327.4m) | step:   5085 | train acc: 1.000 | train loss: 0.000 |test acc: 0.687 (0.667, 0.720) | test eop gap: 0.1299
 66.65% | time:   1.4s (327.4m) | step:   5085 | train acc: 1.000 | train loss: 0.000 |val acc: 0.702 (0.677, 0.743) | val eop gap: 0.0426
begin calculating influence
[Strategy 5] Acc of expected label: 0.8316666666666667
calculating influence -- done
Use 5366 samples. Get 5832 labels. Ratio: 0.9200960219478738
Files already downloaded and verified
3255 originally labeled samples, 2156 new samples, and 3344 unlabeled samples. Total: 8755
begin calculating influence
[Strategy 5] Acc of expected label: 0.691171875
calculating influence -- done
[ADD ORG DATA] Use 5366 samples. Get 16534 labels. Ratio: 0.32454336518688764
Files already downloaded and verified
3255 originally labeled samples, 6144 new samples, and 153371 unlabeled samples. Total: 162770
Epoch 8
 69.29% | time: 832.7s (341.3m) | step:   5286 | train acc: 0.973 | train loss: 0.071 |test acc: 0.683 (0.646, 0.742) | test eop gap: 0.1233
 69.29% | time:   1.4s (341.4m) | step:   5286 | train acc: 0.973 | train loss: 0.071 |val acc: 0.693 (0.645, 0.771) | val eop gap: 0.0246
begin calculating influence
[Strategy 5] Acc of expected label: 0.8220693779904307
calculating influence -- done
Use 5397 samples. Get 5856 labels. Ratio: 0.9216188524590164
Files already downloaded and verified
3255 originally labeled samples, 2187 new samples, and 3313 unlabeled samples. Total: 8755
begin calculating influence
[Strategy 5] Acc of expected label: 0.687265625
calculating influence -- done
[ADD ORG DATA] Use 5397 samples. Get 17020 labels. Ratio: 0.3170975323149236
Files already downloaded and verified
3255 originally labeled samples, 6400 new samples, and 153115 unlabeled samples. Total: 162770
 71.91% | time: 810.5s (354.9m) | step:   5486 | train acc: 1.000 | train loss: 0.000 |test acc: 0.689 (0.653, 0.746) | test eop gap: 0.1573
 71.91% | time:   1.4s (354.9m) | step:   5486 | train acc: 1.000 | train loss: 0.000 |val acc: 0.693 (0.649, 0.762) | val eop gap: 0.0524
begin calculating influence
[Strategy 5] Acc of expected label: 0.8300633866586176
calculating influence -- done
Use 5418 samples. Get 5874 labels. Ratio: 0.9223697650663942
Files already downloaded and verified
3255 originally labeled samples, 2209 new samples, and 3291 unlabeled samples. Total: 8755
begin calculating influence
[Strategy 5] Acc of expected label: 0.6881640625
calculating influence -- done
[ADD ORG DATA] Use 5418 samples. Get 17519 labels. Ratio: 0.3092642274102403
Files already downloaded and verified
3255 originally labeled samples, 6656 new samples, and 152859 unlabeled samples. Total: 162770
 74.53% | time: 820.1s (368.6m) | step:   5686 | train acc: 1.000 | train loss: 0.000 |test acc: 0.683 (0.652, 0.732) | test eop gap: 0.1210
 74.53% | time:   1.4s (368.6m) | step:   5686 | train acc: 1.000 | train loss: 0.000 |val acc: 0.689 (0.655, 0.745) | val eop gap: 0.0620
begin calculating influence
[Strategy 5] Acc of expected label: 0.8301428137344272
calculating influence -- done
Use 5434 samples. Get 5887 labels. Ratio: 0.923050789875998
Files already downloaded and verified
3255 originally labeled samples, 2227 new samples, and 3273 unlabeled samples. Total: 8755
begin calculating influence
[Strategy 5] Acc of expected label: 0.6798828125
calculating influence -- done
[ADD ORG DATA] Use 5434 samples. Get 18042 labels. Ratio: 0.3011861212725862
Files already downloaded and verified
3255 originally labeled samples, 6912 new samples, and 152603 unlabeled samples. Total: 162770
 74.99% | time: 757.9s (381.2m) | step:   5721 | train acc: 1.000 | train loss: 0.000 |test acc: 0.682 (0.633, 0.759) | test eop gap: 0.1726
 74.99% | time:   1.4s (381.2m) | step:   5721 | train acc: 1.000 | train loss: 0.000 |val acc: 0.687 (0.629, 0.773) | val eop gap: 0.0759
begin calculating influence
[Strategy 5] Acc of expected label: 0.8295142071494043
calculating influence -- done
Use 5442 samples. Get 5898 labels. Ratio: 0.9226856561546287
Files already downloaded and verified
3255 originally labeled samples, 2235 new samples, and 3265 unlabeled samples. Total: 8755
begin calculating influence
[Strategy 5] Acc of expected label: 0.685546875
calculating influence -- done
[ADD ORG DATA] Use 5442 samples. Get 18480 labels. Ratio: 0.29448051948051945
Files already downloaded and verified
3255 originally labeled samples, 7168 new samples, and 152347 unlabeled samples. Total: 162770
Epoch 9
 77.62% | time: 813.2s (394.8m) | step:   5922 | train acc: 1.000 | train loss: 0.000 |test acc: 0.688 (0.647, 0.752) | test eop gap: 0.1441
 77.62% | time:   1.4s (394.8m) | step:   5922 | train acc: 1.000 | train loss: 0.000 |val acc: 0.702 (0.656, 0.774) | val eop gap: 0.0703
begin calculating influence
[Strategy 5] Acc of expected label: 0.8281776416539051
calculating influence -- done
Use 5469 samples. Get 5921 labels. Ratio: 0.9236615436581659
Files already downloaded and verified
3255 originally labeled samples, 2263 new samples, and 3237 unlabeled samples. Total: 8755
begin calculating influence
[Strategy 5] Acc of expected label: 0.6857421875
calculating influence -- done
[ADD ORG DATA] Use 5469 samples. Get 18907 labels. Ratio: 0.28925794679219335
Files already downloaded and verified
3255 originally labeled samples, 7424 new samples, and 152091 unlabeled samples. Total: 162770
 80.25% | time: 816.1s (408.4m) | step:   6122 | train acc: 1.000 | train loss: 0.000 |test acc: 0.687 (0.650, 0.745) | test eop gap: 0.1487
 80.25% | time:   1.4s (408.4m) | step:   6122 | train acc: 1.000 | train loss: 0.000 |val acc: 0.684 (0.645, 0.745) | val eop gap: 0.0858
begin calculating influence
[Strategy 5] Acc of expected label: 0.8282360210071054
calculating influence -- done
Use 5471 samples. Get 5925 labels. Ratio: 0.9233755274261604
Files already downloaded and verified
3255 originally labeled samples, 2265 new samples, and 3235 unlabeled samples. Total: 8755
begin calculating influence
[Strategy 5] Acc of expected label: 0.6794140625
calculating influence -- done
[ADD ORG DATA] Use 5471 samples. Get 19322 labels. Ratio: 0.2831487423662147
Files already downloaded and verified
3255 originally labeled samples, 7680 new samples, and 151835 unlabeled samples. Total: 162770
 82.87% | time: 799.0s (421.8m) | step:   6322 | train acc: 1.000 | train loss: 0.000 |test acc: 0.696 (0.663, 0.748) | test eop gap: 0.1411
 82.87% | time:   1.4s (421.8m) | step:   6322 | train acc: 1.000 | train loss: 0.000 |val acc: 0.710 (0.683, 0.753) | val eop gap: 0.1311
begin calculating influence
[Strategy 5] Acc of expected label: 0.8275115919629057
calculating influence -- done
Use 5508 samples. Get 5962 labels. Ratio: 0.9238510566923851
Files already downloaded and verified
3255 originally labeled samples, 2302 new samples, and 3198 unlabeled samples. Total: 8755
begin calculating influence
[Strategy 5] Acc of expected label: 0.699765625
calculating influence -- done
[ADD ORG DATA] Use 5508 samples. Get 19833 labels. Ratio: 0.2777189532597186
Files already downloaded and verified
3255 originally labeled samples, 7936 new samples, and 151579 unlabeled samples. Total: 162770
 83.33% | time: 751.6s (434.3m) | step:   6357 | train acc: 0.973 | train loss: 0.080 |test acc: 0.688 (0.657, 0.737) | test eop gap: 0.1106
 83.33% | time:   1.5s (434.3m) | step:   6357 | train acc: 0.973 | train loss: 0.080 |val acc: 0.706 (0.677, 0.755) | val eop gap: 0.0592
begin calculating influence
[Strategy 5] Acc of expected label: 0.8252032520325203
calculating influence -- done
Use 5548 samples. Get 6003 labels. Ratio: 0.9242045643844744
Files already downloaded and verified
3255 originally labeled samples, 2342 new samples, and 3158 unlabeled samples. Total: 8755
begin calculating influence
[Strategy 5] Acc of expected label: 0.6914453125
calculating influence -- done
[ADD ORG DATA] Use 5548 samples. Get 20355 labels. Ratio: 0.2725620240727094
Files already downloaded and verified
3255 originally labeled samples, 8192 new samples, and 151323 unlabeled samples. Total: 162770
Epoch 10
 85.96% | time: 818.4s (448.0m) | step:   6558 | train acc: 1.000 | train loss: 0.000 |test acc: 0.694 (0.664, 0.742) | test eop gap: 0.1402
 85.96% | time:   1.4s (448.0m) | step:   6558 | train acc: 1.000 | train loss: 0.000 |val acc: 0.714 (0.681, 0.768) | val eop gap: 0.1042
begin calculating influence
calculating influence -- done
length of new labels 19
Use 5548+19 = 5567 samples.
Files already downloaded and verified
3255 originally labeled samples, 2361 new samples, and 3139 unlabeled samples. Total: 8755
begin calculating influence
[Strategy 5] Acc of expected label: 0.6953125
calculating influence -- done
[ADD ORG DATA] Use 5567 samples. Get 20794 labels. Ratio: 0.2677214581129172
Files already downloaded and verified
3255 originally labeled samples, 8448 new samples, and 151067 unlabeled samples. Total: 162770
 88.58% | time: 822.0s (461.7m) | step:   6758 | train acc: 1.000 | train loss: 0.000 |test acc: 0.696 (0.668, 0.742) | test eop gap: 0.1452
 88.58% | time:   1.4s (461.7m) | step:   6758 | train acc: 1.000 | train loss: 0.000 |val acc: 0.712 (0.681, 0.758) | val eop gap: 0.1030
begin calculating influence
calculating influence -- done
length of new labels 55
Use 5548+55 = 5603 samples.
Files already downloaded and verified
3255 originally labeled samples, 2397 new samples, and 3103 unlabeled samples. Total: 8755
begin calculating influence
[Strategy 5] Acc of expected label: 0.6941796875
calculating influence -- done
[ADD ORG DATA] Use 5603 samples. Get 21416 labels. Ratio: 0.2616268210683601
Files already downloaded and verified
3255 originally labeled samples, 8704 new samples, and 150811 unlabeled samples. Total: 162770
 91.20% | time: 794.1s (474.9m) | step:   6958 | train acc: 1.000 | train loss: 0.000 |test acc: 0.697 (0.662, 0.753) | test eop gap: 0.1297
 91.20% | time:   1.3s (475.0m) | step:   6958 | train acc: 1.000 | train loss: 0.000 |val acc: 0.697 (0.664, 0.749) | val eop gap: 0.1166
begin calculating influence
calculating influence -- done
length of new labels 61
Use 5548+61 = 5609 samples.
Files already downloaded and verified
3255 originally labeled samples, 2403 new samples, and 3097 unlabeled samples. Total: 8755
begin calculating influence
[Strategy 5] Acc of expected label: 0.6985546875
calculating influence -- done
[ADD ORG DATA] Use 5609 samples. Get 21948 labels. Ratio: 0.25555859303809003
Files already downloaded and verified
3255 originally labeled samples, 8960 new samples, and 150555 unlabeled samples. Total: 162770
 91.66% | time: 755.2s (487.6m) | step:   6993 | train acc: 0.984 | train loss: 0.041 |test acc: 0.694 (0.665, 0.740) | test eop gap: 0.1311
 91.66% | time:   1.5s (487.6m) | step:   6993 | train acc: 0.984 | train loss: 0.041 |val acc: 0.706 (0.679, 0.748) | val eop gap: 0.1117
begin calculating influence
calculating influence -- done
length of new labels 66
Use 5548+66 = 5614 samples.
Files already downloaded and verified
3255 originally labeled samples, 2408 new samples, and 3092 unlabeled samples. Total: 8755
begin calculating influence
[Strategy 5] Acc of expected label: 0.69296875
calculating influence -- done
[ADD ORG DATA] Use 5614 samples. Get 22391 labels. Ratio: 0.2507257380197401
Files already downloaded and verified
3255 originally labeled samples, 9216 new samples, and 150299 unlabeled samples. Total: 162770
Epoch 11
 94.30% | time: 817.1s (501.2m) | step:   7194 | train acc: 1.000 | train loss: 0.000 |test acc: 0.685 (0.660, 0.726) | test eop gap: 0.1238
 94.30% | time:   1.6s (501.2m) | step:   7194 | train acc: 1.000 | train loss: 0.000 |val acc: 0.700 (0.663, 0.758) | val eop gap: 0.0114
begin calculating influence
calculating influence -- done
length of new labels 116
Use 5546+116 = 5662 samples.
Files already downloaded and verified
3255 originally labeled samples, 2458 new samples, and 3042 unlabeled samples. Total: 8755
begin calculating influence
[Strategy 5] Acc of expected label: 0.682578125
calculating influence -- done
[ADD ORG DATA] Use 5662 samples. Get 22845 labels. Ratio: 0.24784416721383234
Files already downloaded and verified
3255 originally labeled samples, 9472 new samples, and 150043 unlabeled samples. Total: 162770
 96.92% | time: 809.6s (514.7m) | step:   7394 | train acc: 1.000 | train loss: 0.000 |test acc: 0.698 (0.667, 0.747) | test eop gap: 0.1294
 96.92% | time:   1.3s (514.7m) | step:   7394 | train acc: 1.000 | train loss: 0.000 |val acc: 0.706 (0.669, 0.763) | val eop gap: 0.0453
begin calculating influence
calculating influence -- done
length of new labels 119
Use 5546+119 = 5665 samples.
Files already downloaded and verified
3255 originally labeled samples, 2461 new samples, and 3039 unlabeled samples. Total: 8755
begin calculating influence
[Strategy 5] Acc of expected label: 0.69921875
calculating influence -- done
[ADD ORG DATA] Use 5665 samples. Get 23289 labels. Ratio: 0.24324788526772295
Files already downloaded and verified
3255 originally labeled samples, 9728 new samples, and 149787 unlabeled samples. Total: 162770
 99.54% | time: 810.1s (528.2m) | step:   7594 | train acc: 1.000 | train loss: 0.000 |test acc: 0.693 (0.668, 0.734) | test eop gap: 0.1299
 99.54% | time:   1.4s (528.3m) | step:   7594 | train acc: 1.000 | train loss: 0.000 |val acc: 0.710 (0.681, 0.752) | val eop gap: 0.0690
begin calculating influence
calculating influence -- done
length of new labels 170
Use 5546+170 = 5716 samples.
Files already downloaded and verified
3255 originally labeled samples, 2512 new samples, and 2988 unlabeled samples. Total: 8755
begin calculating influence
[Strategy 5] Acc of expected label: 0.69828125
calculating influence -- done
[ADD ORG DATA] Use 5716 samples. Get 23838 labels. Ratio: 0.2397852168806108
Files already downloaded and verified
3255 originally labeled samples, 9984 new samples, and 149531 unlabeled samples. Total: 162770
100.00% | time: 748.0s (540.7m) | step:   7629 | train acc: 1.000 | train loss: 0.000 |test acc: 0.685 (0.651, 0.740) | test eop gap: 0.1135
100.00% | time:   1.4s (540.8m) | step:   7629 | train acc: 1.000 | train loss: 0.000 |val acc: 0.684 (0.643, 0.748) | val eop gap: 0.0449
begin calculating influence
[Strategy 5] Acc of expected label: 0.8477242302543507
calculating influence -- done
Use 5755 samples. Get 6037 labels. Ratio: 0.9532880569819446
Files already downloaded and verified
3255 originally labeled samples, 2552 new samples, and 2948 unlabeled samples. Total: 8755
begin calculating influence
[Strategy 5] Acc of expected label: 0.689765625
calculating influence -- done
[ADD ORG DATA] Use 5755 samples. Get 24292 labels. Ratio: 0.23690927054174213
Files already downloaded and verified
3255 originally labeled samples, 10240 new samples, and 149275 unlabeled samples. Total: 162770
