Files already downloaded and verified
3255 labeled samples and 159515 unlabeled samples. Total: 162770
Files already downloaded and verified
1996 labeled samples and 17966 unlabeled samples. Total: 19962
Numer of layers 200
train net...
train with 162770 samples (with replacement) in one epoch
Epoch 0
  2.62% | time: 101.2s (  1.7m) | step:    200 | train acc: 0.930 | train loss: 0.166 |warm_t acc: 0.681 (0.694, 0.661) | warm_t dp gap: 0.4018
  2.62% | time:   5.6s (  1.8m) | step:    200 | train acc: 0.930 | train loss: 0.166 |warm_v acc: 0.692 (0.704, 0.671) | warm_v dp gap: 0.3936
  5.24% | time:  80.6s (  3.1m) | step:    400 | train acc: 0.793 | train loss: 0.470 |warm_t acc: 0.666 (0.703, 0.605) | warm_t dp gap: 0.3363
  5.24% | time:   1.3s (  3.1m) | step:    400 | train acc: 0.793 | train loss: 0.470 |warm_v acc: 0.661 (0.690, 0.616) | warm_v dp gap: 0.3225
  7.86% | time:  80.1s (  4.5m) | step:    600 | train acc: 1.000 | train loss: 0.006 |warm_t acc: 0.695 (0.677, 0.724) | warm_t dp gap: 0.3869
  7.86% | time:   1.3s (  4.5m) | step:    600 | train acc: 1.000 | train loss: 0.006 |warm_v acc: 0.698 (0.691, 0.710) | warm_v dp gap: 0.3941
  8.32% | time:  22.2s (  4.9m) | step:    635 | train acc: 1.000 | train loss: 0.003 |warm_t acc: 0.695 (0.683, 0.715) | warm_t dp gap: 0.3887
  8.32% | time:   1.4s (  4.9m) | step:    635 | train acc: 1.000 | train loss: 0.003 |warm_v acc: 0.698 (0.683, 0.721) | warm_v dp gap: 0.3737
Epoch 1
 10.95% | time:  79.6s (  6.2m) | step:    835 | train acc: 1.000 | train loss: 0.000 |warm_t acc: 0.694 (0.682, 0.711) | warm_t dp gap: 0.3948
 10.95% | time:   1.3s (  6.2m) | step:    835 | train acc: 1.000 | train loss: 0.000 |warm_v acc: 0.695 (0.692, 0.699) | warm_v dp gap: 0.3714
 13.57% | time:  78.1s (  7.5m) | step:   1035 | train acc: 1.000 | train loss: 0.000 |warm_t acc: 0.694 (0.682, 0.713) | warm_t dp gap: 0.3954
 13.57% | time:   1.5s (  7.6m) | step:   1035 | train acc: 1.000 | train loss: 0.000 |warm_v acc: 0.689 (0.681, 0.701) | warm_v dp gap: 0.3953
 16.19% | time:  77.1s (  8.9m) | step:   1235 | train acc: 1.000 | train loss: 0.000 |warm_t acc: 0.694 (0.683, 0.712) | warm_t dp gap: 0.3953
 16.19% | time:   1.4s (  8.9m) | step:   1235 | train acc: 1.000 | train loss: 0.000 |warm_v acc: 0.684 (0.674, 0.699) | warm_v dp gap: 0.3714
 16.65% | time:  20.2s (  9.2m) | step:   1270 | train acc: 1.000 | train loss: 0.000 |warm_t acc: 0.694 (0.683, 0.712) | warm_t dp gap: 0.3956
 16.65% | time:   1.3s (  9.2m) | step:   1270 | train acc: 1.000 | train loss: 0.000 |warm_v acc: 0.694 (0.692, 0.697) | warm_v dp gap: 0.3768
Epoch 2
 19.28% | time:  76.2s ( 10.5m) | step:   1471 | train acc: 1.000 | train loss: 0.000 |test acc: 0.694 (0.682, 0.713) | test dp gap: 0.3955
 19.28% | time:   1.2s ( 10.5m) | step:   1471 | train acc: 1.000 | train loss: 0.000 |val acc: 0.702 (0.701, 0.704) | val dp gap: 0.3947
begin calculating influence
selected layers: [Traced<ShapedArray(float32[768])>with<DynamicJaxprTrace(level=0/1)>, Traced<ShapedArray(float32[8,8,3,768])>with<DynamicJaxprTrace(level=0/1)>, Traced<ShapedArray(float32[2])>with<DynamicJaxprTrace(level=0/1)>, Traced<ShapedArray(float32[768,2])>with<DynamicJaxprTrace(level=0/1)>]
calculating influence -- done
length of new labels 256
Use 3255+256 = 3511 samples.
Files already downloaded and verified
3511 labeled samples and 159259 unlabeled samples. Total: 162770
 21.90% | time: 738.0s ( 22.8m) | step:   1671 | train acc: 1.000 | train loss: 0.009 |test acc: 0.671 (0.646, 0.711) | test dp gap: 0.3515
 21.90% | time:   1.4s ( 22.8m) | step:   1671 | train acc: 1.000 | train loss: 0.009 |val acc: 0.666 (0.667, 0.665) | val dp gap: 0.3433
begin calculating influence
[Strategy 2] Acc of expected label: 0.6784765625
calculating influence -- done
Use 3767 samples. Get 3728 labels. Ratio: 1.0104613733905579
Files already downloaded and verified
3767 labeled samples and 159003 unlabeled samples. Total: 162770
 24.52% | time: 714.2s ( 34.8m) | step:   1871 | train acc: 1.000 | train loss: 0.001 |test acc: 0.687 (0.662, 0.727) | test dp gap: 0.3406
 24.52% | time:   1.4s ( 34.8m) | step:   1871 | train acc: 1.000 | train loss: 0.001 |val acc: 0.674 (0.666, 0.685) | val dp gap: 0.2930
begin calculating influence
[Strategy 2] Acc of expected label: 0.694609375
calculating influence -- done
Use 4023 samples. Get 4258 labels. Ratio: 0.9448097698449976
Files already downloaded and verified
4023 labeled samples and 158747 unlabeled samples. Total: 162770
 24.98% | time: 656.3s ( 45.7m) | step:   1906 | train acc: 0.996 | train loss: 0.011 |test acc: 0.680 (0.650, 0.728) | test dp gap: 0.3279
 24.98% | time:   1.4s ( 45.7m) | step:   1906 | train acc: 0.996 | train loss: 0.011 |val acc: 0.671 (0.655, 0.698) | val dp gap: 0.3078
begin calculating influence
[Strategy 2] Acc of expected label: 0.6853515625
calculating influence -- done
Use 4264 samples. Get 4768 labels. Ratio: 0.8942953020134228
Files already downloaded and verified
4264 labeled samples and 158506 unlabeled samples. Total: 162770
Epoch 3
 27.62% | time: 712.8s ( 57.6m) | step:   2107 | train acc: 1.000 | train loss: 0.000 |test acc: 0.682 (0.659, 0.717) | test dp gap: 0.3422
 27.62% | time:   1.3s ( 57.6m) | step:   2107 | train acc: 1.000 | train loss: 0.000 |val acc: 0.678 (0.656, 0.714) | val dp gap: 0.3014
begin calculating influence
[Strategy 2] Acc of expected label: 0.6893359375
calculating influence -- done
Use 4520 samples. Get 5296 labels. Ratio: 0.8534743202416919
Files already downloaded and verified
4520 labeled samples and 158250 unlabeled samples. Total: 162770
 30.24% | time: 712.0s ( 69.5m) | step:   2307 | train acc: 1.000 | train loss: 0.000 |test acc: 0.681 (0.661, 0.713) | test dp gap: 0.3338
 30.24% | time:   1.4s ( 69.5m) | step:   2307 | train acc: 1.000 | train loss: 0.000 |val acc: 0.682 (0.665, 0.709) | val dp gap: 0.3289
begin calculating influence
[Strategy 2] Acc of expected label: 0.68671875
calculating influence -- done
Use 4776 samples. Get 5873 labels. Ratio: 0.8132130086838073
Files already downloaded and verified
4776 labeled samples and 157994 unlabeled samples. Total: 162770
 32.86% | time: 713.8s ( 81.4m) | step:   2507 | train acc: 1.000 | train loss: 0.002 |test acc: 0.672 (0.650, 0.706) | test dp gap: 0.3047
 32.86% | time:   1.4s ( 81.5m) | step:   2507 | train acc: 1.000 | train loss: 0.002 |val acc: 0.671 (0.648, 0.705) | val dp gap: 0.3130
begin calculating influence
[Strategy 2] Acc of expected label: 0.67375
calculating influence -- done
Use 5032 samples. Get 6626 labels. Ratio: 0.759432538484757
Files already downloaded and verified
5032 labeled samples and 157738 unlabeled samples. Total: 162770
 33.32% | time: 658.6s ( 92.4m) | step:   2542 | train acc: 1.000 | train loss: 0.009 |test acc: 0.663 (0.636, 0.706) | test dp gap: 0.2861
 33.32% | time:   1.4s ( 92.5m) | step:   2542 | train acc: 1.000 | train loss: 0.009 |val acc: 0.657 (0.640, 0.684) | val dp gap: 0.2607
begin calculating influence
[Strategy 2] Acc of expected label: 0.6705078125
calculating influence -- done
Use 5288 samples. Get 7188 labels. Ratio: 0.7356705620478575
Files already downloaded and verified
5288 labeled samples and 157482 unlabeled samples. Total: 162770
Epoch 4
 35.95% | time: 708.6s (104.3m) | step:   2743 | train acc: 1.000 | train loss: 0.000 |test acc: 0.674 (0.656, 0.703) | test dp gap: 0.3021
 35.95% | time:   1.4s (104.3m) | step:   2743 | train acc: 1.000 | train loss: 0.000 |val acc: 0.680 (0.670, 0.695) | val dp gap: 0.2894
begin calculating influence
[Strategy 2] Acc of expected label: 0.673515625
calculating influence -- done
Use 5544 samples. Get 7857 labels. Ratio: 0.7056128293241696
Files already downloaded and verified
5544 labeled samples and 157226 unlabeled samples. Total: 162770
 38.58% | time: 717.2s (116.2m) | step:   2943 | train acc: 1.000 | train loss: 0.001 |test acc: 0.670 (0.651, 0.699) | test dp gap: 0.2907
 38.58% | time:   1.4s (116.3m) | step:   2943 | train acc: 1.000 | train loss: 0.001 |val acc: 0.668 (0.647, 0.702) | val dp gap: 0.2608
begin calculating influence
[Strategy 2] Acc of expected label: 0.671484375
calculating influence -- done
Use 5800 samples. Get 8453 labels. Ratio: 0.6861469300839939
Files already downloaded and verified
5800 labeled samples and 156970 unlabeled samples. Total: 162770
 41.20% | time: 713.2s (128.1m) | step:   3143 | train acc: 1.000 | train loss: 0.002 |test acc: 0.666 (0.646, 0.697) | test dp gap: 0.2657
 41.20% | time:   1.2s (128.2m) | step:   3143 | train acc: 1.000 | train loss: 0.002 |val acc: 0.674 (0.660, 0.694) | val dp gap: 0.2372
begin calculating influence
[Strategy 2] Acc of expected label: 0.66984375
calculating influence -- done
Use 6056 samples. Get 9076 labels. Ratio: 0.6672542970471573
Files already downloaded and verified
6056 labeled samples and 156714 unlabeled samples. Total: 162770
 41.66% | time: 656.2s (139.1m) | step:   3178 | train acc: 0.996 | train loss: 0.014 |test acc: 0.662 (0.646, 0.688) | test dp gap: 0.2758
 41.66% | time:   1.2s (139.1m) | step:   3178 | train acc: 0.996 | train loss: 0.014 |val acc: 0.676 (0.670, 0.685) | val dp gap: 0.2501
begin calculating influence
[Strategy 2] Acc of expected label: 0.66296875
calculating influence -- done
Use 6312 samples. Get 9657 labels. Ratio: 0.653619136377757
Files already downloaded and verified
6312 labeled samples and 156458 unlabeled samples. Total: 162770
Epoch 5
 44.29% | time: 712.5s (151.0m) | step:   3379 | train acc: 0.996 | train loss: 0.008 |test acc: 0.663 (0.632, 0.711) | test dp gap: 0.2635
 44.29% | time:   1.3s (151.0m) | step:   3379 | train acc: 0.996 | train loss: 0.008 |val acc: 0.663 (0.637, 0.709) | val dp gap: 0.2471
begin calculating influence
[Strategy 2] Acc of expected label: 0.66046875
calculating influence -- done
Use 6568 samples. Get 10179 labels. Ratio: 0.6452500245603694
Files already downloaded and verified
6568 labeled samples and 156202 unlabeled samples. Total: 162770
 46.91% | time: 714.4s (162.9m) | step:   3579 | train acc: 1.000 | train loss: 0.001 |test acc: 0.665 (0.638, 0.706) | test dp gap: 0.2767
 46.91% | time:   1.4s (163.0m) | step:   3579 | train acc: 1.000 | train loss: 0.001 |val acc: 0.676 (0.657, 0.705) | val dp gap: 0.2723
begin calculating influence
[Strategy 2] Acc of expected label: 0.671796875
calculating influence -- done
Use 6824 samples. Get 10767 labels. Ratio: 0.6337884276028606
Files already downloaded and verified
6824 labeled samples and 155946 unlabeled samples. Total: 162770
 49.53% | time: 714.0s (174.8m) | step:   3779 | train acc: 0.992 | train loss: 0.033 |test acc: 0.658 (0.627, 0.707) | test dp gap: 0.2601
 49.53% | time:   1.2s (174.9m) | step:   3779 | train acc: 0.992 | train loss: 0.033 |val acc: 0.655 (0.626, 0.702) | val dp gap: 0.2578
begin calculating influence
[Strategy 2] Acc of expected label: 0.6628125
calculating influence -- done
Use 7080 samples. Get 11316 labels. Ratio: 0.6256627783669141
Files already downloaded and verified
7080 labeled samples and 155690 unlabeled samples. Total: 162770
 49.99% | time: 656.9s (185.8m) | step:   3814 | train acc: 0.992 | train loss: 0.023 |test acc: 0.649 (0.625, 0.688) | test dp gap: 0.2367
 49.99% | time:   1.2s (185.8m) | step:   3814 | train acc: 0.992 | train loss: 0.023 |val acc: 0.651 (0.631, 0.683) | val dp gap: 0.2176
begin calculating influence
[Strategy 2] Acc of expected label: 0.6430078125
calculating influence -- done
Use 7336 samples. Get 11859 labels. Ratio: 0.6186019057256092
Files already downloaded and verified
7336 labeled samples and 155434 unlabeled samples. Total: 162770
Epoch 6
 52.62% | time: 711.8s (197.7m) | step:   4014 | train acc: 1.000 | train loss: 0.000 |test acc: 0.662 (0.639, 0.698) | test dp gap: 0.2646
 52.62% | time:   1.4s (197.7m) | step:   4014 | train acc: 1.000 | train loss: 0.000 |val acc: 0.675 (0.654, 0.706) | val dp gap: 0.2124
begin calculating influence
[Strategy 2] Acc of expected label: 0.663984375
calculating influence -- done
Use 7592 samples. Get 12452 labels. Ratio: 0.6097012528107935
Files already downloaded and verified
7592 labeled samples and 155178 unlabeled samples. Total: 162770
 55.24% | time: 710.9s (209.6m) | step:   4214 | train acc: 1.000 | train loss: 0.000 |test acc: 0.659 (0.638, 0.692) | test dp gap: 0.2725
 55.24% | time:   1.4s (209.6m) | step:   4214 | train acc: 1.000 | train loss: 0.000 |val acc: 0.682 (0.662, 0.714) | val dp gap: 0.2370
begin calculating influence
calculating influence -- done
length of new labels 512
Use 7336+512 = 7848 samples.
Files already downloaded and verified
7848 labeled samples and 154922 unlabeled samples. Total: 162770
 57.86% | time: 710.0s (221.4m) | step:   4414 | train acc: 0.996 | train loss: 0.007 |test acc: 0.650 (0.621, 0.696) | test dp gap: 0.2454
 57.86% | time:   1.5s (221.5m) | step:   4414 | train acc: 0.996 | train loss: 0.007 |val acc: 0.671 (0.650, 0.705) | val dp gap: 0.2325
begin calculating influence
[Strategy 2] Acc of expected label: 0.648359375
calculating influence -- done
Use 8104 samples. Get 12986 labels. Ratio: 0.6240566764207608
Files already downloaded and verified
8104 labeled samples and 154666 unlabeled samples. Total: 162770
 58.32% | time: 654.3s (232.4m) | step:   4449 | train acc: 0.996 | train loss: 0.010 |test acc: 0.650 (0.627, 0.687) | test dp gap: 0.2370
 58.32% | time:   1.3s (232.4m) | step:   4449 | train acc: 0.996 | train loss: 0.010 |val acc: 0.671 (0.654, 0.697) | val dp gap: 0.1766
begin calculating influence
[Strategy 2] Acc of expected label: 0.6539453125
calculating influence -- done
Use 8360 samples. Get 13510 labels. Ratio: 0.61880088823094
Files already downloaded and verified
8360 labeled samples and 154410 unlabeled samples. Total: 162770
Epoch 7
 60.95% | time: 707.1s (244.2m) | step:   4650 | train acc: 1.000 | train loss: 0.000 |test acc: 0.660 (0.642, 0.687) | test dp gap: 0.2502
 60.95% | time:   1.3s (244.2m) | step:   4650 | train acc: 1.000 | train loss: 0.000 |val acc: 0.677 (0.663, 0.699) | val dp gap: 0.2220
begin calculating influence
[Strategy 2] Acc of expected label: 0.660859375
calculating influence -- done
Use 8616 samples. Get 13987 labels. Ratio: 0.6160005719596768
Files already downloaded and verified
8616 labeled samples and 154154 unlabeled samples. Total: 162770
 63.57% | time: 717.4s (256.1m) | step:   4850 | train acc: 0.984 | train loss: 0.037 |test acc: 0.655 (0.633, 0.690) | test dp gap: 0.2449
 63.57% | time:   1.2s (256.2m) | step:   4850 | train acc: 0.984 | train loss: 0.037 |val acc: 0.676 (0.659, 0.702) | val dp gap: 0.2008
begin calculating influence
[Strategy 2] Acc of expected label: 0.650546875
calculating influence -- done
Use 8872 samples. Get 14448 labels. Ratio: 0.6140642303433002
Files already downloaded and verified
8872 labeled samples and 153898 unlabeled samples. Total: 162770
 66.19% | time: 695.6s (267.8m) | step:   5050 | train acc: 1.000 | train loss: 0.001 |test acc: 0.659 (0.633, 0.702) | test dp gap: 0.2506
 66.19% | time:   1.5s (267.8m) | step:   5050 | train acc: 1.000 | train loss: 0.001 |val acc: 0.673 (0.642, 0.721) | val dp gap: 0.2069
begin calculating influence
[Strategy 2] Acc of expected label: 0.6594140625
calculating influence -- done
Use 9128 samples. Get 15045 labels. Ratio: 0.6067131937520771
Files already downloaded and verified
9128 labeled samples and 153642 unlabeled samples. Total: 162770
 66.65% | time: 659.7s (278.8m) | step:   5085 | train acc: 0.996 | train loss: 0.010 |test acc: 0.660 (0.647, 0.682) | test dp gap: 0.2568
 66.65% | time:   1.3s (278.8m) | step:   5085 | train acc: 0.996 | train loss: 0.010 |val acc: 0.670 (0.658, 0.689) | val dp gap: 0.2067
begin calculating influence
[Strategy 2] Acc of expected label: 0.66046875
calculating influence -- done
Use 9384 samples. Get 15686 labels. Ratio: 0.5982404692082112
Files already downloaded and verified
9384 labeled samples and 153386 unlabeled samples. Total: 162770
Epoch 8
 69.29% | time: 699.0s (290.4m) | step:   5286 | train acc: 1.000 | train loss: 0.003 |test acc: 0.657 (0.632, 0.697) | test dp gap: 0.2550
 69.29% | time:   1.4s (290.5m) | step:   5286 | train acc: 1.000 | train loss: 0.003 |val acc: 0.684 (0.658, 0.724) | val dp gap: 0.2107
begin calculating influence
calculating influence -- done
length of new labels 768
Use 8872+768 = 9640 samples.
Files already downloaded and verified
9640 labeled samples and 153130 unlabeled samples. Total: 162770
 71.91% | time: 715.5s (302.4m) | step:   5486 | train acc: 1.000 | train loss: 0.002 |test acc: 0.650 (0.629, 0.682) | test dp gap: 0.2280
 71.91% | time:   1.4s (302.4m) | step:   5486 | train acc: 1.000 | train loss: 0.002 |val acc: 0.676 (0.665, 0.694) | val dp gap: 0.1882
begin calculating influence
[Strategy 2] Acc of expected label: 0.653984375
calculating influence -- done
Use 9896 samples. Get 16096 labels. Ratio: 0.6148111332007953
Files already downloaded and verified
9896 labeled samples and 152874 unlabeled samples. Total: 162770
 74.53% | time: 717.7s (314.4m) | step:   5686 | train acc: 1.000 | train loss: 0.005 |test acc: 0.662 (0.646, 0.686) | test dp gap: 0.2640
 74.53% | time:   1.5s (314.4m) | step:   5686 | train acc: 1.000 | train loss: 0.005 |val acc: 0.682 (0.673, 0.697) | val dp gap: 0.2075
begin calculating influence
calculating influence -- done
length of new labels 1024
Use 9128+1024 = 10152 samples.
Files already downloaded and verified
10152 labeled samples and 152618 unlabeled samples. Total: 162770
 74.99% | time: 664.2s (325.5m) | step:   5721 | train acc: 0.996 | train loss: 0.015 |test acc: 0.653 (0.641, 0.670) | test dp gap: 0.2545
 74.99% | time:   1.5s (325.5m) | step:   5721 | train acc: 0.996 | train loss: 0.015 |val acc: 0.682 (0.684, 0.678) | val dp gap: 0.2228
begin calculating influence
[Strategy 2] Acc of expected label: 0.6602734375
calculating influence -- done
Use 10408 samples. Get 16703 labels. Ratio: 0.6231215949230677
Files already downloaded and verified
10408 labeled samples and 152362 unlabeled samples. Total: 162770
Epoch 9
 77.62% | time: 709.1s (337.3m) | step:   5922 | train acc: 1.000 | train loss: 0.007 |test acc: 0.655 (0.620, 0.712) | test dp gap: 0.2362
 77.62% | time:   1.2s (337.3m) | step:   5922 | train acc: 1.000 | train loss: 0.007 |val acc: 0.682 (0.650, 0.731) | val dp gap: 0.2016
begin calculating influence
[Strategy 2] Acc of expected label: 0.656015625
calculating influence -- done
Use 10664 samples. Get 17217 labels. Ratio: 0.6193878143695185
Files already downloaded and verified
10664 labeled samples and 152106 unlabeled samples. Total: 162770
 80.25% | time: 715.8s (349.3m) | step:   6122 | train acc: 1.000 | train loss: 0.000 |test acc: 0.653 (0.630, 0.691) | test dp gap: 0.2312
 80.25% | time:   1.5s (349.3m) | step:   6122 | train acc: 1.000 | train loss: 0.000 |val acc: 0.680 (0.663, 0.708) | val dp gap: 0.2007
begin calculating influence
[Strategy 2] Acc of expected label: 0.6563671875
calculating influence -- done
Use 10920 samples. Get 17632 labels. Ratio: 0.6193284936479129
Files already downloaded and verified
10920 labeled samples and 151850 unlabeled samples. Total: 162770
 82.87% | time: 714.5s (361.2m) | step:   6322 | train acc: 1.000 | train loss: 0.000 |test acc: 0.657 (0.628, 0.702) | test dp gap: 0.2328
 82.87% | time:   1.1s (361.2m) | step:   6322 | train acc: 1.000 | train loss: 0.000 |val acc: 0.691 (0.667, 0.728) | val dp gap: 0.1810
begin calculating influence
calculating influence -- done
length of new labels 1280
Use 9896+1280 = 11176 samples.
Files already downloaded and verified
11176 labeled samples and 151594 unlabeled samples. Total: 162770
 83.33% | time: 653.3s (372.1m) | step:   6357 | train acc: 1.000 | train loss: 0.001 |test acc: 0.660 (0.629, 0.710) | test dp gap: 0.2415
 83.33% | time:   1.5s (372.1m) | step:   6357 | train acc: 1.000 | train loss: 0.001 |val acc: 0.682 (0.656, 0.721) | val dp gap: 0.2008
begin calculating influence
[Strategy 2] Acc of expected label: 0.6604296875
calculating influence -- done
Use 11432 samples. Get 18043 labels. Ratio: 0.6335975170426205
Files already downloaded and verified
11432 labeled samples and 151338 unlabeled samples. Total: 162770
Epoch 10
 85.96% | time: 708.7s (383.9m) | step:   6558 | train acc: 1.000 | train loss: 0.003 |test acc: 0.650 (0.614, 0.707) | test dp gap: 0.2238
 85.96% | time:   1.5s (384.0m) | step:   6558 | train acc: 1.000 | train loss: 0.003 |val acc: 0.666 (0.641, 0.706) | val dp gap: 0.1814
begin calculating influence
[Strategy 2] Acc of expected label: 0.6445703125
calculating influence -- done
Use 11688 samples. Get 18535 labels. Ratio: 0.6305907742109522
Files already downloaded and verified
11688 labeled samples and 151082 unlabeled samples. Total: 162770
 88.58% | time: 709.1s (395.8m) | step:   6758 | train acc: 1.000 | train loss: 0.005 |test acc: 0.653 (0.620, 0.704) | test dp gap: 0.2289
 88.58% | time:   1.4s (395.8m) | step:   6758 | train acc: 1.000 | train loss: 0.005 |val acc: 0.667 (0.645, 0.700) | val dp gap: 0.1623
begin calculating influence
[Strategy 2] Acc of expected label: 0.6494921875
calculating influence -- done
Use 11944 samples. Get 18890 labels. Ratio: 0.6322922181048174
Files already downloaded and verified
11944 labeled samples and 150826 unlabeled samples. Total: 162770
 91.20% | time: 709.6s (407.6m) | step:   6958 | train acc: 0.992 | train loss: 0.020 |test acc: 0.657 (0.635, 0.692) | test dp gap: 0.2325
 91.20% | time:   1.5s (407.7m) | step:   6958 | train acc: 0.992 | train loss: 0.020 |val acc: 0.684 (0.673, 0.701) | val dp gap: 0.1722
begin calculating influence
calculating influence -- done
length of new labels 1536
Use 10664+1536 = 12200 samples.
Files already downloaded and verified
12200 labeled samples and 150570 unlabeled samples. Total: 162770
 91.66% | time: 657.7s (418.6m) | step:   6993 | train acc: 0.992 | train loss: 0.015 |test acc: 0.655 (0.617, 0.715) | test dp gap: 0.2314
 91.66% | time:   1.4s (418.7m) | step:   6993 | train acc: 0.992 | train loss: 0.015 |val acc: 0.668 (0.634, 0.719) | val dp gap: 0.1654
begin calculating influence
[Strategy 2] Acc of expected label: 0.6543359375
calculating influence -- done
Use 12456 samples. Get 19398 labels. Ratio: 0.6421280544386019
Files already downloaded and verified
12456 labeled samples and 150314 unlabeled samples. Total: 162770
Epoch 11
 94.30% | time: 710.5s (430.5m) | step:   7194 | train acc: 1.000 | train loss: 0.002 |test acc: 0.662 (0.630, 0.713) | test dp gap: 0.2403
 94.30% | time:   1.5s (430.5m) | step:   7194 | train acc: 1.000 | train loss: 0.002 |val acc: 0.677 (0.644, 0.730) | val dp gap: 0.2078
begin calculating influence
[Strategy 2] Acc of expected label: 0.6563671875
calculating influence -- done
Use 12712 samples. Get 19828 labels. Ratio: 0.6411135767601371
Files already downloaded and verified
12712 labeled samples and 150058 unlabeled samples. Total: 162770
 96.92% | time: 709.8s (442.3m) | step:   7394 | train acc: 0.996 | train loss: 0.005 |test acc: 0.665 (0.634, 0.713) | test dp gap: 0.2455
 96.92% | time:   1.4s (442.4m) | step:   7394 | train acc: 0.996 | train loss: 0.005 |val acc: 0.680 (0.652, 0.722) | val dp gap: 0.1875
begin calculating influence
[Strategy 2] Acc of expected label: 0.6634765625
calculating influence -- done
Use 12968 samples. Get 20278 labels. Ratio: 0.6395107998816452
Files already downloaded and verified
12968 labeled samples and 149802 unlabeled samples. Total: 162770
 99.54% | time: 710.3s (454.2m) | step:   7594 | train acc: 1.000 | train loss: 0.003 |test acc: 0.657 (0.624, 0.709) | test dp gap: 0.2136
 99.54% | time:   1.4s (454.2m) | step:   7594 | train acc: 1.000 | train loss: 0.003 |val acc: 0.677 (0.657, 0.708) | val dp gap: 0.1488
begin calculating influence
[Strategy 2] Acc of expected label: 0.654375
calculating influence -- done
Use 13222 samples. Get 20809 labels. Ratio: 0.635398145033399
Files already downloaded and verified
13222 labeled samples and 149548 unlabeled samples. Total: 162770
100.00% | time: 657.9s (465.2m) | step:   7629 | train acc: 0.996 | train loss: 0.014 |test acc: 0.658 (0.625, 0.711) | test dp gap: 0.2392
100.00% | time:   1.4s (465.2m) | step:   7629 | train acc: 0.996 | train loss: 0.014 |val acc: 0.679 (0.661, 0.709) | val dp gap: 0.1418
begin calculating influence
[Strategy 2] Acc of expected label: 0.6498828125
calculating influence -- done
Use 13478 samples. Get 21280 labels. Ratio: 0.6333646616541353
Files already downloaded and verified
13478 labeled samples and 149292 unlabeled samples. Total: 162770
