Files already downloaded and verified
3255 originally labeled samples, 0 new samples, and 159515 unlabeled samples. Total: 162770
Files already downloaded and verified
1996 originally labeled samples, 0 new samples, and 17966 unlabeled samples. Total: 19962
Numer of layers 200
train net...
train with 162770 samples (with replacement) in one epoch
Epoch 0
  2.62% | time:  95.5s (  1.6m) | step:    200 | train acc: 0.930 | train loss: 0.166 |warm_t acc: 0.681 (0.694, 0.661) | warm_t eop gap: 0.2467
  2.62% | time:   4.9s (  1.7m) | step:    200 | train acc: 0.930 | train loss: 0.166 |warm_v acc: 0.692 (0.704, 0.671) | warm_v eop gap: 0.2562
  5.24% | time:  78.0s (  3.0m) | step:    400 | train acc: 0.793 | train loss: 0.470 |warm_t acc: 0.666 (0.703, 0.605) | warm_t eop gap: 0.1535
  5.24% | time:   1.2s (  3.0m) | step:    400 | train acc: 0.793 | train loss: 0.470 |warm_v acc: 0.661 (0.690, 0.616) | warm_v eop gap: 0.1354
  7.86% | time:  80.0s (  4.3m) | step:    600 | train acc: 1.000 | train loss: 0.006 |warm_t acc: 0.695 (0.677, 0.724) | warm_t eop gap: 0.2626
  7.86% | time:   1.3s (  4.3m) | step:    600 | train acc: 1.000 | train loss: 0.006 |warm_v acc: 0.698 (0.691, 0.710) | warm_v eop gap: 0.3140
  8.32% | time:  19.3s (  4.7m) | step:    635 | train acc: 1.000 | train loss: 0.003 |warm_t acc: 0.695 (0.683, 0.715) | warm_t eop gap: 0.2619
  8.32% | time:   1.4s (  4.7m) | step:    635 | train acc: 1.000 | train loss: 0.003 |warm_v acc: 0.698 (0.683, 0.721) | warm_v eop gap: 0.2375
Epoch 1
 10.95% | time:  74.8s (  5.9m) | step:    835 | train acc: 1.000 | train loss: 0.000 |warm_t acc: 0.694 (0.682, 0.711) | warm_t eop gap: 0.2714
 10.95% | time:   1.4s (  6.0m) | step:    835 | train acc: 1.000 | train loss: 0.000 |warm_v acc: 0.695 (0.692, 0.699) | warm_v eop gap: 0.2614
 13.57% | time:  76.9s (  7.2m) | step:   1035 | train acc: 1.000 | train loss: 0.000 |warm_t acc: 0.694 (0.682, 0.713) | warm_t eop gap: 0.2729
 13.57% | time:   1.5s (  7.3m) | step:   1035 | train acc: 1.000 | train loss: 0.000 |warm_v acc: 0.689 (0.681, 0.701) | warm_v eop gap: 0.2982
 16.19% | time:  76.5s (  8.5m) | step:   1235 | train acc: 1.000 | train loss: 0.000 |warm_t acc: 0.694 (0.683, 0.712) | warm_t eop gap: 0.2751
 16.19% | time:   1.5s (  8.6m) | step:   1235 | train acc: 1.000 | train loss: 0.000 |warm_v acc: 0.684 (0.674, 0.699) | warm_v eop gap: 0.2659
 16.65% | time:  24.3s (  9.0m) | step:   1270 | train acc: 1.000 | train loss: 0.000 |warm_t acc: 0.694 (0.683, 0.712) | warm_t eop gap: 0.2743
 16.65% | time:   1.3s (  9.0m) | step:   1270 | train acc: 1.000 | train loss: 0.000 |warm_v acc: 0.694 (0.692, 0.697) | warm_v eop gap: 0.2793
Epoch 2
 19.28% | time:  70.7s ( 10.2m) | step:   1471 | train acc: 1.000 | train loss: 0.000 |test acc: 0.694 (0.682, 0.713) | test eop gap: 0.2748
 19.28% | time:   1.4s ( 10.2m) | step:   1471 | train acc: 1.000 | train loss: 0.000 |val acc: 0.702 (0.701, 0.704) | val eop gap: 0.3033
begin calculating influence
selected layers: [Traced<ShapedArray(float32[768])>with<DynamicJaxprTrace(level=0/1)>, Traced<ShapedArray(float32[8,8,3,768])>with<DynamicJaxprTrace(level=0/1)>, Traced<ShapedArray(float32[2])>with<DynamicJaxprTrace(level=0/1)>, Traced<ShapedArray(float32[768,2])>with<DynamicJaxprTrace(level=0/1)>]
[Strategy 2] Acc of expected label: 0.703359375
calculating influence -- done
Use 3511 samples. Get 3794 labels. Ratio: 0.9254085397996837
Files already downloaded and verified
3255 originally labeled samples, 256 new samples, and 159259 unlabeled samples. Total: 162770
 21.90% | time: 756.9s ( 22.8m) | step:   1671 | train acc: 0.992 | train loss: 0.046 |test acc: 0.641 (0.670, 0.595) | test eop gap: 0.1673
 21.90% | time:   1.6s ( 22.8m) | step:   1671 | train acc: 0.992 | train loss: 0.046 |val acc: 0.647 (0.670, 0.611) | val eop gap: 0.2002
begin calculating influence
[Strategy 2] Acc of expected label: 0.6533984375
calculating influence -- done
Use 3767 samples. Get 4349 labels. Ratio: 0.8661761324442401
Files already downloaded and verified
3255 originally labeled samples, 512 new samples, and 159003 unlabeled samples. Total: 162770
 24.52% | time: 757.5s ( 35.5m) | step:   1871 | train acc: 0.777 | train loss: 0.491 |test acc: 0.653 (0.657, 0.647) | test eop gap: 0.1672
 24.52% | time:   1.4s ( 35.5m) | step:   1871 | train acc: 0.777 | train loss: 0.491 |val acc: 0.671 (0.680, 0.659) | val eop gap: 0.2160
begin calculating influence
[Strategy 2] Acc of expected label: 0.664375
calculating influence -- done
Use 4023 samples. Get 4821 labels. Ratio: 0.8344741754822651
Files already downloaded and verified
3255 originally labeled samples, 768 new samples, and 158747 unlabeled samples. Total: 162770
 24.98% | time: 700.1s ( 47.2m) | step:   1906 | train acc: 0.871 | train loss: 0.285 |test acc: 0.692 (0.689, 0.698) | test eop gap: 0.2104
 24.98% | time:   1.4s ( 47.2m) | step:   1906 | train acc: 0.871 | train loss: 0.285 |val acc: 0.704 (0.708, 0.700) | val eop gap: 0.2786
begin calculating influence
[Strategy 2] Acc of expected label: 0.6980078125
calculating influence -- done
Use 4279 samples. Get 5448 labels. Ratio: 0.7854258443465492
Files already downloaded and verified
3255 originally labeled samples, 1024 new samples, and 158491 unlabeled samples. Total: 162770
Epoch 3
 27.62% | time: 745.1s ( 59.6m) | step:   2107 | train acc: 0.934 | train loss: 0.177 |test acc: 0.680 (0.665, 0.703) | test eop gap: 0.1631
 27.62% | time:   1.2s ( 59.6m) | step:   2107 | train acc: 0.934 | train loss: 0.177 |val acc: 0.692 (0.683, 0.706) | val eop gap: 0.2098
begin calculating influence
[Strategy 2] Acc of expected label: 0.6919140625
calculating influence -- done
Use 4535 samples. Get 6211 labels. Ratio: 0.7301561745290613
Files already downloaded and verified
3255 originally labeled samples, 1280 new samples, and 158235 unlabeled samples. Total: 162770
 30.24% | time: 755.4s ( 72.2m) | step:   2307 | train acc: 0.992 | train loss: 0.017 |test acc: 0.668 (0.637, 0.717) | test eop gap: 0.1775
 30.24% | time:   1.4s ( 72.2m) | step:   2307 | train acc: 0.992 | train loss: 0.017 |val acc: 0.670 (0.635, 0.725) | val eop gap: 0.1454
begin calculating influence
[Strategy 2] Acc of expected label: 0.6755078125
calculating influence -- done
Use 4791 samples. Get 6720 labels. Ratio: 0.7129464285714285
Files already downloaded and verified
3255 originally labeled samples, 1536 new samples, and 157979 unlabeled samples. Total: 162770
 32.86% | time: 753.6s ( 84.8m) | step:   2507 | train acc: 1.000 | train loss: 0.007 |test acc: 0.670 (0.655, 0.695) | test eop gap: 0.1691
 32.86% | time:   1.4s ( 84.8m) | step:   2507 | train acc: 1.000 | train loss: 0.007 |val acc: 0.669 (0.649, 0.698) | val eop gap: 0.1998
begin calculating influence
[Strategy 2] Acc of expected label: 0.67984375
calculating influence -- done
Use 5047 samples. Get 7281 labels. Ratio: 0.6931740145584397
Files already downloaded and verified
3255 originally labeled samples, 1792 new samples, and 157723 unlabeled samples. Total: 162770
 33.32% | time: 691.0s ( 96.3m) | step:   2542 | train acc: 0.973 | train loss: 0.079 |test acc: 0.673 (0.657, 0.698) | test eop gap: 0.1365
 33.32% | time:   1.4s ( 96.4m) | step:   2542 | train acc: 0.973 | train loss: 0.079 |val acc: 0.676 (0.658, 0.704) | val eop gap: 0.1008
begin calculating influence
[Strategy 2] Acc of expected label: 0.6759375
calculating influence -- done
Use 5303 samples. Get 7723 labels. Ratio: 0.6866502654408908
Files already downloaded and verified
3255 originally labeled samples, 2048 new samples, and 157467 unlabeled samples. Total: 162770
Epoch 4
 35.95% | time: 751.7s (108.9m) | step:   2743 | train acc: 1.000 | train loss: 0.001 |test acc: 0.677 (0.667, 0.694) | test eop gap: 0.1399
 35.95% | time:   1.5s (108.9m) | step:   2743 | train acc: 1.000 | train loss: 0.001 |val acc: 0.699 (0.696, 0.705) | val eop gap: 0.1220
begin calculating influence
[Strategy 2] Acc of expected label: 0.6886328125
calculating influence -- done
Use 5559 samples. Get 8262 labels. Ratio: 0.6728395061728395
Files already downloaded and verified
3255 originally labeled samples, 2304 new samples, and 157211 unlabeled samples. Total: 162770
 38.58% | time: 757.9s (121.5m) | step:   2943 | train acc: 1.000 | train loss: 0.002 |test acc: 0.680 (0.661, 0.711) | test eop gap: 0.1277
 38.58% | time:   1.4s (121.6m) | step:   2943 | train acc: 1.000 | train loss: 0.002 |val acc: 0.698 (0.687, 0.715) | val eop gap: 0.0955
begin calculating influence
[Strategy 2] Acc of expected label: 0.68578125
calculating influence -- done
Use 5815 samples. Get 8853 labels. Ratio: 0.6568394894386084
Files already downloaded and verified
3255 originally labeled samples, 2560 new samples, and 156955 unlabeled samples. Total: 162770
 41.20% | time: 753.3s (134.1m) | step:   3143 | train acc: 1.000 | train loss: 0.006 |test acc: 0.674 (0.651, 0.710) | test eop gap: 0.1215
 41.20% | time:   1.5s (134.1m) | step:   3143 | train acc: 1.000 | train loss: 0.006 |val acc: 0.687 (0.670, 0.714) | val eop gap: 0.1209
begin calculating influence
[Strategy 2] Acc of expected label: 0.682265625
calculating influence -- done
Use 6071 samples. Get 9342 labels. Ratio: 0.649860843502462
Files already downloaded and verified
3255 originally labeled samples, 2816 new samples, and 156699 unlabeled samples. Total: 162770
 41.66% | time: 697.0s (145.8m) | step:   3178 | train acc: 0.949 | train loss: 0.200 |test acc: 0.667 (0.678, 0.648) | test eop gap: 0.1256
 41.66% | time:   1.3s (145.8m) | step:   3178 | train acc: 0.949 | train loss: 0.200 |val acc: 0.681 (0.697, 0.655) | val eop gap: 0.1325
begin calculating influence
[Strategy 2] Acc of expected label: 0.682109375
calculating influence -- done
Use 6327 samples. Get 9922 labels. Ratio: 0.6376738560774038
Files already downloaded and verified
3255 originally labeled samples, 3072 new samples, and 156443 unlabeled samples. Total: 162770
Epoch 5
 44.29% | time: 753.6s (158.3m) | step:   3379 | train acc: 1.000 | train loss: 0.001 |test acc: 0.679 (0.662, 0.705) | test eop gap: 0.1413
 44.29% | time:   1.5s (158.4m) | step:   3379 | train acc: 1.000 | train loss: 0.001 |val acc: 0.701 (0.675, 0.742) | val eop gap: 0.0891
begin calculating influence
[Strategy 2] Acc of expected label: 0.68671875
calculating influence -- done
Use 6583 samples. Get 10376 labels. Ratio: 0.6344448727833462
Files already downloaded and verified
3255 originally labeled samples, 3328 new samples, and 156187 unlabeled samples. Total: 162770
 46.91% | time: 750.3s (170.9m) | step:   3579 | train acc: 1.000 | train loss: 0.007 |test acc: 0.672 (0.644, 0.716) | test eop gap: 0.1366
 46.91% | time:   1.3s (170.9m) | step:   3579 | train acc: 1.000 | train loss: 0.007 |val acc: 0.691 (0.662, 0.736) | val eop gap: 0.1020
begin calculating influence
[Strategy 2] Acc of expected label: 0.678984375
calculating influence -- done
Use 6839 samples. Get 10791 labels. Ratio: 0.6337688814753035
Files already downloaded and verified
3255 originally labeled samples, 3584 new samples, and 155931 unlabeled samples. Total: 162770
 49.53% | time: 760.4s (183.6m) | step:   3779 | train acc: 0.992 | train loss: 0.010 |test acc: 0.671 (0.661, 0.688) | test eop gap: 0.0987
 49.53% | time:   1.5s (183.6m) | step:   3779 | train acc: 0.992 | train loss: 0.010 |val acc: 0.680 (0.659, 0.714) | val eop gap: 0.0295
begin calculating influence
[Strategy 2] Acc of expected label: 0.67484375
calculating influence -- done
Use 7095 samples. Get 11417 labels. Ratio: 0.6214417097311027
Files already downloaded and verified
3255 originally labeled samples, 3840 new samples, and 155675 unlabeled samples. Total: 162770
 49.99% | time: 702.5s (195.3m) | step:   3814 | train acc: 0.984 | train loss: 0.042 |test acc: 0.672 (0.637, 0.728) | test eop gap: 0.1413
 49.99% | time:   1.6s (195.3m) | step:   3814 | train acc: 0.984 | train loss: 0.042 |val acc: 0.682 (0.648, 0.734) | val eop gap: 0.0789
begin calculating influence
[Strategy 2] Acc of expected label: 0.677109375
calculating influence -- done
Use 7351 samples. Get 11906 labels. Ratio: 0.6174197883420124
Files already downloaded and verified
3255 originally labeled samples, 4096 new samples, and 155419 unlabeled samples. Total: 162770
Epoch 6
 52.62% | time: 756.6s (207.9m) | step:   4014 | train acc: 1.000 | train loss: 0.001 |test acc: 0.685 (0.670, 0.710) | test eop gap: 0.1448
 52.62% | time:   1.5s (208.0m) | step:   4014 | train acc: 1.000 | train loss: 0.001 |val acc: 0.685 (0.654, 0.731) | val eop gap: 0.0996
begin calculating influence
[Strategy 2] Acc of expected label: 0.688046875
calculating influence -- done
Use 7607 samples. Get 12497 labels. Ratio: 0.6087060894614708
Files already downloaded and verified
3255 originally labeled samples, 4352 new samples, and 155163 unlabeled samples. Total: 162770
 55.24% | time: 760.6s (220.6m) | step:   4214 | train acc: 0.996 | train loss: 0.018 |test acc: 0.673 (0.659, 0.695) | test eop gap: 0.1146
 55.24% | time:   1.5s (220.7m) | step:   4214 | train acc: 0.996 | train loss: 0.018 |val acc: 0.681 (0.662, 0.710) | val eop gap: 0.1263
begin calculating influence
[Strategy 2] Acc of expected label: 0.6827734375
calculating influence -- done
Use 7863 samples. Get 12995 labels. Ratio: 0.605078876490958
Files already downloaded and verified
3255 originally labeled samples, 4608 new samples, and 154907 unlabeled samples. Total: 162770
 57.86% | time: 760.1s (233.3m) | step:   4414 | train acc: 0.996 | train loss: 0.015 |test acc: 0.679 (0.672, 0.689) | test eop gap: 0.1366
 57.86% | time:   1.6s (233.4m) | step:   4414 | train acc: 0.996 | train loss: 0.015 |val acc: 0.695 (0.674, 0.728) | val eop gap: 0.0744
begin calculating influence
[Strategy 2] Acc of expected label: 0.6898046875
calculating influence -- done
Use 8119 samples. Get 13463 labels. Ratio: 0.6030602391740325
Files already downloaded and verified
3255 originally labeled samples, 4864 new samples, and 154651 unlabeled samples. Total: 162770
 58.32% | time: 702.5s (245.1m) | step:   4449 | train acc: 0.980 | train loss: 0.039 |test acc: 0.683 (0.672, 0.699) | test eop gap: 0.1790
 58.32% | time:   1.5s (245.1m) | step:   4449 | train acc: 0.980 | train loss: 0.039 |val acc: 0.703 (0.678, 0.744) | val eop gap: 0.0924
begin calculating influence
[Strategy 2] Acc of expected label: 0.6934765625
calculating influence -- done
Use 8375 samples. Get 14090 labels. Ratio: 0.5943931866572036
Files already downloaded and verified
3255 originally labeled samples, 5120 new samples, and 154395 unlabeled samples. Total: 162770
Epoch 7
 60.95% | time: 753.2s (257.6m) | step:   4650 | train acc: 1.000 | train loss: 0.001 |test acc: 0.689 (0.670, 0.720) | test eop gap: 0.1528
 60.95% | time:   1.4s (257.7m) | step:   4650 | train acc: 1.000 | train loss: 0.001 |val acc: 0.712 (0.692, 0.741) | val eop gap: 0.1011
begin calculating influence
[Strategy 2] Acc of expected label: 0.6903125
calculating influence -- done
Use 8631 samples. Get 14659 labels. Ratio: 0.5887850467289719
Files already downloaded and verified
3255 originally labeled samples, 5376 new samples, and 154139 unlabeled samples. Total: 162770
 63.57% | time: 758.1s (270.3m) | step:   4850 | train acc: 0.996 | train loss: 0.013 |test acc: 0.681 (0.649, 0.732) | test eop gap: 0.1662
 63.57% | time:   1.6s (270.3m) | step:   4850 | train acc: 0.996 | train loss: 0.013 |val acc: 0.689 (0.665, 0.730) | val eop gap: 0.1399
begin calculating influence
[Strategy 2] Acc of expected label: 0.6901953125
calculating influence -- done
Use 8887 samples. Get 15147 labels. Ratio: 0.5867168416188024
Files already downloaded and verified
3255 originally labeled samples, 5632 new samples, and 153883 unlabeled samples. Total: 162770
 66.19% | time: 757.7s (283.0m) | step:   5050 | train acc: 1.000 | train loss: 0.001 |test acc: 0.688 (0.669, 0.717) | test eop gap: 0.1531
 66.19% | time:   1.5s (283.0m) | step:   5050 | train acc: 1.000 | train loss: 0.001 |val acc: 0.702 (0.677, 0.744) | val eop gap: 0.1142
begin calculating influence
[Strategy 2] Acc of expected label: 0.6955078125
calculating influence -- done
Use 9143 samples. Get 15656 labels. Ratio: 0.5839933571793562
Files already downloaded and verified
3255 originally labeled samples, 5888 new samples, and 153627 unlabeled samples. Total: 162770
 66.65% | time: 702.7s (294.7m) | step:   5085 | train acc: 0.973 | train loss: 0.071 |test acc: 0.678 (0.644, 0.733) | test eop gap: 0.1780
 66.65% | time:   1.5s (294.7m) | step:   5085 | train acc: 0.973 | train loss: 0.071 |val acc: 0.685 (0.640, 0.756) | val eop gap: 0.0874
begin calculating influence
[Strategy 2] Acc of expected label: 0.6887109375
calculating influence -- done
Use 9399 samples. Get 16120 labels. Ratio: 0.5830645161290322
Files already downloaded and verified
3255 originally labeled samples, 6144 new samples, and 153371 unlabeled samples. Total: 162770
Epoch 8
 69.29% | time: 752.3s (307.3m) | step:   5286 | train acc: 1.000 | train loss: 0.007 |test acc: 0.679 (0.654, 0.719) | test eop gap: 0.1310
 69.29% | time:   1.5s (307.3m) | step:   5286 | train acc: 1.000 | train loss: 0.007 |val acc: 0.686 (0.670, 0.711) | val eop gap: 0.0956
begin calculating influence
[Strategy 2] Acc of expected label: 0.6852734375
calculating influence -- done
Use 9655 samples. Get 16677 labels. Ratio: 0.5789410565449421
Files already downloaded and verified
3255 originally labeled samples, 6400 new samples, and 153115 unlabeled samples. Total: 162770
 71.91% | time: 757.9s (319.9m) | step:   5486 | train acc: 1.000 | train loss: 0.001 |test acc: 0.690 (0.672, 0.718) | test eop gap: 0.1633
 71.91% | time:   1.5s (319.9m) | step:   5486 | train acc: 1.000 | train loss: 0.001 |val acc: 0.692 (0.675, 0.719) | val eop gap: 0.0882
begin calculating influence
[Strategy 2] Acc of expected label: 0.699140625
calculating influence -- done
Use 9911 samples. Get 17169 labels. Ratio: 0.577261343118411
Files already downloaded and verified
3255 originally labeled samples, 6656 new samples, and 152859 unlabeled samples. Total: 162770
 74.53% | time: 757.4s (332.6m) | step:   5686 | train acc: 1.000 | train loss: 0.001 |test acc: 0.681 (0.662, 0.712) | test eop gap: 0.1271
 74.53% | time:   1.5s (332.6m) | step:   5686 | train acc: 1.000 | train loss: 0.001 |val acc: 0.699 (0.676, 0.733) | val eop gap: 0.0366
begin calculating influence
[Strategy 2] Acc of expected label: 0.6882421875
calculating influence -- done
Use 10167 samples. Get 17568 labels. Ratio: 0.5787226775956285
Files already downloaded and verified
3255 originally labeled samples, 6912 new samples, and 152603 unlabeled samples. Total: 162770
 74.99% | time: 694.7s (344.2m) | step:   5721 | train acc: 1.000 | train loss: 0.002 |test acc: 0.690 (0.661, 0.737) | test eop gap: 0.1643
 74.99% | time:   1.5s (344.2m) | step:   5721 | train acc: 1.000 | train loss: 0.002 |val acc: 0.701 (0.680, 0.733) | val eop gap: 0.1025
begin calculating influence
[Strategy 2] Acc of expected label: 0.693203125
calculating influence -- done
Use 10423 samples. Get 17935 labels. Ratio: 0.5811541678282688
Files already downloaded and verified
3255 originally labeled samples, 7168 new samples, and 152347 unlabeled samples. Total: 162770
Epoch 9
 77.62% | time: 753.6s (356.7m) | step:   5922 | train acc: 0.996 | train loss: 0.011 |test acc: 0.700 (0.673, 0.742) | test eop gap: 0.1529
 77.62% | time:   1.5s (356.8m) | step:   5922 | train acc: 0.996 | train loss: 0.011 |val acc: 0.710 (0.674, 0.768) | val eop gap: 0.0678
begin calculating influence
[Strategy 2] Acc of expected label: 0.705234375
calculating influence -- done
Use 10679 samples. Get 18325 labels. Ratio: 0.582755798090041
Files already downloaded and verified
3255 originally labeled samples, 7424 new samples, and 152091 unlabeled samples. Total: 162770
 80.25% | time: 758.7s (369.4m) | step:   6122 | train acc: 1.000 | train loss: 0.001 |test acc: 0.701 (0.685, 0.728) | test eop gap: 0.1712
 80.25% | time:   1.6s (369.4m) | step:   6122 | train acc: 1.000 | train loss: 0.001 |val acc: 0.701 (0.678, 0.737) | val eop gap: 0.1033
begin calculating influence
[Strategy 2] Acc of expected label: 0.7084375
calculating influence -- done
Use 10935 samples. Get 18749 labels. Ratio: 0.5832311056589685
Files already downloaded and verified
3255 originally labeled samples, 7680 new samples, and 151835 unlabeled samples. Total: 162770
 82.87% | time: 759.1s (382.1m) | step:   6322 | train acc: 1.000 | train loss: 0.001 |test acc: 0.707 (0.691, 0.732) | test eop gap: 0.1605
 82.87% | time:   1.4s (382.1m) | step:   6322 | train acc: 1.000 | train loss: 0.001 |val acc: 0.704 (0.685, 0.735) | val eop gap: 0.1384
begin calculating influence
[Strategy 2] Acc of expected label: 0.7148046875
calculating influence -- done
Use 11191 samples. Get 19189 labels. Ratio: 0.5831987075928917
Files already downloaded and verified
3255 originally labeled samples, 7936 new samples, and 151579 unlabeled samples. Total: 162770
 83.33% | time: 703.1s (393.8m) | step:   6357 | train acc: 0.977 | train loss: 0.056 |test acc: 0.705 (0.683, 0.740) | test eop gap: 0.1691
 83.33% | time:   1.4s (393.9m) | step:   6357 | train acc: 0.977 | train loss: 0.056 |val acc: 0.714 (0.686, 0.759) | val eop gap: 0.1471
begin calculating influence
[Strategy 2] Acc of expected label: 0.7069140625
calculating influence -- done
Use 11447 samples. Get 19763 labels. Ratio: 0.5792136821332794
Files already downloaded and verified
3255 originally labeled samples, 8192 new samples, and 151323 unlabeled samples. Total: 162770
Epoch 10
 85.96% | time: 752.7s (406.4m) | step:   6558 | train acc: 1.000 | train loss: 0.002 |test acc: 0.696 (0.688, 0.710) | test eop gap: 0.1438
 85.96% | time:   1.4s (406.4m) | step:   6558 | train acc: 1.000 | train loss: 0.002 |val acc: 0.719 (0.715, 0.726) | val eop gap: 0.1163
begin calculating influence
[Strategy 2] Acc of expected label: 0.7076953125
calculating influence -- done
Use 11703 samples. Get 20257 labels. Ratio: 0.5777262180974478
Files already downloaded and verified
3255 originally labeled samples, 8448 new samples, and 151067 unlabeled samples. Total: 162770
 88.58% | time: 758.4s (419.1m) | step:   6758 | train acc: 1.000 | train loss: 0.004 |test acc: 0.704 (0.689, 0.728) | test eop gap: 0.1536
 88.58% | time:   1.5s (419.1m) | step:   6758 | train acc: 1.000 | train loss: 0.004 |val acc: 0.725 (0.705, 0.758) | val eop gap: 0.0717
begin calculating influence
[Strategy 2] Acc of expected label: 0.7051171875
calculating influence -- done
Use 11959 samples. Get 20760 labels. Ratio: 0.5760597302504817
Files already downloaded and verified
3255 originally labeled samples, 8704 new samples, and 150811 unlabeled samples. Total: 162770
 91.20% | time: 758.6s (431.7m) | step:   6958 | train acc: 0.996 | train loss: 0.008 |test acc: 0.704 (0.683, 0.738) | test eop gap: 0.1693
 91.20% | time:   1.4s (431.8m) | step:   6958 | train acc: 0.996 | train loss: 0.008 |val acc: 0.715 (0.695, 0.748) | val eop gap: 0.1296
begin calculating influence
[Strategy 2] Acc of expected label: 0.709375
calculating influence -- done
Use 12215 samples. Get 21336 labels. Ratio: 0.57250656167979
Files already downloaded and verified
3255 originally labeled samples, 8960 new samples, and 150555 unlabeled samples. Total: 162770
 91.66% | time: 701.5s (443.5m) | step:   6993 | train acc: 1.000 | train loss: 0.001 |test acc: 0.698 (0.669, 0.744) | test eop gap: 0.1457
 91.66% | time:   1.5s (443.5m) | step:   6993 | train acc: 1.000 | train loss: 0.001 |val acc: 0.704 (0.678, 0.747) | val eop gap: 0.1025
begin calculating influence
[Strategy 2] Acc of expected label: 0.7042578125
calculating influence -- done
Use 12471 samples. Get 21751 labels. Ratio: 0.5733529492896878
Files already downloaded and verified
3255 originally labeled samples, 9216 new samples, and 150299 unlabeled samples. Total: 162770
Epoch 11
 94.30% | time: 751.7s (456.0m) | step:   7194 | train acc: 1.000 | train loss: 0.001 |test acc: 0.708 (0.683, 0.748) | test eop gap: 0.1724
 94.30% | time:   1.4s (456.0m) | step:   7194 | train acc: 1.000 | train loss: 0.001 |val acc: 0.725 (0.710, 0.749) | val eop gap: 0.1320
begin calculating influence
[Strategy 2] Acc of expected label: 0.7138671875
calculating influence -- done
Use 12727 samples. Get 22149 labels. Ratio: 0.5746083344620525
Files already downloaded and verified
3255 originally labeled samples, 9472 new samples, and 150043 unlabeled samples. Total: 162770
 96.92% | time: 758.8s (468.7m) | step:   7394 | train acc: 1.000 | train loss: 0.000 |test acc: 0.714 (0.692, 0.747) | test eop gap: 0.1605
 96.92% | time:   1.4s (468.7m) | step:   7394 | train acc: 1.000 | train loss: 0.000 |val acc: 0.722 (0.701, 0.756) | val eop gap: 0.0994
begin calculating influence
[Strategy 2] Acc of expected label: 0.7170703125
calculating influence -- done
Use 12983 samples. Get 22575 labels. Ratio: 0.5751052048726467
Files already downloaded and verified
3255 originally labeled samples, 9728 new samples, and 149787 unlabeled samples. Total: 162770
 99.54% | time: 758.7s (481.3m) | step:   7594 | train acc: 1.000 | train loss: 0.001 |test acc: 0.710 (0.691, 0.739) | test eop gap: 0.1531
 99.54% | time:   1.4s (481.4m) | step:   7594 | train acc: 1.000 | train loss: 0.001 |val acc: 0.710 (0.682, 0.753) | val eop gap: 0.0752
begin calculating influence
[Strategy 2] Acc of expected label: 0.7084765625
calculating influence -- done
Use 13239 samples. Get 23137 labels. Ratio: 0.5722003716990103
Files already downloaded and verified
3255 originally labeled samples, 9984 new samples, and 149531 unlabeled samples. Total: 162770
100.00% | time: 702.6s (493.1m) | step:   7629 | train acc: 1.000 | train loss: 0.002 |test acc: 0.704 (0.685, 0.735) | test eop gap: 0.1565
100.00% | time:   1.4s (493.1m) | step:   7629 | train acc: 1.000 | train loss: 0.002 |val acc: 0.707 (0.690, 0.733) | val eop gap: 0.0940
begin calculating influence
[Strategy 2] Acc of expected label: 0.7032421875
calculating influence -- done
Use 13495 samples. Get 23616 labels. Ratio: 0.571434620596206
Files already downloaded and verified
3255 originally labeled samples, 10240 new samples, and 149275 unlabeled samples. Total: 162770
