Files already downloaded and verified
3255 originally labeled samples, 0 new samples, and 5500 unlabeled samples. Total: 8755
Files already downloaded and verified
3255 originally labeled samples, 0 new samples, and 159515 unlabeled samples. Total: 162770
Files already downloaded and verified
1996 originally labeled samples, 0 new samples, and 17966 unlabeled samples. Total: 19962
Numer of layers 200
train net...
train with 162770 samples (with replacement) in one epoch
Epoch 0
  2.62% | time: 100.8s (  1.7m) | step:    200 | train acc: 0.930 | train loss: 0.166 |warm_t acc: 0.681 (0.694, 0.661) | warm_t dp gap: 0.4018
  2.62% | time:   6.5s (  1.8m) | step:    200 | train acc: 0.930 | train loss: 0.166 |warm_v acc: 0.692 (0.704, 0.671) | warm_v dp gap: 0.3936
  5.24% | time:  79.7s (  3.1m) | step:    400 | train acc: 0.793 | train loss: 0.470 |warm_t acc: 0.666 (0.703, 0.605) | warm_t dp gap: 0.3363
  5.24% | time:   1.4s (  3.1m) | step:    400 | train acc: 0.793 | train loss: 0.470 |warm_v acc: 0.661 (0.690, 0.616) | warm_v dp gap: 0.3225
  7.86% | time:  79.6s (  4.5m) | step:    600 | train acc: 1.000 | train loss: 0.006 |warm_t acc: 0.695 (0.677, 0.724) | warm_t dp gap: 0.3869
  7.86% | time:   1.1s (  4.5m) | step:    600 | train acc: 1.000 | train loss: 0.006 |warm_v acc: 0.698 (0.691, 0.710) | warm_v dp gap: 0.3941
  8.32% | time:  23.5s (  4.9m) | step:    635 | train acc: 1.000 | train loss: 0.003 |warm_t acc: 0.695 (0.683, 0.715) | warm_t dp gap: 0.3887
  8.32% | time:   1.5s (  4.9m) | step:    635 | train acc: 1.000 | train loss: 0.003 |warm_v acc: 0.698 (0.683, 0.721) | warm_v dp gap: 0.3737
Epoch 1
 10.95% | time:  80.1s (  6.2m) | step:    835 | train acc: 1.000 | train loss: 0.000 |warm_t acc: 0.694 (0.682, 0.711) | warm_t dp gap: 0.3948
 10.95% | time:   1.5s (  6.3m) | step:    835 | train acc: 1.000 | train loss: 0.000 |warm_v acc: 0.695 (0.692, 0.699) | warm_v dp gap: 0.3714
 13.57% | time:  78.6s (  7.6m) | step:   1035 | train acc: 1.000 | train loss: 0.000 |warm_t acc: 0.694 (0.682, 0.713) | warm_t dp gap: 0.3954
 13.57% | time:   1.5s (  7.6m) | step:   1035 | train acc: 1.000 | train loss: 0.000 |warm_v acc: 0.689 (0.681, 0.701) | warm_v dp gap: 0.3953
 16.19% | time:  76.3s (  8.9m) | step:   1235 | train acc: 1.000 | train loss: 0.000 |warm_t acc: 0.694 (0.683, 0.712) | warm_t dp gap: 0.3953
 16.19% | time:   1.5s (  8.9m) | step:   1235 | train acc: 1.000 | train loss: 0.000 |warm_v acc: 0.684 (0.674, 0.699) | warm_v dp gap: 0.3714
 16.65% | time:  23.9s (  9.3m) | step:   1270 | train acc: 1.000 | train loss: 0.000 |warm_t acc: 0.694 (0.683, 0.712) | warm_t dp gap: 0.3956
 16.65% | time:   1.5s (  9.3m) | step:   1270 | train acc: 1.000 | train loss: 0.000 |warm_v acc: 0.694 (0.692, 0.697) | warm_v dp gap: 0.3768
Epoch 2
 19.28% | time:  70.9s ( 10.5m) | step:   1471 | train acc: 1.000 | train loss: 0.000 |test acc: 0.694 (0.682, 0.713) | test dp gap: 0.3955
 19.28% | time:   1.5s ( 10.5m) | step:   1471 | train acc: 1.000 | train loss: 0.000 |val acc: 0.702 (0.701, 0.704) | val dp gap: 0.3947
begin calculating influence
selected layers: [Traced<ShapedArray(float32[768])>with<DynamicJaxprTrace(level=0/1)>, Traced<ShapedArray(float32[8,8,3,768])>with<DynamicJaxprTrace(level=0/1)>, Traced<ShapedArray(float32[2])>with<DynamicJaxprTrace(level=0/1)>, Traced<ShapedArray(float32[768,2])>with<DynamicJaxprTrace(level=0/1)>]
[Strategy 5] Acc of expected label: 0.6181818181818182
calculating influence -- done
Use 3503 samples. Get 3726 labels. Ratio: 0.940150295222759
Files already downloaded and verified
3255 originally labeled samples, 256 new samples, and 5244 unlabeled samples. Total: 8755
begin calculating influence
[Strategy 5] Acc of expected label: 0.7059375
calculating influence -- done
[ADD ORG DATA] Use 3503 samples. Get 3842 labels. Ratio: 0.9117647058823529
Files already downloaded and verified
3255 originally labeled samples, 256 new samples, and 159259 unlabeled samples. Total: 162770
 21.90% | time: 925.6s ( 25.9m) | step:   1671 | train acc: 0.777 | train loss: 0.433 |test acc: 0.628 (0.547, 0.757) | test dp gap: 0.2141
 21.90% | time:   1.5s ( 26.0m) | step:   1671 | train acc: 0.777 | train loss: 0.433 |val acc: 0.609 (0.538, 0.725) | val dp gap: 0.1738
begin calculating influence
[Strategy 5] Acc of expected label: 0.5940122044241037
calculating influence -- done
Use 3565 samples. Get 3816 labels. Ratio: 0.9342243186582809
Files already downloaded and verified
3255 originally labeled samples, 321 new samples, and 5179 unlabeled samples. Total: 8755
begin calculating influence
[Strategy 5] Acc of expected label: 0.6300390625
calculating influence -- done
[ADD ORG DATA] Use 3565 samples. Get 4365 labels. Ratio: 0.8167239404352806
Files already downloaded and verified
3255 originally labeled samples, 512 new samples, and 159003 unlabeled samples. Total: 162770
 24.52% | time: 886.3s ( 40.7m) | step:   1871 | train acc: 0.977 | train loss: 0.070 |test acc: 0.696 (0.666, 0.744) | test dp gap: 0.3709
 24.52% | time:   1.5s ( 40.8m) | step:   1871 | train acc: 0.977 | train loss: 0.070 |val acc: 0.689 (0.660, 0.733) | val dp gap: 0.3556
begin calculating influence
[Strategy 5] Acc of expected label: 0.6033983394477699
calculating influence -- done
Use 3600 samples. Get 3864 labels. Ratio: 0.9316770186335404
Files already downloaded and verified
3255 originally labeled samples, 356 new samples, and 5144 unlabeled samples. Total: 8755
begin calculating influence
[Strategy 5] Acc of expected label: 0.6997265625
calculating influence -- done
[ADD ORG DATA] Use 3600 samples. Get 4820 labels. Ratio: 0.7468879668049793
Files already downloaded and verified
3255 originally labeled samples, 768 new samples, and 158747 unlabeled samples. Total: 162770
 24.98% | time: 826.0s ( 54.5m) | step:   1906 | train acc: 1.000 | train loss: 0.005 |test acc: 0.690 (0.673, 0.717) | test dp gap: 0.3855
 24.98% | time:   1.6s ( 54.6m) | step:   1906 | train acc: 1.000 | train loss: 0.005 |val acc: 0.698 (0.686, 0.718) | val dp gap: 0.3794
begin calculating influence
[Strategy 5] Acc of expected label: 0.6137247278382582
calculating influence -- done
Use 3691 samples. Get 3998 labels. Ratio: 0.9232116058029014
Files already downloaded and verified
3255 originally labeled samples, 448 new samples, and 5052 unlabeled samples. Total: 8755
begin calculating influence
[Strategy 5] Acc of expected label: 0.696640625
calculating influence -- done
[ADD ORG DATA] Use 3691 samples. Get 5335 labels. Ratio: 0.691846298031865
Files already downloaded and verified
3255 originally labeled samples, 1024 new samples, and 158491 unlabeled samples. Total: 162770
Epoch 3
 27.62% | time: 886.3s ( 69.3m) | step:   2107 | train acc: 0.984 | train loss: 0.058 |test acc: 0.685 (0.667, 0.714) | test dp gap: 0.3339
 27.62% | time:   1.5s ( 69.4m) | step:   2107 | train acc: 0.984 | train loss: 0.058 |val acc: 0.688 (0.668, 0.716) | val dp gap: 0.3179
begin calculating influence
[Strategy 5] Acc of expected label: 0.6084718923198733
calculating influence -- done
Use 3764 samples. Get 4180 labels. Ratio: 0.9004784688995215
Files already downloaded and verified
3255 originally labeled samples, 521 new samples, and 4979 unlabeled samples. Total: 8755
begin calculating influence
[Strategy 5] Acc of expected label: 0.6858984375
calculating influence -- done
[ADD ORG DATA] Use 3764 samples. Get 5955 labels. Ratio: 0.6320738874895047
Files already downloaded and verified
3255 originally labeled samples, 1280 new samples, and 158235 unlabeled samples. Total: 162770
 30.24% | time: 872.7s ( 83.9m) | step:   2307 | train acc: 1.000 | train loss: 0.000 |test acc: 0.654 (0.607, 0.729) | test dp gap: 0.2497
 30.24% | time:   1.3s ( 83.9m) | step:   2307 | train acc: 1.000 | train loss: 0.000 |val acc: 0.652 (0.604, 0.727) | val dp gap: 0.2192
begin calculating influence
[Strategy 5] Acc of expected label: 0.6196023297850974
calculating influence -- done
Use 3840 samples. Get 4295 labels. Ratio: 0.8940628637951106
Files already downloaded and verified
3255 originally labeled samples, 599 new samples, and 4901 unlabeled samples. Total: 8755
begin calculating influence
[Strategy 5] Acc of expected label: 0.64875
calculating influence -- done
[ADD ORG DATA] Use 3840 samples. Get 6490 labels. Ratio: 0.5916795069337443
Files already downloaded and verified
3255 originally labeled samples, 1536 new samples, and 157979 unlabeled samples. Total: 162770
 32.86% | time: 875.3s ( 98.5m) | step:   2507 | train acc: 1.000 | train loss: 0.002 |test acc: 0.677 (0.652, 0.717) | test dp gap: 0.2992
 32.86% | time:   1.4s ( 98.5m) | step:   2507 | train acc: 1.000 | train loss: 0.002 |val acc: 0.685 (0.650, 0.740) | val dp gap: 0.2778
begin calculating influence
[Strategy 5] Acc of expected label: 0.6180371352785146
calculating influence -- done
Use 3991 samples. Get 4532 labels. Ratio: 0.8806266548984996
Files already downloaded and verified
3255 originally labeled samples, 752 new samples, and 4748 unlabeled samples. Total: 8755
begin calculating influence
[Strategy 5] Acc of expected label: 0.6848828125
calculating influence -- done
[ADD ORG DATA] Use 3991 samples. Get 7106 labels. Ratio: 0.5616380523501266
Files already downloaded and verified
3255 originally labeled samples, 1792 new samples, and 157723 unlabeled samples. Total: 162770
 33.32% | time: 822.7s (112.2m) | step:   2542 | train acc: 0.945 | train loss: 0.187 |test acc: 0.664 (0.673, 0.651) | test dp gap: 0.2756
 33.32% | time:   1.6s (112.3m) | step:   2542 | train acc: 0.945 | train loss: 0.187 |val acc: 0.671 (0.678, 0.660) | val dp gap: 0.2429
begin calculating influence
[Strategy 5] Acc of expected label: 0.6055181128896377
calculating influence -- done
Use 4090 samples. Get 4698 labels. Ratio: 0.870583226905066
Files already downloaded and verified
3255 originally labeled samples, 853 new samples, and 4647 unlabeled samples. Total: 8755
begin calculating influence
[Strategy 5] Acc of expected label: 0.67421875
calculating influence -- done
[ADD ORG DATA] Use 4090 samples. Get 7644 labels. Ratio: 0.5350601779173207
Files already downloaded and verified
3255 originally labeled samples, 2048 new samples, and 157467 unlabeled samples. Total: 162770
Epoch 4
 35.95% | time: 878.3s (126.9m) | step:   2743 | train acc: 1.000 | train loss: 0.000 |test acc: 0.660 (0.617, 0.728) | test dp gap: 0.2467
 35.95% | time:   1.5s (126.9m) | step:   2743 | train acc: 1.000 | train loss: 0.000 |val acc: 0.656 (0.620, 0.714) | val dp gap: 0.2439
begin calculating influence
[Strategy 5] Acc of expected label: 0.5902732945986658
calculating influence -- done
Use 4124 samples. Get 4762 labels. Ratio: 0.8660226795464091
Files already downloaded and verified
3255 originally labeled samples, 887 new samples, and 4613 unlabeled samples. Total: 8755
begin calculating influence
[Strategy 5] Acc of expected label: 0.6614453125
calculating influence -- done
[ADD ORG DATA] Use 4124 samples. Get 8180 labels. Ratio: 0.5041564792176039
Files already downloaded and verified
3255 originally labeled samples, 2304 new samples, and 157211 unlabeled samples. Total: 162770
 38.58% | time: 872.5s (141.5m) | step:   2943 | train acc: 1.000 | train loss: 0.000 |test acc: 0.667 (0.649, 0.695) | test dp gap: 0.2906
 38.58% | time:   1.5s (141.5m) | step:   2943 | train acc: 1.000 | train loss: 0.000 |val acc: 0.662 (0.643, 0.693) | val dp gap: 0.2432
begin calculating influence
[Strategy 5] Acc of expected label: 0.6002601344027748
calculating influence -- done
Use 4142 samples. Get 4790 labels. Ratio: 0.8647181628392484
Files already downloaded and verified
3255 originally labeled samples, 906 new samples, and 4594 unlabeled samples. Total: 8755
begin calculating influence
[Strategy 5] Acc of expected label: 0.676328125
calculating influence -- done
[ADD ORG DATA] Use 4142 samples. Get 8747 labels. Ratio: 0.47353378301131815
Files already downloaded and verified
3255 originally labeled samples, 2560 new samples, and 156955 unlabeled samples. Total: 162770
 41.20% | time: 873.3s (156.1m) | step:   3143 | train acc: 1.000 | train loss: 0.000 |test acc: 0.675 (0.658, 0.702) | test dp gap: 0.3005
 41.20% | time:   1.5s (156.1m) | step:   3143 | train acc: 1.000 | train loss: 0.000 |val acc: 0.671 (0.646, 0.709) | val dp gap: 0.2916
begin calculating influence
[Strategy 5] Acc of expected label: 0.6042664344797563
calculating influence -- done
Use 4171 samples. Get 4827 labels. Ratio: 0.8640977833022582
Files already downloaded and verified
3255 originally labeled samples, 937 new samples, and 4563 unlabeled samples. Total: 8755
begin calculating influence
[Strategy 5] Acc of expected label: 0.681015625
calculating influence -- done
[ADD ORG DATA] Use 4171 samples. Get 9390 labels. Ratio: 0.44419595314164007
Files already downloaded and verified
3255 originally labeled samples, 2816 new samples, and 156699 unlabeled samples. Total: 162770
 41.66% | time: 823.9s (169.8m) | step:   3178 | train acc: 1.000 | train loss: 0.000 |test acc: 0.669 (0.647, 0.704) | test dp gap: 0.2642
 41.66% | time:   1.6s (169.8m) | step:   3178 | train acc: 1.000 | train loss: 0.000 |val acc: 0.668 (0.648, 0.699) | val dp gap: 0.2079
begin calculating influence
[Strategy 5] Acc of expected label: 0.6028928336620645
calculating influence -- done
Use 4293 samples. Get 5039 labels. Ratio: 0.851954752927168
Files already downloaded and verified
3255 originally labeled samples, 1059 new samples, and 4441 unlabeled samples. Total: 8755
begin calculating influence
[Strategy 5] Acc of expected label: 0.6727734375
calculating influence -- done
[ADD ORG DATA] Use 4293 samples. Get 10040 labels. Ratio: 0.4275896414342629
Files already downloaded and verified
3255 originally labeled samples, 3072 new samples, and 156443 unlabeled samples. Total: 162770
Epoch 5
 44.29% | time: 861.4s (184.2m) | step:   3379 | train acc: 1.000 | train loss: 0.000 |test acc: 0.671 (0.646, 0.709) | test dp gap: 0.2668
 44.29% | time:   1.5s (184.2m) | step:   3379 | train acc: 1.000 | train loss: 0.000 |val acc: 0.667 (0.638, 0.712) | val dp gap: 0.2172
begin calculating influence
[Strategy 5] Acc of expected label: 0.5865795991893717
calculating influence -- done
Use 4342 samples. Get 5114 labels. Ratio: 0.8490418459131795
Files already downloaded and verified
3255 originally labeled samples, 1109 new samples, and 4391 unlabeled samples. Total: 8755
begin calculating influence
[Strategy 5] Acc of expected label: 0.671953125
calculating influence -- done
[ADD ORG DATA] Use 4342 samples. Get 10536 labels. Ratio: 0.41211085801063024
Files already downloaded and verified
3255 originally labeled samples, 3328 new samples, and 156187 unlabeled samples. Total: 162770
 46.91% | time: 867.7s (198.7m) | step:   3579 | train acc: 1.000 | train loss: 0.000 |test acc: 0.674 (0.654, 0.708) | test dp gap: 0.2776
 46.91% | time:   1.4s (198.7m) | step:   3579 | train acc: 1.000 | train loss: 0.000 |val acc: 0.677 (0.665, 0.696) | val dp gap: 0.2383
begin calculating influence
[Strategy 5] Acc of expected label: 0.5962195399681166
calculating influence -- done
Use 4379 samples. Get 5171 labels. Ratio: 0.846838135757107
Files already downloaded and verified
3255 originally labeled samples, 1148 new samples, and 4352 unlabeled samples. Total: 8755
begin calculating influence
[Strategy 5] Acc of expected label: 0.6789453125
calculating influence -- done
[ADD ORG DATA] Use 4379 samples. Get 11106 labels. Ratio: 0.3942913740320547
Files already downloaded and verified
3255 originally labeled samples, 3584 new samples, and 155931 unlabeled samples. Total: 162770
 49.53% | time: 862.1s (213.1m) | step:   3779 | train acc: 1.000 | train loss: 0.004 |test acc: 0.662 (0.635, 0.705) | test dp gap: 0.2699
 49.53% | time:   1.4s (213.1m) | step:   3779 | train acc: 1.000 | train loss: 0.004 |val acc: 0.676 (0.662, 0.697) | val dp gap: 0.2256
begin calculating influence
[Strategy 5] Acc of expected label: 0.5886948529411765
calculating influence -- done
Use 4447 samples. Get 5284 labels. Ratio: 0.8415972747918243
Files already downloaded and verified
3255 originally labeled samples, 1217 new samples, and 4283 unlabeled samples. Total: 8755
begin calculating influence
[Strategy 5] Acc of expected label: 0.6658203125
calculating influence -- done
[ADD ORG DATA] Use 4447 samples. Get 11644 labels. Ratio: 0.38191343181037446
Files already downloaded and verified
3255 originally labeled samples, 3840 new samples, and 155675 unlabeled samples. Total: 162770
 49.99% | time: 809.6s (226.6m) | step:   3814 | train acc: 1.000 | train loss: 0.001 |test acc: 0.665 (0.656, 0.679) | test dp gap: 0.2637
 49.99% | time:   1.4s (226.6m) | step:   3814 | train acc: 1.000 | train loss: 0.001 |val acc: 0.671 (0.666, 0.677) | val dp gap: 0.1981
begin calculating influence
[Strategy 5] Acc of expected label: 0.591407891664721
calculating influence -- done
Use 4514 samples. Get 5393 labels. Ratio: 0.8370109401075468
Files already downloaded and verified
3255 originally labeled samples, 1285 new samples, and 4215 unlabeled samples. Total: 8755
begin calculating influence
[Strategy 5] Acc of expected label: 0.6646875
calculating influence -- done
[ADD ORG DATA] Use 4514 samples. Get 12226 labels. Ratio: 0.3692131522983805
Files already downloaded and verified
3255 originally labeled samples, 4096 new samples, and 155419 unlabeled samples. Total: 162770
Epoch 6
 52.62% | time: 851.9s (240.8m) | step:   4014 | train acc: 1.000 | train loss: 0.001 |test acc: 0.671 (0.652, 0.700) | test dp gap: 0.2680
 52.62% | time:   1.5s (240.8m) | step:   4014 | train acc: 1.000 | train loss: 0.001 |val acc: 0.684 (0.670, 0.707) | val dp gap: 0.2236
begin calculating influence
[Strategy 5] Acc of expected label: 0.595729537366548
calculating influence -- done
Use 4696 samples. Get 5665 labels. Ratio: 0.8289496910856134
Files already downloaded and verified
3255 originally labeled samples, 1470 new samples, and 4030 unlabeled samples. Total: 8755
begin calculating influence
[Strategy 5] Acc of expected label: 0.672578125
calculating influence -- done
[ADD ORG DATA] Use 4696 samples. Get 12802 labels. Ratio: 0.3668176847367599
Files already downloaded and verified
3255 originally labeled samples, 4352 new samples, and 155163 unlabeled samples. Total: 162770
 55.24% | time: 870.5s (255.3m) | step:   4214 | train acc: 0.996 | train loss: 0.016 |test acc: 0.679 (0.661, 0.706) | test dp gap: 0.2894
 55.24% | time:   1.6s (255.4m) | step:   4214 | train acc: 0.996 | train loss: 0.016 |val acc: 0.684 (0.669, 0.708) | val dp gap: 0.2265
begin calculating influence
[Strategy 5] Acc of expected label: 0.5799007444168734
calculating influence -- done
Use 4754 samples. Get 5760 labels. Ratio: 0.8253472222222222
Files already downloaded and verified
3255 originally labeled samples, 1529 new samples, and 3971 unlabeled samples. Total: 8755
begin calculating influence
[Strategy 5] Acc of expected label: 0.676171875
calculating influence -- done
[ADD ORG DATA] Use 4754 samples. Get 13392 labels. Ratio: 0.35498805256869775
Files already downloaded and verified
3255 originally labeled samples, 4608 new samples, and 154907 unlabeled samples. Total: 162770
 57.86% | time: 859.8s (269.7m) | step:   4414 | train acc: 0.992 | train loss: 0.019 |test acc: 0.671 (0.647, 0.711) | test dp gap: 0.2772
 57.86% | time:   1.5s (269.7m) | step:   4414 | train acc: 0.992 | train loss: 0.019 |val acc: 0.673 (0.659, 0.695) | val dp gap: 0.2086
begin calculating influence
[Strategy 5] Acc of expected label: 0.5822211029967262
calculating influence -- done
Use 4776 samples. Get 5785 labels. Ratio: 0.8255834053586862
Files already downloaded and verified
3255 originally labeled samples, 1551 new samples, and 3949 unlabeled samples. Total: 8755
begin calculating influence
[Strategy 5] Acc of expected label: 0.669609375
calculating influence -- done
[ADD ORG DATA] Use 4776 samples. Get 14020 labels. Ratio: 0.34065620542082736
Files already downloaded and verified
3255 originally labeled samples, 4864 new samples, and 154651 unlabeled samples. Total: 162770
 58.32% | time: 802.0s (283.1m) | step:   4449 | train acc: 0.977 | train loss: 0.063 |test acc: 0.658 (0.622, 0.716) | test dp gap: 0.2256
 58.32% | time:   1.5s (283.1m) | step:   4449 | train acc: 0.977 | train loss: 0.063 |val acc: 0.656 (0.623, 0.710) | val dp gap: 0.1461
begin calculating influence
[Strategy 5] Acc of expected label: 0.5854646746011648
calculating influence -- done
Use 4801 samples. Get 5831 labels. Ratio: 0.8233579145944092
Files already downloaded and verified
3255 originally labeled samples, 1577 new samples, and 3923 unlabeled samples. Total: 8755
begin calculating influence
[Strategy 5] Acc of expected label: 0.6574609375
calculating influence -- done
[ADD ORG DATA] Use 4801 samples. Get 14526 labels. Ratio: 0.3305108082059755
Files already downloaded and verified
3255 originally labeled samples, 5120 new samples, and 154395 unlabeled samples. Total: 162770
Epoch 7
 60.95% | time: 859.3s (297.4m) | step:   4650 | train acc: 1.000 | train loss: 0.000 |test acc: 0.655 (0.624, 0.705) | test dp gap: 0.2309
 60.95% | time:   1.5s (297.5m) | step:   4650 | train acc: 1.000 | train loss: 0.000 |val acc: 0.661 (0.638, 0.697) | val dp gap: 0.1750
begin calculating influence
[Strategy 5] Acc of expected label: 0.5715014019882743
calculating influence -- done
Use 4953 samples. Get 5972 labels. Ratio: 0.829370395177495
Files already downloaded and verified
3255 originally labeled samples, 1732 new samples, and 3768 unlabeled samples. Total: 8755
begin calculating influence
[Strategy 5] Acc of expected label: 0.6531640625
calculating influence -- done
[ADD ORG DATA] Use 4953 samples. Get 15064 labels. Ratio: 0.32879713223579393
Files already downloaded and verified
3255 originally labeled samples, 5376 new samples, and 154139 unlabeled samples. Total: 162770
 63.57% | time: 845.2s (311.6m) | step:   4850 | train acc: 1.000 | train loss: 0.000 |test acc: 0.665 (0.644, 0.697) | test dp gap: 0.2476
 63.57% | time:   1.4s (311.6m) | step:   4850 | train acc: 1.000 | train loss: 0.000 |val acc: 0.687 (0.666, 0.719) | val dp gap: 0.2108
begin calculating influence
[Strategy 5] Acc of expected label: 0.5830679405520169
calculating influence -- done
Use 5002 samples. Get 6005 labels. Ratio: 0.8329725228975854
Files already downloaded and verified
3255 originally labeled samples, 1781 new samples, and 3719 unlabeled samples. Total: 8755
begin calculating influence
[Strategy 5] Acc of expected label: 0.665234375
calculating influence -- done
[ADD ORG DATA] Use 5002 samples. Get 15582 labels. Ratio: 0.32101142343729944
Files already downloaded and verified
3255 originally labeled samples, 5632 new samples, and 153883 unlabeled samples. Total: 162770
 66.19% | time: 844.0s (325.6m) | step:   5050 | train acc: 1.000 | train loss: 0.000 |test acc: 0.671 (0.642, 0.717) | test dp gap: 0.2451
 66.19% | time:   1.4s (325.7m) | step:   5050 | train acc: 1.000 | train loss: 0.000 |val acc: 0.686 (0.662, 0.723) | val dp gap: 0.1939
begin calculating influence
[Strategy 5] Acc of expected label: 0.5810701801559559
calculating influence -- done
Use 5037 samples. Get 6023 labels. Ratio: 0.8362942055454092
Files already downloaded and verified
3255 originally labeled samples, 1818 new samples, and 3682 unlabeled samples. Total: 8755
begin calculating influence
[Strategy 5] Acc of expected label: 0.6634375
calculating influence -- done
[ADD ORG DATA] Use 5037 samples. Get 16149 labels. Ratio: 0.31190785807170723
Files already downloaded and verified
3255 originally labeled samples, 5888 new samples, and 153627 unlabeled samples. Total: 162770
 66.65% | time: 787.0s (338.8m) | step:   5085 | train acc: 1.000 | train loss: 0.000 |test acc: 0.677 (0.645, 0.728) | test dp gap: 0.2572
 66.65% | time:   1.4s (338.8m) | step:   5085 | train acc: 1.000 | train loss: 0.000 |val acc: 0.689 (0.657, 0.740) | val dp gap: 0.2120
begin calculating influence
[Strategy 5] Acc of expected label: 0.5904399782726779
calculating influence -- done
Use 5129 samples. Get 6095 labels. Ratio: 0.8415094339622642
Files already downloaded and verified
3255 originally labeled samples, 1912 new samples, and 3588 unlabeled samples. Total: 8755
begin calculating influence
[Strategy 5] Acc of expected label: 0.666875
calculating influence -- done
[ADD ORG DATA] Use 5129 samples. Get 16624 labels. Ratio: 0.3085298363811357
Files already downloaded and verified
3255 originally labeled samples, 6144 new samples, and 153371 unlabeled samples. Total: 162770
Epoch 8
 69.29% | time: 847.6s (352.9m) | step:   5286 | train acc: 0.977 | train loss: 0.057 |test acc: 0.664 (0.647, 0.689) | test dp gap: 0.2534
 69.29% | time:   1.5s (353.0m) | step:   5286 | train acc: 0.977 | train loss: 0.057 |val acc: 0.669 (0.670, 0.668) | val dp gap: 0.1751
begin calculating influence
[Strategy 5] Acc of expected label: 0.6064659977703456
calculating influence -- done
Use 5165 samples. Get 6167 labels. Ratio: 0.8375222960921032
Files already downloaded and verified
3255 originally labeled samples, 1948 new samples, and 3552 unlabeled samples. Total: 8755
begin calculating influence
[Strategy 5] Acc of expected label: 0.6610546875
calculating influence -- done
[ADD ORG DATA] Use 5165 samples. Get 17184 labels. Ratio: 0.30057029795158285
Files already downloaded and verified
3255 originally labeled samples, 6400 new samples, and 153115 unlabeled samples. Total: 162770
 71.91% | time: 843.1s (367.0m) | step:   5486 | train acc: 1.000 | train loss: 0.000 |test acc: 0.664 (0.635, 0.710) | test dp gap: 0.2452
 71.91% | time:   1.5s (367.0m) | step:   5486 | train acc: 1.000 | train loss: 0.000 |val acc: 0.684 (0.661, 0.720) | val dp gap: 0.2045
begin calculating influence
[Strategy 5] Acc of expected label: 0.5867117117117117
calculating influence -- done
Use 5189 samples. Get 6200 labels. Ratio: 0.8369354838709677
Files already downloaded and verified
3255 originally labeled samples, 1973 new samples, and 3527 unlabeled samples. Total: 8755
begin calculating influence
[Strategy 5] Acc of expected label: 0.6644921875
calculating influence -- done
[ADD ORG DATA] Use 5189 samples. Get 17372 labels. Ratio: 0.29869905595210683
Files already downloaded and verified
3255 originally labeled samples, 6506 new samples, and 153009 unlabeled samples. Total: 162770
 74.53% | time: 833.8s (380.9m) | step:   5686 | train acc: 1.000 | train loss: 0.000 |test acc: 0.666 (0.634, 0.717) | test dp gap: 0.2517
 74.53% | time:   1.6s (381.0m) | step:   5686 | train acc: 1.000 | train loss: 0.000 |val acc: 0.688 (0.664, 0.724) | val dp gap: 0.2080
begin calculating influence
[Strategy 5] Acc of expected label: 0.5840657782818259
calculating influence -- done
Use 5205 samples. Get 6220 labels. Ratio: 0.8368167202572347
Files already downloaded and verified
3255 originally labeled samples, 1990 new samples, and 3510 unlabeled samples. Total: 8755
begin calculating influence
[Strategy 5] Acc of expected label: 0.663046875
calculating influence -- done
[ADD ORG DATA] Use 5205 samples. Get 17896 labels. Ratio: 0.2908471166741171
Files already downloaded and verified
3255 originally labeled samples, 6762 new samples, and 152753 unlabeled samples. Total: 162770
 74.99% | time: 779.7s (394.0m) | step:   5721 | train acc: 1.000 | train loss: 0.000 |test acc: 0.670 (0.641, 0.717) | test dp gap: 0.2494
 74.99% | time:   1.6s (394.0m) | step:   5721 | train acc: 1.000 | train loss: 0.000 |val acc: 0.675 (0.651, 0.713) | val dp gap: 0.1594
begin calculating influence
[Strategy 5] Acc of expected label: 0.5905982905982906
calculating influence -- done
Use 5290 samples. Get 6316 labels. Ratio: 0.837555414819506
Files already downloaded and verified
3255 originally labeled samples, 2076 new samples, and 3424 unlabeled samples. Total: 8755
begin calculating influence
[Strategy 5] Acc of expected label: 0.66921875
calculating influence -- done
[ADD ORG DATA] Use 5290 samples. Get 18385 labels. Ratio: 0.28773456622246396
Files already downloaded and verified
3255 originally labeled samples, 7018 new samples, and 152497 unlabeled samples. Total: 162770
Epoch 9
 77.62% | time: 846.0s (408.1m) | step:   5922 | train acc: 1.000 | train loss: 0.000 |test acc: 0.667 (0.638, 0.714) | test dp gap: 0.2246
 77.62% | time:   1.4s (408.1m) | step:   5922 | train acc: 1.000 | train loss: 0.000 |val acc: 0.673 (0.656, 0.699) | val dp gap: 0.1564
begin calculating influence
[Strategy 5] Acc of expected label: 0.5820677570093458
calculating influence -- done
Use 5328 samples. Get 6343 labels. Ratio: 0.8399810815071732
Files already downloaded and verified
3255 originally labeled samples, 2115 new samples, and 3385 unlabeled samples. Total: 8755
begin calculating influence
[Strategy 5] Acc of expected label: 0.66265625
calculating influence -- done
[ADD ORG DATA] Use 5328 samples. Get 18949 labels. Ratio: 0.2811757876405087
Files already downloaded and verified
3255 originally labeled samples, 7274 new samples, and 152241 unlabeled samples. Total: 162770
 80.25% | time: 838.1s (422.1m) | step:   6122 | train acc: 1.000 | train loss: 0.000 |test acc: 0.651 (0.611, 0.713) | test dp gap: 0.2078
 80.25% | time:   1.4s (422.1m) | step:   6122 | train acc: 1.000 | train loss: 0.000 |val acc: 0.682 (0.650, 0.733) | val dp gap: 0.1689
begin calculating influence
[Strategy 5] Acc of expected label: 0.5985228951255539
calculating influence -- done
Use 5361 samples. Get 6390 labels. Ratio: 0.8389671361502348
Files already downloaded and verified
3255 originally labeled samples, 2149 new samples, and 3351 unlabeled samples. Total: 8755
begin calculating influence
[Strategy 5] Acc of expected label: 0.65421875
calculating influence -- done
[ADD ORG DATA] Use 5361 samples. Get 19414 labels. Ratio: 0.2761409292263315
Files already downloaded and verified
3255 originally labeled samples, 7530 new samples, and 151985 unlabeled samples. Total: 162770
 82.87% | time: 836.2s (436.0m) | step:   6322 | train acc: 1.000 | train loss: 0.000 |test acc: 0.671 (0.643, 0.715) | test dp gap: 0.2353
 82.87% | time:   1.2s (436.0m) | step:   6322 | train acc: 1.000 | train loss: 0.000 |val acc: 0.682 (0.658, 0.722) | val dp gap: 0.1756
begin calculating influence
[Strategy 5] Acc of expected label: 0.594449418084154
calculating influence -- done
Use 5381 samples. Get 6404 labels. Ratio: 0.8402560899437851
Files already downloaded and verified
3255 originally labeled samples, 2171 new samples, and 3329 unlabeled samples. Total: 8755
begin calculating influence
[Strategy 5] Acc of expected label: 0.67125
calculating influence -- done
[ADD ORG DATA] Use 5381 samples. Get 19931 labels. Ratio: 0.26998143595404145
Files already downloaded and verified
3255 originally labeled samples, 7786 new samples, and 151729 unlabeled samples. Total: 162770
 83.33% | time: 761.6s (448.7m) | step:   6357 | train acc: 0.973 | train loss: 0.069 |test acc: 0.683 (0.667, 0.708) | test dp gap: 0.2689
 83.33% | time:   1.4s (448.8m) | step:   6357 | train acc: 0.973 | train loss: 0.069 |val acc: 0.701 (0.683, 0.730) | val dp gap: 0.2361
begin calculating influence
[Strategy 5] Acc of expected label: 0.6097927305497146
calculating influence -- done
Use 5434 samples. Get 6459 labels. Ratio: 0.8413067038241214
Files already downloaded and verified
3255 originally labeled samples, 2226 new samples, and 3274 unlabeled samples. Total: 8755
begin calculating influence
[Strategy 5] Acc of expected label: 0.687421875
calculating influence -- done
[ADD ORG DATA] Use 5434 samples. Get 20407 labels. Ratio: 0.26628117802714757
Files already downloaded and verified
3255 originally labeled samples, 8042 new samples, and 151473 unlabeled samples. Total: 162770
Epoch 10
 85.96% | time: 829.9s (462.6m) | step:   6558 | train acc: 1.000 | train loss: 0.001 |test acc: 0.674 (0.649, 0.714) | test dp gap: 0.2553
 85.96% | time:   1.3s (462.6m) | step:   6558 | train acc: 1.000 | train loss: 0.001 |val acc: 0.694 (0.676, 0.722) | val dp gap: 0.1999
begin calculating influence
calculating influence -- done
length of new labels 110
Use 5431+110 = 5541 samples.
Files already downloaded and verified
3255 originally labeled samples, 2336 new samples, and 3164 unlabeled samples. Total: 8755
begin calculating influence
[Strategy 5] Acc of expected label: 0.6688671875
calculating influence -- done
[ADD ORG DATA] Use 5541 samples. Get 20918 labels. Ratio: 0.26489148102113014
Files already downloaded and verified
3255 originally labeled samples, 8298 new samples, and 151217 unlabeled samples. Total: 162770
 88.58% | time: 842.9s (476.7m) | step:   6758 | train acc: 1.000 | train loss: 0.001 |test acc: 0.661 (0.638, 0.699) | test dp gap: 0.2367
 88.58% | time:   1.3s (476.7m) | step:   6758 | train acc: 1.000 | train loss: 0.001 |val acc: 0.672 (0.647, 0.710) | val dp gap: 0.1779
begin calculating influence
[Strategy 5] Acc of expected label: 0.6140960809102401
calculating influence -- done
Use 5596 samples. Get 6507 labels. Ratio: 0.8599969263869679
Files already downloaded and verified
3255 originally labeled samples, 2391 new samples, and 3109 unlabeled samples. Total: 8755
begin calculating influence
[Strategy 5] Acc of expected label: 0.6667578125
calculating influence -- done
[ADD ORG DATA] Use 5596 samples. Get 21458 labels. Ratio: 0.2607885171031783
Files already downloaded and verified
3255 originally labeled samples, 8554 new samples, and 150961 unlabeled samples. Total: 162770
 91.20% | time: 832.5s (490.6m) | step:   6958 | train acc: 1.000 | train loss: 0.000 |test acc: 0.664 (0.637, 0.706) | test dp gap: 0.2274
 91.20% | time:   1.4s (490.6m) | step:   6958 | train acc: 1.000 | train loss: 0.000 |val acc: 0.696 (0.679, 0.722) | val dp gap: 0.1794
begin calculating influence
calculating influence -- done
length of new labels 215
Use 5484+215 = 5699 samples.
Files already downloaded and verified
3255 originally labeled samples, 2496 new samples, and 3004 unlabeled samples. Total: 8755
begin calculating influence
[Strategy 5] Acc of expected label: 0.6646484375
calculating influence -- done
[ADD ORG DATA] Use 5699 samples. Get 22018 labels. Ratio: 0.25883368153329095
Files already downloaded and verified
3255 originally labeled samples, 8810 new samples, and 150705 unlabeled samples. Total: 162770
 91.66% | time: 781.0s (503.6m) | step:   6993 | train acc: 0.992 | train loss: 0.032 |test acc: 0.665 (0.649, 0.691) | test dp gap: 0.2492
 91.66% | time:   1.4s (503.6m) | step:   6993 | train acc: 0.992 | train loss: 0.032 |val acc: 0.684 (0.673, 0.701) | val dp gap: 0.1912
begin calculating influence
calculating influence -- done
length of new labels 361
Use 5482+361 = 5843 samples.
Files already downloaded and verified
3255 originally labeled samples, 2642 new samples, and 2858 unlabeled samples. Total: 8755
begin calculating influence
[Strategy 5] Acc of expected label: 0.6671484375
calculating influence -- done
[ADD ORG DATA] Use 5843 samples. Get 22554 labels. Ratio: 0.2590671277822116
Files already downloaded and verified
3255 originally labeled samples, 9066 new samples, and 150449 unlabeled samples. Total: 162770
Epoch 11
 94.30% | time: 825.1s (517.4m) | step:   7194 | train acc: 1.000 | train loss: 0.001 |test acc: 0.653 (0.604, 0.732) | test dp gap: 0.2190
 94.30% | time:   1.4s (517.4m) | step:   7194 | train acc: 1.000 | train loss: 0.001 |val acc: 0.658 (0.610, 0.731) | val dp gap: 0.1673
begin calculating influence
[Strategy 5] Acc of expected label: 0.6336599020293912
calculating influence -- done
Use 5860 samples. Get 6513 labels. Ratio: 0.8997389835713189
Files already downloaded and verified
3255 originally labeled samples, 2659 new samples, and 2841 unlabeled samples. Total: 8755
begin calculating influence
[Strategy 5] Acc of expected label: 0.64921875
calculating influence -- done
[ADD ORG DATA] Use 5860 samples. Get 23007 labels. Ratio: 0.2547050897552919
Files already downloaded and verified
3255 originally labeled samples, 9322 new samples, and 150193 unlabeled samples. Total: 162770
 96.92% | time: 823.5s (531.1m) | step:   7394 | train acc: 1.000 | train loss: 0.000 |test acc: 0.666 (0.639, 0.709) | test dp gap: 0.2335
 96.92% | time:   1.4s (531.1m) | step:   7394 | train acc: 1.000 | train loss: 0.000 |val acc: 0.678 (0.653, 0.720) | val dp gap: 0.1905
begin calculating influence
[Strategy 5] Acc of expected label: 0.6363956353396691
calculating influence -- done
Use 5928 samples. Get 6603 labels. Ratio: 0.8977737392094502
Files already downloaded and verified
3255 originally labeled samples, 2728 new samples, and 2772 unlabeled samples. Total: 8755
begin calculating influence
[Strategy 5] Acc of expected label: 0.6635546875
calculating influence -- done
[ADD ORG DATA] Use 5928 samples. Get 23353 labels. Ratio: 0.2538431893118657
Files already downloaded and verified
3255 originally labeled samples, 9578 new samples, and 149937 unlabeled samples. Total: 162770
 99.54% | time: 815.3s (544.7m) | step:   7594 | train acc: 1.000 | train loss: 0.001 |test acc: 0.677 (0.655, 0.713) | test dp gap: 0.2458
 99.54% | time:   1.4s (544.8m) | step:   7594 | train acc: 1.000 | train loss: 0.001 |val acc: 0.697 (0.670, 0.737) | val dp gap: 0.2104
begin calculating influence
calculating influence -- done
length of new labels 442
Use 5567+442 = 6009 samples.
Files already downloaded and verified
3255 originally labeled samples, 2809 new samples, and 2691 unlabeled samples. Total: 8755
begin calculating influence
[Strategy 5] Acc of expected label: 0.671640625
calculating influence -- done
[ADD ORG DATA] Use 6009 samples. Get 23875 labels. Ratio: 0.25168586387434555
Files already downloaded and verified
3255 originally labeled samples, 9834 new samples, and 149681 unlabeled samples. Total: 162770
100.00% | time: 719.4s (556.8m) | step:   7629 | train acc: 1.000 | train loss: 0.001 |test acc: 0.675 (0.653, 0.710) | test dp gap: 0.2494
100.00% | time:   1.3s (556.8m) | step:   7629 | train acc: 1.000 | train loss: 0.001 |val acc: 0.698 (0.666, 0.749) | val dp gap: 0.2064
begin calculating influence
calculating influence -- done
length of new labels 533
Use 5564+533 = 6097 samples.
Files already downloaded and verified
3255 originally labeled samples, 2900 new samples, and 2600 unlabeled samples. Total: 8755
begin calculating influence
[Strategy 5] Acc of expected label: 0.67484375
calculating influence -- done
[ADD ORG DATA] Use 6097 samples. Get 24324 labels. Ratio: 0.2506577865482651
Files already downloaded and verified
3255 originally labeled samples, 10090 new samples, and 149425 unlabeled samples. Total: 162770
