Files already downloaded and verified
3255 originally labeled samples, 0 new samples, and 5500 unlabeled samples. Total: 8755
Files already downloaded and verified
3255 originally labeled samples, 0 new samples, and 159515 unlabeled samples. Total: 162770
Files already downloaded and verified
1996 originally labeled samples, 0 new samples, and 17966 unlabeled samples. Total: 19962
Numer of layers 200
train net...
train with 162770 samples (with replacement) in one epoch
Epoch 0
  2.62% | time:  98.6s (  1.6m) | step:    200 | train acc: 0.902 | train loss: 0.255 |warm_t acc: 0.709 (0.695, 0.732) | warm_t eop gap: 0.3005
  2.62% | time:   4.9s (  1.7m) | step:    200 | train acc: 0.902 | train loss: 0.255 |warm_v acc: 0.703 (0.696, 0.715) | warm_v eop gap: 0.3424
  5.24% | time:  81.6s (  3.1m) | step:    400 | train acc: 1.000 | train loss: 0.001 |warm_t acc: 0.707 (0.686, 0.741) | warm_t eop gap: 0.2635
  5.24% | time:   1.4s (  3.1m) | step:    400 | train acc: 1.000 | train loss: 0.001 |warm_v acc: 0.686 (0.673, 0.707) | warm_v eop gap: 0.3191
  7.86% | time:  80.8s (  4.5m) | step:    600 | train acc: 1.000 | train loss: 0.000 |warm_t acc: 0.707 (0.686, 0.740) | warm_t eop gap: 0.2617
  7.86% | time:   1.4s (  4.5m) | step:    600 | train acc: 1.000 | train loss: 0.000 |warm_v acc: 0.692 (0.677, 0.716) | warm_v eop gap: 0.3085
  8.32% | time:  22.1s (  4.8m) | step:    635 | train acc: 1.000 | train loss: 0.000 |warm_t acc: 0.707 (0.686, 0.741) | warm_t eop gap: 0.2592
  8.32% | time:   1.5s (  4.9m) | step:    635 | train acc: 1.000 | train loss: 0.000 |warm_v acc: 0.704 (0.687, 0.731) | warm_v eop gap: 0.2694
Epoch 1
 10.95% | time:  81.6s (  6.2m) | step:    835 | train acc: 1.000 | train loss: 0.000 |warm_t acc: 0.707 (0.686, 0.741) | warm_t eop gap: 0.2604
 10.95% | time:   1.4s (  6.3m) | step:    835 | train acc: 1.000 | train loss: 0.000 |warm_v acc: 0.701 (0.688, 0.722) | warm_v eop gap: 0.2812
 13.57% | time:  79.6s (  7.6m) | step:   1035 | train acc: 1.000 | train loss: 0.000 |warm_t acc: 0.707 (0.686, 0.741) | warm_t eop gap: 0.2597
 13.57% | time:   1.5s (  7.6m) | step:   1035 | train acc: 1.000 | train loss: 0.000 |warm_v acc: 0.701 (0.687, 0.721) | warm_v eop gap: 0.2809
 16.19% | time:  78.4s (  8.9m) | step:   1235 | train acc: 1.000 | train loss: 0.000 |warm_t acc: 0.707 (0.686, 0.741) | warm_t eop gap: 0.2590
 16.19% | time:   1.3s (  8.9m) | step:   1235 | train acc: 1.000 | train loss: 0.000 |warm_v acc: 0.699 (0.683, 0.721) | warm_v eop gap: 0.3185
 16.65% | time:  23.0s (  9.3m) | step:   1270 | train acc: 1.000 | train loss: 0.000 |warm_t acc: 0.707 (0.685, 0.741) | warm_t eop gap: 0.2586
 16.65% | time:   1.5s (  9.3m) | step:   1270 | train acc: 1.000 | train loss: 0.000 |warm_v acc: 0.693 (0.684, 0.708) | warm_v eop gap: 0.3348
Epoch 2
 19.28% | time:  75.8s ( 10.6m) | step:   1471 | train acc: 1.000 | train loss: 0.000 |test acc: 0.707 (0.686, 0.741) | test eop gap: 0.2584
 19.28% | time:   1.2s ( 10.6m) | step:   1471 | train acc: 1.000 | train loss: 0.000 |val acc: 0.705 (0.694, 0.722) | val eop gap: 0.3043
begin calculating influence
selected layers: [Traced<ShapedArray(float32[768])>with<DynamicJaxprTrace(level=0/1)>, Traced<ShapedArray(float32[8,8,3,768])>with<DynamicJaxprTrace(level=0/1)>, Traced<ShapedArray(float32[2])>with<DynamicJaxprTrace(level=0/1)>, Traced<ShapedArray(float32[768,2])>with<DynamicJaxprTrace(level=0/1)>]
[Strategy 5] Acc of expected label: 0.6314545454545455
calculating influence -- done
Use 3312 samples. Get 3360 labels. Ratio: 0.9857142857142858
Files already downloaded and verified
3255 originally labeled samples, 57 new samples, and 5443 unlabeled samples. Total: 8755
begin calculating influence
[Strategy 5] Acc of expected label: 0.706640625
calculating influence -- done
[ADD ORG DATA] Use 3312 samples. Get 3798 labels. Ratio: 0.8720379146919431
Files already downloaded and verified
3255 originally labeled samples, 256 new samples, and 159259 unlabeled samples. Total: 162770
 21.90% | time: 902.9s ( 25.7m) | step:   1671 | train acc: 0.785 | train loss: 0.451 |test acc: 0.638 (0.693, 0.552) | test eop gap: 0.1101
 21.90% | time:   1.4s ( 25.7m) | step:   1671 | train acc: 0.785 | train loss: 0.451 |val acc: 0.653 (0.694, 0.587) | val eop gap: 0.1220
begin calculating influence
[Strategy 5] Acc of expected label: 0.49255925041337495
calculating influence -- done
Use 3565 samples. Get 3772 labels. Ratio: 0.9451219512195121
Files already downloaded and verified
3255 originally labeled samples, 313 new samples, and 5187 unlabeled samples. Total: 8755
begin calculating influence
[Strategy 5] Acc of expected label: 0.65171875
calculating influence -- done
[ADD ORG DATA] Use 3565 samples. Get 4289 labels. Ratio: 0.831196083003031
Files already downloaded and verified
3255 originally labeled samples, 512 new samples, and 159003 unlabeled samples. Total: 162770
 24.52% | time: 881.8s ( 40.4m) | step:   1871 | train acc: 0.961 | train loss: 0.139 |test acc: 0.693 (0.685, 0.706) | test eop gap: 0.2514
 24.52% | time:   1.4s ( 40.4m) | step:   1871 | train acc: 0.961 | train loss: 0.139 |val acc: 0.691 (0.686, 0.698) | val eop gap: 0.2838
begin calculating influence
[Strategy 5] Acc of expected label: 0.5010603431656063
calculating influence -- done
Use 3581 samples. Get 3794 labels. Ratio: 0.9438587243015287
Files already downloaded and verified
3255 originally labeled samples, 329 new samples, and 5171 unlabeled samples. Total: 8755
begin calculating influence
[Strategy 5] Acc of expected label: 0.697109375
calculating influence -- done
[ADD ORG DATA] Use 3581 samples. Get 4854 labels. Ratio: 0.7377420683971981
Files already downloaded and verified
3255 originally labeled samples, 768 new samples, and 158747 unlabeled samples. Total: 162770
 24.98% | time: 801.1s ( 53.8m) | step:   1906 | train acc: 1.000 | train loss: 0.004 |test acc: 0.690 (0.683, 0.701) | test eop gap: 0.1632
 24.98% | time:   1.4s ( 53.8m) | step:   1906 | train acc: 1.000 | train loss: 0.004 |val acc: 0.703 (0.692, 0.721) | val eop gap: 0.1040
begin calculating influence
[Strategy 5] Acc of expected label: 0.5178882227808934
calculating influence -- done
Use 3643 samples. Get 3890 labels. Ratio: 0.9365038560411311
Files already downloaded and verified
3255 originally labeled samples, 392 new samples, and 5108 unlabeled samples. Total: 8755
begin calculating influence
[Strategy 5] Acc of expected label: 0.69125
calculating influence -- done
[ADD ORG DATA] Use 3643 samples. Get 5405 labels. Ratio: 0.6740055504162812
Files already downloaded and verified
3255 originally labeled samples, 1024 new samples, and 158491 unlabeled samples. Total: 162770
Epoch 3
 27.62% | time: 850.6s ( 68.0m) | step:   2107 | train acc: 1.000 | train loss: 0.004 |test acc: 0.690 (0.684, 0.700) | test eop gap: 0.1484
 27.62% | time:   1.5s ( 68.0m) | step:   2107 | train acc: 1.000 | train loss: 0.004 |val acc: 0.699 (0.696, 0.703) | val eop gap: 0.1606
begin calculating influence
[Strategy 5] Acc of expected label: 0.538371182458888
calculating influence -- done
Use 3898 samples. Get 4295 labels. Ratio: 0.9075669383003493
Files already downloaded and verified
3255 originally labeled samples, 648 new samples, and 4852 unlabeled samples. Total: 8755
begin calculating influence
[Strategy 5] Acc of expected label: 0.70046875
calculating influence -- done
[ADD ORG DATA] Use 3898 samples. Get 5964 labels. Ratio: 0.653588195841717
Files already downloaded and verified
3255 originally labeled samples, 1280 new samples, and 158235 unlabeled samples. Total: 162770
 30.24% | time: 871.3s ( 82.5m) | step:   2307 | train acc: 1.000 | train loss: 0.001 |test acc: 0.660 (0.654, 0.668) | test eop gap: 0.0593
 30.24% | time:   1.5s ( 82.5m) | step:   2307 | train acc: 1.000 | train loss: 0.001 |val acc: 0.665 (0.675, 0.649) | val eop gap: 0.1201
begin calculating influence
[Strategy 5] Acc of expected label: 0.5774938169826875
calculating influence -- done
Use 4066 samples. Get 4517 labels. Ratio: 0.9001549701129068
Files already downloaded and verified
3255 originally labeled samples, 820 new samples, and 4680 unlabeled samples. Total: 8755
begin calculating influence
[Strategy 5] Acc of expected label: 0.659921875
calculating influence -- done
[ADD ORG DATA] Use 4066 samples. Get 6516 labels. Ratio: 0.6240024554941682
Files already downloaded and verified
3255 originally labeled samples, 1536 new samples, and 157979 unlabeled samples. Total: 162770
 32.86% | time: 849.3s ( 96.7m) | step:   2507 | train acc: 1.000 | train loss: 0.003 |test acc: 0.683 (0.671, 0.703) | test eop gap: 0.1300
 32.86% | time:   1.5s ( 96.7m) | step:   2507 | train acc: 1.000 | train loss: 0.003 |val acc: 0.702 (0.689, 0.724) | val eop gap: 0.1096
begin calculating influence
[Strategy 5] Acc of expected label: 0.5912393162393162
calculating influence -- done
Use 4316 samples. Get 4969 labels. Ratio: 0.8685852284161804
Files already downloaded and verified
3255 originally labeled samples, 1076 new samples, and 4424 unlabeled samples. Total: 8755
begin calculating influence
[Strategy 5] Acc of expected label: 0.6886328125
calculating influence -- done
[ADD ORG DATA] Use 4316 samples. Get 7049 labels. Ratio: 0.6122854305575259
Files already downloaded and verified
3255 originally labeled samples, 1792 new samples, and 157723 unlabeled samples. Total: 162770
 33.32% | time: 809.8s (110.2m) | step:   2542 | train acc: 0.910 | train loss: 0.259 |test acc: 0.573 (0.510, 0.673) | test eop gap: 0.1183
 33.32% | time:   1.5s (110.2m) | step:   2542 | train acc: 0.910 | train loss: 0.259 |val acc: 0.590 (0.528, 0.691) | val eop gap: 0.0813
begin calculating influence
[Strategy 5] Acc of expected label: 0.5716546112115732
calculating influence -- done
Use 4410 samples. Get 5127 labels. Ratio: 0.8601521357519017
Files already downloaded and verified
3255 originally labeled samples, 1171 new samples, and 4329 unlabeled samples. Total: 8755
begin calculating influence
[Strategy 5] Acc of expected label: 0.5597265625
calculating influence -- done
[ADD ORG DATA] Use 4410 samples. Get 7514 labels. Ratio: 0.586904445035933
Files already downloaded and verified
3255 originally labeled samples, 2048 new samples, and 157467 unlabeled samples. Total: 162770
Epoch 4
 35.95% | time: 862.6s (124.6m) | step:   2743 | train acc: 1.000 | train loss: 0.000 |test acc: 0.679 (0.658, 0.711) | test eop gap: 0.1031
 35.95% | time:   1.3s (124.6m) | step:   2743 | train acc: 1.000 | train loss: 0.000 |val acc: 0.704 (0.694, 0.718) | val eop gap: 0.1071
begin calculating influence
[Strategy 5] Acc of expected label: 0.5761145761145761
calculating influence -- done
Use 4657 samples. Get 5546 labels. Ratio: 0.8397042913811756
Files already downloaded and verified
3255 originally labeled samples, 1427 new samples, and 4073 unlabeled samples. Total: 8755
begin calculating influence
[Strategy 5] Acc of expected label: 0.6839453125
calculating influence -- done
[ADD ORG DATA] Use 4657 samples. Get 8177 labels. Ratio: 0.5695242754066283
Files already downloaded and verified
3255 originally labeled samples, 2304 new samples, and 157211 unlabeled samples. Total: 162770
 38.58% | time: 861.0s (139.0m) | step:   2943 | train acc: 1.000 | train loss: 0.000 |test acc: 0.683 (0.664, 0.712) | test eop gap: 0.1216
 38.58% | time:   1.4s (139.0m) | step:   2943 | train acc: 1.000 | train loss: 0.000 |val acc: 0.702 (0.694, 0.713) | val eop gap: 0.1418
begin calculating influence
[Strategy 5] Acc of expected label: 0.577952369260987
calculating influence -- done
Use 4726 samples. Get 5636 labels. Ratio: 0.8385379701916252
Files already downloaded and verified
3255 originally labeled samples, 1499 new samples, and 4001 unlabeled samples. Total: 8755
begin calculating influence
[Strategy 5] Acc of expected label: 0.68328125
calculating influence -- done
[ADD ORG DATA] Use 4726 samples. Get 8737 labels. Ratio: 0.5409179352180382
Files already downloaded and verified
3255 originally labeled samples, 2560 new samples, and 156955 unlabeled samples. Total: 162770
 41.20% | time: 861.6s (153.4m) | step:   3143 | train acc: 1.000 | train loss: 0.002 |test acc: 0.683 (0.649, 0.736) | test eop gap: 0.1366
 41.20% | time:   1.5s (153.4m) | step:   3143 | train acc: 1.000 | train loss: 0.002 |val acc: 0.698 (0.668, 0.745) | val eop gap: 0.1287
begin calculating influence
[Strategy 5] Acc of expected label: 0.5673581604598851
calculating influence -- done
Use 4809 samples. Get 5738 labels. Ratio: 0.8380968978738237
Files already downloaded and verified
3255 originally labeled samples, 1583 new samples, and 3917 unlabeled samples. Total: 8755
begin calculating influence
[Strategy 5] Acc of expected label: 0.6838671875
calculating influence -- done
[ADD ORG DATA] Use 4809 samples. Get 9220 labels. Ratio: 0.5215835140997831
Files already downloaded and verified
3255 originally labeled samples, 2816 new samples, and 156699 unlabeled samples. Total: 162770
 41.66% | time: 795.4s (166.7m) | step:   3178 | train acc: 0.996 | train loss: 0.012 |test acc: 0.682 (0.649, 0.736) | test eop gap: 0.1118
 41.66% | time:   1.5s (166.7m) | step:   3178 | train acc: 0.996 | train loss: 0.012 |val acc: 0.701 (0.670, 0.746) | val eop gap: 0.1113
begin calculating influence
[Strategy 5] Acc of expected label: 0.5703344396221598
calculating influence -- done
Use 4937 samples. Get 5898 labels. Ratio: 0.8370634113258731
Files already downloaded and verified
3255 originally labeled samples, 1713 new samples, and 3787 unlabeled samples. Total: 8755
begin calculating influence
[Strategy 5] Acc of expected label: 0.684296875
calculating influence -- done
[ADD ORG DATA] Use 4937 samples. Get 9743 labels. Ratio: 0.506722775325875
Files already downloaded and verified
3255 originally labeled samples, 3072 new samples, and 156443 unlabeled samples. Total: 162770
Epoch 5
 44.29% | time: 852.7s (180.9m) | step:   3379 | train acc: 1.000 | train loss: 0.000 |test acc: 0.676 (0.657, 0.706) | test eop gap: 0.1049
 44.29% | time:   1.4s (180.9m) | step:   3379 | train acc: 1.000 | train loss: 0.000 |val acc: 0.708 (0.695, 0.729) | val eop gap: 0.1097
begin calculating influence
[Strategy 5] Acc of expected label: 0.5764457354106153
calculating influence -- done
Use 5028 samples. Get 6045 labels. Ratio: 0.8317617866004963
Files already downloaded and verified
3255 originally labeled samples, 1805 new samples, and 3695 unlabeled samples. Total: 8755
begin calculating influence
[Strategy 5] Acc of expected label: 0.689921875
calculating influence -- done
[ADD ORG DATA] Use 5028 samples. Get 10388 labels. Ratio: 0.48402002310358105
Files already downloaded and verified
3255 originally labeled samples, 3328 new samples, and 156187 unlabeled samples. Total: 162770
 46.91% | time: 845.2s (195.0m) | step:   3579 | train acc: 1.000 | train loss: 0.000 |test acc: 0.672 (0.650, 0.707) | test eop gap: 0.0869
 46.91% | time:   1.5s (195.0m) | step:   3579 | train acc: 1.000 | train loss: 0.000 |val acc: 0.691 (0.671, 0.722) | val eop gap: 0.0637
begin calculating influence
[Strategy 5] Acc of expected label: 0.577807848443843
calculating influence -- done
Use 5125 samples. Get 6197 labels. Ratio: 0.8270130708407294
Files already downloaded and verified
3255 originally labeled samples, 1908 new samples, and 3592 unlabeled samples. Total: 8755
begin calculating influence
[Strategy 5] Acc of expected label: 0.6823046875
calculating influence -- done
[ADD ORG DATA] Use 5125 samples. Get 10896 labels. Ratio: 0.470356093979442
Files already downloaded and verified
3255 originally labeled samples, 3584 new samples, and 155931 unlabeled samples. Total: 162770
 49.53% | time: 846.9s (209.1m) | step:   3779 | train acc: 0.984 | train loss: 0.032 |test acc: 0.684 (0.655, 0.729) | test eop gap: 0.1173
 49.53% | time:   1.4s (209.2m) | step:   3779 | train acc: 0.984 | train loss: 0.032 |val acc: 0.694 (0.667, 0.733) | val eop gap: 0.0709
begin calculating influence
[Strategy 5] Acc of expected label: 0.5709910913140311
calculating influence -- done
Use 5162 samples. Get 6236 labels. Ratio: 0.8277742142398974
Files already downloaded and verified
3255 originally labeled samples, 1945 new samples, and 3555 unlabeled samples. Total: 8755
begin calculating influence
[Strategy 5] Acc of expected label: 0.6899609375
calculating influence -- done
[ADD ORG DATA] Use 5162 samples. Get 11379 labels. Ratio: 0.4536426751032604
Files already downloaded and verified
3255 originally labeled samples, 3840 new samples, and 155675 unlabeled samples. Total: 162770
 49.99% | time: 781.7s (222.2m) | step:   3814 | train acc: 1.000 | train loss: 0.001 |test acc: 0.682 (0.667, 0.706) | test eop gap: 0.0957
 49.99% | time:   1.5s (222.2m) | step:   3814 | train acc: 1.000 | train loss: 0.001 |val acc: 0.717 (0.707, 0.734) | val eop gap: 0.0608
begin calculating influence
[Strategy 5] Acc of expected label: 0.5791842475386779
calculating influence -- done
Use 5222 samples. Get 6318 labels. Ratio: 0.8265273820829376
Files already downloaded and verified
3255 originally labeled samples, 2007 new samples, and 3493 unlabeled samples. Total: 8755
begin calculating influence
[Strategy 5] Acc of expected label: 0.6887109375
calculating influence -- done
[ADD ORG DATA] Use 5222 samples. Get 12000 labels. Ratio: 0.43516666666666665
Files already downloaded and verified
3255 originally labeled samples, 4096 new samples, and 155419 unlabeled samples. Total: 162770
Epoch 6
 52.62% | time: 830.2s (236.1m) | step:   4014 | train acc: 1.000 | train loss: 0.000 |test acc: 0.682 (0.668, 0.705) | test eop gap: 0.0889
 52.62% | time:   1.3s (236.1m) | step:   4014 | train acc: 1.000 | train loss: 0.000 |val acc: 0.693 (0.677, 0.719) | val eop gap: 0.0892
begin calculating influence
[Strategy 5] Acc of expected label: 0.5782994560549671
calculating influence -- done
Use 5339 samples. Get 6463 labels. Ratio: 0.8260869565217391
Files already downloaded and verified
3255 originally labeled samples, 2124 new samples, and 3376 unlabeled samples. Total: 8755
begin calculating influence
[Strategy 5] Acc of expected label: 0.68984375
calculating influence -- done
[ADD ORG DATA] Use 5339 samples. Get 12612 labels. Ratio: 0.4233269901680939
Files already downloaded and verified
3255 originally labeled samples, 4352 new samples, and 155163 unlabeled samples. Total: 162770
 55.24% | time: 835.8s (250.0m) | step:   4214 | train acc: 0.988 | train loss: 0.012 |test acc: 0.677 (0.648, 0.724) | test eop gap: 0.1047
 55.24% | time:   1.6s (250.0m) | step:   4214 | train acc: 0.988 | train loss: 0.012 |val acc: 0.704 (0.674, 0.753) | val eop gap: 0.0572
begin calculating influence
[Strategy 5] Acc of expected label: 0.5468009478672986
calculating influence -- done
Use 5392 samples. Get 6522 labels. Ratio: 0.8267402637227844
Files already downloaded and verified
3255 originally labeled samples, 2178 new samples, and 3322 unlabeled samples. Total: 8755
begin calculating influence
[Strategy 5] Acc of expected label: 0.683671875
calculating influence -- done
[ADD ORG DATA] Use 5392 samples. Get 13078 labels. Ratio: 0.4122954580211041
Files already downloaded and verified
3255 originally labeled samples, 4608 new samples, and 154907 unlabeled samples. Total: 162770
 57.86% | time: 832.1s (263.9m) | step:   4414 | train acc: 0.996 | train loss: 0.025 |test acc: 0.678 (0.653, 0.718) | test eop gap: 0.0647
 57.86% | time:   1.5s (263.9m) | step:   4414 | train acc: 0.996 | train loss: 0.025 |val acc: 0.701 (0.692, 0.715) | val eop gap: 0.0385
begin calculating influence
[Strategy 5] Acc of expected label: 0.5520770620108368
calculating influence -- done
Use 5438 samples. Get 6579 labels. Ratio: 0.8265693874449005
Files already downloaded and verified
3255 originally labeled samples, 2225 new samples, and 3275 unlabeled samples. Total: 8755
begin calculating influence
[Strategy 5] Acc of expected label: 0.685078125
calculating influence -- done
[ADD ORG DATA] Use 5438 samples. Get 13697 labels. Ratio: 0.3970212455282179
Files already downloaded and verified
3255 originally labeled samples, 4864 new samples, and 154651 unlabeled samples. Total: 162770
 58.32% | time: 774.1s (276.8m) | step:   4449 | train acc: 0.969 | train loss: 0.081 |test acc: 0.655 (0.629, 0.695) | test eop gap: 0.0455
 58.32% | time:   1.3s (276.8m) | step:   4449 | train acc: 0.969 | train loss: 0.081 |val acc: 0.675 (0.637, 0.733) | val eop gap: 0.0591
begin calculating influence
[Strategy 5] Acc of expected label: 0.5502290076335878
calculating influence -- done
Use 5539 samples. Get 6703 labels. Ratio: 0.826346412054304
Files already downloaded and verified
3255 originally labeled samples, 2329 new samples, and 3171 unlabeled samples. Total: 8755
begin calculating influence
[Strategy 5] Acc of expected label: 0.6640234375
calculating influence -- done
[ADD ORG DATA] Use 5539 samples. Get 14074 labels. Ratio: 0.3935625976978826
Files already downloaded and verified
3255 originally labeled samples, 5120 new samples, and 154395 unlabeled samples. Total: 162770
Epoch 7
 60.95% | time: 829.2s (290.7m) | step:   4650 | train acc: 1.000 | train loss: 0.000 |test acc: 0.692 (0.677, 0.717) | test eop gap: 0.1123
 60.95% | time:   1.4s (290.7m) | step:   4650 | train acc: 1.000 | train loss: 0.000 |val acc: 0.701 (0.687, 0.723) | val eop gap: 0.0781
begin calculating influence
[Strategy 5] Acc of expected label: 0.5493535162409334
calculating influence -- done
Use 5608 samples. Get 6803 labels. Ratio: 0.8243422019697192
Files already downloaded and verified
3255 originally labeled samples, 2399 new samples, and 3101 unlabeled samples. Total: 8755
begin calculating influence
[Strategy 5] Acc of expected label: 0.6976953125
calculating influence -- done
[ADD ORG DATA] Use 5608 samples. Get 14666 labels. Ratio: 0.38238101731896906
Files already downloaded and verified
3255 originally labeled samples, 5376 new samples, and 154139 unlabeled samples. Total: 162770
 63.57% | time: 810.5s (304.2m) | step:   4850 | train acc: 1.000 | train loss: 0.000 |test acc: 0.683 (0.653, 0.732) | test eop gap: 0.1315
 63.57% | time:   1.4s (304.2m) | step:   4850 | train acc: 1.000 | train loss: 0.000 |val acc: 0.698 (0.665, 0.752) | val eop gap: 0.1073
begin calculating influence
[Strategy 5] Acc of expected label: 0.527894227668494
calculating influence -- done
Use 5720 samples. Get 6869 labels. Ratio: 0.8327267433396419
Files already downloaded and verified
3255 originally labeled samples, 2514 new samples, and 2986 unlabeled samples. Total: 8755
begin calculating influence
[Strategy 5] Acc of expected label: 0.68671875
calculating influence -- done
[ADD ORG DATA] Use 5720 samples. Get 15183 labels. Ratio: 0.3767371402226174
Files already downloaded and verified
3255 originally labeled samples, 5632 new samples, and 153883 unlabeled samples. Total: 162770
 66.19% | time: 824.9s (318.0m) | step:   5050 | train acc: 1.000 | train loss: 0.001 |test acc: 0.679 (0.654, 0.719) | test eop gap: 0.0807
 66.19% | time:   1.4s (318.0m) | step:   5050 | train acc: 1.000 | train loss: 0.001 |val acc: 0.701 (0.677, 0.741) | val eop gap: 0.0622
begin calculating influence
[Strategy 5] Acc of expected label: 0.5254521098459477
calculating influence -- done
Use 5753 samples. Get 6884 labels. Ratio: 0.8357059848925044
Files already downloaded and verified
3255 originally labeled samples, 2549 new samples, and 2951 unlabeled samples. Total: 8755
begin calculating influence
[Strategy 5] Acc of expected label: 0.6801953125
calculating influence -- done
[ADD ORG DATA] Use 5753 samples. Get 15693 labels. Ratio: 0.3665965717198751
Files already downloaded and verified
3255 originally labeled samples, 5888 new samples, and 153627 unlabeled samples. Total: 162770
 66.65% | time: 771.0s (330.8m) | step:   5085 | train acc: 0.996 | train loss: 0.011 |test acc: 0.684 (0.657, 0.729) | test eop gap: 0.1015
 66.65% | time:   1.5s (330.9m) | step:   5085 | train acc: 0.996 | train loss: 0.011 |val acc: 0.706 (0.671, 0.766) | val eop gap: 0.0555
begin calculating influence
[Strategy 5] Acc of expected label: 0.5506607929515418
calculating influence -- done
Use 5806 samples. Get 6903 labels. Ratio: 0.8410835868462987
Files already downloaded and verified
3255 originally labeled samples, 2603 new samples, and 2897 unlabeled samples. Total: 8755
begin calculating influence
[Strategy 5] Acc of expected label: 0.6871875
calculating influence -- done
[ADD ORG DATA] Use 5806 samples. Get 16250 labels. Ratio: 0.3572923076923077
Files already downloaded and verified
3255 originally labeled samples, 6144 new samples, and 153371 unlabeled samples. Total: 162770
Epoch 8
 69.29% | time: 817.1s (344.5m) | step:   5286 | train acc: 0.969 | train loss: 0.083 |test acc: 0.680 (0.665, 0.703) | test eop gap: 0.1070
 69.29% | time:   1.6s (344.5m) | step:   5286 | train acc: 0.969 | train loss: 0.083 |val acc: 0.695 (0.660, 0.750) | val eop gap: 0.0233
begin calculating influence
[Strategy 5] Acc of expected label: 0.556437694166379
calculating influence -- done
Use 5857 samples. Get 6980 labels. Ratio: 0.8391117478510028
Files already downloaded and verified
3255 originally labeled samples, 2655 new samples, and 2845 unlabeled samples. Total: 8755
begin calculating influence
[Strategy 5] Acc of expected label: 0.68421875
calculating influence -- done
[ADD ORG DATA] Use 5857 samples. Get 16777 labels. Ratio: 0.3491088990880372
Files already downloaded and verified
3255 originally labeled samples, 6400 new samples, and 153115 unlabeled samples. Total: 162770
 71.91% | time: 819.6s (358.2m) | step:   5486 | train acc: 1.000 | train loss: 0.000 |test acc: 0.687 (0.662, 0.727) | test eop gap: 0.1073
 71.91% | time:   1.5s (358.2m) | step:   5486 | train acc: 1.000 | train loss: 0.000 |val acc: 0.710 (0.688, 0.745) | val eop gap: 0.0779
begin calculating influence
[Strategy 5] Acc of expected label: 0.5455184534270651
calculating influence -- done
Use 5872 samples. Get 6993 labels. Ratio: 0.8396968396968397
Files already downloaded and verified
3255 originally labeled samples, 2670 new samples, and 2830 unlabeled samples. Total: 8755
begin calculating influence
[Strategy 5] Acc of expected label: 0.690859375
calculating influence -- done
[ADD ORG DATA] Use 5872 samples. Get 17379 labels. Ratio: 0.33787904942746994
Files already downloaded and verified
3255 originally labeled samples, 6656 new samples, and 152859 unlabeled samples. Total: 162770
 74.53% | time: 804.7s (371.6m) | step:   5686 | train acc: 1.000 | train loss: 0.000 |test acc: 0.685 (0.654, 0.733) | test eop gap: 0.0871
 74.53% | time:   1.5s (371.6m) | step:   5686 | train acc: 1.000 | train loss: 0.000 |val acc: 0.704 (0.663, 0.767) | val eop gap: 0.0074
begin calculating influence
[Strategy 5] Acc of expected label: 0.5558303886925795
calculating influence -- done
Use 5894 samples. Get 7009 labels. Ratio: 0.8409188186617207
Files already downloaded and verified
3255 originally labeled samples, 2692 new samples, and 2808 unlabeled samples. Total: 8755
begin calculating influence
[Strategy 5] Acc of expected label: 0.685859375
calculating influence -- done
[ADD ORG DATA] Use 5894 samples. Get 17859 labels. Ratio: 0.33002967691360097
Files already downloaded and verified
3255 originally labeled samples, 6912 new samples, and 152603 unlabeled samples. Total: 162770
 74.99% | time: 765.3s (384.4m) | step:   5721 | train acc: 1.000 | train loss: 0.000 |test acc: 0.687 (0.665, 0.723) | test eop gap: 0.1017
 74.99% | time:   1.6s (384.4m) | step:   5721 | train acc: 1.000 | train loss: 0.000 |val acc: 0.706 (0.684, 0.742) | val eop gap: 0.0526
begin calculating influence
[Strategy 5] Acc of expected label: 0.5623219373219374
calculating influence -- done
Use 5944 samples. Get 7077 labels. Ratio: 0.8399039140878903
Files already downloaded and verified
3255 originally labeled samples, 2742 new samples, and 2758 unlabeled samples. Total: 8755
begin calculating influence
[Strategy 5] Acc of expected label: 0.6906640625
calculating influence -- done
[ADD ORG DATA] Use 5944 samples. Get 18358 labels. Ratio: 0.32378254711842247
Files already downloaded and verified
3255 originally labeled samples, 7168 new samples, and 152347 unlabeled samples. Total: 162770
Epoch 9
 77.62% | time: 818.3s (398.1m) | step:   5922 | train acc: 1.000 | train loss: 0.000 |test acc: 0.685 (0.662, 0.722) | test eop gap: 0.1113
 77.62% | time:   1.3s (398.1m) | step:   5922 | train acc: 1.000 | train loss: 0.000 |val acc: 0.695 (0.665, 0.742) | val eop gap: 0.0233
begin calculating influence
[Strategy 5] Acc of expected label: 0.5594633792603336
calculating influence -- done
Use 6035 samples. Get 7102 labels. Ratio: 0.8497606308082231
Files already downloaded and verified
3255 originally labeled samples, 2835 new samples, and 2665 unlabeled samples. Total: 8755
begin calculating influence
[Strategy 5] Acc of expected label: 0.6858984375
calculating influence -- done
[ADD ORG DATA] Use 6035 samples. Get 18829 labels. Ratio: 0.32051622497211746
Files already downloaded and verified
3255 originally labeled samples, 7424 new samples, and 152091 unlabeled samples. Total: 162770
 80.25% | time: 825.7s (411.8m) | step:   6122 | train acc: 1.000 | train loss: 0.000 |test acc: 0.694 (0.668, 0.736) | test eop gap: 0.1224
 80.25% | time:   1.5s (411.9m) | step:   6122 | train acc: 1.000 | train loss: 0.000 |val acc: 0.717 (0.682, 0.770) | val eop gap: 0.0134
begin calculating influence
[Strategy 5] Acc of expected label: 0.5688555347091933
calculating influence -- done
Use 6083 samples. Get 7168 labels. Ratio: 0.8486328125
Files already downloaded and verified
3255 originally labeled samples, 2884 new samples, and 2616 unlabeled samples. Total: 8755
begin calculating influence
[Strategy 5] Acc of expected label: 0.69984375
calculating influence -- done
[ADD ORG DATA] Use 6083 samples. Get 19211 labels. Ratio: 0.31664150746967884
Files already downloaded and verified
3255 originally labeled samples, 7680 new samples, and 151835 unlabeled samples. Total: 162770
 82.87% | time: 810.1s (425.4m) | step:   6322 | train acc: 1.000 | train loss: 0.001 |test acc: 0.698 (0.678, 0.730) | test eop gap: 0.1301
 82.87% | time:   1.5s (425.4m) | step:   6322 | train acc: 1.000 | train loss: 0.001 |val acc: 0.736 (0.719, 0.762) | val eop gap: 0.0894
begin calculating influence
[Strategy 5] Acc of expected label: 0.5619266055045872
calculating influence -- done
Use 6100 samples. Get 7169 labels. Ratio: 0.8508857581252616
Files already downloaded and verified
3255 originally labeled samples, 2901 new samples, and 2599 unlabeled samples. Total: 8755
begin calculating influence
[Strategy 5] Acc of expected label: 0.6998046875
calculating influence -- done
[ADD ORG DATA] Use 6100 samples. Get 19675 labels. Ratio: 0.31003811944091486
Files already downloaded and verified
3255 originally labeled samples, 7936 new samples, and 151579 unlabeled samples. Total: 162770
 83.33% | time: 744.2s (437.8m) | step:   6357 | train acc: 0.977 | train loss: 0.083 |test acc: 0.696 (0.668, 0.740) | test eop gap: 0.1046
 83.33% | time:   1.5s (437.8m) | step:   6357 | train acc: 0.977 | train loss: 0.083 |val acc: 0.720 (0.694, 0.761) | val eop gap: 0.0688
begin calculating influence
[Strategy 5] Acc of expected label: 0.5479030396306271
calculating influence -- done
Use 6118 samples. Get 7173 labels. Ratio: 0.8529206747525443
Files already downloaded and verified
3255 originally labeled samples, 2919 new samples, and 2581 unlabeled samples. Total: 8755
begin calculating influence
[Strategy 5] Acc of expected label: 0.6965625
calculating influence -- done
[ADD ORG DATA] Use 6118 samples. Get 20121 labels. Ratio: 0.3040604343720491
Files already downloaded and verified
3255 originally labeled samples, 8192 new samples, and 151323 unlabeled samples. Total: 162770
Epoch 10
 85.96% | time: 800.7s (451.2m) | step:   6558 | train acc: 0.996 | train loss: 0.024 |test acc: 0.694 (0.677, 0.721) | test eop gap: 0.1164
 85.96% | time:   1.4s (451.2m) | step:   6558 | train acc: 0.996 | train loss: 0.024 |val acc: 0.725 (0.715, 0.741) | val eop gap: 0.1329
begin calculating influence
calculating influence -- done
length of new labels 44
Use 6116+44 = 6160 samples.
Files already downloaded and verified
3255 originally labeled samples, 2963 new samples, and 2537 unlabeled samples. Total: 8755
begin calculating influence
[Strategy 5] Acc of expected label: 0.6987890625
calculating influence -- done
[ADD ORG DATA] Use 6160 samples. Get 20721 labels. Ratio: 0.29728294966459146
Files already downloaded and verified
3255 originally labeled samples, 8448 new samples, and 151067 unlabeled samples. Total: 162770
 88.58% | time: 823.1s (464.9m) | step:   6758 | train acc: 1.000 | train loss: 0.001 |test acc: 0.699 (0.669, 0.746) | test eop gap: 0.1241
 88.58% | time:   1.5s (464.9m) | step:   6758 | train acc: 1.000 | train loss: 0.001 |val acc: 0.728 (0.693, 0.782) | val eop gap: 0.0693
begin calculating influence
calculating influence -- done
length of new labels 148
Use 6113+148 = 6261 samples.
Files already downloaded and verified
3255 originally labeled samples, 3067 new samples, and 2433 unlabeled samples. Total: 8755
begin calculating influence
[Strategy 5] Acc of expected label: 0.70515625
calculating influence -- done
[ADD ORG DATA] Use 6261 samples. Get 21198 labels. Ratio: 0.2953580526464761
Files already downloaded and verified
3255 originally labeled samples, 8704 new samples, and 150811 unlabeled samples. Total: 162770
 91.20% | time: 808.8s (478.4m) | step:   6958 | train acc: 0.996 | train loss: 0.023 |test acc: 0.690 (0.678, 0.710) | test eop gap: 0.1083
 91.20% | time:   1.2s (478.4m) | step:   6958 | train acc: 0.996 | train loss: 0.023 |val acc: 0.706 (0.696, 0.723) | val eop gap: 0.0561
begin calculating influence
calculating influence -- done
length of new labels 243
Use 6112+243 = 6355 samples.
Files already downloaded and verified
3255 originally labeled samples, 3162 new samples, and 2338 unlabeled samples. Total: 8755
begin calculating influence
[Strategy 5] Acc of expected label: 0.6972265625
calculating influence -- done
[ADD ORG DATA] Use 6355 samples. Get 21714 labels. Ratio: 0.2926683245832182
Files already downloaded and verified
3255 originally labeled samples, 8960 new samples, and 150555 unlabeled samples. Total: 162770
 91.66% | time: 743.2s (490.8m) | step:   6993 | train acc: 0.992 | train loss: 0.016 |test acc: 0.692 (0.672, 0.724) | test eop gap: 0.1067
 91.66% | time:   1.5s (490.8m) | step:   6993 | train acc: 0.992 | train loss: 0.016 |val acc: 0.713 (0.690, 0.747) | val eop gap: 0.0234
begin calculating influence
calculating influence -- done
length of new labels 273
Use 6112+273 = 6385 samples.
Files already downloaded and verified
3255 originally labeled samples, 3192 new samples, and 2308 unlabeled samples. Total: 8755
begin calculating influence
[Strategy 5] Acc of expected label: 0.7012109375
calculating influence -- done
[ADD ORG DATA] Use 6385 samples. Get 22131 labels. Ratio: 0.2885093308029461
Files already downloaded and verified
3255 originally labeled samples, 9216 new samples, and 150299 unlabeled samples. Total: 162770
Epoch 11
 94.30% | time: 813.8s (504.4m) | step:   7194 | train acc: 1.000 | train loss: 0.000 |test acc: 0.702 (0.684, 0.731) | test eop gap: 0.1373
 94.30% | time:   1.5s (504.4m) | step:   7194 | train acc: 1.000 | train loss: 0.000 |val acc: 0.736 (0.720, 0.759) | val eop gap: 0.1150
begin calculating influence
calculating influence -- done
length of new labels 323
Use 6111+323 = 6434 samples.
Files already downloaded and verified
3255 originally labeled samples, 3242 new samples, and 2258 unlabeled samples. Total: 8755
begin calculating influence
[Strategy 5] Acc of expected label: 0.7086328125
calculating influence -- done
[ADD ORG DATA] Use 6434 samples. Get 22678 labels. Ratio: 0.28371108563365377
Files already downloaded and verified
3255 originally labeled samples, 9472 new samples, and 150043 unlabeled samples. Total: 162770
 96.92% | time: 812.7s (518.0m) | step:   7394 | train acc: 1.000 | train loss: 0.000 |test acc: 0.692 (0.671, 0.724) | test eop gap: 0.0971
 96.92% | time:   1.6s (518.0m) | step:   7394 | train acc: 1.000 | train loss: 0.000 |val acc: 0.700 (0.688, 0.718) | val eop gap: 0.1055
begin calculating influence
calculating influence -- done
length of new labels 352
Use 6111+352 = 6463 samples.
Files already downloaded and verified
3255 originally labeled samples, 3271 new samples, and 2229 unlabeled samples. Total: 8755
begin calculating influence
[Strategy 5] Acc of expected label: 0.6999609375
calculating influence -- done
[ADD ORG DATA] Use 6463 samples. Get 23126 labels. Ratio: 0.2794689959353109
Files already downloaded and verified
3255 originally labeled samples, 9728 new samples, and 149787 unlabeled samples. Total: 162770
 99.54% | time: 805.8s (531.4m) | step:   7594 | train acc: 1.000 | train loss: 0.000 |test acc: 0.694 (0.669, 0.733) | test eop gap: 0.1461
 99.54% | time:   1.5s (531.5m) | step:   7594 | train acc: 1.000 | train loss: 0.000 |val acc: 0.712 (0.693, 0.743) | val eop gap: 0.1286
begin calculating influence
calculating influence -- done
length of new labels 394
Use 6110+394 = 6504 samples.
Files already downloaded and verified
3255 originally labeled samples, 3313 new samples, and 2187 unlabeled samples. Total: 8755
begin calculating influence
[Strategy 5] Acc of expected label: 0.6962109375
calculating influence -- done
[ADD ORG DATA] Use 6504 samples. Get 23530 labels. Ratio: 0.2764130896727582
Files already downloaded and verified
3255 originally labeled samples, 9984 new samples, and 149531 unlabeled samples. Total: 162770
100.00% | time: 667.8s (542.6m) | step:   7629 | train acc: 0.996 | train loss: 0.006 |test acc: 0.691 (0.668, 0.727) | test eop gap: 0.1200
100.00% | time:   1.3s (542.6m) | step:   7629 | train acc: 0.996 | train loss: 0.006 |val acc: 0.712 (0.706, 0.720) | val eop gap: 0.1354
begin calculating influence
calculating influence -- done
length of new labels 460
Use 6107+460 = 6567 samples.
Files already downloaded and verified
3255 originally labeled samples, 3379 new samples, and 2121 unlabeled samples. Total: 8755
begin calculating influence
[Strategy 5] Acc of expected label: 0.700625
calculating influence -- done
[ADD ORG DATA] Use 6567 samples. Get 24108 labels. Ratio: 0.2723992035838726
Files already downloaded and verified
3255 originally labeled samples, 10240 new samples, and 149275 unlabeled samples. Total: 162770
