Files already downloaded and verified
3255 originally labeled samples, 0 new samples, and 5500 unlabeled samples. Total: 8755
Files already downloaded and verified
3255 originally labeled samples, 0 new samples, and 159515 unlabeled samples. Total: 162770
Files already downloaded and verified
1996 originally labeled samples, 0 new samples, and 17966 unlabeled samples. Total: 19962
Numer of layers 200
train net...
train with 162770 samples (with replacement) in one epoch
Epoch 0
  2.62% | time:  97.5s (  1.6m) | step:    200 | train acc: 0.930 | train loss: 0.166 |warm_t acc: 0.681 (0.694, 0.661) | warm_t eod gap: 0.2902
  2.62% | time:   6.3s (  1.7m) | step:    200 | train acc: 0.930 | train loss: 0.166 |warm_v acc: 0.692 (0.704, 0.671) | warm_v eod gap: 0.2844
  5.24% | time:  78.5s (  3.0m) | step:    400 | train acc: 0.793 | train loss: 0.470 |warm_t acc: 0.666 (0.703, 0.605) | warm_t eod gap: 0.2208
  5.24% | time:   1.4s (  3.1m) | step:    400 | train acc: 0.793 | train loss: 0.470 |warm_v acc: 0.661 (0.690, 0.616) | warm_v eod gap: 0.2186
  7.86% | time:  76.9s (  4.3m) | step:    600 | train acc: 1.000 | train loss: 0.006 |warm_t acc: 0.695 (0.677, 0.724) | warm_t eod gap: 0.2688
  7.86% | time:   1.2s (  4.4m) | step:    600 | train acc: 1.000 | train loss: 0.006 |warm_v acc: 0.698 (0.691, 0.710) | warm_v eod gap: 0.2871
  8.32% | time:  22.7s (  4.7m) | step:    635 | train acc: 1.000 | train loss: 0.003 |warm_t acc: 0.695 (0.683, 0.715) | warm_t eod gap: 0.2703
  8.32% | time:   1.4s (  4.8m) | step:    635 | train acc: 1.000 | train loss: 0.003 |warm_v acc: 0.698 (0.683, 0.721) | warm_v eod gap: 0.2560
Epoch 1
 10.95% | time:  77.7s (  6.1m) | step:    835 | train acc: 1.000 | train loss: 0.000 |warm_t acc: 0.694 (0.682, 0.711) | warm_t eod gap: 0.2791
 10.95% | time:   1.4s (  6.1m) | step:    835 | train acc: 1.000 | train loss: 0.000 |warm_v acc: 0.695 (0.692, 0.699) | warm_v eod gap: 0.2599
 13.57% | time:  77.5s (  7.4m) | step:   1035 | train acc: 1.000 | train loss: 0.000 |warm_t acc: 0.694 (0.682, 0.713) | warm_t eod gap: 0.2795
 13.57% | time:   1.4s (  7.4m) | step:   1035 | train acc: 1.000 | train loss: 0.000 |warm_v acc: 0.689 (0.681, 0.701) | warm_v eod gap: 0.2947
 16.19% | time:  76.1s (  8.7m) | step:   1235 | train acc: 1.000 | train loss: 0.000 |warm_t acc: 0.694 (0.683, 0.712) | warm_t eod gap: 0.2799
 16.19% | time:   1.4s (  8.7m) | step:   1235 | train acc: 1.000 | train loss: 0.000 |warm_v acc: 0.684 (0.674, 0.699) | warm_v eod gap: 0.2680
 16.65% | time:  22.3s (  9.1m) | step:   1270 | train acc: 1.000 | train loss: 0.000 |warm_t acc: 0.694 (0.683, 0.712) | warm_t eod gap: 0.2801
 16.65% | time:   1.5s (  9.1m) | step:   1270 | train acc: 1.000 | train loss: 0.000 |warm_v acc: 0.694 (0.692, 0.697) | warm_v eod gap: 0.2698
Epoch 2
 19.28% | time:  73.1s ( 10.3m) | step:   1471 | train acc: 1.000 | train loss: 0.000 |test acc: 0.694 (0.682, 0.713) | test eod gap: 0.2801
 19.28% | time:   1.1s ( 10.3m) | step:   1471 | train acc: 1.000 | train loss: 0.000 |val acc: 0.702 (0.701, 0.704) | val eod gap: 0.2864
begin calculating influence
selected layers: [Traced<ShapedArray(float32[768])>with<DynamicJaxprTrace(level=0/1)>, Traced<ShapedArray(float32[8,8,3,768])>with<DynamicJaxprTrace(level=0/1)>, Traced<ShapedArray(float32[2])>with<DynamicJaxprTrace(level=0/1)>, Traced<ShapedArray(float32[768,2])>with<DynamicJaxprTrace(level=0/1)>]
[Strategy 5] Acc of expected label: 0.6181818181818182
calculating influence -- done
Use 3388 samples. Get 3518 labels. Ratio: 0.9630471859010802
Files already downloaded and verified
3255 originally labeled samples, 137 new samples, and 5363 unlabeled samples. Total: 8755
begin calculating influence
[Strategy 5] Acc of expected label: 0.7059375
calculating influence -- done
[ADD ORG DATA] Use 3388 samples. Get 3814 labels. Ratio: 0.8883062401678028
Files already downloaded and verified
3255 originally labeled samples, 256 new samples, and 159259 unlabeled samples. Total: 162770
 21.90% | time: 902.7s ( 25.4m) | step:   1671 | train acc: 0.691 | train loss: 0.617 |test acc: 0.624 (0.540, 0.757) | test eod gap: 0.1191
 21.90% | time:   1.5s ( 25.4m) | step:   1671 | train acc: 0.691 | train loss: 0.617 |val acc: 0.617 (0.557, 0.713) | val eod gap: 0.0854
begin calculating influence
[Strategy 5] Acc of expected label: 0.6289390266641804
calculating influence -- done
Use 3396 samples. Get 3529 labels. Ratio: 0.9623122697648059
Files already downloaded and verified
3255 originally labeled samples, 145 new samples, and 5355 unlabeled samples. Total: 8755
begin calculating influence
[Strategy 5] Acc of expected label: 0.625234375
calculating influence -- done
[ADD ORG DATA] Use 3396 samples. Get 4210 labels. Ratio: 0.8066508313539192
Files already downloaded and verified
3255 originally labeled samples, 512 new samples, and 159003 unlabeled samples. Total: 162770
 24.52% | time: 870.4s ( 39.9m) | step:   1871 | train acc: 0.992 | train loss: 0.019 |test acc: 0.693 (0.677, 0.718) | test eod gap: 0.2378
 24.52% | time:   1.4s ( 39.9m) | step:   1871 | train acc: 0.992 | train loss: 0.019 |val acc: 0.704 (0.673, 0.752) | val eod gap: 0.2249
begin calculating influence
[Strategy 5] Acc of expected label: 0.62296918767507
calculating influence -- done
Use 3570 samples. Get 3912 labels. Ratio: 0.9125766871165644
Files already downloaded and verified
3255 originally labeled samples, 322 new samples, and 5178 unlabeled samples. Total: 8755
begin calculating influence
[Strategy 5] Acc of expected label: 0.69671875
calculating influence -- done
[ADD ORG DATA] Use 3570 samples. Get 4809 labels. Ratio: 0.74235807860262
Files already downloaded and verified
3255 originally labeled samples, 768 new samples, and 158747 unlabeled samples. Total: 162770
 24.98% | time: 816.9s ( 53.5m) | step:   1906 | train acc: 0.945 | train loss: 0.131 |test acc: 0.706 (0.672, 0.760) | test eod gap: 0.2868
 24.98% | time:   1.5s ( 53.6m) | step:   1906 | train acc: 0.945 | train loss: 0.131 |val acc: 0.705 (0.684, 0.740) | val eod gap: 0.3217
begin calculating influence
[Strategy 5] Acc of expected label: 0.5876786404016995
calculating influence -- done
Use 3774 samples. Get 4169 labels. Ratio: 0.905253058287359
Files already downloaded and verified
3255 originally labeled samples, 529 new samples, and 4971 unlabeled samples. Total: 8755
begin calculating influence
[Strategy 5] Acc of expected label: 0.7119140625
calculating influence -- done
[ADD ORG DATA] Use 3774 samples. Get 5257 labels. Ratio: 0.7178999429332319
Files already downloaded and verified
3255 originally labeled samples, 1024 new samples, and 158491 unlabeled samples. Total: 162770
Epoch 3
 27.62% | time: 880.1s ( 68.2m) | step:   2107 | train acc: 0.805 | train loss: 0.695 |test acc: 0.651 (0.603, 0.728) | test eod gap: 0.0984
 27.62% | time:   1.6s ( 68.3m) | step:   2107 | train acc: 0.805 | train loss: 0.695 |val acc: 0.645 (0.605, 0.707) | val eod gap: 0.0709
begin calculating influence
[Strategy 5] Acc of expected label: 0.591631462482398
calculating influence -- done
Use 3851 samples. Get 4304 labels. Ratio: 0.8947490706319703
Files already downloaded and verified
3255 originally labeled samples, 609 new samples, and 4891 unlabeled samples. Total: 8755
begin calculating influence
[Strategy 5] Acc of expected label: 0.657734375
calculating influence -- done
[ADD ORG DATA] Use 3851 samples. Get 5810 labels. Ratio: 0.6628227194492254
Files already downloaded and verified
3255 originally labeled samples, 1280 new samples, and 158235 unlabeled samples. Total: 162770
 30.24% | time: 873.8s ( 82.8m) | step:   2307 | train acc: 1.000 | train loss: 0.000 |test acc: 0.623 (0.592, 0.671) | test eod gap: 0.0551
 30.24% | time:   1.5s ( 82.8m) | step:   2307 | train acc: 1.000 | train loss: 0.000 |val acc: 0.636 (0.608, 0.679) | val eod gap: 0.0491
begin calculating influence
[Strategy 5] Acc of expected label: 0.6137804130034757
calculating influence -- done
Use 3956 samples. Get 4505 labels. Ratio: 0.8781354051054384
Files already downloaded and verified
3255 originally labeled samples, 716 new samples, and 4784 unlabeled samples. Total: 8755
begin calculating influence
[Strategy 5] Acc of expected label: 0.6252734375
calculating influence -- done
[ADD ORG DATA] Use 3956 samples. Get 6410 labels. Ratio: 0.6171606864274571
Files already downloaded and verified
3255 originally labeled samples, 1536 new samples, and 157979 unlabeled samples. Total: 162770
 32.86% | time: 876.6s ( 97.5m) | step:   2507 | train acc: 1.000 | train loss: 0.003 |test acc: 0.637 (0.624, 0.658) | test eod gap: 0.0909
 32.86% | time:   1.6s ( 97.5m) | step:   2507 | train acc: 1.000 | train loss: 0.003 |val acc: 0.658 (0.654, 0.664) | val eod gap: 0.0810
begin calculating influence
[Strategy 5] Acc of expected label: 0.6057692307692307
calculating influence -- done
Use 3976 samples. Get 4561 labels. Ratio: 0.8717386538039904
Files already downloaded and verified
3255 originally labeled samples, 736 new samples, and 4764 unlabeled samples. Total: 8755
begin calculating influence
[Strategy 5] Acc of expected label: 0.647734375
calculating influence -- done
[ADD ORG DATA] Use 3976 samples. Get 7212 labels. Ratio: 0.5513033832501386
Files already downloaded and verified
3255 originally labeled samples, 1792 new samples, and 157723 unlabeled samples. Total: 162770
 33.32% | time: 809.2s (111.0m) | step:   2542 | train acc: 0.984 | train loss: 0.029 |test acc: 0.600 (0.528, 0.714) | test eod gap: 0.0354
 33.32% | time:   1.4s (111.0m) | step:   2542 | train acc: 0.984 | train loss: 0.029 |val acc: 0.627 (0.564, 0.725) | val eod gap: 0.0464
begin calculating influence
[Strategy 5] Acc of expected label: 0.595088161209068
calculating influence -- done
Use 4119 samples. Get 4791 labels. Ratio: 0.8597370068879149
Files already downloaded and verified
3255 originally labeled samples, 881 new samples, and 4619 unlabeled samples. Total: 8755
begin calculating influence
[Strategy 5] Acc of expected label: 0.6030859375
calculating influence -- done
[ADD ORG DATA] Use 4119 samples. Get 7604 labels. Ratio: 0.5416885849552867
Files already downloaded and verified
3255 originally labeled samples, 2048 new samples, and 157467 unlabeled samples. Total: 162770
Epoch 4
 35.95% | time: 853.6s (125.2m) | step:   2743 | train acc: 1.000 | train loss: 0.004 |test acc: 0.623 (0.598, 0.663) | test eod gap: 0.0916
 35.95% | time:   1.5s (125.2m) | step:   2743 | train acc: 1.000 | train loss: 0.004 |val acc: 0.628 (0.614, 0.649) | val eod gap: 0.0591
begin calculating influence
[Strategy 5] Acc of expected label: 0.5845421086815328
calculating influence -- done
Use 4193 samples. Get 4909 labels. Ratio: 0.85414544713791
Files already downloaded and verified
3255 originally labeled samples, 956 new samples, and 4544 unlabeled samples. Total: 8755
begin calculating influence
[Strategy 5] Acc of expected label: 0.630234375
calculating influence -- done
[ADD ORG DATA] Use 4193 samples. Get 8191 labels. Ratio: 0.5119033085093395
Files already downloaded and verified
3255 originally labeled samples, 2304 new samples, and 157211 unlabeled samples. Total: 162770
 38.58% | time: 852.0s (139.4m) | step:   2943 | train acc: 1.000 | train loss: 0.000 |test acc: 0.631 (0.598, 0.683) | test eod gap: 0.0938
 38.58% | time:   1.4s (139.5m) | step:   2943 | train acc: 1.000 | train loss: 0.000 |val acc: 0.656 (0.632, 0.694) | val eod gap: 0.0492
begin calculating influence
[Strategy 5] Acc of expected label: 0.5818661971830986
calculating influence -- done
Use 4321 samples. Get 5174 labels. Ratio: 0.8351372245844607
Files already downloaded and verified
3255 originally labeled samples, 1085 new samples, and 4415 unlabeled samples. Total: 8755
begin calculating influence
[Strategy 5] Acc of expected label: 0.631171875
calculating influence -- done
[ADD ORG DATA] Use 4321 samples. Get 8814 labels. Ratio: 0.4902427955525301
Files already downloaded and verified
3255 originally labeled samples, 2560 new samples, and 156955 unlabeled samples. Total: 162770
 41.20% | time: 853.7s (153.7m) | step:   3143 | train acc: 1.000 | train loss: 0.002 |test acc: 0.626 (0.606, 0.657) | test eod gap: 0.0975
 41.20% | time:   1.4s (153.7m) | step:   3143 | train acc: 1.000 | train loss: 0.002 |val acc: 0.656 (0.658, 0.652) | val eod gap: 0.0523
begin calculating influence
[Strategy 5] Acc of expected label: 0.5685164212910532
calculating influence -- done
Use 4347 samples. Get 5250 labels. Ratio: 0.828
Files already downloaded and verified
3255 originally labeled samples, 1111 new samples, and 4389 unlabeled samples. Total: 8755
begin calculating influence
[Strategy 5] Acc of expected label: 0.6373828125
calculating influence -- done
[ADD ORG DATA] Use 4347 samples. Get 9308 labels. Ratio: 0.4670176192522561
Files already downloaded and verified
3255 originally labeled samples, 2816 new samples, and 156699 unlabeled samples. Total: 162770
 41.66% | time: 799.9s (167.1m) | step:   3178 | train acc: 1.000 | train loss: 0.000 |test acc: 0.632 (0.604, 0.677) | test eod gap: 0.1224
 41.66% | time:   1.5s (167.1m) | step:   3178 | train acc: 1.000 | train loss: 0.000 |val acc: 0.643 (0.636, 0.654) | val eod gap: 0.0667
begin calculating influence
[Strategy 5] Acc of expected label: 0.5639097744360902
calculating influence -- done
Use 4378 samples. Get 5326 labels. Ratio: 0.8220052572286894
Files already downloaded and verified
3255 originally labeled samples, 1144 new samples, and 4356 unlabeled samples. Total: 8755
begin calculating influence
[Strategy 5] Acc of expected label: 0.6446875
calculating influence -- done
[ADD ORG DATA] Use 4378 samples. Get 9668 labels. Ratio: 0.4528340918494001
Files already downloaded and verified
3255 originally labeled samples, 3072 new samples, and 156443 unlabeled samples. Total: 162770
Epoch 5
 44.29% | time: 861.4s (181.4m) | step:   3379 | train acc: 1.000 | train loss: 0.002 |test acc: 0.675 (0.655, 0.706) | test eod gap: 0.2107
 44.29% | time:   1.4s (181.5m) | step:   3379 | train acc: 1.000 | train loss: 0.002 |val acc: 0.689 (0.687, 0.693) | val eod gap: 0.1863
begin calculating influence
[Strategy 5] Acc of expected label: 0.5746097337006428
calculating influence -- done
Use 4425 samples. Get 5412 labels. Ratio: 0.8176274944567627
Files already downloaded and verified
3255 originally labeled samples, 1193 new samples, and 4307 unlabeled samples. Total: 8755
begin calculating influence
[Strategy 5] Acc of expected label: 0.685625
calculating influence -- done
[ADD ORG DATA] Use 4425 samples. Get 10318 labels. Ratio: 0.4288621825935259
Files already downloaded and verified
3255 originally labeled samples, 3328 new samples, and 156187 unlabeled samples. Total: 162770
 46.91% | time: 849.7s (195.6m) | step:   3579 | train acc: 1.000 | train loss: 0.000 |test acc: 0.638 (0.606, 0.688) | test eod gap: 0.1153
 46.91% | time:   1.5s (195.6m) | step:   3579 | train acc: 1.000 | train loss: 0.000 |val acc: 0.653 (0.634, 0.683) | val eod gap: 0.0948
begin calculating influence
[Strategy 5] Acc of expected label: 0.5683770605990248
calculating influence -- done
Use 4477 samples. Get 5474 labels. Ratio: 0.8178662769455608
Files already downloaded and verified
3255 originally labeled samples, 1245 new samples, and 4255 unlabeled samples. Total: 8755
begin calculating influence
[Strategy 5] Acc of expected label: 0.6455078125
calculating influence -- done
[ADD ORG DATA] Use 4477 samples. Get 10747 labels. Ratio: 0.4165813715455476
Files already downloaded and verified
3255 originally labeled samples, 3567 new samples, and 155948 unlabeled samples. Total: 162770
 49.53% | time: 856.7s (209.9m) | step:   3779 | train acc: 0.953 | train loss: 0.075 |test acc: 0.685 (0.670, 0.709) | test eod gap: 0.2155
 49.53% | time:   1.3s (209.9m) | step:   3779 | train acc: 0.953 | train loss: 0.075 |val acc: 0.697 (0.704, 0.684) | val eod gap: 0.1880
begin calculating influence
[Strategy 5] Acc of expected label: 0.5680376028202115
calculating influence -- done
Use 4492 samples. Get 5509 labels. Ratio: 0.8153929932837175
Files already downloaded and verified
3255 originally labeled samples, 1260 new samples, and 4240 unlabeled samples. Total: 8755
begin calculating influence
[Strategy 5] Acc of expected label: 0.69
calculating influence -- done
[ADD ORG DATA] Use 4492 samples. Get 11381 labels. Ratio: 0.3946929092346894
Files already downloaded and verified
3255 originally labeled samples, 3823 new samples, and 155692 unlabeled samples. Total: 162770
 49.99% | time: 796.2s (223.2m) | step:   3814 | train acc: 1.000 | train loss: 0.000 |test acc: 0.651 (0.625, 0.693) | test eod gap: 0.1236
 49.99% | time:   1.4s (223.2m) | step:   3814 | train acc: 1.000 | train loss: 0.000 |val acc: 0.674 (0.663, 0.692) | val eod gap: 0.0723
begin calculating influence
[Strategy 5] Acc of expected label: 0.566745283018868
calculating influence -- done
Use 4508 samples. Get 5532 labels. Ratio: 0.8148951554591468
Files already downloaded and verified
3255 originally labeled samples, 1276 new samples, and 4224 unlabeled samples. Total: 8755
begin calculating influence
[Strategy 5] Acc of expected label: 0.658984375
calculating influence -- done
[ADD ORG DATA] Use 4508 samples. Get 11894 labels. Ratio: 0.3790146292248192
Files already downloaded and verified
3255 originally labeled samples, 4079 new samples, and 155436 unlabeled samples. Total: 162770
Epoch 6
 52.62% | time: 854.9s (237.5m) | step:   4014 | train acc: 1.000 | train loss: 0.001 |test acc: 0.615 (0.576, 0.677) | test eod gap: 0.1085
 52.62% | time:   1.4s (237.5m) | step:   4014 | train acc: 1.000 | train loss: 0.001 |val acc: 0.632 (0.609, 0.670) | val eod gap: 0.0673
begin calculating influence
[Strategy 5] Acc of expected label: 0.5724431818181818
calculating influence -- done
Use 4608 samples. Get 5637 labels. Ratio: 0.817456093666844
Files already downloaded and verified
3255 originally labeled samples, 1378 new samples, and 4122 unlabeled samples. Total: 8755
begin calculating influence
[Strategy 5] Acc of expected label: 0.6237890625
calculating influence -- done
[ADD ORG DATA] Use 4608 samples. Get 12443 labels. Ratio: 0.3703286988668328
Files already downloaded and verified
3255 originally labeled samples, 4335 new samples, and 155180 unlabeled samples. Total: 162770
 55.24% | time: 850.3s (251.7m) | step:   4214 | train acc: 1.000 | train loss: 0.015 |test acc: 0.681 (0.674, 0.692) | test eod gap: 0.1701
 55.24% | time:   1.4s (251.7m) | step:   4214 | train acc: 1.000 | train loss: 0.015 |val acc: 0.696 (0.700, 0.689) | val eod gap: 0.1661
begin calculating influence
[Strategy 5] Acc of expected label: 0.5674429888403687
calculating influence -- done
Use 4610 samples. Get 5648 labels. Ratio: 0.8162181303116147
Files already downloaded and verified
3255 originally labeled samples, 1380 new samples, and 4120 unlabeled samples. Total: 8755
begin calculating influence
[Strategy 5] Acc of expected label: 0.68859375
calculating influence -- done
[ADD ORG DATA] Use 4610 samples. Get 13075 labels. Ratio: 0.35258126195028683
Files already downloaded and verified
3255 originally labeled samples, 4591 new samples, and 154924 unlabeled samples. Total: 162770
 57.86% | time: 848.5s (265.8m) | step:   4414 | train acc: 1.000 | train loss: 0.002 |test acc: 0.649 (0.623, 0.691) | test eod gap: 0.1176
 57.86% | time:   1.4s (265.9m) | step:   4414 | train acc: 1.000 | train loss: 0.002 |val acc: 0.657 (0.639, 0.685) | val eod gap: 0.0963
begin calculating influence
[Strategy 5] Acc of expected label: 0.5660194174757281
calculating influence -- done
Use 4644 samples. Get 5686 labels. Ratio: 0.8167428772423496
Files already downloaded and verified
3255 originally labeled samples, 1414 new samples, and 4086 unlabeled samples. Total: 8755
begin calculating influence
[Strategy 5] Acc of expected label: 0.6561328125
calculating influence -- done
[ADD ORG DATA] Use 4644 samples. Get 13599 labels. Ratio: 0.3414956982131039
Files already downloaded and verified
3255 originally labeled samples, 4847 new samples, and 154668 unlabeled samples. Total: 162770
 58.32% | time: 792.2s (279.1m) | step:   4449 | train acc: 0.977 | train loss: 0.084 |test acc: 0.652 (0.637, 0.677) | test eod gap: 0.1183
 58.32% | time:   1.5s (279.1m) | step:   4449 | train acc: 0.977 | train loss: 0.084 |val acc: 0.681 (0.685, 0.674) | val eod gap: 0.0865
begin calculating influence
[Strategy 5] Acc of expected label: 0.5726872246696035
calculating influence -- done
Use 4704 samples. Get 5812 labels. Ratio: 0.8093599449415003
Files already downloaded and verified
3255 originally labeled samples, 1474 new samples, and 4026 unlabeled samples. Total: 8755
begin calculating influence
[Strategy 5] Acc of expected label: 0.665703125
calculating influence -- done
[ADD ORG DATA] Use 4704 samples. Get 14284 labels. Ratio: 0.3293195183422011
Files already downloaded and verified
3255 originally labeled samples, 5103 new samples, and 154412 unlabeled samples. Total: 162770
Epoch 7
 60.95% | time: 851.4s (293.3m) | step:   4650 | train acc: 1.000 | train loss: 0.000 |test acc: 0.648 (0.623, 0.688) | test eod gap: 0.1050
 60.95% | time:   1.6s (293.3m) | step:   4650 | train acc: 1.000 | train loss: 0.000 |val acc: 0.656 (0.646, 0.671) | val eod gap: 0.0652
begin calculating influence
[Strategy 5] Acc of expected label: 0.5715350223546944
calculating influence -- done
Use 4725 samples. Get 5833 labels. Ratio: 0.8100462883593348
Files already downloaded and verified
3255 originally labeled samples, 1495 new samples, and 4005 unlabeled samples. Total: 8755
begin calculating influence
[Strategy 5] Acc of expected label: 0.6535546875
calculating influence -- done
[ADD ORG DATA] Use 4725 samples. Get 14892 labels. Ratio: 0.31728444802578565
Files already downloaded and verified
3255 originally labeled samples, 5359 new samples, and 154156 unlabeled samples. Total: 162770
 63.57% | time: 852.5s (307.5m) | step:   4850 | train acc: 1.000 | train loss: 0.002 |test acc: 0.687 (0.661, 0.728) | test eod gap: 0.1792
 63.57% | time:   1.4s (307.5m) | step:   4850 | train acc: 1.000 | train loss: 0.002 |val acc: 0.709 (0.688, 0.742) | val eod gap: 0.1180
begin calculating influence
[Strategy 5] Acc of expected label: 0.5677902621722847
calculating influence -- done
Use 4740 samples. Get 5846 labels. Ratio: 0.8108108108108109
Files already downloaded and verified
3255 originally labeled samples, 1511 new samples, and 3989 unlabeled samples. Total: 8755
begin calculating influence
[Strategy 5] Acc of expected label: 0.694921875
calculating influence -- done
[ADD ORG DATA] Use 4740 samples. Get 15459 labels. Ratio: 0.3066175043663885
Files already downloaded and verified
3255 originally labeled samples, 5615 new samples, and 153900 unlabeled samples. Total: 162770
 66.19% | time: 846.1s (321.6m) | step:   5050 | train acc: 1.000 | train loss: 0.000 |test acc: 0.655 (0.630, 0.695) | test eod gap: 0.1255
 66.19% | time:   1.4s (321.7m) | step:   5050 | train acc: 1.000 | train loss: 0.000 |val acc: 0.675 (0.659, 0.699) | val eod gap: 0.0604
begin calculating influence
[Strategy 5] Acc of expected label: 0.5688142391576836
calculating influence -- done
Use 4803 samples. Get 5876 labels. Ratio: 0.8173927842069435
Files already downloaded and verified
3255 originally labeled samples, 1575 new samples, and 3925 unlabeled samples. Total: 8755
begin calculating influence
[Strategy 5] Acc of expected label: 0.6718359375
calculating influence -- done
[ADD ORG DATA] Use 4803 samples. Get 16008 labels. Ratio: 0.3000374812593703
Files already downloaded and verified
3255 originally labeled samples, 5871 new samples, and 153644 unlabeled samples. Total: 162770
 66.65% | time: 793.2s (334.9m) | step:   5085 | train acc: 1.000 | train loss: 0.000 |test acc: 0.657 (0.634, 0.694) | test eod gap: 0.1208
 66.65% | time:   1.5s (334.9m) | step:   5085 | train acc: 1.000 | train loss: 0.000 |val acc: 0.677 (0.671, 0.686) | val eod gap: 0.0455
begin calculating influence
[Strategy 5] Acc of expected label: 0.575796178343949
calculating influence -- done
Use 4832 samples. Get 5910 labels. Ratio: 0.8175972927241962
Files already downloaded and verified
3255 originally labeled samples, 1604 new samples, and 3896 unlabeled samples. Total: 8755
begin calculating influence
[Strategy 5] Acc of expected label: 0.6666015625
calculating influence -- done
[ADD ORG DATA] Use 4832 samples. Get 16613 labels. Ratio: 0.2908565581171372
Files already downloaded and verified
3255 originally labeled samples, 6127 new samples, and 153388 unlabeled samples. Total: 162770
Epoch 8
 69.29% | time: 843.5s (349.0m) | step:   5286 | train acc: 0.953 | train loss: 0.115 |test acc: 0.654 (0.637, 0.681) | test eod gap: 0.1200
 69.29% | time:   1.5s (349.0m) | step:   5286 | train acc: 0.953 | train loss: 0.115 |val acc: 0.655 (0.641, 0.677) | val eod gap: 0.0726
begin calculating influence
[Strategy 5] Acc of expected label: 0.577258726899384
calculating influence -- done
Use 4849 samples. Get 5931 labels. Ratio: 0.817568706794807
Files already downloaded and verified
3255 originally labeled samples, 1621 new samples, and 3879 unlabeled samples. Total: 8755
begin calculating influence
[Strategy 5] Acc of expected label: 0.6557421875
calculating influence -- done
[ADD ORG DATA] Use 4849 samples. Get 17223 labels. Ratio: 0.28154212390408173
Files already downloaded and verified
3255 originally labeled samples, 6383 new samples, and 153132 unlabeled samples. Total: 162770
 71.91% | time: 833.3s (362.9m) | step:   5486 | train acc: 0.992 | train loss: 0.033 |test acc: 0.639 (0.604, 0.695) | test eod gap: 0.1145
 71.91% | time:   1.4s (362.9m) | step:   5486 | train acc: 0.992 | train loss: 0.033 |val acc: 0.643 (0.608, 0.696) | val eod gap: 0.0787
begin calculating influence
[Strategy 5] Acc of expected label: 0.5859757669502449
calculating influence -- done
Use 4970 samples. Get 6012 labels. Ratio: 0.8266799733865602
Files already downloaded and verified
3255 originally labeled samples, 1743 new samples, and 3757 unlabeled samples. Total: 8755
begin calculating influence
[Strategy 5] Acc of expected label: 0.6424609375
calculating influence -- done
[ADD ORG DATA] Use 4970 samples. Get 17753 labels. Ratio: 0.2799526840533994
Files already downloaded and verified
3255 originally labeled samples, 6639 new samples, and 152876 unlabeled samples. Total: 162770
 74.53% | time: 846.9s (377.0m) | step:   5686 | train acc: 1.000 | train loss: 0.000 |test acc: 0.636 (0.610, 0.676) | test eod gap: 0.1110
 74.53% | time:   1.5s (377.1m) | step:   5686 | train acc: 1.000 | train loss: 0.000 |val acc: 0.639 (0.616, 0.676) | val eod gap: 0.0697
begin calculating influence
[Strategy 5] Acc of expected label: 0.5922278413627895
calculating influence -- done
Use 5013 samples. Get 6049 labels. Ratio: 0.8287320218217887
Files already downloaded and verified
3255 originally labeled samples, 1786 new samples, and 3714 unlabeled samples. Total: 8755
begin calculating influence
[Strategy 5] Acc of expected label: 0.6416796875
calculating influence -- done
[ADD ORG DATA] Use 5013 samples. Get 18134 labels. Ratio: 0.27644204257196425
Files already downloaded and verified
3255 originally labeled samples, 6895 new samples, and 152620 unlabeled samples. Total: 162770
 74.99% | time: 790.1s (390.2m) | step:   5721 | train acc: 1.000 | train loss: 0.001 |test acc: 0.656 (0.632, 0.694) | test eod gap: 0.1231
 74.99% | time:   1.4s (390.2m) | step:   5721 | train acc: 1.000 | train loss: 0.001 |val acc: 0.661 (0.646, 0.685) | val eod gap: 0.0997
begin calculating influence
[Strategy 5] Acc of expected label: 0.6039310716208939
calculating influence -- done
Use 5044 samples. Get 6066 labels. Ratio: 0.8315199472469502
Files already downloaded and verified
3255 originally labeled samples, 1818 new samples, and 3682 unlabeled samples. Total: 8755
begin calculating influence
[Strategy 5] Acc of expected label: 0.6662890625
calculating influence -- done
[ADD ORG DATA] Use 5044 samples. Get 18719 labels. Ratio: 0.26945883861317377
Files already downloaded and verified
3255 originally labeled samples, 7151 new samples, and 152364 unlabeled samples. Total: 162770
Epoch 9
 77.62% | time: 845.2s (404.3m) | step:   5922 | train acc: 1.000 | train loss: 0.000 |test acc: 0.653 (0.635, 0.682) | test eod gap: 0.1043
 77.62% | time:   1.3s (404.4m) | step:   5922 | train acc: 1.000 | train loss: 0.000 |val acc: 0.667 (0.673, 0.657) | val eod gap: 0.0553
begin calculating influence
[Strategy 5] Acc of expected label: 0.6091797935904399
calculating influence -- done
Use 5107 samples. Get 6157 labels. Ratio: 0.8294624005197336
Files already downloaded and verified
3255 originally labeled samples, 1883 new samples, and 3617 unlabeled samples. Total: 8755
begin calculating influence
[Strategy 5] Acc of expected label: 0.6616015625
calculating influence -- done
[ADD ORG DATA] Use 5107 samples. Get 19158 labels. Ratio: 0.26657271113894976
Files already downloaded and verified
3255 originally labeled samples, 7407 new samples, and 152108 unlabeled samples. Total: 162770
 80.25% | time: 835.8s (418.3m) | step:   6122 | train acc: 1.000 | train loss: 0.000 |test acc: 0.665 (0.645, 0.698) | test eod gap: 0.1138
 80.25% | time:   1.7s (418.3m) | step:   6122 | train acc: 1.000 | train loss: 0.000 |val acc: 0.667 (0.665, 0.671) | val eod gap: 0.0805
begin calculating influence
[Strategy 5] Acc of expected label: 0.599668233342549
calculating influence -- done
Use 5193 samples. Get 6183 labels. Ratio: 0.8398835516739447
Files already downloaded and verified
3255 originally labeled samples, 1971 new samples, and 3529 unlabeled samples. Total: 8755
begin calculating influence
[Strategy 5] Acc of expected label: 0.674375
calculating influence -- done
[ADD ORG DATA] Use 5193 samples. Get 19681 labels. Ratio: 0.26385854377318224
Files already downloaded and verified
3255 originally labeled samples, 7663 new samples, and 151852 unlabeled samples. Total: 162770
 82.87% | time: 847.2s (432.4m) | step:   6322 | train acc: 1.000 | train loss: 0.000 |test acc: 0.660 (0.637, 0.697) | test eod gap: 0.1179
 82.87% | time:   1.4s (432.5m) | step:   6322 | train acc: 1.000 | train loss: 0.000 |val acc: 0.682 (0.671, 0.700) | val eod gap: 0.0568
begin calculating influence
[Strategy 5] Acc of expected label: 0.6134882402947011
calculating influence -- done
Use 5277 samples. Get 6217 labels. Ratio: 0.8488016728325559
Files already downloaded and verified
3255 originally labeled samples, 2057 new samples, and 3443 unlabeled samples. Total: 8755
begin calculating influence
[Strategy 5] Acc of expected label: 0.660078125
calculating influence -- done
[ADD ORG DATA] Use 5277 samples. Get 20160 labels. Ratio: 0.2617559523809524
Files already downloaded and verified
3255 originally labeled samples, 7919 new samples, and 151596 unlabeled samples. Total: 162770
 83.33% | time: 779.9s (445.5m) | step:   6357 | train acc: 0.992 | train loss: 0.024 |test acc: 0.666 (0.647, 0.697) | test eod gap: 0.1373
 83.33% | time:   1.6s (445.5m) | step:   6357 | train acc: 0.992 | train loss: 0.024 |val acc: 0.676 (0.667, 0.691) | val eod gap: 0.0692
begin calculating influence
[Strategy 5] Acc of expected label: 0.6314260819053151
calculating influence -- done
Use 5336 samples. Get 6294 labels. Ratio: 0.8477915475055608
Files already downloaded and verified
3255 originally labeled samples, 2122 new samples, and 3378 unlabeled samples. Total: 8755
begin calculating influence
[Strategy 5] Acc of expected label: 0.6741796875
calculating influence -- done
[ADD ORG DATA] Use 5336 samples. Get 20622 labels. Ratio: 0.2587527882843565
Files already downloaded and verified
3255 originally labeled samples, 8175 new samples, and 151340 unlabeled samples. Total: 162770
Epoch 10
 85.96% | time: 825.2s (459.2m) | step:   6558 | train acc: 1.000 | train loss: 0.000 |test acc: 0.673 (0.660, 0.694) | test eod gap: 0.1176
 85.96% | time:   1.3s (459.3m) | step:   6558 | train acc: 1.000 | train loss: 0.000 |val acc: 0.698 (0.695, 0.702) | val eod gap: 0.0364
begin calculating influence
calculating influence -- done
length of new labels 147
Use 5335+147 = 5482 samples.
Files already downloaded and verified
3255 originally labeled samples, 2269 new samples, and 3231 unlabeled samples. Total: 8755
begin calculating influence
[Strategy 5] Acc of expected label: 0.6755859375
calculating influence -- done
[ADD ORG DATA] Use 5482 samples. Get 21182 labels. Ratio: 0.2588046454536871
Files already downloaded and verified
3255 originally labeled samples, 8431 new samples, and 151084 unlabeled samples. Total: 162770
 88.58% | time: 839.3s (473.2m) | step:   6758 | train acc: 0.992 | train loss: 0.034 |test acc: 0.663 (0.655, 0.677) | test eod gap: 0.1219
 88.58% | time:   1.5s (473.3m) | step:   6758 | train acc: 0.992 | train loss: 0.034 |val acc: 0.680 (0.686, 0.671) | val eod gap: 0.0702
begin calculating influence
[Strategy 5] Acc of expected label: 0.6425255338904364
calculating influence -- done
Use 5502 samples. Get 6311 labels. Ratio: 0.8718111234352718
Files already downloaded and verified
3255 originally labeled samples, 2291 new samples, and 3209 unlabeled samples. Total: 8755
begin calculating influence
[Strategy 5] Acc of expected label: 0.670625
calculating influence -- done
[ADD ORG DATA] Use 5502 samples. Get 21833 labels. Ratio: 0.252003847386983
Files already downloaded and verified
3255 originally labeled samples, 8687 new samples, and 150828 unlabeled samples. Total: 162770
 91.20% | time: 829.4s (487.1m) | step:   6958 | train acc: 1.000 | train loss: 0.001 |test acc: 0.660 (0.652, 0.674) | test eod gap: 0.1276
 91.20% | time:   1.4s (487.1m) | step:   6958 | train acc: 1.000 | train loss: 0.001 |val acc: 0.685 (0.680, 0.693) | val eod gap: 0.0716
begin calculating influence
calculating influence -- done
length of new labels 300
Use 5353+300 = 5653 samples.
Files already downloaded and verified
3255 originally labeled samples, 2444 new samples, and 3056 unlabeled samples. Total: 8755
begin calculating influence
[Strategy 5] Acc of expected label: 0.6696875
calculating influence -- done
[ADD ORG DATA] Use 5653 samples. Get 22528 labels. Ratio: 0.25093217329545453
Files already downloaded and verified
3255 originally labeled samples, 8943 new samples, and 150572 unlabeled samples. Total: 162770
 91.66% | time: 767.7s (499.9m) | step:   6993 | train acc: 0.996 | train loss: 0.012 |test acc: 0.657 (0.638, 0.687) | test eod gap: 0.0996
 91.66% | time:   1.4s (499.9m) | step:   6993 | train acc: 0.996 | train loss: 0.012 |val acc: 0.677 (0.654, 0.713) | val eod gap: 0.0682
begin calculating influence
[Strategy 5] Acc of expected label: 0.6649214659685864
calculating influence -- done
Use 5695 samples. Get 6330 labels. Ratio: 0.8996840442338072
Files already downloaded and verified
3255 originally labeled samples, 2487 new samples, and 3013 unlabeled samples. Total: 8755
begin calculating influence
[Strategy 5] Acc of expected label: 0.6679296875
calculating influence -- done
[ADD ORG DATA] Use 5695 samples. Get 23073 labels. Ratio: 0.24682529363325098
Files already downloaded and verified
3255 originally labeled samples, 9199 new samples, and 150316 unlabeled samples. Total: 162770
Epoch 11
 94.30% | time: 825.2s (513.7m) | step:   7194 | train acc: 1.000 | train loss: 0.000 |test acc: 0.661 (0.640, 0.694) | test eod gap: 0.1004
 94.30% | time:   1.4s (513.7m) | step:   7194 | train acc: 1.000 | train loss: 0.000 |val acc: 0.676 (0.663, 0.698) | val eod gap: 0.0840
begin calculating influence
[Strategy 5] Acc of expected label: 0.654829074012612
calculating influence -- done
Use 5734 samples. Get 6341 labels. Ratio: 0.9042737738527046
Files already downloaded and verified
3255 originally labeled samples, 2527 new samples, and 2973 unlabeled samples. Total: 8755
begin calculating influence
[Strategy 5] Acc of expected label: 0.66765625
calculating influence -- done
[ADD ORG DATA] Use 5734 samples. Get 23576 labels. Ratio: 0.24321343739395995
Files already downloaded and verified
3255 originally labeled samples, 9455 new samples, and 150060 unlabeled samples. Total: 162770
 96.92% | time: 825.8s (527.5m) | step:   7394 | train acc: 1.000 | train loss: 0.001 |test acc: 0.661 (0.624, 0.720) | test eod gap: 0.1295
 96.92% | time:   1.5s (527.5m) | step:   7394 | train acc: 1.000 | train loss: 0.001 |val acc: 0.669 (0.649, 0.702) | val eod gap: 0.0754
begin calculating influence
[Strategy 5] Acc of expected label: 0.6515304406323579
calculating influence -- done
Use 5777 samples. Get 6360 labels. Ratio: 0.9083333333333333
Files already downloaded and verified
3255 originally labeled samples, 2571 new samples, and 2929 unlabeled samples. Total: 8755
begin calculating influence
[Strategy 5] Acc of expected label: 0.6612109375
calculating influence -- done
[ADD ORG DATA] Use 5777 samples. Get 24105 labels. Ratio: 0.23965982161377308
Files already downloaded and verified
3255 originally labeled samples, 9711 new samples, and 149804 unlabeled samples. Total: 162770
 99.54% | time: 832.9s (541.4m) | step:   7594 | train acc: 1.000 | train loss: 0.003 |test acc: 0.651 (0.631, 0.683) | test eod gap: 0.0576
 99.54% | time:   1.5s (541.4m) | step:   7594 | train acc: 1.000 | train loss: 0.003 |val acc: 0.661 (0.646, 0.686) | val eod gap: 0.0386
begin calculating influence
[Strategy 5] Acc of expected label: 0.6555138272447935
calculating influence -- done
Use 5825 samples. Get 6421 labels. Ratio: 0.9071795670456315
Files already downloaded and verified
3255 originally labeled samples, 2620 new samples, and 2880 unlabeled samples. Total: 8755
begin calculating influence
[Strategy 5] Acc of expected label: 0.6591796875
calculating influence -- done
[ADD ORG DATA] Use 5825 samples. Get 24537 labels. Ratio: 0.23739658474956188
Files already downloaded and verified
3255 originally labeled samples, 9967 new samples, and 149548 unlabeled samples. Total: 162770
100.00% | time: 436.4s (548.7m) | step:   7629 | train acc: 0.996 | train loss: 0.007 |test acc: 0.664 (0.655, 0.678) | test eod gap: 0.0971
100.00% | time:   1.3s (548.7m) | step:   7629 | train acc: 0.996 | train loss: 0.007 |val acc: 0.674 (0.679, 0.668) | val eod gap: 0.0424
begin calculating influence
[Strategy 5] Acc of expected label: 0.6614583333333334
calculating influence -- done
Use 5848 samples. Get 6446 labels. Ratio: 0.9072292894818492
Files already downloaded and verified
3255 originally labeled samples, 2643 new samples, and 2857 unlabeled samples. Total: 8755
begin calculating influence
[Strategy 5] Acc of expected label: 0.6684375
calculating influence -- done
[ADD ORG DATA] Use 5848 samples. Get 25105 labels. Ratio: 0.2329416450906194
Files already downloaded and verified
3255 originally labeled samples, 10223 new samples, and 149292 unlabeled samples. Total: 162770
