Files already downloaded and verified
3255 originally labeled samples, 0 new samples, and 5500 unlabeled samples. Total: 8755
Files already downloaded and verified
3255 originally labeled samples, 0 new samples, and 159515 unlabeled samples. Total: 162770
Files already downloaded and verified
1996 originally labeled samples, 0 new samples, and 17966 unlabeled samples. Total: 19962
Numer of layers 200
train net...
train with 162770 samples (with replacement) in one epoch
Epoch 0
  2.62% | time:  90.9s (  1.5m) | step:    200 | train acc: 0.902 | train loss: 0.255 |warm_t acc: 0.709 (0.695, 0.732) | warm_t dp gap: 0.4517
  2.62% | time:   5.2s (  1.6m) | step:    200 | train acc: 0.902 | train loss: 0.255 |warm_v acc: 0.703 (0.696, 0.715) | warm_v dp gap: 0.4484
  5.24% | time:  78.7s (  2.9m) | step:    400 | train acc: 1.000 | train loss: 0.001 |warm_t acc: 0.707 (0.686, 0.741) | warm_t dp gap: 0.4146
  5.24% | time:   1.4s (  2.9m) | step:    400 | train acc: 1.000 | train loss: 0.001 |warm_v acc: 0.686 (0.673, 0.707) | warm_v dp gap: 0.4150
  7.86% | time:  77.8s (  4.2m) | step:    600 | train acc: 1.000 | train loss: 0.000 |warm_t acc: 0.707 (0.686, 0.740) | warm_t dp gap: 0.4157
  7.86% | time:   1.1s (  4.3m) | step:    600 | train acc: 1.000 | train loss: 0.000 |warm_v acc: 0.692 (0.677, 0.716) | warm_v dp gap: 0.4263
  8.32% | time:  21.0s (  4.6m) | step:    635 | train acc: 1.000 | train loss: 0.000 |warm_t acc: 0.707 (0.686, 0.741) | warm_t dp gap: 0.4148
  8.32% | time:   1.4s (  4.6m) | step:    635 | train acc: 1.000 | train loss: 0.000 |warm_v acc: 0.704 (0.687, 0.731) | warm_v dp gap: 0.4063
Epoch 1
 10.95% | time:  78.2s (  5.9m) | step:    835 | train acc: 1.000 | train loss: 0.000 |warm_t acc: 0.707 (0.686, 0.741) | warm_t dp gap: 0.4146
 10.95% | time:   1.5s (  6.0m) | step:    835 | train acc: 1.000 | train loss: 0.000 |warm_v acc: 0.701 (0.688, 0.722) | warm_v dp gap: 0.4114
 13.57% | time:  77.7s (  7.2m) | step:   1035 | train acc: 1.000 | train loss: 0.000 |warm_t acc: 0.707 (0.686, 0.741) | warm_t dp gap: 0.4141
 13.57% | time:   1.5s (  7.3m) | step:   1035 | train acc: 1.000 | train loss: 0.000 |warm_v acc: 0.701 (0.687, 0.721) | warm_v dp gap: 0.4041
 16.19% | time:  77.6s (  8.6m) | step:   1235 | train acc: 1.000 | train loss: 0.000 |warm_t acc: 0.707 (0.686, 0.741) | warm_t dp gap: 0.4133
 16.19% | time:   1.4s (  8.6m) | step:   1235 | train acc: 1.000 | train loss: 0.000 |warm_v acc: 0.699 (0.683, 0.721) | warm_v dp gap: 0.4318
 16.65% | time:  24.2s (  9.0m) | step:   1270 | train acc: 1.000 | train loss: 0.000 |warm_t acc: 0.707 (0.685, 0.741) | warm_t dp gap: 0.4132
 16.65% | time:   1.4s (  9.0m) | step:   1270 | train acc: 1.000 | train loss: 0.000 |warm_v acc: 0.693 (0.684, 0.708) | warm_v dp gap: 0.4267
Epoch 2
 19.28% | time:  73.3s ( 10.2m) | step:   1471 | train acc: 1.000 | train loss: 0.000 |test acc: 0.707 (0.686, 0.741) | test dp gap: 0.4134
 19.28% | time:   1.5s ( 10.3m) | step:   1471 | train acc: 1.000 | train loss: 0.000 |val acc: 0.705 (0.694, 0.722) | val dp gap: 0.4168
begin calculating influence
selected layers: [Traced<ShapedArray(float32[768])>with<DynamicJaxprTrace(level=0/1)>, Traced<ShapedArray(float32[8,8,3,768])>with<DynamicJaxprTrace(level=0/1)>, Traced<ShapedArray(float32[2])>with<DynamicJaxprTrace(level=0/1)>, Traced<ShapedArray(float32[768,2])>with<DynamicJaxprTrace(level=0/1)>]
[Strategy 5] Acc of expected label: 0.7945454545454546
calculating influence -- done
Use 3338 samples. Get 3425 labels. Ratio: 0.9745985401459853
Files already downloaded and verified
3255 originally labeled samples, 83 new samples, and 5417 unlabeled samples. Total: 8755
begin calculating influence
[Strategy 5] Acc of expected label: 0.706640625
calculating influence -- done
[ADD ORG DATA] Use 3338 samples. Get 3819 labels. Ratio: 0.874050798638387
Files already downloaded and verified
3255 originally labeled samples, 256 new samples, and 159259 unlabeled samples. Total: 162770
 21.90% | time: 898.4s ( 25.2m) | step:   1671 | train acc: 0.969 | train loss: 0.108 |test acc: 0.676 (0.662, 0.698) | test dp gap: 0.3069
 21.90% | time:   1.4s ( 25.3m) | step:   1671 | train acc: 0.969 | train loss: 0.108 |val acc: 0.669 (0.667, 0.672) | val dp gap: 0.2852
begin calculating influence
[Strategy 5] Acc of expected label: 0.6976186080856562
calculating influence -- done
Use 3367 samples. Get 3458 labels. Ratio: 0.9736842105263158
Files already downloaded and verified
3255 originally labeled samples, 113 new samples, and 5387 unlabeled samples. Total: 8755
begin calculating influence
[Strategy 5] Acc of expected label: 0.676875
calculating influence -- done
[ADD ORG DATA] Use 3367 samples. Get 4001 labels. Ratio: 0.841539615096226
Files already downloaded and verified
3255 originally labeled samples, 357 new samples, and 159158 unlabeled samples. Total: 162770
 24.52% | time: 875.5s ( 39.8m) | step:   1871 | train acc: 0.977 | train loss: 0.062 |test acc: 0.700 (0.677, 0.736) | test dp gap: 0.3933
 24.52% | time:   1.3s ( 39.9m) | step:   1871 | train acc: 0.977 | train loss: 0.062 |val acc: 0.676 (0.663, 0.698) | val dp gap: 0.3429
begin calculating influence
[Strategy 5] Acc of expected label: 0.8529793948394283
calculating influence -- done
Use 3384 samples. Get 3512 labels. Ratio: 0.9635535307517085
Files already downloaded and verified
3255 originally labeled samples, 130 new samples, and 5370 unlabeled samples. Total: 8755
begin calculating influence
[Strategy 5] Acc of expected label: 0.6990625
calculating influence -- done
[ADD ORG DATA] Use 3384 samples. Get 4788 labels. Ratio: 0.706766917293233
Files already downloaded and verified
3255 originally labeled samples, 613 new samples, and 158902 unlabeled samples. Total: 162770
 24.98% | time: 800.9s ( 53.2m) | step:   1906 | train acc: 0.953 | train loss: 0.124 |test acc: 0.677 (0.630, 0.751) | test dp gap: 0.3100
 24.98% | time:   1.6s ( 53.2m) | step:   1906 | train acc: 0.953 | train loss: 0.124 |val acc: 0.675 (0.641, 0.727) | val dp gap: 0.2773
begin calculating influence
[Strategy 5] Acc of expected label: 0.8426443202979516
calculating influence -- done
Use 3413 samples. Get 3616 labels. Ratio: 0.9438606194690266
Files already downloaded and verified
3255 originally labeled samples, 160 new samples, and 5340 unlabeled samples. Total: 8755
begin calculating influence
[Strategy 5] Acc of expected label: 0.6758984375
calculating influence -- done
[ADD ORG DATA] Use 3413 samples. Get 5273 labels. Ratio: 0.6472596245021809
Files already downloaded and verified
3255 originally labeled samples, 869 new samples, and 158646 unlabeled samples. Total: 162770
Epoch 3
 27.62% | time: 859.2s ( 67.6m) | step:   2107 | train acc: 1.000 | train loss: 0.000 |test acc: 0.694 (0.674, 0.726) | test dp gap: 0.3532
 27.62% | time:   1.8s ( 67.6m) | step:   2107 | train acc: 1.000 | train loss: 0.000 |val acc: 0.690 (0.679, 0.708) | val dp gap: 0.3198
begin calculating influence
[Strategy 5] Acc of expected label: 0.798876404494382
calculating influence -- done
Use 3556 samples. Get 3795 labels. Ratio: 0.9370223978919631
Files already downloaded and verified
3255 originally labeled samples, 303 new samples, and 5197 unlabeled samples. Total: 8755
begin calculating influence
[Strategy 5] Acc of expected label: 0.6934765625
calculating influence -- done
[ADD ORG DATA] Use 3556 samples. Get 5869 labels. Ratio: 0.6058953825183165
Files already downloaded and verified
3255 originally labeled samples, 1125 new samples, and 158390 unlabeled samples. Total: 162770
 30.24% | time: 848.5s ( 81.7m) | step:   2307 | train acc: 0.996 | train loss: 0.017 |test acc: 0.673 (0.638, 0.731) | test dp gap: 0.2984
 30.24% | time:   1.5s ( 81.8m) | step:   2307 | train acc: 0.996 | train loss: 0.017 |val acc: 0.652 (0.613, 0.715) | val dp gap: 0.2844
begin calculating influence
[Strategy 5] Acc of expected label: 0.8416394073503944
calculating influence -- done
Use 3572 samples. Get 3851 labels. Ratio: 0.9275512853804206
Files already downloaded and verified
3255 originally labeled samples, 319 new samples, and 5181 unlabeled samples. Total: 8755
begin calculating influence
[Strategy 5] Acc of expected label: 0.6754296875
calculating influence -- done
[ADD ORG DATA] Use 3572 samples. Get 6398 labels. Ratio: 0.5582994685839325
Files already downloaded and verified
3255 originally labeled samples, 1381 new samples, and 158134 unlabeled samples. Total: 162770
 32.86% | time: 848.6s ( 95.9m) | step:   2507 | train acc: 1.000 | train loss: 0.002 |test acc: 0.687 (0.666, 0.721) | test dp gap: 0.3434
 32.86% | time:   1.6s ( 95.9m) | step:   2507 | train acc: 1.000 | train loss: 0.002 |val acc: 0.672 (0.665, 0.683) | val dp gap: 0.2955
begin calculating influence
[Strategy 5] Acc of expected label: 0.8419224088013897
calculating influence -- done
Use 3647 samples. Get 3936 labels. Ratio: 0.9265752032520326
Files already downloaded and verified
3255 originally labeled samples, 395 new samples, and 5105 unlabeled samples. Total: 8755
begin calculating influence
[Strategy 5] Acc of expected label: 0.693828125
calculating influence -- done
[ADD ORG DATA] Use 3647 samples. Get 6931 labels. Ratio: 0.5261866974462559
Files already downloaded and verified
3255 originally labeled samples, 1637 new samples, and 157878 unlabeled samples. Total: 162770
 33.32% | time: 780.1s (108.9m) | step:   2542 | train acc: 0.984 | train loss: 0.026 |test acc: 0.677 (0.659, 0.707) | test dp gap: 0.3288
 33.32% | time:   1.6s (109.0m) | step:   2542 | train acc: 0.984 | train loss: 0.026 |val acc: 0.671 (0.657, 0.693) | val dp gap: 0.3037
begin calculating influence
[Strategy 5] Acc of expected label: 0.8421155729676787
calculating influence -- done
Use 3734 samples. Get 4051 labels. Ratio: 0.9217477166131819
Files already downloaded and verified
3255 originally labeled samples, 483 new samples, and 5017 unlabeled samples. Total: 8755
begin calculating influence
[Strategy 5] Acc of expected label: 0.671640625
calculating influence -- done
[ADD ORG DATA] Use 3734 samples. Get 7508 labels. Ratio: 0.4973361747469366
Files already downloaded and verified
3255 originally labeled samples, 1893 new samples, and 157622 unlabeled samples. Total: 162770
Epoch 4
 35.95% | time: 853.2s (123.2m) | step:   2743 | train acc: 0.996 | train loss: 0.023 |test acc: 0.671 (0.631, 0.734) | test dp gap: 0.2859
 35.95% | time:   1.4s (123.2m) | step:   2743 | train acc: 0.996 | train loss: 0.023 |val acc: 0.658 (0.621, 0.715) | val dp gap: 0.2848
begin calculating influence
[Strategy 5] Acc of expected label: 0.833366553717361
calculating influence -- done
Use 3756 samples. Get 4086 labels. Ratio: 0.9192364170337739
Files already downloaded and verified
3255 originally labeled samples, 506 new samples, and 4994 unlabeled samples. Total: 8755
begin calculating influence
[Strategy 5] Acc of expected label: 0.6740234375
calculating influence -- done
[ADD ORG DATA] Use 3756 samples. Get 7674 labels. Ratio: 0.48944487881157156
Files already downloaded and verified
3255 originally labeled samples, 1959 new samples, and 157556 unlabeled samples. Total: 162770
 38.58% | time: 848.7s (137.3m) | step:   2943 | train acc: 0.996 | train loss: 0.024 |test acc: 0.681 (0.677, 0.689) | test dp gap: 0.2996
 38.58% | time:   1.4s (137.4m) | step:   2943 | train acc: 0.996 | train loss: 0.024 |val acc: 0.671 (0.662, 0.683) | val dp gap: 0.2624
begin calculating influence
[Strategy 5] Acc of expected label: 0.8273928714457349
calculating influence -- done
Use 4007 samples. Get 4376 labels. Ratio: 0.9156764168190128
Files already downloaded and verified
3255 originally labeled samples, 762 new samples, and 4738 unlabeled samples. Total: 8755
begin calculating influence
[Strategy 5] Acc of expected label: 0.6858984375
calculating influence -- done
[ADD ORG DATA] Use 4007 samples. Get 8279 labels. Ratio: 0.48399565164874986
Files already downloaded and verified
3255 originally labeled samples, 2215 new samples, and 157300 unlabeled samples. Total: 162770
 41.20% | time: 846.8s (151.5m) | step:   3143 | train acc: 1.000 | train loss: 0.003 |test acc: 0.665 (0.632, 0.716) | test dp gap: 0.2519
 41.20% | time:   1.4s (151.5m) | step:   3143 | train acc: 1.000 | train loss: 0.003 |val acc: 0.649 (0.621, 0.692) | val dp gap: 0.1867
begin calculating influence
[Strategy 5] Acc of expected label: 0.8300970873786407
calculating influence -- done
Use 4021 samples. Get 4425 labels. Ratio: 0.9087005649717514
Files already downloaded and verified
3255 originally labeled samples, 776 new samples, and 4724 unlabeled samples. Total: 8755
begin calculating influence
[Strategy 5] Acc of expected label: 0.668046875
calculating influence -- done
[ADD ORG DATA] Use 4021 samples. Get 8826 labels. Ratio: 0.4555857693179243
Files already downloaded and verified
3255 originally labeled samples, 2471 new samples, and 157044 unlabeled samples. Total: 162770
 41.66% | time: 771.1s (164.4m) | step:   3178 | train acc: 1.000 | train loss: 0.002 |test acc: 0.667 (0.649, 0.698) | test dp gap: 0.2547
 41.66% | time:   1.5s (164.4m) | step:   3178 | train acc: 1.000 | train loss: 0.002 |val acc: 0.654 (0.655, 0.653) | val dp gap: 0.1727
begin calculating influence
[Strategy 5] Acc of expected label: 0.8346740050804403
calculating influence -- done
Use 4274 samples. Get 4662 labels. Ratio: 0.9167739167739167
Files already downloaded and verified
3255 originally labeled samples, 1032 new samples, and 4468 unlabeled samples. Total: 8755
begin calculating influence
[Strategy 5] Acc of expected label: 0.6752734375
calculating influence -- done
[ADD ORG DATA] Use 4274 samples. Get 9306 labels. Ratio: 0.4592735869331614
Files already downloaded and verified
3255 originally labeled samples, 2727 new samples, and 156788 unlabeled samples. Total: 162770
Epoch 5
 44.29% | time: 829.6s (178.2m) | step:   3379 | train acc: 1.000 | train loss: 0.001 |test acc: 0.686 (0.667, 0.716) | test dp gap: 0.2822
 44.29% | time:   1.5s (178.2m) | step:   3379 | train acc: 1.000 | train loss: 0.001 |val acc: 0.673 (0.660, 0.694) | val dp gap: 0.2490
begin calculating influence
[Strategy 5] Acc of expected label: 0.8556401074306177
calculating influence -- done
Use 4342 samples. Get 4721 labels. Ratio: 0.9197203982207159
Files already downloaded and verified
3255 originally labeled samples, 1102 new samples, and 4398 unlabeled samples. Total: 8755
begin calculating influence
[Strategy 5] Acc of expected label: 0.683125
calculating influence -- done
[ADD ORG DATA] Use 4342 samples. Get 9951 labels. Ratio: 0.436338056476736
Files already downloaded and verified
3255 originally labeled samples, 2983 new samples, and 156532 unlabeled samples. Total: 162770
 46.91% | time: 835.9s (192.2m) | step:   3579 | train acc: 0.992 | train loss: 0.023 |test acc: 0.674 (0.635, 0.736) | test dp gap: 0.2594
 46.91% | time:   1.3s (192.2m) | step:   3579 | train acc: 0.992 | train loss: 0.023 |val acc: 0.674 (0.652, 0.709) | val dp gap: 0.2249
begin calculating influence
[Strategy 5] Acc of expected label: 0.8587994542974079
calculating influence -- done
Use 4351 samples. Get 4734 labels. Ratio: 0.9190959019856358
Files already downloaded and verified
3255 originally labeled samples, 1111 new samples, and 4389 unlabeled samples. Total: 8755
begin calculating influence
[Strategy 5] Acc of expected label: 0.672109375
calculating influence -- done
[ADD ORG DATA] Use 4351 samples. Get 10477 labels. Ratio: 0.41529063663262383
Files already downloaded and verified
3255 originally labeled samples, 3221 new samples, and 156294 unlabeled samples. Total: 162770
 49.53% | time: 833.0s (206.1m) | step:   3779 | train acc: 1.000 | train loss: 0.001 |test acc: 0.674 (0.648, 0.715) | test dp gap: 0.2752
 49.53% | time:   1.6s (206.1m) | step:   3779 | train acc: 1.000 | train loss: 0.001 |val acc: 0.679 (0.660, 0.708) | val dp gap: 0.2111
begin calculating influence
[Strategy 5] Acc of expected label: 0.8580542264752791
calculating influence -- done
Use 4377 samples. Get 4756 labels. Ratio: 0.9203111858704794
Files already downloaded and verified
3255 originally labeled samples, 1138 new samples, and 4362 unlabeled samples. Total: 8755
begin calculating influence
[Strategy 5] Acc of expected label: 0.6724609375
calculating influence -- done
[ADD ORG DATA] Use 4377 samples. Get 11033 labels. Ratio: 0.3967189341067706
Files already downloaded and verified
3255 originally labeled samples, 3477 new samples, and 156038 unlabeled samples. Total: 162770
 49.99% | time: 776.7s (219.0m) | step:   3814 | train acc: 0.984 | train loss: 0.033 |test acc: 0.645 (0.608, 0.703) | test dp gap: 0.2017
 49.99% | time:   1.5s (219.1m) | step:   3814 | train acc: 0.984 | train loss: 0.033 |val acc: 0.642 (0.604, 0.700) | val dp gap: 0.1750
begin calculating influence
[Strategy 5] Acc of expected label: 0.8551123337918386
calculating influence -- done
Use 4385 samples. Get 4768 labels. Ratio: 0.9196728187919463
Files already downloaded and verified
3255 originally labeled samples, 1146 new samples, and 4354 unlabeled samples. Total: 8755
begin calculating influence
[Strategy 5] Acc of expected label: 0.6444140625
calculating influence -- done
[ADD ORG DATA] Use 4385 samples. Get 11571 labels. Ratio: 0.37896465301183996
Files already downloaded and verified
3255 originally labeled samples, 3666 new samples, and 155849 unlabeled samples. Total: 162770
Epoch 6
 52.62% | time: 837.7s (233.0m) | step:   4014 | train acc: 0.996 | train loss: 0.012 |test acc: 0.666 (0.640, 0.709) | test dp gap: 0.2348
 52.62% | time:   1.3s (233.1m) | step:   4014 | train acc: 0.996 | train loss: 0.012 |val acc: 0.661 (0.650, 0.679) | val dp gap: 0.1857
begin calculating influence
[Strategy 5] Acc of expected label: 0.8553054662379421
calculating influence -- done
Use 4461 samples. Get 4845 labels. Ratio: 0.9207430340557275
Files already downloaded and verified
3255 originally labeled samples, 1223 new samples, and 4277 unlabeled samples. Total: 8755
begin calculating influence
[Strategy 5] Acc of expected label: 0.664765625
calculating influence -- done
[ADD ORG DATA] Use 4461 samples. Get 12021 labels. Ratio: 0.3711005739955079
Files already downloaded and verified
3255 originally labeled samples, 3922 new samples, and 155593 unlabeled samples. Total: 162770
 55.24% | time: 825.5s (246.8m) | step:   4214 | train acc: 0.996 | train loss: 0.006 |test acc: 0.683 (0.654, 0.728) | test dp gap: 0.2925
 55.24% | time:   1.5s (246.8m) | step:   4214 | train acc: 0.996 | train loss: 0.006 |val acc: 0.672 (0.639, 0.722) | val dp gap: 0.2379
begin calculating influence
[Strategy 5] Acc of expected label: 0.8592471358428805
calculating influence -- done
Use 4482 samples. Get 4862 labels. Ratio: 0.9218428630193336
Files already downloaded and verified
3255 originally labeled samples, 1244 new samples, and 4256 unlabeled samples. Total: 8755
begin calculating influence
[Strategy 5] Acc of expected label: 0.6846875
calculating influence -- done
[ADD ORG DATA] Use 4482 samples. Get 12557 labels. Ratio: 0.35693238830930957
Files already downloaded and verified
3255 originally labeled samples, 4178 new samples, and 155337 unlabeled samples. Total: 162770
 57.86% | time: 834.7s (260.8m) | step:   4414 | train acc: 1.000 | train loss: 0.004 |test acc: 0.680 (0.648, 0.730) | test dp gap: 0.2622
 57.86% | time:   1.7s (260.8m) | step:   4414 | train acc: 1.000 | train loss: 0.004 |val acc: 0.680 (0.649, 0.728) | val dp gap: 0.2482
begin calculating influence
[Strategy 5] Acc of expected label: 0.8578477443609023
calculating influence -- done
Use 4508 samples. Get 4879 labels. Ratio: 0.9239598278335724
Files already downloaded and verified
3255 originally labeled samples, 1270 new samples, and 4230 unlabeled samples. Total: 8755
begin calculating influence
[Strategy 5] Acc of expected label: 0.6801953125
calculating influence -- done
[ADD ORG DATA] Use 4508 samples. Get 12882 labels. Ratio: 0.34994566061170623
Files already downloaded and verified
3255 originally labeled samples, 4355 new samples, and 155160 unlabeled samples. Total: 162770
 58.32% | time: 771.9s (273.6m) | step:   4449 | train acc: 1.000 | train loss: 0.007 |test acc: 0.667 (0.646, 0.701) | test dp gap: 0.2402
 58.32% | time:   1.4s (273.7m) | step:   4449 | train acc: 1.000 | train loss: 0.007 |val acc: 0.676 (0.671, 0.684) | val dp gap: 0.2306
begin calculating influence
[Strategy 5] Acc of expected label: 0.857919621749409
calculating influence -- done
Use 4558 samples. Get 4924 labels. Ratio: 0.9256701868399675
Files already downloaded and verified
3255 originally labeled samples, 1322 new samples, and 4178 unlabeled samples. Total: 8755
begin calculating influence
[Strategy 5] Acc of expected label: 0.6638671875
calculating influence -- done
[ADD ORG DATA] Use 4558 samples. Get 13398 labels. Ratio: 0.34020002985520226
Files already downloaded and verified
3255 originally labeled samples, 4611 new samples, and 154904 unlabeled samples. Total: 162770
Epoch 7
 60.95% | time: 844.0s (287.7m) | step:   4650 | train acc: 1.000 | train loss: 0.000 |test acc: 0.674 (0.641, 0.728) | test dp gap: 0.2431
 60.95% | time:   1.5s (287.8m) | step:   4650 | train acc: 1.000 | train loss: 0.000 |val acc: 0.661 (0.619, 0.726) | val dp gap: 0.1861
begin calculating influence
[Strategy 5] Acc of expected label: 0.8587841072283389
calculating influence -- done
Use 4575 samples. Get 4937 labels. Ratio: 0.9266761191006684
Files already downloaded and verified
3255 originally labeled samples, 1339 new samples, and 4161 unlabeled samples. Total: 8755
begin calculating influence
[Strategy 5] Acc of expected label: 0.67296875
calculating influence -- done
[ADD ORG DATA] Use 4575 samples. Get 13691 labels. Ratio: 0.3341611277481557
Files already downloaded and verified
3255 originally labeled samples, 4763 new samples, and 154752 unlabeled samples. Total: 162770
 63.57% | time: 837.6s (301.7m) | step:   4850 | train acc: 1.000 | train loss: 0.000 |test acc: 0.687 (0.662, 0.728) | test dp gap: 0.2740
 63.57% | time:   1.5s (301.7m) | step:   4850 | train acc: 1.000 | train loss: 0.000 |val acc: 0.686 (0.675, 0.702) | val dp gap: 0.2025
begin calculating influence
[Strategy 5] Acc of expected label: 0.8603701033405431
calculating influence -- done
Use 4662 samples. Get 5018 labels. Ratio: 0.9290554005579912
Files already downloaded and verified
3255 originally labeled samples, 1430 new samples, and 4070 unlabeled samples. Total: 8755
begin calculating influence
[Strategy 5] Acc of expected label: 0.687578125
calculating influence -- done
[ADD ORG DATA] Use 4662 samples. Get 14144 labels. Ratio: 0.3296097285067873
Files already downloaded and verified
3255 originally labeled samples, 5019 new samples, and 154496 unlabeled samples. Total: 162770
 66.19% | time: 839.6s (315.7m) | step:   5050 | train acc: 0.996 | train loss: 0.005 |test acc: 0.682 (0.652, 0.729) | test dp gap: 0.2824
 66.19% | time:   1.4s (315.8m) | step:   5050 | train acc: 0.996 | train loss: 0.005 |val acc: 0.662 (0.637, 0.702) | val dp gap: 0.2409
begin calculating influence
[Strategy 5] Acc of expected label: 0.8614250614250615
calculating influence -- done
Use 4663 samples. Get 5020 labels. Ratio: 0.9288844621513944
Files already downloaded and verified
3255 originally labeled samples, 1431 new samples, and 4069 unlabeled samples. Total: 8755
begin calculating influence
[Strategy 5] Acc of expected label: 0.6789453125
calculating influence -- done
[ADD ORG DATA] Use 4663 samples. Get 14409 labels. Ratio: 0.32361718370462905
Files already downloaded and verified
3255 originally labeled samples, 5173 new samples, and 154342 unlabeled samples. Total: 162770
 66.65% | time: 763.9s (328.5m) | step:   5085 | train acc: 0.996 | train loss: 0.009 |test acc: 0.671 (0.650, 0.705) | test dp gap: 0.2646
 66.65% | time:   1.6s (328.5m) | step:   5085 | train acc: 0.996 | train loss: 0.009 |val acc: 0.660 (0.648, 0.678) | val dp gap: 0.2056
begin calculating influence
[Strategy 5] Acc of expected label: 0.8613910051609732
calculating influence -- done
Use 4675 samples. Get 5029 labels. Ratio: 0.9296082720222708
Files already downloaded and verified
3255 originally labeled samples, 1445 new samples, and 4055 unlabeled samples. Total: 8755
begin calculating influence
[Strategy 5] Acc of expected label: 0.67296875
calculating influence -- done
[ADD ORG DATA] Use 4675 samples. Get 14883 labels. Ratio: 0.31411677753141165
Files already downloaded and verified
3255 originally labeled samples, 5429 new samples, and 154086 unlabeled samples. Total: 162770
Epoch 8
 69.29% | time: 812.2s (342.1m) | step:   5286 | train acc: 1.000 | train loss: 0.006 |test acc: 0.684 (0.653, 0.734) | test dp gap: 0.2844
 69.29% | time:   1.5s (342.1m) | step:   5286 | train acc: 1.000 | train loss: 0.006 |val acc: 0.680 (0.646, 0.737) | val dp gap: 0.2336
begin calculating influence
[Strategy 5] Acc of expected label: 0.8618988902589396
calculating influence -- done
Use 4677 samples. Get 5032 labels. Ratio: 0.9294515103338633
Files already downloaded and verified
3255 originally labeled samples, 1447 new samples, and 4053 unlabeled samples. Total: 8755
begin calculating influence
[Strategy 5] Acc of expected label: 0.686328125
calculating influence -- done
[ADD ORG DATA] Use 4677 samples. Get 15233 labels. Ratio: 0.3070307884198779
Files already downloaded and verified
3255 originally labeled samples, 5598 new samples, and 153917 unlabeled samples. Total: 162770
 71.91% | time: 821.5s (355.8m) | step:   5486 | train acc: 1.000 | train loss: 0.005 |test acc: 0.659 (0.614, 0.731) | test dp gap: 0.2187
 71.91% | time:   1.4s (355.8m) | step:   5486 | train acc: 1.000 | train loss: 0.005 |val acc: 0.660 (0.612, 0.737) | val dp gap: 0.1400
begin calculating influence
[Strategy 5] Acc of expected label: 0.8610905502097211
calculating influence -- done
Use 4688 samples. Get 5046 labels. Ratio: 0.9290527150217994
Files already downloaded and verified
3255 originally labeled samples, 1458 new samples, and 4042 unlabeled samples. Total: 8755
begin calculating influence
[Strategy 5] Acc of expected label: 0.6565234375
calculating influence -- done
[ADD ORG DATA] Use 4688 samples. Get 15679 labels. Ratio: 0.29899866062886665
Files already downloaded and verified
3255 originally labeled samples, 5831 new samples, and 153684 unlabeled samples. Total: 162770
 74.53% | time: 811.4s (369.3m) | step:   5686 | train acc: 1.000 | train loss: 0.005 |test acc: 0.661 (0.620, 0.726) | test dp gap: 0.2311
 74.53% | time:   1.5s (369.3m) | step:   5686 | train acc: 1.000 | train loss: 0.005 |val acc: 0.651 (0.606, 0.721) | val dp gap: 0.1559
begin calculating influence
[Strategy 5] Acc of expected label: 0.8617021276595744
calculating influence -- done
Use 4689 samples. Get 5047 labels. Ratio: 0.929066772340004
Files already downloaded and verified
3255 originally labeled samples, 1459 new samples, and 4041 unlabeled samples. Total: 8755
begin calculating influence
[Strategy 5] Acc of expected label: 0.658046875
calculating influence -- done
[ADD ORG DATA] Use 4689 samples. Get 15972 labels. Ratio: 0.2935762584522915
Files already downloaded and verified
3255 originally labeled samples, 5995 new samples, and 153520 unlabeled samples. Total: 162770
 74.99% | time: 761.9s (382.0m) | step:   5721 | train acc: 0.992 | train loss: 0.026 |test acc: 0.688 (0.667, 0.722) | test dp gap: 0.2818
 74.99% | time:   1.5s (382.1m) | step:   5721 | train acc: 0.992 | train loss: 0.026 |val acc: 0.682 (0.653, 0.727) | val dp gap: 0.2282
begin calculating influence
[Strategy 5] Acc of expected label: 0.8651323929720366
calculating influence -- done
Use 4692 samples. Get 5048 labels. Ratio: 0.9294770206022187
Files already downloaded and verified
3255 originally labeled samples, 1462 new samples, and 4038 unlabeled samples. Total: 8755
begin calculating influence
[Strategy 5] Acc of expected label: 0.690078125
calculating influence -- done
[ADD ORG DATA] Use 4692 samples. Get 16560 labels. Ratio: 0.2833333333333333
Files already downloaded and verified
3255 originally labeled samples, 6251 new samples, and 153264 unlabeled samples. Total: 162770
Epoch 9
 77.62% | time: 814.3s (395.6m) | step:   5922 | train acc: 0.996 | train loss: 0.009 |test acc: 0.671 (0.629, 0.737) | test dp gap: 0.2414
 77.62% | time:   1.5s (395.7m) | step:   5922 | train acc: 0.996 | train loss: 0.009 |val acc: 0.669 (0.635, 0.723) | val dp gap: 0.1751
begin calculating influence
[Strategy 5] Acc of expected label: 0.8630510153541358
calculating influence -- done
Use 4694 samples. Get 5052 labels. Ratio: 0.9291369754552652
Files already downloaded and verified
3255 originally labeled samples, 1464 new samples, and 4036 unlabeled samples. Total: 8755
begin calculating influence
[Strategy 5] Acc of expected label: 0.6681640625
calculating influence -- done
[ADD ORG DATA] Use 4694 samples. Get 17027 labels. Ratio: 0.27567980266635345
Files already downloaded and verified
3255 originally labeled samples, 6507 new samples, and 153008 unlabeled samples. Total: 162770
 80.25% | time: 812.0s (409.2m) | step:   6122 | train acc: 1.000 | train loss: 0.000 |test acc: 0.682 (0.651, 0.730) | test dp gap: 0.2730
 80.25% | time:   1.4s (409.2m) | step:   6122 | train acc: 1.000 | train loss: 0.000 |val acc: 0.663 (0.635, 0.708) | val dp gap: 0.1912
begin calculating influence
[Strategy 5] Acc of expected label: 0.8647175421209118
calculating influence -- done
Use 4711 samples. Get 5068 labels. Ratio: 0.9295580110497238
Files already downloaded and verified
3255 originally labeled samples, 1481 new samples, and 4019 unlabeled samples. Total: 8755
begin calculating influence
[Strategy 5] Acc of expected label: 0.678203125
calculating influence -- done
[ADD ORG DATA] Use 4711 samples. Get 17247 labels. Ratio: 0.2731489534411782
Files already downloaded and verified
3255 originally labeled samples, 6628 new samples, and 152887 unlabeled samples. Total: 162770
 82.87% | time: 818.4s (422.9m) | step:   6322 | train acc: 1.000 | train loss: 0.005 |test acc: 0.681 (0.656, 0.719) | test dp gap: 0.2800
 82.87% | time:   1.5s (422.9m) | step:   6322 | train acc: 1.000 | train loss: 0.005 |val acc: 0.693 (0.672, 0.726) | val dp gap: 0.2518
begin calculating influence
[Strategy 5] Acc of expected label: 0.8616571286389649
calculating influence -- done
Use 4766 samples. Get 5124 labels. Ratio: 0.9301327088212334
Files already downloaded and verified
3255 originally labeled samples, 1538 new samples, and 3962 unlabeled samples. Total: 8755
begin calculating influence
[Strategy 5] Acc of expected label: 0.6794140625
calculating influence -- done
[ADD ORG DATA] Use 4766 samples. Get 17673 labels. Ratio: 0.26967690827816443
Files already downloaded and verified
3255 originally labeled samples, 6884 new samples, and 152631 unlabeled samples. Total: 162770
 83.33% | time: 770.5s (435.7m) | step:   6357 | train acc: 0.984 | train loss: 0.038 |test acc: 0.691 (0.662, 0.736) | test dp gap: 0.2954
 83.33% | time:   1.5s (435.8m) | step:   6357 | train acc: 0.984 | train loss: 0.038 |val acc: 0.694 (0.675, 0.723) | val dp gap: 0.2326
begin calculating influence
[Strategy 5] Acc of expected label: 0.8616860171630489
calculating influence -- done
Use 4781 samples. Get 5139 labels. Ratio: 0.9303366413699163
Files already downloaded and verified
3255 originally labeled samples, 1553 new samples, and 3947 unlabeled samples. Total: 8755
begin calculating influence
[Strategy 5] Acc of expected label: 0.6915234375
calculating influence -- done
[ADD ORG DATA] Use 4781 samples. Get 18113 labels. Ratio: 0.26395406614034117
Files already downloaded and verified
3255 originally labeled samples, 7140 new samples, and 152375 unlabeled samples. Total: 162770
Epoch 10
 85.96% | time: 823.1s (449.5m) | step:   6558 | train acc: 1.000 | train loss: 0.005 |test acc: 0.678 (0.645, 0.730) | test dp gap: 0.2827
 85.96% | time:   1.6s (449.5m) | step:   6558 | train acc: 1.000 | train loss: 0.005 |val acc: 0.683 (0.656, 0.726) | val dp gap: 0.2451
begin calculating influence
[Strategy 5] Acc of expected label: 0.8609070179883456
calculating influence -- done
Use 4784 samples. Get 5145 labels. Ratio: 0.9298347910592809
Files already downloaded and verified
3255 originally labeled samples, 1556 new samples, and 3944 unlabeled samples. Total: 8755
begin calculating influence
[Strategy 5] Acc of expected label: 0.6794921875
calculating influence -- done
[ADD ORG DATA] Use 4784 samples. Get 18450 labels. Ratio: 0.25929539295392956
Files already downloaded and verified
3255 originally labeled samples, 7315 new samples, and 152200 unlabeled samples. Total: 162770
 88.58% | time: 817.3s (463.1m) | step:   6758 | train acc: 1.000 | train loss: 0.000 |test acc: 0.664 (0.609, 0.750) | test dp gap: 0.2443
 88.58% | time:   1.4s (463.1m) | step:   6758 | train acc: 1.000 | train loss: 0.000 |val acc: 0.654 (0.616, 0.715) | val dp gap: 0.1617
begin calculating influence
[Strategy 5] Acc of expected label: 0.861815415821501
calculating influence -- done
Use 4789 samples. Get 5149 labels. Ratio: 0.9300835113614294
Files already downloaded and verified
3255 originally labeled samples, 1561 new samples, and 3939 unlabeled samples. Total: 8755
begin calculating influence
[Strategy 5] Acc of expected label: 0.655078125
calculating influence -- done
[ADD ORG DATA] Use 4789 samples. Get 18893 labels. Ratio: 0.2534801249139893
Files already downloaded and verified
3255 originally labeled samples, 7571 new samples, and 151944 unlabeled samples. Total: 162770
 91.20% | time: 832.0s (477.0m) | step:   6958 | train acc: 1.000 | train loss: 0.001 |test acc: 0.677 (0.637, 0.739) | test dp gap: 0.2857
 91.20% | time:   1.6s (477.0m) | step:   6958 | train acc: 1.000 | train loss: 0.001 |val acc: 0.673 (0.637, 0.727) | val dp gap: 0.2350
begin calculating influence
[Strategy 5] Acc of expected label: 0.8636709824828637
calculating influence -- done
Use 4792 samples. Get 5152 labels. Ratio: 0.9301242236024845
Files already downloaded and verified
3255 originally labeled samples, 1564 new samples, and 3936 unlabeled samples. Total: 8755
begin calculating influence
[Strategy 5] Acc of expected label: 0.6769921875
calculating influence -- done
[ADD ORG DATA] Use 4792 samples. Get 19242 labels. Ratio: 0.24903856148009562
Files already downloaded and verified
3255 originally labeled samples, 7775 new samples, and 151740 unlabeled samples. Total: 162770
 91.66% | time: 768.2s (489.8m) | step:   6993 | train acc: 1.000 | train loss: 0.001 |test acc: 0.686 (0.660, 0.727) | test dp gap: 0.2966
 91.66% | time:   1.6s (489.9m) | step:   6993 | train acc: 1.000 | train loss: 0.001 |val acc: 0.670 (0.649, 0.704) | val dp gap: 0.2197
begin calculating influence
[Strategy 5] Acc of expected label: 0.8638211382113821
calculating influence -- done
Use 4814 samples. Get 5171 labels. Ratio: 0.9309611293753626
Files already downloaded and verified
3255 originally labeled samples, 1586 new samples, and 3914 unlabeled samples. Total: 8755
begin calculating influence
[Strategy 5] Acc of expected label: 0.68828125
calculating influence -- done
[ADD ORG DATA] Use 4814 samples. Get 19614 labels. Ratio: 0.24543693280309983
Files already downloaded and verified
3255 originally labeled samples, 7988 new samples, and 151527 unlabeled samples. Total: 162770
Epoch 11
 94.30% | time: 828.6s (503.7m) | step:   7194 | train acc: 1.000 | train loss: 0.001 |test acc: 0.684 (0.652, 0.734) | test dp gap: 0.2809
 94.30% | time:   1.5s (503.7m) | step:   7194 | train acc: 1.000 | train loss: 0.001 |val acc: 0.676 (0.651, 0.715) | val dp gap: 0.2309
begin calculating influence
[Strategy 5] Acc of expected label: 0.8635666836995401
calculating influence -- done
Use 4815 samples. Get 5172 labels. Ratio: 0.9309744779582366
Files already downloaded and verified
3255 originally labeled samples, 1587 new samples, and 3913 unlabeled samples. Total: 8755
begin calculating influence
[Strategy 5] Acc of expected label: 0.668828125
calculating influence -- done
[ADD ORG DATA] Use 4815 samples. Get 20039 labels. Ratio: 0.24028145117021807
Files already downloaded and verified
3255 originally labeled samples, 8244 new samples, and 151271 unlabeled samples. Total: 162770
 96.92% | time: 817.4s (517.3m) | step:   7394 | train acc: 1.000 | train loss: 0.003 |test acc: 0.678 (0.642, 0.736) | test dp gap: 0.2402
 96.92% | time:   1.5s (517.3m) | step:   7394 | train acc: 1.000 | train loss: 0.003 |val acc: 0.684 (0.651, 0.737) | val dp gap: 0.1688
begin calculating influence
[Strategy 5] Acc of expected label: 0.8622540250447227
calculating influence -- done
Use 4816 samples. Get 5173 labels. Ratio: 0.9309878213802436
Files already downloaded and verified
3255 originally labeled samples, 1588 new samples, and 3912 unlabeled samples. Total: 8755
begin calculating influence
[Strategy 5] Acc of expected label: 0.675390625
calculating influence -- done
[ADD ORG DATA] Use 4816 samples. Get 20201 labels. Ratio: 0.2384040394039899
Files already downloaded and verified
3255 originally labeled samples, 8320 new samples, and 151195 unlabeled samples. Total: 162770
 99.54% | time: 817.6s (531.0m) | step:   7594 | train acc: 1.000 | train loss: 0.001 |test acc: 0.683 (0.656, 0.726) | test dp gap: 0.2756
 99.54% | time:   1.5s (531.0m) | step:   7594 | train acc: 1.000 | train loss: 0.001 |val acc: 0.674 (0.648, 0.715) | val dp gap: 0.2219
begin calculating influence
[Strategy 5] Acc of expected label: 0.8627300613496932
calculating influence -- done
Use 4820 samples. Get 5174 labels. Ratio: 0.9315809818322381
Files already downloaded and verified
3255 originally labeled samples, 1592 new samples, and 3908 unlabeled samples. Total: 8755
begin calculating influence
[Strategy 5] Acc of expected label: 0.6809765625
calculating influence -- done
[ADD ORG DATA] Use 4820 samples. Get 20483 labels. Ratio: 0.23531709222281894
Files already downloaded and verified
3255 originally labeled samples, 8459 new samples, and 151056 unlabeled samples. Total: 162770
100.00% | time: 762.1s (543.7m) | step:   7629 | train acc: 1.000 | train loss: 0.002 |test acc: 0.679 (0.640, 0.740) | test dp gap: 0.2616
100.00% | time:   1.5s (543.7m) | step:   7629 | train acc: 1.000 | train loss: 0.002 |val acc: 0.680 (0.644, 0.737) | val dp gap: 0.1902
begin calculating influence
[Strategy 5] Acc of expected label: 0.861310133060389
calculating influence -- done
Use 4821 samples. Get 5174 labels. Ratio: 0.931774255894859
Files already downloaded and verified
3255 originally labeled samples, 1593 new samples, and 3907 unlabeled samples. Total: 8755
begin calculating influence
[Strategy 5] Acc of expected label: 0.68125
calculating influence -- done
[ADD ORG DATA] Use 4821 samples. Get 20823 labels. Ratio: 0.23152283532632187
Files already downloaded and verified
3255 originally labeled samples, 8657 new samples, and 150858 unlabeled samples. Total: 162770
