Files already downloaded and verified
3255 originally labeled samples, 0 new samples, and 5500 unlabeled samples. Total: 8755
Files already downloaded and verified
3255 originally labeled samples, 0 new samples, and 159515 unlabeled samples. Total: 162770
Files already downloaded and verified
1996 originally labeled samples, 0 new samples, and 17966 unlabeled samples. Total: 19962
Numer of layers 200
train net...
train with 162770 samples (with replacement) in one epoch
Epoch 0
  2.62% | time: 101.3s (  1.7m) | step:    200 | train acc: 0.902 | train loss: 0.255 |warm_t acc: 0.709 (0.695, 0.732) | warm_t eop gap: 0.3005
  2.62% | time:   5.6s (  1.8m) | step:    200 | train acc: 0.902 | train loss: 0.255 |warm_v acc: 0.703 (0.696, 0.715) | warm_v eop gap: 0.3424
  5.24% | time:  81.2s (  3.1m) | step:    400 | train acc: 1.000 | train loss: 0.001 |warm_t acc: 0.707 (0.686, 0.741) | warm_t eop gap: 0.2635
  5.24% | time:   1.4s (  3.2m) | step:    400 | train acc: 1.000 | train loss: 0.001 |warm_v acc: 0.686 (0.673, 0.707) | warm_v eop gap: 0.3191
  7.86% | time:  81.7s (  4.5m) | step:    600 | train acc: 1.000 | train loss: 0.000 |warm_t acc: 0.707 (0.686, 0.740) | warm_t eop gap: 0.2617
  7.86% | time:   1.1s (  4.5m) | step:    600 | train acc: 1.000 | train loss: 0.000 |warm_v acc: 0.692 (0.677, 0.716) | warm_v eop gap: 0.3085
  8.32% | time:  22.2s (  4.9m) | step:    635 | train acc: 1.000 | train loss: 0.000 |warm_t acc: 0.707 (0.686, 0.741) | warm_t eop gap: 0.2592
  8.32% | time:   1.2s (  4.9m) | step:    635 | train acc: 1.000 | train loss: 0.000 |warm_v acc: 0.704 (0.687, 0.731) | warm_v eop gap: 0.2694
Epoch 1
 10.95% | time:  80.9s (  6.3m) | step:    835 | train acc: 1.000 | train loss: 0.000 |warm_t acc: 0.707 (0.686, 0.741) | warm_t eop gap: 0.2604
 10.95% | time:   1.4s (  6.3m) | step:    835 | train acc: 1.000 | train loss: 0.000 |warm_v acc: 0.701 (0.688, 0.722) | warm_v eop gap: 0.2812
 13.57% | time:  80.3s (  7.6m) | step:   1035 | train acc: 1.000 | train loss: 0.000 |warm_t acc: 0.707 (0.686, 0.741) | warm_t eop gap: 0.2597
 13.57% | time:   1.5s (  7.7m) | step:   1035 | train acc: 1.000 | train loss: 0.000 |warm_v acc: 0.701 (0.687, 0.721) | warm_v eop gap: 0.2809
 16.19% | time:  78.8s (  9.0m) | step:   1235 | train acc: 1.000 | train loss: 0.000 |warm_t acc: 0.707 (0.686, 0.741) | warm_t eop gap: 0.2590
 16.19% | time:   1.4s (  9.0m) | step:   1235 | train acc: 1.000 | train loss: 0.000 |warm_v acc: 0.699 (0.683, 0.721) | warm_v eop gap: 0.3185
 16.65% | time:  23.8s (  9.4m) | step:   1270 | train acc: 1.000 | train loss: 0.000 |warm_t acc: 0.707 (0.685, 0.741) | warm_t eop gap: 0.2586
 16.65% | time:   1.4s (  9.4m) | step:   1270 | train acc: 1.000 | train loss: 0.000 |warm_v acc: 0.693 (0.684, 0.708) | warm_v eop gap: 0.3348
Epoch 2
 19.28% | time:  72.7s ( 10.6m) | step:   1471 | train acc: 1.000 | train loss: 0.000 |test acc: 0.707 (0.686, 0.741) | test eop gap: 0.2584
 19.28% | time:   1.5s ( 10.7m) | step:   1471 | train acc: 1.000 | train loss: 0.000 |val acc: 0.705 (0.694, 0.722) | val eop gap: 0.3043
begin calculating influence
selected layers: [Traced<ShapedArray(float32[768])>with<DynamicJaxprTrace(level=0/1)>, Traced<ShapedArray(float32[8,8,3,768])>with<DynamicJaxprTrace(level=0/1)>, Traced<ShapedArray(float32[2])>with<DynamicJaxprTrace(level=0/1)>, Traced<ShapedArray(float32[768,2])>with<DynamicJaxprTrace(level=0/1)>]
[Strategy 5] Acc of expected label: 0.6314545454545455
calculating influence -- done
Use 3312 samples. Get 3360 labels. Ratio: 0.9857142857142858
Files already downloaded and verified
3255 originally labeled samples, 57 new samples, and 5443 unlabeled samples. Total: 8755
begin calculating influence
[Strategy 5] Acc of expected label: 0.706640625
calculating influence -- done
[ADD ORG DATA] Use 3312 samples. Get 3798 labels. Ratio: 0.8720379146919431
Files already downloaded and verified
3255 originally labeled samples, 256 new samples, and 159259 unlabeled samples. Total: 162770
 21.90% | time: 925.5s ( 26.1m) | step:   1671 | train acc: 0.918 | train loss: 0.189 |test acc: 0.663 (0.696, 0.610) | test eop gap: 0.1033
 21.90% | time:   1.3s ( 26.1m) | step:   1671 | train acc: 0.918 | train loss: 0.189 |val acc: 0.659 (0.688, 0.611) | val eop gap: 0.1034
begin calculating influence
[Strategy 5] Acc of expected label: 0.5052360830424398
calculating influence -- done
Use 3343 samples. Get 3415 labels. Ratio: 0.9789165446559297
Files already downloaded and verified
3255 originally labeled samples, 88 new samples, and 5412 unlabeled samples. Total: 8755
begin calculating influence
[Strategy 5] Acc of expected label: 0.6734765625
calculating influence -- done
[ADD ORG DATA] Use 3343 samples. Get 4053 labels. Ratio: 0.8248211201579078
Files already downloaded and verified
3255 originally labeled samples, 393 new samples, and 159122 unlabeled samples. Total: 162770
 24.52% | time: 884.8s ( 40.9m) | step:   1871 | train acc: 0.961 | train loss: 0.105 |test acc: 0.682 (0.661, 0.715) | test eop gap: 0.2329
 24.52% | time:   1.5s ( 40.9m) | step:   1871 | train acc: 0.961 | train loss: 0.105 |val acc: 0.688 (0.690, 0.683) | val eop gap: 0.2563
begin calculating influence
[Strategy 5] Acc of expected label: 0.556910569105691
calculating influence -- done
Use 3596 samples. Get 3834 labels. Ratio: 0.9379238393322901
Files already downloaded and verified
3255 originally labeled samples, 344 new samples, and 5156 unlabeled samples. Total: 8755
begin calculating influence
[Strategy 5] Acc of expected label: 0.6894921875
calculating influence -- done
[ADD ORG DATA] Use 3596 samples. Get 4818 labels. Ratio: 0.7463677874636778
Files already downloaded and verified
3255 originally labeled samples, 649 new samples, and 158866 unlabeled samples. Total: 162770
 24.98% | time: 847.2s ( 55.0m) | step:   1906 | train acc: 0.922 | train loss: 0.213 |test acc: 0.686 (0.666, 0.719) | test eop gap: 0.2595
 24.98% | time:   1.4s ( 55.0m) | step:   1906 | train acc: 0.922 | train loss: 0.213 |val acc: 0.669 (0.660, 0.681) | val eop gap: 0.3269
begin calculating influence
[Strategy 5] Acc of expected label: 0.6190845616757176
calculating influence -- done
Use 3791 samples. Get 4197 labels. Ratio: 0.9032642363593043
Files already downloaded and verified
3255 originally labeled samples, 542 new samples, and 4958 unlabeled samples. Total: 8755
begin calculating influence
[Strategy 5] Acc of expected label: 0.6830078125
calculating influence -- done
[ADD ORG DATA] Use 3791 samples. Get 5288 labels. Ratio: 0.7169062027231468
Files already downloaded and verified
3255 originally labeled samples, 905 new samples, and 158610 unlabeled samples. Total: 162770
Epoch 3
 27.62% | time: 894.6s ( 69.9m) | step:   2107 | train acc: 0.984 | train loss: 0.082 |test acc: 0.564 (0.571, 0.554) | test eop gap: 0.0812
 27.62% | time:   1.5s ( 70.0m) | step:   2107 | train acc: 0.984 | train loss: 0.082 |val acc: 0.559 (0.555, 0.564) | val eop gap: 0.1325
begin calculating influence
[Strategy 5] Acc of expected label: 0.41206131504638965
calculating influence -- done
Use 3842 samples. Get 4274 labels. Ratio: 0.8989237248479176
Files already downloaded and verified
3255 originally labeled samples, 595 new samples, and 4905 unlabeled samples. Total: 8755
begin calculating influence
[Strategy 5] Acc of expected label: 0.5697265625
calculating influence -- done
[ADD ORG DATA] Use 3842 samples. Get 5624 labels. Ratio: 0.6831436699857752
Files already downloaded and verified
3255 originally labeled samples, 1161 new samples, and 158354 unlabeled samples. Total: 162770
 30.24% | time: 895.4s ( 84.9m) | step:   2307 | train acc: 1.000 | train loss: 0.001 |test acc: 0.653 (0.668, 0.628) | test eop gap: 0.0702
 30.24% | time:   1.5s ( 84.9m) | step:   2307 | train acc: 1.000 | train loss: 0.001 |val acc: 0.645 (0.664, 0.614) | val eop gap: 0.0075
begin calculating influence
[Strategy 5] Acc of expected label: 0.5871559633027523
calculating influence -- done
Use 4090 samples. Get 4666 labels. Ratio: 0.876553793399057
Files already downloaded and verified
3255 originally labeled samples, 851 new samples, and 4649 unlabeled samples. Total: 8755
begin calculating influence
[Strategy 5] Acc of expected label: 0.6581640625
calculating influence -- done
[ADD ORG DATA] Use 4090 samples. Get 6197 labels. Ratio: 0.6599967726319187
Files already downloaded and verified
3255 originally labeled samples, 1417 new samples, and 158098 unlabeled samples. Total: 162770
 32.86% | time: 892.5s ( 99.8m) | step:   2507 | train acc: 1.000 | train loss: 0.001 |test acc: 0.663 (0.655, 0.677) | test eop gap: 0.0897
 32.86% | time:   1.4s ( 99.8m) | step:   2507 | train acc: 1.000 | train loss: 0.001 |val acc: 0.663 (0.650, 0.686) | val eop gap: 0.0415
begin calculating influence
[Strategy 5] Acc of expected label: 0.5923854592385459
calculating influence -- done
Use 4340 samples. Get 5037 labels. Ratio: 0.8616239825292833
Files already downloaded and verified
3255 originally labeled samples, 1107 new samples, and 4393 unlabeled samples. Total: 8755
begin calculating influence
[Strategy 5] Acc of expected label: 0.6625
calculating influence -- done
[ADD ORG DATA] Use 4340 samples. Get 6769 labels. Ratio: 0.6411582213029989
Files already downloaded and verified
3255 originally labeled samples, 1673 new samples, and 157842 unlabeled samples. Total: 162770
 33.32% | time: 814.8s (113.4m) | step:   2542 | train acc: 0.996 | train loss: 0.013 |test acc: 0.651 (0.652, 0.650) | test eop gap: 0.0592
 33.32% | time:   1.5s (113.4m) | step:   2542 | train acc: 0.996 | train loss: 0.013 |val acc: 0.645 (0.636, 0.660) | val eop gap: 0.0339
begin calculating influence
[Strategy 5] Acc of expected label: 0.5932164807648532
calculating influence -- done
Use 4594 samples. Get 5393 labels. Ratio: 0.8518449842388282
Files already downloaded and verified
3255 originally labeled samples, 1363 new samples, and 4137 unlabeled samples. Total: 8755
begin calculating influence
[Strategy 5] Acc of expected label: 0.6476953125
calculating influence -- done
[ADD ORG DATA] Use 4594 samples. Get 7155 labels. Ratio: 0.6420684835779176
Files already downloaded and verified
3255 originally labeled samples, 1929 new samples, and 157586 unlabeled samples. Total: 162770
Epoch 4
 35.95% | time: 863.8s (127.8m) | step:   2743 | train acc: 1.000 | train loss: 0.004 |test acc: 0.671 (0.664, 0.684) | test eop gap: 0.1001
 35.95% | time:   1.4s (127.8m) | step:   2743 | train acc: 1.000 | train loss: 0.004 |val acc: 0.667 (0.663, 0.673) | val eop gap: 0.0552
begin calculating influence
[Strategy 5] Acc of expected label: 0.5890742083635485
calculating influence -- done
Use 4847 samples. Get 5807 labels. Ratio: 0.8346822800068883
Files already downloaded and verified
3255 originally labeled samples, 1619 new samples, and 3881 unlabeled samples. Total: 8755
begin calculating influence
[Strategy 5] Acc of expected label: 0.6719921875
calculating influence -- done
[ADD ORG DATA] Use 4847 samples. Get 7600 labels. Ratio: 0.6377631578947368
Files already downloaded and verified
3255 originally labeled samples, 2185 new samples, and 157330 unlabeled samples. Total: 162770
 38.58% | time: 858.3s (142.1m) | step:   2943 | train acc: 1.000 | train loss: 0.000 |test acc: 0.683 (0.662, 0.716) | test eop gap: 0.1205
 38.58% | time:   1.4s (142.2m) | step:   2943 | train acc: 1.000 | train loss: 0.000 |val acc: 0.687 (0.670, 0.712) | val eop gap: 0.0856
begin calculating influence
[Strategy 5] Acc of expected label: 0.5653182169543932
calculating influence -- done
Use 4908 samples. Get 5931 labels. Ratio: 0.8275164390490642
Files already downloaded and verified
3255 originally labeled samples, 1680 new samples, and 3820 unlabeled samples. Total: 8755
begin calculating influence
[Strategy 5] Acc of expected label: 0.682890625
calculating influence -- done
[ADD ORG DATA] Use 4908 samples. Get 8156 labels. Ratio: 0.601765571358509
Files already downloaded and verified
3255 originally labeled samples, 2441 new samples, and 157074 unlabeled samples. Total: 162770
 41.20% | time: 846.5s (156.3m) | step:   3143 | train acc: 1.000 | train loss: 0.000 |test acc: 0.686 (0.665, 0.720) | test eop gap: 0.1327
 41.20% | time:   1.4s (156.3m) | step:   3143 | train acc: 1.000 | train loss: 0.000 |val acc: 0.691 (0.676, 0.715) | val eop gap: 0.1224
begin calculating influence
[Strategy 5] Acc of expected label: 0.555759162303665
calculating influence -- done
Use 4920 samples. Get 5948 labels. Ratio: 0.8271687962340283
Files already downloaded and verified
3255 originally labeled samples, 1692 new samples, and 3808 unlabeled samples. Total: 8755
begin calculating influence
[Strategy 5] Acc of expected label: 0.683046875
calculating influence -- done
[ADD ORG DATA] Use 4920 samples. Get 8790 labels. Ratio: 0.5597269624573379
Files already downloaded and verified
3255 originally labeled samples, 2697 new samples, and 156818 unlabeled samples. Total: 162770
 41.66% | time: 796.4s (169.6m) | step:   3178 | train acc: 1.000 | train loss: 0.005 |test acc: 0.670 (0.646, 0.709) | test eop gap: 0.0862
 41.66% | time:   1.6s (169.6m) | step:   3178 | train acc: 1.000 | train loss: 0.005 |val acc: 0.671 (0.642, 0.716) | val eop gap: 0.0097
begin calculating influence
[Strategy 5] Acc of expected label: 0.5643382352941176
calculating influence -- done
Use 5019 samples. Get 6108 labels. Ratio: 0.8217092337917485
Files already downloaded and verified
3255 originally labeled samples, 1798 new samples, and 3702 unlabeled samples. Total: 8755
begin calculating influence
[Strategy 5] Acc of expected label: 0.6683984375
calculating influence -- done
[ADD ORG DATA] Use 5019 samples. Get 9281 labels. Ratio: 0.5407822432927486
Files already downloaded and verified
3255 originally labeled samples, 2953 new samples, and 156562 unlabeled samples. Total: 162770
Epoch 5
 44.29% | time: 847.3s (183.7m) | step:   3379 | train acc: 1.000 | train loss: 0.003 |test acc: 0.689 (0.664, 0.729) | test eop gap: 0.1829
 44.29% | time:   1.5s (183.7m) | step:   3379 | train acc: 1.000 | train loss: 0.003 |val acc: 0.682 (0.662, 0.713) | val eop gap: 0.1367
begin calculating influence
[Strategy 5] Acc of expected label: 0.553484602917342
calculating influence -- done
Use 5117 samples. Get 6199 labels. Ratio: 0.8254557186643007
Files already downloaded and verified
3255 originally labeled samples, 1897 new samples, and 3603 unlabeled samples. Total: 8755
begin calculating influence
[Strategy 5] Acc of expected label: 0.68328125
calculating influence -- done
[ADD ORG DATA] Use 5117 samples. Get 9752 labels. Ratio: 0.524712879409352
Files already downloaded and verified
3255 originally labeled samples, 3209 new samples, and 156306 unlabeled samples. Total: 162770
 46.91% | time: 851.8s (197.9m) | step:   3579 | train acc: 1.000 | train loss: 0.003 |test acc: 0.685 (0.681, 0.691) | test eop gap: 0.1187
 46.91% | time:   1.5s (198.0m) | step:   3579 | train acc: 1.000 | train loss: 0.003 |val acc: 0.702 (0.694, 0.716) | val eop gap: 0.0744
begin calculating influence
[Strategy 5] Acc of expected label: 0.5578684429641965
calculating influence -- done
Use 5160 samples. Get 6261 labels. Ratio: 0.8241494968854816
Files already downloaded and verified
3255 originally labeled samples, 1941 new samples, and 3559 unlabeled samples. Total: 8755
begin calculating influence
[Strategy 5] Acc of expected label: 0.6921484375
calculating influence -- done
[ADD ORG DATA] Use 5160 samples. Get 10319 labels. Ratio: 0.5000484543075879
Files already downloaded and verified
3255 originally labeled samples, 3465 new samples, and 156050 unlabeled samples. Total: 162770
 49.53% | time: 853.1s (212.2m) | step:   3779 | train acc: 1.000 | train loss: 0.009 |test acc: 0.685 (0.680, 0.694) | test eop gap: 0.1535
 49.53% | time:   1.5s (212.2m) | step:   3779 | train acc: 1.000 | train loss: 0.009 |val acc: 0.674 (0.667, 0.687) | val eop gap: 0.1277
begin calculating influence
[Strategy 5] Acc of expected label: 0.5678561393649901
calculating influence -- done
Use 5410 samples. Get 6646 labels. Ratio: 0.8140234727655733
Files already downloaded and verified
3255 originally labeled samples, 2197 new samples, and 3303 unlabeled samples. Total: 8755
begin calculating influence
[Strategy 5] Acc of expected label: 0.6911328125
calculating influence -- done
[ADD ORG DATA] Use 5410 samples. Get 10929 labels. Ratio: 0.4950132674535639
Files already downloaded and verified
3255 originally labeled samples, 3721 new samples, and 155794 unlabeled samples. Total: 162770
 49.99% | time: 775.3s (225.1m) | step:   3814 | train acc: 1.000 | train loss: 0.001 |test acc: 0.677 (0.647, 0.724) | test eop gap: 0.1361
 49.99% | time:   1.5s (225.1m) | step:   3814 | train acc: 1.000 | train loss: 0.001 |val acc: 0.686 (0.654, 0.736) | val eop gap: 0.1017
begin calculating influence
[Strategy 5] Acc of expected label: 0.508628519527702
calculating influence -- done
Use 5479 samples. Get 6714 labels. Ratio: 0.8160560023830802
Files already downloaded and verified
3255 originally labeled samples, 2267 new samples, and 3233 unlabeled samples. Total: 8755
begin calculating influence
[Strategy 5] Acc of expected label: 0.680390625
calculating influence -- done
[ADD ORG DATA] Use 5479 samples. Get 11448 labels. Ratio: 0.4785988819007687
Files already downloaded and verified
3255 originally labeled samples, 3977 new samples, and 155538 unlabeled samples. Total: 162770
Epoch 6
 52.62% | time: 830.4s (239.0m) | step:   4014 | train acc: 0.996 | train loss: 0.009 |test acc: 0.694 (0.690, 0.702) | test eop gap: 0.1500
 52.62% | time:   1.5s (239.0m) | step:   4014 | train acc: 0.996 | train loss: 0.009 |val acc: 0.691 (0.686, 0.699) | val eop gap: 0.1277
begin calculating influence
[Strategy 5] Acc of expected label: 0.5317042994123106
calculating influence -- done
Use 5549 samples. Get 6790 labels. Ratio: 0.8172312223858615
Files already downloaded and verified
3255 originally labeled samples, 2339 new samples, and 3161 unlabeled samples. Total: 8755
begin calculating influence
[Strategy 5] Acc of expected label: 0.6934765625
calculating influence -- done
[ADD ORG DATA] Use 5549 samples. Get 11976 labels. Ratio: 0.4633433533734135
Files already downloaded and verified
3255 originally labeled samples, 4233 new samples, and 155282 unlabeled samples. Total: 162770
 55.24% | time: 831.8s (252.9m) | step:   4214 | train acc: 1.000 | train loss: 0.002 |test acc: 0.695 (0.677, 0.725) | test eop gap: 0.1466
 55.24% | time:   1.5s (252.9m) | step:   4214 | train acc: 1.000 | train loss: 0.002 |val acc: 0.692 (0.668, 0.729) | val eop gap: 0.0998
begin calculating influence
[Strategy 5] Acc of expected label: 0.5349572919962038
calculating influence -- done
Use 5564 samples. Get 6814 labels. Ratio: 0.8165541532139713
Files already downloaded and verified
3255 originally labeled samples, 2356 new samples, and 3144 unlabeled samples. Total: 8755
begin calculating influence
[Strategy 5] Acc of expected label: 0.6929296875
calculating influence -- done
[ADD ORG DATA] Use 5564 samples. Get 12600 labels. Ratio: 0.4415873015873016
Files already downloaded and verified
3255 originally labeled samples, 4489 new samples, and 155026 unlabeled samples. Total: 162770
 57.86% | time: 832.0s (266.8m) | step:   4414 | train acc: 1.000 | train loss: 0.001 |test acc: 0.685 (0.658, 0.728) | test eop gap: 0.1260
 57.86% | time:   1.5s (266.8m) | step:   4414 | train acc: 1.000 | train loss: 0.001 |val acc: 0.676 (0.649, 0.717) | val eop gap: 0.0960
begin calculating influence
[Strategy 5] Acc of expected label: 0.5181297709923665
calculating influence -- done
Use 5642 samples. Get 6869 labels. Ratio: 0.8213713786577377
Files already downloaded and verified
3255 originally labeled samples, 2434 new samples, and 3066 unlabeled samples. Total: 8755
begin calculating influence
[Strategy 5] Acc of expected label: 0.6880859375
calculating influence -- done
[ADD ORG DATA] Use 5642 samples. Get 13047 labels. Ratio: 0.43243657545795966
Files already downloaded and verified
3255 originally labeled samples, 4745 new samples, and 154770 unlabeled samples. Total: 162770
 58.32% | time: 778.6s (279.8m) | step:   4449 | train acc: 0.977 | train loss: 0.071 |test acc: 0.685 (0.665, 0.717) | test eop gap: 0.1137
 58.32% | time:   1.4s (279.8m) | step:   4449 | train acc: 0.977 | train loss: 0.071 |val acc: 0.690 (0.668, 0.724) | val eop gap: 0.0842
begin calculating influence
[Strategy 5] Acc of expected label: 0.5632746249184606
calculating influence -- done
Use 5648 samples. Get 6873 labels. Ratio: 0.8217663320238615
Files already downloaded and verified
3255 originally labeled samples, 2440 new samples, and 3060 unlabeled samples. Total: 8755
begin calculating influence
[Strategy 5] Acc of expected label: 0.68453125
calculating influence -- done
[ADD ORG DATA] Use 5648 samples. Get 13671 labels. Ratio: 0.41313729792992465
Files already downloaded and verified
3255 originally labeled samples, 5001 new samples, and 154514 unlabeled samples. Total: 162770
Epoch 7
 60.95% | time: 825.6s (293.6m) | step:   4650 | train acc: 1.000 | train loss: 0.000 |test acc: 0.686 (0.660, 0.726) | test eop gap: 0.1176
 60.95% | time:   1.4s (293.6m) | step:   4650 | train acc: 1.000 | train loss: 0.000 |val acc: 0.689 (0.666, 0.726) | val eop gap: 0.0843
begin calculating influence
[Strategy 5] Acc of expected label: 0.5326797385620915
calculating influence -- done
Use 5673 samples. Get 6879 labels. Ratio: 0.8246838203227214
Files already downloaded and verified
3255 originally labeled samples, 2465 new samples, and 3035 unlabeled samples. Total: 8755
begin calculating influence
[Strategy 5] Acc of expected label: 0.6846875
calculating influence -- done
[ADD ORG DATA] Use 5673 samples. Get 14190 labels. Ratio: 0.39978858350951374
Files already downloaded and verified
3255 originally labeled samples, 5257 new samples, and 154258 unlabeled samples. Total: 162770
 63.57% | time: 828.6s (307.4m) | step:   4850 | train acc: 0.992 | train loss: 0.026 |test acc: 0.687 (0.656, 0.736) | test eop gap: 0.1646
 63.57% | time:   1.3s (307.4m) | step:   4850 | train acc: 0.992 | train loss: 0.026 |val acc: 0.684 (0.658, 0.726) | val eop gap: 0.1601
begin calculating influence
[Strategy 5] Acc of expected label: 0.515650741350906
calculating influence -- done
Use 5831 samples. Get 7000 labels. Ratio: 0.833
Files already downloaded and verified
3255 originally labeled samples, 2625 new samples, and 2875 unlabeled samples. Total: 8755
begin calculating influence
[Strategy 5] Acc of expected label: 0.686875
calculating influence -- done
[ADD ORG DATA] Use 5831 samples. Get 14676 labels. Ratio: 0.39731534478059416
Files already downloaded and verified
3255 originally labeled samples, 5513 new samples, and 154002 unlabeled samples. Total: 162770
 66.19% | time: 834.0s (321.3m) | step:   5050 | train acc: 1.000 | train loss: 0.002 |test acc: 0.690 (0.671, 0.720) | test eop gap: 0.1085
 66.19% | time:   1.4s (321.3m) | step:   5050 | train acc: 1.000 | train loss: 0.002 |val acc: 0.702 (0.680, 0.736) | val eop gap: 0.0367
begin calculating influence
[Strategy 5] Acc of expected label: 0.5373913043478261
calculating influence -- done
Use 5847 samples. Get 7008 labels. Ratio: 0.834332191780822
Files already downloaded and verified
3255 originally labeled samples, 2641 new samples, and 2859 unlabeled samples. Total: 8755
begin calculating influence
[Strategy 5] Acc of expected label: 0.6916796875
calculating influence -- done
[ADD ORG DATA] Use 5847 samples. Get 15206 labels. Ratio: 0.38451926870971986
Files already downloaded and verified
3255 originally labeled samples, 5769 new samples, and 153746 unlabeled samples. Total: 162770
 66.65% | time: 757.8s (334.0m) | step:   5085 | train acc: 1.000 | train loss: 0.008 |test acc: 0.683 (0.674, 0.696) | test eop gap: 0.0900
 66.65% | time:   1.4s (334.0m) | step:   5085 | train acc: 1.000 | train loss: 0.008 |val acc: 0.702 (0.695, 0.712) | val eop gap: 0.0576
begin calculating influence
[Strategy 5] Acc of expected label: 0.5554389646729626
calculating influence -- done
Use 5985 samples. Get 7174 labels. Ratio: 0.8342626149986061
Files already downloaded and verified
3255 originally labeled samples, 2781 new samples, and 2719 unlabeled samples. Total: 8755
begin calculating influence
[Strategy 5] Acc of expected label: 0.68375
calculating influence -- done
[ADD ORG DATA] Use 5985 samples. Get 15832 labels. Ratio: 0.37803183425972714
Files already downloaded and verified
3255 originally labeled samples, 6025 new samples, and 153490 unlabeled samples. Total: 162770
Epoch 8
 69.29% | time: 816.1s (347.6m) | step:   5286 | train acc: 1.000 | train loss: 0.009 |test acc: 0.681 (0.647, 0.733) | test eop gap: 0.0999
 69.29% | time:   1.5s (347.6m) | step:   5286 | train acc: 1.000 | train loss: 0.009 |val acc: 0.696 (0.657, 0.758) | val eop gap: 0.0363
begin calculating influence
[Strategy 5] Acc of expected label: 0.5321809488782641
calculating influence -- done
Use 6034 samples. Get 7193 labels. Ratio: 0.8388711247045739
Files already downloaded and verified
3255 originally labeled samples, 2830 new samples, and 2670 unlabeled samples. Total: 8755
begin calculating influence
[Strategy 5] Acc of expected label: 0.6749609375
calculating influence -- done
[ADD ORG DATA] Use 6034 samples. Get 16343 labels. Ratio: 0.369210059352628
Files already downloaded and verified
3255 originally labeled samples, 6281 new samples, and 153234 unlabeled samples. Total: 162770
 71.91% | time: 825.2s (361.4m) | step:   5486 | train acc: 0.984 | train loss: 0.036 |test acc: 0.684 (0.659, 0.723) | test eop gap: 0.1073
 71.91% | time:   1.7s (361.4m) | step:   5486 | train acc: 0.984 | train loss: 0.036 |val acc: 0.694 (0.667, 0.739) | val eop gap: 0.0358
begin calculating influence
[Strategy 5] Acc of expected label: 0.5235955056179775
calculating influence -- done
Use 6096 samples. Get 7210 labels. Ratio: 0.8454923717059639
Files already downloaded and verified
3255 originally labeled samples, 2893 new samples, and 2607 unlabeled samples. Total: 8755
begin calculating influence
[Strategy 5] Acc of expected label: 0.6841015625
calculating influence -- done
[ADD ORG DATA] Use 6096 samples. Get 16796 labels. Ratio: 0.3629435579899976
Files already downloaded and verified
3255 originally labeled samples, 6537 new samples, and 152978 unlabeled samples. Total: 162770
 74.53% | time: 820.1s (375.1m) | step:   5686 | train acc: 1.000 | train loss: 0.002 |test acc: 0.691 (0.674, 0.717) | test eop gap: 0.1255
 74.53% | time:   1.5s (375.1m) | step:   5686 | train acc: 1.000 | train loss: 0.002 |val acc: 0.706 (0.683, 0.744) | val eop gap: 0.0606
begin calculating influence
[Strategy 5] Acc of expected label: 0.551975450709628
calculating influence -- done
Use 6109 samples. Get 7223 labels. Ratio: 0.8457704554894089
Files already downloaded and verified
3255 originally labeled samples, 2906 new samples, and 2594 unlabeled samples. Total: 8755
begin calculating influence
[Strategy 5] Acc of expected label: 0.69359375
calculating influence -- done
[ADD ORG DATA] Use 6109 samples. Get 17487 labels. Ratio: 0.34934522788357064
Files already downloaded and verified
3255 originally labeled samples, 6793 new samples, and 152722 unlabeled samples. Total: 162770
 74.99% | time: 753.7s (387.6m) | step:   5721 | train acc: 0.996 | train loss: 0.015 |test acc: 0.689 (0.671, 0.717) | test eop gap: 0.1277
 74.99% | time:   1.5s (387.7m) | step:   5721 | train acc: 0.996 | train loss: 0.015 |val acc: 0.707 (0.676, 0.755) | val eop gap: 0.0470
begin calculating influence
[Strategy 5] Acc of expected label: 0.525828835774865
calculating influence -- done
Use 6136 samples. Get 7241 labels. Ratio: 0.8473967684021544
Files already downloaded and verified
3255 originally labeled samples, 2933 new samples, and 2567 unlabeled samples. Total: 8755
begin calculating influence
[Strategy 5] Acc of expected label: 0.689296875
calculating influence -- done
[ADD ORG DATA] Use 6136 samples. Get 18067 labels. Ratio: 0.33962473017103006
Files already downloaded and verified
3255 originally labeled samples, 7049 new samples, and 152466 unlabeled samples. Total: 162770
Epoch 9
 77.62% | time: 821.4s (401.4m) | step:   5922 | train acc: 1.000 | train loss: 0.001 |test acc: 0.681 (0.664, 0.707) | test eop gap: 0.0938
 77.62% | time:   1.5s (401.4m) | step:   5922 | train acc: 1.000 | train loss: 0.001 |val acc: 0.696 (0.661, 0.749) | val eop gap: 0.0428
begin calculating influence
[Strategy 5] Acc of expected label: 0.5457732761978964
calculating influence -- done
Use 6167 samples. Get 7274 labels. Ratio: 0.8478141325268078
Files already downloaded and verified
3255 originally labeled samples, 2964 new samples, and 2536 unlabeled samples. Total: 8755
begin calculating influence
[Strategy 5] Acc of expected label: 0.6802734375
calculating influence -- done
[ADD ORG DATA] Use 6167 samples. Get 18559 labels. Ratio: 0.33229161053936096
Files already downloaded and verified
3255 originally labeled samples, 7305 new samples, and 152210 unlabeled samples. Total: 162770
 80.25% | time: 811.4s (414.9m) | step:   6122 | train acc: 1.000 | train loss: 0.000 |test acc: 0.679 (0.650, 0.726) | test eop gap: 0.0969
 80.25% | time:   1.3s (414.9m) | step:   6122 | train acc: 1.000 | train loss: 0.000 |val acc: 0.683 (0.644, 0.745) | val eop gap: 0.0669
begin calculating influence
[Strategy 5] Acc of expected label: 0.5382492113564669
calculating influence -- done
Use 6349 samples. Get 7346 labels. Ratio: 0.8642798802069154
Files already downloaded and verified
3255 originally labeled samples, 3150 new samples, and 2350 unlabeled samples. Total: 8755
begin calculating influence
[Strategy 5] Acc of expected label: 0.6784375
calculating influence -- done
[ADD ORG DATA] Use 6349 samples. Get 19053 labels. Ratio: 0.33322836298745606
Files already downloaded and verified
3255 originally labeled samples, 7561 new samples, and 151954 unlabeled samples. Total: 162770
 82.87% | time: 810.3s (428.4m) | step:   6322 | train acc: 0.996 | train loss: 0.014 |test acc: 0.685 (0.654, 0.732) | test eop gap: 0.1208
 82.87% | time:   1.4s (428.5m) | step:   6322 | train acc: 0.996 | train loss: 0.014 |val acc: 0.701 (0.667, 0.754) | val eop gap: 0.0625
begin calculating influence
[Strategy 5] Acc of expected label: 0.5340425531914894
calculating influence -- done
Use 6392 samples. Get 7361 labels. Ratio: 0.8683602771362586
Files already downloaded and verified
3255 originally labeled samples, 3193 new samples, and 2307 unlabeled samples. Total: 8755
begin calculating influence
[Strategy 5] Acc of expected label: 0.684296875
calculating influence -- done
[ADD ORG DATA] Use 6392 samples. Get 19517 labels. Ratio: 0.32750935082236
Files already downloaded and verified
3255 originally labeled samples, 7817 new samples, and 151698 unlabeled samples. Total: 162770
 83.33% | time: 746.4s (440.9m) | step:   6357 | train acc: 0.996 | train loss: 0.014 |test acc: 0.688 (0.671, 0.715) | test eop gap: 0.1312
 83.33% | time:   1.3s (440.9m) | step:   6357 | train acc: 0.996 | train loss: 0.014 |val acc: 0.697 (0.666, 0.745) | val eop gap: 0.0712
begin calculating influence
[Strategy 5] Acc of expected label: 0.5444299956653663
calculating influence -- done
Use 6430 samples. Get 7388 labels. Ratio: 0.8703302652950731
Files already downloaded and verified
3255 originally labeled samples, 3233 new samples, and 2267 unlabeled samples. Total: 8755
begin calculating influence
[Strategy 5] Acc of expected label: 0.6853125
calculating influence -- done
[ADD ORG DATA] Use 6430 samples. Get 20096 labels. Ratio: 0.3199641719745223
Files already downloaded and verified
3255 originally labeled samples, 8073 new samples, and 151442 unlabeled samples. Total: 162770
Epoch 10
 85.96% | time: 797.9s (454.2m) | step:   6558 | train acc: 1.000 | train loss: 0.000 |test acc: 0.695 (0.669, 0.738) | test eop gap: 0.1277
 85.96% | time:   1.4s (454.2m) | step:   6558 | train acc: 1.000 | train loss: 0.000 |val acc: 0.710 (0.678, 0.757) | val eop gap: 0.0839
begin calculating influence
calculating influence -- done
length of new labels 38
Use 6430+38 = 6468 samples.
Files already downloaded and verified
3255 originally labeled samples, 3271 new samples, and 2229 unlabeled samples. Total: 8755
begin calculating influence
[Strategy 5] Acc of expected label: 0.6960546875
calculating influence -- done
[ADD ORG DATA] Use 6468 samples. Get 20667 labels. Ratio: 0.31296269415009437
Files already downloaded and verified
3255 originally labeled samples, 8329 new samples, and 151186 unlabeled samples. Total: 162770
 88.58% | time: 800.2s (467.6m) | step:   6758 | train acc: 1.000 | train loss: 0.001 |test acc: 0.674 (0.649, 0.715) | test eop gap: 0.1286
 88.58% | time:   1.5s (467.6m) | step:   6758 | train acc: 1.000 | train loss: 0.001 |val acc: 0.695 (0.660, 0.751) | val eop gap: 0.0304
begin calculating influence
calculating influence -- done
length of new labels 174
Use 6425+174 = 6599 samples.
Files already downloaded and verified
3255 originally labeled samples, 3407 new samples, and 2093 unlabeled samples. Total: 8755
begin calculating influence
[Strategy 5] Acc of expected label: 0.675859375
calculating influence -- done
[ADD ORG DATA] Use 6599 samples. Get 21052 labels. Ratio: 0.3134619038571157
Files already downloaded and verified
3255 originally labeled samples, 8585 new samples, and 150930 unlabeled samples. Total: 162770
 91.20% | time: 804.3s (481.0m) | step:   6958 | train acc: 1.000 | train loss: 0.002 |test acc: 0.690 (0.670, 0.722) | test eop gap: 0.1319
 91.20% | time:   1.5s (481.0m) | step:   6958 | train acc: 1.000 | train loss: 0.002 |val acc: 0.699 (0.679, 0.729) | val eop gap: 0.1152
begin calculating influence
calculating influence -- done
length of new labels 192
Use 6425+192 = 6617 samples.
Files already downloaded and verified
3255 originally labeled samples, 3425 new samples, and 2075 unlabeled samples. Total: 8755
begin calculating influence
[Strategy 5] Acc of expected label: 0.693203125
calculating influence -- done
[ADD ORG DATA] Use 6617 samples. Get 21570 labels. Ratio: 0.3067686601761706
Files already downloaded and verified
3255 originally labeled samples, 8841 new samples, and 150674 unlabeled samples. Total: 162770
 91.66% | time: 752.6s (493.6m) | step:   6993 | train acc: 0.996 | train loss: 0.018 |test acc: 0.676 (0.633, 0.744) | test eop gap: 0.1294
 91.66% | time:   1.5s (493.6m) | step:   6993 | train acc: 0.996 | train loss: 0.018 |val acc: 0.674 (0.632, 0.740) | val eop gap: 0.0865
begin calculating influence
[Strategy 5] Acc of expected label: 0.5730120481927711
calculating influence -- done
Use 6686 samples. Get 7403 labels. Ratio: 0.9031473726867486
Files already downloaded and verified
3255 originally labeled samples, 3494 new samples, and 2006 unlabeled samples. Total: 8755
begin calculating influence
[Strategy 5] Acc of expected label: 0.6751171875
calculating influence -- done
[ADD ORG DATA] Use 6686 samples. Get 22074 labels. Ratio: 0.30289027815529584
Files already downloaded and verified
3255 originally labeled samples, 9097 new samples, and 150418 unlabeled samples. Total: 162770
Epoch 11
 94.30% | time: 805.3s (507.0m) | step:   7194 | train acc: 1.000 | train loss: 0.005 |test acc: 0.697 (0.675, 0.734) | test eop gap: 0.1302
 94.30% | time:   1.5s (507.1m) | step:   7194 | train acc: 1.000 | train loss: 0.005 |val acc: 0.704 (0.669, 0.761) | val eop gap: 0.0054
begin calculating influence
calculating influence -- done
length of new labels 448
Use 6486+448 = 6934 samples.
Files already downloaded and verified
3255 originally labeled samples, 3750 new samples, and 1750 unlabeled samples. Total: 8755
begin calculating influence
[Strategy 5] Acc of expected label: 0.6932421875
calculating influence -- done
[ADD ORG DATA] Use 6934 samples. Get 22590 labels. Ratio: 0.3069499778663125
Files already downloaded and verified
3255 originally labeled samples, 9353 new samples, and 150162 unlabeled samples. Total: 162770
 96.92% | time: 784.0s (520.1m) | step:   7394 | train acc: 0.996 | train loss: 0.017 |test acc: 0.686 (0.664, 0.719) | test eop gap: 0.1207
 96.92% | time:   1.4s (520.1m) | step:   7394 | train acc: 0.996 | train loss: 0.017 |val acc: 0.686 (0.643, 0.755) | val eop gap: 0.0495
begin calculating influence
calculating influence -- done
length of new labels 530
Use 6485+530 = 7015 samples.
Files already downloaded and verified
3255 originally labeled samples, 3832 new samples, and 1668 unlabeled samples. Total: 8755
begin calculating influence
[Strategy 5] Acc of expected label: 0.6848046875
calculating influence -- done
[ADD ORG DATA] Use 7015 samples. Get 23007 labels. Ratio: 0.3049072021558656
Files already downloaded and verified
3255 originally labeled samples, 9609 new samples, and 149906 unlabeled samples. Total: 162770
 99.54% | time: 792.1s (533.3m) | step:   7594 | train acc: 1.000 | train loss: 0.000 |test acc: 0.690 (0.670, 0.721) | test eop gap: 0.1132
 99.54% | time:   1.4s (533.4m) | step:   7594 | train acc: 1.000 | train loss: 0.000 |val acc: 0.687 (0.653, 0.738) | val eop gap: 0.0396
begin calculating influence
calculating influence -- done
length of new labels 592
Use 6484+592 = 7076 samples.
Files already downloaded and verified
3255 originally labeled samples, 3894 new samples, and 1606 unlabeled samples. Total: 8755
begin calculating influence
[Strategy 5] Acc of expected label: 0.6966796875
calculating influence -- done
[ADD ORG DATA] Use 7076 samples. Get 23546 labels. Ratio: 0.3005181347150259
Files already downloaded and verified
3255 originally labeled samples, 9865 new samples, and 149650 unlabeled samples. Total: 162770
100.00% | time: 734.1s (545.6m) | step:   7629 | train acc: 0.996 | train loss: 0.006 |test acc: 0.693 (0.665, 0.737) | test eop gap: 0.1218
100.00% | time:   1.4s (545.6m) | step:   7629 | train acc: 0.996 | train loss: 0.006 |val acc: 0.704 (0.674, 0.751) | val eop gap: 0.0665
begin calculating influence
calculating influence -- done
length of new labels 614
Use 6483+614 = 7097 samples.
Files already downloaded and verified
3255 originally labeled samples, 3916 new samples, and 1584 unlabeled samples. Total: 8755
begin calculating influence
[Strategy 5] Acc of expected label: 0.6928125
calculating influence -- done
[ADD ORG DATA] Use 7097 samples. Get 23988 labels. Ratio: 0.29585626146406535
Files already downloaded and verified
3255 originally labeled samples, 10121 new samples, and 149394 unlabeled samples. Total: 162770
