Files already downloaded and verified
3255 originally labeled samples, 0 new samples, and 5500 unlabeled samples. Total: 8755
Files already downloaded and verified
3255 originally labeled samples, 0 new samples, and 159515 unlabeled samples. Total: 162770
Files already downloaded and verified
1996 originally labeled samples, 0 new samples, and 17966 unlabeled samples. Total: 19962
Numer of layers 200
train net...
train with 162770 samples (with replacement) in one epoch
Epoch 0
  2.62% | time:  99.5s (  1.7m) | step:    200 | train acc: 0.930 | train loss: 0.166 |warm_t acc: 0.681 (0.694, 0.661) | warm_t dp gap: 0.4018
  2.62% | time:   5.7s (  1.8m) | step:    200 | train acc: 0.930 | train loss: 0.166 |warm_v acc: 0.692 (0.704, 0.671) | warm_v dp gap: 0.3936
  5.24% | time:  81.5s (  3.1m) | step:    400 | train acc: 0.793 | train loss: 0.470 |warm_t acc: 0.666 (0.703, 0.605) | warm_t dp gap: 0.3363
  5.24% | time:   1.4s (  3.1m) | step:    400 | train acc: 0.793 | train loss: 0.470 |warm_v acc: 0.661 (0.690, 0.616) | warm_v dp gap: 0.3225
  7.86% | time:  86.9s (  4.6m) | step:    600 | train acc: 1.000 | train loss: 0.006 |warm_t acc: 0.695 (0.677, 0.724) | warm_t dp gap: 0.3869
  7.86% | time:   1.1s (  4.6m) | step:    600 | train acc: 1.000 | train loss: 0.006 |warm_v acc: 0.698 (0.691, 0.710) | warm_v dp gap: 0.3941
  8.32% | time:  24.1s (  5.0m) | step:    635 | train acc: 1.000 | train loss: 0.003 |warm_t acc: 0.695 (0.683, 0.715) | warm_t dp gap: 0.3887
  8.32% | time:   4.2s (  5.1m) | step:    635 | train acc: 1.000 | train loss: 0.003 |warm_v acc: 0.698 (0.683, 0.721) | warm_v dp gap: 0.3737
Epoch 1
 10.95% | time:  89.7s (  6.6m) | step:    835 | train acc: 1.000 | train loss: 0.000 |warm_t acc: 0.694 (0.682, 0.711) | warm_t dp gap: 0.3948
 10.95% | time:   1.5s (  6.6m) | step:    835 | train acc: 1.000 | train loss: 0.000 |warm_v acc: 0.695 (0.692, 0.699) | warm_v dp gap: 0.3714
 13.57% | time:  83.6s (  8.0m) | step:   1035 | train acc: 1.000 | train loss: 0.000 |warm_t acc: 0.694 (0.682, 0.713) | warm_t dp gap: 0.3954
 13.57% | time:   1.4s (  8.0m) | step:   1035 | train acc: 1.000 | train loss: 0.000 |warm_v acc: 0.689 (0.681, 0.701) | warm_v dp gap: 0.3953
 16.19% | time:  84.3s (  9.4m) | step:   1235 | train acc: 1.000 | train loss: 0.000 |warm_t acc: 0.694 (0.683, 0.712) | warm_t dp gap: 0.3953
 16.19% | time:   1.1s (  9.4m) | step:   1235 | train acc: 1.000 | train loss: 0.000 |warm_v acc: 0.684 (0.674, 0.699) | warm_v dp gap: 0.3714
 16.65% | time:  21.6s (  9.8m) | step:   1270 | train acc: 1.000 | train loss: 0.000 |warm_t acc: 0.694 (0.683, 0.712) | warm_t dp gap: 0.3956
 16.65% | time:   2.3s (  9.8m) | step:   1270 | train acc: 1.000 | train loss: 0.000 |warm_v acc: 0.694 (0.692, 0.697) | warm_v dp gap: 0.3768
Epoch 2
 19.28% | time:  85.0s ( 11.2m) | step:   1471 | train acc: 1.000 | train loss: 0.000 |test acc: 0.694 (0.682, 0.713) | test dp gap: 0.3955
 19.28% | time:   1.5s ( 11.3m) | step:   1471 | train acc: 1.000 | train loss: 0.000 |val acc: 0.702 (0.701, 0.704) | val dp gap: 0.3947
begin calculating influence
selected layers: [Traced<ShapedArray(float32[768])>with<DynamicJaxprTrace(level=0/1)>, Traced<ShapedArray(float32[8,8,3,768])>with<DynamicJaxprTrace(level=0/1)>, Traced<ShapedArray(float32[2])>with<DynamicJaxprTrace(level=0/1)>, Traced<ShapedArray(float32[768,2])>with<DynamicJaxprTrace(level=0/1)>]
[Strategy 5] Acc of expected label: 0.766
calculating influence -- done
Use 3506 samples. Get 3542 labels. Ratio: 0.9898362507058159
Files already downloaded and verified
3255 originally labeled samples, 256 new samples, and 5244 unlabeled samples. Total: 8755
begin calculating influence
[Strategy 5] Acc of expected label: 0.7059375
calculating influence -- done
[ADD ORG DATA] Use 3506 samples. Get 3842 labels. Ratio: 0.9125455491931286
Files already downloaded and verified
3255 originally labeled samples, 256 new samples, and 159259 unlabeled samples. Total: 162770
 21.90% | time: 950.0s ( 27.1m) | step:   1671 | train acc: 0.648 | train loss: 0.727 |test acc: 0.597 (0.494, 0.762) | test dp gap: 0.1381
 21.90% | time:   1.7s ( 27.1m) | step:   1671 | train acc: 0.648 | train loss: 0.727 |val acc: 0.579 (0.491, 0.724) | val dp gap: 0.1018
begin calculating influence
[Strategy 5] Acc of expected label: 0.852974828375286
calculating influence -- done
Use 3655 samples. Get 3715 labels. Ratio: 0.9838492597577388
Files already downloaded and verified
3255 originally labeled samples, 407 new samples, and 5093 unlabeled samples. Total: 8755
begin calculating influence
[Strategy 5] Acc of expected label: 0.59859375
calculating influence -- done
[ADD ORG DATA] Use 3655 samples. Get 4346 labels. Ratio: 0.8410032213529682
Files already downloaded and verified
3255 originally labeled samples, 512 new samples, and 159003 unlabeled samples. Total: 162770
 24.52% | time: 889.6s ( 42.0m) | step:   1871 | train acc: 0.996 | train loss: 0.011 |test acc: 0.687 (0.661, 0.728) | test dp gap: 0.3800
 24.52% | time:   2.6s ( 42.0m) | step:   1871 | train acc: 0.996 | train loss: 0.011 |val acc: 0.681 (0.643, 0.739) | val dp gap: 0.3783
begin calculating influence
[Strategy 5] Acc of expected label: 0.8584331435303357
calculating influence -- done
Use 3677 samples. Get 3797 labels. Ratio: 0.9683961021859363
Files already downloaded and verified
3255 originally labeled samples, 429 new samples, and 5071 unlabeled samples. Total: 8755
begin calculating influence
[Strategy 5] Acc of expected label: 0.6976953125
calculating influence -- done
[ADD ORG DATA] Use 3677 samples. Get 4809 labels. Ratio: 0.7646080266167602
Files already downloaded and verified
3255 originally labeled samples, 768 new samples, and 158747 unlabeled samples. Total: 162770
 24.98% | time: 833.2s ( 55.9m) | step:   1906 | train acc: 1.000 | train loss: 0.009 |test acc: 0.686 (0.663, 0.723) | test dp gap: 0.3841
 24.98% | time:   1.3s ( 55.9m) | step:   1906 | train acc: 1.000 | train loss: 0.009 |val acc: 0.697 (0.676, 0.730) | val dp gap: 0.3807
begin calculating influence
[Strategy 5] Acc of expected label: 0.8446065864720962
calculating influence -- done
Use 3692 samples. Get 3829 labels. Ratio: 0.9642204230869679
Files already downloaded and verified
3255 originally labeled samples, 444 new samples, and 5056 unlabeled samples. Total: 8755
begin calculating influence
[Strategy 5] Acc of expected label: 0.6946484375
calculating influence -- done
[ADD ORG DATA] Use 3692 samples. Get 5344 labels. Ratio: 0.6908682634730539
Files already downloaded and verified
3255 originally labeled samples, 1024 new samples, and 158491 unlabeled samples. Total: 162770
Epoch 3
 27.62% | time: 897.1s ( 70.9m) | step:   2107 | train acc: 1.000 | train loss: 0.008 |test acc: 0.689 (0.670, 0.721) | test dp gap: 0.3655
 27.62% | time:   1.7s ( 70.9m) | step:   2107 | train acc: 1.000 | train loss: 0.008 |val acc: 0.691 (0.666, 0.728) | val dp gap: 0.3390
begin calculating influence
[Strategy 5] Acc of expected label: 0.8415743670886076
calculating influence -- done
Use 3744 samples. Get 3894 labels. Ratio: 0.9614791987673343
Files already downloaded and verified
3255 originally labeled samples, 497 new samples, and 5003 unlabeled samples. Total: 8755
begin calculating influence
[Strategy 5] Acc of expected label: 0.7053125
calculating influence -- done
[ADD ORG DATA] Use 3744 samples. Get 5990 labels. Ratio: 0.6250417362270451
Files already downloaded and verified
3255 originally labeled samples, 1280 new samples, and 158235 unlabeled samples. Total: 162770
 30.24% | time: 886.8s ( 85.7m) | step:   2307 | train acc: 0.996 | train loss: 0.017 |test acc: 0.674 (0.638, 0.730) | test dp gap: 0.3117
 30.24% | time:   1.3s ( 85.7m) | step:   2307 | train acc: 0.996 | train loss: 0.017 |val acc: 0.704 (0.671, 0.758) | val dp gap: 0.3189
begin calculating influence
[Strategy 5] Acc of expected label: 0.8362982210673596
calculating influence -- done
Use 3801 samples. Get 3978 labels. Ratio: 0.9555052790346908
Files already downloaded and verified
3255 originally labeled samples, 555 new samples, and 4945 unlabeled samples. Total: 8755
begin calculating influence
[Strategy 5] Acc of expected label: 0.6827734375
calculating influence -- done
[ADD ORG DATA] Use 3801 samples. Get 6529 labels. Ratio: 0.5821718486751417
Files already downloaded and verified
3255 originally labeled samples, 1536 new samples, and 157979 unlabeled samples. Total: 162770
 32.86% | time: 888.0s (100.5m) | step:   2507 | train acc: 1.000 | train loss: 0.002 |test acc: 0.669 (0.633, 0.726) | test dp gap: 0.3043
 32.86% | time:   1.4s (100.5m) | step:   2507 | train acc: 1.000 | train loss: 0.002 |val acc: 0.678 (0.633, 0.745) | val dp gap: 0.2567
begin calculating influence
[Strategy 5] Acc of expected label: 0.8546006066734075
calculating influence -- done
Use 3827 samples. Get 4015 labels. Ratio: 0.9531755915317559
Files already downloaded and verified
3255 originally labeled samples, 582 new samples, and 4918 unlabeled samples. Total: 8755
begin calculating influence
[Strategy 5] Acc of expected label: 0.6753515625
calculating influence -- done
[ADD ORG DATA] Use 3827 samples. Get 6828 labels. Ratio: 0.5604862331575864
Files already downloaded and verified
3255 originally labeled samples, 1660 new samples, and 157855 unlabeled samples. Total: 162770
 33.32% | time: 826.8s (114.3m) | step:   2542 | train acc: 1.000 | train loss: 0.002 |test acc: 0.627 (0.589, 0.686) | test dp gap: 0.2195
 33.32% | time:   1.5s (114.3m) | step:   2542 | train acc: 1.000 | train loss: 0.002 |val acc: 0.642 (0.614, 0.685) | val dp gap: 0.2116
begin calculating influence
[Strategy 5] Acc of expected label: 0.8594957299715331
calculating influence -- done
Use 3868 samples. Get 4095 labels. Ratio: 0.9445665445665445
Files already downloaded and verified
3255 originally labeled samples, 623 new samples, and 4877 unlabeled samples. Total: 8755
begin calculating influence
[Strategy 5] Acc of expected label: 0.63484375
calculating influence -- done
[ADD ORG DATA] Use 3868 samples. Get 7366 labels. Ratio: 0.5251153950583763
Files already downloaded and verified
3255 originally labeled samples, 1916 new samples, and 157599 unlabeled samples. Total: 162770
Epoch 4
 35.95% | time: 891.9s (129.2m) | step:   2743 | train acc: 1.000 | train loss: 0.000 |test acc: 0.641 (0.586, 0.729) | test dp gap: 0.2384
 35.95% | time:   1.5s (129.2m) | step:   2743 | train acc: 1.000 | train loss: 0.000 |val acc: 0.646 (0.596, 0.721) | val dp gap: 0.1908
begin calculating influence
[Strategy 5] Acc of expected label: 0.8579044494566331
calculating influence -- done
Use 3884 samples. Get 4138 labels. Ratio: 0.9386176897051716
Files already downloaded and verified
3255 originally labeled samples, 639 new samples, and 4861 unlabeled samples. Total: 8755
begin calculating influence
[Strategy 5] Acc of expected label: 0.645546875
calculating influence -- done
[ADD ORG DATA] Use 3884 samples. Get 7818 labels. Ratio: 0.49680225121514454
Files already downloaded and verified
3255 originally labeled samples, 2172 new samples, and 157343 unlabeled samples. Total: 162770
 38.58% | time: 880.2s (143.9m) | step:   2943 | train acc: 1.000 | train loss: 0.000 |test acc: 0.671 (0.642, 0.717) | test dp gap: 0.2983
 38.58% | time:   1.4s (143.9m) | step:   2943 | train acc: 1.000 | train loss: 0.000 |val acc: 0.663 (0.630, 0.716) | val dp gap: 0.2697
begin calculating influence
[Strategy 5] Acc of expected label: 0.8487965439210039
calculating influence -- done
Use 3917 samples. Get 4178 labels. Ratio: 0.9375299186213499
Files already downloaded and verified
3255 originally labeled samples, 672 new samples, and 4828 unlabeled samples. Total: 8755
begin calculating influence
[Strategy 5] Acc of expected label: 0.6758984375
calculating influence -- done
[ADD ORG DATA] Use 3917 samples. Get 8404 labels. Ratio: 0.4660875773441219
Files already downloaded and verified
3255 originally labeled samples, 2428 new samples, and 157087 unlabeled samples. Total: 162770
 41.20% | time: 892.9s (158.8m) | step:   3143 | train acc: 1.000 | train loss: 0.000 |test acc: 0.665 (0.639, 0.706) | test dp gap: 0.2944
 41.20% | time:   1.5s (158.8m) | step:   3143 | train acc: 1.000 | train loss: 0.000 |val acc: 0.691 (0.662, 0.736) | val dp gap: 0.2828
begin calculating influence
[Strategy 5] Acc of expected label: 0.8458989229494615
calculating influence -- done
Use 4170 samples. Get 4467 labels. Ratio: 0.9335124244459369
Files already downloaded and verified
3255 originally labeled samples, 928 new samples, and 4572 unlabeled samples. Total: 8755
begin calculating influence
[Strategy 5] Acc of expected label: 0.676640625
calculating influence -- done
[ADD ORG DATA] Use 4170 samples. Get 8984 labels. Ratio: 0.4641585040071238
Files already downloaded and verified
3255 originally labeled samples, 2684 new samples, and 156831 unlabeled samples. Total: 162770
 41.66% | time: 823.2s (172.5m) | step:   3178 | train acc: 1.000 | train loss: 0.001 |test acc: 0.666 (0.639, 0.710) | test dp gap: 0.3032
 41.66% | time:   1.4s (172.6m) | step:   3178 | train acc: 1.000 | train loss: 0.001 |val acc: 0.676 (0.646, 0.724) | val dp gap: 0.2404
begin calculating influence
[Strategy 5] Acc of expected label: 0.8597987751531059
calculating influence -- done
Use 4184 samples. Get 4479 labels. Ratio: 0.9341370841705738
Files already downloaded and verified
3255 originally labeled samples, 943 new samples, and 4557 unlabeled samples. Total: 8755
begin calculating influence
[Strategy 5] Acc of expected label: 0.679609375
calculating influence -- done
[ADD ORG DATA] Use 4184 samples. Get 9542 labels. Ratio: 0.4384824984280025
Files already downloaded and verified
3255 originally labeled samples, 2940 new samples, and 156575 unlabeled samples. Total: 162770
Epoch 5
 44.29% | time: 865.0s (187.0m) | step:   3379 | train acc: 1.000 | train loss: 0.000 |test acc: 0.668 (0.637, 0.717) | test dp gap: 0.2805
 44.29% | time:   1.4s (187.0m) | step:   3379 | train acc: 1.000 | train loss: 0.000 |val acc: 0.680 (0.648, 0.732) | val dp gap: 0.2718
begin calculating influence
[Strategy 5] Acc of expected label: 0.8635066929997806
calculating influence -- done
Use 4211 samples. Get 4504 labels. Ratio: 0.9349467140319716
Files already downloaded and verified
3255 originally labeled samples, 970 new samples, and 4530 unlabeled samples. Total: 8755
begin calculating influence
[Strategy 5] Acc of expected label: 0.6773828125
calculating influence -- done
[ADD ORG DATA] Use 4211 samples. Get 9800 labels. Ratio: 0.4296938775510204
Files already downloaded and verified
3255 originally labeled samples, 3090 new samples, and 156425 unlabeled samples. Total: 162770
 46.91% | time: 862.7s (201.4m) | step:   3579 | train acc: 1.000 | train loss: 0.000 |test acc: 0.664 (0.644, 0.696) | test dp gap: 0.2979
 46.91% | time:   1.4s (201.4m) | step:   3579 | train acc: 1.000 | train loss: 0.000 |val acc: 0.671 (0.654, 0.699) | val dp gap: 0.2743
begin calculating influence
[Strategy 5] Acc of expected label: 0.8624724061810155
calculating influence -- done
Use 4294 samples. Get 4586 labels. Ratio: 0.9363279546445704
Files already downloaded and verified
3255 originally labeled samples, 1057 new samples, and 4443 unlabeled samples. Total: 8755
begin calculating influence
[Strategy 5] Acc of expected label: 0.676953125
calculating influence -- done
[ADD ORG DATA] Use 4294 samples. Get 10348 labels. Ratio: 0.41495941244684964
Files already downloaded and verified
3255 originally labeled samples, 3346 new samples, and 156169 unlabeled samples. Total: 162770
 49.53% | time: 871.7s (215.9m) | step:   3779 | train acc: 0.988 | train loss: 0.019 |test acc: 0.672 (0.640, 0.722) | test dp gap: 0.3056
 49.53% | time:   2.4s (216.0m) | step:   3779 | train acc: 0.988 | train loss: 0.019 |val acc: 0.684 (0.670, 0.705) | val dp gap: 0.2535
begin calculating influence
[Strategy 5] Acc of expected label: 0.8622552329507089
calculating influence -- done
Use 4363 samples. Get 4650 labels. Ratio: 0.9382795698924731
Files already downloaded and verified
3255 originally labeled samples, 1127 new samples, and 4373 unlabeled samples. Total: 8755
begin calculating influence
[Strategy 5] Acc of expected label: 0.6838671875
calculating influence -- done
[ADD ORG DATA] Use 4363 samples. Get 10809 labels. Ratio: 0.40364511055601815
Files already downloaded and verified
3255 originally labeled samples, 3602 new samples, and 155913 unlabeled samples. Total: 162770
 49.99% | time: 819.6s (229.6m) | step:   3814 | train acc: 1.000 | train loss: 0.002 |test acc: 0.666 (0.638, 0.710) | test dp gap: 0.2868
 49.99% | time:   1.5s (229.6m) | step:   3814 | train acc: 1.000 | train loss: 0.002 |val acc: 0.678 (0.647, 0.730) | val dp gap: 0.2855
begin calculating influence
[Strategy 5] Acc of expected label: 0.8614223645094901
calculating influence -- done
Use 4374 samples. Get 4662 labels. Ratio: 0.9382239382239382
Files already downloaded and verified
3255 originally labeled samples, 1138 new samples, and 4362 unlabeled samples. Total: 8755
begin calculating influence
[Strategy 5] Acc of expected label: 0.678046875
calculating influence -- done
[ADD ORG DATA] Use 4374 samples. Get 11147 labels. Ratio: 0.39239257199246436
Files already downloaded and verified
3255 originally labeled samples, 3788 new samples, and 155727 unlabeled samples. Total: 162770
Epoch 6
 52.62% | time: 863.6s (244.0m) | step:   4014 | train acc: 1.000 | train loss: 0.000 |test acc: 0.669 (0.636, 0.723) | test dp gap: 0.3062
 52.62% | time:   1.5s (244.1m) | step:   4014 | train acc: 1.000 | train loss: 0.000 |val acc: 0.690 (0.653, 0.747) | val dp gap: 0.2542
begin calculating influence
[Strategy 5] Acc of expected label: 0.8622191655204035
calculating influence -- done
Use 4399 samples. Get 4678 labels. Ratio: 0.940359127832407
Files already downloaded and verified
3255 originally labeled samples, 1164 new samples, and 4336 unlabeled samples. Total: 8755
begin calculating influence
[Strategy 5] Acc of expected label: 0.679375
calculating influence -- done
[ADD ORG DATA] Use 4399 samples. Get 11479 labels. Ratio: 0.38322153497691436
Files already downloaded and verified
3255 originally labeled samples, 3970 new samples, and 155545 unlabeled samples. Total: 162770
 55.24% | time: 874.8s (258.6m) | step:   4214 | train acc: 1.000 | train loss: 0.003 |test acc: 0.666 (0.626, 0.728) | test dp gap: 0.2896
 55.24% | time:   1.4s (258.7m) | step:   4214 | train acc: 1.000 | train loss: 0.003 |val acc: 0.679 (0.653, 0.720) | val dp gap: 0.2679
begin calculating influence
[Strategy 5] Acc of expected label: 0.8630073800738007
calculating influence -- done
Use 4403 samples. Get 4682 labels. Ratio: 0.9404100811618966
Files already downloaded and verified
3255 originally labeled samples, 1168 new samples, and 4332 unlabeled samples. Total: 8755
begin calculating influence
[Strategy 5] Acc of expected label: 0.6721875
calculating influence -- done
[ADD ORG DATA] Use 4403 samples. Get 12007 labels. Ratio: 0.3667027567252436
Files already downloaded and verified
3255 originally labeled samples, 4226 new samples, and 155289 unlabeled samples. Total: 162770
 57.86% | time: 864.1s (273.1m) | step:   4414 | train acc: 0.992 | train loss: 0.019 |test acc: 0.670 (0.644, 0.712) | test dp gap: 0.2970
 57.86% | time:   1.5s (273.1m) | step:   4414 | train acc: 0.992 | train loss: 0.019 |val acc: 0.691 (0.669, 0.725) | val dp gap: 0.2553
begin calculating influence
[Strategy 5] Acc of expected label: 0.865881809787627
calculating influence -- done
Use 4406 samples. Get 4690 labels. Ratio: 0.9394456289978678
Files already downloaded and verified
3255 originally labeled samples, 1171 new samples, and 4329 unlabeled samples. Total: 8755
begin calculating influence
[Strategy 5] Acc of expected label: 0.679140625
calculating influence -- done
[ADD ORG DATA] Use 4406 samples. Get 12601 labels. Ratio: 0.3496547893024363
Files already downloaded and verified
3255 originally labeled samples, 4482 new samples, and 155033 unlabeled samples. Total: 162770
 58.32% | time: 805.6s (286.5m) | step:   4449 | train acc: 0.977 | train loss: 0.073 |test acc: 0.656 (0.618, 0.716) | test dp gap: 0.2485
 58.32% | time:   1.4s (286.5m) | step:   4449 | train acc: 0.977 | train loss: 0.073 |val acc: 0.676 (0.641, 0.730) | val dp gap: 0.2027
begin calculating influence
[Strategy 5] Acc of expected label: 0.8674058674058674
calculating influence -- done
Use 4410 samples. Get 4696 labels. Ratio: 0.9390971039182283
Files already downloaded and verified
3255 originally labeled samples, 1176 new samples, and 4324 unlabeled samples. Total: 8755
begin calculating influence
[Strategy 5] Acc of expected label: 0.6606640625
calculating influence -- done
[ADD ORG DATA] Use 4410 samples. Get 13178 labels. Ratio: 0.33464865685232964
Files already downloaded and verified
3255 originally labeled samples, 4738 new samples, and 154777 unlabeled samples. Total: 162770
Epoch 7
 60.95% | time: 860.0s (300.9m) | step:   4650 | train acc: 1.000 | train loss: 0.000 |test acc: 0.660 (0.631, 0.707) | test dp gap: 0.2641
 60.95% | time:   1.6s (300.9m) | step:   4650 | train acc: 1.000 | train loss: 0.000 |val acc: 0.688 (0.653, 0.741) | val dp gap: 0.2295
begin calculating influence
[Strategy 5] Acc of expected label: 0.8642460684551342
calculating influence -- done
Use 4427 samples. Get 4711 labels. Ratio: 0.9397155593292295
Files already downloaded and verified
3255 originally labeled samples, 1193 new samples, and 4307 unlabeled samples. Total: 8755
begin calculating influence
[Strategy 5] Acc of expected label: 0.6759765625
calculating influence -- done
[ADD ORG DATA] Use 4427 samples. Get 13695 labels. Ratio: 0.32325666301569916
Files already downloaded and verified
3255 originally labeled samples, 4994 new samples, and 154521 unlabeled samples. Total: 162770
 63.57% | time: 847.3s (315.0m) | step:   4850 | train acc: 1.000 | train loss: 0.000 |test acc: 0.654 (0.626, 0.698) | test dp gap: 0.2710
 63.57% | time:   1.4s (315.1m) | step:   4850 | train acc: 1.000 | train loss: 0.000 |val acc: 0.679 (0.646, 0.733) | val dp gap: 0.2292
begin calculating influence
[Strategy 5] Acc of expected label: 0.8655676805200836
calculating influence -- done
Use 4433 samples. Get 4719 labels. Ratio: 0.9393939393939394
Files already downloaded and verified
3255 originally labeled samples, 1199 new samples, and 4301 unlabeled samples. Total: 8755
begin calculating influence
[Strategy 5] Acc of expected label: 0.6548046875
calculating influence -- done
[ADD ORG DATA] Use 4433 samples. Get 14160 labels. Ratio: 0.3130649717514124
Files already downloaded and verified
3255 originally labeled samples, 5250 new samples, and 154265 unlabeled samples. Total: 162770
 66.19% | time: 839.7s (329.0m) | step:   5050 | train acc: 1.000 | train loss: 0.000 |test acc: 0.672 (0.644, 0.715) | test dp gap: 0.2826
 66.19% | time:   1.5s (329.1m) | step:   5050 | train acc: 1.000 | train loss: 0.000 |val acc: 0.686 (0.661, 0.726) | val dp gap: 0.2455
begin calculating influence
[Strategy 5] Acc of expected label: 0.8665426644966286
calculating influence -- done
Use 4435 samples. Get 4721 labels. Ratio: 0.9394196144884558
Files already downloaded and verified
3255 originally labeled samples, 1201 new samples, and 4299 unlabeled samples. Total: 8755
begin calculating influence
[Strategy 5] Acc of expected label: 0.6791015625
calculating influence -- done
[ADD ORG DATA] Use 4435 samples. Get 14741 labels. Ratio: 0.3008615426361848
Files already downloaded and verified
3255 originally labeled samples, 5501 new samples, and 154014 unlabeled samples. Total: 162770
 66.65% | time: 799.0s (342.4m) | step:   5085 | train acc: 1.000 | train loss: 0.000 |test acc: 0.662 (0.637, 0.704) | test dp gap: 0.2791
 66.65% | time:   1.4s (342.4m) | step:   5085 | train acc: 1.000 | train loss: 0.000 |val acc: 0.677 (0.653, 0.715) | val dp gap: 0.2415
begin calculating influence
[Strategy 5] Acc of expected label: 0.8648522912305188
calculating influence -- done
Use 4436 samples. Get 4723 labels. Ratio: 0.939233538005505
Files already downloaded and verified
3255 originally labeled samples, 1202 new samples, and 4298 unlabeled samples. Total: 8755
begin calculating influence
[Strategy 5] Acc of expected label: 0.6673828125
calculating influence -- done
[ADD ORG DATA] Use 4436 samples. Get 15226 labels. Ratio: 0.2913437541048207
Files already downloaded and verified
3255 originally labeled samples, 5757 new samples, and 153758 unlabeled samples. Total: 162770
Epoch 8
 69.29% | time: 853.6s (356.6m) | step:   5286 | train acc: 0.969 | train loss: 0.120 |test acc: 0.658 (0.627, 0.706) | test dp gap: 0.2505
 69.29% | time:   1.4s (356.7m) | step:   5286 | train acc: 0.969 | train loss: 0.120 |val acc: 0.674 (0.643, 0.721) | val dp gap: 0.2018
begin calculating influence
[Strategy 5] Acc of expected label: 0.8652861796184271
calculating influence -- done
Use 4441 samples. Get 4731 labels. Ratio: 0.9387021771295709
Files already downloaded and verified
3255 originally labeled samples, 1207 new samples, and 4293 unlabeled samples. Total: 8755
begin calculating influence
[Strategy 5] Acc of expected label: 0.66109375
calculating influence -- done
[ADD ORG DATA] Use 4441 samples. Get 15768 labels. Ratio: 0.28164637239979706
Files already downloaded and verified
3255 originally labeled samples, 6013 new samples, and 153502 unlabeled samples. Total: 162770
 71.91% | time: 854.7s (370.9m) | step:   5486 | train acc: 0.992 | train loss: 0.017 |test acc: 0.664 (0.620, 0.733) | test dp gap: 0.2663
 71.91% | time:   1.7s (370.9m) | step:   5486 | train acc: 0.992 | train loss: 0.017 |val acc: 0.679 (0.640, 0.739) | val dp gap: 0.2043
begin calculating influence
[Strategy 5] Acc of expected label: 0.8681574656417423
calculating influence -- done
Use 4442 samples. Get 4732 labels. Ratio: 0.9387151310228233
Files already downloaded and verified
3255 originally labeled samples, 1208 new samples, and 4292 unlabeled samples. Total: 8755
begin calculating influence
[Strategy 5] Acc of expected label: 0.66625
calculating influence -- done
[ADD ORG DATA] Use 4442 samples. Get 16271 labels. Ratio: 0.27300104480363835
Files already downloaded and verified
3255 originally labeled samples, 6269 new samples, and 153246 unlabeled samples. Total: 162770
 74.53% | time: 852.4s (385.1m) | step:   5686 | train acc: 1.000 | train loss: 0.000 |test acc: 0.660 (0.619, 0.727) | test dp gap: 0.2583
 74.53% | time:   1.5s (385.2m) | step:   5686 | train acc: 1.000 | train loss: 0.000 |val acc: 0.678 (0.626, 0.758) | val dp gap: 0.2033
begin calculating influence
[Strategy 5] Acc of expected label: 0.8688257222739981
calculating influence -- done
Use 4443 samples. Get 4733 labels. Ratio: 0.9387280794422143
Files already downloaded and verified
3255 originally labeled samples, 1209 new samples, and 4291 unlabeled samples. Total: 8755
begin calculating influence
[Strategy 5] Acc of expected label: 0.666796875
calculating influence -- done
[ADD ORG DATA] Use 4443 samples. Get 16731 labels. Ratio: 0.26555495786265015
Files already downloaded and verified
3255 originally labeled samples, 6525 new samples, and 152990 unlabeled samples. Total: 162770
 74.99% | time: 806.7s (398.6m) | step:   5721 | train acc: 1.000 | train loss: 0.000 |test acc: 0.667 (0.635, 0.719) | test dp gap: 0.2751
 74.99% | time:   1.5s (398.6m) | step:   5721 | train acc: 1.000 | train loss: 0.000 |val acc: 0.691 (0.655, 0.749) | val dp gap: 0.2561
begin calculating influence
[Strategy 5] Acc of expected label: 0.8685621067350268
calculating influence -- done
Use 4446 samples. Get 4735 labels. Ratio: 0.9389651531151003
Files already downloaded and verified
3255 originally labeled samples, 1212 new samples, and 4288 unlabeled samples. Total: 8755
begin calculating influence
[Strategy 5] Acc of expected label: 0.674921875
calculating influence -- done
[ADD ORG DATA] Use 4446 samples. Get 16980 labels. Ratio: 0.2618374558303887
Files already downloaded and verified
3255 originally labeled samples, 6644 new samples, and 152871 unlabeled samples. Total: 162770
Epoch 9
 77.62% | time: 856.5s (412.9m) | step:   5922 | train acc: 1.000 | train loss: 0.000 |test acc: 0.664 (0.627, 0.723) | test dp gap: 0.2528
 77.62% | time:   1.4s (412.9m) | step:   5922 | train acc: 1.000 | train loss: 0.000 |val acc: 0.678 (0.640, 0.739) | val dp gap: 0.1889
begin calculating influence
[Strategy 5] Acc of expected label: 0.8694029850746269
calculating influence -- done
Use 4447 samples. Get 4735 labels. Ratio: 0.9391763463569166
Files already downloaded and verified
3255 originally labeled samples, 1213 new samples, and 4287 unlabeled samples. Total: 8755
begin calculating influence
[Strategy 5] Acc of expected label: 0.66328125
calculating influence -- done
[ADD ORG DATA] Use 4447 samples. Get 17439 labels. Ratio: 0.2550031538505648
Files already downloaded and verified
3255 originally labeled samples, 6900 new samples, and 152615 unlabeled samples. Total: 162770
 80.25% | time: 842.2s (427.0m) | step:   6122 | train acc: 1.000 | train loss: 0.000 |test acc: 0.662 (0.623, 0.723) | test dp gap: 0.2608
 80.25% | time:   1.4s (427.0m) | step:   6122 | train acc: 1.000 | train loss: 0.000 |val acc: 0.666 (0.633, 0.717) | val dp gap: 0.1861
begin calculating influence
[Strategy 5] Acc of expected label: 0.8696057849311873
calculating influence -- done
Use 4456 samples. Get 4741 labels. Ratio: 0.9398860999789074
Files already downloaded and verified
3255 originally labeled samples, 1222 new samples, and 4278 unlabeled samples. Total: 8755
begin calculating influence
[Strategy 5] Acc of expected label: 0.6617578125
calculating influence -- done
[ADD ORG DATA] Use 4456 samples. Get 17920 labels. Ratio: 0.2486607142857143
Files already downloaded and verified
3255 originally labeled samples, 7156 new samples, and 152359 unlabeled samples. Total: 162770
 82.87% | time: 865.3s (441.4m) | step:   6322 | train acc: 1.000 | train loss: 0.000 |test acc: 0.674 (0.658, 0.699) | test dp gap: 0.2862
 82.87% | time:   2.2s (441.5m) | step:   6322 | train acc: 1.000 | train loss: 0.000 |val acc: 0.686 (0.675, 0.704) | val dp gap: 0.2453
begin calculating influence
[Strategy 5] Acc of expected label: 0.8688639551192145
calculating influence -- done
Use 4497 samples. Get 4776 labels. Ratio: 0.9415829145728644
Files already downloaded and verified
3255 originally labeled samples, 1263 new samples, and 4237 unlabeled samples. Total: 8755
begin calculating influence
[Strategy 5] Acc of expected label: 0.6820703125
calculating influence -- done
[ADD ORG DATA] Use 4497 samples. Get 18563 labels. Ratio: 0.24225610084576846
Files already downloaded and verified
3255 originally labeled samples, 7412 new samples, and 152103 unlabeled samples. Total: 162770
 83.33% | time: 799.8s (454.8m) | step:   6357 | train acc: 0.996 | train loss: 0.021 |test acc: 0.658 (0.621, 0.717) | test dp gap: 0.2437
 83.33% | time:   2.0s (454.8m) | step:   6357 | train acc: 0.996 | train loss: 0.021 |val acc: 0.668 (0.627, 0.733) | val dp gap: 0.2047
begin calculating influence
[Strategy 5] Acc of expected label: 0.8671229643615765
calculating influence -- done
Use 4500 samples. Get 4779 labels. Ratio: 0.9416195856873822
Files already downloaded and verified
3255 originally labeled samples, 1266 new samples, and 4234 unlabeled samples. Total: 8755
begin calculating influence
[Strategy 5] Acc of expected label: 0.658046875
calculating influence -- done
[ADD ORG DATA] Use 4500 samples. Get 19054 labels. Ratio: 0.2361708827542773
Files already downloaded and verified
3255 originally labeled samples, 7649 new samples, and 151866 unlabeled samples. Total: 162770
Epoch 10
 85.96% | time: 858.7s (469.1m) | step:   6558 | train acc: 1.000 | train loss: 0.000 |test acc: 0.671 (0.643, 0.717) | test dp gap: 0.2788
 85.96% | time:   1.4s (469.2m) | step:   6558 | train acc: 1.000 | train loss: 0.000 |val acc: 0.702 (0.675, 0.745) | val dp gap: 0.2468
begin calculating influence
calculating influence -- done
length of new labels 23
Use 4499+23 = 4522 samples.
Files already downloaded and verified
3255 originally labeled samples, 1289 new samples, and 4211 unlabeled samples. Total: 8755
begin calculating influence
[Strategy 5] Acc of expected label: 0.678359375
calculating influence -- done
[ADD ORG DATA] Use 4522 samples. Get 19680 labels. Ratio: 0.22977642276422763
Files already downloaded and verified
3255 originally labeled samples, 7905 new samples, and 151610 unlabeled samples. Total: 162770
 88.58% | time: 864.4s (483.6m) | step:   6758 | train acc: 1.000 | train loss: 0.000 |test acc: 0.657 (0.618, 0.718) | test dp gap: 0.2354
 88.58% | time:   1.5s (483.6m) | step:   6758 | train acc: 1.000 | train loss: 0.000 |val acc: 0.670 (0.634, 0.727) | val dp gap: 0.1889
begin calculating influence
[Strategy 5] Acc of expected label: 0.8717644265020186
calculating influence -- done
Use 4530 samples. Get 4785 labels. Ratio: 0.9467084639498433
Files already downloaded and verified
3255 originally labeled samples, 1297 new samples, and 4203 unlabeled samples. Total: 8755
begin calculating influence
[Strategy 5] Acc of expected label: 0.6617578125
calculating influence -- done
[ADD ORG DATA] Use 4530 samples. Get 20279 labels. Ratio: 0.2233837960451699
Files already downloaded and verified
3255 originally labeled samples, 8153 new samples, and 151362 unlabeled samples. Total: 162770
 91.20% | time: 856.7s (497.9m) | step:   6958 | train acc: 1.000 | train loss: 0.000 |test acc: 0.667 (0.648, 0.698) | test dp gap: 0.2796
 91.20% | time:   1.4s (497.9m) | step:   6958 | train acc: 1.000 | train loss: 0.000 |val acc: 0.689 (0.666, 0.723) | val dp gap: 0.2362
begin calculating influence
calculating influence -- done
length of new labels 31
Use 4507+31 = 4538 samples.
Files already downloaded and verified
3255 originally labeled samples, 1305 new samples, and 4195 unlabeled samples. Total: 8755
begin calculating influence
[Strategy 5] Acc of expected label: 0.67765625
calculating influence -- done
[ADD ORG DATA] Use 4538 samples. Get 20804 labels. Ratio: 0.2181311286291098
Files already downloaded and verified
3255 originally labeled samples, 8409 new samples, and 151106 unlabeled samples. Total: 162770
 91.66% | time: 778.4s (510.9m) | step:   6993 | train acc: 1.000 | train loss: 0.000 |test acc: 0.641 (0.599, 0.707) | test dp gap: 0.2269
 91.66% | time:   1.5s (510.9m) | step:   6993 | train acc: 1.000 | train loss: 0.000 |val acc: 0.657 (0.626, 0.704) | val dp gap: 0.1590
begin calculating influence
[Strategy 5] Acc of expected label: 0.8717520858164481
calculating influence -- done
Use 4540 samples. Get 4787 labels. Ratio: 0.948401921871736
Files already downloaded and verified
3255 originally labeled samples, 1307 new samples, and 4193 unlabeled samples. Total: 8755
begin calculating influence
[Strategy 5] Acc of expected label: 0.6468359375
calculating influence -- done
[ADD ORG DATA] Use 4540 samples. Get 21370 labels. Ratio: 0.21244735610669163
Files already downloaded and verified
3255 originally labeled samples, 8665 new samples, and 150850 unlabeled samples. Total: 162770
Epoch 11
 94.30% | time: 856.1s (525.2m) | step:   7194 | train acc: 1.000 | train loss: 0.000 |test acc: 0.652 (0.630, 0.687) | test dp gap: 0.2502
 94.30% | time:   1.4s (525.2m) | step:   7194 | train acc: 1.000 | train loss: 0.000 |val acc: 0.677 (0.666, 0.696) | val dp gap: 0.2009
begin calculating influence
[Strategy 5] Acc of expected label: 0.8697829716193656
calculating influence -- done
Use 4551 samples. Get 4794 labels. Ratio: 0.9493116395494368
Files already downloaded and verified
3255 originally labeled samples, 1319 new samples, and 4181 unlabeled samples. Total: 8755
begin calculating influence
[Strategy 5] Acc of expected label: 0.663203125
calculating influence -- done
[ADD ORG DATA] Use 4551 samples. Get 21887 labels. Ratio: 0.20793164892401883
Files already downloaded and verified
3255 originally labeled samples, 8921 new samples, and 150594 unlabeled samples. Total: 162770
 96.92% | time: 878.3s (539.8m) | step:   7394 | train acc: 1.000 | train loss: 0.000 |test acc: 0.656 (0.618, 0.715) | test dp gap: 0.2416
 96.92% | time:   2.1s (539.9m) | step:   7394 | train acc: 1.000 | train loss: 0.000 |val acc: 0.669 (0.634, 0.721) | val dp gap: 0.1904
begin calculating influence
[Strategy 5] Acc of expected label: 0.8715618273140397
calculating influence -- done
Use 4553 samples. Get 4796 labels. Ratio: 0.9493327773144287
Files already downloaded and verified
3255 originally labeled samples, 1321 new samples, and 4179 unlabeled samples. Total: 8755
begin calculating influence
[Strategy 5] Acc of expected label: 0.66140625
calculating influence -- done
[ADD ORG DATA] Use 4553 samples. Get 22111 labels. Ratio: 0.20591560761611868
Files already downloaded and verified
3255 originally labeled samples, 9072 new samples, and 150443 unlabeled samples. Total: 162770
 99.54% | time: 878.0s (554.5m) | step:   7594 | train acc: 1.000 | train loss: 0.000 |test acc: 0.678 (0.655, 0.713) | test dp gap: 0.2913
 99.54% | time:   1.7s (554.5m) | step:   7594 | train acc: 1.000 | train loss: 0.000 |val acc: 0.685 (0.671, 0.707) | val dp gap: 0.2246
begin calculating influence
calculating influence -- done
length of new labels 88
Use 4519+88 = 4607 samples.
Files already downloaded and verified
3255 originally labeled samples, 1378 new samples, and 4122 unlabeled samples. Total: 8755
begin calculating influence
[Strategy 5] Acc of expected label: 0.687578125
calculating influence -- done
[ADD ORG DATA] Use 4607 samples. Get 22649 labels. Ratio: 0.20340853900834474
Files already downloaded and verified
3255 originally labeled samples, 9328 new samples, and 150187 unlabeled samples. Total: 162770
100.00% | time: 764.8s (567.3m) | step:   7629 | train acc: 1.000 | train loss: 0.000 |test acc: 0.670 (0.637, 0.723) | test dp gap: 0.2935
100.00% | time:   1.2s (567.3m) | step:   7629 | train acc: 1.000 | train loss: 0.000 |val acc: 0.687 (0.656, 0.736) | val dp gap: 0.2438
begin calculating influence
calculating influence -- done
length of new labels 90
Use 4519+90 = 4609 samples.
Files already downloaded and verified
3255 originally labeled samples, 1380 new samples, and 4120 unlabeled samples. Total: 8755
begin calculating influence
[Strategy 5] Acc of expected label: 0.6766015625
calculating influence -- done
[ADD ORG DATA] Use 4609 samples. Get 22987 labels. Ratio: 0.200504633053465
Files already downloaded and verified
3255 originally labeled samples, 9490 new samples, and 150025 unlabeled samples. Total: 162770
