Files already downloaded and verified
3255 originally labeled samples, 0 new samples, and 5500 unlabeled samples. Total: 8755
Files already downloaded and verified
3255 originally labeled samples, 0 new samples, and 159515 unlabeled samples. Total: 162770
Files already downloaded and verified
1996 originally labeled samples, 0 new samples, and 17966 unlabeled samples. Total: 19962
Numer of layers 200
train net...
train with 162770 samples (with replacement) in one epoch
Epoch 0
  2.62% | time:  98.4s (  1.6m) | step:    200 | train acc: 0.902 | train loss: 0.255 |warm_t acc: 0.709 (0.695, 0.732) | warm_t eod gap: 0.3269
  2.62% | time:   5.3s (  1.7m) | step:    200 | train acc: 0.902 | train loss: 0.255 |warm_v acc: 0.703 (0.696, 0.715) | warm_v eod gap: 0.3421
  5.24% | time:  82.0s (  3.1m) | step:    400 | train acc: 1.000 | train loss: 0.001 |warm_t acc: 0.707 (0.686, 0.741) | warm_t eod gap: 0.2862
  5.24% | time:   1.4s (  3.1m) | step:    400 | train acc: 1.000 | train loss: 0.001 |warm_v acc: 0.686 (0.673, 0.707) | warm_v eod gap: 0.3191
  7.86% | time:  87.8s (  4.6m) | step:    600 | train acc: 1.000 | train loss: 0.000 |warm_t acc: 0.707 (0.686, 0.740) | warm_t eod gap: 0.2870
  7.86% | time:   1.2s (  4.6m) | step:    600 | train acc: 1.000 | train loss: 0.000 |warm_v acc: 0.692 (0.677, 0.716) | warm_v eod gap: 0.3225
  8.32% | time:  23.9s (  5.0m) | step:    635 | train acc: 1.000 | train loss: 0.000 |warm_t acc: 0.707 (0.686, 0.741) | warm_t eod gap: 0.2857
  8.32% | time:   2.7s (  5.0m) | step:    635 | train acc: 1.000 | train loss: 0.000 |warm_v acc: 0.704 (0.687, 0.731) | warm_v eod gap: 0.2880
Epoch 1
 10.95% | time:  89.8s (  6.5m) | step:    835 | train acc: 1.000 | train loss: 0.000 |warm_t acc: 0.707 (0.686, 0.741) | warm_t eod gap: 0.2855
 10.95% | time:   1.3s (  6.6m) | step:    835 | train acc: 1.000 | train loss: 0.000 |warm_v acc: 0.701 (0.688, 0.722) | warm_v eod gap: 0.2974
 13.57% | time:  85.7s (  8.0m) | step:   1035 | train acc: 1.000 | train loss: 0.000 |warm_t acc: 0.707 (0.686, 0.741) | warm_t eod gap: 0.2851
 13.57% | time:   1.6s (  8.0m) | step:   1035 | train acc: 1.000 | train loss: 0.000 |warm_v acc: 0.701 (0.687, 0.721) | warm_v eod gap: 0.2923
 16.19% | time:  86.5s (  9.5m) | step:   1235 | train acc: 1.000 | train loss: 0.000 |warm_t acc: 0.707 (0.686, 0.741) | warm_t eod gap: 0.2843
 16.19% | time:   1.4s (  9.5m) | step:   1235 | train acc: 1.000 | train loss: 0.000 |warm_v acc: 0.699 (0.683, 0.721) | warm_v eod gap: 0.3248
 16.65% | time:  23.1s (  9.9m) | step:   1270 | train acc: 1.000 | train loss: 0.000 |warm_t acc: 0.707 (0.685, 0.741) | warm_t eod gap: 0.2842
 16.65% | time:   2.6s (  9.9m) | step:   1270 | train acc: 1.000 | train loss: 0.000 |warm_v acc: 0.693 (0.684, 0.708) | warm_v eod gap: 0.3273
Epoch 2
 19.28% | time:  80.2s ( 11.3m) | step:   1471 | train acc: 1.000 | train loss: 0.000 |test acc: 0.707 (0.686, 0.741) | test eod gap: 0.2841
 19.28% | time:   1.4s ( 11.3m) | step:   1471 | train acc: 1.000 | train loss: 0.000 |val acc: 0.705 (0.694, 0.722) | val eod gap: 0.3059
begin calculating influence
selected layers: [Traced<ShapedArray(float32[768])>with<DynamicJaxprTrace(level=0/1)>, Traced<ShapedArray(float32[8,8,3,768])>with<DynamicJaxprTrace(level=0/1)>, Traced<ShapedArray(float32[2])>with<DynamicJaxprTrace(level=0/1)>, Traced<ShapedArray(float32[768,2])>with<DynamicJaxprTrace(level=0/1)>]
[Strategy 5] Acc of expected label: 0.7945454545454546
calculating influence -- done
Use 3311 samples. Get 3392 labels. Ratio: 0.9761202830188679
Files already downloaded and verified
3255 originally labeled samples, 56 new samples, and 5444 unlabeled samples. Total: 8755
begin calculating influence
[Strategy 5] Acc of expected label: 0.706640625
calculating influence -- done
[ADD ORG DATA] Use 3311 samples. Get 3800 labels. Ratio: 0.8713157894736843
Files already downloaded and verified
3255 originally labeled samples, 256 new samples, and 159259 unlabeled samples. Total: 162770
 21.90% | time: 933.8s ( 26.8m) | step:   1671 | train acc: 1.000 | train loss: 0.006 |test acc: 0.657 (0.622, 0.712) | test eod gap: 0.1444
 21.90% | time:   2.0s ( 26.9m) | step:   1671 | train acc: 1.000 | train loss: 0.006 |val acc: 0.645 (0.623, 0.681) | val eod gap: 0.1196
begin calculating influence
[Strategy 5] Acc of expected label: 0.7681851579720793
calculating influence -- done
Use 3408 samples. Get 3506 labels. Ratio: 0.9720479178551056
Files already downloaded and verified
3255 originally labeled samples, 154 new samples, and 5346 unlabeled samples. Total: 8755
begin calculating influence
[Strategy 5] Acc of expected label: 0.6560546875
calculating influence -- done
[ADD ORG DATA] Use 3408 samples. Get 4143 labels. Ratio: 0.8225923244026068
Files already downloaded and verified
3255 originally labeled samples, 512 new samples, and 159003 unlabeled samples. Total: 162770
 24.52% | time: 889.8s ( 41.7m) | step:   1871 | train acc: 0.926 | train loss: 0.194 |test acc: 0.696 (0.696, 0.696) | test eod gap: 0.2567
 24.52% | time:   1.5s ( 41.7m) | step:   1871 | train acc: 0.926 | train loss: 0.194 |val acc: 0.687 (0.691, 0.681) | val eod gap: 0.2533
begin calculating influence
[Strategy 5] Acc of expected label: 0.8589599700710812
calculating influence -- done
Use 3439 samples. Get 3545 labels. Ratio: 0.970098730606488
Files already downloaded and verified
3255 originally labeled samples, 186 new samples, and 5314 unlabeled samples. Total: 8755
begin calculating influence
[Strategy 5] Acc of expected label: 0.6996875
calculating influence -- done
[ADD ORG DATA] Use 3439 samples. Get 4556 labels. Ratio: 0.754828797190518
Files already downloaded and verified
3255 originally labeled samples, 768 new samples, and 158747 unlabeled samples. Total: 162770
 24.98% | time: 848.5s ( 55.9m) | step:   1906 | train acc: 1.000 | train loss: 0.002 |test acc: 0.697 (0.667, 0.743) | test eod gap: 0.2661
 24.98% | time:   1.3s ( 55.9m) | step:   1906 | train acc: 1.000 | train loss: 0.002 |val acc: 0.698 (0.680, 0.725) | val eod gap: 0.2531
begin calculating influence
[Strategy 5] Acc of expected label: 0.8567933759879564
calculating influence -- done
Use 3476 samples. Get 3674 labels. Ratio: 0.9461077844311377
Files already downloaded and verified
3255 originally labeled samples, 223 new samples, and 5277 unlabeled samples. Total: 8755
begin calculating influence
[Strategy 5] Acc of expected label: 0.6944921875
calculating influence -- done
[ADD ORG DATA] Use 3476 samples. Get 5176 labels. Ratio: 0.6715610510046368
Files already downloaded and verified
3255 originally labeled samples, 1024 new samples, and 158491 unlabeled samples. Total: 162770
Epoch 3
 27.62% | time: 895.6s ( 70.8m) | step:   2107 | train acc: 0.957 | train loss: 0.113 |test acc: 0.689 (0.670, 0.718) | test eod gap: 0.2531
 27.62% | time:   1.3s ( 70.8m) | step:   2107 | train acc: 0.957 | train loss: 0.113 |val acc: 0.691 (0.679, 0.710) | val eod gap: 0.2259
begin calculating influence
[Strategy 5] Acc of expected label: 0.8555997725980671
calculating influence -- done
Use 3523 samples. Get 3857 labels. Ratio: 0.9134042001555613
Files already downloaded and verified
3255 originally labeled samples, 270 new samples, and 5230 unlabeled samples. Total: 8755
begin calculating influence
[Strategy 5] Acc of expected label: 0.6865625
calculating influence -- done
[ADD ORG DATA] Use 3523 samples. Get 5643 labels. Ratio: 0.6243133085238348
Files already downloaded and verified
3255 originally labeled samples, 1280 new samples, and 158235 unlabeled samples. Total: 162770
 30.24% | time: 903.3s ( 85.9m) | step:   2307 | train acc: 0.969 | train loss: 0.078 |test acc: 0.683 (0.666, 0.710) | test eod gap: 0.2623
 30.24% | time:   1.4s ( 85.9m) | step:   2307 | train acc: 0.969 | train loss: 0.078 |val acc: 0.679 (0.669, 0.694) | val eod gap: 0.2247
begin calculating influence
[Strategy 5] Acc of expected label: 0.8202676864244742
calculating influence -- done
Use 3557 samples. Get 3896 labels. Ratio: 0.9129876796714579
Files already downloaded and verified
3255 originally labeled samples, 305 new samples, and 5195 unlabeled samples. Total: 8755
begin calculating influence
[Strategy 5] Acc of expected label: 0.679453125
calculating influence -- done
[ADD ORG DATA] Use 3557 samples. Get 6244 labels. Ratio: 0.5696668802049968
Files already downloaded and verified
3255 originally labeled samples, 1536 new samples, and 157979 unlabeled samples. Total: 162770
 32.86% | time: 896.3s (100.9m) | step:   2507 | train acc: 1.000 | train loss: 0.001 |test acc: 0.698 (0.680, 0.727) | test eod gap: 0.2476
 32.86% | time:   1.5s (100.9m) | step:   2507 | train acc: 1.000 | train loss: 0.001 |val acc: 0.696 (0.685, 0.714) | val eod gap: 0.2200
begin calculating influence
[Strategy 5] Acc of expected label: 0.8140519730510106
calculating influence -- done
Use 3604 samples. Get 3952 labels. Ratio: 0.9119433198380567
Files already downloaded and verified
3255 originally labeled samples, 353 new samples, and 5147 unlabeled samples. Total: 8755
begin calculating influence
[Strategy 5] Acc of expected label: 0.6958984375
calculating influence -- done
[ADD ORG DATA] Use 3604 samples. Get 6877 labels. Ratio: 0.5240657263341574
Files already downloaded and verified
3255 originally labeled samples, 1792 new samples, and 157723 unlabeled samples. Total: 162770
 33.32% | time: 829.9s (114.7m) | step:   2542 | train acc: 1.000 | train loss: 0.001 |test acc: 0.696 (0.675, 0.730) | test eod gap: 0.2484
 33.32% | time:   1.3s (114.7m) | step:   2542 | train acc: 1.000 | train loss: 0.001 |val acc: 0.700 (0.683, 0.727) | val eod gap: 0.2283
begin calculating influence
[Strategy 5] Acc of expected label: 0.8237808432096366
calculating influence -- done
Use 3671 samples. Get 4018 labels. Ratio: 0.9136386261821802
Files already downloaded and verified
3255 originally labeled samples, 420 new samples, and 5080 unlabeled samples. Total: 8755
begin calculating influence
[Strategy 5] Acc of expected label: 0.696875
calculating influence -- done
[ADD ORG DATA] Use 3671 samples. Get 7483 labels. Ratio: 0.4905786449285046
Files already downloaded and verified
3255 originally labeled samples, 2048 new samples, and 157467 unlabeled samples. Total: 162770
Epoch 4
 35.95% | time: 889.6s (129.6m) | step:   2743 | train acc: 0.965 | train loss: 0.108 |test acc: 0.694 (0.667, 0.738) | test eod gap: 0.2529
 35.95% | time:   1.4s (129.6m) | step:   2743 | train acc: 0.965 | train loss: 0.108 |val acc: 0.697 (0.683, 0.718) | val eod gap: 0.2586
begin calculating influence
[Strategy 5] Acc of expected label: 0.852755905511811
calculating influence -- done
Use 3705 samples. Get 4115 labels. Ratio: 0.9003645200486027
Files already downloaded and verified
3255 originally labeled samples, 455 new samples, and 5045 unlabeled samples. Total: 8755
begin calculating influence
[Strategy 5] Acc of expected label: 0.6967578125
calculating influence -- done
[ADD ORG DATA] Use 3705 samples. Get 7946 labels. Ratio: 0.466272338283413
Files already downloaded and verified
3255 originally labeled samples, 2304 new samples, and 157211 unlabeled samples. Total: 162770
 38.58% | time: 872.1s (144.1m) | step:   2943 | train acc: 1.000 | train loss: 0.002 |test acc: 0.701 (0.679, 0.736) | test eod gap: 0.2534
 38.58% | time:   1.4s (144.1m) | step:   2943 | train acc: 1.000 | train loss: 0.002 |val acc: 0.699 (0.683, 0.723) | val eod gap: 0.2685
begin calculating influence
[Strategy 5] Acc of expected label: 0.8386521308225966
calculating influence -- done
Use 3739 samples. Get 4183 labels. Ratio: 0.8938560841501315
Files already downloaded and verified
3255 originally labeled samples, 490 new samples, and 5010 unlabeled samples. Total: 8755
begin calculating influence
[Strategy 5] Acc of expected label: 0.6991015625
calculating influence -- done
[ADD ORG DATA] Use 3739 samples. Get 8531 labels. Ratio: 0.43828390575548004
Files already downloaded and verified
3255 originally labeled samples, 2560 new samples, and 156955 unlabeled samples. Total: 162770
 41.20% | time: 877.1s (158.8m) | step:   3143 | train acc: 1.000 | train loss: 0.000 |test acc: 0.704 (0.679, 0.743) | test eod gap: 0.2549
 41.20% | time:   1.5s (158.8m) | step:   3143 | train acc: 1.000 | train loss: 0.000 |val acc: 0.713 (0.692, 0.745) | val eod gap: 0.2435
begin calculating influence
[Strategy 5] Acc of expected label: 0.8379241516966068
calculating influence -- done
Use 3815 samples. Get 4268 labels. Ratio: 0.8938612933458294
Files already downloaded and verified
3255 originally labeled samples, 567 new samples, and 4933 unlabeled samples. Total: 8755
begin calculating influence
[Strategy 5] Acc of expected label: 0.7016796875
calculating influence -- done
[ADD ORG DATA] Use 3815 samples. Get 9095 labels. Ratio: 0.4194612424409016
Files already downloaded and verified
3255 originally labeled samples, 2816 new samples, and 156699 unlabeled samples. Total: 162770
 41.66% | time: 822.5s (172.5m) | step:   3178 | train acc: 0.992 | train loss: 0.017 |test acc: 0.551 (0.438, 0.731) | test eod gap: 0.0211
 41.66% | time:   1.5s (172.5m) | step:   3178 | train acc: 0.992 | train loss: 0.017 |val acc: 0.557 (0.460, 0.708) | val eod gap: 0.0058
begin calculating influence
[Strategy 5] Acc of expected label: 0.8325562538009325
calculating influence -- done
Use 3851 samples. Get 4367 labels. Ratio: 0.8818410808335242
Files already downloaded and verified
3255 originally labeled samples, 604 new samples, and 4896 unlabeled samples. Total: 8755
begin calculating influence
[Strategy 5] Acc of expected label: 0.545390625
calculating influence -- done
[ADD ORG DATA] Use 3851 samples. Get 9447 labels. Ratio: 0.4076426378744575
Files already downloaded and verified
3255 originally labeled samples, 3072 new samples, and 156443 unlabeled samples. Total: 162770
Epoch 5
 44.29% | time: 883.3s (187.2m) | step:   3379 | train acc: 1.000 | train loss: 0.004 |test acc: 0.664 (0.665, 0.663) | test eod gap: 0.1226
 44.29% | time:   1.5s (187.3m) | step:   3379 | train acc: 1.000 | train loss: 0.004 |val acc: 0.658 (0.680, 0.621) | val eod gap: 0.1360
begin calculating influence
[Strategy 5] Acc of expected label: 0.8194444444444444
calculating influence -- done
Use 3905 samples. Get 4421 labels. Ratio: 0.8832843248133906
Files already downloaded and verified
3255 originally labeled samples, 658 new samples, and 4842 unlabeled samples. Total: 8755
begin calculating influence
[Strategy 5] Acc of expected label: 0.6647265625
calculating influence -- done
[ADD ORG DATA] Use 3905 samples. Get 9970 labels. Ratio: 0.39167502507522567
Files already downloaded and verified
3255 originally labeled samples, 3328 new samples, and 156187 unlabeled samples. Total: 162770
 46.91% | time: 881.3s (202.0m) | step:   3579 | train acc: 1.000 | train loss: 0.001 |test acc: 0.630 (0.597, 0.683) | test eod gap: 0.0586
 46.91% | time:   1.4s (202.0m) | step:   3579 | train acc: 1.000 | train loss: 0.001 |val acc: 0.617 (0.611, 0.625) | val eod gap: 0.0295
begin calculating influence
[Strategy 5] Acc of expected label: 0.8281701776125568
calculating influence -- done
Use 3922 samples. Get 4435 labels. Ratio: 0.8843291995490418
Files already downloaded and verified
3255 originally labeled samples, 676 new samples, and 4824 unlabeled samples. Total: 8755
begin calculating influence
[Strategy 5] Acc of expected label: 0.6358984375
calculating influence -- done
[ADD ORG DATA] Use 3922 samples. Get 10478 labels. Ratio: 0.3743080740599351
Files already downloaded and verified
3255 originally labeled samples, 3584 new samples, and 155931 unlabeled samples. Total: 162770
 49.53% | time: 897.5s (216.9m) | step:   3779 | train acc: 1.000 | train loss: 0.001 |test acc: 0.683 (0.635, 0.760) | test eod gap: 0.1532
 49.53% | time:   1.4s (217.0m) | step:   3779 | train acc: 1.000 | train loss: 0.001 |val acc: 0.686 (0.651, 0.740) | val eod gap: 0.1384
begin calculating influence
[Strategy 5] Acc of expected label: 0.8511608623548922
calculating influence -- done
Use 3932 samples. Get 4464 labels. Ratio: 0.8808243727598566
Files already downloaded and verified
3255 originally labeled samples, 686 new samples, and 4814 unlabeled samples. Total: 8755
begin calculating influence
[Strategy 5] Acc of expected label: 0.684296875
calculating influence -- done
[ADD ORG DATA] Use 3932 samples. Get 11092 labels. Ratio: 0.3544897223223945
Files already downloaded and verified
3255 originally labeled samples, 3840 new samples, and 155675 unlabeled samples. Total: 162770
 49.99% | time: 800.3s (230.3m) | step:   3814 | train acc: 1.000 | train loss: 0.000 |test acc: 0.638 (0.593, 0.710) | test eod gap: 0.0639
 49.99% | time:   1.8s (230.3m) | step:   3814 | train acc: 1.000 | train loss: 0.000 |val acc: 0.644 (0.615, 0.689) | val eod gap: 0.0481
begin calculating influence
[Strategy 5] Acc of expected label: 0.8294557540506855
calculating influence -- done
Use 4172 samples. Get 4704 labels. Ratio: 0.8869047619047619
Files already downloaded and verified
3255 originally labeled samples, 936 new samples, and 4564 unlabeled samples. Total: 8755
begin calculating influence
[Strategy 5] Acc of expected label: 0.642578125
calculating influence -- done
[ADD ORG DATA] Use 4172 samples. Get 11637 labels. Ratio: 0.35851164389447454
Files already downloaded and verified
3255 originally labeled samples, 4096 new samples, and 155419 unlabeled samples. Total: 162770
Epoch 6
 52.62% | time: 867.8s (244.8m) | step:   4014 | train acc: 1.000 | train loss: 0.001 |test acc: 0.600 (0.535, 0.704) | test eod gap: 0.0562
 52.62% | time:   1.4s (244.8m) | step:   4014 | train acc: 1.000 | train loss: 0.001 |val acc: 0.609 (0.562, 0.685) | val eod gap: 0.0405
begin calculating influence
[Strategy 5] Acc of expected label: 0.8400525854513584
calculating influence -- done
Use 4188 samples. Get 4726 labels. Ratio: 0.8861616589081676
Files already downloaded and verified
3255 originally labeled samples, 953 new samples, and 4547 unlabeled samples. Total: 8755
begin calculating influence
[Strategy 5] Acc of expected label: 0.6008984375
calculating influence -- done
[ADD ORG DATA] Use 4188 samples. Get 12074 labels. Ratio: 0.3468610236872619
Files already downloaded and verified
3255 originally labeled samples, 4352 new samples, and 155163 unlabeled samples. Total: 162770
 55.24% | time: 867.8s (259.3m) | step:   4214 | train acc: 1.000 | train loss: 0.000 |test acc: 0.651 (0.617, 0.705) | test eod gap: 0.0988
 55.24% | time:   2.0s (259.3m) | step:   4214 | train acc: 1.000 | train loss: 0.000 |val acc: 0.658 (0.635, 0.696) | val eod gap: 0.0592
begin calculating influence
[Strategy 5] Acc of expected label: 0.8447327908511106
calculating influence -- done
Use 4249 samples. Get 4774 labels. Ratio: 0.8900293255131965
Files already downloaded and verified
3255 originally labeled samples, 1016 new samples, and 4484 unlabeled samples. Total: 8755
begin calculating influence
[Strategy 5] Acc of expected label: 0.65171875
calculating influence -- done
[ADD ORG DATA] Use 4249 samples. Get 12630 labels. Ratio: 0.33642121931908153
Files already downloaded and verified
3255 originally labeled samples, 4608 new samples, and 154907 unlabeled samples. Total: 162770
 57.86% | time: 883.3s (274.0m) | step:   4414 | train acc: 1.000 | train loss: 0.000 |test acc: 0.634 (0.581, 0.719) | test eod gap: 0.0597
 57.86% | time:   1.4s (274.1m) | step:   4414 | train acc: 1.000 | train loss: 0.000 |val acc: 0.632 (0.597, 0.689) | val eod gap: 0.0327
begin calculating influence
[Strategy 5] Acc of expected label: 0.8360838537020517
calculating influence -- done
Use 4309 samples. Get 4828 labels. Ratio: 0.8925020712510356
Files already downloaded and verified
3255 originally labeled samples, 1079 new samples, and 4421 unlabeled samples. Total: 8755
begin calculating influence
[Strategy 5] Acc of expected label: 0.628828125
calculating influence -- done
[ADD ORG DATA] Use 4309 samples. Get 13225 labels. Ratio: 0.32582230623818526
Files already downloaded and verified
3255 originally labeled samples, 4864 new samples, and 154651 unlabeled samples. Total: 162770
 58.32% | time: 798.2s (287.4m) | step:   4449 | train acc: 0.941 | train loss: 0.134 |test acc: 0.657 (0.624, 0.709) | test eod gap: 0.0999
 58.32% | time:   3.1s (287.4m) | step:   4449 | train acc: 0.941 | train loss: 0.134 |val acc: 0.667 (0.652, 0.691) | val eod gap: 0.0546
begin calculating influence
[Strategy 5] Acc of expected label: 0.8416647817235919
calculating influence -- done
Use 4336 samples. Get 4849 labels. Ratio: 0.894204990719736
Files already downloaded and verified
3255 originally labeled samples, 1106 new samples, and 4394 unlabeled samples. Total: 8755
begin calculating influence
[Strategy 5] Acc of expected label: 0.651875
calculating influence -- done
[ADD ORG DATA] Use 4336 samples. Get 13917 labels. Ratio: 0.3115613997269526
Files already downloaded and verified
3255 originally labeled samples, 5120 new samples, and 154395 unlabeled samples. Total: 162770
Epoch 7
 60.95% | time: 857.5s (301.7m) | step:   4650 | train acc: 1.000 | train loss: 0.001 |test acc: 0.650 (0.610, 0.713) | test eod gap: 0.0956
 60.95% | time:   1.3s (301.7m) | step:   4650 | train acc: 1.000 | train loss: 0.001 |val acc: 0.651 (0.618, 0.704) | val eod gap: 0.1102
begin calculating influence
[Strategy 5] Acc of expected label: 0.8488848429676832
calculating influence -- done
Use 4341 samples. Get 4855 labels. Ratio: 0.894129763130793
Files already downloaded and verified
3255 originally labeled samples, 1111 new samples, and 4389 unlabeled samples. Total: 8755
begin calculating influence
[Strategy 5] Acc of expected label: 0.6474609375
calculating influence -- done
[ADD ORG DATA] Use 4341 samples. Get 14648 labels. Ratio: 0.2963544511196068
Files already downloaded and verified
3255 originally labeled samples, 5376 new samples, and 154139 unlabeled samples. Total: 162770
 63.57% | time: 863.4s (316.1m) | step:   4850 | train acc: 1.000 | train loss: 0.000 |test acc: 0.680 (0.652, 0.725) | test eod gap: 0.1481
 63.57% | time:   1.4s (316.1m) | step:   4850 | train acc: 1.000 | train loss: 0.000 |val acc: 0.688 (0.675, 0.707) | val eod gap: 0.1314
begin calculating influence
[Strategy 5] Acc of expected label: 0.8555479608111187
calculating influence -- done
Use 4367 samples. Get 4869 labels. Ratio: 0.8968987471760115
Files already downloaded and verified
3255 originally labeled samples, 1137 new samples, and 4363 unlabeled samples. Total: 8755
begin calculating influence
[Strategy 5] Acc of expected label: 0.674375
calculating influence -- done
[ADD ORG DATA] Use 4367 samples. Get 15379 labels. Ratio: 0.28395864490539047
Files already downloaded and verified
3255 originally labeled samples, 5632 new samples, and 153883 unlabeled samples. Total: 162770
 66.19% | time: 858.3s (330.4m) | step:   5050 | train acc: 1.000 | train loss: 0.005 |test acc: 0.663 (0.655, 0.676) | test eod gap: 0.1469
 66.19% | time:   1.4s (330.5m) | step:   5050 | train acc: 1.000 | train loss: 0.005 |val acc: 0.669 (0.674, 0.663) | val eod gap: 0.1502
begin calculating influence
[Strategy 5] Acc of expected label: 0.8569791427916571
calculating influence -- done
Use 4620 samples. Get 5136 labels. Ratio: 0.8995327102803738
Files already downloaded and verified
3255 originally labeled samples, 1393 new samples, and 4107 unlabeled samples. Total: 8755
begin calculating influence
[Strategy 5] Acc of expected label: 0.661640625
calculating influence -- done
[ADD ORG DATA] Use 4620 samples. Get 16038 labels. Ratio: 0.2880658436213992
Files already downloaded and verified
3255 originally labeled samples, 5888 new samples, and 153627 unlabeled samples. Total: 162770
 66.65% | time: 788.2s (343.6m) | step:   5085 | train acc: 1.000 | train loss: 0.000 |test acc: 0.607 (0.573, 0.659) | test eod gap: 0.0650
 66.65% | time:   1.4s (343.6m) | step:   5085 | train acc: 1.000 | train loss: 0.000 |val acc: 0.617 (0.586, 0.666) | val eod gap: 0.0644
begin calculating influence
[Strategy 5] Acc of expected label: 0.8439250060871683
calculating influence -- done
Use 4875 samples. Get 5360 labels. Ratio: 0.9095149253731343
Files already downloaded and verified
3255 originally labeled samples, 1649 new samples, and 3851 unlabeled samples. Total: 8755
begin calculating influence
[Strategy 5] Acc of expected label: 0.6034375
calculating influence -- done
[ADD ORG DATA] Use 4875 samples. Get 16354 labels. Ratio: 0.29809220985691576
Files already downloaded and verified
3255 originally labeled samples, 6144 new samples, and 153371 unlabeled samples. Total: 162770
Epoch 8
 69.29% | time: 860.0s (358.0m) | step:   5286 | train acc: 0.957 | train loss: 0.094 |test acc: 0.646 (0.600, 0.718) | test eod gap: 0.0793
 69.29% | time:   1.4s (358.0m) | step:   5286 | train acc: 0.957 | train loss: 0.094 |val acc: 0.662 (0.626, 0.717) | val eod gap: 0.0366
begin calculating influence
[Strategy 5] Acc of expected label: 0.846533367956375
calculating influence -- done
Use 4883 samples. Get 5360 labels. Ratio: 0.9110074626865672
Files already downloaded and verified
3255 originally labeled samples, 1657 new samples, and 3843 unlabeled samples. Total: 8755
begin calculating influence
[Strategy 5] Acc of expected label: 0.640625
calculating influence -- done
[ADD ORG DATA] Use 4883 samples. Get 16828 labels. Ratio: 0.290171143332541
Files already downloaded and verified
3255 originally labeled samples, 6400 new samples, and 153115 unlabeled samples. Total: 162770
 71.91% | time: 847.8s (372.1m) | step:   5486 | train acc: 1.000 | train loss: 0.001 |test acc: 0.651 (0.624, 0.695) | test eod gap: 0.1339
 71.91% | time:   1.4s (372.1m) | step:   5486 | train acc: 1.000 | train loss: 0.001 |val acc: 0.656 (0.648, 0.667) | val eod gap: 0.0843
begin calculating influence
[Strategy 5] Acc of expected label: 0.8477751756440282
calculating influence -- done
Use 4899 samples. Get 5372 labels. Ratio: 0.9119508562918839
Files already downloaded and verified
3255 originally labeled samples, 1673 new samples, and 3827 unlabeled samples. Total: 8755
begin calculating influence
[Strategy 5] Acc of expected label: 0.650234375
calculating influence -- done
[ADD ORG DATA] Use 4899 samples. Get 17354 labels. Ratio: 0.28229802927279013
Files already downloaded and verified
3255 originally labeled samples, 6656 new samples, and 152859 unlabeled samples. Total: 162770
 74.53% | time: 851.3s (386.3m) | step:   5686 | train acc: 0.996 | train loss: 0.003 |test acc: 0.636 (0.605, 0.685) | test eod gap: 0.0883
 74.53% | time:   1.5s (386.4m) | step:   5686 | train acc: 0.996 | train loss: 0.003 |val acc: 0.645 (0.616, 0.691) | val eod gap: 0.0925
begin calculating influence
[Strategy 5] Acc of expected label: 0.8442644368957408
calculating influence -- done
Use 4916 samples. Get 5377 labels. Ratio: 0.9142644597359122
Files already downloaded and verified
3255 originally labeled samples, 1690 new samples, and 3810 unlabeled samples. Total: 8755
begin calculating influence
[Strategy 5] Acc of expected label: 0.63
calculating influence -- done
[ADD ORG DATA] Use 4916 samples. Get 17879 labels. Ratio: 0.27495944963364843
Files already downloaded and verified
3255 originally labeled samples, 6912 new samples, and 152603 unlabeled samples. Total: 162770
 74.99% | time: 782.4s (399.4m) | step:   5721 | train acc: 1.000 | train loss: 0.003 |test acc: 0.676 (0.631, 0.747) | test eod gap: 0.1417
 74.99% | time:   1.4s (399.4m) | step:   5721 | train acc: 1.000 | train loss: 0.003 |val acc: 0.684 (0.654, 0.732) | val eod gap: 0.1425
begin calculating influence
[Strategy 5] Acc of expected label: 0.8564304461942257
calculating influence -- done
Use 4922 samples. Get 5384 labels. Ratio: 0.9141901931649331
Files already downloaded and verified
3255 originally labeled samples, 1696 new samples, and 3804 unlabeled samples. Total: 8755
begin calculating influence
[Strategy 5] Acc of expected label: 0.6683203125
calculating influence -- done
[ADD ORG DATA] Use 4922 samples. Get 18429 labels. Ratio: 0.2670790601768951
Files already downloaded and verified
3255 originally labeled samples, 7168 new samples, and 152347 unlabeled samples. Total: 162770
Epoch 9
 77.62% | time: 843.6s (413.5m) | step:   5922 | train acc: 1.000 | train loss: 0.001 |test acc: 0.639 (0.608, 0.688) | test eod gap: 0.1061
 77.62% | time:   1.5s (413.5m) | step:   5922 | train acc: 1.000 | train loss: 0.001 |val acc: 0.632 (0.599, 0.686) | val eod gap: 0.0908
begin calculating influence
[Strategy 5] Acc of expected label: 0.8477917981072555
calculating influence -- done
Use 4975 samples. Get 5436 labels. Ratio: 0.9151949963208241
Files already downloaded and verified
3255 originally labeled samples, 1751 new samples, and 3749 unlabeled samples. Total: 8755
begin calculating influence
[Strategy 5] Acc of expected label: 0.633046875
calculating influence -- done
[ADD ORG DATA] Use 4975 samples. Get 19029 labels. Ratio: 0.2614430605917284
Files already downloaded and verified
3255 originally labeled samples, 7424 new samples, and 152091 unlabeled samples. Total: 162770
 80.25% | time: 846.0s (427.6m) | step:   6122 | train acc: 1.000 | train loss: 0.000 |test acc: 0.639 (0.611, 0.686) | test eod gap: 0.0763
 80.25% | time:   1.5s (427.6m) | step:   6122 | train acc: 1.000 | train loss: 0.000 |val acc: 0.643 (0.626, 0.670) | val eod gap: 0.0822
begin calculating influence
[Strategy 5] Acc of expected label: 0.8378234195785543
calculating influence -- done
Use 5021 samples. Get 5481 labels. Ratio: 0.9160737091771575
Files already downloaded and verified
3255 originally labeled samples, 1797 new samples, and 3703 unlabeled samples. Total: 8755
begin calculating influence
[Strategy 5] Acc of expected label: 0.6325390625
calculating influence -- done
[ADD ORG DATA] Use 5021 samples. Get 19554 labels. Ratio: 0.25677610719034466
Files already downloaded and verified
3255 originally labeled samples, 7680 new samples, and 151835 unlabeled samples. Total: 162770
 82.87% | time: 826.1s (441.4m) | step:   6322 | train acc: 1.000 | train loss: 0.000 |test acc: 0.657 (0.619, 0.716) | test eod gap: 0.1092
 82.87% | time:   1.4s (441.4m) | step:   6322 | train acc: 1.000 | train loss: 0.000 |val acc: 0.680 (0.657, 0.715) | val eod gap: 0.1209
begin calculating influence
[Strategy 5] Acc of expected label: 0.8449905482041588
calculating influence -- done
Use 5031 samples. Get 5486 labels. Ratio: 0.9170616113744076
Files already downloaded and verified
3255 originally labeled samples, 1807 new samples, and 3693 unlabeled samples. Total: 8755
begin calculating influence
[Strategy 5] Acc of expected label: 0.6438671875
calculating influence -- done
[ADD ORG DATA] Use 5031 samples. Get 20079 labels. Ratio: 0.2505602868668758
Files already downloaded and verified
3255 originally labeled samples, 7936 new samples, and 151579 unlabeled samples. Total: 162770
 83.33% | time: 793.7s (454.6m) | step:   6357 | train acc: 1.000 | train loss: 0.000 |test acc: 0.652 (0.619, 0.705) | test eod gap: 0.1114
 83.33% | time:   1.5s (454.7m) | step:   6357 | train acc: 1.000 | train loss: 0.000 |val acc: 0.659 (0.639, 0.691) | val eod gap: 0.0718
begin calculating influence
[Strategy 5] Acc of expected label: 0.85892228540482
calculating influence -- done
Use 5035 samples. Get 5488 labels. Ratio: 0.9174562682215743
Files already downloaded and verified
3255 originally labeled samples, 1811 new samples, and 3689 unlabeled samples. Total: 8755
begin calculating influence
[Strategy 5] Acc of expected label: 0.6528125
calculating influence -- done
[ADD ORG DATA] Use 5035 samples. Get 20589 labels. Ratio: 0.24454805964349896
Files already downloaded and verified
3255 originally labeled samples, 8192 new samples, and 151323 unlabeled samples. Total: 162770
Epoch 10
 85.96% | time: 848.4s (468.8m) | step:   6558 | train acc: 1.000 | train loss: 0.000 |test acc: 0.659 (0.631, 0.703) | test eod gap: 0.0993
 85.96% | time:   1.5s (468.8m) | step:   6558 | train acc: 1.000 | train loss: 0.000 |val acc: 0.669 (0.653, 0.694) | val eod gap: 0.0503
begin calculating influence
[Strategy 5] Acc of expected label: 0.8427758200054215
calculating influence -- done
Use 5047 samples. Get 5491 labels. Ratio: 0.9191404115825897
Files already downloaded and verified
3255 originally labeled samples, 1824 new samples, and 3676 unlabeled samples. Total: 8755
begin calculating influence
[Strategy 5] Acc of expected label: 0.649375
calculating influence -- done
[ADD ORG DATA] Use 5047 samples. Get 21237 labels. Ratio: 0.23765126901163064
Files already downloaded and verified
3255 originally labeled samples, 8448 new samples, and 151067 unlabeled samples. Total: 162770
 88.58% | time: 847.6s (483.0m) | step:   6758 | train acc: 1.000 | train loss: 0.000 |test acc: 0.657 (0.633, 0.694) | test eod gap: 0.1083
 88.58% | time:   1.6s (483.0m) | step:   6758 | train acc: 1.000 | train loss: 0.000 |val acc: 0.677 (0.667, 0.692) | val eod gap: 0.1288
begin calculating influence
[Strategy 5] Acc of expected label: 0.8465723612622416
calculating influence -- done
Use 5071 samples. Get 5511 labels. Ratio: 0.9201596806387226
Files already downloaded and verified
3255 originally labeled samples, 1848 new samples, and 3652 unlabeled samples. Total: 8755
begin calculating influence
[Strategy 5] Acc of expected label: 0.6535546875
calculating influence -- done
[ADD ORG DATA] Use 5071 samples. Get 21808 labels. Ratio: 0.23252934702861336
Files already downloaded and verified
3255 originally labeled samples, 8704 new samples, and 150811 unlabeled samples. Total: 162770
 91.20% | time: 837.0s (496.9m) | step:   6958 | train acc: 1.000 | train loss: 0.000 |test acc: 0.669 (0.632, 0.728) | test eod gap: 0.1505
 91.20% | time:   1.5s (497.0m) | step:   6958 | train acc: 1.000 | train loss: 0.000 |val acc: 0.696 (0.651, 0.765) | val eod gap: 0.1041
begin calculating influence
calculating influence -- done
length of new labels 29
Use 5071+29 = 5100 samples.
Files already downloaded and verified
3255 originally labeled samples, 1877 new samples, and 3623 unlabeled samples. Total: 8755
begin calculating influence
[Strategy 5] Acc of expected label: 0.6697265625
calculating influence -- done
[ADD ORG DATA] Use 5100 samples. Get 22352 labels. Ratio: 0.22816750178954903
Files already downloaded and verified
3255 originally labeled samples, 8960 new samples, and 150555 unlabeled samples. Total: 162770
 91.66% | time: 786.9s (510.1m) | step:   6993 | train acc: 1.000 | train loss: 0.000 |test acc: 0.656 (0.613, 0.723) | test eod gap: 0.0919
 91.66% | time:   1.5s (510.1m) | step:   6993 | train acc: 1.000 | train loss: 0.000 |val acc: 0.680 (0.645, 0.736) | val eod gap: 0.0469
begin calculating influence
[Strategy 5] Acc of expected label: 0.8564725365719017
calculating influence -- done
Use 5102 samples. Get 5513 labels. Ratio: 0.9254489388717576
Files already downloaded and verified
3255 originally labeled samples, 1879 new samples, and 3621 unlabeled samples. Total: 8755
begin calculating influence
[Strategy 5] Acc of expected label: 0.6519921875
calculating influence -- done
[ADD ORG DATA] Use 5102 samples. Get 22802 labels. Ratio: 0.22375230242961144
Files already downloaded and verified
3255 originally labeled samples, 9216 new samples, and 150299 unlabeled samples. Total: 162770
Epoch 11
 94.30% | time: 840.1s (524.1m) | step:   7194 | train acc: 1.000 | train loss: 0.001 |test acc: 0.639 (0.605, 0.694) | test eod gap: 0.0712
 94.30% | time:   1.3s (524.1m) | step:   7194 | train acc: 1.000 | train loss: 0.001 |val acc: 0.648 (0.607, 0.712) | val eod gap: 0.0938
begin calculating influence
[Strategy 5] Acc of expected label: 0.8494890914112124
calculating influence -- done
Use 5190 samples. Get 5599 labels. Ratio: 0.926951241293088
Files already downloaded and verified
3255 originally labeled samples, 1970 new samples, and 3530 unlabeled samples. Total: 8755
begin calculating influence
[Strategy 5] Acc of expected label: 0.6362890625
calculating influence -- done
[ADD ORG DATA] Use 5190 samples. Get 23235 labels. Ratio: 0.22336991607488701
Files already downloaded and verified
3255 originally labeled samples, 9472 new samples, and 150043 unlabeled samples. Total: 162770
 96.92% | time: 856.6s (538.4m) | step:   7394 | train acc: 1.000 | train loss: 0.000 |test acc: 0.631 (0.555, 0.753) | test eod gap: 0.0825
 96.92% | time:   1.4s (538.4m) | step:   7394 | train acc: 1.000 | train loss: 0.000 |val acc: 0.637 (0.575, 0.733) | val eod gap: 0.0488
begin calculating influence
[Strategy 5] Acc of expected label: 0.8609065155807365
calculating influence -- done
Use 5190 samples. Get 5601 labels. Ratio: 0.9266202463845742
Files already downloaded and verified
3255 originally labeled samples, 1970 new samples, and 3530 unlabeled samples. Total: 8755
begin calculating influence
[Strategy 5] Acc of expected label: 0.6219921875
calculating influence -- done
[ADD ORG DATA] Use 5190 samples. Get 23740 labels. Ratio: 0.21861836562763268
Files already downloaded and verified
3255 originally labeled samples, 9728 new samples, and 149787 unlabeled samples. Total: 162770
 99.54% | time: 829.4s (552.3m) | step:   7594 | train acc: 1.000 | train loss: 0.000 |test acc: 0.665 (0.639, 0.706) | test eod gap: 0.1123
 99.54% | time:   1.3s (552.3m) | step:   7594 | train acc: 1.000 | train loss: 0.000 |val acc: 0.676 (0.661, 0.699) | val eod gap: 0.0683
begin calculating influence
[Strategy 5] Acc of expected label: 0.8535410764872521
calculating influence -- done
Use 5216 samples. Get 5608 labels. Ratio: 0.9300998573466477
Files already downloaded and verified
3255 originally labeled samples, 1997 new samples, and 3503 unlabeled samples. Total: 8755
begin calculating influence
[Strategy 5] Acc of expected label: 0.6544921875
calculating influence -- done
[ADD ORG DATA] Use 5216 samples. Get 24285 labels. Ratio: 0.21478278772905085
Files already downloaded and verified
3255 originally labeled samples, 9984 new samples, and 149531 unlabeled samples. Total: 162770
100.00% | time: 502.2s (560.6m) | step:   7629 | train acc: 1.000 | train loss: 0.000 |test acc: 0.672 (0.638, 0.726) | test eod gap: 0.1191
100.00% | time:   1.2s (560.7m) | step:   7629 | train acc: 1.000 | train loss: 0.000 |val acc: 0.667 (0.640, 0.710) | val eod gap: 0.1171
begin calculating influence
[Strategy 5] Acc of expected label: 0.8581216100485298
calculating influence -- done
Use 5222 samples. Get 5611 labels. Ratio: 0.9306718944929603
Files already downloaded and verified
3255 originally labeled samples, 2003 new samples, and 3497 unlabeled samples. Total: 8755
begin calculating influence
[Strategy 5] Acc of expected label: 0.6596875
calculating influence -- done
[ADD ORG DATA] Use 5222 samples. Get 24805 labels. Ratio: 0.2105220721628704
Files already downloaded and verified
3255 originally labeled samples, 10240 new samples, and 149275 unlabeled samples. Total: 162770
