Files already downloaded and verified
3255 originally labeled samples, 0 new samples, and 5500 unlabeled samples. Total: 8755
Files already downloaded and verified
3255 originally labeled samples, 0 new samples, and 159515 unlabeled samples. Total: 162770
Files already downloaded and verified
1996 originally labeled samples, 0 new samples, and 17966 unlabeled samples. Total: 19962
Numer of layers 200
train net...
train with 162770 samples (with replacement) in one epoch
Epoch 0
  2.62% | time:  97.5s (  1.6m) | step:    200 | train acc: 0.930 | train loss: 0.166 |warm_t acc: 0.681 (0.694, 0.661) | warm_t eod gap: 0.2902
  2.62% | time:   5.1s (  1.7m) | step:    200 | train acc: 0.930 | train loss: 0.166 |warm_v acc: 0.692 (0.704, 0.671) | warm_v eod gap: 0.2844
  5.24% | time:  85.1s (  3.1m) | step:    400 | train acc: 0.793 | train loss: 0.470 |warm_t acc: 0.666 (0.703, 0.605) | warm_t eod gap: 0.2208
  5.24% | time:   2.1s (  3.2m) | step:    400 | train acc: 0.793 | train loss: 0.470 |warm_v acc: 0.661 (0.690, 0.616) | warm_v eod gap: 0.2186
  7.86% | time:  79.8s (  4.5m) | step:    600 | train acc: 1.000 | train loss: 0.006 |warm_t acc: 0.695 (0.677, 0.724) | warm_t eod gap: 0.2688
  7.86% | time:   1.5s (  4.5m) | step:    600 | train acc: 1.000 | train loss: 0.006 |warm_v acc: 0.698 (0.691, 0.710) | warm_v eod gap: 0.2871
  8.32% | time:  21.2s (  4.9m) | step:    635 | train acc: 1.000 | train loss: 0.003 |warm_t acc: 0.695 (0.683, 0.715) | warm_t eod gap: 0.2703
  8.32% | time:   1.4s (  4.9m) | step:    635 | train acc: 1.000 | train loss: 0.003 |warm_v acc: 0.698 (0.683, 0.721) | warm_v eod gap: 0.2560
Epoch 1
 10.95% | time:  80.7s (  6.2m) | step:    835 | train acc: 1.000 | train loss: 0.000 |warm_t acc: 0.694 (0.682, 0.711) | warm_t eod gap: 0.2791
 10.95% | time:   1.6s (  6.3m) | step:    835 | train acc: 1.000 | train loss: 0.000 |warm_v acc: 0.695 (0.692, 0.699) | warm_v eod gap: 0.2599
 13.57% | time:  75.7s (  7.5m) | step:   1035 | train acc: 1.000 | train loss: 0.000 |warm_t acc: 0.694 (0.682, 0.713) | warm_t eod gap: 0.2795
 13.57% | time:   1.5s (  7.6m) | step:   1035 | train acc: 1.000 | train loss: 0.000 |warm_v acc: 0.689 (0.681, 0.701) | warm_v eod gap: 0.2947
 16.19% | time:  85.4s (  9.0m) | step:   1235 | train acc: 1.000 | train loss: 0.000 |warm_t acc: 0.694 (0.683, 0.712) | warm_t eod gap: 0.2799
 16.19% | time:   1.4s (  9.0m) | step:   1235 | train acc: 1.000 | train loss: 0.000 |warm_v acc: 0.684 (0.674, 0.699) | warm_v eod gap: 0.2680
 16.65% | time:  29.3s (  9.5m) | step:   1270 | train acc: 1.000 | train loss: 0.000 |warm_t acc: 0.694 (0.683, 0.712) | warm_t eod gap: 0.2801
 16.65% | time:   1.2s (  9.5m) | step:   1270 | train acc: 1.000 | train loss: 0.000 |warm_v acc: 0.694 (0.692, 0.697) | warm_v eod gap: 0.2698
Epoch 2
 19.28% | time:  84.1s ( 10.9m) | step:   1471 | train acc: 1.000 | train loss: 0.000 |test acc: 0.694 (0.682, 0.713) | test eod gap: 0.2801
 19.28% | time:   1.3s ( 10.9m) | step:   1471 | train acc: 1.000 | train loss: 0.000 |val acc: 0.702 (0.701, 0.704) | val eod gap: 0.2864
begin calculating influence
selected layers: [Traced<ShapedArray(float32[768])>with<DynamicJaxprTrace(level=0/1)>, Traced<ShapedArray(float32[8,8,3,768])>with<DynamicJaxprTrace(level=0/1)>, Traced<ShapedArray(float32[2])>with<DynamicJaxprTrace(level=0/1)>, Traced<ShapedArray(float32[768,2])>with<DynamicJaxprTrace(level=0/1)>]
[Strategy 5] Acc of expected label: 0.766
calculating influence -- done
Use 3480 samples. Get 3518 labels. Ratio: 0.9891984081864695
Files already downloaded and verified
3255 originally labeled samples, 229 new samples, and 5271 unlabeled samples. Total: 8755
begin calculating influence
[Strategy 5] Acc of expected label: 0.7059375
calculating influence -- done
[ADD ORG DATA] Use 3480 samples. Get 3814 labels. Ratio: 0.9124278972207656
Files already downloaded and verified
3255 originally labeled samples, 256 new samples, and 159259 unlabeled samples. Total: 162770
 21.90% | time: 869.0s ( 25.4m) | step:   1671 | train acc: 1.000 | train loss: 0.003 |test acc: 0.643 (0.669, 0.601) | test eod gap: 0.2071
 21.90% | time:   1.4s ( 25.4m) | step:   1671 | train acc: 1.000 | train loss: 0.003 |val acc: 0.645 (0.657, 0.626) | val eod gap: 0.2554
begin calculating influence
[Strategy 5] Acc of expected label: 0.8594194649971543
calculating influence -- done
Use 3625 samples. Get 3810 labels. Ratio: 0.9514435695538058
Files already downloaded and verified
3255 originally labeled samples, 376 new samples, and 5124 unlabeled samples. Total: 8755
begin calculating influence
[Strategy 5] Acc of expected label: 0.65890625
calculating influence -- done
[ADD ORG DATA] Use 3625 samples. Get 4241 labels. Ratio: 0.8547512379155859
Files already downloaded and verified
3255 originally labeled samples, 512 new samples, and 159003 unlabeled samples. Total: 162770
 24.52% | time: 853.5s ( 39.7m) | step:   1871 | train acc: 0.859 | train loss: 0.290 |test acc: 0.691 (0.691, 0.692) | test eod gap: 0.2739
 24.52% | time:   1.5s ( 39.7m) | step:   1871 | train acc: 0.859 | train loss: 0.290 |val acc: 0.694 (0.700, 0.684) | val eod gap: 0.2629
begin calculating influence
[Strategy 5] Acc of expected label: 0.7730288836846214
calculating influence -- done
Use 3756 samples. Get 4111 labels. Ratio: 0.9136463147652639
Files already downloaded and verified
3255 originally labeled samples, 510 new samples, and 4990 unlabeled samples. Total: 8755
begin calculating influence
[Strategy 5] Acc of expected label: 0.7093359375
calculating influence -- done
[ADD ORG DATA] Use 3756 samples. Get 4675 labels. Ratio: 0.8034224598930482
Files already downloaded and verified
3255 originally labeled samples, 768 new samples, and 158747 unlabeled samples. Total: 162770
 24.98% | time: 765.0s ( 52.4m) | step:   1906 | train acc: 1.000 | train loss: 0.014 |test acc: 0.692 (0.692, 0.692) | test eod gap: 0.2680
 24.98% | time:   1.5s ( 52.5m) | step:   1906 | train acc: 1.000 | train loss: 0.014 |val acc: 0.703 (0.716, 0.684) | val eod gap: 0.2617
begin calculating influence
[Strategy 5] Acc of expected label: 0.7571142284569138
calculating influence -- done
Use 3770 samples. Get 4133 labels. Ratio: 0.9121703363174449
Files already downloaded and verified
3255 originally labeled samples, 524 new samples, and 4976 unlabeled samples. Total: 8755
begin calculating influence
[Strategy 5] Acc of expected label: 0.7106640625
calculating influence -- done
[ADD ORG DATA] Use 3770 samples. Get 5087 labels. Ratio: 0.7411047768822489
Files already downloaded and verified
3255 originally labeled samples, 1024 new samples, and 158491 unlabeled samples. Total: 162770
Epoch 3
 27.62% | time: 852.5s ( 66.7m) | step:   2107 | train acc: 1.000 | train loss: 0.002 |test acc: 0.574 (0.496, 0.698) | test eod gap: 0.0169
 27.62% | time:   1.4s ( 66.7m) | step:   2107 | train acc: 1.000 | train loss: 0.002 |val acc: 0.583 (0.507, 0.704) | val eod gap: 0.0433
begin calculating influence
[Strategy 5] Acc of expected label: 0.5363745980707395
calculating influence -- done
Use 3832 samples. Get 4493 labels. Ratio: 0.8528822612953483
Files already downloaded and verified
3255 originally labeled samples, 587 new samples, and 4913 unlabeled samples. Total: 8755
begin calculating influence
[Strategy 5] Acc of expected label: 0.57984375
calculating influence -- done
[ADD ORG DATA] Use 3832 samples. Get 5409 labels. Ratio: 0.7084488814938066
Files already downloaded and verified
3255 originally labeled samples, 1280 new samples, and 158235 unlabeled samples. Total: 162770
 30.24% | time: 827.1s ( 80.5m) | step:   2307 | train acc: 1.000 | train loss: 0.006 |test acc: 0.671 (0.645, 0.714) | test eod gap: 0.1643
 30.24% | time:   1.5s ( 80.5m) | step:   2307 | train acc: 1.000 | train loss: 0.006 |val acc: 0.677 (0.653, 0.713) | val eod gap: 0.0855
begin calculating influence
[Strategy 5] Acc of expected label: 0.5857927946265011
calculating influence -- done
Use 4084 samples. Get 4776 labels. Ratio: 0.855108877721943
Files already downloaded and verified
3255 originally labeled samples, 843 new samples, and 4657 unlabeled samples. Total: 8755
begin calculating influence
[Strategy 5] Acc of expected label: 0.6790625
calculating influence -- done
[ADD ORG DATA] Use 4084 samples. Get 6093 labels. Ratio: 0.6702773674708682
Files already downloaded and verified
3255 originally labeled samples, 1536 new samples, and 157979 unlabeled samples. Total: 162770
 32.86% | time: 820.3s ( 94.2m) | step:   2507 | train acc: 1.000 | train loss: 0.002 |test acc: 0.637 (0.677, 0.572) | test eod gap: 0.1438
 32.86% | time:   1.5s ( 94.2m) | step:   2507 | train acc: 1.000 | train loss: 0.002 |val acc: 0.660 (0.699, 0.599) | val eod gap: 0.1383
begin calculating influence
[Strategy 5] Acc of expected label: 0.687137642258965
calculating influence -- done
Use 4276 samples. Get 4961 labels. Ratio: 0.8619229993952832
Files already downloaded and verified
3255 originally labeled samples, 1038 new samples, and 4462 unlabeled samples. Total: 8755
begin calculating influence
[Strategy 5] Acc of expected label: 0.666875
calculating influence -- done
[ADD ORG DATA] Use 4276 samples. Get 6565 labels. Ratio: 0.6513328255902513
Files already downloaded and verified
3255 originally labeled samples, 1792 new samples, and 157723 unlabeled samples. Total: 162770
 33.32% | time: 761.4s (106.9m) | step:   2542 | train acc: 0.992 | train loss: 0.013 |test acc: 0.688 (0.662, 0.730) | test eod gap: 0.2268
 33.32% | time:   1.5s (106.9m) | step:   2542 | train acc: 0.992 | train loss: 0.013 |val acc: 0.688 (0.680, 0.700) | val eod gap: 0.1896
begin calculating influence
[Strategy 5] Acc of expected label: 0.7523532048408785
calculating influence -- done
Use 4467 samples. Get 5242 labels. Ratio: 0.8521556657764212
Files already downloaded and verified
3255 originally labeled samples, 1236 new samples, and 4264 unlabeled samples. Total: 8755
begin calculating influence
[Strategy 5] Acc of expected label: 0.697109375
calculating influence -- done
[ADD ORG DATA] Use 4467 samples. Get 7208 labels. Ratio: 0.6197280799112098
Files already downloaded and verified
3255 originally labeled samples, 2048 new samples, and 157467 unlabeled samples. Total: 162770
Epoch 4
 35.95% | time: 836.9s (120.9m) | step:   2743 | train acc: 1.000 | train loss: 0.004 |test acc: 0.660 (0.640, 0.691) | test eod gap: 0.1679
 35.95% | time:   1.5s (120.9m) | step:   2743 | train acc: 1.000 | train loss: 0.004 |val acc: 0.662 (0.642, 0.693) | val eod gap: 0.1371
begin calculating influence
[Strategy 5] Acc of expected label: 0.7014540337711069
calculating influence -- done
Use 4619 samples. Get 5392 labels. Ratio: 0.8566394658753709
Files already downloaded and verified
3255 originally labeled samples, 1391 new samples, and 4109 unlabeled samples. Total: 8755
begin calculating influence
[Strategy 5] Acc of expected label: 0.6741796875
calculating influence -- done
[ADD ORG DATA] Use 4619 samples. Get 7888 labels. Ratio: 0.5855730223123732
Files already downloaded and verified
3255 originally labeled samples, 2304 new samples, and 157211 unlabeled samples. Total: 162770
 38.58% | time: 818.9s (134.5m) | step:   2943 | train acc: 1.000 | train loss: 0.009 |test acc: 0.670 (0.661, 0.683) | test eod gap: 0.2172
 38.58% | time:   2.7s (134.6m) | step:   2943 | train acc: 1.000 | train loss: 0.009 |val acc: 0.686 (0.688, 0.683) | val eod gap: 0.1960
begin calculating influence
[Strategy 5] Acc of expected label: 0.7120954003407155
calculating influence -- done
Use 4671 samples. Get 5446 labels. Ratio: 0.8576937201615865
Files already downloaded and verified
3255 originally labeled samples, 1443 new samples, and 4057 unlabeled samples. Total: 8755
begin calculating influence
[Strategy 5] Acc of expected label: 0.6797265625
calculating influence -- done
[ADD ORG DATA] Use 4671 samples. Get 8586 labels. Ratio: 0.5440251572327044
Files already downloaded and verified
3255 originally labeled samples, 2560 new samples, and 156955 unlabeled samples. Total: 162770
 41.20% | time: 829.2s (148.4m) | step:   3143 | train acc: 1.000 | train loss: 0.001 |test acc: 0.671 (0.684, 0.652) | test eod gap: 0.1848
 41.20% | time:   1.4s (148.4m) | step:   3143 | train acc: 1.000 | train loss: 0.001 |val acc: 0.676 (0.688, 0.657) | val eod gap: 0.1412
begin calculating influence
[Strategy 5] Acc of expected label: 0.7362583189548928
calculating influence -- done
Use 4701 samples. Get 5470 labels. Ratio: 0.8594149908592322
Files already downloaded and verified
3255 originally labeled samples, 1474 new samples, and 4026 unlabeled samples. Total: 8755
begin calculating influence
[Strategy 5] Acc of expected label: 0.68703125
calculating influence -- done
[ADD ORG DATA] Use 4701 samples. Get 9096 labels. Ratio: 0.5168205804749341
Files already downloaded and verified
3255 originally labeled samples, 2816 new samples, and 156699 unlabeled samples. Total: 162770
 41.66% | time: 775.9s (161.4m) | step:   3178 | train acc: 0.996 | train loss: 0.005 |test acc: 0.688 (0.674, 0.711) | test eod gap: 0.2247
 41.66% | time:   1.4s (161.4m) | step:   3178 | train acc: 0.996 | train loss: 0.005 |val acc: 0.695 (0.683, 0.714) | val eod gap: 0.1980
begin calculating influence
[Strategy 5] Acc of expected label: 0.7757078986587184
calculating influence -- done
Use 4890 samples. Get 5594 labels. Ratio: 0.8741508759385055
Files already downloaded and verified
3255 originally labeled samples, 1667 new samples, and 3833 unlabeled samples. Total: 8755
begin calculating influence
[Strategy 5] Acc of expected label: 0.69765625
calculating influence -- done
[ADD ORG DATA] Use 4890 samples. Get 9815 labels. Ratio: 0.49821701477330615
Files already downloaded and verified
3255 originally labeled samples, 3072 new samples, and 156443 unlabeled samples. Total: 162770
Epoch 5
 44.29% | time: 839.7s (175.4m) | step:   3379 | train acc: 1.000 | train loss: 0.001 |test acc: 0.646 (0.607, 0.708) | test eod gap: 0.1562
 44.29% | time:   1.2s (175.4m) | step:   3379 | train acc: 1.000 | train loss: 0.001 |val acc: 0.656 (0.626, 0.703) | val eod gap: 0.1431
begin calculating influence
[Strategy 5] Acc of expected label: 0.7944169058178973
calculating influence -- done
Use 4901 samples. Get 5635 labels. Ratio: 0.8697426796805678
Files already downloaded and verified
3255 originally labeled samples, 1678 new samples, and 3822 unlabeled samples. Total: 8755
begin calculating influence
[Strategy 5] Acc of expected label: 0.64453125
calculating influence -- done
[ADD ORG DATA] Use 4901 samples. Get 10343 labels. Ratio: 0.47384704631151503
Files already downloaded and verified
3255 originally labeled samples, 3328 new samples, and 156187 unlabeled samples. Total: 162770
 46.91% | time: 816.4s (189.0m) | step:   3579 | train acc: 1.000 | train loss: 0.002 |test acc: 0.675 (0.644, 0.724) | test eod gap: 0.1752
 46.91% | time:   1.4s (189.0m) | step:   3579 | train acc: 1.000 | train loss: 0.002 |val acc: 0.686 (0.676, 0.700) | val eod gap: 0.1388
begin calculating influence
[Strategy 5] Acc of expected label: 0.8181580324437467
calculating influence -- done
Use 4915 samples. Get 5676 labels. Ratio: 0.8659267089499648
Files already downloaded and verified
3255 originally labeled samples, 1692 new samples, and 3808 unlabeled samples. Total: 8755
begin calculating influence
[Strategy 5] Acc of expected label: 0.674609375
calculating influence -- done
[ADD ORG DATA] Use 4915 samples. Get 10947 labels. Ratio: 0.4489814561066959
Files already downloaded and verified
3255 originally labeled samples, 3584 new samples, and 155931 unlabeled samples. Total: 162770
 49.53% | time: 824.8s (202.8m) | step:   3779 | train acc: 0.988 | train loss: 0.026 |test acc: 0.663 (0.649, 0.687) | test eod gap: 0.1534
 49.53% | time:   1.4s (202.8m) | step:   3779 | train acc: 0.988 | train loss: 0.026 |val acc: 0.678 (0.687, 0.663) | val eod gap: 0.1003
begin calculating influence
[Strategy 5] Acc of expected label: 0.7991071428571429
calculating influence -- done
Use 4920 samples. Get 5686 labels. Ratio: 0.8652831516004221
Files already downloaded and verified
3255 originally labeled samples, 1697 new samples, and 3803 unlabeled samples. Total: 8755
begin calculating influence
[Strategy 5] Acc of expected label: 0.664453125
calculating influence -- done
[ADD ORG DATA] Use 4920 samples. Get 11517 labels. Ratio: 0.42719458192237564
Files already downloaded and verified
3255 originally labeled samples, 3840 new samples, and 155675 unlabeled samples. Total: 162770
 49.99% | time: 780.3s (215.8m) | step:   3814 | train acc: 1.000 | train loss: 0.001 |test acc: 0.659 (0.636, 0.695) | test eod gap: 0.1486
 49.99% | time:   1.2s (215.8m) | step:   3814 | train acc: 1.000 | train loss: 0.001 |val acc: 0.681 (0.666, 0.704) | val eod gap: 0.1176
begin calculating influence
[Strategy 5] Acc of expected label: 0.7938469629240074
calculating influence -- done
Use 4940 samples. Get 5705 labels. Ratio: 0.8659070990359334
Files already downloaded and verified
3255 originally labeled samples, 1718 new samples, and 3782 unlabeled samples. Total: 8755
begin calculating influence
[Strategy 5] Acc of expected label: 0.665859375
calculating influence -- done
[ADD ORG DATA] Use 4940 samples. Get 12178 labels. Ratio: 0.40564953194284775
Files already downloaded and verified
3255 originally labeled samples, 4096 new samples, and 155419 unlabeled samples. Total: 162770
Epoch 6
 52.62% | time: 834.0s (229.7m) | step:   4014 | train acc: 1.000 | train loss: 0.002 |test acc: 0.601 (0.546, 0.688) | test eod gap: 0.0781
 52.62% | time:   1.4s (229.7m) | step:   4014 | train acc: 1.000 | train loss: 0.002 |val acc: 0.611 (0.572, 0.672) | val eod gap: 0.0338
begin calculating influence
[Strategy 5] Acc of expected label: 0.8024854574299313
calculating influence -- done
Use 4950 samples. Get 5732 labels. Ratio: 0.863572923935799
Files already downloaded and verified
3255 originally labeled samples, 1728 new samples, and 3772 unlabeled samples. Total: 8755
begin calculating influence
[Strategy 5] Acc of expected label: 0.601796875
calculating influence -- done
[ADD ORG DATA] Use 4950 samples. Get 12729 labels. Ratio: 0.38887579542776335
Files already downloaded and verified
3255 originally labeled samples, 4352 new samples, and 155163 unlabeled samples. Total: 162770
 55.24% | time: 839.5s (243.7m) | step:   4214 | train acc: 1.000 | train loss: 0.001 |test acc: 0.640 (0.615, 0.679) | test eod gap: 0.0884
 55.24% | time:   1.4s (243.8m) | step:   4214 | train acc: 1.000 | train loss: 0.001 |val acc: 0.628 (0.613, 0.651) | val eod gap: 0.0666
begin calculating influence
[Strategy 5] Acc of expected label: 0.7926829268292683
calculating influence -- done
Use 4953 samples. Get 5737 labels. Ratio: 0.8633432107373191
Files already downloaded and verified
3255 originally labeled samples, 1731 new samples, and 3769 unlabeled samples. Total: 8755
begin calculating influence
[Strategy 5] Acc of expected label: 0.6505859375
calculating influence -- done
[ADD ORG DATA] Use 4953 samples. Get 13270 labels. Ratio: 0.3732479276563678
Files already downloaded and verified
3255 originally labeled samples, 4608 new samples, and 154907 unlabeled samples. Total: 162770
 57.86% | time: 817.3s (257.4m) | step:   4414 | train acc: 1.000 | train loss: 0.000 |test acc: 0.643 (0.628, 0.666) | test eod gap: 0.1321
 57.86% | time:   1.4s (257.4m) | step:   4414 | train acc: 1.000 | train loss: 0.000 |val acc: 0.637 (0.633, 0.642) | val eod gap: 0.0914
begin calculating influence
[Strategy 5] Acc of expected label: 0.7922525868930751
calculating influence -- done
Use 4984 samples. Get 5757 labels. Ratio: 0.865728678130971
Files already downloaded and verified
3255 originally labeled samples, 1762 new samples, and 3738 unlabeled samples. Total: 8755
begin calculating influence
[Strategy 5] Acc of expected label: 0.6566015625
calculating influence -- done
[ADD ORG DATA] Use 4984 samples. Get 13745 labels. Ratio: 0.3626045834849036
Files already downloaded and verified
3255 originally labeled samples, 4864 new samples, and 154651 unlabeled samples. Total: 162770
 58.32% | time: 748.8s (269.9m) | step:   4449 | train acc: 0.934 | train loss: 0.129 |test acc: 0.655 (0.630, 0.693) | test eod gap: 0.1510
 58.32% | time:   1.4s (269.9m) | step:   4449 | train acc: 0.934 | train loss: 0.129 |val acc: 0.684 (0.669, 0.706) | val eod gap: 0.1165
begin calculating influence
[Strategy 5] Acc of expected label: 0.8138041733547352
calculating influence -- done
Use 5005 samples. Get 5771 labels. Ratio: 0.8672673713394559
Files already downloaded and verified
3255 originally labeled samples, 1783 new samples, and 3717 unlabeled samples. Total: 8755
begin calculating influence
[Strategy 5] Acc of expected label: 0.65796875
calculating influence -- done
[ADD ORG DATA] Use 5005 samples. Get 14264 labels. Ratio: 0.35088334268087495
Files already downloaded and verified
3255 originally labeled samples, 5120 new samples, and 154395 unlabeled samples. Total: 162770
Epoch 7
 60.95% | time: 811.7s (283.4m) | step:   4650 | train acc: 1.000 | train loss: 0.000 |test acc: 0.682 (0.671, 0.698) | test eod gap: 0.1780
 60.95% | time:   1.6s (283.5m) | step:   4650 | train acc: 1.000 | train loss: 0.000 |val acc: 0.709 (0.707, 0.712) | val eod gap: 0.1360
begin calculating influence
[Strategy 5] Acc of expected label: 0.8036050578423459
calculating influence -- done
Use 5128 samples. Get 5834 labels. Ratio: 0.8789852588275625
Files already downloaded and verified
3255 originally labeled samples, 1909 new samples, and 3591 unlabeled samples. Total: 8755
begin calculating influence
[Strategy 5] Acc of expected label: 0.6949609375
calculating influence -- done
[ADD ORG DATA] Use 5128 samples. Get 14873 labels. Ratio: 0.3447858535601425
Files already downloaded and verified
3255 originally labeled samples, 5376 new samples, and 154139 unlabeled samples. Total: 162770
 63.57% | time: 833.8s (297.4m) | step:   4850 | train acc: 1.000 | train loss: 0.000 |test acc: 0.643 (0.630, 0.663) | test eod gap: 0.1072
 63.57% | time:   1.5s (297.4m) | step:   4850 | train acc: 1.000 | train loss: 0.000 |val acc: 0.650 (0.648, 0.652) | val eod gap: 0.1412
begin calculating influence
[Strategy 5] Acc of expected label: 0.8148148148148148
calculating influence -- done
Use 5226 samples. Get 5879 labels. Ratio: 0.888926688212281
Files already downloaded and verified
3255 originally labeled samples, 2010 new samples, and 3490 unlabeled samples. Total: 8755
begin calculating influence
[Strategy 5] Acc of expected label: 0.6547265625
calculating influence -- done
[ADD ORG DATA] Use 5226 samples. Get 15418 labels. Ratio: 0.33895446880269814
Files already downloaded and verified
3255 originally labeled samples, 5632 new samples, and 153883 unlabeled samples. Total: 162770
 66.19% | time: 817.5s (311.0m) | step:   5050 | train acc: 1.000 | train loss: 0.001 |test acc: 0.664 (0.655, 0.677) | test eod gap: 0.1505
 66.19% | time:   1.5s (311.0m) | step:   5050 | train acc: 1.000 | train loss: 0.001 |val acc: 0.676 (0.676, 0.677) | val eod gap: 0.1227
begin calculating influence
[Strategy 5] Acc of expected label: 0.8229226361031519
calculating influence -- done
Use 5245 samples. Get 5891 labels. Ratio: 0.8903411984382957
Files already downloaded and verified
3255 originally labeled samples, 2032 new samples, and 3468 unlabeled samples. Total: 8755
begin calculating influence
[Strategy 5] Acc of expected label: 0.6665625
calculating influence -- done
[ADD ORG DATA] Use 5245 samples. Get 16152 labels. Ratio: 0.3247275879148093
Files already downloaded and verified
3255 originally labeled samples, 5888 new samples, and 153627 unlabeled samples. Total: 162770
 66.65% | time: 743.7s (323.4m) | step:   5085 | train acc: 0.996 | train loss: 0.010 |test acc: 0.643 (0.597, 0.717) | test eod gap: 0.0928
 66.65% | time:   1.5s (323.5m) | step:   5085 | train acc: 0.996 | train loss: 0.010 |val acc: 0.649 (0.606, 0.716) | val eod gap: 0.0784
begin calculating influence
[Strategy 5] Acc of expected label: 0.8241061130334487
calculating influence -- done
Use 5246 samples. Get 5896 labels. Ratio: 0.8897557666214383
Files already downloaded and verified
3255 originally labeled samples, 2034 new samples, and 3466 unlabeled samples. Total: 8755
begin calculating influence
[Strategy 5] Acc of expected label: 0.65234375
calculating influence -- done
[ADD ORG DATA] Use 5246 samples. Get 16670 labels. Ratio: 0.31469706058788244
Files already downloaded and verified
3255 originally labeled samples, 6144 new samples, and 153371 unlabeled samples. Total: 162770
Epoch 8
 69.29% | time: 818.9s (337.1m) | step:   5286 | train acc: 0.875 | train loss: 0.273 |test acc: 0.618 (0.582, 0.677) | test eod gap: 0.0702
 69.29% | time:   1.4s (337.1m) | step:   5286 | train acc: 0.875 | train loss: 0.273 |val acc: 0.615 (0.592, 0.652) | val eod gap: 0.0222
begin calculating influence
[Strategy 5] Acc of expected label: 0.8159261396422389
calculating influence -- done
Use 5257 samples. Get 5905 labels. Ratio: 0.8902624894157494
Files already downloaded and verified
3255 originally labeled samples, 2045 new samples, and 3455 unlabeled samples. Total: 8755
begin calculating influence
[Strategy 5] Acc of expected label: 0.6192578125
calculating influence -- done
[ADD ORG DATA] Use 5257 samples. Get 17139 labels. Ratio: 0.30672734698640525
Files already downloaded and verified
3255 originally labeled samples, 6400 new samples, and 153115 unlabeled samples. Total: 162770
 71.91% | time: 825.5s (350.9m) | step:   5486 | train acc: 1.000 | train loss: 0.000 |test acc: 0.653 (0.629, 0.692) | test eod gap: 0.1343
 71.91% | time:   1.3s (350.9m) | step:   5486 | train acc: 1.000 | train loss: 0.000 |val acc: 0.650 (0.630, 0.683) | val eod gap: 0.0692
begin calculating influence
[Strategy 5] Acc of expected label: 0.8260492040520984
calculating influence -- done
Use 5261 samples. Get 5907 labels. Ratio: 0.8906382258337565
Files already downloaded and verified
3255 originally labeled samples, 2049 new samples, and 3451 unlabeled samples. Total: 8755
begin calculating influence
[Strategy 5] Acc of expected label: 0.662265625
calculating influence -- done
[ADD ORG DATA] Use 5261 samples. Get 17629 labels. Ratio: 0.2984287253956549
Files already downloaded and verified
3255 originally labeled samples, 6656 new samples, and 152859 unlabeled samples. Total: 162770
 74.53% | time: 827.7s (364.7m) | step:   5686 | train acc: 1.000 | train loss: 0.002 |test acc: 0.650 (0.654, 0.642) | test eod gap: 0.1166
 74.53% | time:   1.5s (364.7m) | step:   5686 | train acc: 1.000 | train loss: 0.002 |val acc: 0.654 (0.677, 0.618) | val eod gap: 0.0827
begin calculating influence
[Strategy 5] Acc of expected label: 0.8107794842074761
calculating influence -- done
Use 5457 samples. Get 6064 labels. Ratio: 0.899901055408971
Files already downloaded and verified
3255 originally labeled samples, 2251 new samples, and 3249 unlabeled samples. Total: 8755
begin calculating influence
[Strategy 5] Acc of expected label: 0.661328125
calculating influence -- done
[ADD ORG DATA] Use 5457 samples. Get 18279 labels. Ratio: 0.2985393074019366
Files already downloaded and verified
3255 originally labeled samples, 6912 new samples, and 152603 unlabeled samples. Total: 162770
 74.99% | time: 755.6s (377.3m) | step:   5721 | train acc: 1.000 | train loss: 0.001 |test acc: 0.661 (0.628, 0.714) | test eod gap: 0.1345
 74.99% | time:   1.5s (377.3m) | step:   5721 | train acc: 1.000 | train loss: 0.001 |val acc: 0.671 (0.646, 0.713) | val eod gap: 0.0973
begin calculating influence
[Strategy 5] Acc of expected label: 0.8159433671899046
calculating influence -- done
Use 5460 samples. Get 6066 labels. Ratio: 0.9000989119683481
Files already downloaded and verified
3255 originally labeled samples, 2254 new samples, and 3246 unlabeled samples. Total: 8755
begin calculating influence
[Strategy 5] Acc of expected label: 0.6644140625
calculating influence -- done
[ADD ORG DATA] Use 5460 samples. Get 18802 labels. Ratio: 0.2903946388682055
Files already downloaded and verified
3255 originally labeled samples, 7168 new samples, and 152347 unlabeled samples. Total: 162770
Epoch 9
 77.62% | time: 805.6s (390.8m) | step:   5922 | train acc: 1.000 | train loss: 0.000 |test acc: 0.682 (0.680, 0.685) | test eod gap: 0.1427
 77.62% | time:   1.4s (390.8m) | step:   5922 | train acc: 1.000 | train loss: 0.000 |val acc: 0.697 (0.712, 0.674) | val eod gap: 0.1207
begin calculating influence
[Strategy 5] Acc of expected label: 0.8166974738139249
calculating influence -- done
Use 5484 samples. Get 6075 labels. Ratio: 0.9027160493827161
Files already downloaded and verified
3255 originally labeled samples, 2278 new samples, and 3222 unlabeled samples. Total: 8755
begin calculating influence
[Strategy 5] Acc of expected label: 0.6910546875
calculating influence -- done
[ADD ORG DATA] Use 5484 samples. Get 19342 labels. Ratio: 0.28352807362216936
Files already downloaded and verified
3255 originally labeled samples, 7424 new samples, and 152091 unlabeled samples. Total: 162770
 80.25% | time: 822.9s (404.5m) | step:   6122 | train acc: 1.000 | train loss: 0.000 |test acc: 0.634 (0.582, 0.717) | test eod gap: 0.0690
 80.25% | time:   1.4s (404.5m) | step:   6122 | train acc: 1.000 | train loss: 0.000 |val acc: 0.641 (0.601, 0.703) | val eod gap: 0.0509
begin calculating influence
[Strategy 5] Acc of expected label: 0.8296089385474861
calculating influence -- done
Use 5489 samples. Get 6081 labels. Ratio: 0.9026475908567669
Files already downloaded and verified
3255 originally labeled samples, 2283 new samples, and 3217 unlabeled samples. Total: 8755
begin calculating influence
[Strategy 5] Acc of expected label: 0.6331640625
calculating influence -- done
[ADD ORG DATA] Use 5489 samples. Get 19877 labels. Ratio: 0.27614831211953517
Files already downloaded and verified
3255 originally labeled samples, 7680 new samples, and 151835 unlabeled samples. Total: 162770
 82.87% | time: 820.4s (418.2m) | step:   6322 | train acc: 1.000 | train loss: 0.000 |test acc: 0.662 (0.628, 0.717) | test eod gap: 0.1044
 82.87% | time:   1.5s (418.2m) | step:   6322 | train acc: 1.000 | train loss: 0.000 |val acc: 0.667 (0.638, 0.715) | val eod gap: 0.0827
begin calculating influence
[Strategy 5] Acc of expected label: 0.8305875038856078
calculating influence -- done
Use 5493 samples. Get 6088 labels. Ratio: 0.9022667542706965
Files already downloaded and verified
3255 originally labeled samples, 2287 new samples, and 3213 unlabeled samples. Total: 8755
begin calculating influence
[Strategy 5] Acc of expected label: 0.657734375
calculating influence -- done
[ADD ORG DATA] Use 5493 samples. Get 20382 labels. Ratio: 0.26950250220783045
Files already downloaded and verified
3255 originally labeled samples, 7936 new samples, and 151579 unlabeled samples. Total: 162770
 83.33% | time: 754.1s (430.8m) | step:   6357 | train acc: 0.996 | train loss: 0.006 |test acc: 0.658 (0.622, 0.716) | test eod gap: 0.1071
 83.33% | time:   1.4s (430.8m) | step:   6357 | train acc: 0.996 | train loss: 0.006 |val acc: 0.664 (0.627, 0.722) | val eod gap: 0.0970
begin calculating influence
[Strategy 5] Acc of expected label: 0.8272642390289449
calculating influence -- done
Use 5497 samples. Get 6090 labels. Ratio: 0.9026272577996716
Files already downloaded and verified
3255 originally labeled samples, 2291 new samples, and 3209 unlabeled samples. Total: 8755
begin calculating influence
[Strategy 5] Acc of expected label: 0.6577734375
calculating influence -- done
[ADD ORG DATA] Use 5497 samples. Get 20973 labels. Ratio: 0.2620988890478234
Files already downloaded and verified
3255 originally labeled samples, 8192 new samples, and 151323 unlabeled samples. Total: 162770
Epoch 10
 85.96% | time: 826.4s (444.6m) | step:   6558 | train acc: 1.000 | train loss: 0.000 |test acc: 0.655 (0.618, 0.713) | test eod gap: 0.1123
 85.96% | time:   1.4s (444.6m) | step:   6558 | train acc: 1.000 | train loss: 0.000 |val acc: 0.665 (0.637, 0.708) | val eod gap: 0.0878
begin calculating influence
[Strategy 5] Acc of expected label: 0.8301651604861328
calculating influence -- done
Use 5505 samples. Get 6099 labels. Ratio: 0.9026069847515986
Files already downloaded and verified
3255 originally labeled samples, 2299 new samples, and 3201 unlabeled samples. Total: 8755
begin calculating influence
[Strategy 5] Acc of expected label: 0.654921875
calculating influence -- done
[ADD ORG DATA] Use 5505 samples. Get 21491 labels. Ratio: 0.25615373877437064
Files already downloaded and verified
3255 originally labeled samples, 8448 new samples, and 151067 unlabeled samples. Total: 162770
 88.58% | time: 819.8s (458.3m) | step:   6758 | train acc: 1.000 | train loss: 0.000 |test acc: 0.650 (0.632, 0.678) | test eod gap: 0.1120
 88.58% | time:   1.4s (458.3m) | step:   6758 | train acc: 1.000 | train loss: 0.000 |val acc: 0.669 (0.666, 0.672) | val eod gap: 0.0663
begin calculating influence
[Strategy 5] Acc of expected label: 0.8253670727897532
calculating influence -- done
Use 5513 samples. Get 6101 labels. Ratio: 0.9036223569906573
Files already downloaded and verified
3255 originally labeled samples, 2307 new samples, and 3193 unlabeled samples. Total: 8755
begin calculating influence
[Strategy 5] Acc of expected label: 0.6558984375
calculating influence -- done
[ADD ORG DATA] Use 5513 samples. Get 21889 labels. Ratio: 0.251861665676824
Files already downloaded and verified
3255 originally labeled samples, 8704 new samples, and 150811 unlabeled samples. Total: 162770
 91.20% | time: 827.4s (472.1m) | step:   6958 | train acc: 1.000 | train loss: 0.000 |test acc: 0.667 (0.662, 0.676) | test eod gap: 0.1220
 91.20% | time:   1.4s (472.1m) | step:   6958 | train acc: 1.000 | train loss: 0.000 |val acc: 0.673 (0.684, 0.655) | val eod gap: 0.0889
begin calculating influence
[Strategy 5] Acc of expected label: 0.8283745693704979
calculating influence -- done
Use 5531 samples. Get 6109 labels. Ratio: 0.9053854968079882
Files already downloaded and verified
3255 originally labeled samples, 2325 new samples, and 3175 unlabeled samples. Total: 8755
begin calculating influence
[Strategy 5] Acc of expected label: 0.67640625
calculating influence -- done
[ADD ORG DATA] Use 5531 samples. Get 22600 labels. Ratio: 0.2447345132743363
Files already downloaded and verified
3255 originally labeled samples, 8960 new samples, and 150555 unlabeled samples. Total: 162770
 91.66% | time: 759.6s (484.8m) | step:   6993 | train acc: 1.000 | train loss: 0.000 |test acc: 0.655 (0.648, 0.666) | test eod gap: 0.0955
 91.66% | time:   1.3s (484.8m) | step:   6993 | train acc: 1.000 | train loss: 0.000 |val acc: 0.674 (0.676, 0.672) | val eod gap: 0.0712
begin calculating influence
[Strategy 5] Acc of expected label: 0.8381102362204724
calculating influence -- done
Use 5552 samples. Get 6112 labels. Ratio: 0.9083769633507853
Files already downloaded and verified
3255 originally labeled samples, 2347 new samples, and 3153 unlabeled samples. Total: 8755
begin calculating influence
[Strategy 5] Acc of expected label: 0.66203125
calculating influence -- done
[ADD ORG DATA] Use 5552 samples. Get 23143 labels. Ratio: 0.23989975370522404
Files already downloaded and verified
3255 originally labeled samples, 9216 new samples, and 150299 unlabeled samples. Total: 162770
Epoch 11
 94.30% | time: 815.5s (498.4m) | step:   7194 | train acc: 1.000 | train loss: 0.001 |test acc: 0.638 (0.628, 0.654) | test eod gap: 0.0985
 94.30% | time:   1.7s (498.4m) | step:   7194 | train acc: 1.000 | train loss: 0.001 |val acc: 0.648 (0.655, 0.637) | val eod gap: 0.0570
begin calculating influence
[Strategy 5] Acc of expected label: 0.8290516967967015
calculating influence -- done
Use 5558 samples. Get 6115 labels. Ratio: 0.9089125102207686
Files already downloaded and verified
3255 originally labeled samples, 2353 new samples, and 3147 unlabeled samples. Total: 8755
begin calculating influence
[Strategy 5] Acc of expected label: 0.6431640625
calculating influence -- done
[ADD ORG DATA] Use 5558 samples. Get 23593 labels. Ratio: 0.235578349510448
Files already downloaded and verified
3255 originally labeled samples, 9472 new samples, and 150043 unlabeled samples. Total: 162770
 96.92% | time: 811.2s (511.9m) | step:   7394 | train acc: 1.000 | train loss: 0.000 |test acc: 0.665 (0.651, 0.689) | test eod gap: 0.1214
 96.92% | time:   1.3s (512.0m) | step:   7394 | train acc: 1.000 | train loss: 0.000 |val acc: 0.682 (0.680, 0.686) | val eod gap: 0.0804
begin calculating influence
calculating influence -- done
length of new labels 45
Use 5557+45 = 5602 samples.
Files already downloaded and verified
3255 originally labeled samples, 2398 new samples, and 3102 unlabeled samples. Total: 8755
begin calculating influence
[Strategy 5] Acc of expected label: 0.6722265625
calculating influence -- done
[ADD ORG DATA] Use 5602 samples. Get 24061 labels. Ratio: 0.23282490337059972
Files already downloaded and verified
3255 originally labeled samples, 9728 new samples, and 149787 unlabeled samples. Total: 162770
 99.54% | time: 830.7s (525.8m) | step:   7594 | train acc: 1.000 | train loss: 0.001 |test acc: 0.643 (0.619, 0.683) | test eod gap: 0.0918
 99.54% | time:   1.1s (525.8m) | step:   7594 | train acc: 1.000 | train loss: 0.001 |val acc: 0.665 (0.653, 0.686) | val eod gap: 0.1040
begin calculating influence
[Strategy 5] Acc of expected label: 0.8500967117988395
calculating influence -- done
Use 5603 samples. Get 6117 labels. Ratio: 0.9159718816413275
Files already downloaded and verified
3255 originally labeled samples, 2399 new samples, and 3101 unlabeled samples. Total: 8755
begin calculating influence
[Strategy 5] Acc of expected label: 0.654921875
calculating influence -- done
[ADD ORG DATA] Use 5603 samples. Get 24654 labels. Ratio: 0.22726535247829965
Files already downloaded and verified
3255 originally labeled samples, 9984 new samples, and 149531 unlabeled samples. Total: 162770
100.00% | time: 745.7s (538.3m) | step:   7629 | train acc: 1.000 | train loss: 0.000 |test acc: 0.653 (0.631, 0.688) | test eod gap: 0.0939
100.00% | time:   1.3s (538.3m) | step:   7629 | train acc: 1.000 | train loss: 0.000 |val acc: 0.682 (0.666, 0.706) | val eod gap: 0.0849
begin calculating influence
[Strategy 5] Acc of expected label: 0.8471460819090616
calculating influence -- done
Use 5612 samples. Get 6118 labels. Ratio: 0.9172932330827067
Files already downloaded and verified
3255 originally labeled samples, 2408 new samples, and 3092 unlabeled samples. Total: 8755
begin calculating influence
[Strategy 5] Acc of expected label: 0.6584765625
calculating influence -- done
[ADD ORG DATA] Use 5612 samples. Get 25096 labels. Ratio: 0.2236212942301562
Files already downloaded and verified
3255 originally labeled samples, 10240 new samples, and 149275 unlabeled samples. Total: 162770
