Files already downloaded and verified
1627 originally labeled samples, 0 new samples, and 1628 unlabeled samples. Total: 3255
Files already downloaded and verified
1996 originally labeled samples, 0 new samples, and 17966 unlabeled samples. Total: 19962
Numer of layers 200
train net...
train with 162770 samples (with replacement) in one epoch
Epoch 0
  2.62% | time:  95.2s (  1.6m) | step:    200 | train acc: 1.000 | train loss: 0.016 |warm_t acc: 0.690 (0.669, 0.724) | warm_t dp gap: 0.3857
  2.62% | time:   5.1s (  1.7m) | step:    200 | train acc: 1.000 | train loss: 0.016 |warm_v acc: 0.682 (0.661, 0.714) | warm_v dp gap: 0.3912
  5.24% | time:  80.7s (  3.0m) | step:    400 | train acc: 1.000 | train loss: 0.005 |warm_t acc: 0.686 (0.667, 0.718) | warm_t dp gap: 0.3855
  5.24% | time:   1.4s (  3.0m) | step:    400 | train acc: 1.000 | train loss: 0.005 |warm_v acc: 0.656 (0.632, 0.693) | warm_v dp gap: 0.3927
  7.86% | time:  80.4s (  4.4m) | step:    600 | train acc: 1.000 | train loss: 0.000 |warm_t acc: 0.688 (0.667, 0.720) | warm_t dp gap: 0.3884
  7.86% | time:   1.2s (  4.4m) | step:    600 | train acc: 1.000 | train loss: 0.000 |warm_v acc: 0.665 (0.637, 0.708) | warm_v dp gap: 0.3732
  8.32% | time:  21.8s (  4.8m) | step:    635 | train acc: 1.000 | train loss: 0.000 |warm_t acc: 0.687 (0.667, 0.720) | warm_t dp gap: 0.3884
  8.32% | time:   1.4s (  4.8m) | step:    635 | train acc: 1.000 | train loss: 0.000 |warm_v acc: 0.669 (0.653, 0.694) | warm_v dp gap: 0.3680
Epoch 1
 10.95% | time:  81.0s (  6.1m) | step:    835 | train acc: 1.000 | train loss: 0.000 |warm_t acc: 0.688 (0.667, 0.720) | warm_t dp gap: 0.3878
 10.95% | time:   1.4s (  6.2m) | step:    835 | train acc: 1.000 | train loss: 0.000 |warm_v acc: 0.675 (0.659, 0.701) | warm_v dp gap: 0.4008
 13.57% | time:  80.4s (  7.5m) | step:   1035 | train acc: 1.000 | train loss: 0.000 |warm_t acc: 0.687 (0.667, 0.719) | warm_t dp gap: 0.3871
 13.57% | time:   1.4s (  7.5m) | step:   1035 | train acc: 1.000 | train loss: 0.000 |warm_v acc: 0.659 (0.638, 0.693) | warm_v dp gap: 0.3556
 16.19% | time:  80.7s (  8.9m) | step:   1235 | train acc: 1.000 | train loss: 0.000 |warm_t acc: 0.687 (0.667, 0.719) | warm_t dp gap: 0.3867
 16.19% | time:   1.4s (  8.9m) | step:   1235 | train acc: 1.000 | train loss: 0.000 |warm_v acc: 0.669 (0.645, 0.709) | warm_v dp gap: 0.3713
 16.65% | time:  21.7s (  9.3m) | step:   1270 | train acc: 1.000 | train loss: 0.000 |warm_t acc: 0.687 (0.667, 0.720) | warm_t dp gap: 0.3875
 16.65% | time:   1.4s (  9.3m) | step:   1270 | train acc: 1.000 | train loss: 0.000 |warm_v acc: 0.673 (0.644, 0.721) | warm_v dp gap: 0.3845
Epoch 2
 19.28% | time:  80.0s ( 10.6m) | step:   1471 | train acc: 1.000 | train loss: 0.000 |test acc: 0.687 (0.667, 0.719) | test dp gap: 0.3880
 19.28% | time:   1.1s ( 10.6m) | step:   1471 | train acc: 1.000 | train loss: 0.000 |val acc: 0.667 (0.633, 0.718) | val dp gap: 0.3859
begin calculating influence
selected layers: [Traced<ShapedArray(float32[768])>with<DynamicJaxprTrace(level=0/1)>, Traced<ShapedArray(float32[8,8,3,768])>with<DynamicJaxprTrace(level=0/1)>, Traced<ShapedArray(float32[2])>with<DynamicJaxprTrace(level=0/1)>, Traced<ShapedArray(float32[768,2])>with<DynamicJaxprTrace(level=0/1)>]
[Strategy 5] Acc of expected label: 0.6904176904176904
calculating influence -- done
Use 1847 samples. Get 1976 labels. Ratio: 0.9347165991902834
Files already downloaded and verified
1627 originally labeled samples, 220 new samples, and 1408 unlabeled samples. Total: 3255
 21.90% | time: 159.0s ( 13.3m) | step:   1671 | train acc: 0.968 | train loss: 0.065 |test acc: 0.587 (0.490, 0.742) | test dp gap: 0.1496
 21.90% | time:   1.5s ( 13.3m) | step:   1671 | train acc: 0.968 | train loss: 0.065 |val acc: 0.576 (0.497, 0.698) | val dp gap: 0.1431
begin calculating influence
[Strategy 5] Acc of expected label: 0.5170454545454546
calculating influence -- done
Use 1848 samples. Get 1978 labels. Ratio: 0.9342770475227502
Files already downloaded and verified
1627 originally labeled samples, 221 new samples, and 1407 unlabeled samples. Total: 3255
 24.52% | time: 135.0s ( 15.6m) | step:   1871 | train acc: 0.968 | train loss: 0.103 |test acc: 0.679 (0.659, 0.710) | test dp gap: 0.3643
 24.52% | time:   1.4s ( 15.6m) | step:   1871 | train acc: 0.968 | train loss: 0.103 |val acc: 0.664 (0.641, 0.700) | val dp gap: 0.3623
begin calculating influence
[Strategy 5] Acc of expected label: 0.6652452025586354
calculating influence -- done
Use 1856 samples. Get 1991 labels. Ratio: 0.9321948769462581
Files already downloaded and verified
1627 originally labeled samples, 229 new samples, and 1399 unlabeled samples. Total: 3255
 24.98% | time:  82.2s ( 16.9m) | step:   1906 | train acc: 0.983 | train loss: 0.070 |test acc: 0.677 (0.639, 0.737) | test dp gap: 0.3797
 24.98% | time:   1.4s ( 17.0m) | step:   1906 | train acc: 0.983 | train loss: 0.070 |val acc: 0.670 (0.640, 0.716) | val dp gap: 0.3762
begin calculating influence
[Strategy 5] Acc of expected label: 0.6390278770550393
calculating influence -- done
Use 1873 samples. Get 2024 labels. Ratio: 0.9253952569169961
Files already downloaded and verified
1627 originally labeled samples, 246 new samples, and 1382 unlabeled samples. Total: 3255
Epoch 3
 27.62% | time: 133.1s ( 19.2m) | step:   2107 | train acc: 1.000 | train loss: 0.001 |test acc: 0.664 (0.640, 0.702) | test dp gap: 0.3380
 27.62% | time:   1.4s ( 19.2m) | step:   2107 | train acc: 1.000 | train loss: 0.001 |val acc: 0.663 (0.638, 0.702) | val dp gap: 0.3159
begin calculating influence
[Strategy 5] Acc of expected label: 0.6345875542691751
calculating influence -- done
Use 1905 samples. Get 2070 labels. Ratio: 0.9202898550724637
Files already downloaded and verified
1627 originally labeled samples, 278 new samples, and 1350 unlabeled samples. Total: 3255
 30.24% | time: 121.6s ( 21.2m) | step:   2307 | train acc: 0.988 | train loss: 0.045 |test acc: 0.665 (0.650, 0.688) | test dp gap: 0.3494
 30.24% | time:   1.5s ( 21.3m) | step:   2307 | train acc: 0.988 | train loss: 0.045 |val acc: 0.658 (0.640, 0.686) | val dp gap: 0.3582
begin calculating influence
[Strategy 5] Acc of expected label: 0.6577777777777778
calculating influence -- done
Use 2018 samples. Get 2223 labels. Ratio: 0.9077822762033289
Files already downloaded and verified
1627 originally labeled samples, 391 new samples, and 1237 unlabeled samples. Total: 3255
 32.86% | time: 121.0s ( 23.3m) | step:   2507 | train acc: 1.000 | train loss: 0.001 |test acc: 0.665 (0.647, 0.693) | test dp gap: 0.3432
 32.86% | time:   1.5s ( 23.3m) | step:   2507 | train acc: 1.000 | train loss: 0.001 |val acc: 0.660 (0.648, 0.678) | val dp gap: 0.3657
begin calculating influence
[Strategy 5] Acc of expected label: 0.6386418755052546
calculating influence -- done
Use 2115 samples. Get 2346 labels. Ratio: 0.90153452685422
Files already downloaded and verified
1627 originally labeled samples, 488 new samples, and 1140 unlabeled samples. Total: 3255
 33.32% | time:  64.6s ( 24.4m) | step:   2542 | train acc: 1.000 | train loss: 0.003 |test acc: 0.664 (0.649, 0.689) | test dp gap: 0.3492
 33.32% | time:   1.4s ( 24.4m) | step:   2542 | train acc: 1.000 | train loss: 0.003 |val acc: 0.658 (0.640, 0.684) | val dp gap: 0.3619
begin calculating influence
[Strategy 5] Acc of expected label: 0.6096491228070176
calculating influence -- done
Use 2139 samples. Get 2379 labels. Ratio: 0.8991172761664565
Files already downloaded and verified
1627 originally labeled samples, 512 new samples, and 1116 unlabeled samples. Total: 3255
Epoch 4
 35.95% | time: 128.6s ( 26.5m) | step:   2743 | train acc: 1.000 | train loss: 0.000 |test acc: 0.664 (0.652, 0.683) | test dp gap: 0.3491
 35.95% | time:   1.5s ( 26.6m) | step:   2743 | train acc: 1.000 | train loss: 0.000 |val acc: 0.656 (0.643, 0.677) | val dp gap: 0.3703
begin calculating influence
[Strategy 5] Acc of expected label: 0.6093189964157706
calculating influence -- done
Use 2150 samples. Get 2397 labels. Ratio: 0.8969545264914477
Files already downloaded and verified
1627 originally labeled samples, 523 new samples, and 1105 unlabeled samples. Total: 3255
 38.58% | time: 120.7s ( 28.6m) | step:   2943 | train acc: 0.996 | train loss: 0.030 |test acc: 0.671 (0.652, 0.701) | test dp gap: 0.3306
 38.58% | time:   1.4s ( 28.6m) | step:   2943 | train acc: 0.996 | train loss: 0.030 |val acc: 0.660 (0.645, 0.684) | val dp gap: 0.3303
begin calculating influence
[Strategy 5] Acc of expected label: 0.6461538461538462
calculating influence -- done
Use 2170 samples. Get 2419 labels. Ratio: 0.8970649028524184
Files already downloaded and verified
1627 originally labeled samples, 543 new samples, and 1085 unlabeled samples. Total: 3255
 41.20% | time: 127.7s ( 30.7m) | step:   3143 | train acc: 1.000 | train loss: 0.003 |test acc: 0.675 (0.663, 0.694) | test dp gap: 0.3461
 41.20% | time:   1.2s ( 30.8m) | step:   3143 | train acc: 1.000 | train loss: 0.003 |val acc: 0.668 (0.665, 0.673) | val dp gap: 0.3369
begin calculating influence
[Strategy 5] Acc of expected label: 0.6516129032258065
calculating influence -- done
Use 2190 samples. Get 2439 labels. Ratio: 0.897908979089791
Files already downloaded and verified
1627 originally labeled samples, 563 new samples, and 1065 unlabeled samples. Total: 3255
 41.66% | time:  65.6s ( 31.8m) | step:   3178 | train acc: 1.000 | train loss: 0.003 |test acc: 0.670 (0.650, 0.703) | test dp gap: 0.3473
 41.66% | time:   1.3s ( 31.9m) | step:   3178 | train acc: 1.000 | train loss: 0.003 |val acc: 0.660 (0.636, 0.697) | val dp gap: 0.3370
begin calculating influence
[Strategy 5] Acc of expected label: 0.6347417840375587
calculating influence -- done
Use 2198 samples. Get 2451 labels. Ratio: 0.8967768257853937
Files already downloaded and verified
1627 originally labeled samples, 571 new samples, and 1057 unlabeled samples. Total: 3255
Epoch 5
 44.29% | time: 125.9s ( 34.0m) | step:   3379 | train acc: 1.000 | train loss: 0.004 |test acc: 0.668 (0.648, 0.699) | test dp gap: 0.3485
 44.29% | time:   1.4s ( 34.0m) | step:   3379 | train acc: 1.000 | train loss: 0.004 |val acc: 0.653 (0.641, 0.673) | val dp gap: 0.3802
begin calculating influence
[Strategy 5] Acc of expected label: 0.631031220435194
calculating influence -- done
Use 2216 samples. Get 2479 labels. Ratio: 0.8939088342073417
Files already downloaded and verified
1627 originally labeled samples, 589 new samples, and 1039 unlabeled samples. Total: 3255
 46.91% | time: 125.8s ( 36.1m) | step:   3579 | train acc: 1.000 | train loss: 0.003 |test acc: 0.669 (0.643, 0.711) | test dp gap: 0.3372
 46.91% | time:   1.5s ( 36.1m) | step:   3579 | train acc: 1.000 | train loss: 0.003 |val acc: 0.649 (0.638, 0.667) | val dp gap: 0.3372
begin calculating influence
[Strategy 5] Acc of expected label: 0.6236766121270453
calculating influence -- done
Use 2243 samples. Get 2526 labels. Ratio: 0.8879651623119557
Files already downloaded and verified
1627 originally labeled samples, 616 new samples, and 1012 unlabeled samples. Total: 3255
 49.53% | time: 121.3s ( 38.1m) | step:   3779 | train acc: 1.000 | train loss: 0.001 |test acc: 0.670 (0.643, 0.712) | test dp gap: 0.3499
 49.53% | time:   1.2s ( 38.2m) | step:   3779 | train acc: 1.000 | train loss: 0.001 |val acc: 0.658 (0.642, 0.682) | val dp gap: 0.3595
begin calculating influence
[Strategy 5] Acc of expected label: 0.6136363636363636
calculating influence -- done
Use 2296 samples. Get 2588 labels. Ratio: 0.8871715610510046
Files already downloaded and verified
1627 originally labeled samples, 669 new samples, and 959 unlabeled samples. Total: 3255
 49.99% | time:  51.7s ( 39.0m) | step:   3814 | train acc: 1.000 | train loss: 0.000 |test acc: 0.675 (0.665, 0.692) | test dp gap: 0.3507
 49.99% | time:   1.3s ( 39.0m) | step:   3814 | train acc: 1.000 | train loss: 0.000 |val acc: 0.674 (0.666, 0.689) | val dp gap: 0.3585
begin calculating influence
[Strategy 5] Acc of expected label: 0.6110531803962461
calculating influence -- done
Use 2305 samples. Get 2595 labels. Ratio: 0.8882466281310212
Files already downloaded and verified
1627 originally labeled samples, 678 new samples, and 950 unlabeled samples. Total: 3255
Epoch 6
 52.62% | time: 116.3s ( 41.0m) | step:   4014 | train acc: 1.000 | train loss: 0.000 |test acc: 0.676 (0.666, 0.692) | test dp gap: 0.3525
 52.62% | time:   1.4s ( 41.0m) | step:   4014 | train acc: 1.000 | train loss: 0.000 |val acc: 0.654 (0.658, 0.647) | val dp gap: 0.3628
begin calculating influence
[Strategy 5] Acc of expected label: 0.6042105263157894
calculating influence -- done
Use 2317 samples. Get 2611 labels. Ratio: 0.8873994638069705
Files already downloaded and verified
1627 originally labeled samples, 690 new samples, and 938 unlabeled samples. Total: 3255
 55.24% | time: 121.7s ( 43.0m) | step:   4214 | train acc: 1.000 | train loss: 0.000 |test acc: 0.674 (0.669, 0.683) | test dp gap: 0.3517
 55.24% | time:   1.3s ( 43.0m) | step:   4214 | train acc: 1.000 | train loss: 0.000 |val acc: 0.658 (0.654, 0.664) | val dp gap: 0.3675
begin calculating influence
[Strategy 5] Acc of expected label: 0.6194029850746269
calculating influence -- done
Use 2326 samples. Get 2622 labels. Ratio: 0.8871090770404272
Files already downloaded and verified
1627 originally labeled samples, 699 new samples, and 929 unlabeled samples. Total: 3255
 57.86% | time: 122.3s ( 45.1m) | step:   4414 | train acc: 1.000 | train loss: 0.001 |test acc: 0.677 (0.666, 0.693) | test dp gap: 0.3462
 57.86% | time:   1.2s ( 45.1m) | step:   4414 | train acc: 1.000 | train loss: 0.001 |val acc: 0.676 (0.673, 0.681) | val dp gap: 0.3853
begin calculating influence
[Strategy 5] Acc of expected label: 0.6254036598493004
calculating influence -- done
Use 2331 samples. Get 2628 labels. Ratio: 0.886986301369863
Files already downloaded and verified
1627 originally labeled samples, 704 new samples, and 924 unlabeled samples. Total: 3255
 58.32% | time:  46.3s ( 45.9m) | step:   4449 | train acc: 1.000 | train loss: 0.000 |test acc: 0.672 (0.671, 0.674) | test dp gap: 0.3415
 58.32% | time:   1.5s ( 45.9m) | step:   4449 | train acc: 1.000 | train loss: 0.000 |val acc: 0.656 (0.658, 0.652) | val dp gap: 0.3676
begin calculating influence
[Strategy 5] Acc of expected label: 0.6103896103896104
calculating influence -- done
Use 2334 samples. Get 2632 labels. Ratio: 0.8867781155015197
Files already downloaded and verified
1627 originally labeled samples, 707 new samples, and 921 unlabeled samples. Total: 3255
Epoch 7
 60.95% | time: 112.7s ( 47.8m) | step:   4650 | train acc: 1.000 | train loss: 0.001 |test acc: 0.668 (0.657, 0.686) | test dp gap: 0.3565
 60.95% | time:   1.1s ( 47.8m) | step:   4650 | train acc: 1.000 | train loss: 0.001 |val acc: 0.658 (0.650, 0.669) | val dp gap: 0.3803
begin calculating influence
[Strategy 5] Acc of expected label: 0.5960912052117264
calculating influence -- done
Use 2470 samples. Get 2773 labels. Ratio: 0.8907320591417238
Files already downloaded and verified
1627 originally labeled samples, 843 new samples, and 785 unlabeled samples. Total: 3255
 63.57% | time: 119.7s ( 49.8m) | step:   4850 | train acc: 1.000 | train loss: 0.001 |test acc: 0.676 (0.676, 0.677) | test dp gap: 0.3543
 63.57% | time:   1.4s ( 49.8m) | step:   4850 | train acc: 1.000 | train loss: 0.001 |val acc: 0.658 (0.668, 0.643) | val dp gap: 0.3114
begin calculating influence
[Strategy 5] Acc of expected label: 0.5643312101910828
calculating influence -- done
Use 2472 samples. Get 2774 labels. Ratio: 0.8911319394376351
Files already downloaded and verified
1627 originally labeled samples, 845 new samples, and 783 unlabeled samples. Total: 3255
 66.19% | time: 111.7s ( 51.7m) | step:   5050 | train acc: 1.000 | train loss: 0.000 |test acc: 0.670 (0.658, 0.689) | test dp gap: 0.3587
 66.19% | time:   1.3s ( 51.7m) | step:   5050 | train acc: 1.000 | train loss: 0.000 |val acc: 0.661 (0.669, 0.650) | val dp gap: 0.3574
begin calculating influence
[Strategy 5] Acc of expected label: 0.5568326947637292
calculating influence -- done
Use 2479 samples. Get 2779 labels. Ratio: 0.8920474991003958
Files already downloaded and verified
1627 originally labeled samples, 852 new samples, and 776 unlabeled samples. Total: 3255
 66.65% | time:  50.6s ( 52.5m) | step:   5085 | train acc: 1.000 | train loss: 0.000 |test acc: 0.674 (0.659, 0.697) | test dp gap: 0.3620
 66.65% | time:   1.1s ( 52.6m) | step:   5085 | train acc: 1.000 | train loss: 0.000 |val acc: 0.671 (0.666, 0.678) | val dp gap: 0.3700
begin calculating influence
[Strategy 5] Acc of expected label: 0.5579896907216495
calculating influence -- done
Use 2484 samples. Get 2787 labels. Ratio: 0.891280947255113
Files already downloaded and verified
1627 originally labeled samples, 857 new samples, and 771 unlabeled samples. Total: 3255
Epoch 8
 69.29% | time: 113.4s ( 54.5m) | step:   5286 | train acc: 1.000 | train loss: 0.000 |test acc: 0.679 (0.668, 0.696) | test dp gap: 0.3602
 69.29% | time:   1.1s ( 54.5m) | step:   5286 | train acc: 1.000 | train loss: 0.000 |val acc: 0.669 (0.662, 0.678) | val dp gap: 0.3420
begin calculating influence
[Strategy 5] Acc of expected label: 0.5486381322957199
calculating influence -- done
Use 2491 samples. Get 2796 labels. Ratio: 0.8909155937052933
Files already downloaded and verified
1627 originally labeled samples, 864 new samples, and 764 unlabeled samples. Total: 3255
 71.91% | time: 110.9s ( 56.3m) | step:   5486 | train acc: 1.000 | train loss: 0.000 |test acc: 0.680 (0.666, 0.703) | test dp gap: 0.3612
 71.91% | time:   1.1s ( 56.3m) | step:   5486 | train acc: 1.000 | train loss: 0.000 |val acc: 0.663 (0.654, 0.676) | val dp gap: 0.3948
begin calculating influence
[Strategy 5] Acc of expected label: 0.5654450261780105
calculating influence -- done
Use 2505 samples. Get 2810 labels. Ratio: 0.891459074733096
Files already downloaded and verified
1627 originally labeled samples, 878 new samples, and 750 unlabeled samples. Total: 3255
 74.53% | time: 104.9s ( 58.1m) | step:   5686 | train acc: 1.000 | train loss: 0.000 |test acc: 0.680 (0.665, 0.703) | test dp gap: 0.3582
 74.53% | time:   1.2s ( 58.1m) | step:   5686 | train acc: 1.000 | train loss: 0.000 |val acc: 0.667 (0.648, 0.696) | val dp gap: 0.3588
begin calculating influence
[Strategy 5] Acc of expected label: 0.544
calculating influence -- done
Use 2509 samples. Get 2816 labels. Ratio: 0.8909801136363636
Files already downloaded and verified
1627 originally labeled samples, 882 new samples, and 746 unlabeled samples. Total: 3255
 74.99% | time:  55.0s ( 59.0m) | step:   5721 | train acc: 1.000 | train loss: 0.000 |test acc: 0.680 (0.660, 0.712) | test dp gap: 0.3540
 74.99% | time:   1.4s ( 59.0m) | step:   5721 | train acc: 1.000 | train loss: 0.000 |val acc: 0.656 (0.637, 0.684) | val dp gap: 0.3689
begin calculating influence
[Strategy 5] Acc of expected label: 0.546916890080429
calculating influence -- done
Use 2514 samples. Get 2819 labels. Ratio: 0.8918056048244059
Files already downloaded and verified
1627 originally labeled samples, 887 new samples, and 741 unlabeled samples. Total: 3255
Epoch 9
 77.62% | time: 111.0s ( 60.9m) | step:   5922 | train acc: 1.000 | train loss: 0.000 |test acc: 0.677 (0.660, 0.705) | test dp gap: 0.3567
 77.62% | time:   1.4s ( 60.9m) | step:   5922 | train acc: 1.000 | train loss: 0.000 |val acc: 0.665 (0.652, 0.684) | val dp gap: 0.3494
begin calculating influence
[Strategy 5] Acc of expected label: 0.5492577597840755
calculating influence -- done
Use 2519 samples. Get 2824 labels. Ratio: 0.8919971671388102
Files already downloaded and verified
1627 originally labeled samples, 892 new samples, and 736 unlabeled samples. Total: 3255
 80.25% | time: 118.3s ( 62.9m) | step:   6122 | train acc: 1.000 | train loss: 0.000 |test acc: 0.678 (0.660, 0.707) | test dp gap: 0.3494
 80.25% | time:   1.3s ( 62.9m) | step:   6122 | train acc: 1.000 | train loss: 0.000 |val acc: 0.666 (0.653, 0.685) | val dp gap: 0.3102
begin calculating influence
[Strategy 5] Acc of expected label: 0.5529891304347826
calculating influence -- done
Use 2523 samples. Get 2826 labels. Ratio: 0.8927813163481954
Files already downloaded and verified
1627 originally labeled samples, 896 new samples, and 732 unlabeled samples. Total: 3255
 82.87% | time: 110.7s ( 64.8m) | step:   6322 | train acc: 1.000 | train loss: 0.000 |test acc: 0.677 (0.666, 0.694) | test dp gap: 0.3552
 82.87% | time:   1.2s ( 64.8m) | step:   6322 | train acc: 1.000 | train loss: 0.000 |val acc: 0.674 (0.667, 0.685) | val dp gap: 0.3566
begin calculating influence
[Strategy 5] Acc of expected label: 0.5450819672131147
calculating influence -- done
Use 2523 samples. Get 2827 labels. Ratio: 0.8924655111425539
Files already downloaded and verified
1627 originally labeled samples, 896 new samples, and 732 unlabeled samples. Total: 3255
 83.33% | time:  50.3s ( 65.6m) | step:   6357 | train acc: 1.000 | train loss: 0.000 |test acc: 0.677 (0.664, 0.697) | test dp gap: 0.3550
 83.33% | time:   1.3s ( 65.6m) | step:   6357 | train acc: 1.000 | train loss: 0.000 |val acc: 0.663 (0.655, 0.677) | val dp gap: 0.3778
begin calculating influence
[Strategy 5] Acc of expected label: 0.5437158469945356
calculating influence -- done
Use 2524 samples. Get 2827 labels. Ratio: 0.8928192430137956
Files already downloaded and verified
1627 originally labeled samples, 897 new samples, and 731 unlabeled samples. Total: 3255
Epoch 10
 85.96% | time: 109.5s ( 67.5m) | step:   6558 | train acc: 1.000 | train loss: 0.000 |test acc: 0.679 (0.666, 0.699) | test dp gap: 0.3575
 85.96% | time:   1.4s ( 67.5m) | step:   6558 | train acc: 1.000 | train loss: 0.000 |val acc: 0.666 (0.659, 0.676) | val dp gap: 0.3440
begin calculating influence
calculating influence -- done
length of new labels 15
Use 2524+15 = 2539 samples.
Files already downloaded and verified
1627 originally labeled samples, 912 new samples, and 716 unlabeled samples. Total: 3255
 88.58% | time: 126.6s ( 69.6m) | step:   6758 | train acc: 1.000 | train loss: 0.000 |test acc: 0.678 (0.666, 0.699) | test dp gap: 0.3543
 88.58% | time:   1.7s ( 69.6m) | step:   6758 | train acc: 1.000 | train loss: 0.000 |val acc: 0.685 (0.677, 0.697) | val dp gap: 0.3550
begin calculating influence
calculating influence -- done
length of new labels 21
Use 2524+21 = 2545 samples.
Files already downloaded and verified
1627 originally labeled samples, 918 new samples, and 710 unlabeled samples. Total: 3255
 91.20% | time: 116.3s ( 71.6m) | step:   6958 | train acc: 1.000 | train loss: 0.000 |test acc: 0.678 (0.666, 0.697) | test dp gap: 0.3549
 91.20% | time:   1.2s ( 71.6m) | step:   6958 | train acc: 1.000 | train loss: 0.000 |val acc: 0.676 (0.672, 0.682) | val dp gap: 0.3511
begin calculating influence
calculating influence -- done
length of new labels 29
Use 2524+29 = 2553 samples.
Files already downloaded and verified
1627 originally labeled samples, 926 new samples, and 702 unlabeled samples. Total: 3255
 91.66% | time:  46.3s ( 72.4m) | step:   6993 | train acc: 1.000 | train loss: 0.000 |test acc: 0.678 (0.667, 0.695) | test dp gap: 0.3550
 91.66% | time:   1.4s ( 72.4m) | step:   6993 | train acc: 1.000 | train loss: 0.000 |val acc: 0.656 (0.654, 0.657) | val dp gap: 0.3194
begin calculating influence
calculating influence -- done
length of new labels 30
Use 2524+30 = 2554 samples.
Files already downloaded and verified
1627 originally labeled samples, 927 new samples, and 701 unlabeled samples. Total: 3255
Epoch 11
 94.30% | time: 119.0s ( 74.4m) | step:   7194 | train acc: 1.000 | train loss: 0.000 |test acc: 0.678 (0.666, 0.696) | test dp gap: 0.3549
 94.30% | time:   1.6s ( 74.4m) | step:   7194 | train acc: 1.000 | train loss: 0.000 |val acc: 0.680 (0.671, 0.693) | val dp gap: 0.3624
begin calculating influence
calculating influence -- done
length of new labels 36
Use 2524+36 = 2560 samples.
Files already downloaded and verified
1627 originally labeled samples, 933 new samples, and 695 unlabeled samples. Total: 3255
 96.92% | time: 110.8s ( 76.2m) | step:   7394 | train acc: 1.000 | train loss: 0.000 |test acc: 0.676 (0.662, 0.698) | test dp gap: 0.3510
 96.92% | time:   1.2s ( 76.3m) | step:   7394 | train acc: 1.000 | train loss: 0.000 |val acc: 0.677 (0.670, 0.689) | val dp gap: 0.3410
begin calculating influence
calculating influence -- done
length of new labels 36
Use 2524+36 = 2560 samples.
Files already downloaded and verified
1627 originally labeled samples, 933 new samples, and 695 unlabeled samples. Total: 3255
 99.54% | time:  99.0s ( 77.9m) | step:   7594 | train acc: 1.000 | train loss: 0.000 |test acc: 0.677 (0.665, 0.697) | test dp gap: 0.3548
 99.54% | time:   1.1s ( 77.9m) | step:   7594 | train acc: 1.000 | train loss: 0.000 |val acc: 0.668 (0.665, 0.673) | val dp gap: 0.3512
begin calculating influence
calculating influence -- done
length of new labels 43
Use 2524+43 = 2567 samples.
Files already downloaded and verified
1627 originally labeled samples, 940 new samples, and 688 unlabeled samples. Total: 3255
100.00% | time:  38.2s ( 78.6m) | step:   7629 | train acc: 1.000 | train loss: 0.000 |test acc: 0.674 (0.667, 0.684) | test dp gap: 0.3567
100.00% | time:   1.2s ( 78.6m) | step:   7629 | train acc: 1.000 | train loss: 0.000 |val acc: 0.665 (0.675, 0.647) | val dp gap: 0.3271
begin calculating influence
calculating influence -- done
length of new labels 44
Use 2524+44 = 2568 samples.
Files already downloaded and verified
1627 originally labeled samples, 941 new samples, and 687 unlabeled samples. Total: 3255
