Files already downloaded and verified
3255 originally labeled samples, 0 new samples, and 5500 unlabeled samples. Total: 8755
Files already downloaded and verified
3255 originally labeled samples, 0 new samples, and 159515 unlabeled samples. Total: 162770
Files already downloaded and verified
1996 originally labeled samples, 0 new samples, and 17966 unlabeled samples. Total: 19962
Numer of layers 200
train net...
train with 162770 samples (with replacement) in one epoch
Epoch 0
  2.62% | time:  94.7s (  1.6m) | step:    200 | train acc: 0.902 | train loss: 0.255 |warm_t acc: 0.709 (0.695, 0.732) | warm_t eod gap: 0.3269
  2.62% | time:   4.9s (  1.7m) | step:    200 | train acc: 0.902 | train loss: 0.255 |warm_v acc: 0.703 (0.696, 0.715) | warm_v eod gap: 0.3421
  5.24% | time:  80.3s (  3.0m) | step:    400 | train acc: 1.000 | train loss: 0.001 |warm_t acc: 0.707 (0.686, 0.741) | warm_t eod gap: 0.2862
  5.24% | time:   1.2s (  3.0m) | step:    400 | train acc: 1.000 | train loss: 0.001 |warm_v acc: 0.686 (0.673, 0.707) | warm_v eod gap: 0.3191
  7.86% | time:  80.1s (  4.4m) | step:    600 | train acc: 1.000 | train loss: 0.000 |warm_t acc: 0.707 (0.686, 0.740) | warm_t eod gap: 0.2870
  7.86% | time:   1.2s (  4.4m) | step:    600 | train acc: 1.000 | train loss: 0.000 |warm_v acc: 0.692 (0.677, 0.716) | warm_v eod gap: 0.3225
  8.32% | time:  22.0s (  4.7m) | step:    635 | train acc: 1.000 | train loss: 0.000 |warm_t acc: 0.707 (0.686, 0.741) | warm_t eod gap: 0.2857
  8.32% | time:   1.4s (  4.8m) | step:    635 | train acc: 1.000 | train loss: 0.000 |warm_v acc: 0.704 (0.687, 0.731) | warm_v eod gap: 0.2880
Epoch 1
 10.95% | time:  79.3s (  6.1m) | step:    835 | train acc: 1.000 | train loss: 0.000 |warm_t acc: 0.707 (0.686, 0.741) | warm_t eod gap: 0.2855
 10.95% | time:   1.3s (  6.1m) | step:    835 | train acc: 1.000 | train loss: 0.000 |warm_v acc: 0.701 (0.688, 0.722) | warm_v eod gap: 0.2974
 13.57% | time:  78.2s (  7.4m) | step:   1035 | train acc: 1.000 | train loss: 0.000 |warm_t acc: 0.707 (0.686, 0.741) | warm_t eod gap: 0.2851
 13.57% | time:   1.4s (  7.4m) | step:   1035 | train acc: 1.000 | train loss: 0.000 |warm_v acc: 0.701 (0.687, 0.721) | warm_v eod gap: 0.2923
 16.19% | time:  77.9s (  8.7m) | step:   1235 | train acc: 1.000 | train loss: 0.000 |warm_t acc: 0.707 (0.686, 0.741) | warm_t eod gap: 0.2843
 16.19% | time:   1.4s (  8.8m) | step:   1235 | train acc: 1.000 | train loss: 0.000 |warm_v acc: 0.699 (0.683, 0.721) | warm_v eod gap: 0.3248
 16.65% | time:  21.5s (  9.1m) | step:   1270 | train acc: 1.000 | train loss: 0.000 |warm_t acc: 0.707 (0.685, 0.741) | warm_t eod gap: 0.2842
 16.65% | time:   1.3s (  9.1m) | step:   1270 | train acc: 1.000 | train loss: 0.000 |warm_v acc: 0.693 (0.684, 0.708) | warm_v eod gap: 0.3273
Epoch 2
 19.28% | time:  75.5s ( 10.4m) | step:   1471 | train acc: 1.000 | train loss: 0.000 |test acc: 0.707 (0.686, 0.741) | test eod gap: 0.2841
 19.28% | time:   1.2s ( 10.4m) | step:   1471 | train acc: 1.000 | train loss: 0.000 |val acc: 0.705 (0.694, 0.722) | val eod gap: 0.3059
begin calculating influence
selected layers: [Traced<ShapedArray(float32[768])>with<DynamicJaxprTrace(level=0/1)>, Traced<ShapedArray(float32[8,8,3,768])>with<DynamicJaxprTrace(level=0/1)>, Traced<ShapedArray(float32[2])>with<DynamicJaxprTrace(level=0/1)>, Traced<ShapedArray(float32[768,2])>with<DynamicJaxprTrace(level=0/1)>]
[Strategy 5] Acc of expected label: 0.7945454545454546
calculating influence -- done
Use 3311 samples. Get 3392 labels. Ratio: 0.9761202830188679
Files already downloaded and verified
3255 originally labeled samples, 56 new samples, and 5444 unlabeled samples. Total: 8755
begin calculating influence
[Strategy 5] Acc of expected label: 0.706640625
calculating influence -- done
[ADD ORG DATA] Use 3311 samples. Get 3800 labels. Ratio: 0.8713157894736843
Files already downloaded and verified
3255 originally labeled samples, 256 new samples, and 159259 unlabeled samples. Total: 162770
 21.90% | time: 902.1s ( 25.4m) | step:   1671 | train acc: 0.973 | train loss: 0.104 |test acc: 0.680 (0.673, 0.691) | test eod gap: 0.1970
 21.90% | time:   1.3s ( 25.5m) | step:   1671 | train acc: 0.973 | train loss: 0.104 |val acc: 0.676 (0.689, 0.655) | val eod gap: 0.1843
begin calculating influence
[Strategy 5] Acc of expected label: 0.7492652461425422
calculating influence -- done
Use 3369 samples. Get 3472 labels. Ratio: 0.9703341013824884
Files already downloaded and verified
3255 originally labeled samples, 116 new samples, and 5384 unlabeled samples. Total: 8755
begin calculating influence
[Strategy 5] Acc of expected label: 0.6903125
calculating influence -- done
[ADD ORG DATA] Use 3369 samples. Get 4529 labels. Ratio: 0.7438728196069773
Files already downloaded and verified
3255 originally labeled samples, 512 new samples, and 159003 unlabeled samples. Total: 162770
 24.52% | time: 875.2s ( 40.1m) | step:   1871 | train acc: 0.949 | train loss: 0.141 |test acc: 0.696 (0.673, 0.733) | test eod gap: 0.2202
 24.52% | time:   1.5s ( 40.1m) | step:   1871 | train acc: 0.949 | train loss: 0.141 |val acc: 0.678 (0.672, 0.689) | val eod gap: 0.2310
begin calculating influence
[Strategy 5] Acc of expected label: 0.8203937592867756
calculating influence -- done
Use 3622 samples. Get 3778 labels. Ratio: 0.9587083112758074
Files already downloaded and verified
3255 originally labeled samples, 372 new samples, and 5128 unlabeled samples. Total: 8755
begin calculating influence
[Strategy 5] Acc of expected label: 0.6960546875
calculating influence -- done
[ADD ORG DATA] Use 3622 samples. Get 5188 labels. Ratio: 0.6981495759444872
Files already downloaded and verified
3255 originally labeled samples, 768 new samples, and 158747 unlabeled samples. Total: 162770
 24.98% | time: 806.9s ( 53.5m) | step:   1906 | train acc: 0.863 | train loss: 0.337 |test acc: 0.626 (0.550, 0.745) | test eod gap: 0.1389
 24.98% | time:   1.6s ( 53.6m) | step:   1906 | train acc: 0.863 | train loss: 0.337 |val acc: 0.611 (0.552, 0.701) | val eod gap: 0.1565
begin calculating influence
[Strategy 5] Acc of expected label: 0.8568642745709828
calculating influence -- done
Use 3630 samples. Get 3799 labels. Ratio: 0.95551460910766
Files already downloaded and verified
3255 originally labeled samples, 380 new samples, and 5120 unlabeled samples. Total: 8755
begin calculating influence
[Strategy 5] Acc of expected label: 0.629296875
calculating influence -- done
[ADD ORG DATA] Use 3630 samples. Get 5420 labels. Ratio: 0.6697416974169742
Files already downloaded and verified
3255 originally labeled samples, 847 new samples, and 158668 unlabeled samples. Total: 162770
Epoch 3
 27.62% | time: 846.6s ( 67.7m) | step:   2107 | train acc: 1.000 | train loss: 0.005 |test acc: 0.684 (0.658, 0.725) | test eod gap: 0.1862
 27.62% | time:   1.5s ( 67.7m) | step:   2107 | train acc: 1.000 | train loss: 0.005 |val acc: 0.684 (0.665, 0.711) | val eod gap: 0.1890
begin calculating influence
[Strategy 5] Acc of expected label: 0.820703125
calculating influence -- done
Use 3799 samples. Get 4015 labels. Ratio: 0.9462017434620175
Files already downloaded and verified
3255 originally labeled samples, 554 new samples, and 4946 unlabeled samples. Total: 8755
begin calculating influence
[Strategy 5] Acc of expected label: 0.6876171875
calculating influence -- done
[ADD ORG DATA] Use 3799 samples. Get 6003 labels. Ratio: 0.6328502415458938
Files already downloaded and verified
3255 originally labeled samples, 1103 new samples, and 158412 unlabeled samples. Total: 162770
 30.24% | time: 847.4s ( 81.8m) | step:   2307 | train acc: 1.000 | train loss: 0.004 |test acc: 0.629 (0.613, 0.655) | test eod gap: 0.0650
 30.24% | time:   1.4s ( 81.8m) | step:   2307 | train acc: 1.000 | train loss: 0.004 |val acc: 0.618 (0.633, 0.595) | val eod gap: 0.0084
begin calculating influence
[Strategy 5] Acc of expected label: 0.7911443590780428
calculating influence -- done
Use 4049 samples. Get 4304 labels. Ratio: 0.9407527881040892
Files already downloaded and verified
3255 originally labeled samples, 810 new samples, and 4690 unlabeled samples. Total: 8755
begin calculating influence
[Strategy 5] Acc of expected label: 0.63375
calculating influence -- done
[ADD ORG DATA] Use 4049 samples. Get 6419 labels. Ratio: 0.6307836111543854
Files already downloaded and verified
3255 originally labeled samples, 1359 new samples, and 158156 unlabeled samples. Total: 162770
 32.86% | time: 842.0s ( 95.9m) | step:   2507 | train acc: 1.000 | train loss: 0.002 |test acc: 0.673 (0.658, 0.697) | test eod gap: 0.1612
 32.86% | time:   1.5s ( 95.9m) | step:   2507 | train acc: 1.000 | train loss: 0.002 |val acc: 0.663 (0.672, 0.648) | val eod gap: 0.1608
begin calculating influence
[Strategy 5] Acc of expected label: 0.8319829424307036
calculating influence -- done
Use 4077 samples. Get 4340 labels. Ratio: 0.9394009216589861
Files already downloaded and verified
3255 originally labeled samples, 838 new samples, and 4662 unlabeled samples. Total: 8755
begin calculating influence
[Strategy 5] Acc of expected label: 0.6842578125
calculating influence -- done
[ADD ORG DATA] Use 4077 samples. Get 7023 labels. Ratio: 0.5805211448099103
Files already downloaded and verified
3255 originally labeled samples, 1615 new samples, and 157900 unlabeled samples. Total: 162770
 33.32% | time: 772.7s (108.8m) | step:   2542 | train acc: 0.984 | train loss: 0.038 |test acc: 0.676 (0.641, 0.731) | test eod gap: 0.1638
 33.32% | time:   1.6s (108.8m) | step:   2542 | train acc: 0.984 | train loss: 0.038 |val acc: 0.655 (0.642, 0.676) | val eod gap: 0.1692
begin calculating influence
[Strategy 5] Acc of expected label: 0.8562848562848563
calculating influence -- done
Use 4112 samples. Get 4388 labels. Ratio: 0.9371011850501367
Files already downloaded and verified
3255 originally labeled samples, 874 new samples, and 4626 unlabeled samples. Total: 8755
begin calculating influence
[Strategy 5] Acc of expected label: 0.67859375
calculating influence -- done
[ADD ORG DATA] Use 4112 samples. Get 7523 labels. Ratio: 0.5465904559351322
Files already downloaded and verified
3255 originally labeled samples, 1871 new samples, and 157644 unlabeled samples. Total: 162770
Epoch 4
 35.95% | time: 845.6s (122.9m) | step:   2743 | train acc: 1.000 | train loss: 0.002 |test acc: 0.669 (0.659, 0.684) | test eod gap: 0.1039
 35.95% | time:   1.5s (122.9m) | step:   2743 | train acc: 1.000 | train loss: 0.002 |val acc: 0.673 (0.673, 0.672) | val eod gap: 0.0951
begin calculating influence
[Strategy 5] Acc of expected label: 0.8506268914829226
calculating influence -- done
Use 4364 samples. Get 4675 labels. Ratio: 0.933475935828877
Files already downloaded and verified
3255 originally labeled samples, 1130 new samples, and 4370 unlabeled samples. Total: 8755
begin calculating influence
[Strategy 5] Acc of expected label: 0.6716796875
calculating influence -- done
[ADD ORG DATA] Use 4364 samples. Get 8141 labels. Ratio: 0.5360520820538017
Files already downloaded and verified
3255 originally labeled samples, 2127 new samples, and 157388 unlabeled samples. Total: 162770
 38.58% | time: 835.6s (136.8m) | step:   2943 | train acc: 1.000 | train loss: 0.002 |test acc: 0.680 (0.655, 0.719) | test eod gap: 0.1542
 38.58% | time:   1.5s (136.9m) | step:   2943 | train acc: 1.000 | train loss: 0.002 |val acc: 0.661 (0.643, 0.691) | val eod gap: 0.1266
begin calculating influence
[Strategy 5] Acc of expected label: 0.8546910755148741
calculating influence -- done
Use 4401 samples. Get 4723 labels. Ratio: 0.9318229938598348
Files already downloaded and verified
3255 originally labeled samples, 1169 new samples, and 4331 unlabeled samples. Total: 8755
begin calculating influence
[Strategy 5] Acc of expected label: 0.6790234375
calculating influence -- done
[ADD ORG DATA] Use 4401 samples. Get 8891 labels. Ratio: 0.49499493870205824
Files already downloaded and verified
3255 originally labeled samples, 2383 new samples, and 157132 unlabeled samples. Total: 162770
 41.20% | time: 819.8s (150.5m) | step:   3143 | train acc: 1.000 | train loss: 0.004 |test acc: 0.659 (0.625, 0.713) | test eod gap: 0.1473
 41.20% | time:   1.4s (150.6m) | step:   3143 | train acc: 1.000 | train loss: 0.004 |val acc: 0.652 (0.627, 0.693) | val eod gap: 0.1290
begin calculating influence
[Strategy 5] Acc of expected label: 0.8489956130223967
calculating influence -- done
Use 4417 samples. Get 4756 labels. Ratio: 0.9287216148023549
Files already downloaded and verified
3255 originally labeled samples, 1185 new samples, and 4315 unlabeled samples. Total: 8755
begin calculating influence
[Strategy 5] Acc of expected label: 0.662890625
calculating influence -- done
[ADD ORG DATA] Use 4417 samples. Get 9451 labels. Ratio: 0.46735795153951964
Files already downloaded and verified
3255 originally labeled samples, 2639 new samples, and 156876 unlabeled samples. Total: 162770
 41.66% | time: 765.7s (163.3m) | step:   3178 | train acc: 1.000 | train loss: 0.002 |test acc: 0.667 (0.640, 0.709) | test eod gap: 0.1191
 41.66% | time:   1.5s (163.3m) | step:   3178 | train acc: 1.000 | train loss: 0.002 |val acc: 0.680 (0.658, 0.713) | val eod gap: 0.0884
begin calculating influence
[Strategy 5] Acc of expected label: 0.8549246813441483
calculating influence -- done
Use 4431 samples. Get 4774 labels. Ratio: 0.9281524926686217
Files already downloaded and verified
3255 originally labeled samples, 1199 new samples, and 4301 unlabeled samples. Total: 8755
begin calculating influence
[Strategy 5] Acc of expected label: 0.669140625
calculating influence -- done
[ADD ORG DATA] Use 4431 samples. Get 10104 labels. Ratio: 0.43853919239904987
Files already downloaded and verified
3255 originally labeled samples, 2895 new samples, and 156620 unlabeled samples. Total: 162770
Epoch 5
 44.29% | time: 836.1s (177.3m) | step:   3379 | train acc: 0.996 | train loss: 0.008 |test acc: 0.680 (0.662, 0.708) | test eod gap: 0.1763
 44.29% | time:   1.4s (177.3m) | step:   3379 | train acc: 0.996 | train loss: 0.008 |val acc: 0.686 (0.666, 0.716) | val eod gap: 0.1372
begin calculating influence
[Strategy 5] Acc of expected label: 0.854452452917926
calculating influence -- done
Use 4562 samples. Get 4934 labels. Ratio: 0.9246047831374139
Files already downloaded and verified
3255 originally labeled samples, 1334 new samples, and 4166 unlabeled samples. Total: 8755
begin calculating influence
[Strategy 5] Acc of expected label: 0.6865625
calculating influence -- done
[ADD ORG DATA] Use 4562 samples. Get 10697 labels. Ratio: 0.4264747125362251
Files already downloaded and verified
3255 originally labeled samples, 3151 new samples, and 156364 unlabeled samples. Total: 162770
 46.91% | time: 823.3s (191.0m) | step:   3579 | train acc: 1.000 | train loss: 0.000 |test acc: 0.672 (0.638, 0.727) | test eod gap: 0.1447
 46.91% | time:   1.5s (191.0m) | step:   3579 | train acc: 1.000 | train loss: 0.000 |val acc: 0.690 (0.667, 0.727) | val eod gap: 0.1345
begin calculating influence
[Strategy 5] Acc of expected label: 0.8502160345655305
calculating influence -- done
Use 4584 samples. Get 4956 labels. Ratio: 0.9249394673123487
Files already downloaded and verified
3255 originally labeled samples, 1357 new samples, and 4143 unlabeled samples. Total: 8755
begin calculating influence
[Strategy 5] Acc of expected label: 0.674453125
calculating influence -- done
[ADD ORG DATA] Use 4584 samples. Get 11144 labels. Ratio: 0.4113424264178033
Files already downloaded and verified
3255 originally labeled samples, 3407 new samples, and 156108 unlabeled samples. Total: 162770
 49.53% | time: 825.9s (204.8m) | step:   3779 | train acc: 1.000 | train loss: 0.003 |test acc: 0.681 (0.641, 0.744) | test eod gap: 0.1607
 49.53% | time:   1.5s (204.8m) | step:   3779 | train acc: 1.000 | train loss: 0.003 |val acc: 0.671 (0.630, 0.737) | val eod gap: 0.1514
begin calculating influence
[Strategy 5] Acc of expected label: 0.852763697803524
calculating influence -- done
Use 4601 samples. Get 4972 labels. Ratio: 0.92538213998391
Files already downloaded and verified
3255 originally labeled samples, 1374 new samples, and 4126 unlabeled samples. Total: 8755
begin calculating influence
[Strategy 5] Acc of expected label: 0.688203125
calculating influence -- done
[ADD ORG DATA] Use 4601 samples. Get 11644 labels. Ratio: 0.3951391274476125
Files already downloaded and verified
3255 originally labeled samples, 3663 new samples, and 155852 unlabeled samples. Total: 162770
 49.99% | time: 775.2s (217.8m) | step:   3814 | train acc: 0.988 | train loss: 0.017 |test acc: 0.681 (0.662, 0.713) | test eod gap: 0.1621
 49.99% | time:   1.4s (217.8m) | step:   3814 | train acc: 0.988 | train loss: 0.017 |val acc: 0.682 (0.654, 0.726) | val eod gap: 0.1217
begin calculating influence
[Strategy 5] Acc of expected label: 0.8528841492971401
calculating influence -- done
Use 4615 samples. Get 4991 labels. Ratio: 0.9246643959126427
Files already downloaded and verified
3255 originally labeled samples, 1388 new samples, and 4112 unlabeled samples. Total: 8755
begin calculating influence
[Strategy 5] Acc of expected label: 0.6861328125
calculating influence -- done
[ADD ORG DATA] Use 4615 samples. Get 12255 labels. Ratio: 0.37658098735210116
Files already downloaded and verified
3255 originally labeled samples, 3919 new samples, and 155596 unlabeled samples. Total: 162770
Epoch 6
 52.62% | time: 830.2s (231.6m) | step:   4014 | train acc: 1.000 | train loss: 0.001 |test acc: 0.680 (0.648, 0.729) | test eod gap: 0.1602
 52.62% | time:   1.5s (231.6m) | step:   4014 | train acc: 1.000 | train loss: 0.001 |val acc: 0.676 (0.645, 0.722) | val eod gap: 0.1158
begin calculating influence
[Strategy 5] Acc of expected label: 0.8509241245136187
calculating influence -- done
Use 4621 samples. Get 4999 labels. Ratio: 0.9243848769753951
Files already downloaded and verified
3255 originally labeled samples, 1394 new samples, and 4106 unlabeled samples. Total: 8755
begin calculating influence
[Strategy 5] Acc of expected label: 0.679609375
calculating influence -- done
[ADD ORG DATA] Use 4621 samples. Get 12726 labels. Ratio: 0.3631148829168631
Files already downloaded and verified
3255 originally labeled samples, 4175 new samples, and 155340 unlabeled samples. Total: 162770
 55.24% | time: 832.3s (245.5m) | step:   4214 | train acc: 1.000 | train loss: 0.002 |test acc: 0.676 (0.647, 0.723) | test eod gap: 0.1388
 55.24% | time:   1.4s (245.5m) | step:   4214 | train acc: 1.000 | train loss: 0.002 |val acc: 0.682 (0.654, 0.724) | val eod gap: 0.0772
begin calculating influence
[Strategy 5] Acc of expected label: 0.8533852898197759
calculating influence -- done
Use 4628 samples. Get 5007 labels. Ratio: 0.9243059716397044
Files already downloaded and verified
3255 originally labeled samples, 1401 new samples, and 4099 unlabeled samples. Total: 8755
begin calculating influence
[Strategy 5] Acc of expected label: 0.6760546875
calculating influence -- done
[ADD ORG DATA] Use 4628 samples. Get 13237 labels. Ratio: 0.34962604819823223
Files already downloaded and verified
3255 originally labeled samples, 4431 new samples, and 155084 unlabeled samples. Total: 162770
 57.86% | time: 828.6s (259.3m) | step:   4414 | train acc: 1.000 | train loss: 0.002 |test acc: 0.670 (0.637, 0.721) | test eod gap: 0.1431
 57.86% | time:   1.4s (259.4m) | step:   4414 | train acc: 1.000 | train loss: 0.002 |val acc: 0.670 (0.651, 0.699) | val eod gap: 0.1124
begin calculating influence
[Strategy 5] Acc of expected label: 0.852159063186143
calculating influence -- done
Use 4650 samples. Get 5032 labels. Ratio: 0.9240858505564388
Files already downloaded and verified
3255 originally labeled samples, 1423 new samples, and 4077 unlabeled samples. Total: 8755
begin calculating influence
[Strategy 5] Acc of expected label: 0.6797265625
calculating influence -- done
[ADD ORG DATA] Use 4650 samples. Get 13718 labels. Ratio: 0.3389706954366526
Files already downloaded and verified
3255 originally labeled samples, 4687 new samples, and 154828 unlabeled samples. Total: 162770
 58.32% | time: 765.3s (272.1m) | step:   4449 | train acc: 0.996 | train loss: 0.025 |test acc: 0.678 (0.656, 0.714) | test eod gap: 0.1185
 58.32% | time:   1.6s (272.1m) | step:   4449 | train acc: 0.996 | train loss: 0.025 |val acc: 0.702 (0.688, 0.725) | val eod gap: 0.0887
begin calculating influence
[Strategy 5] Acc of expected label: 0.8547951925435369
calculating influence -- done
Use 4655 samples. Get 5036 labels. Ratio: 0.9243447180301827
Files already downloaded and verified
3255 originally labeled samples, 1428 new samples, and 4072 unlabeled samples. Total: 8755
begin calculating influence
[Strategy 5] Acc of expected label: 0.6838671875
calculating influence -- done
[ADD ORG DATA] Use 4655 samples. Get 14201 labels. Ratio: 0.3277938173368073
Files already downloaded and verified
3255 originally labeled samples, 4943 new samples, and 154572 unlabeled samples. Total: 162770
Epoch 7
 60.95% | time: 817.7s (285.8m) | step:   4650 | train acc: 1.000 | train loss: 0.005 |test acc: 0.679 (0.655, 0.717) | test eod gap: 0.1438
 60.95% | time:   1.5s (285.8m) | step:   4650 | train acc: 1.000 | train loss: 0.005 |val acc: 0.676 (0.662, 0.699) | val eod gap: 0.1073
begin calculating influence
[Strategy 5] Acc of expected label: 0.855844793713163
calculating influence -- done
Use 4693 samples. Get 5070 labels. Ratio: 0.9256410256410257
Files already downloaded and verified
3255 originally labeled samples, 1467 new samples, and 4033 unlabeled samples. Total: 8755
begin calculating influence
[Strategy 5] Acc of expected label: 0.6855859375
calculating influence -- done
[ADD ORG DATA] Use 4693 samples. Get 14739 labels. Ratio: 0.31840694755410814
Files already downloaded and verified
3255 originally labeled samples, 5199 new samples, and 154316 unlabeled samples. Total: 162770
 63.57% | time: 817.8s (299.4m) | step:   4850 | train acc: 1.000 | train loss: 0.000 |test acc: 0.689 (0.662, 0.733) | test eod gap: 0.1685
 63.57% | time:   1.4s (299.5m) | step:   4850 | train acc: 1.000 | train loss: 0.000 |val acc: 0.697 (0.671, 0.741) | val eod gap: 0.1323
begin calculating influence
[Strategy 5] Acc of expected label: 0.8566823704438383
calculating influence -- done
Use 4698 samples. Get 5074 labels. Ratio: 0.925896728419393
Files already downloaded and verified
3255 originally labeled samples, 1472 new samples, and 4028 unlabeled samples. Total: 8755
begin calculating influence
[Strategy 5] Acc of expected label: 0.695625
calculating influence -- done
[ADD ORG DATA] Use 4698 samples. Get 15230 labels. Ratio: 0.30847012475377544
Files already downloaded and verified
3255 originally labeled samples, 5455 new samples, and 154060 unlabeled samples. Total: 162770
 66.19% | time: 824.9s (313.2m) | step:   5050 | train acc: 0.996 | train loss: 0.008 |test acc: 0.673 (0.635, 0.733) | test eod gap: 0.1291
 66.19% | time:   1.3s (313.2m) | step:   5050 | train acc: 0.996 | train loss: 0.008 |val acc: 0.684 (0.649, 0.739) | val eod gap: 0.0783
begin calculating influence
[Strategy 5] Acc of expected label: 0.8574975173783516
calculating influence -- done
Use 4699 samples. Get 5077 labels. Ratio: 0.925546582627536
Files already downloaded and verified
3255 originally labeled samples, 1473 new samples, and 4027 unlabeled samples. Total: 8755
begin calculating influence
[Strategy 5] Acc of expected label: 0.6747265625
calculating influence -- done
[ADD ORG DATA] Use 4699 samples. Get 15707 labels. Ratio: 0.29916597695295094
Files already downloaded and verified
3255 originally labeled samples, 5711 new samples, and 153804 unlabeled samples. Total: 162770
 66.65% | time: 762.3s (325.9m) | step:   5085 | train acc: 1.000 | train loss: 0.011 |test acc: 0.683 (0.670, 0.703) | test eod gap: 0.1240
 66.65% | time:   1.3s (326.0m) | step:   5085 | train acc: 1.000 | train loss: 0.011 |val acc: 0.676 (0.664, 0.694) | val eod gap: 0.1178
begin calculating influence
[Strategy 5] Acc of expected label: 0.8559721877328036
calculating influence -- done
Use 4710 samples. Get 5090 labels. Ratio: 0.925343811394892
Files already downloaded and verified
3255 originally labeled samples, 1485 new samples, and 4015 unlabeled samples. Total: 8755
begin calculating influence
[Strategy 5] Acc of expected label: 0.6907421875
calculating influence -- done
[ADD ORG DATA] Use 4710 samples. Get 16325 labels. Ratio: 0.2885145482388974
Files already downloaded and verified
3255 originally labeled samples, 5967 new samples, and 153548 unlabeled samples. Total: 162770
Epoch 8
 69.29% | time: 819.0s (339.6m) | step:   5286 | train acc: 0.996 | train loss: 0.011 |test acc: 0.680 (0.653, 0.722) | test eod gap: 0.1391
 69.29% | time:   1.4s (339.6m) | step:   5286 | train acc: 0.996 | train loss: 0.011 |val acc: 0.684 (0.667, 0.709) | val eod gap: 0.1047
begin calculating influence
[Strategy 5] Acc of expected label: 0.8547945205479452
calculating influence -- done
Use 4779 samples. Get 5158 labels. Ratio: 0.926521907716169
Files already downloaded and verified
3255 originally labeled samples, 1556 new samples, and 3944 unlabeled samples. Total: 8755
begin calculating influence
[Strategy 5] Acc of expected label: 0.6802734375
calculating influence -- done
[ADD ORG DATA] Use 4779 samples. Get 16821 labels. Ratio: 0.2841091492776886
Files already downloaded and verified
3255 originally labeled samples, 6223 new samples, and 153292 unlabeled samples. Total: 162770
 71.91% | time: 816.3s (353.2m) | step:   5486 | train acc: 1.000 | train loss: 0.004 |test acc: 0.683 (0.656, 0.725) | test eod gap: 0.1363
 71.91% | time:   1.4s (353.3m) | step:   5486 | train acc: 1.000 | train loss: 0.004 |val acc: 0.691 (0.666, 0.731) | val eod gap: 0.1128
begin calculating influence
[Strategy 5] Acc of expected label: 0.8539553752535497
calculating influence -- done
Use 4786 samples. Get 5164 labels. Ratio: 0.9268009295120062
Files already downloaded and verified
3255 originally labeled samples, 1563 new samples, and 3937 unlabeled samples. Total: 8755
begin calculating influence
[Strategy 5] Acc of expected label: 0.6873046875
calculating influence -- done
[ADD ORG DATA] Use 4786 samples. Get 17366 labels. Ratio: 0.2755959921686053
Files already downloaded and verified
3255 originally labeled samples, 6479 new samples, and 153036 unlabeled samples. Total: 162770
 74.53% | time: 816.5s (366.9m) | step:   5686 | train acc: 1.000 | train loss: 0.003 |test acc: 0.679 (0.659, 0.712) | test eod gap: 0.1575
 74.53% | time:   1.4s (366.9m) | step:   5686 | train acc: 1.000 | train loss: 0.003 |val acc: 0.678 (0.659, 0.710) | val eod gap: 0.1504
begin calculating influence
[Strategy 5] Acc of expected label: 0.8557277114554229
calculating influence -- done
Use 4801 samples. Get 5180 labels. Ratio: 0.9268339768339768
Files already downloaded and verified
3255 originally labeled samples, 1579 new samples, and 3921 unlabeled samples. Total: 8755
begin calculating influence
[Strategy 5] Acc of expected label: 0.6859375
calculating influence -- done
[ADD ORG DATA] Use 4801 samples. Get 17883 labels. Ratio: 0.2684672594083767
Files already downloaded and verified
3255 originally labeled samples, 6735 new samples, and 152780 unlabeled samples. Total: 162770
 74.99% | time: 759.7s (379.6m) | step:   5721 | train acc: 0.996 | train loss: 0.022 |test acc: 0.682 (0.658, 0.721) | test eod gap: 0.1502
 74.99% | time:   1.3s (379.6m) | step:   5721 | train acc: 0.996 | train loss: 0.022 |val acc: 0.693 (0.685, 0.706) | val eod gap: 0.1046
begin calculating influence
[Strategy 5] Acc of expected label: 0.8536087732721245
calculating influence -- done
Use 4840 samples. Get 5218 labels. Ratio: 0.9275584515139901
Files already downloaded and verified
3255 originally labeled samples, 1619 new samples, and 3881 unlabeled samples. Total: 8755
begin calculating influence
[Strategy 5] Acc of expected label: 0.6870703125
calculating influence -- done
[ADD ORG DATA] Use 4840 samples. Get 18357 labels. Ratio: 0.2636596393746255
Files already downloaded and verified
3255 originally labeled samples, 6991 new samples, and 152524 unlabeled samples. Total: 162770
Epoch 9
 77.62% | time: 828.1s (393.4m) | step:   5922 | train acc: 1.000 | train loss: 0.001 |test acc: 0.678 (0.646, 0.727) | test eod gap: 0.1495
 77.62% | time:   1.4s (393.4m) | step:   5922 | train acc: 1.000 | train loss: 0.001 |val acc: 0.681 (0.647, 0.733) | val eod gap: 0.1147
begin calculating influence
[Strategy 5] Acc of expected label: 0.8536459675341407
calculating influence -- done
Use 4845 samples. Get 5223 labels. Ratio: 0.9276278001148766
Files already downloaded and verified
3255 originally labeled samples, 1624 new samples, and 3876 unlabeled samples. Total: 8755
begin calculating influence
[Strategy 5] Acc of expected label: 0.6859765625
calculating influence -- done
[ADD ORG DATA] Use 4845 samples. Get 18783 labels. Ratio: 0.2579460150135761
Files already downloaded and verified
3255 originally labeled samples, 7247 new samples, and 152268 unlabeled samples. Total: 162770
 80.25% | time: 820.5s (407.1m) | step:   6122 | train acc: 1.000 | train loss: 0.003 |test acc: 0.689 (0.668, 0.724) | test eod gap: 0.1508
 80.25% | time:   1.5s (407.1m) | step:   6122 | train acc: 1.000 | train loss: 0.003 |val acc: 0.701 (0.687, 0.721) | val eod gap: 0.1107
begin calculating influence
[Strategy 5] Acc of expected label: 0.8529411764705882
calculating influence -- done
Use 4872 samples. Get 5250 labels. Ratio: 0.928
Files already downloaded and verified
3255 originally labeled samples, 1654 new samples, and 3846 unlabeled samples. Total: 8755
begin calculating influence
[Strategy 5] Acc of expected label: 0.6930859375
calculating influence -- done
[ADD ORG DATA] Use 4872 samples. Get 19298 labels. Ratio: 0.25246139496320863
Files already downloaded and verified
3255 originally labeled samples, 7503 new samples, and 152012 unlabeled samples. Total: 162770
 82.87% | time: 813.4s (420.7m) | step:   6322 | train acc: 1.000 | train loss: 0.002 |test acc: 0.687 (0.654, 0.739) | test eod gap: 0.1422
 82.87% | time:   1.4s (420.7m) | step:   6322 | train acc: 1.000 | train loss: 0.002 |val acc: 0.695 (0.663, 0.745) | val eod gap: 0.1016
begin calculating influence
[Strategy 5] Acc of expected label: 0.8549141965678627
calculating influence -- done
Use 4873 samples. Get 5251 labels. Ratio: 0.9280137116739668
Files already downloaded and verified
3255 originally labeled samples, 1655 new samples, and 3845 unlabeled samples. Total: 8755
begin calculating influence
[Strategy 5] Acc of expected label: 0.691015625
calculating influence -- done
[ADD ORG DATA] Use 4873 samples. Get 19723 labels. Ratio: 0.24707194645844952
Files already downloaded and verified
3255 originally labeled samples, 7732 new samples, and 151783 unlabeled samples. Total: 162770
 83.33% | time: 756.1s (433.3m) | step:   6357 | train acc: 0.996 | train loss: 0.008 |test acc: 0.691 (0.665, 0.731) | test eod gap: 0.1520
 83.33% | time:   1.5s (433.3m) | step:   6357 | train acc: 0.996 | train loss: 0.008 |val acc: 0.694 (0.667, 0.736) | val eod gap: 0.1256
begin calculating influence
[Strategy 5] Acc of expected label: 0.8540962288686605
calculating influence -- done
Use 4877 samples. Get 5253 labels. Ratio: 0.9284218541785646
Files already downloaded and verified
3255 originally labeled samples, 1659 new samples, and 3841 unlabeled samples. Total: 8755
begin calculating influence
[Strategy 5] Acc of expected label: 0.695625
calculating influence -- done
[ADD ORG DATA] Use 4877 samples. Get 20217 labels. Ratio: 0.2412326260078152
Files already downloaded and verified
3255 originally labeled samples, 7988 new samples, and 151527 unlabeled samples. Total: 162770
Epoch 10
 85.96% | time: 823.6s (447.0m) | step:   6558 | train acc: 1.000 | train loss: 0.002 |test acc: 0.682 (0.653, 0.728) | test eod gap: 0.1430
 85.96% | time:   1.4s (447.1m) | step:   6558 | train acc: 1.000 | train loss: 0.002 |val acc: 0.679 (0.643, 0.735) | val eod gap: 0.0999
begin calculating influence
[Strategy 5] Acc of expected label: 0.8523821921374642
calculating influence -- done
Use 4904 samples. Get 5281 labels. Ratio: 0.9286120053020261
Files already downloaded and verified
3255 originally labeled samples, 1687 new samples, and 3813 unlabeled samples. Total: 8755
begin calculating influence
[Strategy 5] Acc of expected label: 0.689453125
calculating influence -- done
[ADD ORG DATA] Use 4904 samples. Get 20724 labels. Ratio: 0.23663385446824936
Files already downloaded and verified
3255 originally labeled samples, 8244 new samples, and 151271 unlabeled samples. Total: 162770
 88.58% | time: 807.2s (460.5m) | step:   6758 | train acc: 0.992 | train loss: 0.020 |test acc: 0.689 (0.671, 0.716) | test eod gap: 0.1447
 88.58% | time:   1.6s (460.5m) | step:   6758 | train acc: 0.992 | train loss: 0.020 |val acc: 0.704 (0.689, 0.728) | val eod gap: 0.0863
begin calculating influence
calculating influence -- done
length of new labels 100
Use 4904+100 = 5004 samples.
Files already downloaded and verified
3255 originally labeled samples, 1787 new samples, and 3713 unlabeled samples. Total: 8755
begin calculating influence
[Strategy 5] Acc of expected label: 0.6921875
calculating influence -- done
[ADD ORG DATA] Use 5004 samples. Get 21353 labels. Ratio: 0.23434646185547697
Files already downloaded and verified
3255 originally labeled samples, 8500 new samples, and 151015 unlabeled samples. Total: 162770
 91.20% | time: 819.9s (474.2m) | step:   6958 | train acc: 1.000 | train loss: 0.006 |test acc: 0.683 (0.648, 0.738) | test eod gap: 0.1261
 91.20% | time:   1.5s (474.2m) | step:   6958 | train acc: 1.000 | train loss: 0.006 |val acc: 0.710 (0.670, 0.771) | val eod gap: 0.1123
begin calculating influence
calculating influence -- done
length of new labels 107
Use 4904+107 = 5011 samples.
Files already downloaded and verified
3255 originally labeled samples, 1794 new samples, and 3706 unlabeled samples. Total: 8755
begin calculating influence
[Strategy 5] Acc of expected label: 0.6837890625
calculating influence -- done
[ADD ORG DATA] Use 5011 samples. Get 21629 labels. Ratio: 0.2316796893060243
Files already downloaded and verified
3255 originally labeled samples, 8653 new samples, and 150862 unlabeled samples. Total: 162770
 91.66% | time: 749.5s (486.7m) | step:   6993 | train acc: 0.992 | train loss: 0.020 |test acc: 0.689 (0.661, 0.733) | test eod gap: 0.1684
 91.66% | time:   1.5s (486.7m) | step:   6993 | train acc: 0.992 | train loss: 0.020 |val acc: 0.704 (0.682, 0.740) | val eod gap: 0.1258
begin calculating influence
calculating influence -- done
length of new labels 124
Use 4904+124 = 5028 samples.
Files already downloaded and verified
3255 originally labeled samples, 1811 new samples, and 3689 unlabeled samples. Total: 8755
begin calculating influence
[Strategy 5] Acc of expected label: 0.6963671875
calculating influence -- done
[ADD ORG DATA] Use 5028 samples. Get 22083 labels. Ratio: 0.2276864556446135
Files already downloaded and verified
3255 originally labeled samples, 8909 new samples, and 150606 unlabeled samples. Total: 162770
Epoch 11
 94.30% | time: 822.6s (500.4m) | step:   7194 | train acc: 0.992 | train loss: 0.019 |test acc: 0.691 (0.662, 0.738) | test eod gap: 0.1529
 94.30% | time:   1.4s (500.5m) | step:   7194 | train acc: 0.992 | train loss: 0.019 |val acc: 0.715 (0.695, 0.745) | val eod gap: 0.1199
begin calculating influence
calculating influence -- done
length of new labels 127
Use 4904+127 = 5031 samples.
Files already downloaded and verified
3255 originally labeled samples, 1814 new samples, and 3686 unlabeled samples. Total: 8755
begin calculating influence
[Strategy 5] Acc of expected label: 0.6979296875
calculating influence -- done
[ADD ORG DATA] Use 5031 samples. Get 22592 labels. Ratio: 0.222689447592068
Files already downloaded and verified
3255 originally labeled samples, 9165 new samples, and 150350 unlabeled samples. Total: 162770
 96.92% | time: 805.8s (513.9m) | step:   7394 | train acc: 1.000 | train loss: 0.002 |test acc: 0.689 (0.658, 0.737) | test eod gap: 0.1511
 96.92% | time:   1.4s (513.9m) | step:   7394 | train acc: 1.000 | train loss: 0.002 |val acc: 0.705 (0.687, 0.735) | val eod gap: 0.1286
begin calculating influence
calculating influence -- done
length of new labels 131
Use 4904+131 = 5035 samples.
Files already downloaded and verified
3255 originally labeled samples, 1818 new samples, and 3682 unlabeled samples. Total: 8755
begin calculating influence
[Strategy 5] Acc of expected label: 0.69453125
calculating influence -- done
[ADD ORG DATA] Use 5035 samples. Get 22975 labels. Ratio: 0.2191512513601741
Files already downloaded and verified
3255 originally labeled samples, 9421 new samples, and 150094 unlabeled samples. Total: 162770
 99.54% | time: 803.6s (527.3m) | step:   7594 | train acc: 1.000 | train loss: 0.002 |test acc: 0.697 (0.672, 0.738) | test eod gap: 0.1601
 99.54% | time:   1.3s (527.3m) | step:   7594 | train acc: 1.000 | train loss: 0.002 |val acc: 0.715 (0.680, 0.768) | val eod gap: 0.1421
begin calculating influence
calculating influence -- done
length of new labels 138
Use 4904+138 = 5042 samples.
Files already downloaded and verified
3255 originally labeled samples, 1825 new samples, and 3675 unlabeled samples. Total: 8755
begin calculating influence
[Strategy 5] Acc of expected label: 0.7015625
calculating influence -- done
[ADD ORG DATA] Use 5042 samples. Get 23463 labels. Ratio: 0.21489153134722755
Files already downloaded and verified
3255 originally labeled samples, 9677 new samples, and 149838 unlabeled samples. Total: 162770
100.00% | time: 743.9s (539.7m) | step:   7629 | train acc: 0.996 | train loss: 0.013 |test acc: 0.691 (0.667, 0.728) | test eod gap: 0.1475
100.00% | time:   1.6s (539.8m) | step:   7629 | train acc: 0.996 | train loss: 0.013 |val acc: 0.707 (0.700, 0.719) | val eod gap: 0.1340
begin calculating influence
calculating influence -- done
length of new labels 182
Use 4903+182 = 5085 samples.
Files already downloaded and verified
3255 originally labeled samples, 1869 new samples, and 3631 unlabeled samples. Total: 8755
begin calculating influence
[Strategy 5] Acc of expected label: 0.700078125
calculating influence -- done
[ADD ORG DATA] Use 5085 samples. Get 23985 labels. Ratio: 0.21200750469043153
Files already downloaded and verified
3255 originally labeled samples, 9933 new samples, and 149582 unlabeled samples. Total: 162770
