Files already downloaded and verified
3255 originally labeled samples, 0 new samples, and 159515 unlabeled samples. Total: 162770
Files already downloaded and verified
1996 originally labeled samples, 0 new samples, and 17966 unlabeled samples. Total: 19962
Numer of layers 200
train net...
train with 162770 samples (with replacement) in one epoch
Epoch 0
  2.62% | time:  93.5s (  1.6m) | step:    200 | train acc: 0.930 | train loss: 0.166 |warm_t acc: 0.681 (0.694, 0.661) | warm_t dp gap: 0.4018
  2.62% | time:   5.1s (  1.6m) | step:    200 | train acc: 0.930 | train loss: 0.166 |warm_v acc: 0.692 (0.704, 0.671) | warm_v dp gap: 0.3936
  5.24% | time:  76.3s (  2.9m) | step:    400 | train acc: 0.793 | train loss: 0.470 |warm_t acc: 0.666 (0.703, 0.605) | warm_t dp gap: 0.3363
  5.24% | time:   1.4s (  2.9m) | step:    400 | train acc: 0.793 | train loss: 0.470 |warm_v acc: 0.661 (0.690, 0.616) | warm_v dp gap: 0.3225
  7.86% | time:  76.3s (  4.2m) | step:    600 | train acc: 1.000 | train loss: 0.006 |warm_t acc: 0.695 (0.677, 0.724) | warm_t dp gap: 0.3869
  7.86% | time:   1.4s (  4.2m) | step:    600 | train acc: 1.000 | train loss: 0.006 |warm_v acc: 0.698 (0.691, 0.710) | warm_v dp gap: 0.3941
  8.32% | time:  21.7s (  4.6m) | step:    635 | train acc: 1.000 | train loss: 0.003 |warm_t acc: 0.695 (0.683, 0.715) | warm_t dp gap: 0.3887
  8.32% | time:   1.4s (  4.6m) | step:    635 | train acc: 1.000 | train loss: 0.003 |warm_v acc: 0.698 (0.683, 0.721) | warm_v dp gap: 0.3737
Epoch 1
 10.95% | time:  75.8s (  5.9m) | step:    835 | train acc: 1.000 | train loss: 0.000 |warm_t acc: 0.694 (0.682, 0.711) | warm_t dp gap: 0.3948
 10.95% | time:   1.4s (  5.9m) | step:    835 | train acc: 1.000 | train loss: 0.000 |warm_v acc: 0.695 (0.692, 0.699) | warm_v dp gap: 0.3714
 13.57% | time:  74.2s (  7.1m) | step:   1035 | train acc: 1.000 | train loss: 0.000 |warm_t acc: 0.694 (0.682, 0.713) | warm_t dp gap: 0.3954
 13.57% | time:   1.6s (  7.2m) | step:   1035 | train acc: 1.000 | train loss: 0.000 |warm_v acc: 0.689 (0.681, 0.701) | warm_v dp gap: 0.3953
 16.19% | time:  74.1s (  8.4m) | step:   1235 | train acc: 1.000 | train loss: 0.000 |warm_t acc: 0.694 (0.683, 0.712) | warm_t dp gap: 0.3953
 16.19% | time:   1.5s (  8.4m) | step:   1235 | train acc: 1.000 | train loss: 0.000 |warm_v acc: 0.684 (0.674, 0.699) | warm_v dp gap: 0.3714
 16.65% | time:  24.4s (  8.8m) | step:   1270 | train acc: 1.000 | train loss: 0.000 |warm_t acc: 0.694 (0.683, 0.712) | warm_t dp gap: 0.3956
 16.65% | time:   1.3s (  8.9m) | step:   1270 | train acc: 1.000 | train loss: 0.000 |warm_v acc: 0.694 (0.692, 0.697) | warm_v dp gap: 0.3768
Epoch 2
 19.28% | time:  67.8s ( 10.0m) | step:   1471 | train acc: 1.000 | train loss: 0.000 |test acc: 0.694 (0.682, 0.713) | test dp gap: 0.3955
 19.28% | time:   1.5s ( 10.0m) | step:   1471 | train acc: 1.000 | train loss: 0.000 |val acc: 0.702 (0.701, 0.704) | val dp gap: 0.3947
begin calculating influence
selected layers: [Traced<ShapedArray(float32[768])>with<DynamicJaxprTrace(level=0/1)>, Traced<ShapedArray(float32[8,8,3,768])>with<DynamicJaxprTrace(level=0/1)>, Traced<ShapedArray(float32[2])>with<DynamicJaxprTrace(level=0/1)>, Traced<ShapedArray(float32[768,2])>with<DynamicJaxprTrace(level=0/1)>]
[Strategy 2] Acc of expected label: 0.703359375
calculating influence -- done
Use 3511 samples. Get 3865 labels. Ratio: 0.9084087968952135
Files already downloaded and verified
3255 originally labeled samples, 256 new samples, and 159259 unlabeled samples. Total: 162770
 21.90% | time: 722.3s ( 22.0m) | step:   1671 | train acc: 0.914 | train loss: 0.193 |test acc: 0.621 (0.530, 0.764) | test dp gap: 0.1927
 21.90% | time:   1.2s ( 22.1m) | step:   1671 | train acc: 0.914 | train loss: 0.193 |val acc: 0.629 (0.542, 0.764) | val dp gap: 0.1803
begin calculating influence
[Strategy 2] Acc of expected label: 0.612890625
calculating influence -- done
Use 3767 samples. Get 4743 labels. Ratio: 0.7942230655703142
Files already downloaded and verified
3255 originally labeled samples, 512 new samples, and 159003 unlabeled samples. Total: 162770
 24.52% | time: 718.6s ( 34.0m) | step:   1871 | train acc: 0.734 | train loss: 0.643 |test acc: 0.663 (0.611, 0.746) | test dp gap: 0.2889
 24.52% | time:   1.5s ( 34.1m) | step:   1871 | train acc: 0.734 | train loss: 0.643 |val acc: 0.658 (0.613, 0.729) | val dp gap: 0.2371
begin calculating influence
[Strategy 2] Acc of expected label: 0.6628515625
calculating influence -- done
Use 4023 samples. Get 5508 labels. Ratio: 0.7303921568627451
Files already downloaded and verified
3255 originally labeled samples, 768 new samples, and 158747 unlabeled samples. Total: 162770
 24.98% | time: 664.7s ( 45.1m) | step:   1906 | train acc: 0.879 | train loss: 0.287 |test acc: 0.689 (0.653, 0.747) | test dp gap: 0.3649
 24.98% | time:   1.6s ( 45.2m) | step:   1906 | train acc: 0.879 | train loss: 0.287 |val acc: 0.682 (0.646, 0.738) | val dp gap: 0.3376
begin calculating influence
[Strategy 2] Acc of expected label: 0.683671875
calculating influence -- done
Use 4279 samples. Get 6118 labels. Ratio: 0.6994115724092841
Files already downloaded and verified
3255 originally labeled samples, 1024 new samples, and 158491 unlabeled samples. Total: 162770
Epoch 3
 27.62% | time: 729.9s ( 57.3m) | step:   2107 | train acc: 0.898 | train loss: 0.242 |test acc: 0.667 (0.643, 0.704) | test dp gap: 0.3099
 27.62% | time:   1.4s ( 57.4m) | step:   2107 | train acc: 0.898 | train loss: 0.242 |val acc: 0.666 (0.643, 0.704) | val dp gap: 0.2560
begin calculating influence
[Strategy 2] Acc of expected label: 0.6720703125
calculating influence -- done
Use 4535 samples. Get 6839 labels. Ratio: 0.6631086416142711
Files already downloaded and verified
3255 originally labeled samples, 1280 new samples, and 158235 unlabeled samples. Total: 162770
 30.24% | time: 731.9s ( 69.6m) | step:   2307 | train acc: 1.000 | train loss: 0.007 |test acc: 0.662 (0.619, 0.729) | test dp gap: 0.3015
 30.24% | time:   1.3s ( 69.6m) | step:   2307 | train acc: 1.000 | train loss: 0.007 |val acc: 0.661 (0.628, 0.714) | val dp gap: 0.2665
begin calculating influence
[Strategy 2] Acc of expected label: 0.66421875
calculating influence -- done
Use 4791 samples. Get 7343 labels. Ratio: 0.6524581233828136
Files already downloaded and verified
3255 originally labeled samples, 1536 new samples, and 157979 unlabeled samples. Total: 162770
 32.86% | time: 722.6s ( 81.6m) | step:   2507 | train acc: 0.969 | train loss: 0.115 |test acc: 0.663 (0.628, 0.720) | test dp gap: 0.2628
 32.86% | time:   1.4s ( 81.7m) | step:   2507 | train acc: 0.969 | train loss: 0.115 |val acc: 0.654 (0.614, 0.714) | val dp gap: 0.2302
begin calculating influence
[Strategy 2] Acc of expected label: 0.6625
calculating influence -- done
Use 5047 samples. Get 7969 labels. Ratio: 0.6333291504580248
Files already downloaded and verified
3255 originally labeled samples, 1792 new samples, and 157723 unlabeled samples. Total: 162770
 33.32% | time: 664.2s ( 92.7m) | step:   2542 | train acc: 0.977 | train loss: 0.080 |test acc: 0.676 (0.645, 0.725) | test dp gap: 0.3106
 33.32% | time:   1.4s ( 92.7m) | step:   2542 | train acc: 0.977 | train loss: 0.080 |val acc: 0.672 (0.649, 0.708) | val dp gap: 0.2702
begin calculating influence
[Strategy 2] Acc of expected label: 0.681796875
calculating influence -- done
Use 5303 samples. Get 8696 labels. Ratio: 0.609820607175713
Files already downloaded and verified
3255 originally labeled samples, 2048 new samples, and 157467 unlabeled samples. Total: 162770
Epoch 4
 35.95% | time: 724.6s (104.8m) | step:   2743 | train acc: 0.988 | train loss: 0.044 |test acc: 0.644 (0.592, 0.726) | test dp gap: 0.2143
 35.95% | time:   1.3s (104.8m) | step:   2743 | train acc: 0.988 | train loss: 0.044 |val acc: 0.662 (0.613, 0.737) | val dp gap: 0.2445
begin calculating influence
[Strategy 2] Acc of expected label: 0.6373046875
calculating influence -- done
Use 5559 samples. Get 9285 labels. Ratio: 0.5987075928917609
Files already downloaded and verified
3255 originally labeled samples, 2304 new samples, and 157211 unlabeled samples. Total: 162770
 38.58% | time: 724.6s (116.9m) | step:   2943 | train acc: 1.000 | train loss: 0.002 |test acc: 0.657 (0.619, 0.717) | test dp gap: 0.2633
 38.58% | time:   1.4s (116.9m) | step:   2943 | train acc: 1.000 | train loss: 0.002 |val acc: 0.664 (0.632, 0.716) | val dp gap: 0.2312
begin calculating influence
[Strategy 2] Acc of expected label: 0.659453125
calculating influence -- done
Use 5815 samples. Get 9788 labels. Ratio: 0.5940948099713935
Files already downloaded and verified
3255 originally labeled samples, 2560 new samples, and 156955 unlabeled samples. Total: 162770
 41.20% | time: 727.4s (129.1m) | step:   3143 | train acc: 1.000 | train loss: 0.002 |test acc: 0.653 (0.616, 0.712) | test dp gap: 0.2247
 41.20% | time:   1.4s (129.1m) | step:   3143 | train acc: 1.000 | train loss: 0.002 |val acc: 0.655 (0.611, 0.724) | val dp gap: 0.2013
begin calculating influence
[Strategy 2] Acc of expected label: 0.6539453125
calculating influence -- done
Use 5967 samples. Get 10101 labels. Ratio: 0.5907335907335908
Files already downloaded and verified
3255 originally labeled samples, 2712 new samples, and 156803 unlabeled samples. Total: 162770
 41.66% | time: 667.9s (140.2m) | step:   3178 | train acc: 0.992 | train loss: 0.022 |test acc: 0.667 (0.629, 0.727) | test dp gap: 0.2562
 41.66% | time:   1.3s (140.2m) | step:   3178 | train acc: 0.992 | train loss: 0.022 |val acc: 0.658 (0.613, 0.726) | val dp gap: 0.2282
begin calculating influence
[Strategy 2] Acc of expected label: 0.6618359375
calculating influence -- done
Use 6223 samples. Get 10525 labels. Ratio: 0.5912589073634205
Files already downloaded and verified
3255 originally labeled samples, 2968 new samples, and 156547 unlabeled samples. Total: 162770
Epoch 5
 44.29% | time: 728.1s (152.4m) | step:   3379 | train acc: 1.000 | train loss: 0.004 |test acc: 0.657 (0.631, 0.699) | test dp gap: 0.2480
 44.29% | time:   1.5s (152.4m) | step:   3379 | train acc: 1.000 | train loss: 0.004 |val acc: 0.659 (0.628, 0.707) | val dp gap: 0.2244
begin calculating influence
[Strategy 2] Acc of expected label: 0.65984375
calculating influence -- done
Use 6479 samples. Get 11076 labels. Ratio: 0.5849584687612857
Files already downloaded and verified
3255 originally labeled samples, 3224 new samples, and 156291 unlabeled samples. Total: 162770
 46.91% | time: 725.5s (164.5m) | step:   3579 | train acc: 1.000 | train loss: 0.003 |test acc: 0.668 (0.625, 0.738) | test dp gap: 0.2659
 46.91% | time:   1.5s (164.5m) | step:   3579 | train acc: 1.000 | train loss: 0.003 |val acc: 0.660 (0.626, 0.713) | val dp gap: 0.2200
begin calculating influence
[Strategy 2] Acc of expected label: 0.664375
calculating influence -- done
Use 6603 samples. Get 11319 labels. Ratio: 0.583355420090114
Files already downloaded and verified
3255 originally labeled samples, 3348 new samples, and 156167 unlabeled samples. Total: 162770
 49.53% | time: 728.4s (176.7m) | step:   3779 | train acc: 1.000 | train loss: 0.000 |test acc: 0.665 (0.626, 0.728) | test dp gap: 0.2631
 49.53% | time:   1.4s (176.7m) | step:   3779 | train acc: 1.000 | train loss: 0.000 |val acc: 0.670 (0.638, 0.721) | val dp gap: 0.2208
begin calculating influence
[Strategy 2] Acc of expected label: 0.670390625
calculating influence -- done
Use 6859 samples. Get 11733 labels. Ratio: 0.5845904713202079
Files already downloaded and verified
3255 originally labeled samples, 3604 new samples, and 155911 unlabeled samples. Total: 162770
 49.99% | time: 672.8s (187.9m) | step:   3814 | train acc: 0.996 | train loss: 0.006 |test acc: 0.667 (0.628, 0.727) | test dp gap: 0.2659
 49.99% | time:   1.4s (187.9m) | step:   3814 | train acc: 0.996 | train loss: 0.006 |val acc: 0.671 (0.634, 0.731) | val dp gap: 0.2268
begin calculating influence
[Strategy 2] Acc of expected label: 0.659921875
calculating influence -- done
Use 7115 samples. Get 12273 labels. Ratio: 0.5797278578994541
Files already downloaded and verified
3255 originally labeled samples, 3860 new samples, and 155655 unlabeled samples. Total: 162770
Epoch 6
 52.62% | time: 729.3s (200.1m) | step:   4014 | train acc: 1.000 | train loss: 0.001 |test acc: 0.668 (0.625, 0.735) | test dp gap: 0.2647
 52.62% | time:   1.5s (200.1m) | step:   4014 | train acc: 1.000 | train loss: 0.001 |val acc: 0.663 (0.623, 0.727) | val dp gap: 0.2453
begin calculating influence
[Strategy 2] Acc of expected label: 0.662265625
calculating influence -- done
Use 7371 samples. Get 12781 labels. Ratio: 0.5767154369767624
Files already downloaded and verified
3255 originally labeled samples, 4116 new samples, and 155399 unlabeled samples. Total: 162770
 55.24% | time: 729.3s (212.3m) | step:   4214 | train acc: 1.000 | train loss: 0.003 |test acc: 0.660 (0.610, 0.740) | test dp gap: 0.2572
 55.24% | time:   1.4s (212.3m) | step:   4214 | train acc: 1.000 | train loss: 0.003 |val acc: 0.643 (0.593, 0.722) | val dp gap: 0.2164
begin calculating influence
[Strategy 2] Acc of expected label: 0.655234375
calculating influence -- done
Use 7503 samples. Get 12969 labels. Ratio: 0.5785334258616701
Files already downloaded and verified
3255 originally labeled samples, 4248 new samples, and 155267 unlabeled samples. Total: 162770
 57.86% | time: 731.2s (224.5m) | step:   4414 | train acc: 1.000 | train loss: 0.000 |test acc: 0.668 (0.633, 0.723) | test dp gap: 0.2621
 57.86% | time:   1.5s (224.5m) | step:   4414 | train acc: 1.000 | train loss: 0.000 |val acc: 0.677 (0.643, 0.732) | val dp gap: 0.2579
begin calculating influence
[Strategy 2] Acc of expected label: 0.6659765625
calculating influence -- done
Use 7759 samples. Get 13384 labels. Ratio: 0.5797220561864913
Files already downloaded and verified
3255 originally labeled samples, 4504 new samples, and 155011 unlabeled samples. Total: 162770
 58.32% | time: 673.6s (235.7m) | step:   4449 | train acc: 1.000 | train loss: 0.003 |test acc: 0.672 (0.637, 0.728) | test dp gap: 0.2670
 58.32% | time:   1.5s (235.7m) | step:   4449 | train acc: 1.000 | train loss: 0.003 |val acc: 0.669 (0.629, 0.729) | val dp gap: 0.2219
begin calculating influence
[Strategy 2] Acc of expected label: 0.6709375
calculating influence -- done
Use 8015 samples. Get 13818 labels. Ratio: 0.5800405268490375
Files already downloaded and verified
3255 originally labeled samples, 4760 new samples, and 154755 unlabeled samples. Total: 162770
Epoch 7
 60.95% | time: 730.3s (247.9m) | step:   4650 | train acc: 0.992 | train loss: 0.018 |test acc: 0.661 (0.618, 0.729) | test dp gap: 0.2427
 60.95% | time:   1.4s (247.9m) | step:   4650 | train acc: 0.992 | train loss: 0.018 |val acc: 0.646 (0.606, 0.711) | val dp gap: 0.1702
begin calculating influence
[Strategy 2] Acc of expected label: 0.6609765625
calculating influence -- done
Use 8271 samples. Get 14259 labels. Ratio: 0.5800547022932885
Files already downloaded and verified
3255 originally labeled samples, 5016 new samples, and 154499 unlabeled samples. Total: 162770
 63.57% | time: 728.8s (260.1m) | step:   4850 | train acc: 1.000 | train loss: 0.001 |test acc: 0.683 (0.650, 0.735) | test dp gap: 0.2908
 63.57% | time:   1.5s (260.1m) | step:   4850 | train acc: 1.000 | train loss: 0.001 |val acc: 0.673 (0.642, 0.720) | val dp gap: 0.2297
begin calculating influence
[Strategy 2] Acc of expected label: 0.6791796875
calculating influence -- done
Use 8527 samples. Get 14719 labels. Ratio: 0.5793192472314695
Files already downloaded and verified
3255 originally labeled samples, 5272 new samples, and 154243 unlabeled samples. Total: 162770
 66.19% | time: 731.4s (272.3m) | step:   5050 | train acc: 1.000 | train loss: 0.001 |test acc: 0.674 (0.634, 0.737) | test dp gap: 0.2761
 66.19% | time:   1.4s (272.3m) | step:   5050 | train acc: 1.000 | train loss: 0.001 |val acc: 0.667 (0.626, 0.729) | val dp gap: 0.2274
begin calculating influence
[Strategy 2] Acc of expected label: 0.670859375
calculating influence -- done
Use 8783 samples. Get 15141 labels. Ratio: 0.5800805759196883
Files already downloaded and verified
3255 originally labeled samples, 5528 new samples, and 153987 unlabeled samples. Total: 162770
 66.65% | time: 672.4s (283.5m) | step:   5085 | train acc: 0.988 | train loss: 0.020 |test acc: 0.678 (0.646, 0.728) | test dp gap: 0.2965
 66.65% | time:   1.5s (283.6m) | step:   5085 | train acc: 0.988 | train loss: 0.020 |val acc: 0.673 (0.650, 0.709) | val dp gap: 0.2269
begin calculating influence
[Strategy 2] Acc of expected label: 0.6794140625
calculating influence -- done
Use 9039 samples. Get 15629 labels. Ratio: 0.5783479429266107
Files already downloaded and verified
3255 originally labeled samples, 5784 new samples, and 153731 unlabeled samples. Total: 162770
Epoch 8
 69.29% | time: 728.1s (295.7m) | step:   5286 | train acc: 0.996 | train loss: 0.007 |test acc: 0.672 (0.649, 0.709) | test dp gap: 0.2838
 69.29% | time:   1.5s (295.7m) | step:   5286 | train acc: 0.996 | train loss: 0.007 |val acc: 0.663 (0.638, 0.702) | val dp gap: 0.2063
begin calculating influence
[Strategy 2] Acc of expected label: 0.66875
calculating influence -- done
Use 9295 samples. Get 16077 labels. Ratio: 0.5781551284443616
Files already downloaded and verified
3255 originally labeled samples, 6040 new samples, and 153475 unlabeled samples. Total: 162770
 71.91% | time: 719.5s (307.7m) | step:   5486 | train acc: 1.000 | train loss: 0.000 |test acc: 0.680 (0.640, 0.743) | test dp gap: 0.2830
 71.91% | time:   1.5s (307.7m) | step:   5486 | train acc: 1.000 | train loss: 0.000 |val acc: 0.671 (0.633, 0.731) | val dp gap: 0.2433
begin calculating influence
[Strategy 2] Acc of expected label: 0.678203125
calculating influence -- done
Use 9551 samples. Get 16596 labels. Ratio: 0.5755001205109666
Files already downloaded and verified
3255 originally labeled samples, 6296 new samples, and 153219 unlabeled samples. Total: 162770
 74.53% | time: 721.3s (319.8m) | step:   5686 | train acc: 1.000 | train loss: 0.002 |test acc: 0.681 (0.645, 0.737) | test dp gap: 0.2773
 74.53% | time:   1.5s (319.8m) | step:   5686 | train acc: 1.000 | train loss: 0.002 |val acc: 0.667 (0.631, 0.726) | val dp gap: 0.2117
begin calculating influence
[Strategy 2] Acc of expected label: 0.6721875
calculating influence -- done
Use 9807 samples. Get 17079 labels. Ratio: 0.5742139469523977
Files already downloaded and verified
3255 originally labeled samples, 6552 new samples, and 152963 unlabeled samples. Total: 162770
 74.99% | time: 661.1s (330.8m) | step:   5721 | train acc: 1.000 | train loss: 0.001 |test acc: 0.677 (0.641, 0.733) | test dp gap: 0.2720
 74.99% | time:   1.5s (330.8m) | step:   5721 | train acc: 1.000 | train loss: 0.001 |val acc: 0.675 (0.642, 0.726) | val dp gap: 0.1918
begin calculating influence
[Strategy 2] Acc of expected label: 0.671875
calculating influence -- done
Use 10063 samples. Get 17597 labels. Ratio: 0.5718588395749276
Files already downloaded and verified
3255 originally labeled samples, 6808 new samples, and 152707 unlabeled samples. Total: 162770
Epoch 9
 77.62% | time: 721.2s (342.8m) | step:   5922 | train acc: 1.000 | train loss: 0.002 |test acc: 0.674 (0.631, 0.743) | test dp gap: 0.2787
 77.62% | time:   1.4s (342.9m) | step:   5922 | train acc: 1.000 | train loss: 0.002 |val acc: 0.669 (0.623, 0.745) | val dp gap: 0.2334
begin calculating influence
[Strategy 2] Acc of expected label: 0.6677734375
calculating influence -- done
Use 10319 samples. Get 18085 labels. Ratio: 0.5705833563726845
Files already downloaded and verified
3255 originally labeled samples, 7064 new samples, and 152451 unlabeled samples. Total: 162770
 80.25% | time: 716.4s (354.8m) | step:   6122 | train acc: 1.000 | train loss: 0.001 |test acc: 0.666 (0.624, 0.733) | test dp gap: 0.2579
 80.25% | time:   1.3s (354.8m) | step:   6122 | train acc: 1.000 | train loss: 0.001 |val acc: 0.656 (0.615, 0.720) | val dp gap: 0.2118
begin calculating influence
[Strategy 2] Acc of expected label: 0.661953125
calculating influence -- done
Use 10442 samples. Get 18285 labels. Ratio: 0.5710691823899371
Files already downloaded and verified
3255 originally labeled samples, 7187 new samples, and 152328 unlabeled samples. Total: 162770
 82.87% | time: 729.1s (367.0m) | step:   6322 | train acc: 1.000 | train loss: 0.000 |test acc: 0.682 (0.651, 0.729) | test dp gap: 0.2716
 82.87% | time:   1.5s (367.0m) | step:   6322 | train acc: 1.000 | train loss: 0.000 |val acc: 0.674 (0.638, 0.732) | val dp gap: 0.2294
begin calculating influence
[Strategy 2] Acc of expected label: 0.674140625
calculating influence -- done
Use 10698 samples. Get 18844 labels. Ratio: 0.5677138611759711
Files already downloaded and verified
3255 originally labeled samples, 7443 new samples, and 152072 unlabeled samples. Total: 162770
 83.33% | time: 688.9s (378.5m) | step:   6357 | train acc: 0.996 | train loss: 0.010 |test acc: 0.667 (0.621, 0.739) | test dp gap: 0.2473
 83.33% | time:   1.5s (378.5m) | step:   6357 | train acc: 0.996 | train loss: 0.010 |val acc: 0.676 (0.636, 0.737) | val dp gap: 0.2104
begin calculating influence
[Strategy 2] Acc of expected label: 0.6550390625
calculating influence -- done
Use 10954 samples. Get 19355 labels. Ratio: 0.5659519504004134
Files already downloaded and verified
3255 originally labeled samples, 7699 new samples, and 151816 unlabeled samples. Total: 162770
Epoch 10
 85.96% | time: 733.4s (390.7m) | step:   6558 | train acc: 1.000 | train loss: 0.001 |test acc: 0.674 (0.638, 0.732) | test dp gap: 0.2779
 85.96% | time:   1.3s (390.8m) | step:   6558 | train acc: 1.000 | train loss: 0.001 |val acc: 0.667 (0.634, 0.719) | val dp gap: 0.2070
begin calculating influence
[Strategy 2] Acc of expected label: 0.6706640625
calculating influence -- done
Use 11147 samples. Get 19716 labels. Ratio: 0.5653783728951106
Files already downloaded and verified
3255 originally labeled samples, 7892 new samples, and 151623 unlabeled samples. Total: 162770
 88.58% | time: 730.7s (402.9m) | step:   6758 | train acc: 0.996 | train loss: 0.020 |test acc: 0.666 (0.622, 0.736) | test dp gap: 0.2409
 88.58% | time:   1.6s (403.0m) | step:   6758 | train acc: 0.996 | train loss: 0.020 |val acc: 0.667 (0.617, 0.748) | val dp gap: 0.1932
begin calculating influence
[Strategy 2] Acc of expected label: 0.6668359375
calculating influence -- done
Use 11403 samples. Get 20184 labels. Ratio: 0.5649524375743162
Files already downloaded and verified
3255 originally labeled samples, 8148 new samples, and 151367 unlabeled samples. Total: 162770
 91.20% | time: 729.4s (415.1m) | step:   6958 | train acc: 1.000 | train loss: 0.000 |test acc: 0.668 (0.624, 0.738) | test dp gap: 0.2479
 91.20% | time:   1.4s (415.1m) | step:   6958 | train acc: 1.000 | train loss: 0.000 |val acc: 0.661 (0.620, 0.726) | val dp gap: 0.1908
begin calculating influence
[Strategy 2] Acc of expected label: 0.6637109375
calculating influence -- done
Use 11604 samples. Get 20582 labels. Ratio: 0.5637936060635507
Files already downloaded and verified
3255 originally labeled samples, 8349 new samples, and 151166 unlabeled samples. Total: 162770
 91.66% | time: 682.7s (426.5m) | step:   6993 | train acc: 1.000 | train loss: 0.000 |test acc: 0.675 (0.642, 0.726) | test dp gap: 0.2649
 91.66% | time:   1.6s (426.5m) | step:   6993 | train acc: 1.000 | train loss: 0.000 |val acc: 0.669 (0.650, 0.700) | val dp gap: 0.2237
begin calculating influence
[Strategy 2] Acc of expected label: 0.6739453125
calculating influence -- done
Use 11860 samples. Get 21098 labels. Ratio: 0.5621385913356717
Files already downloaded and verified
3255 originally labeled samples, 8605 new samples, and 150910 unlabeled samples. Total: 162770
Epoch 11
 94.30% | time: 731.6s (438.7m) | step:   7194 | train acc: 0.996 | train loss: 0.005 |test acc: 0.671 (0.629, 0.738) | test dp gap: 0.2802
 94.30% | time:   1.5s (438.8m) | step:   7194 | train acc: 0.996 | train loss: 0.005 |val acc: 0.673 (0.624, 0.750) | val dp gap: 0.2509
begin calculating influence
[Strategy 2] Acc of expected label: 0.6687890625
calculating influence -- done
Use 12116 samples. Get 21594 labels. Ratio: 0.561081781976475
Files already downloaded and verified
3255 originally labeled samples, 8861 new samples, and 150654 unlabeled samples. Total: 162770
 96.92% | time: 728.1s (450.9m) | step:   7394 | train acc: 0.996 | train loss: 0.007 |test acc: 0.683 (0.654, 0.729) | test dp gap: 0.2901
 96.92% | time:   1.3s (450.9m) | step:   7394 | train acc: 0.996 | train loss: 0.007 |val acc: 0.674 (0.654, 0.705) | val dp gap: 0.2593
begin calculating influence
[Strategy 2] Acc of expected label: 0.676484375
calculating influence -- done
Use 12372 samples. Get 21977 labels. Ratio: 0.5629521772762434
Files already downloaded and verified
3255 originally labeled samples, 9117 new samples, and 150398 unlabeled samples. Total: 162770
 99.54% | time: 728.7s (463.1m) | step:   7594 | train acc: 1.000 | train loss: 0.003 |test acc: 0.678 (0.637, 0.743) | test dp gap: 0.2859
 99.54% | time:   1.4s (463.1m) | step:   7594 | train acc: 1.000 | train loss: 0.003 |val acc: 0.658 (0.621, 0.720) | val dp gap: 0.2861
begin calculating influence
[Strategy 2] Acc of expected label: 0.67546875
calculating influence -- done
Use 12628 samples. Get 22417 labels. Ratio: 0.5633224784761565
Files already downloaded and verified
3255 originally labeled samples, 9373 new samples, and 150142 unlabeled samples. Total: 162770
100.00% | time: 671.8s (474.3m) | step:   7629 | train acc: 1.000 | train loss: 0.001 |test acc: 0.681 (0.645, 0.738) | test dp gap: 0.2752
100.00% | time:   1.4s (474.3m) | step:   7629 | train acc: 1.000 | train loss: 0.001 |val acc: 0.671 (0.630, 0.734) | val dp gap: 0.2573
begin calculating influence
[Strategy 2] Acc of expected label: 0.68109375
calculating influence -- done
Use 12884 samples. Get 22857 labels. Ratio: 0.5636785229907687
Files already downloaded and verified
3255 originally labeled samples, 9629 new samples, and 149886 unlabeled samples. Total: 162770
