Files already downloaded and verified
3255 originally labeled samples, 0 new samples, and 5500 unlabeled samples. Total: 8755
Files already downloaded and verified
3255 originally labeled samples, 0 new samples, and 159515 unlabeled samples. Total: 162770
Files already downloaded and verified
1996 originally labeled samples, 0 new samples, and 17966 unlabeled samples. Total: 19962
Numer of layers 200
train net...
train with 162770 samples (with replacement) in one epoch
Epoch 0
  2.62% | time:  99.6s (  1.7m) | step:    200 | train acc: 0.930 | train loss: 0.166 |warm_t acc: 0.681 (0.694, 0.661) | warm_t eop gap: 0.2467
  2.62% | time:   4.9s (  1.7m) | step:    200 | train acc: 0.930 | train loss: 0.166 |warm_v acc: 0.692 (0.704, 0.671) | warm_v eop gap: 0.2562
  5.24% | time:  78.8s (  3.1m) | step:    400 | train acc: 0.793 | train loss: 0.470 |warm_t acc: 0.666 (0.703, 0.605) | warm_t eop gap: 0.1535
  5.24% | time:   1.1s (  3.1m) | step:    400 | train acc: 0.793 | train loss: 0.470 |warm_v acc: 0.661 (0.690, 0.616) | warm_v eop gap: 0.1354
  7.86% | time:  78.1s (  4.4m) | step:    600 | train acc: 1.000 | train loss: 0.006 |warm_t acc: 0.695 (0.677, 0.724) | warm_t eop gap: 0.2626
  7.86% | time:   1.3s (  4.4m) | step:    600 | train acc: 1.000 | train loss: 0.006 |warm_v acc: 0.698 (0.691, 0.710) | warm_v eop gap: 0.3140
  8.32% | time:  19.1s (  4.7m) | step:    635 | train acc: 1.000 | train loss: 0.003 |warm_t acc: 0.695 (0.683, 0.715) | warm_t eop gap: 0.2619
  8.32% | time:   1.3s (  4.7m) | step:    635 | train acc: 1.000 | train loss: 0.003 |warm_v acc: 0.698 (0.683, 0.721) | warm_v eop gap: 0.2375
Epoch 1
 10.95% | time:  73.8s (  6.0m) | step:    835 | train acc: 1.000 | train loss: 0.000 |warm_t acc: 0.694 (0.682, 0.711) | warm_t eop gap: 0.2714
 10.95% | time:   1.5s (  6.0m) | step:    835 | train acc: 1.000 | train loss: 0.000 |warm_v acc: 0.695 (0.692, 0.699) | warm_v eop gap: 0.2614
 13.57% | time:  73.9s (  7.2m) | step:   1035 | train acc: 1.000 | train loss: 0.000 |warm_t acc: 0.694 (0.682, 0.713) | warm_t eop gap: 0.2729
 13.57% | time:   1.6s (  7.2m) | step:   1035 | train acc: 1.000 | train loss: 0.000 |warm_v acc: 0.689 (0.681, 0.701) | warm_v eop gap: 0.2982
 16.19% | time:  74.2s (  8.5m) | step:   1235 | train acc: 1.000 | train loss: 0.000 |warm_t acc: 0.694 (0.683, 0.712) | warm_t eop gap: 0.2751
 16.19% | time:   1.5s (  8.5m) | step:   1235 | train acc: 1.000 | train loss: 0.000 |warm_v acc: 0.684 (0.674, 0.699) | warm_v eop gap: 0.2659
 16.65% | time:  23.6s (  8.9m) | step:   1270 | train acc: 1.000 | train loss: 0.000 |warm_t acc: 0.694 (0.683, 0.712) | warm_t eop gap: 0.2743
 16.65% | time:   1.3s (  8.9m) | step:   1270 | train acc: 1.000 | train loss: 0.000 |warm_v acc: 0.694 (0.692, 0.697) | warm_v eop gap: 0.2793
Epoch 2
 19.28% | time:  69.0s ( 10.1m) | step:   1471 | train acc: 1.000 | train loss: 0.000 |test acc: 0.694 (0.682, 0.713) | test eop gap: 0.2748
 19.28% | time:   1.5s ( 10.1m) | step:   1471 | train acc: 1.000 | train loss: 0.000 |val acc: 0.702 (0.701, 0.704) | val eop gap: 0.3033
begin calculating influence
selected layers: [Traced<ShapedArray(float32[768])>with<DynamicJaxprTrace(level=0/1)>, Traced<ShapedArray(float32[8,8,3,768])>with<DynamicJaxprTrace(level=0/1)>, Traced<ShapedArray(float32[2])>with<DynamicJaxprTrace(level=0/1)>, Traced<ShapedArray(float32[768,2])>with<DynamicJaxprTrace(level=0/1)>]
[Strategy 5] Acc of expected label: 0.6181818181818182
calculating influence -- done
Use 3262 samples. Get 3267 labels. Ratio: 0.9984695439240894
Files already downloaded and verified
3255 originally labeled samples, 7 new samples, and 5493 unlabeled samples. Total: 8755
begin calculating influence
[Strategy 5] Acc of expected label: 0.7059375
calculating influence -- done
[ADD ORG DATA] Use 3262 samples. Get 3736 labels. Ratio: 0.8731263383297645
Files already downloaded and verified
3255 originally labeled samples, 236 new samples, and 159279 unlabeled samples. Total: 162770
 21.90% | time: 864.2s ( 24.5m) | step:   1671 | train acc: 0.881 | train loss: 0.325 |test acc: 0.575 (0.672, 0.421) | test eop gap: 0.0276
 21.90% | time:   1.2s ( 24.5m) | step:   1671 | train acc: 0.881 | train loss: 0.325 |val acc: 0.574 (0.662, 0.430) | val eop gap: 0.0483
begin calculating influence
[Strategy 5] Acc of expected label: 0.6317130893864918
calculating influence -- done
Use 3424 samples. Get 3510 labels. Ratio: 0.9754985754985755
Files already downloaded and verified
3255 originally labeled samples, 174 new samples, and 5326 unlabeled samples. Total: 8755
begin calculating influence
[Strategy 5] Acc of expected label: 0.5855859375
calculating influence -- done
[ADD ORG DATA] Use 3424 samples. Get 4193 labels. Ratio: 0.8165990937276413
Files already downloaded and verified
3255 originally labeled samples, 492 new samples, and 159023 unlabeled samples. Total: 162770
 24.52% | time: 844.1s ( 38.6m) | step:   1871 | train acc: 0.891 | train loss: 0.284 |test acc: 0.689 (0.685, 0.696) | test eop gap: 0.2055
 24.52% | time:   1.5s ( 38.6m) | step:   1871 | train acc: 0.891 | train loss: 0.284 |val acc: 0.683 (0.671, 0.702) | val eop gap: 0.2334
begin calculating influence
[Strategy 5] Acc of expected label: 0.5621479534359745
calculating influence -- done
Use 3438 samples. Get 3534 labels. Ratio: 0.9728353140916808
Files already downloaded and verified
3255 originally labeled samples, 188 new samples, and 5312 unlabeled samples. Total: 8755
begin calculating influence
[Strategy 5] Acc of expected label: 0.69625
calculating influence -- done
[ADD ORG DATA] Use 3438 samples. Get 4646 labels. Ratio: 0.7399913904433921
Files already downloaded and verified
3255 originally labeled samples, 748 new samples, and 158767 unlabeled samples. Total: 162770
 24.98% | time: 801.7s ( 52.0m) | step:   1906 | train acc: 1.000 | train loss: 0.028 |test acc: 0.647 (0.587, 0.743) | test eop gap: 0.2384
 24.98% | time:   1.4s ( 52.0m) | step:   1906 | train acc: 1.000 | train loss: 0.028 |val acc: 0.648 (0.601, 0.719) | val eop gap: 0.3160
begin calculating influence
[Strategy 5] Acc of expected label: 0.6216114457831325
calculating influence -- done
Use 3692 samples. Get 4012 labels. Ratio: 0.9202392821535393
Files already downloaded and verified
3255 originally labeled samples, 444 new samples, and 5056 unlabeled samples. Total: 8755
begin calculating influence
[Strategy 5] Acc of expected label: 0.645234375
calculating influence -- done
[ADD ORG DATA] Use 3692 samples. Get 5030 labels. Ratio: 0.7339960238568588
Files already downloaded and verified
3255 originally labeled samples, 1004 new samples, and 158511 unlabeled samples. Total: 162770
Epoch 3
 27.62% | time: 860.2s ( 66.3m) | step:   2107 | train acc: 0.992 | train loss: 0.026 |test acc: 0.676 (0.663, 0.696) | test eop gap: 0.2250
 27.62% | time:   1.5s ( 66.4m) | step:   2107 | train acc: 0.992 | train loss: 0.026 |val acc: 0.676 (0.672, 0.684) | val eop gap: 0.2887
begin calculating influence
[Strategy 5] Acc of expected label: 0.5630933544303798
calculating influence -- done
Use 3833 samples. Get 4287 labels. Ratio: 0.8940984371355261
Files already downloaded and verified
3255 originally labeled samples, 588 new samples, and 4912 unlabeled samples. Total: 8755
begin calculating influence
[Strategy 5] Acc of expected label: 0.6856640625
calculating influence -- done
[ADD ORG DATA] Use 3833 samples. Get 5506 labels. Ratio: 0.6961496549219034
Files already downloaded and verified
3255 originally labeled samples, 1260 new samples, and 158255 unlabeled samples. Total: 162770
 30.24% | time: 839.7s ( 80.4m) | step:   2307 | train acc: 1.000 | train loss: 0.011 |test acc: 0.648 (0.683, 0.594) | test eop gap: 0.1113
 30.24% | time:   1.5s ( 80.4m) | step:   2307 | train acc: 1.000 | train loss: 0.011 |val acc: 0.658 (0.687, 0.611) | val eop gap: 0.1141
begin calculating influence
[Strategy 5] Acc of expected label: 0.5209690553745928
calculating influence -- done
Use 4087 samples. Get 4613 labels. Ratio: 0.8859744201170605
Files already downloaded and verified
3255 originally labeled samples, 844 new samples, and 4656 unlabeled samples. Total: 8755
begin calculating influence
[Strategy 5] Acc of expected label: 0.664375
calculating influence -- done
[ADD ORG DATA] Use 4087 samples. Get 5914 labels. Ratio: 0.6910720324653364
Files already downloaded and verified
3255 originally labeled samples, 1516 new samples, and 157999 unlabeled samples. Total: 162770
 32.86% | time: 825.5s ( 94.1m) | step:   2507 | train acc: 0.992 | train loss: 0.026 |test acc: 0.675 (0.685, 0.660) | test eop gap: 0.1414
 32.86% | time:   1.5s ( 94.2m) | step:   2507 | train acc: 0.992 | train loss: 0.026 |val acc: 0.674 (0.679, 0.665) | val eop gap: 0.1165
begin calculating influence
[Strategy 5] Acc of expected label: 0.5633591065292096
calculating influence -- done
Use 4119 samples. Get 4656 labels. Ratio: 0.8846649484536082
Files already downloaded and verified
3255 originally labeled samples, 876 new samples, and 4624 unlabeled samples. Total: 8755
begin calculating influence
[Strategy 5] Acc of expected label: 0.6823046875
calculating influence -- done
[ADD ORG DATA] Use 4119 samples. Get 6445 labels. Ratio: 0.639100077579519
Files already downloaded and verified
3255 originally labeled samples, 1772 new samples, and 157743 unlabeled samples. Total: 162770
 33.32% | time: 767.4s (107.0m) | step:   2542 | train acc: 1.000 | train loss: 0.003 |test acc: 0.682 (0.680, 0.685) | test eop gap: 0.2024
 33.32% | time:   1.5s (107.0m) | step:   2542 | train acc: 1.000 | train loss: 0.003 |val acc: 0.695 (0.686, 0.707) | val eop gap: 0.2036
begin calculating influence
[Strategy 5] Acc of expected label: 0.5828287197231834
calculating influence -- done
Use 4171 samples. Get 4743 labels. Ratio: 0.8794012228547333
Files already downloaded and verified
3255 originally labeled samples, 928 new samples, and 4572 unlabeled samples. Total: 8755
begin calculating influence
[Strategy 5] Acc of expected label: 0.6973046875
calculating influence -- done
[ADD ORG DATA] Use 4171 samples. Get 6897 labels. Ratio: 0.6047556908800928
Files already downloaded and verified
3255 originally labeled samples, 2028 new samples, and 157487 unlabeled samples. Total: 162770
Epoch 4
 35.95% | time: 842.7s (121.0m) | step:   2743 | train acc: 1.000 | train loss: 0.001 |test acc: 0.682 (0.663, 0.712) | test eop gap: 0.1492
 35.95% | time:   1.4s (121.0m) | step:   2743 | train acc: 1.000 | train loss: 0.001 |val acc: 0.674 (0.659, 0.697) | val eop gap: 0.1562
begin calculating influence
[Strategy 5] Acc of expected label: 0.5671478565179353
calculating influence -- done
Use 4261 samples. Get 4878 labels. Ratio: 0.8735137351373514
Files already downloaded and verified
3255 originally labeled samples, 1021 new samples, and 4479 unlabeled samples. Total: 8755
begin calculating influence
[Strategy 5] Acc of expected label: 0.6896484375
calculating influence -- done
[ADD ORG DATA] Use 4261 samples. Get 7503 labels. Ratio: 0.5679061708649873
Files already downloaded and verified
3255 originally labeled samples, 2284 new samples, and 157231 unlabeled samples. Total: 162770
 38.58% | time: 842.9s (135.1m) | step:   2943 | train acc: 1.000 | train loss: 0.001 |test acc: 0.683 (0.667, 0.710) | test eop gap: 0.2044
 38.58% | time:   1.4s (135.1m) | step:   2943 | train acc: 1.000 | train loss: 0.001 |val acc: 0.679 (0.656, 0.716) | val eop gap: 0.1601
begin calculating influence
[Strategy 5] Acc of expected label: 0.5876311676713553
calculating influence -- done
Use 4463 samples. Get 5316 labels. Ratio: 0.8395410082768999
Files already downloaded and verified
3255 originally labeled samples, 1227 new samples, and 4273 unlabeled samples. Total: 8755
begin calculating influence
[Strategy 5] Acc of expected label: 0.688671875
calculating influence -- done
[ADD ORG DATA] Use 4463 samples. Get 7983 labels. Ratio: 0.5590630088938995
Files already downloaded and verified
3255 originally labeled samples, 2540 new samples, and 156975 unlabeled samples. Total: 162770
 41.20% | time: 844.1s (149.2m) | step:   3143 | train acc: 0.996 | train loss: 0.020 |test acc: 0.670 (0.649, 0.702) | test eop gap: 0.1805
 41.20% | time:   1.6s (149.2m) | step:   3143 | train acc: 0.996 | train loss: 0.020 |val acc: 0.673 (0.659, 0.695) | val eop gap: 0.2000
begin calculating influence
[Strategy 5] Acc of expected label: 0.5775801544582261
calculating influence -- done
Use 4553 samples. Get 5444 labels. Ratio: 0.8363335782512858
Files already downloaded and verified
3255 originally labeled samples, 1322 new samples, and 4178 unlabeled samples. Total: 8755
begin calculating influence
[Strategy 5] Acc of expected label: 0.68625
calculating influence -- done
[ADD ORG DATA] Use 4553 samples. Get 8606 labels. Ratio: 0.529049500348594
Files already downloaded and verified
3255 originally labeled samples, 2796 new samples, and 156719 unlabeled samples. Total: 162770
 41.66% | time: 775.5s (162.1m) | step:   3178 | train acc: 1.000 | train loss: 0.003 |test acc: 0.656 (0.660, 0.650) | test eop gap: 0.0840
 41.66% | time:   1.6s (162.2m) | step:   3178 | train acc: 1.000 | train loss: 0.003 |val acc: 0.658 (0.675, 0.632) | val eop gap: 0.0598
begin calculating influence
[Strategy 5] Acc of expected label: 0.5576831019626616
calculating influence -- done
Use 4680 samples. Get 5578 labels. Ratio: 0.8390103979921119
Files already downloaded and verified
3255 originally labeled samples, 1452 new samples, and 4048 unlabeled samples. Total: 8755
begin calculating influence
[Strategy 5] Acc of expected label: 0.665234375
calculating influence -- done
[ADD ORG DATA] Use 4680 samples. Get 9077 labels. Ratio: 0.5155888509419412
Files already downloaded and verified
3255 originally labeled samples, 3052 new samples, and 156463 unlabeled samples. Total: 162770
Epoch 5
 44.29% | time: 843.1s (176.2m) | step:   3379 | train acc: 1.000 | train loss: 0.001 |test acc: 0.680 (0.658, 0.715) | test eop gap: 0.1953
 44.29% | time:   1.4s (176.2m) | step:   3379 | train acc: 1.000 | train loss: 0.001 |val acc: 0.682 (0.657, 0.720) | val eop gap: 0.1650
begin calculating influence
[Strategy 5] Acc of expected label: 0.5765810276679841
calculating influence -- done
Use 4758 samples. Get 5745 labels. Ratio: 0.8281984334203656
Files already downloaded and verified
3255 originally labeled samples, 1532 new samples, and 3968 unlabeled samples. Total: 8755
begin calculating influence
[Strategy 5] Acc of expected label: 0.6890625
calculating influence -- done
[ADD ORG DATA] Use 4758 samples. Get 9544 labels. Ratio: 0.4985331098072087
Files already downloaded and verified
3255 originally labeled samples, 3308 new samples, and 156207 unlabeled samples. Total: 162770
 46.91% | time: 823.3s (190.0m) | step:   3579 | train acc: 1.000 | train loss: 0.001 |test acc: 0.683 (0.675, 0.696) | test eop gap: 0.1609
 46.91% | time:   1.4s (190.0m) | step:   3579 | train acc: 1.000 | train loss: 0.001 |val acc: 0.682 (0.679, 0.686) | val eop gap: 0.1467
begin calculating influence
[Strategy 5] Acc of expected label: 0.5534274193548387
calculating influence -- done
Use 4812 samples. Get 5800 labels. Ratio: 0.829655172413793
Files already downloaded and verified
3255 originally labeled samples, 1589 new samples, and 3911 unlabeled samples. Total: 8755
begin calculating influence
[Strategy 5] Acc of expected label: 0.6933984375
calculating influence -- done
[ADD ORG DATA] Use 4812 samples. Get 10134 labels. Ratio: 0.47483718176435763
Files already downloaded and verified
3255 originally labeled samples, 3564 new samples, and 155951 unlabeled samples. Total: 162770
 49.53% | time: 817.7s (203.6m) | step:   3779 | train acc: 0.984 | train loss: 0.024 |test acc: 0.668 (0.658, 0.683) | test eop gap: 0.1248
 49.53% | time:   1.5s (203.6m) | step:   3779 | train acc: 0.984 | train loss: 0.024 |val acc: 0.659 (0.654, 0.667) | val eop gap: 0.1228
begin calculating influence
[Strategy 5] Acc of expected label: 0.5729992329327538
calculating influence -- done
Use 4862 samples. Get 5839 labels. Ratio: 0.832676828224011
Files already downloaded and verified
3255 originally labeled samples, 1640 new samples, and 3860 unlabeled samples. Total: 8755
begin calculating influence
[Strategy 5] Acc of expected label: 0.681953125
calculating influence -- done
[ADD ORG DATA] Use 4862 samples. Get 10729 labels. Ratio: 0.45316432099916115
Files already downloaded and verified
3255 originally labeled samples, 3820 new samples, and 155695 unlabeled samples. Total: 162770
 49.99% | time: 766.8s (216.4m) | step:   3814 | train acc: 1.000 | train loss: 0.006 |test acc: 0.670 (0.637, 0.722) | test eop gap: 0.1553
 49.99% | time:   1.5s (216.4m) | step:   3814 | train acc: 1.000 | train loss: 0.006 |val acc: 0.666 (0.633, 0.718) | val eop gap: 0.1124
begin calculating influence
[Strategy 5] Acc of expected label: 0.6005181347150259
calculating influence -- done
Use 5006 samples. Get 6078 labels. Ratio: 0.8236261928265877
Files already downloaded and verified
3255 originally labeled samples, 1786 new samples, and 3714 unlabeled samples. Total: 8755
begin calculating influence
[Strategy 5] Acc of expected label: 0.6729296875
calculating influence -- done
[ADD ORG DATA] Use 5006 samples. Get 11164 labels. Ratio: 0.4484055893944823
Files already downloaded and verified
3255 originally labeled samples, 4076 new samples, and 155439 unlabeled samples. Total: 162770
Epoch 6
 52.62% | time: 833.1s (230.3m) | step:   4014 | train acc: 1.000 | train loss: 0.001 |test acc: 0.689 (0.679, 0.705) | test eop gap: 0.1761
 52.62% | time:   1.5s (230.4m) | step:   4014 | train acc: 1.000 | train loss: 0.001 |val acc: 0.682 (0.680, 0.685) | val eop gap: 0.1377
begin calculating influence
[Strategy 5] Acc of expected label: 0.5721593968766828
calculating influence -- done
Use 5051 samples. Get 6119 labels. Ratio: 0.825461676744566
Files already downloaded and verified
3255 originally labeled samples, 1833 new samples, and 3667 unlabeled samples. Total: 8755
begin calculating influence
[Strategy 5] Acc of expected label: 0.6958984375
calculating influence -- done
[ADD ORG DATA] Use 5051 samples. Get 11671 labels. Ratio: 0.4327821095021849
Files already downloaded and verified
3255 originally labeled samples, 4332 new samples, and 155183 unlabeled samples. Total: 162770
 55.24% | time: 824.4s (244.1m) | step:   4214 | train acc: 1.000 | train loss: 0.013 |test acc: 0.683 (0.660, 0.721) | test eop gap: 0.1539
 55.24% | time:   1.7s (244.1m) | step:   4214 | train acc: 1.000 | train loss: 0.013 |val acc: 0.689 (0.670, 0.719) | val eop gap: 0.1009
begin calculating influence
[Strategy 5] Acc of expected label: 0.5985819470957185
calculating influence -- done
Use 5121 samples. Get 6170 labels. Ratio: 0.8299837925445706
Files already downloaded and verified
3255 originally labeled samples, 1905 new samples, and 3595 unlabeled samples. Total: 8755
begin calculating influence
[Strategy 5] Acc of expected label: 0.689921875
calculating influence -- done
[ADD ORG DATA] Use 5121 samples. Get 12210 labels. Ratio: 0.4194103194103194
Files already downloaded and verified
3255 originally labeled samples, 4588 new samples, and 154927 unlabeled samples. Total: 162770
 57.86% | time: 821.2s (257.8m) | step:   4414 | train acc: 0.992 | train loss: 0.029 |test acc: 0.688 (0.661, 0.730) | test eop gap: 0.1897
 57.86% | time:   1.3s (257.8m) | step:   4414 | train acc: 0.992 | train loss: 0.029 |val acc: 0.680 (0.659, 0.715) | val eop gap: 0.1561
begin calculating influence
[Strategy 5] Acc of expected label: 0.6027816411682893
calculating influence -- done
Use 5147 samples. Get 6209 labels. Ratio: 0.8289579642454502
Files already downloaded and verified
3255 originally labeled samples, 1932 new samples, and 3568 unlabeled samples. Total: 8755
begin calculating influence
[Strategy 5] Acc of expected label: 0.691953125
calculating influence -- done
[ADD ORG DATA] Use 5147 samples. Get 12785 labels. Ratio: 0.40258114978490417
Files already downloaded and verified
3255 originally labeled samples, 4844 new samples, and 154671 unlabeled samples. Total: 162770
 58.32% | time: 764.9s (270.6m) | step:   4449 | train acc: 0.984 | train loss: 0.040 |test acc: 0.673 (0.646, 0.716) | test eop gap: 0.1567
 58.32% | time:   1.5s (270.6m) | step:   4449 | train acc: 0.984 | train loss: 0.040 |val acc: 0.686 (0.652, 0.738) | val eop gap: 0.0644
begin calculating influence
[Strategy 5] Acc of expected label: 0.5683856502242153
calculating influence -- done
Use 5171 samples. Get 6237 labels. Ratio: 0.8290844957511624
Files already downloaded and verified
3255 originally labeled samples, 1957 new samples, and 3543 unlabeled samples. Total: 8755
begin calculating influence
[Strategy 5] Acc of expected label: 0.68171875
calculating influence -- done
[ADD ORG DATA] Use 5171 samples. Get 13236 labels. Ratio: 0.39067694167422184
Files already downloaded and verified
3255 originally labeled samples, 5100 new samples, and 154415 unlabeled samples. Total: 162770
Epoch 7
 60.95% | time: 817.6s (284.2m) | step:   4650 | train acc: 1.000 | train loss: 0.000 |test acc: 0.682 (0.655, 0.725) | test eop gap: 0.1617
 60.95% | time:   1.4s (284.3m) | step:   4650 | train acc: 1.000 | train loss: 0.000 |val acc: 0.691 (0.664, 0.736) | val eop gap: 0.1029
begin calculating influence
[Strategy 5] Acc of expected label: 0.5836861416878352
calculating influence -- done
Use 5213 samples. Get 6281 labels. Ratio: 0.8299633816271295
Files already downloaded and verified
3255 originally labeled samples, 2000 new samples, and 3500 unlabeled samples. Total: 8755
begin calculating influence
[Strategy 5] Acc of expected label: 0.688515625
calculating influence -- done
[ADD ORG DATA] Use 5213 samples. Get 13722 labels. Ratio: 0.379900889083224
Files already downloaded and verified
3255 originally labeled samples, 5356 new samples, and 154159 unlabeled samples. Total: 162770
 63.57% | time: 820.3s (297.9m) | step:   4850 | train acc: 0.996 | train loss: 0.019 |test acc: 0.686 (0.662, 0.724) | test eop gap: 0.1846
 63.57% | time:   1.4s (298.0m) | step:   4850 | train acc: 0.996 | train loss: 0.019 |val acc: 0.683 (0.665, 0.711) | val eop gap: 0.1603
begin calculating influence
[Strategy 5] Acc of expected label: 0.562
calculating influence -- done
Use 5241 samples. Get 6317 labels. Ratio: 0.829665980687035
Files already downloaded and verified
3255 originally labeled samples, 2028 new samples, and 3472 unlabeled samples. Total: 8755
begin calculating influence
[Strategy 5] Acc of expected label: 0.6949609375
calculating influence -- done
[ADD ORG DATA] Use 5241 samples. Get 14249 labels. Ratio: 0.36781528528317775
Files already downloaded and verified
3255 originally labeled samples, 5612 new samples, and 153903 unlabeled samples. Total: 162770
 66.19% | time: 824.0s (311.7m) | step:   5050 | train acc: 0.996 | train loss: 0.012 |test acc: 0.681 (0.658, 0.718) | test eop gap: 0.1882
 66.19% | time:   1.5s (311.7m) | step:   5050 | train acc: 0.996 | train loss: 0.012 |val acc: 0.683 (0.650, 0.734) | val eop gap: 0.1582
begin calculating influence
[Strategy 5] Acc of expected label: 0.6068548387096774
calculating influence -- done
Use 5307 samples. Get 6400 labels. Ratio: 0.82921875
Files already downloaded and verified
3255 originally labeled samples, 2094 new samples, and 3406 unlabeled samples. Total: 8755
begin calculating influence
[Strategy 5] Acc of expected label: 0.68171875
calculating influence -- done
[ADD ORG DATA] Use 5307 samples. Get 14707 labels. Ratio: 0.3608485755082614
Files already downloaded and verified
3255 originally labeled samples, 5868 new samples, and 153647 unlabeled samples. Total: 162770
 66.65% | time: 764.0s (324.4m) | step:   5085 | train acc: 0.969 | train loss: 0.062 |test acc: 0.689 (0.676, 0.710) | test eop gap: 0.1624
 66.65% | time:   1.5s (324.5m) | step:   5085 | train acc: 0.969 | train loss: 0.062 |val acc: 0.693 (0.676, 0.718) | val eop gap: 0.1012
begin calculating influence
[Strategy 5] Acc of expected label: 0.5783910745742806
calculating influence -- done
Use 5556 samples. Get 6600 labels. Ratio: 0.8418181818181818
Files already downloaded and verified
3255 originally labeled samples, 2350 new samples, and 3150 unlabeled samples. Total: 8755
begin calculating influence
[Strategy 5] Acc of expected label: 0.6965625
calculating influence -- done
[ADD ORG DATA] Use 5556 samples. Get 15320 labels. Ratio: 0.3626631853785901
Files already downloaded and verified
3255 originally labeled samples, 6124 new samples, and 153391 unlabeled samples. Total: 162770
Epoch 8
 69.29% | time: 812.0s (338.0m) | step:   5286 | train acc: 1.000 | train loss: 0.007 |test acc: 0.694 (0.677, 0.722) | test eop gap: 0.1810
 69.29% | time:   1.2s (338.0m) | step:   5286 | train acc: 1.000 | train loss: 0.007 |val acc: 0.702 (0.693, 0.717) | val eop gap: 0.1593
begin calculating influence
[Strategy 5] Acc of expected label: 0.5911111111111111
calculating influence -- done
Use 5586 samples. Get 6626 labels. Ratio: 0.8430425596136433
Files already downloaded and verified
3255 originally labeled samples, 2381 new samples, and 3119 unlabeled samples. Total: 8755
begin calculating influence
[Strategy 5] Acc of expected label: 0.698828125
calculating influence -- done
[ADD ORG DATA] Use 5586 samples. Get 15821 labels. Ratio: 0.35307502686303016
Files already downloaded and verified
3255 originally labeled samples, 6366 new samples, and 153149 unlabeled samples. Total: 162770
 71.91% | time: 815.4s (351.6m) | step:   5486 | train acc: 1.000 | train loss: 0.001 |test acc: 0.686 (0.672, 0.708) | test eop gap: 0.1724
 71.91% | time:   1.5s (351.6m) | step:   5486 | train acc: 1.000 | train loss: 0.001 |val acc: 0.699 (0.685, 0.721) | val eop gap: 0.1563
begin calculating influence
[Strategy 5] Acc of expected label: 0.5867265149086246
calculating influence -- done
Use 5603 samples. Get 6639 labels. Ratio: 0.8439524024702515
Files already downloaded and verified
3255 originally labeled samples, 2399 new samples, and 3101 unlabeled samples. Total: 8755
begin calculating influence
[Strategy 5] Acc of expected label: 0.693671875
calculating influence -- done
[ADD ORG DATA] Use 5603 samples. Get 16348 labels. Ratio: 0.3427330560313188
Files already downloaded and verified
3255 originally labeled samples, 6622 new samples, and 152893 unlabeled samples. Total: 162770
 74.53% | time: 813.3s (365.2m) | step:   5686 | train acc: 0.996 | train loss: 0.007 |test acc: 0.683 (0.655, 0.727) | test eop gap: 0.1510
 74.53% | time:   1.4s (365.2m) | step:   5686 | train acc: 0.996 | train loss: 0.007 |val acc: 0.682 (0.665, 0.708) | val eop gap: 0.1605
begin calculating influence
[Strategy 5] Acc of expected label: 0.598839084166398
calculating influence -- done
Use 5630 samples. Get 6668 labels. Ratio: 0.8443311337732453
Files already downloaded and verified
3255 originally labeled samples, 2426 new samples, and 3074 unlabeled samples. Total: 8755
begin calculating influence
[Strategy 5] Acc of expected label: 0.6891796875
calculating influence -- done
[ADD ORG DATA] Use 5630 samples. Get 16849 labels. Ratio: 0.3341444596118464
Files already downloaded and verified
3255 originally labeled samples, 6878 new samples, and 152637 unlabeled samples. Total: 162770
 74.99% | time: 758.9s (377.9m) | step:   5721 | train acc: 0.984 | train loss: 0.056 |test acc: 0.694 (0.674, 0.725) | test eop gap: 0.1740
 74.99% | time:   1.3s (377.9m) | step:   5721 | train acc: 0.984 | train loss: 0.056 |val acc: 0.693 (0.671, 0.727) | val eop gap: 0.1431
begin calculating influence
[Strategy 5] Acc of expected label: 0.6021470396877033
calculating influence -- done
Use 5670 samples. Get 6700 labels. Ratio: 0.8462686567164179
Files already downloaded and verified
3255 originally labeled samples, 2467 new samples, and 3033 unlabeled samples. Total: 8755
begin calculating influence
[Strategy 5] Acc of expected label: 0.692578125
calculating influence -- done
[ADD ORG DATA] Use 5670 samples. Get 17393 labels. Ratio: 0.325993215661473
Files already downloaded and verified
3255 originally labeled samples, 7134 new samples, and 152381 unlabeled samples. Total: 162770
Epoch 9
 77.62% | time: 808.2s (391.4m) | step:   5922 | train acc: 1.000 | train loss: 0.000 |test acc: 0.693 (0.675, 0.722) | test eop gap: 0.1611
 77.62% | time:   1.5s (391.4m) | step:   5922 | train acc: 1.000 | train loss: 0.000 |val acc: 0.695 (0.682, 0.714) | val eop gap: 0.1439
begin calculating influence
[Strategy 5] Acc of expected label: 0.5898450379162545
calculating influence -- done
Use 5689 samples. Get 6715 labels. Ratio: 0.8472077438570365
Files already downloaded and verified
3255 originally labeled samples, 2486 new samples, and 3014 unlabeled samples. Total: 8755
begin calculating influence
[Strategy 5] Acc of expected label: 0.698828125
calculating influence -- done
[ADD ORG DATA] Use 5689 samples. Get 17908 labels. Ratio: 0.3176792494974313
Files already downloaded and verified
3255 originally labeled samples, 7390 new samples, and 152125 unlabeled samples. Total: 162770
 80.25% | time: 812.5s (404.9m) | step:   6122 | train acc: 1.000 | train loss: 0.005 |test acc: 0.688 (0.666, 0.723) | test eop gap: 0.1381
 80.25% | time:   1.4s (404.9m) | step:   6122 | train acc: 1.000 | train loss: 0.005 |val acc: 0.701 (0.678, 0.735) | val eop gap: 0.0986
begin calculating influence
[Strategy 5] Acc of expected label: 0.5786330457863305
calculating influence -- done
Use 5701 samples. Get 6721 labels. Ratio: 0.8482368695134652
Files already downloaded and verified
3255 originally labeled samples, 2498 new samples, and 3002 unlabeled samples. Total: 8755
begin calculating influence
[Strategy 5] Acc of expected label: 0.692109375
calculating influence -- done
[ADD ORG DATA] Use 5701 samples. Get 18449 labels. Ratio: 0.30901403870128463
Files already downloaded and verified
3255 originally labeled samples, 7646 new samples, and 151869 unlabeled samples. Total: 162770
 82.87% | time: 815.6s (418.5m) | step:   6322 | train acc: 1.000 | train loss: 0.003 |test acc: 0.694 (0.671, 0.731) | test eop gap: 0.1438
 82.87% | time:   1.5s (418.6m) | step:   6322 | train acc: 1.000 | train loss: 0.003 |val acc: 0.699 (0.676, 0.734) | val eop gap: 0.1104
begin calculating influence
[Strategy 5] Acc of expected label: 0.5756162558294471
calculating influence -- done
Use 5743 samples. Get 6763 labels. Ratio: 0.8491793582729558
Files already downloaded and verified
3255 originally labeled samples, 2540 new samples, and 2960 unlabeled samples. Total: 8755
begin calculating influence
[Strategy 5] Acc of expected label: 0.69296875
calculating influence -- done
[ADD ORG DATA] Use 5743 samples. Get 18934 labels. Ratio: 0.30331678462025985
Files already downloaded and verified
3255 originally labeled samples, 7902 new samples, and 151613 unlabeled samples. Total: 162770
 83.33% | time: 762.0s (431.3m) | step:   6357 | train acc: 0.988 | train loss: 0.041 |test acc: 0.692 (0.667, 0.731) | test eop gap: 0.1678
 83.33% | time:   2.0s (431.3m) | step:   6357 | train acc: 0.988 | train loss: 0.041 |val acc: 0.682 (0.670, 0.701) | val eop gap: 0.1679
begin calculating influence
[Strategy 5] Acc of expected label: 0.5780405405405405
calculating influence -- done
Use 5790 samples. Get 6806 labels. Ratio: 0.8507199529826623
Files already downloaded and verified
3255 originally labeled samples, 2588 new samples, and 2912 unlabeled samples. Total: 8755
begin calculating influence
[Strategy 5] Acc of expected label: 0.695625
calculating influence -- done
[ADD ORG DATA] Use 5790 samples. Get 19377 labels. Ratio: 0.29880786499458123
Files already downloaded and verified
3255 originally labeled samples, 8158 new samples, and 151357 unlabeled samples. Total: 162770
Epoch 10
 85.96% | time: 806.3s (444.7m) | step:   6558 | train acc: 1.000 | train loss: 0.002 |test acc: 0.689 (0.666, 0.727) | test eop gap: 0.1802
 85.96% | time:   1.7s (444.8m) | step:   6558 | train acc: 1.000 | train loss: 0.002 |val acc: 0.701 (0.676, 0.738) | val eop gap: 0.1510
begin calculating influence
calculating influence -- done
length of new labels 93
Use 5788+93 = 5881 samples.
Files already downloaded and verified
3255 originally labeled samples, 2681 new samples, and 2819 unlabeled samples. Total: 8755
begin calculating influence
[Strategy 5] Acc of expected label: 0.70078125
calculating influence -- done
[ADD ORG DATA] Use 5881 samples. Get 19980 labels. Ratio: 0.29434434434434437
Files already downloaded and verified
3255 originally labeled samples, 8414 new samples, and 151101 unlabeled samples. Total: 162770
 88.58% | time: 809.9s (458.3m) | step:   6758 | train acc: 1.000 | train loss: 0.000 |test acc: 0.694 (0.676, 0.723) | test eop gap: 0.1458
 88.58% | time:   1.3s (458.3m) | step:   6758 | train acc: 1.000 | train loss: 0.000 |val acc: 0.691 (0.669, 0.727) | val eop gap: 0.1219
begin calculating influence
calculating influence -- done
length of new labels 131
Use 5787+131 = 5918 samples.
Files already downloaded and verified
3255 originally labeled samples, 2719 new samples, and 2781 unlabeled samples. Total: 8755
begin calculating influence
[Strategy 5] Acc of expected label: 0.6951953125
calculating influence -- done
[ADD ORG DATA] Use 5918 samples. Get 20354 labels. Ratio: 0.2907536602142085
Files already downloaded and verified
3255 originally labeled samples, 8670 new samples, and 150845 unlabeled samples. Total: 162770
 91.20% | time: 805.7s (471.7m) | step:   6958 | train acc: 0.996 | train loss: 0.006 |test acc: 0.694 (0.680, 0.716) | test eop gap: 0.1478
 91.20% | time:   1.4s (471.7m) | step:   6958 | train acc: 0.996 | train loss: 0.006 |val acc: 0.700 (0.670, 0.747) | val eop gap: 0.0630
begin calculating influence
calculating influence -- done
length of new labels 387
Use 5785+387 = 6172 samples.
Files already downloaded and verified
3255 originally labeled samples, 2975 new samples, and 2525 unlabeled samples. Total: 8755
begin calculating influence
[Strategy 5] Acc of expected label: 0.6910546875
calculating influence -- done
[ADD ORG DATA] Use 6172 samples. Get 20891 labels. Ratio: 0.29543822698769806
Files already downloaded and verified
3255 originally labeled samples, 8926 new samples, and 150589 unlabeled samples. Total: 162770
 91.66% | time: 733.4s (484.0m) | step:   6993 | train acc: 0.980 | train loss: 0.045 |test acc: 0.691 (0.673, 0.720) | test eop gap: 0.1310
 91.66% | time:   1.5s (484.0m) | step:   6993 | train acc: 0.980 | train loss: 0.045 |val acc: 0.703 (0.683, 0.735) | val eop gap: 0.0977
begin calculating influence
calculating influence -- done
length of new labels 643
Use 5780+643 = 6423 samples.
Files already downloaded and verified
3255 originally labeled samples, 3231 new samples, and 2269 unlabeled samples. Total: 8755
begin calculating influence
[Strategy 5] Acc of expected label: 0.6938671875
calculating influence -- done
[ADD ORG DATA] Use 6423 samples. Get 21409 labels. Ratio: 0.3000140127983558
Files already downloaded and verified
3255 originally labeled samples, 9182 new samples, and 150333 unlabeled samples. Total: 162770
Epoch 11
 94.30% | time: 795.8s (497.2m) | step:   7194 | train acc: 1.000 | train loss: 0.003 |test acc: 0.692 (0.670, 0.727) | test eop gap: 0.1423
 94.30% | time:   1.5s (497.3m) | step:   7194 | train acc: 1.000 | train loss: 0.003 |val acc: 0.695 (0.668, 0.738) | val eop gap: 0.1020
begin calculating influence
calculating influence -- done
length of new labels 796
Use 5776+796 = 6572 samples.
Files already downloaded and verified
3255 originally labeled samples, 3384 new samples, and 2116 unlabeled samples. Total: 8755
begin calculating influence
[Strategy 5] Acc of expected label: 0.6965234375
calculating influence -- done
[ADD ORG DATA] Use 6572 samples. Get 21964 labels. Ratio: 0.299216900382444
Files already downloaded and verified
3255 originally labeled samples, 9438 new samples, and 150077 unlabeled samples. Total: 162770
 96.92% | time: 788.5s (510.4m) | step:   7394 | train acc: 1.000 | train loss: 0.002 |test acc: 0.695 (0.676, 0.725) | test eop gap: 0.1479
 96.92% | time:   1.5s (510.4m) | step:   7394 | train acc: 1.000 | train loss: 0.002 |val acc: 0.711 (0.692, 0.740) | val eop gap: 0.0842
begin calculating influence
calculating influence -- done
length of new labels 865
Use 5773+865 = 6638 samples.
Files already downloaded and verified
3255 originally labeled samples, 3453 new samples, and 2047 unlabeled samples. Total: 8755
begin calculating influence
[Strategy 5] Acc of expected label: 0.6966796875
calculating influence -- done
[ADD ORG DATA] Use 6638 samples. Get 22470 labels. Ratio: 0.2954161103693814
Files already downloaded and verified
3255 originally labeled samples, 9694 new samples, and 149821 unlabeled samples. Total: 162770
 99.54% | time: 792.2s (523.6m) | step:   7594 | train acc: 1.000 | train loss: 0.006 |test acc: 0.689 (0.676, 0.709) | test eop gap: 0.1391
 99.54% | time:   1.5s (523.7m) | step:   7594 | train acc: 1.000 | train loss: 0.006 |val acc: 0.701 (0.675, 0.742) | val eop gap: 0.0372
begin calculating influence
calculating influence -- done
length of new labels 1100
Use 5769+1100 = 6869 samples.
Files already downloaded and verified
3255 originally labeled samples, 3688 new samples, and 1812 unlabeled samples. Total: 8755
begin calculating influence
[Strategy 5] Acc of expected label: 0.6971875
calculating influence -- done
[ADD ORG DATA] Use 6869 samples. Get 22922 labels. Ratio: 0.29966844079923216
Files already downloaded and verified
3255 originally labeled samples, 9950 new samples, and 149565 unlabeled samples. Total: 162770
100.00% | time: 720.7s (535.7m) | step:   7629 | train acc: 1.000 | train loss: 0.006 |test acc: 0.690 (0.658, 0.742) | test eop gap: 0.1571
100.00% | time:   1.5s (535.7m) | step:   7629 | train acc: 1.000 | train loss: 0.006 |val acc: 0.686 (0.641, 0.758) | val eop gap: 0.0998
begin calculating influence
calculating influence -- done
length of new labels 1338
Use 5764+1338 = 7102 samples.
Files already downloaded and verified
3255 originally labeled samples, 3926 new samples, and 1574 unlabeled samples. Total: 8755
begin calculating influence
[Strategy 5] Acc of expected label: 0.6891796875
calculating influence -- done
[ADD ORG DATA] Use 7102 samples. Get 23389 labels. Ratio: 0.3036470135533798
Files already downloaded and verified
3255 originally labeled samples, 10206 new samples, and 149309 unlabeled samples. Total: 162770
