Files already downloaded and verified
3255 originally labeled samples, 0 new samples, and 159515 unlabeled samples. Total: 162770
Files already downloaded and verified
1996 originally labeled samples, 0 new samples, and 17966 unlabeled samples. Total: 19962
Numer of layers 200
train net...
train with 162770 samples (with replacement) in one epoch
Epoch 0
  2.62% | time: 101.8s (  1.7m) | step:    200 | train acc: 0.930 | train loss: 0.166 |warm_t acc: 0.681 (0.694, 0.661) | warm_t dp gap: 0.4018
  2.62% | time:   4.9s (  1.8m) | step:    200 | train acc: 0.930 | train loss: 0.166 |warm_v acc: 0.692 (0.704, 0.671) | warm_v dp gap: 0.3936
  5.24% | time:  80.7s (  3.1m) | step:    400 | train acc: 0.793 | train loss: 0.470 |warm_t acc: 0.666 (0.703, 0.605) | warm_t dp gap: 0.3363
  5.24% | time:   1.3s (  3.1m) | step:    400 | train acc: 0.793 | train loss: 0.470 |warm_v acc: 0.661 (0.690, 0.616) | warm_v dp gap: 0.3225
  7.86% | time:  80.8s (  4.5m) | step:    600 | train acc: 1.000 | train loss: 0.006 |warm_t acc: 0.695 (0.677, 0.724) | warm_t dp gap: 0.3869
  7.86% | time:   1.3s (  4.5m) | step:    600 | train acc: 1.000 | train loss: 0.006 |warm_v acc: 0.698 (0.691, 0.710) | warm_v dp gap: 0.3941
  8.32% | time:  24.9s (  4.9m) | step:    635 | train acc: 1.000 | train loss: 0.003 |warm_t acc: 0.695 (0.683, 0.715) | warm_t dp gap: 0.3887
  8.32% | time:   1.3s (  5.0m) | step:    635 | train acc: 1.000 | train loss: 0.003 |warm_v acc: 0.698 (0.683, 0.721) | warm_v dp gap: 0.3737
Epoch 1
 10.95% | time:  81.3s (  6.3m) | step:    835 | train acc: 1.000 | train loss: 0.000 |warm_t acc: 0.694 (0.682, 0.711) | warm_t dp gap: 0.3948
 10.95% | time:   1.3s (  6.3m) | step:    835 | train acc: 1.000 | train loss: 0.000 |warm_v acc: 0.695 (0.692, 0.699) | warm_v dp gap: 0.3714
 13.57% | time:  80.8s (  7.7m) | step:   1035 | train acc: 1.000 | train loss: 0.000 |warm_t acc: 0.694 (0.682, 0.713) | warm_t dp gap: 0.3954
 13.57% | time:   1.5s (  7.7m) | step:   1035 | train acc: 1.000 | train loss: 0.000 |warm_v acc: 0.689 (0.681, 0.701) | warm_v dp gap: 0.3953
 16.19% | time:  76.8s (  9.0m) | step:   1235 | train acc: 1.000 | train loss: 0.000 |warm_t acc: 0.694 (0.683, 0.712) | warm_t dp gap: 0.3953
 16.19% | time:   1.4s (  9.0m) | step:   1235 | train acc: 1.000 | train loss: 0.000 |warm_v acc: 0.684 (0.674, 0.699) | warm_v dp gap: 0.3714
 16.65% | time:  23.8s (  9.4m) | step:   1270 | train acc: 1.000 | train loss: 0.000 |warm_t acc: 0.694 (0.683, 0.712) | warm_t dp gap: 0.3956
 16.65% | time:   1.5s (  9.4m) | step:   1270 | train acc: 1.000 | train loss: 0.000 |warm_v acc: 0.694 (0.692, 0.697) | warm_v dp gap: 0.3768
Epoch 2
 19.28% | time:  70.6s ( 10.6m) | step:   1471 | train acc: 1.000 | train loss: 0.000 |test acc: 0.694 (0.682, 0.713) | test dp gap: 0.3955
 19.28% | time:   1.6s ( 10.6m) | step:   1471 | train acc: 1.000 | train loss: 0.000 |val acc: 0.702 (0.701, 0.704) | val dp gap: 0.3947
begin calculating influence
selected layers: [Traced<ShapedArray(float32[768])>with<DynamicJaxprTrace(level=0/1)>, Traced<ShapedArray(float32[8,8,3,768])>with<DynamicJaxprTrace(level=0/1)>, Traced<ShapedArray(float32[2])>with<DynamicJaxprTrace(level=0/1)>, Traced<ShapedArray(float32[768,2])>with<DynamicJaxprTrace(level=0/1)>]
[Strategy 5] Acc of expected label: 0.703359375
calculating influence -- done
Use 3511 samples. Get 3865 labels. Ratio: 0.9084087968952135
Files already downloaded and verified
3255 originally labeled samples, 256 new samples, and 159259 unlabeled samples. Total: 162770
 21.90% | time: 769.5s ( 23.5m) | step:   1671 | train acc: 0.914 | train loss: 0.193 |test acc: 0.621 (0.530, 0.764) | test dp gap: 0.1927
 21.90% | time:   1.3s ( 23.5m) | step:   1671 | train acc: 0.914 | train loss: 0.193 |val acc: 0.629 (0.542, 0.764) | val dp gap: 0.1803
begin calculating influence
[Strategy 5] Acc of expected label: 0.612890625
calculating influence -- done
Use 3767 samples. Get 4743 labels. Ratio: 0.7942230655703142
Files already downloaded and verified
3255 originally labeled samples, 512 new samples, and 159003 unlabeled samples. Total: 162770
 24.52% | time: 752.2s ( 36.0m) | step:   1871 | train acc: 0.734 | train loss: 0.643 |test acc: 0.663 (0.611, 0.746) | test dp gap: 0.2889
 24.52% | time:   1.4s ( 36.0m) | step:   1871 | train acc: 0.734 | train loss: 0.643 |val acc: 0.658 (0.613, 0.729) | val dp gap: 0.2371
begin calculating influence
[Strategy 5] Acc of expected label: 0.6628515625
calculating influence -- done
Use 4023 samples. Get 5508 labels. Ratio: 0.7303921568627451
Files already downloaded and verified
3255 originally labeled samples, 768 new samples, and 158747 unlabeled samples. Total: 162770
 24.98% | time: 689.7s ( 47.5m) | step:   1906 | train acc: 0.879 | train loss: 0.287 |test acc: 0.689 (0.653, 0.747) | test dp gap: 0.3649
 24.98% | time:   1.4s ( 47.6m) | step:   1906 | train acc: 0.879 | train loss: 0.287 |val acc: 0.682 (0.646, 0.738) | val dp gap: 0.3376
begin calculating influence
[Strategy 5] Acc of expected label: 0.683671875
calculating influence -- done
Use 4279 samples. Get 6118 labels. Ratio: 0.6994115724092841
Files already downloaded and verified
3255 originally labeled samples, 1024 new samples, and 158491 unlabeled samples. Total: 162770
Epoch 3
 27.62% | time: 752.2s ( 60.1m) | step:   2107 | train acc: 0.898 | train loss: 0.242 |test acc: 0.667 (0.643, 0.704) | test dp gap: 0.3099
 27.62% | time:   1.2s ( 60.1m) | step:   2107 | train acc: 0.898 | train loss: 0.242 |val acc: 0.666 (0.643, 0.704) | val dp gap: 0.2560
begin calculating influence
[Strategy 5] Acc of expected label: 0.6720703125
calculating influence -- done
Use 4535 samples. Get 6839 labels. Ratio: 0.6631086416142711
Files already downloaded and verified
3255 originally labeled samples, 1280 new samples, and 158235 unlabeled samples. Total: 162770
 30.24% | time: 741.4s ( 72.5m) | step:   2307 | train acc: 1.000 | train loss: 0.007 |test acc: 0.662 (0.619, 0.729) | test dp gap: 0.3015
 30.24% | time:   1.3s ( 72.5m) | step:   2307 | train acc: 1.000 | train loss: 0.007 |val acc: 0.661 (0.628, 0.714) | val dp gap: 0.2665
begin calculating influence
[Strategy 5] Acc of expected label: 0.66421875
calculating influence -- done
Use 4791 samples. Get 7343 labels. Ratio: 0.6524581233828136
Files already downloaded and verified
3255 originally labeled samples, 1536 new samples, and 157979 unlabeled samples. Total: 162770
 32.86% | time: 746.4s ( 84.9m) | step:   2507 | train acc: 0.969 | train loss: 0.115 |test acc: 0.663 (0.628, 0.720) | test dp gap: 0.2628
 32.86% | time:   1.4s ( 85.0m) | step:   2507 | train acc: 0.969 | train loss: 0.115 |val acc: 0.654 (0.614, 0.714) | val dp gap: 0.2302
begin calculating influence
[Strategy 5] Acc of expected label: 0.6625
calculating influence -- done
Use 5047 samples. Get 7969 labels. Ratio: 0.6333291504580248
Files already downloaded and verified
3255 originally labeled samples, 1792 new samples, and 157723 unlabeled samples. Total: 162770
 33.32% | time: 681.9s ( 96.3m) | step:   2542 | train acc: 0.977 | train loss: 0.080 |test acc: 0.676 (0.645, 0.725) | test dp gap: 0.3106
 33.32% | time:   1.4s ( 96.3m) | step:   2542 | train acc: 0.977 | train loss: 0.080 |val acc: 0.672 (0.649, 0.708) | val dp gap: 0.2702
begin calculating influence
[Strategy 5] Acc of expected label: 0.681796875
calculating influence -- done
Use 5303 samples. Get 8696 labels. Ratio: 0.609820607175713
Files already downloaded and verified
3255 originally labeled samples, 2048 new samples, and 157467 unlabeled samples. Total: 162770
Epoch 4
 35.95% | time: 744.5s (108.7m) | step:   2743 | train acc: 0.988 | train loss: 0.044 |test acc: 0.644 (0.592, 0.726) | test dp gap: 0.2143
 35.95% | time:   1.4s (108.8m) | step:   2743 | train acc: 0.988 | train loss: 0.044 |val acc: 0.662 (0.613, 0.737) | val dp gap: 0.2445
begin calculating influence
[Strategy 5] Acc of expected label: 0.6373046875
calculating influence -- done
Use 5559 samples. Get 9285 labels. Ratio: 0.5987075928917609
Files already downloaded and verified
3255 originally labeled samples, 2304 new samples, and 157211 unlabeled samples. Total: 162770
 38.58% | time: 744.9s (121.2m) | step:   2943 | train acc: 1.000 | train loss: 0.002 |test acc: 0.657 (0.619, 0.717) | test dp gap: 0.2633
 38.58% | time:   1.4s (121.2m) | step:   2943 | train acc: 1.000 | train loss: 0.002 |val acc: 0.664 (0.632, 0.716) | val dp gap: 0.2312
begin calculating influence
[Strategy 5] Acc of expected label: 0.659453125
calculating influence -- done
Use 5815 samples. Get 9788 labels. Ratio: 0.5940948099713935
Files already downloaded and verified
3255 originally labeled samples, 2560 new samples, and 156955 unlabeled samples. Total: 162770
 41.20% | time: 735.9s (133.5m) | step:   3143 | train acc: 1.000 | train loss: 0.002 |test acc: 0.653 (0.616, 0.712) | test dp gap: 0.2247
 41.20% | time:   1.3s (133.5m) | step:   3143 | train acc: 1.000 | train loss: 0.002 |val acc: 0.655 (0.611, 0.724) | val dp gap: 0.2013
begin calculating influence
[Strategy 5] Acc of expected label: 0.6539453125
calculating influence -- done
Use 5967 samples. Get 10101 labels. Ratio: 0.5907335907335908
Files already downloaded and verified
3255 originally labeled samples, 2712 new samples, and 156803 unlabeled samples. Total: 162770
 41.66% | time: 689.7s (145.0m) | step:   3178 | train acc: 0.992 | train loss: 0.022 |test acc: 0.667 (0.629, 0.727) | test dp gap: 0.2562
 41.66% | time:   1.2s (145.0m) | step:   3178 | train acc: 0.992 | train loss: 0.022 |val acc: 0.658 (0.613, 0.726) | val dp gap: 0.2282
begin calculating influence
[Strategy 5] Acc of expected label: 0.661796875
calculating influence -- done
Use 6223 samples. Get 10525 labels. Ratio: 0.5912589073634205
Files already downloaded and verified
3255 originally labeled samples, 2968 new samples, and 156547 unlabeled samples. Total: 162770
Epoch 5
 44.29% | time: 741.7s (157.4m) | step:   3379 | train acc: 1.000 | train loss: 0.004 |test acc: 0.657 (0.631, 0.699) | test dp gap: 0.2480
 44.29% | time:   1.4s (157.4m) | step:   3379 | train acc: 1.000 | train loss: 0.004 |val acc: 0.659 (0.628, 0.707) | val dp gap: 0.2244
begin calculating influence
[Strategy 5] Acc of expected label: 0.6598828125
calculating influence -- done
Use 6479 samples. Get 11075 labels. Ratio: 0.5850112866817155
Files already downloaded and verified
3255 originally labeled samples, 3224 new samples, and 156291 unlabeled samples. Total: 162770
 46.91% | time: 746.3s (169.8m) | step:   3579 | train acc: 1.000 | train loss: 0.003 |test acc: 0.668 (0.625, 0.738) | test dp gap: 0.2659
 46.91% | time:   1.4s (169.9m) | step:   3579 | train acc: 1.000 | train loss: 0.003 |val acc: 0.660 (0.626, 0.713) | val dp gap: 0.2200
begin calculating influence
[Strategy 5] Acc of expected label: 0.664375
calculating influence -- done
Use 6603 samples. Get 11318 labels. Ratio: 0.5834069623608411
Files already downloaded and verified
3255 originally labeled samples, 3348 new samples, and 156167 unlabeled samples. Total: 162770
 49.53% | time: 746.1s (182.3m) | step:   3779 | train acc: 1.000 | train loss: 0.000 |test acc: 0.665 (0.626, 0.728) | test dp gap: 0.2631
 49.53% | time:   1.4s (182.3m) | step:   3779 | train acc: 1.000 | train loss: 0.000 |val acc: 0.670 (0.638, 0.721) | val dp gap: 0.2208
begin calculating influence
[Strategy 5] Acc of expected label: 0.670390625
calculating influence -- done
Use 6859 samples. Get 11732 labels. Ratio: 0.5846403000340947
Files already downloaded and verified
3255 originally labeled samples, 3604 new samples, and 155911 unlabeled samples. Total: 162770
 49.99% | time: 688.6s (193.8m) | step:   3814 | train acc: 0.996 | train loss: 0.006 |test acc: 0.667 (0.628, 0.727) | test dp gap: 0.2659
 49.99% | time:   1.4s (193.8m) | step:   3814 | train acc: 0.996 | train loss: 0.006 |val acc: 0.671 (0.634, 0.731) | val dp gap: 0.2268
begin calculating influence
[Strategy 5] Acc of expected label: 0.659921875
calculating influence -- done
Use 7115 samples. Get 12272 labels. Ratio: 0.5797750977835724
Files already downloaded and verified
3255 originally labeled samples, 3860 new samples, and 155655 unlabeled samples. Total: 162770
Epoch 6
 52.62% | time: 739.5s (206.1m) | step:   4014 | train acc: 1.000 | train loss: 0.001 |test acc: 0.668 (0.625, 0.735) | test dp gap: 0.2647
 52.62% | time:   1.5s (206.2m) | step:   4014 | train acc: 1.000 | train loss: 0.001 |val acc: 0.663 (0.623, 0.727) | val dp gap: 0.2453
begin calculating influence
[Strategy 5] Acc of expected label: 0.662265625
calculating influence -- done
Use 7371 samples. Get 12780 labels. Ratio: 0.5767605633802817
Files already downloaded and verified
3255 originally labeled samples, 4116 new samples, and 155399 unlabeled samples. Total: 162770
 55.24% | time: 744.4s (218.6m) | step:   4214 | train acc: 1.000 | train loss: 0.003 |test acc: 0.660 (0.610, 0.740) | test dp gap: 0.2572
 55.24% | time:   1.4s (218.6m) | step:   4214 | train acc: 1.000 | train loss: 0.003 |val acc: 0.643 (0.593, 0.722) | val dp gap: 0.2164
begin calculating influence
[Strategy 5] Acc of expected label: 0.655234375
calculating influence -- done
Use 7503 samples. Get 12968 labels. Ratio: 0.578578038247995
Files already downloaded and verified
3255 originally labeled samples, 4248 new samples, and 155267 unlabeled samples. Total: 162770
 57.86% | time: 744.1s (231.0m) | step:   4414 | train acc: 1.000 | train loss: 0.000 |test acc: 0.668 (0.633, 0.723) | test dp gap: 0.2621
 57.86% | time:   1.4s (231.0m) | step:   4414 | train acc: 1.000 | train loss: 0.000 |val acc: 0.677 (0.643, 0.732) | val dp gap: 0.2579
begin calculating influence
[Strategy 5] Acc of expected label: 0.6659765625
calculating influence -- done
Use 7759 samples. Get 13383 labels. Ratio: 0.5797653739819174
Files already downloaded and verified
3255 originally labeled samples, 4504 new samples, and 155011 unlabeled samples. Total: 162770
 58.32% | time: 690.3s (242.5m) | step:   4449 | train acc: 1.000 | train loss: 0.003 |test acc: 0.672 (0.637, 0.728) | test dp gap: 0.2670
 58.32% | time:   1.5s (242.6m) | step:   4449 | train acc: 1.000 | train loss: 0.003 |val acc: 0.669 (0.629, 0.729) | val dp gap: 0.2219
begin calculating influence
[Strategy 5] Acc of expected label: 0.6709375
calculating influence -- done
Use 8015 samples. Get 13817 labels. Ratio: 0.5800825070565245
Files already downloaded and verified
3255 originally labeled samples, 4760 new samples, and 154755 unlabeled samples. Total: 162770
Epoch 7
 60.95% | time: 742.4s (254.9m) | step:   4650 | train acc: 0.992 | train loss: 0.018 |test acc: 0.661 (0.618, 0.729) | test dp gap: 0.2427
 60.95% | time:   1.4s (254.9m) | step:   4650 | train acc: 0.992 | train loss: 0.018 |val acc: 0.646 (0.606, 0.711) | val dp gap: 0.1702
begin calculating influence
[Strategy 5] Acc of expected label: 0.6609765625
calculating influence -- done
Use 8271 samples. Get 14258 labels. Ratio: 0.5800953850469912
Files already downloaded and verified
3255 originally labeled samples, 5016 new samples, and 154499 unlabeled samples. Total: 162770
 63.57% | time: 745.5s (267.4m) | step:   4850 | train acc: 1.000 | train loss: 0.001 |test acc: 0.683 (0.650, 0.735) | test dp gap: 0.2908
 63.57% | time:   1.4s (267.4m) | step:   4850 | train acc: 1.000 | train loss: 0.001 |val acc: 0.673 (0.642, 0.720) | val dp gap: 0.2297
begin calculating influence
[Strategy 5] Acc of expected label: 0.6791796875
calculating influence -- done
Use 8527 samples. Get 14718 labels. Ratio: 0.5793586085065906
Files already downloaded and verified
3255 originally labeled samples, 5272 new samples, and 154243 unlabeled samples. Total: 162770
 66.19% | time: 742.9s (279.8m) | step:   5050 | train acc: 1.000 | train loss: 0.001 |test acc: 0.674 (0.634, 0.737) | test dp gap: 0.2761
 66.19% | time:   1.5s (279.8m) | step:   5050 | train acc: 1.000 | train loss: 0.001 |val acc: 0.667 (0.626, 0.729) | val dp gap: 0.2274
begin calculating influence
[Strategy 5] Acc of expected label: 0.6708203125
calculating influence -- done
Use 8783 samples. Get 15140 labels. Ratio: 0.5801188903566711
Files already downloaded and verified
3255 originally labeled samples, 5528 new samples, and 153987 unlabeled samples. Total: 162770
 66.65% | time: 689.0s (291.3m) | step:   5085 | train acc: 0.988 | train loss: 0.020 |test acc: 0.678 (0.646, 0.728) | test dp gap: 0.2965
 66.65% | time:   1.3s (291.3m) | step:   5085 | train acc: 0.988 | train loss: 0.020 |val acc: 0.673 (0.650, 0.709) | val dp gap: 0.2269
begin calculating influence
[Strategy 5] Acc of expected label: 0.6794140625
calculating influence -- done
Use 9039 samples. Get 15628 labels. Ratio: 0.5783849500895828
Files already downloaded and verified
3255 originally labeled samples, 5784 new samples, and 153731 unlabeled samples. Total: 162770
Epoch 8
 69.29% | time: 738.8s (303.6m) | step:   5286 | train acc: 0.996 | train loss: 0.007 |test acc: 0.672 (0.649, 0.709) | test dp gap: 0.2838
 69.29% | time:   1.5s (303.6m) | step:   5286 | train acc: 0.996 | train loss: 0.007 |val acc: 0.663 (0.638, 0.702) | val dp gap: 0.2063
begin calculating influence
[Strategy 5] Acc of expected label: 0.6687109375
calculating influence -- done
Use 9295 samples. Get 16076 labels. Ratio: 0.5781910923115203
Files already downloaded and verified
3255 originally labeled samples, 6040 new samples, and 153475 unlabeled samples. Total: 162770
 71.91% | time: 744.1s (316.0m) | step:   5486 | train acc: 1.000 | train loss: 0.000 |test acc: 0.680 (0.640, 0.743) | test dp gap: 0.2830
 71.91% | time:   1.4s (316.1m) | step:   5486 | train acc: 1.000 | train loss: 0.000 |val acc: 0.671 (0.633, 0.731) | val dp gap: 0.2433
begin calculating influence
[Strategy 5] Acc of expected label: 0.678125
calculating influence -- done
Use 9551 samples. Get 16596 labels. Ratio: 0.5755001205109666
Files already downloaded and verified
3255 originally labeled samples, 6296 new samples, and 153219 unlabeled samples. Total: 162770
 74.53% | time: 745.5s (328.5m) | step:   5686 | train acc: 1.000 | train loss: 0.001 |test acc: 0.678 (0.642, 0.737) | test dp gap: 0.2748
 74.53% | time:   1.4s (328.5m) | step:   5686 | train acc: 1.000 | train loss: 0.001 |val acc: 0.671 (0.629, 0.738) | val dp gap: 0.2362
begin calculating influence
[Strategy 5] Acc of expected label: 0.671796875
calculating influence -- done
Use 9783 samples. Get 17005 labels. Ratio: 0.5753013819464863
Files already downloaded and verified
3255 originally labeled samples, 6528 new samples, and 152987 unlabeled samples. Total: 162770
 74.99% | time: 690.3s (340.0m) | step:   5721 | train acc: 1.000 | train loss: 0.003 |test acc: 0.666 (0.617, 0.745) | test dp gap: 0.2352
 74.99% | time:   1.5s (340.1m) | step:   5721 | train acc: 1.000 | train loss: 0.003 |val acc: 0.656 (0.590, 0.757) | val dp gap: 0.1524
begin calculating influence
[Strategy 5] Acc of expected label: 0.6616015625
calculating influence -- done
Use 10039 samples. Get 17492 labels. Ratio: 0.5739195060599132
Files already downloaded and verified
3255 originally labeled samples, 6784 new samples, and 152731 unlabeled samples. Total: 162770
Epoch 9
 77.62% | time: 740.3s (352.4m) | step:   5922 | train acc: 1.000 | train loss: 0.003 |test acc: 0.675 (0.645, 0.722) | test dp gap: 0.2848
 77.62% | time:   1.4s (352.4m) | step:   5922 | train acc: 1.000 | train loss: 0.003 |val acc: 0.679 (0.638, 0.747) | val dp gap: 0.2297
begin calculating influence
[Strategy 5] Acc of expected label: 0.67875
calculating influence -- done
Use 10295 samples. Get 18043 labels. Ratio: 0.5705813889042842
Files already downloaded and verified
3255 originally labeled samples, 7040 new samples, and 152475 unlabeled samples. Total: 162770
 80.25% | time: 744.6s (364.8m) | step:   6122 | train acc: 1.000 | train loss: 0.001 |test acc: 0.674 (0.632, 0.741) | test dp gap: 0.2584
 80.25% | time:   1.4s (364.8m) | step:   6122 | train acc: 1.000 | train loss: 0.001 |val acc: 0.672 (0.628, 0.742) | val dp gap: 0.2214
begin calculating influence
[Strategy 5] Acc of expected label: 0.675078125
calculating influence -- done
Use 10551 samples. Get 18531 labels. Ratio: 0.5693702444552372
Files already downloaded and verified
3255 originally labeled samples, 7296 new samples, and 152219 unlabeled samples. Total: 162770
 82.87% | time: 742.9s (377.2m) | step:   6322 | train acc: 1.000 | train loss: 0.000 |test acc: 0.676 (0.642, 0.730) | test dp gap: 0.2869
 82.87% | time:   1.4s (377.3m) | step:   6322 | train acc: 1.000 | train loss: 0.000 |val acc: 0.667 (0.633, 0.722) | val dp gap: 0.2238
begin calculating influence
[Strategy 5] Acc of expected label: 0.6695703125
calculating influence -- done
Use 10807 samples. Get 19008 labels. Ratio: 0.5685500841750841
Files already downloaded and verified
3255 originally labeled samples, 7552 new samples, and 151963 unlabeled samples. Total: 162770
 83.33% | time: 683.8s (388.6m) | step:   6357 | train acc: 1.000 | train loss: 0.000 |test acc: 0.674 (0.636, 0.734) | test dp gap: 0.2716
 83.33% | time:   1.4s (388.7m) | step:   6357 | train acc: 1.000 | train loss: 0.000 |val acc: 0.677 (0.640, 0.734) | val dp gap: 0.1966
begin calculating influence
[Strategy 5] Acc of expected label: 0.675390625
calculating influence -- done
Use 11063 samples. Get 19435 labels. Ratio: 0.5692307692307692
Files already downloaded and verified
3255 originally labeled samples, 7808 new samples, and 151707 unlabeled samples. Total: 162770
Epoch 10
 85.96% | time: 735.1s (400.9m) | step:   6558 | train acc: 1.000 | train loss: 0.001 |test acc: 0.673 (0.639, 0.726) | test dp gap: 0.2768
 85.96% | time:   1.4s (400.9m) | step:   6558 | train acc: 1.000 | train loss: 0.001 |val acc: 0.660 (0.614, 0.729) | val dp gap: 0.1850
begin calculating influence
[Strategy 5] Acc of expected label: 0.6726171875
calculating influence -- done
Use 11258 samples. Get 19784 labels. Ratio: 0.5690456934896886
Files already downloaded and verified
3255 originally labeled samples, 8003 new samples, and 151512 unlabeled samples. Total: 162770
 88.58% | time: 745.9s (413.4m) | step:   6758 | train acc: 1.000 | train loss: 0.004 |test acc: 0.676 (0.630, 0.749) | test dp gap: 0.2647
 88.58% | time:   1.5s (413.4m) | step:   6758 | train acc: 1.000 | train loss: 0.004 |val acc: 0.686 (0.637, 0.763) | val dp gap: 0.2104
begin calculating influence
[Strategy 5] Acc of expected label: 0.672890625
calculating influence -- done
Use 11427 samples. Get 20140 labels. Ratio: 0.5673783515392254
Files already downloaded and verified
3255 originally labeled samples, 8172 new samples, and 151343 unlabeled samples. Total: 162770
 91.20% | time: 745.5s (425.8m) | step:   6958 | train acc: 1.000 | train loss: 0.000 |test acc: 0.673 (0.629, 0.742) | test dp gap: 0.2592
 91.20% | time:   1.3s (425.9m) | step:   6958 | train acc: 1.000 | train loss: 0.000 |val acc: 0.669 (0.625, 0.738) | val dp gap: 0.1979
begin calculating influence
[Strategy 5] Acc of expected label: 0.669609375
calculating influence -- done
Use 11683 samples. Get 20636 labels. Ratio: 0.566146540027137
Files already downloaded and verified
3255 originally labeled samples, 8428 new samples, and 151087 unlabeled samples. Total: 162770
 91.66% | time: 692.0s (437.4m) | step:   6993 | train acc: 1.000 | train loss: 0.002 |test acc: 0.670 (0.642, 0.715) | test dp gap: 0.2665
 91.66% | time:   1.4s (437.4m) | step:   6993 | train acc: 1.000 | train loss: 0.002 |val acc: 0.678 (0.660, 0.705) | val dp gap: 0.2076
begin calculating influence
[Strategy 5] Acc of expected label: 0.670625
calculating influence -- done
Use 11939 samples. Get 21114 labels. Ratio: 0.5654542010040732
Files already downloaded and verified
3255 originally labeled samples, 8684 new samples, and 150831 unlabeled samples. Total: 162770
Epoch 11
 94.30% | time: 736.4s (449.7m) | step:   7194 | train acc: 1.000 | train loss: 0.001 |test acc: 0.678 (0.648, 0.725) | test dp gap: 0.2672
 94.30% | time:   1.4s (449.7m) | step:   7194 | train acc: 1.000 | train loss: 0.001 |val acc: 0.667 (0.625, 0.733) | val dp gap: 0.2300
begin calculating influence
[Strategy 5] Acc of expected label: 0.6784375
calculating influence -- done
Use 12195 samples. Get 21643 labels. Ratio: 0.5634616273159914
Files already downloaded and verified
3255 originally labeled samples, 8940 new samples, and 150575 unlabeled samples. Total: 162770
 96.92% | time: 745.9s (462.1m) | step:   7394 | train acc: 0.984 | train loss: 0.019 |test acc: 0.668 (0.617, 0.747) | test dp gap: 0.2556
 96.92% | time:   1.4s (462.2m) | step:   7394 | train acc: 0.984 | train loss: 0.019 |val acc: 0.653 (0.596, 0.744) | val dp gap: 0.2166
begin calculating influence
[Strategy 5] Acc of expected label: 0.6654296875
calculating influence -- done
Use 12451 samples. Get 22131 labels. Ratio: 0.5626044914373504
Files already downloaded and verified
3255 originally labeled samples, 9196 new samples, and 150319 unlabeled samples. Total: 162770
 99.54% | time: 743.2s (474.5m) | step:   7594 | train acc: 1.000 | train loss: 0.001 |test acc: 0.667 (0.620, 0.741) | test dp gap: 0.2582
 99.54% | time:   1.5s (474.6m) | step:   7594 | train acc: 1.000 | train loss: 0.001 |val acc: 0.667 (0.622, 0.740) | val dp gap: 0.2248
begin calculating influence
[Strategy 5] Acc of expected label: 0.6695703125
calculating influence -- done
Use 12707 samples. Get 22546 labels. Ratio: 0.5636032999201632
Files already downloaded and verified
3255 originally labeled samples, 9452 new samples, and 150063 unlabeled samples. Total: 162770
100.00% | time: 675.2s (485.8m) | step:   7629 | train acc: 0.996 | train loss: 0.007 |test acc: 0.670 (0.635, 0.726) | test dp gap: 0.2657
100.00% | time:   1.3s (485.8m) | step:   7629 | train acc: 0.996 | train loss: 0.007 |val acc: 0.669 (0.620, 0.743) | val dp gap: 0.2160
begin calculating influence
[Strategy 5] Acc of expected label: 0.678125
calculating influence -- done
Use 12963 samples. Get 22977 labels. Ratio: 0.5641728685206946
Files already downloaded and verified
3255 originally labeled samples, 9708 new samples, and 149807 unlabeled samples. Total: 162770
