Files already downloaded and verified
3255 originally labeled samples, 0 new samples, and 1281167 unlabeled samples. Total: 1284422
Files already downloaded and verified
1996 originally labeled samples, 0 new samples, and 17966 unlabeled samples. Total: 19962
Numer of layers 200
train net...
train with 162770 samples (with replacement) in one epoch
Epoch 0
  2.62% | time:  95.1s (  1.6m) | step:    200 | train acc: 0.902 | train loss: 0.255 |warm_t acc: 0.709 (0.695, 0.732) | warm_t eop gap: 0.3005
  2.62% | time:   4.6s (  1.7m) | step:    200 | train acc: 0.902 | train loss: 0.255 |warm_v acc: 0.703 (0.696, 0.715) | warm_v eop gap: 0.3424
  5.24% | time:  82.8s (  3.0m) | step:    400 | train acc: 1.000 | train loss: 0.001 |warm_t acc: 0.707 (0.686, 0.741) | warm_t eop gap: 0.2635
  5.24% | time:   1.4s (  3.1m) | step:    400 | train acc: 1.000 | train loss: 0.001 |warm_v acc: 0.686 (0.673, 0.707) | warm_v eop gap: 0.3191
  7.86% | time:  82.3s (  4.4m) | step:    600 | train acc: 1.000 | train loss: 0.000 |warm_t acc: 0.707 (0.686, 0.740) | warm_t eop gap: 0.2617
  7.86% | time:   1.4s (  4.5m) | step:    600 | train acc: 1.000 | train loss: 0.000 |warm_v acc: 0.692 (0.677, 0.716) | warm_v eop gap: 0.3085
  8.32% | time:  21.8s (  4.8m) | step:    635 | train acc: 1.000 | train loss: 0.000 |warm_t acc: 0.707 (0.686, 0.741) | warm_t eop gap: 0.2592
  8.32% | time:   1.3s (  4.8m) | step:    635 | train acc: 1.000 | train loss: 0.000 |warm_v acc: 0.704 (0.687, 0.731) | warm_v eop gap: 0.2694
Epoch 1
 10.95% | time:  82.4s (  6.2m) | step:    835 | train acc: 1.000 | train loss: 0.000 |warm_t acc: 0.707 (0.686, 0.741) | warm_t eop gap: 0.2604
 10.95% | time:   1.5s (  6.2m) | step:    835 | train acc: 1.000 | train loss: 0.000 |warm_v acc: 0.701 (0.688, 0.722) | warm_v eop gap: 0.2812
 13.57% | time:  81.7s (  7.6m) | step:   1035 | train acc: 1.000 | train loss: 0.000 |warm_t acc: 0.707 (0.686, 0.741) | warm_t eop gap: 0.2597
 13.57% | time:   1.4s (  7.6m) | step:   1035 | train acc: 1.000 | train loss: 0.000 |warm_v acc: 0.701 (0.687, 0.721) | warm_v eop gap: 0.2809
 16.19% | time:  80.9s (  9.0m) | step:   1235 | train acc: 1.000 | train loss: 0.000 |warm_t acc: 0.707 (0.686, 0.741) | warm_t eop gap: 0.2590
 16.19% | time:   1.4s (  9.0m) | step:   1235 | train acc: 1.000 | train loss: 0.000 |warm_v acc: 0.699 (0.683, 0.721) | warm_v eop gap: 0.3185
 16.65% | time:  23.6s (  9.4m) | step:   1270 | train acc: 1.000 | train loss: 0.000 |warm_t acc: 0.707 (0.685, 0.741) | warm_t eop gap: 0.2586
 16.65% | time:   1.5s (  9.4m) | step:   1270 | train acc: 1.000 | train loss: 0.000 |warm_v acc: 0.693 (0.684, 0.708) | warm_v eop gap: 0.3348
Epoch 2
 19.28% | time:  75.0s ( 10.7m) | step:   1471 | train acc: 1.000 | train loss: 0.000 |test acc: 0.707 (0.686, 0.741) | test eop gap: 0.2584
 19.28% | time:   1.3s ( 10.7m) | step:   1471 | train acc: 1.000 | train loss: 0.000 |val acc: 0.705 (0.694, 0.722) | val eop gap: 0.3043
begin calculating influence
selected layers: [Traced<ShapedArray(float32[768])>with<DynamicJaxprTrace(level=0/1)>, Traced<ShapedArray(float32[8,8,3,768])>with<DynamicJaxprTrace(level=0/1)>, Traced<ShapedArray(float32[2])>with<DynamicJaxprTrace(level=0/1)>, Traced<ShapedArray(float32[768,2])>with<DynamicJaxprTrace(level=0/1)>]
calculating influence -- done
length of new labels 256
Use 3255+256 = 3511 samples.
Files already downloaded and verified
3255 originally labeled samples, 256 new samples, and 1280911 unlabeled samples. Total: 1284422
 21.90% | time: 781.0s ( 23.7m) | step:   1671 | train acc: 0.992 | train loss: 0.044 |test acc: 0.651 (0.687, 0.593) | test eop gap: 0.1859
 21.90% | time:   1.5s ( 23.7m) | step:   1671 | train acc: 0.992 | train loss: 0.044 |val acc: 0.641 (0.666, 0.602) | val eop gap: 0.2121
begin calculating influence
calculating influence -- done
length of new labels 512
Use 3255+512 = 3767 samples.
Files already downloaded and verified
3255 originally labeled samples, 512 new samples, and 1280655 unlabeled samples. Total: 1284422
 24.52% | time: 820.3s ( 37.4m) | step:   1871 | train acc: 0.941 | train loss: 0.158 |test acc: 0.613 (0.581, 0.664) | test eop gap: 0.1196
 24.52% | time:   1.3s ( 37.4m) | step:   1871 | train acc: 0.941 | train loss: 0.158 |val acc: 0.613 (0.587, 0.652) | val eop gap: 0.1117
begin calculating influence
calculating influence -- done
length of new labels 768
Use 3255+768 = 4023 samples.
Files already downloaded and verified
3255 originally labeled samples, 768 new samples, and 1280399 unlabeled samples. Total: 1284422
 24.98% | time: 705.4s ( 49.2m) | step:   1906 | train acc: 1.000 | train loss: 0.013 |test acc: 0.640 (0.659, 0.609) | test eop gap: 0.1661
 24.98% | time:   1.2s ( 49.2m) | step:   1906 | train acc: 1.000 | train loss: 0.013 |val acc: 0.646 (0.661, 0.621) | val eop gap: 0.1727
begin calculating influence
calculating influence -- done
length of new labels 1024
Use 3255+1024 = 4279 samples.
Files already downloaded and verified
3255 originally labeled samples, 1024 new samples, and 1280143 unlabeled samples. Total: 1284422
Epoch 3
 27.62% | time: 782.7s ( 62.2m) | step:   2107 | train acc: 0.992 | train loss: 0.036 |test acc: 0.639 (0.634, 0.648) | test eop gap: 0.1411
 27.62% | time:   1.3s ( 62.3m) | step:   2107 | train acc: 0.992 | train loss: 0.036 |val acc: 0.615 (0.607, 0.629) | val eop gap: 0.0749
begin calculating influence
calculating influence -- done
length of new labels 1280
Use 3255+1280 = 4535 samples.
Files already downloaded and verified
3255 originally labeled samples, 1280 new samples, and 1279887 unlabeled samples. Total: 1284422
 30.24% | time: 784.1s ( 75.3m) | step:   2307 | train acc: 1.000 | train loss: 0.002 |test acc: 0.663 (0.663, 0.661) | test eop gap: 0.1576
 30.24% | time:   1.2s ( 75.4m) | step:   2307 | train acc: 1.000 | train loss: 0.002 |val acc: 0.639 (0.647, 0.627) | val eop gap: 0.0971
begin calculating influence
calculating influence -- done
length of new labels 1536
Use 3255+1536 = 4791 samples.
Files already downloaded and verified
3255 originally labeled samples, 1536 new samples, and 1279631 unlabeled samples. Total: 1284422
 32.86% | time: 777.1s ( 88.3m) | step:   2507 | train acc: 1.000 | train loss: 0.001 |test acc: 0.657 (0.679, 0.621) | test eop gap: 0.1026
 32.86% | time:   1.5s ( 88.3m) | step:   2507 | train acc: 1.000 | train loss: 0.001 |val acc: 0.661 (0.687, 0.623) | val eop gap: 0.0571
begin calculating influence
calculating influence -- done
length of new labels 1652
Use 3255+1652 = 4907 samples.
Files already downloaded and verified
3255 originally labeled samples, 1652 new samples, and 1279515 unlabeled samples. Total: 1284422
 33.32% | time: 696.1s ( 99.9m) | step:   2542 | train acc: 1.000 | train loss: 0.008 |test acc: 0.660 (0.677, 0.634) | test eop gap: 0.2042
 33.32% | time:   1.4s (100.0m) | step:   2542 | train acc: 1.000 | train loss: 0.008 |val acc: 0.634 (0.655, 0.600) | val eop gap: 0.2066
begin calculating influence
calculating influence -- done
length of new labels 1908
Use 3255+1908 = 5163 samples.
Files already downloaded and verified
3255 originally labeled samples, 1908 new samples, and 1279259 unlabeled samples. Total: 1284422
Epoch 4
 35.95% | time: 774.4s (112.9m) | step:   2743 | train acc: 1.000 | train loss: 0.002 |test acc: 0.613 (0.561, 0.695) | test eop gap: 0.1698
 35.95% | time:   1.1s (112.9m) | step:   2743 | train acc: 1.000 | train loss: 0.002 |val acc: 0.588 (0.543, 0.659) | val eop gap: 0.1575
begin calculating influence
calculating influence -- done
length of new labels 2164
Use 3255+2164 = 5419 samples.
Files already downloaded and verified
3255 originally labeled samples, 2164 new samples, and 1279003 unlabeled samples. Total: 1284422
 38.58% | time: 748.9s (125.4m) | step:   2943 | train acc: 0.996 | train loss: 0.021 |test acc: 0.653 (0.650, 0.658) | test eop gap: 0.2693
 38.58% | time:   1.1s (125.4m) | step:   2943 | train acc: 0.996 | train loss: 0.021 |val acc: 0.617 (0.630, 0.597) | val eop gap: 0.3506
begin calculating influence
calculating influence -- done
length of new labels 2420
Use 3255+2420 = 5675 samples.
Files already downloaded and verified
3255 originally labeled samples, 2420 new samples, and 1278747 unlabeled samples. Total: 1284422
 41.20% | time: 707.6s (137.2m) | step:   3143 | train acc: 1.000 | train loss: 0.001 |test acc: 0.643 (0.618, 0.683) | test eop gap: 0.2823
 41.20% | time:   1.4s (137.2m) | step:   3143 | train acc: 1.000 | train loss: 0.001 |val acc: 0.625 (0.616, 0.639) | val eop gap: 0.2866
begin calculating influence
calculating influence -- done
length of new labels 2676
Use 3255+2676 = 5931 samples.
Files already downloaded and verified
3255 originally labeled samples, 2676 new samples, and 1278491 unlabeled samples. Total: 1284422
 41.66% | time: 646.0s (148.0m) | step:   3178 | train acc: 1.000 | train loss: 0.008 |test acc: 0.630 (0.586, 0.701) | test eop gap: 0.2657
 41.66% | time:   1.4s (148.0m) | step:   3178 | train acc: 1.000 | train loss: 0.008 |val acc: 0.617 (0.589, 0.660) | val eop gap: 0.2768
begin calculating influence
calculating influence -- done
length of new labels 2932
Use 3255+2932 = 6187 samples.
Files already downloaded and verified
3255 originally labeled samples, 2932 new samples, and 1278235 unlabeled samples. Total: 1284422
Epoch 5
 44.29% | time: 746.0s (160.4m) | step:   3379 | train acc: 1.000 | train loss: 0.004 |test acc: 0.661 (0.642, 0.691) | test eop gap: 0.2652
 44.29% | time:   1.4s (160.5m) | step:   3379 | train acc: 1.000 | train loss: 0.004 |val acc: 0.647 (0.651, 0.641) | val eop gap: 0.3126
begin calculating influence
calculating influence -- done
length of new labels 3188
Use 3255+3188 = 6443 samples.
Files already downloaded and verified
3255 originally labeled samples, 3188 new samples, and 1277979 unlabeled samples. Total: 1284422
 46.91% | time: 668.9s (171.6m) | step:   3579 | train acc: 0.996 | train loss: 0.014 |test acc: 0.628 (0.618, 0.644) | test eop gap: 0.1923
 46.91% | time:   1.5s (171.6m) | step:   3579 | train acc: 0.996 | train loss: 0.014 |val acc: 0.609 (0.609, 0.610) | val eop gap: 0.2227
begin calculating influence
calculating influence -- done
length of new labels 3444
Use 3255+3444 = 6699 samples.
Files already downloaded and verified
3255 originally labeled samples, 3444 new samples, and 1277723 unlabeled samples. Total: 1284422
 49.53% | time: 677.1s (182.9m) | step:   3779 | train acc: 1.000 | train loss: 0.002 |test acc: 0.651 (0.652, 0.648) | test eop gap: 0.2413
 49.53% | time:   1.4s (182.9m) | step:   3779 | train acc: 1.000 | train loss: 0.002 |val acc: 0.625 (0.638, 0.604) | val eop gap: 0.2283
begin calculating influence
calculating influence -- done
length of new labels 3700
Use 3255+3700 = 6955 samples.
Files already downloaded and verified
3255 originally labeled samples, 3700 new samples, and 1277467 unlabeled samples. Total: 1284422
 49.99% | time: 671.1s (194.1m) | step:   3814 | train acc: 0.992 | train loss: 0.048 |test acc: 0.630 (0.618, 0.648) | test eop gap: 0.1704
 49.99% | time:   1.5s (194.1m) | step:   3814 | train acc: 0.992 | train loss: 0.048 |val acc: 0.620 (0.620, 0.621) | val eop gap: 0.1549
begin calculating influence
calculating influence -- done
length of new labels 3956
Use 3255+3956 = 7211 samples.
Files already downloaded and verified
3255 originally labeled samples, 3956 new samples, and 1277211 unlabeled samples. Total: 1284422
Epoch 6
 52.62% | time: 769.8s (207.0m) | step:   4014 | train acc: 0.996 | train loss: 0.008 |test acc: 0.647 (0.655, 0.635) | test eop gap: 0.1860
 52.62% | time:   1.6s (207.0m) | step:   4014 | train acc: 0.996 | train loss: 0.008 |val acc: 0.646 (0.649, 0.643) | val eop gap: 0.1097
begin calculating influence
calculating influence -- done
length of new labels 4212
Use 3255+4212 = 7467 samples.
Files already downloaded and verified
3255 originally labeled samples, 4212 new samples, and 1276955 unlabeled samples. Total: 1284422
 55.24% | time: 718.6s (219.0m) | step:   4214 | train acc: 0.996 | train loss: 0.009 |test acc: 0.650 (0.636, 0.673) | test eop gap: 0.2350
 55.24% | time:   1.4s (219.0m) | step:   4214 | train acc: 0.996 | train loss: 0.009 |val acc: 0.622 (0.616, 0.631) | val eop gap: 0.1743
begin calculating influence
calculating influence -- done
length of new labels 4468
Use 3255+4468 = 7723 samples.
Files already downloaded and verified
3255 originally labeled samples, 4468 new samples, and 1276699 unlabeled samples. Total: 1284422
 57.86% | time: 725.0s (231.1m) | step:   4414 | train acc: 1.000 | train loss: 0.003 |test acc: 0.638 (0.625, 0.660) | test eop gap: 0.2268
 57.86% | time:   1.4s (231.1m) | step:   4414 | train acc: 1.000 | train loss: 0.003 |val acc: 0.625 (0.609, 0.649) | val eop gap: 0.1770
begin calculating influence
calculating influence -- done
length of new labels 4724
Use 3255+4724 = 7979 samples.
Files already downloaded and verified
3255 originally labeled samples, 4724 new samples, and 1276443 unlabeled samples. Total: 1284422
 58.32% | time: 662.0s (242.1m) | step:   4449 | train acc: 0.980 | train loss: 0.070 |test acc: 0.620 (0.619, 0.622) | test eop gap: 0.1828
 58.32% | time:   1.4s (242.2m) | step:   4449 | train acc: 0.980 | train loss: 0.070 |val acc: 0.631 (0.628, 0.635) | val eop gap: 0.1371
begin calculating influence
calculating influence -- done
length of new labels 4980
Use 3255+4980 = 8235 samples.
Files already downloaded and verified
3255 originally labeled samples, 4980 new samples, and 1276187 unlabeled samples. Total: 1284422
Epoch 7
 60.95% | time: 768.7s (255.0m) | step:   4650 | train acc: 1.000 | train loss: 0.003 |test acc: 0.647 (0.654, 0.636) | test eop gap: 0.2201
 60.95% | time:   1.3s (255.0m) | step:   4650 | train acc: 1.000 | train loss: 0.003 |val acc: 0.638 (0.639, 0.637) | val eop gap: 0.1535
begin calculating influence
calculating influence -- done
length of new labels 5236
Use 3255+5236 = 8491 samples.
Files already downloaded and verified
3255 originally labeled samples, 5236 new samples, and 1275931 unlabeled samples. Total: 1284422
 63.57% | time: 751.1s (267.5m) | step:   4850 | train acc: 1.000 | train loss: 0.001 |test acc: 0.649 (0.671, 0.615) | test eop gap: 0.2191
 63.57% | time:   1.4s (267.5m) | step:   4850 | train acc: 1.000 | train loss: 0.001 |val acc: 0.638 (0.651, 0.618) | val eop gap: 0.1475
begin calculating influence
calculating influence -- done
length of new labels 5492
Use 3255+5492 = 8747 samples.
Files already downloaded and verified
3255 originally labeled samples, 5492 new samples, and 1275675 unlabeled samples. Total: 1284422
 66.19% | time: 751.6s (280.1m) | step:   5050 | train acc: 1.000 | train loss: 0.003 |test acc: 0.663 (0.656, 0.673) | test eop gap: 0.2586
 66.19% | time:   1.4s (280.1m) | step:   5050 | train acc: 1.000 | train loss: 0.003 |val acc: 0.652 (0.637, 0.675) | val eop gap: 0.2330
begin calculating influence
calculating influence -- done
length of new labels 5748
Use 3255+5748 = 9003 samples.
Files already downloaded and verified
3255 originally labeled samples, 5748 new samples, and 1275419 unlabeled samples. Total: 1284422
 66.65% | time: 684.2s (291.5m) | step:   5085 | train acc: 0.984 | train loss: 0.051 |test acc: 0.648 (0.665, 0.621) | test eop gap: 0.1774
 66.65% | time:   1.4s (291.5m) | step:   5085 | train acc: 0.984 | train loss: 0.051 |val acc: 0.639 (0.633, 0.647) | val eop gap: 0.0725
begin calculating influence
calculating influence -- done
length of new labels 6004
Use 3255+6004 = 9259 samples.
Files already downloaded and verified
3255 originally labeled samples, 6004 new samples, and 1275163 unlabeled samples. Total: 1284422
Epoch 8
 69.29% | time: 783.4s (304.6m) | step:   5286 | train acc: 1.000 | train loss: 0.005 |test acc: 0.665 (0.666, 0.663) | test eop gap: 0.2331
 69.29% | time:   1.5s (304.6m) | step:   5286 | train acc: 1.000 | train loss: 0.005 |val acc: 0.659 (0.655, 0.666) | val eop gap: 0.1826
begin calculating influence
calculating influence -- done
length of new labels 6260
Use 3255+6260 = 9515 samples.
Files already downloaded and verified
3255 originally labeled samples, 6260 new samples, and 1274907 unlabeled samples. Total: 1284422
 71.91% | time: 764.4s (317.3m) | step:   5486 | train acc: 0.996 | train loss: 0.021 |test acc: 0.642 (0.651, 0.628) | test eop gap: 0.1450
 71.91% | time:   1.5s (317.4m) | step:   5486 | train acc: 0.996 | train loss: 0.021 |val acc: 0.648 (0.655, 0.639) | val eop gap: 0.0442
begin calculating influence
calculating influence -- done
length of new labels 6516
Use 3255+6516 = 9771 samples.
Files already downloaded and verified
3255 originally labeled samples, 6516 new samples, and 1274651 unlabeled samples. Total: 1284422
 74.53% | time: 762.7s (330.1m) | step:   5686 | train acc: 1.000 | train loss: 0.000 |test acc: 0.648 (0.644, 0.655) | test eop gap: 0.2017
 74.53% | time:   1.4s (330.1m) | step:   5686 | train acc: 1.000 | train loss: 0.000 |val acc: 0.663 (0.652, 0.681) | val eop gap: 0.1152
begin calculating influence
calculating influence -- done
length of new labels 6772
Use 3255+6772 = 10027 samples.
Files already downloaded and verified
3255 originally labeled samples, 6772 new samples, and 1274395 unlabeled samples. Total: 1284422
 74.99% | time: 690.5s (341.6m) | step:   5721 | train acc: 0.980 | train loss: 0.057 |test acc: 0.660 (0.660, 0.660) | test eop gap: 0.2285
 74.99% | time:   1.3s (341.6m) | step:   5721 | train acc: 0.980 | train loss: 0.057 |val acc: 0.672 (0.660, 0.690) | val eop gap: 0.0895
begin calculating influence
calculating influence -- done
length of new labels 7028
Use 3255+7028 = 10283 samples.
Files already downloaded and verified
3255 originally labeled samples, 7028 new samples, and 1274139 unlabeled samples. Total: 1284422
Epoch 9
 77.62% | time: 788.6s (354.8m) | step:   5922 | train acc: 1.000 | train loss: 0.001 |test acc: 0.654 (0.660, 0.644) | test eop gap: 0.2201
 77.62% | time:   1.3s (354.8m) | step:   5922 | train acc: 1.000 | train loss: 0.001 |val acc: 0.660 (0.660, 0.659) | val eop gap: 0.1486
begin calculating influence
calculating influence -- done
length of new labels 7284
Use 3255+7284 = 10539 samples.
Files already downloaded and verified
3255 originally labeled samples, 7284 new samples, and 1273883 unlabeled samples. Total: 1284422
 80.25% | time: 777.9s (367.8m) | step:   6122 | train acc: 1.000 | train loss: 0.005 |test acc: 0.646 (0.650, 0.640) | test eop gap: 0.1919
 80.25% | time:   1.4s (367.8m) | step:   6122 | train acc: 1.000 | train loss: 0.005 |val acc: 0.635 (0.627, 0.647) | val eop gap: 0.0825
begin calculating influence
calculating influence -- done
length of new labels 7540
Use 3255+7540 = 10795 samples.
Files already downloaded and verified
3255 originally labeled samples, 7540 new samples, and 1273627 unlabeled samples. Total: 1284422
 82.87% | time: 770.0s (380.6m) | step:   6322 | train acc: 1.000 | train loss: 0.000 |test acc: 0.654 (0.654, 0.655) | test eop gap: 0.2217
 82.87% | time:   1.6s (380.6m) | step:   6322 | train acc: 1.000 | train loss: 0.000 |val acc: 0.660 (0.662, 0.656) | val eop gap: 0.1035
begin calculating influence
calculating influence -- done
length of new labels 7796
Use 3255+7796 = 11051 samples.
Files already downloaded and verified
3255 originally labeled samples, 7796 new samples, and 1273371 unlabeled samples. Total: 1284422
 83.33% | time: 645.3s (391.4m) | step:   6357 | train acc: 0.996 | train loss: 0.023 |test acc: 0.657 (0.658, 0.654) | test eop gap: 0.2223
 83.33% | time:   1.4s (391.4m) | step:   6357 | train acc: 0.996 | train loss: 0.023 |val acc: 0.660 (0.655, 0.667) | val eop gap: 0.1450
begin calculating influence
calculating influence -- done
length of new labels 8052
Use 3255+8052 = 11307 samples.
Files already downloaded and verified
3255 originally labeled samples, 8052 new samples, and 1273115 unlabeled samples. Total: 1284422
Epoch 10
 85.96% | time: 797.7s (404.7m) | step:   6558 | train acc: 1.000 | train loss: 0.000 |test acc: 0.653 (0.654, 0.651) | test eop gap: 0.2154
 85.96% | time:   1.3s (404.7m) | step:   6558 | train acc: 1.000 | train loss: 0.000 |val acc: 0.640 (0.639, 0.642) | val eop gap: 0.1765
begin calculating influence
calculating influence -- done
length of new labels 8308
Use 3255+8308 = 11563 samples.
Files already downloaded and verified
3255 originally labeled samples, 8308 new samples, and 1272859 unlabeled samples. Total: 1284422
 88.58% | time: 775.4s (417.7m) | step:   6758 | train acc: 1.000 | train loss: 0.004 |test acc: 0.646 (0.643, 0.651) | test eop gap: 0.1861
 88.58% | time:   1.4s (417.7m) | step:   6758 | train acc: 1.000 | train loss: 0.004 |val acc: 0.626 (0.624, 0.631) | val eop gap: 0.1471
begin calculating influence
calculating influence -- done
length of new labels 8564
Use 3255+8564 = 11819 samples.
Files already downloaded and verified
3255 originally labeled samples, 8564 new samples, and 1272603 unlabeled samples. Total: 1284422
 91.20% | time: 772.8s (430.6m) | step:   6958 | train acc: 0.996 | train loss: 0.004 |test acc: 0.657 (0.660, 0.651) | test eop gap: 0.2078
 91.20% | time:   1.5s (430.6m) | step:   6958 | train acc: 0.996 | train loss: 0.004 |val acc: 0.644 (0.643, 0.646) | val eop gap: 0.2077
begin calculating influence
calculating influence -- done
length of new labels 8820
Use 3255+8820 = 12075 samples.
Files already downloaded and verified
3255 originally labeled samples, 8820 new samples, and 1272347 unlabeled samples. Total: 1284422
 91.66% | time: 658.0s (441.6m) | step:   6993 | train acc: 0.992 | train loss: 0.015 |test acc: 0.650 (0.653, 0.645) | test eop gap: 0.1794
 91.66% | time:   1.4s (441.6m) | step:   6993 | train acc: 0.992 | train loss: 0.015 |val acc: 0.652 (0.646, 0.661) | val eop gap: 0.0379
begin calculating influence
calculating influence -- done
length of new labels 9076
Use 3255+9076 = 12331 samples.
Files already downloaded and verified
3255 originally labeled samples, 9076 new samples, and 1272091 unlabeled samples. Total: 1284422
Epoch 11
 94.30% | time: 793.3s (454.8m) | step:   7194 | train acc: 1.000 | train loss: 0.001 |test acc: 0.650 (0.631, 0.681) | test eop gap: 0.1972
 94.30% | time:   1.4s (454.8m) | step:   7194 | train acc: 1.000 | train loss: 0.001 |val acc: 0.637 (0.616, 0.669) | val eop gap: 0.1433
begin calculating influence
calculating influence -- done
length of new labels 9332
Use 3255+9332 = 12587 samples.
Files already downloaded and verified
3255 originally labeled samples, 9332 new samples, and 1271835 unlabeled samples. Total: 1284422
 96.92% | time: 774.0s (467.7m) | step:   7394 | train acc: 1.000 | train loss: 0.001 |test acc: 0.662 (0.663, 0.661) | test eop gap: 0.2476
 96.92% | time:   1.4s (467.7m) | step:   7394 | train acc: 1.000 | train loss: 0.001 |val acc: 0.645 (0.633, 0.662) | val eop gap: 0.0967
begin calculating influence
calculating influence -- done
length of new labels 9588
Use 3255+9588 = 12843 samples.
Files already downloaded and verified
3255 originally labeled samples, 9588 new samples, and 1271579 unlabeled samples. Total: 1284422
 99.54% | time: 770.2s (480.6m) | step:   7594 | train acc: 1.000 | train loss: 0.004 |test acc: 0.658 (0.662, 0.650) | test eop gap: 0.1897
 99.54% | time:   1.4s (480.6m) | step:   7594 | train acc: 1.000 | train loss: 0.004 |val acc: 0.648 (0.640, 0.660) | val eop gap: 0.0986
begin calculating influence
calculating influence -- done
length of new labels 9844
Use 3255+9844 = 13099 samples.
Files already downloaded and verified
3255 originally labeled samples, 9844 new samples, and 1271323 unlabeled samples. Total: 1284422
100.00% | time: 625.5s (491.0m) | step:   7629 | train acc: 0.992 | train loss: 0.051 |test acc: 0.657 (0.654, 0.660) | test eop gap: 0.1763
100.00% | time:   1.2s (491.1m) | step:   7629 | train acc: 0.992 | train loss: 0.051 |val acc: 0.655 (0.645, 0.672) | val eop gap: 0.1255
begin calculating influence
calculating influence -- done
length of new labels 10100
Use 3255+10100 = 13355 samples.
Files already downloaded and verified
3255 originally labeled samples, 10100 new samples, and 1271067 unlabeled samples. Total: 1284422
