Files already downloaded and verified
3255 originally labeled samples, 0 new samples, and 159515 unlabeled samples. Total: 162770
Files already downloaded and verified
1996 originally labeled samples, 0 new samples, and 17966 unlabeled samples. Total: 19962
Numer of layers 200
train net...
train with 162770 samples (with replacement) in one epoch
Epoch 0
  2.62% | time: 101.9s (  1.7m) | step:    200 | train acc: 0.965 | train loss: 0.100 |warm_t acc: 0.762 (0.850, 0.623) | warm_t dp gap: 0.1929
  2.62% | time:   5.5s (  1.8m) | step:    200 | train acc: 0.965 | train loss: 0.100 |warm_v acc: 0.762 (0.848, 0.617) | warm_v dp gap: 0.2180
  5.24% | time:  80.4s (  3.1m) | step:    400 | train acc: 0.703 | train loss: 0.730 |warm_t acc: 0.641 (0.701, 0.546) | warm_t dp gap: 0.1442
  5.24% | time:   1.4s (  3.2m) | step:    400 | train acc: 0.703 | train loss: 0.730 |warm_v acc: 0.625 (0.704, 0.499) | warm_v dp gap: 0.1794
  7.86% | time:  80.7s (  4.5m) | step:    600 | train acc: 0.832 | train loss: 0.405 |warm_t acc: 0.761 (0.862, 0.601) | warm_t dp gap: 0.2107
  7.86% | time:   1.4s (  4.5m) | step:    600 | train acc: 0.832 | train loss: 0.405 |warm_v acc: 0.755 (0.855, 0.593) | warm_v dp gap: 0.2295
  8.32% | time:  21.7s (  4.9m) | step:    635 | train acc: 0.836 | train loss: 0.358 |warm_t acc: 0.783 (0.881, 0.628) | warm_t dp gap: 0.1472
  8.32% | time:   1.4s (  4.9m) | step:    635 | train acc: 0.836 | train loss: 0.358 |warm_v acc: 0.770 (0.883, 0.600) | warm_v dp gap: 0.1442
Epoch 1
 10.95% | time:  80.4s (  6.2m) | step:    835 | train acc: 0.922 | train loss: 0.192 |warm_t acc: 0.754 (0.845, 0.608) | warm_t dp gap: 0.2476
 10.95% | time:   1.4s (  6.3m) | step:    835 | train acc: 0.922 | train loss: 0.192 |warm_v acc: 0.738 (0.832, 0.589) | warm_v dp gap: 0.2152
 13.57% | time:  79.2s (  7.6m) | step:   1035 | train acc: 1.000 | train loss: 0.003 |warm_t acc: 0.744 (0.832, 0.604) | warm_t dp gap: 0.2332
 13.57% | time:   1.3s (  7.6m) | step:   1035 | train acc: 1.000 | train loss: 0.003 |warm_v acc: 0.744 (0.829, 0.611) | warm_v dp gap: 0.2214
 16.19% | time:  77.8s (  8.9m) | step:   1235 | train acc: 1.000 | train loss: 0.000 |warm_t acc: 0.744 (0.830, 0.606) | warm_t dp gap: 0.2353
 16.19% | time:   1.3s (  8.9m) | step:   1235 | train acc: 1.000 | train loss: 0.000 |warm_v acc: 0.745 (0.829, 0.623) | warm_v dp gap: 0.2441
 16.65% | time:  20.8s (  9.3m) | step:   1270 | train acc: 1.000 | train loss: 0.000 |warm_t acc: 0.744 (0.830, 0.607) | warm_t dp gap: 0.2369
 16.65% | time:   1.5s (  9.3m) | step:   1270 | train acc: 1.000 | train loss: 0.000 |warm_v acc: 0.755 (0.841, 0.618) | warm_v dp gap: 0.2362
Epoch 2
 19.28% | time:  76.6s ( 10.6m) | step:   1471 | train acc: 1.000 | train loss: 0.000 |test acc: 0.744 (0.831, 0.606) | test dp gap: 0.2343
 19.28% | time:   1.2s ( 10.6m) | step:   1471 | train acc: 1.000 | train loss: 0.000 |val acc: 0.753 (0.842, 0.610) | val dp gap: 0.2323
begin calculating influence
selected layers: [Traced<ShapedArray(float32[768])>with<DynamicJaxprTrace(level=0/1)>, Traced<ShapedArray(float32[8,8,3,768])>with<DynamicJaxprTrace(level=0/1)>, Traced<ShapedArray(float32[2])>with<DynamicJaxprTrace(level=0/1)>, Traced<ShapedArray(float32[768,2])>with<DynamicJaxprTrace(level=0/1)>]
[Strategy 2] Acc of expected label: 0.730546875
calculating influence -- done
Use 3511 samples. Get 3636 labels. Ratio: 0.9656215621562156
Files already downloaded and verified
3255 originally labeled samples, 256 new samples, and 159259 unlabeled samples. Total: 162770
 21.90% | time: 767.3s ( 23.4m) | step:   1671 | train acc: 1.000 | train loss: 0.023 |test acc: 0.787 (0.892, 0.621) | test dp gap: 0.0158
 21.90% | time:   1.5s ( 23.4m) | step:   1671 | train acc: 1.000 | train loss: 0.023 |val acc: 0.798 (0.891, 0.642) | val dp gap: 0.0123
begin calculating influence
[Strategy 2] Acc of expected label: 0.765859375
calculating influence -- done
Use 3767 samples. Get 4055 labels. Ratio: 0.928976572133169
Files already downloaded and verified
3255 originally labeled samples, 512 new samples, and 159003 unlabeled samples. Total: 162770
 24.52% | time: 734.5s ( 35.7m) | step:   1871 | train acc: 0.797 | train loss: 0.670 |test acc: 0.787 (0.888, 0.626) | test dp gap: 0.0329
 24.52% | time:   1.5s ( 35.7m) | step:   1871 | train acc: 0.797 | train loss: 0.670 |val acc: 0.796 (0.889, 0.651) | val dp gap: 0.0195
begin calculating influence
[Strategy 2] Acc of expected label: 0.7559375
calculating influence -- done
Use 4023 samples. Get 4490 labels. Ratio: 0.8959910913140312
Files already downloaded and verified
3255 originally labeled samples, 768 new samples, and 158747 unlabeled samples. Total: 162770
 24.98% | time: 673.0s ( 46.9m) | step:   1906 | train acc: 0.707 | train loss: 2.878 |test acc: 0.780 (0.882, 0.617) | test dp gap: 0.0100
 24.98% | time:   1.4s ( 46.9m) | step:   1906 | train acc: 0.707 | train loss: 2.878 |val acc: 0.785 (0.882, 0.632) | val dp gap: 0.0181
begin calculating influence
[Strategy 2] Acc of expected label: 0.7562109375
calculating influence -- done
Use 4279 samples. Get 4817 labels. Ratio: 0.8883122275275067
Files already downloaded and verified
3255 originally labeled samples, 1024 new samples, and 158491 unlabeled samples. Total: 162770
Epoch 3
 27.62% | time: 724.9s ( 59.0m) | step:   2107 | train acc: 0.766 | train loss: 0.783 |test acc: 0.788 (0.895, 0.619) | test dp gap: 0.0013
 27.62% | time:   1.3s ( 59.0m) | step:   2107 | train acc: 0.766 | train loss: 0.783 |val acc: 0.796 (0.898, 0.635) | val dp gap: 0.0000
begin calculating influence
[Strategy 2] Acc of expected label: 0.757421875
calculating influence -- done
Use 4370 samples. Get 4984 labels. Ratio: 0.8768057784911717
Files already downloaded and verified
3255 originally labeled samples, 1115 new samples, and 158400 unlabeled samples. Total: 162770
 30.24% | time: 730.2s ( 71.2m) | step:   2307 | train acc: 1.000 | train loss: 0.088 |test acc: 0.787 (0.891, 0.621) | test dp gap: 0.0112
 30.24% | time:   1.4s ( 71.2m) | step:   2307 | train acc: 1.000 | train loss: 0.088 |val acc: 0.783 (0.885, 0.624) | val dp gap: 0.0057
begin calculating influence
[Strategy 2] Acc of expected label: 0.763046875
calculating influence -- done
Use 4626 samples. Get 5422 labels. Ratio: 0.8531907045370712
Files already downloaded and verified
3255 originally labeled samples, 1371 new samples, and 158144 unlabeled samples. Total: 162770
 32.86% | time: 725.1s ( 83.3m) | step:   2507 | train acc: 0.996 | train loss: 0.051 |test acc: 0.788 (0.895, 0.618) | test dp gap: 0.0000
 32.86% | time:   1.4s ( 83.3m) | step:   2507 | train acc: 0.996 | train loss: 0.051 |val acc: 0.785 (0.881, 0.635) | val dp gap: 0.0000
begin calculating influence
[Strategy 2] Acc of expected label: 0.7614453125
calculating influence -- done
Use 4882 samples. Get 5906 labels. Ratio: 0.8266169996613614
Files already downloaded and verified
3255 originally labeled samples, 1627 new samples, and 157888 unlabeled samples. Total: 162770
 33.32% | time: 666.2s ( 94.4m) | step:   2542 | train acc: 1.000 | train loss: 0.059 |test acc: 0.788 (0.895, 0.618) | test dp gap: 0.0001
 33.32% | time:   1.6s ( 94.4m) | step:   2542 | train acc: 1.000 | train loss: 0.059 |val acc: 0.789 (0.882, 0.639) | val dp gap: 0.0000
begin calculating influence
[Strategy 2] Acc of expected label: 0.7588671875
calculating influence -- done
Use 4896 samples. Get 5960 labels. Ratio: 0.8214765100671141
Files already downloaded and verified
3255 originally labeled samples, 1641 new samples, and 157874 unlabeled samples. Total: 162770
Epoch 4
 35.95% | time: 728.1s (106.6m) | step:   2743 | train acc: 1.000 | train loss: 0.102 |test acc: 0.788 (0.894, 0.620) | test dp gap: 0.0036
 35.95% | time:   1.4s (106.6m) | step:   2743 | train acc: 1.000 | train loss: 0.102 |val acc: 0.784 (0.882, 0.634) | val dp gap: 0.0011
begin calculating influence
[Strategy 2] Acc of expected label: 0.76359375
calculating influence -- done
Use 4921 samples. Get 6015 labels. Ratio: 0.8181213632585204
Files already downloaded and verified
3255 originally labeled samples, 1666 new samples, and 157849 unlabeled samples. Total: 162770
 38.58% | time: 724.1s (118.7m) | step:   2943 | train acc: 0.996 | train loss: 0.038 |test acc: 0.789 (0.894, 0.622) | test dp gap: 0.0102
 38.58% | time:   1.4s (118.7m) | step:   2943 | train acc: 0.996 | train loss: 0.038 |val acc: 0.795 (0.897, 0.637) | val dp gap: 0.0144
begin calculating influence
[Strategy 2] Acc of expected label: 0.765078125
calculating influence -- done
Use 5177 samples. Get 6525 labels. Ratio: 0.7934099616858238
Files already downloaded and verified
3255 originally labeled samples, 1922 new samples, and 157593 unlabeled samples. Total: 162770
 41.20% | time: 724.9s (130.8m) | step:   3143 | train acc: 0.996 | train loss: 0.074 |test acc: 0.767 (0.868, 0.606) | test dp gap: 0.0322
 41.20% | time:   1.4s (130.8m) | step:   3143 | train acc: 0.996 | train loss: 0.074 |val acc: 0.765 (0.864, 0.610) | val dp gap: 0.0308
begin calculating influence
[Strategy 2] Acc of expected label: 0.7492578125
calculating influence -- done
Use 5331 samples. Get 6837 labels. Ratio: 0.7797279508556384
Files already downloaded and verified
3255 originally labeled samples, 2076 new samples, and 157439 unlabeled samples. Total: 162770
 41.66% | time: 668.7s (141.9m) | step:   3178 | train acc: 1.000 | train loss: 0.034 |test acc: 0.779 (0.882, 0.615) | test dp gap: 0.0150
 41.66% | time:   1.4s (142.0m) | step:   3178 | train acc: 1.000 | train loss: 0.034 |val acc: 0.777 (0.872, 0.630) | val dp gap: 0.0071
begin calculating influence
[Strategy 2] Acc of expected label: 0.7573046875
calculating influence -- done
Use 5587 samples. Get 7264 labels. Ratio: 0.769135462555066
Files already downloaded and verified
3255 originally labeled samples, 2332 new samples, and 157183 unlabeled samples. Total: 162770
Epoch 5
 44.29% | time: 728.1s (154.1m) | step:   3379 | train acc: 1.000 | train loss: 0.028 |test acc: 0.778 (0.880, 0.615) | test dp gap: 0.0176
 44.29% | time:   1.3s (154.1m) | step:   3379 | train acc: 1.000 | train loss: 0.028 |val acc: 0.785 (0.886, 0.621) | val dp gap: 0.0214
begin calculating influence
[Strategy 2] Acc of expected label: 0.753671875
calculating influence -- done
Use 5683 samples. Get 7479 labels. Ratio: 0.7598609439764674
Files already downloaded and verified
3255 originally labeled samples, 2428 new samples, and 157087 unlabeled samples. Total: 162770
 46.91% | time: 727.2s (166.2m) | step:   3579 | train acc: 0.973 | train loss: 0.094 |test acc: 0.754 (0.849, 0.602) | test dp gap: 0.0353
 46.91% | time:   1.4s (166.3m) | step:   3579 | train acc: 0.973 | train loss: 0.094 |val acc: 0.755 (0.837, 0.628) | val dp gap: 0.0538
begin calculating influence
[Strategy 2] Acc of expected label: 0.735390625
calculating influence -- done
Use 5939 samples. Get 8050 labels. Ratio: 0.7377639751552795
Files already downloaded and verified
3255 originally labeled samples, 2684 new samples, and 156831 unlabeled samples. Total: 162770
 49.53% | time: 726.9s (178.4m) | step:   3779 | train acc: 0.887 | train loss: 0.291 |test acc: 0.736 (0.819, 0.603) | test dp gap: 0.0318
 49.53% | time:   1.5s (178.4m) | step:   3779 | train acc: 0.887 | train loss: 0.291 |val acc: 0.729 (0.808, 0.605) | val dp gap: 0.0249
begin calculating influence
[Strategy 2] Acc of expected label: 0.7230078125
calculating influence -- done
Use 6195 samples. Get 8595 labels. Ratio: 0.7207678883071553
Files already downloaded and verified
3255 originally labeled samples, 2940 new samples, and 156575 unlabeled samples. Total: 162770
 49.99% | time: 668.3s (189.5m) | step:   3814 | train acc: 0.965 | train loss: 0.115 |test acc: 0.747 (0.838, 0.603) | test dp gap: 0.0610
 49.99% | time:   1.4s (189.6m) | step:   3814 | train acc: 0.965 | train loss: 0.115 |val acc: 0.727 (0.804, 0.612) | val dp gap: 0.0218
begin calculating influence
[Strategy 2] Acc of expected label: 0.7307421875
calculating influence -- done
Use 6451 samples. Get 8991 labels. Ratio: 0.7174952730508286
Files already downloaded and verified
3255 originally labeled samples, 3196 new samples, and 156319 unlabeled samples. Total: 162770
Epoch 6
 52.62% | time: 728.9s (201.7m) | step:   4014 | train acc: 1.000 | train loss: 0.008 |test acc: 0.771 (0.868, 0.616) | test dp gap: 0.0264
 52.62% | time:   1.5s (201.7m) | step:   4014 | train acc: 1.000 | train loss: 0.008 |val acc: 0.767 (0.851, 0.633) | val dp gap: 0.0359
begin calculating influence
[Strategy 2] Acc of expected label: 0.746953125
calculating influence -- done
Use 6551 samples. Get 9267 labels. Ratio: 0.7069170173734758
Files already downloaded and verified
3255 originally labeled samples, 3296 new samples, and 156219 unlabeled samples. Total: 162770
 55.24% | time: 726.5s (213.9m) | step:   4214 | train acc: 1.000 | train loss: 0.002 |test acc: 0.772 (0.871, 0.614) | test dp gap: 0.0346
 55.24% | time:   1.5s (213.9m) | step:   4214 | train acc: 1.000 | train loss: 0.002 |val acc: 0.770 (0.853, 0.641) | val dp gap: 0.0370
begin calculating influence
[Strategy 2] Acc of expected label: 0.7533984375
calculating influence -- done
Use 6691 samples. Get 9651 labels. Ratio: 0.6932960314993265
Files already downloaded and verified
3255 originally labeled samples, 3436 new samples, and 156079 unlabeled samples. Total: 162770
 57.86% | time: 727.7s (226.0m) | step:   4414 | train acc: 1.000 | train loss: 0.000 |test acc: 0.772 (0.870, 0.616) | test dp gap: 0.0408
 57.86% | time:   1.3s (226.0m) | step:   4414 | train acc: 1.000 | train loss: 0.000 |val acc: 0.774 (0.868, 0.627) | val dp gap: 0.0568
begin calculating influence
[Strategy 2] Acc of expected label: 0.7458984375
calculating influence -- done
Use 6812 samples. Get 10057 labels. Ratio: 0.6773391667495277
Files already downloaded and verified
3255 originally labeled samples, 3557 new samples, and 155958 unlabeled samples. Total: 162770
 58.32% | time: 668.5s (237.2m) | step:   4449 | train acc: 1.000 | train loss: 0.001 |test acc: 0.764 (0.859, 0.614) | test dp gap: 0.0402
 58.32% | time:   1.5s (237.2m) | step:   4449 | train acc: 1.000 | train loss: 0.001 |val acc: 0.758 (0.842, 0.619) | val dp gap: 0.0367
begin calculating influence
[Strategy 2] Acc of expected label: 0.7434375
calculating influence -- done
Use 6976 samples. Get 10491 labels. Ratio: 0.6649509103040702
Files already downloaded and verified
3255 originally labeled samples, 3721 new samples, and 155794 unlabeled samples. Total: 162770
Epoch 7
 60.95% | time: 727.7s (249.3m) | step:   4650 | train acc: 1.000 | train loss: 0.004 |test acc: 0.753 (0.840, 0.616) | test dp gap: 0.0443
 60.95% | time:   1.4s (249.3m) | step:   4650 | train acc: 1.000 | train loss: 0.004 |val acc: 0.747 (0.830, 0.620) | val dp gap: 0.0254
begin calculating influence
[Strategy 2] Acc of expected label: 0.7280859375
calculating influence -- done
Use 7232 samples. Get 11290 labels. Ratio: 0.6405668733392382
Files already downloaded and verified
3255 originally labeled samples, 3977 new samples, and 155538 unlabeled samples. Total: 162770
 63.57% | time: 729.2s (261.5m) | step:   4850 | train acc: 0.996 | train loss: 0.006 |test acc: 0.752 (0.838, 0.616) | test dp gap: 0.0380
 63.57% | time:   1.3s (261.5m) | step:   4850 | train acc: 0.996 | train loss: 0.006 |val acc: 0.749 (0.820, 0.639) | val dp gap: 0.0068
begin calculating influence
[Strategy 2] Acc of expected label: 0.735625
calculating influence -- done
Use 7488 samples. Get 12057 labels. Ratio: 0.6210500124409057
Files already downloaded and verified
3255 originally labeled samples, 4233 new samples, and 155282 unlabeled samples. Total: 162770
 66.19% | time: 731.8s (273.7m) | step:   5050 | train acc: 1.000 | train loss: 0.003 |test acc: 0.750 (0.835, 0.616) | test dp gap: 0.0412
 66.19% | time:   1.5s (273.7m) | step:   5050 | train acc: 1.000 | train loss: 0.003 |val acc: 0.740 (0.812, 0.631) | val dp gap: 0.0142
begin calculating influence
[Strategy 2] Acc of expected label: 0.7344921875
calculating influence -- done
Use 7641 samples. Get 12467 labels. Ratio: 0.6128980508542552
Files already downloaded and verified
3255 originally labeled samples, 4386 new samples, and 155129 unlabeled samples. Total: 162770
 66.65% | time: 673.6s (285.0m) | step:   5085 | train acc: 1.000 | train loss: 0.002 |test acc: 0.741 (0.824, 0.611) | test dp gap: 0.0545
 66.65% | time:   1.4s (285.0m) | step:   5085 | train acc: 1.000 | train loss: 0.002 |val acc: 0.738 (0.806, 0.628) | val dp gap: 0.0393
begin calculating influence
[Strategy 2] Acc of expected label: 0.7256640625
calculating influence -- done
Use 7897 samples. Get 13143 labels. Ratio: 0.6008521646503843
Files already downloaded and verified
3255 originally labeled samples, 4642 new samples, and 154873 unlabeled samples. Total: 162770
Epoch 8
 69.29% | time: 732.5s (297.2m) | step:   5286 | train acc: 1.000 | train loss: 0.001 |test acc: 0.750 (0.836, 0.612) | test dp gap: 0.0608
 69.29% | time:   1.6s (297.2m) | step:   5286 | train acc: 1.000 | train loss: 0.001 |val acc: 0.740 (0.807, 0.633) | val dp gap: 0.0460
begin calculating influence
[Strategy 2] Acc of expected label: 0.734296875
calculating influence -- done
Use 8153 samples. Get 13758 labels. Ratio: 0.5926006687018462
Files already downloaded and verified
3255 originally labeled samples, 4898 new samples, and 154617 unlabeled samples. Total: 162770
 71.91% | time: 731.2s (309.4m) | step:   5486 | train acc: 1.000 | train loss: 0.003 |test acc: 0.736 (0.812, 0.616) | test dp gap: 0.0515
 71.91% | time:   1.5s (309.4m) | step:   5486 | train acc: 1.000 | train loss: 0.003 |val acc: 0.731 (0.791, 0.638) | val dp gap: 0.0179
begin calculating influence
[Strategy 2] Acc of expected label: 0.7221875
calculating influence -- done
Use 8409 samples. Get 14139 labels. Ratio: 0.5947379588372587
Files already downloaded and verified
3255 originally labeled samples, 5154 new samples, and 154361 unlabeled samples. Total: 162770
 74.53% | time: 731.5s (321.6m) | step:   5686 | train acc: 0.992 | train loss: 0.014 |test acc: 0.762 (0.850, 0.621) | test dp gap: 0.0575
 74.53% | time:   1.5s (321.7m) | step:   5686 | train acc: 0.992 | train loss: 0.014 |val acc: 0.748 (0.820, 0.636) | val dp gap: 0.0180
begin calculating influence
[Strategy 2] Acc of expected label: 0.7425390625
calculating influence -- done
Use 8665 samples. Get 14892 labels. Ratio: 0.5818560300832661
Files already downloaded and verified
3255 originally labeled samples, 5410 new samples, and 154105 unlabeled samples. Total: 162770
 74.99% | time: 673.3s (332.9m) | step:   5721 | train acc: 0.984 | train loss: 0.051 |test acc: 0.746 (0.822, 0.624) | test dp gap: 0.0538
 74.99% | time:   1.5s (332.9m) | step:   5721 | train acc: 0.984 | train loss: 0.051 |val acc: 0.736 (0.808, 0.618) | val dp gap: 0.0413
begin calculating influence
[Strategy 2] Acc of expected label: 0.733359375
calculating influence -- done
Use 8921 samples. Get 15211 labels. Ratio: 0.5864834659128263
Files already downloaded and verified
3255 originally labeled samples, 5666 new samples, and 153849 unlabeled samples. Total: 162770
Epoch 9
 77.62% | time: 731.6s (345.1m) | step:   5922 | train acc: 1.000 | train loss: 0.000 |test acc: 0.753 (0.838, 0.618) | test dp gap: 0.0697
 77.62% | time:   1.5s (345.1m) | step:   5922 | train acc: 1.000 | train loss: 0.000 |val acc: 0.745 (0.816, 0.636) | val dp gap: 0.0446
begin calculating influence
[Strategy 2] Acc of expected label: 0.738515625
calculating influence -- done
Use 9173 samples. Get 15904 labels. Ratio: 0.576773138832998
Files already downloaded and verified
3255 originally labeled samples, 5918 new samples, and 153597 unlabeled samples. Total: 162770
 80.25% | time: 731.4s (357.3m) | step:   6122 | train acc: 0.996 | train loss: 0.015 |test acc: 0.749 (0.830, 0.620) | test dp gap: 0.0816
 80.25% | time:   1.5s (357.3m) | step:   6122 | train acc: 0.996 | train loss: 0.015 |val acc: 0.742 (0.814, 0.623) | val dp gap: 0.0419
begin calculating influence
[Strategy 2] Acc of expected label: 0.73375
calculating influence -- done
Use 9323 samples. Get 16214 labels. Ratio: 0.5749969162452202
Files already downloaded and verified
3255 originally labeled samples, 6068 new samples, and 153447 unlabeled samples. Total: 162770
 82.87% | time: 729.5s (369.5m) | step:   6322 | train acc: 0.988 | train loss: 0.047 |test acc: 0.745 (0.824, 0.618) | test dp gap: 0.0909
 82.87% | time:   1.4s (369.5m) | step:   6322 | train acc: 0.988 | train loss: 0.047 |val acc: 0.738 (0.808, 0.624) | val dp gap: 0.0457
begin calculating influence
[Strategy 2] Acc of expected label: 0.7308203125
calculating influence -- done
Use 9579 samples. Get 16656 labels. Ratio: 0.5751080691642652
Files already downloaded and verified
3255 originally labeled samples, 6324 new samples, and 153191 unlabeled samples. Total: 162770
 83.33% | time: 671.5s (380.7m) | step:   6357 | train acc: 0.980 | train loss: 0.034 |test acc: 0.733 (0.809, 0.611) | test dp gap: 0.0992
 83.33% | time:   1.4s (380.7m) | step:   6357 | train acc: 0.980 | train loss: 0.034 |val acc: 0.734 (0.794, 0.631) | val dp gap: 0.0592
begin calculating influence
[Strategy 2] Acc of expected label: 0.7137109375
calculating influence -- done
Use 9835 samples. Get 17023 labels. Ratio: 0.5777477530400047
Files already downloaded and verified
3255 originally labeled samples, 6580 new samples, and 152935 unlabeled samples. Total: 162770
Epoch 10
 85.96% | time: 733.0s (392.9m) | step:   6558 | train acc: 1.000 | train loss: 0.001 |test acc: 0.753 (0.834, 0.624) | test dp gap: 0.0939
 85.96% | time:   1.5s (393.0m) | step:   6558 | train acc: 1.000 | train loss: 0.001 |val acc: 0.742 (0.815, 0.630) | val dp gap: 0.0656
begin calculating influence
[Strategy 2] Acc of expected label: 0.735234375
calculating influence -- done
Use 10064 samples. Get 17502 labels. Ratio: 0.5750199977145469
Files already downloaded and verified
3255 originally labeled samples, 6809 new samples, and 152706 unlabeled samples. Total: 162770
 88.58% | time: 732.0s (405.2m) | step:   6758 | train acc: 1.000 | train loss: 0.001 |test acc: 0.753 (0.834, 0.623) | test dp gap: 0.1057
 88.58% | time:   1.4s (405.2m) | step:   6758 | train acc: 1.000 | train loss: 0.001 |val acc: 0.729 (0.804, 0.611) | val dp gap: 0.0618
begin calculating influence
[Strategy 2] Acc of expected label: 0.7440625
calculating influence -- done
Use 10320 samples. Get 17810 labels. Ratio: 0.5794497473329591
Files already downloaded and verified
3255 originally labeled samples, 7065 new samples, and 152450 unlabeled samples. Total: 162770
 91.20% | time: 733.8s (417.4m) | step:   6958 | train acc: 1.000 | train loss: 0.002 |test acc: 0.758 (0.843, 0.622) | test dp gap: 0.0882
 91.20% | time:   1.4s (417.4m) | step:   6958 | train acc: 1.000 | train loss: 0.002 |val acc: 0.758 (0.832, 0.644) | val dp gap: 0.0658
begin calculating influence
[Strategy 2] Acc of expected label: 0.74296875
calculating influence -- done
Use 10576 samples. Get 18488 labels. Ratio: 0.5720467330160104
Files already downloaded and verified
3255 originally labeled samples, 7321 new samples, and 152194 unlabeled samples. Total: 162770
 91.66% | time: 672.6s (428.7m) | step:   6993 | train acc: 0.996 | train loss: 0.012 |test acc: 0.742 (0.820, 0.616) | test dp gap: 0.1230
 91.66% | time:   1.6s (428.7m) | step:   6993 | train acc: 0.996 | train loss: 0.012 |val acc: 0.742 (0.804, 0.645) | val dp gap: 0.0867
begin calculating influence
[Strategy 2] Acc of expected label: 0.7355859375
calculating influence -- done
Use 10832 samples. Get 18795 labels. Ratio: 0.5763234902899708
Files already downloaded and verified
3255 originally labeled samples, 7577 new samples, and 151938 unlabeled samples. Total: 162770
Epoch 11
 94.30% | time: 732.2s (440.9m) | step:   7194 | train acc: 1.000 | train loss: 0.001 |test acc: 0.762 (0.851, 0.621) | test dp gap: 0.0949
 94.30% | time:   1.5s (440.9m) | step:   7194 | train acc: 1.000 | train loss: 0.001 |val acc: 0.768 (0.836, 0.662) | val dp gap: 0.0507
begin calculating influence
[Strategy 2] Acc of expected label: 0.747734375
calculating influence -- done
Use 11009 samples. Get 19239 labels. Ratio: 0.5722230885181142
Files already downloaded and verified
3255 originally labeled samples, 7754 new samples, and 151761 unlabeled samples. Total: 162770
 96.92% | time: 731.6s (453.1m) | step:   7394 | train acc: 1.000 | train loss: 0.001 |test acc: 0.766 (0.852, 0.629) | test dp gap: 0.0959
 96.92% | time:   1.5s (453.1m) | step:   7394 | train acc: 1.000 | train loss: 0.001 |val acc: 0.767 (0.836, 0.655) | val dp gap: 0.0394
begin calculating influence
[Strategy 2] Acc of expected label: 0.7473828125
calculating influence -- done
Use 11265 samples. Get 19927 labels. Ratio: 0.5653133938876901
Files already downloaded and verified
3255 originally labeled samples, 8010 new samples, and 151505 unlabeled samples. Total: 162770
 99.54% | time: 732.6s (465.3m) | step:   7594 | train acc: 0.996 | train loss: 0.005 |test acc: 0.739 (0.817, 0.615) | test dp gap: 0.1153
 99.54% | time:   1.6s (465.4m) | step:   7594 | train acc: 0.996 | train loss: 0.005 |val acc: 0.743 (0.795, 0.659) | val dp gap: 0.0562
begin calculating influence
[Strategy 2] Acc of expected label: 0.72546875
calculating influence -- done
Use 11521 samples. Get 20342 labels. Ratio: 0.5663651558352177
Files already downloaded and verified
3255 originally labeled samples, 8266 new samples, and 151249 unlabeled samples. Total: 162770
100.00% | time: 674.4s (476.6m) | step:   7629 | train acc: 0.988 | train loss: 0.014 |test acc: 0.747 (0.824, 0.623) | test dp gap: 0.1076
100.00% | time:   1.4s (476.6m) | step:   7629 | train acc: 0.988 | train loss: 0.014 |val acc: 0.755 (0.802, 0.681) | val dp gap: 0.0511
begin calculating influence
[Strategy 2] Acc of expected label: 0.7319921875
calculating influence -- done
Use 11777 samples. Get 20744 labels. Ratio: 0.5677304280755882
Files already downloaded and verified
3255 originally labeled samples, 8522 new samples, and 150993 unlabeled samples. Total: 162770
