Files already downloaded and verified
3255 labeled samples and 159515 unlabeled samples. Total: 162770
Files already downloaded and verified
1996 labeled samples and 17966 unlabeled samples. Total: 19962
Numer of layers 200
train net...
train with 162770 samples (with replacement) in one epoch
Epoch 0
  2.62% | time:  94.8s (  1.6m) | step:    200 | train acc: 0.961 | train loss: 0.128 |warm_t acc: 0.753 (0.842, 0.611) | warm_t eop gap: 0.1948
  2.62% | time:   4.8s (  1.7m) | step:    200 | train acc: 0.961 | train loss: 0.128 |warm_v acc: 0.744 (0.836, 0.591) | warm_v eop gap: 0.1776
  5.24% | time:  78.6s (  3.0m) | step:    400 | train acc: 0.770 | train loss: 0.468 |warm_t acc: 0.758 (0.857, 0.600) | warm_t eop gap: 0.2098
  5.24% | time:   1.3s (  3.0m) | step:    400 | train acc: 0.770 | train loss: 0.468 |warm_v acc: 0.753 (0.858, 0.584) | warm_v eop gap: 0.1704
  7.86% | time:  77.5s (  4.3m) | step:    600 | train acc: 0.930 | train loss: 0.184 |warm_t acc: 0.767 (0.863, 0.614) | warm_t eop gap: 0.1980
  7.86% | time:   1.3s (  4.3m) | step:    600 | train acc: 0.930 | train loss: 0.184 |warm_v acc: 0.753 (0.842, 0.610) | warm_v eop gap: 0.0929
  8.32% | time:  18.9s (  4.6m) | step:    635 | train acc: 0.621 | train loss: 0.659 |warm_t acc: 0.788 (0.894, 0.619) | warm_t eop gap: 0.0046
  8.32% | time:   1.2s (  4.6m) | step:    635 | train acc: 0.621 | train loss: 0.659 |warm_v acc: 0.781 (0.895, 0.608) | warm_v eop gap: 0.0042
Epoch 1
 10.95% | time:  78.3s (  5.9m) | step:    835 | train acc: 0.926 | train loss: 0.202 |warm_t acc: 0.728 (0.815, 0.591) | warm_t eop gap: 0.2196
 10.95% | time:   1.3s (  6.0m) | step:    835 | train acc: 0.926 | train loss: 0.202 |warm_v acc: 0.708 (0.792, 0.574) | warm_v eop gap: 0.1390
 13.57% | time:  77.5s (  7.3m) | step:   1035 | train acc: 0.941 | train loss: 0.129 |warm_t acc: 0.724 (0.804, 0.597) | warm_t eop gap: 0.2090
 13.57% | time:   1.5s (  7.3m) | step:   1035 | train acc: 0.941 | train loss: 0.129 |warm_v acc: 0.712 (0.787, 0.594) | warm_v eop gap: 0.1553
 16.19% | time:  76.0s (  8.6m) | step:   1235 | train acc: 1.000 | train loss: 0.001 |warm_t acc: 0.742 (0.831, 0.599) | warm_t eop gap: 0.1844
 16.19% | time:   1.4s (  8.6m) | step:   1235 | train acc: 1.000 | train loss: 0.001 |warm_v acc: 0.737 (0.828, 0.604) | warm_v eop gap: 0.1596
 16.65% | time:  20.4s (  8.9m) | step:   1270 | train acc: 1.000 | train loss: 0.000 |warm_t acc: 0.740 (0.830, 0.598) | warm_t eop gap: 0.1919
 16.65% | time:   1.4s (  8.9m) | step:   1270 | train acc: 1.000 | train loss: 0.000 |warm_v acc: 0.741 (0.829, 0.602) | warm_v eop gap: 0.1307
Epoch 2
 19.28% | time:  76.2s ( 10.2m) | step:   1471 | train acc: 1.000 | train loss: 0.000 |test acc: 0.742 (0.832, 0.599) | test eop gap: 0.1881
 19.28% | time:   1.3s ( 10.2m) | step:   1471 | train acc: 1.000 | train loss: 0.000 |val acc: 0.742 (0.830, 0.600) | val eop gap: 0.1501
begin calculating influence
selected layers: [Traced<ShapedArray(float32[768])>with<DynamicJaxprTrace(level=0/1)>, Traced<ShapedArray(float32[8,8,3,768])>with<DynamicJaxprTrace(level=0/1)>, Traced<ShapedArray(float32[2])>with<DynamicJaxprTrace(level=0/1)>, Traced<ShapedArray(float32[768,2])>with<DynamicJaxprTrace(level=0/1)>]
calculating influence -- done
length of new labels 256
Use 3255+256 = 3511 samples.
Files already downloaded and verified
3511 labeled samples and 159259 unlabeled samples. Total: 162770
 21.90% | time: 740.2s ( 22.6m) | step:   1671 | train acc: 1.000 | train loss: 0.003 |test acc: 0.740 (0.828, 0.602) | test eop gap: 0.1979
 21.90% | time:   1.5s ( 22.6m) | step:   1671 | train acc: 1.000 | train loss: 0.003 |val acc: 0.722 (0.804, 0.595) | val eop gap: 0.1809
begin calculating influence
[Strategy 2] Acc of expected label: 0.73359375
calculating influence -- done
Use 3767 samples. Get 3632 labels. Ratio: 1.037169603524229
Files already downloaded and verified
3767 labeled samples and 159003 unlabeled samples. Total: 162770
 24.52% | time: 725.2s ( 34.7m) | step:   1871 | train acc: 0.996 | train loss: 0.011 |test acc: 0.748 (0.836, 0.607) | test eop gap: 0.2001
 24.52% | time:   1.4s ( 34.7m) | step:   1871 | train acc: 0.996 | train loss: 0.011 |val acc: 0.742 (0.828, 0.608) | val eop gap: 0.1180
begin calculating influence
calculating influence -- done
length of new labels 512
Use 3511+512 = 4023 samples.
Files already downloaded and verified
4023 labeled samples and 158747 unlabeled samples. Total: 162770
 24.98% | time: 673.1s ( 45.9m) | step:   1906 | train acc: 0.992 | train loss: 0.029 |test acc: 0.742 (0.827, 0.605) | test eop gap: 0.1705
 24.98% | time:   1.5s ( 45.9m) | step:   1906 | train acc: 0.992 | train loss: 0.029 |val acc: 0.740 (0.827, 0.600) | val eop gap: 0.1216
begin calculating influence
calculating influence -- done
length of new labels 768
Use 3511+768 = 4279 samples.
Files already downloaded and verified
4279 labeled samples and 158491 unlabeled samples. Total: 162770
Epoch 3
 27.62% | time: 723.7s ( 58.0m) | step:   2107 | train acc: 1.000 | train loss: 0.002 |test acc: 0.757 (0.847, 0.614) | test eop gap: 0.1701
 27.62% | time:   1.4s ( 58.0m) | step:   2107 | train acc: 1.000 | train loss: 0.002 |val acc: 0.749 (0.840, 0.608) | val eop gap: 0.0462
begin calculating influence
calculating influence -- done
length of new labels 1024
Use 3511+1024 = 4535 samples.
Files already downloaded and verified
4535 labeled samples and 158235 unlabeled samples. Total: 162770
 30.24% | time: 726.3s ( 70.1m) | step:   2307 | train acc: 1.000 | train loss: 0.000 |test acc: 0.752 (0.844, 0.608) | test eop gap: 0.1566
 30.24% | time:   1.4s ( 70.2m) | step:   2307 | train acc: 1.000 | train loss: 0.000 |val acc: 0.757 (0.846, 0.616) | val eop gap: 0.1041
begin calculating influence
calculating influence -- done
length of new labels 1280
Use 3511+1280 = 4791 samples.
Files already downloaded and verified
4791 labeled samples and 157979 unlabeled samples. Total: 162770
 32.86% | time: 730.6s ( 82.3m) | step:   2507 | train acc: 1.000 | train loss: 0.003 |test acc: 0.745 (0.836, 0.600) | test eop gap: 0.1795
 32.86% | time:   1.4s ( 82.4m) | step:   2507 | train acc: 1.000 | train loss: 0.003 |val acc: 0.739 (0.836, 0.592) | val eop gap: 0.1052
begin calculating influence
calculating influence -- done
length of new labels 1536
Use 3511+1536 = 5047 samples.
Files already downloaded and verified
5047 labeled samples and 157723 unlabeled samples. Total: 162770
 33.32% | time: 667.3s ( 93.5m) | step:   2542 | train acc: 1.000 | train loss: 0.002 |test acc: 0.753 (0.847, 0.604) | test eop gap: 0.1498
 33.32% | time:   1.4s ( 93.5m) | step:   2542 | train acc: 1.000 | train loss: 0.002 |val acc: 0.748 (0.829, 0.618) | val eop gap: 0.1000
begin calculating influence
calculating influence -- done
length of new labels 1792
Use 3511+1792 = 5303 samples.
Files already downloaded and verified
5303 labeled samples and 157467 unlabeled samples. Total: 162770
Epoch 4
 35.95% | time: 724.4s (105.6m) | step:   2743 | train acc: 1.000 | train loss: 0.001 |test acc: 0.745 (0.840, 0.595) | test eop gap: 0.1441
 35.95% | time:   1.4s (105.6m) | step:   2743 | train acc: 1.000 | train loss: 0.001 |val acc: 0.746 (0.837, 0.606) | val eop gap: 0.1218
begin calculating influence
calculating influence -- done
length of new labels 2048
Use 3511+2048 = 5559 samples.
Files already downloaded and verified
5559 labeled samples and 157211 unlabeled samples. Total: 162770
 38.58% | time: 726.2s (117.7m) | step:   2943 | train acc: 1.000 | train loss: 0.000 |test acc: 0.747 (0.840, 0.598) | test eop gap: 0.1302
 38.58% | time:   1.4s (117.7m) | step:   2943 | train acc: 1.000 | train loss: 0.000 |val acc: 0.756 (0.844, 0.609) | val eop gap: 0.0748
begin calculating influence
calculating influence -- done
length of new labels 2304
Use 3511+2304 = 5815 samples.
Files already downloaded and verified
5815 labeled samples and 156955 unlabeled samples. Total: 162770
 41.20% | time: 725.0s (129.8m) | step:   3143 | train acc: 1.000 | train loss: 0.001 |test acc: 0.737 (0.831, 0.588) | test eop gap: 0.1229
 41.20% | time:   1.4s (129.8m) | step:   3143 | train acc: 1.000 | train loss: 0.001 |val acc: 0.729 (0.816, 0.596) | val eop gap: 0.0748
begin calculating influence
calculating influence -- done
length of new labels 2560
Use 3511+2560 = 6071 samples.
Files already downloaded and verified
6071 labeled samples and 156699 unlabeled samples. Total: 162770
 41.66% | time: 667.2s (140.9m) | step:   3178 | train acc: 1.000 | train loss: 0.006 |test acc: 0.723 (0.814, 0.580) | test eop gap: 0.1318
 41.66% | time:   1.4s (141.0m) | step:   3178 | train acc: 1.000 | train loss: 0.006 |val acc: 0.729 (0.811, 0.598) | val eop gap: 0.1270
begin calculating influence
calculating influence -- done
length of new labels 2816
Use 3511+2816 = 6327 samples.
Files already downloaded and verified
6327 labeled samples and 156443 unlabeled samples. Total: 162770
Epoch 5
 44.29% | time: 725.2s (153.1m) | step:   3379 | train acc: 1.000 | train loss: 0.001 |test acc: 0.736 (0.827, 0.592) | test eop gap: 0.1302
 44.29% | time:   1.3s (153.1m) | step:   3379 | train acc: 1.000 | train loss: 0.001 |val acc: 0.755 (0.840, 0.613) | val eop gap: 0.0604
begin calculating influence
calculating influence -- done
length of new labels 3072
Use 3511+3072 = 6583 samples.
Files already downloaded and verified
6583 labeled samples and 156187 unlabeled samples. Total: 162770
 46.91% | time: 724.6s (165.2m) | step:   3579 | train acc: 1.000 | train loss: 0.001 |test acc: 0.735 (0.827, 0.589) | test eop gap: 0.1294
 46.91% | time:   1.2s (165.2m) | step:   3579 | train acc: 1.000 | train loss: 0.001 |val acc: 0.741 (0.822, 0.612) | val eop gap: 0.1353
begin calculating influence
calculating influence -- done
length of new labels 3328
Use 3511+3328 = 6839 samples.
Files already downloaded and verified
6839 labeled samples and 155931 unlabeled samples. Total: 162770
 49.53% | time: 724.2s (177.2m) | step:   3779 | train acc: 1.000 | train loss: 0.003 |test acc: 0.728 (0.814, 0.591) | test eop gap: 0.1393
 49.53% | time:   1.4s (177.3m) | step:   3779 | train acc: 1.000 | train loss: 0.003 |val acc: 0.746 (0.818, 0.630) | val eop gap: 0.0338
begin calculating influence
calculating influence -- done
length of new labels 3584
Use 3511+3584 = 7095 samples.
Files already downloaded and verified
7095 labeled samples and 155675 unlabeled samples. Total: 162770
 49.99% | time: 666.8s (188.4m) | step:   3814 | train acc: 0.988 | train loss: 0.014 |test acc: 0.742 (0.835, 0.593) | test eop gap: 0.1061
 49.99% | time:   1.4s (188.4m) | step:   3814 | train acc: 0.988 | train loss: 0.014 |val acc: 0.770 (0.851, 0.637) | val eop gap: 0.0289
begin calculating influence
calculating influence -- done
length of new labels 3840
Use 3511+3840 = 7351 samples.
Files already downloaded and verified
7351 labeled samples and 155419 unlabeled samples. Total: 162770
Epoch 6
 52.62% | time: 724.4s (200.5m) | step:   4014 | train acc: 1.000 | train loss: 0.001 |test acc: 0.733 (0.824, 0.588) | test eop gap: 0.1238
 52.62% | time:   1.4s (200.5m) | step:   4014 | train acc: 1.000 | train loss: 0.001 |val acc: 0.734 (0.817, 0.611) | val eop gap: 0.0753
begin calculating influence
calculating influence -- done
length of new labels 4096
Use 3511+4096 = 7607 samples.
Files already downloaded and verified
7607 labeled samples and 155163 unlabeled samples. Total: 162770
 55.24% | time: 724.7s (212.6m) | step:   4214 | train acc: 0.992 | train loss: 0.029 |test acc: 0.745 (0.840, 0.594) | test eop gap: 0.0846
 55.24% | time:   1.4s (212.6m) | step:   4214 | train acc: 0.992 | train loss: 0.029 |val acc: 0.753 (0.843, 0.610) | val eop gap: 0.0171
begin calculating influence
calculating influence -- done
length of new labels 4352
Use 3511+4352 = 7863 samples.
Files already downloaded and verified
7863 labeled samples and 154907 unlabeled samples. Total: 162770
 57.86% | time: 725.2s (224.7m) | step:   4414 | train acc: 1.000 | train loss: 0.001 |test acc: 0.730 (0.822, 0.583) | test eop gap: 0.1070
 57.86% | time:   1.3s (224.7m) | step:   4414 | train acc: 1.000 | train loss: 0.001 |val acc: 0.736 (0.823, 0.602) | val eop gap: 0.0313
begin calculating influence
calculating influence -- done
length of new labels 4608
Use 3511+4608 = 8119 samples.
Files already downloaded and verified
8119 labeled samples and 154651 unlabeled samples. Total: 162770
 58.32% | time: 668.5s (235.9m) | step:   4449 | train acc: 0.996 | train loss: 0.012 |test acc: 0.732 (0.825, 0.585) | test eop gap: 0.0914
 58.32% | time:   1.4s (235.9m) | step:   4449 | train acc: 0.996 | train loss: 0.012 |val acc: 0.752 (0.825, 0.636) | val eop gap: 0.0006
begin calculating influence
calculating influence -- done
length of new labels 4864
Use 3511+4864 = 8375 samples.
Files already downloaded and verified
8375 labeled samples and 154395 unlabeled samples. Total: 162770
Epoch 7
 60.95% | time: 725.9s (248.0m) | step:   4650 | train acc: 1.000 | train loss: 0.004 |test acc: 0.738 (0.829, 0.593) | test eop gap: 0.1030
 60.95% | time:   1.4s (248.0m) | step:   4650 | train acc: 1.000 | train loss: 0.004 |val acc: 0.754 (0.838, 0.627) | val eop gap: 0.0287
begin calculating influence
calculating influence -- done
length of new labels 5120
Use 3511+5120 = 8631 samples.
Files already downloaded and verified
8631 labeled samples and 154139 unlabeled samples. Total: 162770
 63.57% | time: 725.3s (260.1m) | step:   4850 | train acc: 0.996 | train loss: 0.019 |test acc: 0.718 (0.804, 0.583) | test eop gap: 0.0995
 63.57% | time:   1.4s (260.1m) | step:   4850 | train acc: 0.996 | train loss: 0.019 |val acc: 0.735 (0.804, 0.626) | val eop gap: 0.0468
begin calculating influence
calculating influence -- done
length of new labels 5376
Use 3511+5376 = 8887 samples.
Files already downloaded and verified
8887 labeled samples and 153883 unlabeled samples. Total: 162770
 66.19% | time: 725.2s (272.2m) | step:   5050 | train acc: 1.000 | train loss: 0.009 |test acc: 0.734 (0.828, 0.585) | test eop gap: 0.0930
 66.19% | time:   1.5s (272.2m) | step:   5050 | train acc: 1.000 | train loss: 0.009 |val acc: 0.761 (0.833, 0.647) | val eop gap: 0.1055
begin calculating influence
calculating influence -- done
length of new labels 5632
Use 3511+5632 = 9143 samples.
Files already downloaded and verified
9143 labeled samples and 153627 unlabeled samples. Total: 162770
 66.65% | time: 668.5s (283.4m) | step:   5085 | train acc: 0.980 | train loss: 0.079 |test acc: 0.738 (0.832, 0.589) | test eop gap: 0.1082
 66.65% | time:   1.4s (283.4m) | step:   5085 | train acc: 0.980 | train loss: 0.079 |val acc: 0.755 (0.836, 0.625) | val eop gap: 0.0768
begin calculating influence
calculating influence -- done
length of new labels 5888
Use 3511+5888 = 9399 samples.
Files already downloaded and verified
9399 labeled samples and 153371 unlabeled samples. Total: 162770
Epoch 8
 69.29% | time: 724.6s (295.5m) | step:   5286 | train acc: 1.000 | train loss: 0.001 |test acc: 0.738 (0.828, 0.593) | test eop gap: 0.0966
 69.29% | time:   1.4s (295.5m) | step:   5286 | train acc: 1.000 | train loss: 0.001 |val acc: 0.754 (0.839, 0.623) | val eop gap: 0.0520
begin calculating influence
calculating influence -- done
length of new labels 6144
Use 3511+6144 = 9655 samples.
Files already downloaded and verified
9655 labeled samples and 153115 unlabeled samples. Total: 162770
 71.91% | time: 724.1s (307.6m) | step:   5486 | train acc: 0.988 | train loss: 0.037 |test acc: 0.733 (0.819, 0.597) | test eop gap: 0.0958
 71.91% | time:   1.4s (307.6m) | step:   5486 | train acc: 0.988 | train loss: 0.037 |val acc: 0.747 (0.820, 0.631) | val eop gap: 0.0799
begin calculating influence
calculating influence -- done
length of new labels 6400
Use 3511+6400 = 9911 samples.
Files already downloaded and verified
9911 labeled samples and 152859 unlabeled samples. Total: 162770
 74.53% | time: 725.8s (319.7m) | step:   5686 | train acc: 0.996 | train loss: 0.019 |test acc: 0.737 (0.824, 0.598) | test eop gap: 0.0748
 74.53% | time:   1.4s (319.7m) | step:   5686 | train acc: 0.996 | train loss: 0.019 |val acc: 0.760 (0.836, 0.642) | val eop gap: 0.0767
begin calculating influence
calculating influence -- done
length of new labels 6656
Use 3511+6656 = 10167 samples.
Files already downloaded and verified
10167 labeled samples and 152603 unlabeled samples. Total: 162770
 74.99% | time: 669.1s (330.9m) | step:   5721 | train acc: 0.988 | train loss: 0.036 |test acc: 0.693 (0.766, 0.578) | test eop gap: 0.0679
 74.99% | time:   1.4s (330.9m) | step:   5721 | train acc: 0.988 | train loss: 0.036 |val acc: 0.711 (0.787, 0.594) | val eop gap: 0.0541
begin calculating influence
[Strategy 2] Acc of expected label: 0.6899609375
calculating influence -- done
Use 10423 samples. Get 3996 labels. Ratio: 2.6083583583583585
Files already downloaded and verified
10423 labeled samples and 152347 unlabeled samples. Total: 162770
Epoch 9
 77.62% | time: 726.9s (343.0m) | step:   5922 | train acc: 1.000 | train loss: 0.001 |test acc: 0.742 (0.834, 0.594) | test eop gap: 0.0889
 77.62% | time:   1.6s (343.0m) | step:   5922 | train acc: 1.000 | train loss: 0.001 |val acc: 0.749 (0.847, 0.598) | val eop gap: 0.0340
begin calculating influence
calculating influence -- done
length of new labels 6912
Use 3767+6912 = 10679 samples.
Files already downloaded and verified
10679 labeled samples and 152091 unlabeled samples. Total: 162770
 80.25% | time: 724.7s (355.1m) | step:   6122 | train acc: 0.992 | train loss: 0.024 |test acc: 0.724 (0.808, 0.591) | test eop gap: 0.1046
 80.25% | time:   1.5s (355.1m) | step:   6122 | train acc: 0.992 | train loss: 0.024 |val acc: 0.754 (0.834, 0.625) | val eop gap: 0.0507
begin calculating influence
calculating influence -- done
length of new labels 7168
Use 3767+7168 = 10935 samples.
Files already downloaded and verified
10935 labeled samples and 151835 unlabeled samples. Total: 162770
 82.87% | time: 722.1s (367.2m) | step:   6322 | train acc: 0.996 | train loss: 0.013 |test acc: 0.726 (0.812, 0.588) | test eop gap: 0.1110
 82.87% | time:   1.3s (367.2m) | step:   6322 | train acc: 0.996 | train loss: 0.013 |val acc: 0.727 (0.815, 0.591) | val eop gap: 0.0707
begin calculating influence
calculating influence -- done
length of new labels 7424
Use 3767+7424 = 11191 samples.
Files already downloaded and verified
11191 labeled samples and 151579 unlabeled samples. Total: 162770
 83.33% | time: 670.9s (378.4m) | step:   6357 | train acc: 1.000 | train loss: 0.007 |test acc: 0.730 (0.820, 0.588) | test eop gap: 0.1019
 83.33% | time:   1.5s (378.4m) | step:   6357 | train acc: 1.000 | train loss: 0.007 |val acc: 0.747 (0.835, 0.609) | val eop gap: 0.0121
begin calculating influence
calculating influence -- done
length of new labels 7680
Use 3767+7680 = 11447 samples.
Files already downloaded and verified
11447 labeled samples and 151323 unlabeled samples. Total: 162770
Epoch 10
 85.96% | time: 729.2s (390.5m) | step:   6558 | train acc: 1.000 | train loss: 0.002 |test acc: 0.723 (0.811, 0.584) | test eop gap: 0.0971
 85.96% | time:   1.4s (390.6m) | step:   6558 | train acc: 1.000 | train loss: 0.002 |val acc: 0.754 (0.843, 0.611) | val eop gap: 0.0345
begin calculating influence
calculating influence -- done
length of new labels 7936
Use 3767+7936 = 11703 samples.
Files already downloaded and verified
11703 labeled samples and 151067 unlabeled samples. Total: 162770
 88.58% | time: 713.7s (402.5m) | step:   6758 | train acc: 1.000 | train loss: 0.003 |test acc: 0.724 (0.814, 0.582) | test eop gap: 0.0900
 88.58% | time:   1.4s (402.5m) | step:   6758 | train acc: 1.000 | train loss: 0.003 |val acc: 0.730 (0.823, 0.590) | val eop gap: 0.1235
begin calculating influence
calculating influence -- done
length of new labels 8192
Use 3767+8192 = 11959 samples.
Files already downloaded and verified
11959 labeled samples and 150811 unlabeled samples. Total: 162770
 91.20% | time: 732.5s (414.7m) | step:   6958 | train acc: 1.000 | train loss: 0.004 |test acc: 0.725 (0.808, 0.592) | test eop gap: 0.0857
 91.20% | time:   1.3s (414.7m) | step:   6958 | train acc: 1.000 | train loss: 0.004 |val acc: 0.745 (0.820, 0.630) | val eop gap: 0.0489
begin calculating influence
calculating influence -- done
length of new labels 8448
Use 3767+8448 = 12215 samples.
Files already downloaded and verified
12215 labeled samples and 150555 unlabeled samples. Total: 162770
 91.66% | time: 673.0s (425.9m) | step:   6993 | train acc: 0.996 | train loss: 0.012 |test acc: 0.723 (0.808, 0.588) | test eop gap: 0.0849
 91.66% | time:   1.6s (426.0m) | step:   6993 | train acc: 0.996 | train loss: 0.012 |val acc: 0.745 (0.823, 0.625) | val eop gap: 0.0016
begin calculating influence
calculating influence -- done
length of new labels 8704
Use 3767+8704 = 12471 samples.
Files already downloaded and verified
12471 labeled samples and 150299 unlabeled samples. Total: 162770
Epoch 11
 94.30% | time: 729.2s (438.1m) | step:   7194 | train acc: 0.996 | train loss: 0.014 |test acc: 0.721 (0.805, 0.587) | test eop gap: 0.0795
 94.30% | time:   1.2s (438.1m) | step:   7194 | train acc: 0.996 | train loss: 0.014 |val acc: 0.742 (0.811, 0.633) | val eop gap: 0.0396
begin calculating influence
calculating influence -- done
length of new labels 8960
Use 3767+8960 = 12727 samples.
Files already downloaded and verified
12727 labeled samples and 150043 unlabeled samples. Total: 162770
 96.92% | time: 719.3s (450.1m) | step:   7394 | train acc: 0.996 | train loss: 0.014 |test acc: 0.726 (0.810, 0.592) | test eop gap: 0.0999
 96.92% | time:   1.5s (450.1m) | step:   7394 | train acc: 0.996 | train loss: 0.014 |val acc: 0.749 (0.832, 0.620) | val eop gap: 0.0301
begin calculating influence
calculating influence -- done
length of new labels 9216
Use 3767+9216 = 12983 samples.
Files already downloaded and verified
12983 labeled samples and 149787 unlabeled samples. Total: 162770
 99.54% | time: 730.8s (462.3m) | step:   7594 | train acc: 1.000 | train loss: 0.002 |test acc: 0.718 (0.802, 0.585) | test eop gap: 0.1082
 99.54% | time:   1.4s (462.3m) | step:   7594 | train acc: 1.000 | train loss: 0.002 |val acc: 0.752 (0.831, 0.628) | val eop gap: 0.0039
begin calculating influence
calculating influence -- done
length of new labels 9472
Use 3767+9472 = 13239 samples.
Files already downloaded and verified
13239 labeled samples and 149531 unlabeled samples. Total: 162770
100.00% | time: 672.9s (473.6m) | step:   7629 | train acc: 0.996 | train loss: 0.006 |test acc: 0.723 (0.808, 0.586) | test eop gap: 0.0748
100.00% | time:   1.6s (473.6m) | step:   7629 | train acc: 0.996 | train loss: 0.006 |val acc: 0.740 (0.831, 0.591) | val eop gap: 0.0109
begin calculating influence
calculating influence -- done
length of new labels 9728
Use 3767+9728 = 13495 samples.
Files already downloaded and verified
13495 labeled samples and 149275 unlabeled samples. Total: 162770
