Files already downloaded and verified
3255 originally labeled samples, 0 new samples, and 159515 unlabeled samples. Total: 162770
Files already downloaded and verified
1996 originally labeled samples, 0 new samples, and 17966 unlabeled samples. Total: 19962
Numer of layers 200
train net...
train with 162770 samples (with replacement) in one epoch
Epoch 0
  2.62% | time:  90.9s (  1.5m) | step:    200 | train acc: 0.965 | train loss: 0.100 |warm_t acc: 0.762 (0.850, 0.623) | warm_t dp gap: 0.1929
  2.62% | time:   4.8s (  1.6m) | step:    200 | train acc: 0.965 | train loss: 0.100 |warm_v acc: 0.762 (0.848, 0.617) | warm_v dp gap: 0.2180
  5.24% | time:  77.1s (  2.9m) | step:    400 | train acc: 0.703 | train loss: 0.730 |warm_t acc: 0.641 (0.701, 0.546) | warm_t dp gap: 0.1442
  5.24% | time:   1.3s (  2.9m) | step:    400 | train acc: 0.703 | train loss: 0.730 |warm_v acc: 0.625 (0.704, 0.499) | warm_v dp gap: 0.1794
  7.86% | time:  78.5s (  4.2m) | step:    600 | train acc: 0.832 | train loss: 0.405 |warm_t acc: 0.761 (0.862, 0.601) | warm_t dp gap: 0.2107
  7.86% | time:   1.2s (  4.2m) | step:    600 | train acc: 0.832 | train loss: 0.405 |warm_v acc: 0.755 (0.855, 0.593) | warm_v dp gap: 0.2295
  8.32% | time:  18.9s (  4.5m) | step:    635 | train acc: 0.836 | train loss: 0.358 |warm_t acc: 0.783 (0.881, 0.628) | warm_t dp gap: 0.1472
  8.32% | time:   1.2s (  4.6m) | step:    635 | train acc: 0.836 | train loss: 0.358 |warm_v acc: 0.770 (0.883, 0.600) | warm_v dp gap: 0.1442
Epoch 1
 10.95% | time:  78.4s (  5.9m) | step:    835 | train acc: 0.922 | train loss: 0.192 |warm_t acc: 0.754 (0.845, 0.608) | warm_t dp gap: 0.2476
 10.95% | time:   1.2s (  5.9m) | step:    835 | train acc: 0.922 | train loss: 0.192 |warm_v acc: 0.738 (0.832, 0.589) | warm_v dp gap: 0.2152
 13.57% | time:  77.9s (  7.2m) | step:   1035 | train acc: 1.000 | train loss: 0.003 |warm_t acc: 0.744 (0.832, 0.604) | warm_t dp gap: 0.2332
 13.57% | time:   1.2s (  7.2m) | step:   1035 | train acc: 1.000 | train loss: 0.003 |warm_v acc: 0.744 (0.829, 0.611) | warm_v dp gap: 0.2214
 16.19% | time:  77.4s (  8.5m) | step:   1235 | train acc: 1.000 | train loss: 0.000 |warm_t acc: 0.744 (0.830, 0.606) | warm_t dp gap: 0.2353
 16.19% | time:   1.1s (  8.5m) | step:   1235 | train acc: 1.000 | train loss: 0.000 |warm_v acc: 0.745 (0.829, 0.623) | warm_v dp gap: 0.2441
 16.65% | time:  19.8s (  8.8m) | step:   1270 | train acc: 1.000 | train loss: 0.000 |warm_t acc: 0.744 (0.830, 0.607) | warm_t dp gap: 0.2369
 16.65% | time:   1.4s (  8.9m) | step:   1270 | train acc: 1.000 | train loss: 0.000 |warm_v acc: 0.755 (0.841, 0.618) | warm_v dp gap: 0.2362
Epoch 2
 19.28% | time:  75.9s ( 10.1m) | step:   1471 | train acc: 1.000 | train loss: 0.000 |test acc: 0.744 (0.831, 0.606) | test dp gap: 0.2343
 19.28% | time:   1.1s ( 10.2m) | step:   1471 | train acc: 1.000 | train loss: 0.000 |val acc: 0.753 (0.842, 0.610) | val dp gap: 0.2323
begin calculating influence
selected layers: [Traced<ShapedArray(float32[768])>with<DynamicJaxprTrace(level=0/1)>, Traced<ShapedArray(float32[8,8,3,768])>with<DynamicJaxprTrace(level=0/1)>, Traced<ShapedArray(float32[2])>with<DynamicJaxprTrace(level=0/1)>, Traced<ShapedArray(float32[768,2])>with<DynamicJaxprTrace(level=0/1)>]
[Strategy 5] Acc of expected label: 0.730546875
calculating influence -- done
Use 3511 samples. Get 3636 labels. Ratio: 0.9656215621562156
Files already downloaded and verified
3255 originally labeled samples, 256 new samples, and 159259 unlabeled samples. Total: 162770
 21.90% | time: 762.3s ( 22.9m) | step:   1671 | train acc: 1.000 | train loss: 0.000 |test acc: 0.788 (0.895, 0.618) | test dp gap: 0.0001
 21.90% | time:   1.6s ( 22.9m) | step:   1671 | train acc: 1.000 | train loss: 0.000 |val acc: 0.783 (0.882, 0.637) | val dp gap: 0.0011
begin calculating influence
[Strategy 5] Acc of expected label: 0.7648046875
calculating influence -- done
Use 3516 samples. Get 3642 labels. Ratio: 0.9654036243822076
Files already downloaded and verified
3255 originally labeled samples, 261 new samples, and 159254 unlabeled samples. Total: 162770
 24.52% | time: 749.9s ( 35.4m) | step:   1871 | train acc: 1.000 | train loss: 0.020 |test acc: 0.788 (0.895, 0.618) | test dp gap: 0.0019
 24.52% | time:   1.5s ( 35.4m) | step:   1871 | train acc: 1.000 | train loss: 0.020 |val acc: 0.781 (0.885, 0.617) | val dp gap: 0.0034
begin calculating influence
[Strategy 5] Acc of expected label: 0.7622265625
calculating influence -- done
Use 3516 samples. Get 3642 labels. Ratio: 0.9654036243822076
Files already downloaded and verified
3255 originally labeled samples, 261 new samples, and 159254 unlabeled samples. Total: 162770
 24.98% | time: 668.9s ( 46.6m) | step:   1906 | train acc: 1.000 | train loss: 0.000 |test acc: 0.788 (0.895, 0.618) | test dp gap: 0.0001
 24.98% | time:   1.3s ( 46.6m) | step:   1906 | train acc: 1.000 | train loss: 0.000 |val acc: 0.790 (0.887, 0.641) | val dp gap: 0.0000
begin calculating influence
[Strategy 5] Acc of expected label: 0.7617578125
calculating influence -- done
Use 3516 samples. Get 3642 labels. Ratio: 0.9654036243822076
Files already downloaded and verified
3255 originally labeled samples, 261 new samples, and 159254 unlabeled samples. Total: 162770
Epoch 3
 27.62% | time: 742.9s ( 59.0m) | step:   2107 | train acc: 1.000 | train loss: 0.005 |test acc: 0.788 (0.895, 0.618) | test dp gap: 0.0001
 27.62% | time:   1.4s ( 59.0m) | step:   2107 | train acc: 1.000 | train loss: 0.005 |val acc: 0.785 (0.888, 0.629) | val dp gap: 0.0016
begin calculating influence
[Strategy 5] Acc of expected label: 0.7609375
calculating influence -- done
Use 3518 samples. Get 3644 labels. Ratio: 0.9654226125137212
Files already downloaded and verified
3255 originally labeled samples, 263 new samples, and 159252 unlabeled samples. Total: 162770
 30.24% | time: 738.8s ( 71.3m) | step:   2307 | train acc: 1.000 | train loss: 0.001 |test acc: 0.788 (0.895, 0.618) | test dp gap: 0.0000
 30.24% | time:   1.4s ( 71.3m) | step:   2307 | train acc: 1.000 | train loss: 0.001 |val acc: 0.785 (0.882, 0.633) | val dp gap: 0.0000
begin calculating influence
[Strategy 5] Acc of expected label: 0.760859375
calculating influence -- done
Use 3518 samples. Get 3644 labels. Ratio: 0.9654226125137212
Files already downloaded and verified
3255 originally labeled samples, 263 new samples, and 159252 unlabeled samples. Total: 162770
 32.86% | time: 737.8s ( 83.6m) | step:   2507 | train acc: 1.000 | train loss: 0.015 |test acc: 0.783 (0.888, 0.617) | test dp gap: 0.0334
 32.86% | time:   1.4s ( 83.6m) | step:   2507 | train acc: 1.000 | train loss: 0.015 |val acc: 0.789 (0.879, 0.645) | val dp gap: 0.0206
begin calculating influence
[Strategy 5] Acc of expected label: 0.76203125
calculating influence -- done
Use 3518 samples. Get 3644 labels. Ratio: 0.9654226125137212
Files already downloaded and verified
3255 originally labeled samples, 263 new samples, and 159252 unlabeled samples. Total: 162770
 33.32% | time: 669.2s ( 94.8m) | step:   2542 | train acc: 1.000 | train loss: 0.019 |test acc: 0.786 (0.891, 0.619) | test dp gap: 0.0199
 33.32% | time:   1.4s ( 94.8m) | step:   2542 | train acc: 1.000 | train loss: 0.019 |val acc: 0.791 (0.899, 0.625) | val dp gap: 0.0315
begin calculating influence
[Strategy 5] Acc of expected label: 0.7653515625
calculating influence -- done
Use 3518 samples. Get 3644 labels. Ratio: 0.9654226125137212
Files already downloaded and verified
3255 originally labeled samples, 263 new samples, and 159252 unlabeled samples. Total: 162770
Epoch 4
 35.95% | time: 740.4s (107.2m) | step:   2743 | train acc: 1.000 | train loss: 0.010 |test acc: 0.786 (0.892, 0.619) | test dp gap: 0.0228
 35.95% | time:   1.5s (107.2m) | step:   2743 | train acc: 1.000 | train loss: 0.010 |val acc: 0.783 (0.889, 0.624) | val dp gap: 0.0306
begin calculating influence
[Strategy 5] Acc of expected label: 0.7605859375
calculating influence -- done
Use 3522 samples. Get 3648 labels. Ratio: 0.9654605263157895
Files already downloaded and verified
3255 originally labeled samples, 267 new samples, and 159248 unlabeled samples. Total: 162770
 38.58% | time: 740.5s (119.5m) | step:   2943 | train acc: 1.000 | train loss: 0.037 |test acc: 0.780 (0.883, 0.616) | test dp gap: 0.0638
 38.58% | time:   1.4s (119.5m) | step:   2943 | train acc: 1.000 | train loss: 0.037 |val acc: 0.775 (0.873, 0.618) | val dp gap: 0.0757
begin calculating influence
[Strategy 5] Acc of expected label: 0.7565625
calculating influence -- done
Use 3778 samples. Get 4053 labels. Ratio: 0.9321490254132742
Files already downloaded and verified
3255 originally labeled samples, 523 new samples, and 158992 unlabeled samples. Total: 162770
 41.20% | time: 729.4s (131.7m) | step:   3143 | train acc: 1.000 | train loss: 0.041 |test acc: 0.791 (0.894, 0.627) | test dp gap: 0.0212
 41.20% | time:   1.3s (131.7m) | step:   3143 | train acc: 1.000 | train loss: 0.041 |val acc: 0.779 (0.884, 0.613) | val dp gap: 0.0250
begin calculating influence
[Strategy 5] Acc of expected label: 0.768515625
calculating influence -- done
Use 4034 samples. Get 4451 labels. Ratio: 0.9063131880476297
Files already downloaded and verified
3255 originally labeled samples, 779 new samples, and 158736 unlabeled samples. Total: 162770
 41.66% | time: 669.8s (142.9m) | step:   3178 | train acc: 1.000 | train loss: 0.014 |test acc: 0.788 (0.895, 0.619) | test dp gap: 0.0004
 41.66% | time:   1.3s (142.9m) | step:   3178 | train acc: 1.000 | train loss: 0.014 |val acc: 0.793 (0.891, 0.643) | val dp gap: 0.0000
begin calculating influence
[Strategy 5] Acc of expected label: 0.7644140625
calculating influence -- done
Use 4035 samples. Get 4468 labels. Ratio: 0.903088630259624
Files already downloaded and verified
3255 originally labeled samples, 780 new samples, and 158735 unlabeled samples. Total: 162770
Epoch 5
 44.29% | time: 731.5s (155.1m) | step:   3379 | train acc: 1.000 | train loss: 0.030 |test acc: 0.788 (0.895, 0.620) | test dp gap: 0.0014
 44.29% | time:   1.3s (155.1m) | step:   3379 | train acc: 1.000 | train loss: 0.030 |val acc: 0.786 (0.887, 0.629) | val dp gap: 0.0017
begin calculating influence
[Strategy 5] Acc of expected label: 0.7631640625
calculating influence -- done
Use 4040 samples. Get 4476 labels. Ratio: 0.902591599642538
Files already downloaded and verified
3255 originally labeled samples, 785 new samples, and 158730 unlabeled samples. Total: 162770
 46.91% | time: 727.6s (167.2m) | step:   3579 | train acc: 1.000 | train loss: 0.039 |test acc: 0.790 (0.894, 0.624) | test dp gap: 0.0091
 46.91% | time:   1.2s (167.3m) | step:   3579 | train acc: 1.000 | train loss: 0.039 |val acc: 0.772 (0.878, 0.608) | val dp gap: 0.0024
begin calculating influence
[Strategy 5] Acc of expected label: 0.76546875
calculating influence -- done
Use 4043 samples. Get 4486 labels. Ratio: 0.9012483281319661
Files already downloaded and verified
3255 originally labeled samples, 788 new samples, and 158727 unlabeled samples. Total: 162770
 49.53% | time: 724.4s (179.3m) | step:   3779 | train acc: 0.773 | train loss: 0.579 |test acc: 0.790 (0.894, 0.626) | test dp gap: 0.0155
 49.53% | time:   1.4s (179.4m) | step:   3779 | train acc: 0.773 | train loss: 0.579 |val acc: 0.791 (0.886, 0.646) | val dp gap: 0.0116
begin calculating influence
[Strategy 5] Acc of expected label: 0.763046875
calculating influence -- done
Use 4299 samples. Get 4942 labels. Ratio: 0.8698907324969648
Files already downloaded and verified
3255 originally labeled samples, 1044 new samples, and 158471 unlabeled samples. Total: 162770
 49.99% | time: 667.6s (190.5m) | step:   3814 | train acc: 1.000 | train loss: 0.018 |test acc: 0.789 (0.895, 0.622) | test dp gap: 0.0048
 49.99% | time:   1.4s (190.5m) | step:   3814 | train acc: 1.000 | train loss: 0.018 |val acc: 0.790 (0.893, 0.626) | val dp gap: 0.0013
begin calculating influence
[Strategy 5] Acc of expected label: 0.7649609375
calculating influence -- done
Use 4311 samples. Get 4962 labels. Ratio: 0.8688029020556227
Files already downloaded and verified
3255 originally labeled samples, 1056 new samples, and 158459 unlabeled samples. Total: 162770
Epoch 6
 52.62% | time: 719.0s (202.5m) | step:   4014 | train acc: 1.000 | train loss: 0.002 |test acc: 0.788 (0.895, 0.619) | test dp gap: 0.0013
 52.62% | time:   1.4s (202.5m) | step:   4014 | train acc: 1.000 | train loss: 0.002 |val acc: 0.795 (0.891, 0.639) | val dp gap: 0.0000
begin calculating influence
[Strategy 5] Acc of expected label: 0.7603125
calculating influence -- done
Use 4317 samples. Get 4967 labels. Ratio: 0.8691362995772096
Files already downloaded and verified
3255 originally labeled samples, 1062 new samples, and 158453 unlabeled samples. Total: 162770
 55.24% | time: 725.5s (214.6m) | step:   4214 | train acc: 1.000 | train loss: 0.011 |test acc: 0.791 (0.895, 0.625) | test dp gap: 0.0089
 55.24% | time:   1.4s (214.6m) | step:   4214 | train acc: 1.000 | train loss: 0.011 |val acc: 0.784 (0.889, 0.621) | val dp gap: 0.0072
begin calculating influence
[Strategy 5] Acc of expected label: 0.766328125
calculating influence -- done
Use 4377 samples. Get 5061 labels. Ratio: 0.8648488441019562
Files already downloaded and verified
3255 originally labeled samples, 1122 new samples, and 158393 unlabeled samples. Total: 162770
 57.86% | time: 726.1s (226.7m) | step:   4414 | train acc: 1.000 | train loss: 0.001 |test acc: 0.790 (0.894, 0.625) | test dp gap: 0.0082
 57.86% | time:   1.1s (226.8m) | step:   4414 | train acc: 1.000 | train loss: 0.001 |val acc: 0.786 (0.883, 0.631) | val dp gap: 0.0046
begin calculating influence
[Strategy 5] Acc of expected label: 0.766484375
calculating influence -- done
Use 4382 samples. Get 5074 labels. Ratio: 0.8636184469846275
Files already downloaded and verified
3255 originally labeled samples, 1127 new samples, and 158388 unlabeled samples. Total: 162770
 58.32% | time: 663.9s (237.8m) | step:   4449 | train acc: 1.000 | train loss: 0.026 |test acc: 0.790 (0.895, 0.624) | test dp gap: 0.0069
 58.32% | time:   1.4s (237.8m) | step:   4449 | train acc: 1.000 | train loss: 0.026 |val acc: 0.790 (0.887, 0.636) | val dp gap: 0.0023
begin calculating influence
[Strategy 5] Acc of expected label: 0.76125
calculating influence -- done
Use 4383 samples. Get 5077 labels. Ratio: 0.863305101437857
Files already downloaded and verified
3255 originally labeled samples, 1128 new samples, and 158387 unlabeled samples. Total: 162770
Epoch 7
 60.95% | time: 724.4s (249.9m) | step:   4650 | train acc: 1.000 | train loss: 0.010 |test acc: 0.790 (0.894, 0.626) | test dp gap: 0.0114
 60.95% | time:   1.4s (249.9m) | step:   4650 | train acc: 1.000 | train loss: 0.010 |val acc: 0.788 (0.894, 0.629) | val dp gap: 0.0027
begin calculating influence
[Strategy 5] Acc of expected label: 0.7669140625
calculating influence -- done
Use 4390 samples. Get 5091 labels. Ratio: 0.8623060302494598
Files already downloaded and verified
3255 originally labeled samples, 1135 new samples, and 158380 unlabeled samples. Total: 162770
 63.57% | time: 722.7s (262.0m) | step:   4850 | train acc: 1.000 | train loss: 0.020 |test acc: 0.790 (0.895, 0.624) | test dp gap: 0.0079
 63.57% | time:   1.4s (262.0m) | step:   4850 | train acc: 1.000 | train loss: 0.020 |val acc: 0.784 (0.884, 0.633) | val dp gap: 0.0011
begin calculating influence
[Strategy 5] Acc of expected label: 0.7618359375
calculating influence -- done
Use 4646 samples. Get 5521 labels. Ratio: 0.8415142184386887
Files already downloaded and verified
3255 originally labeled samples, 1391 new samples, and 158124 unlabeled samples. Total: 162770
 66.19% | time: 721.4s (274.0m) | step:   5050 | train acc: 1.000 | train loss: 0.009 |test acc: 0.791 (0.894, 0.628) | test dp gap: 0.0166
 66.19% | time:   1.4s (274.1m) | step:   5050 | train acc: 1.000 | train loss: 0.009 |val acc: 0.777 (0.885, 0.603) | val dp gap: 0.0072
begin calculating influence
[Strategy 5] Acc of expected label: 0.7639453125
calculating influence -- done
Use 4790 samples. Get 5766 labels. Ratio: 0.8307318765175165
Files already downloaded and verified
3255 originally labeled samples, 1535 new samples, and 157980 unlabeled samples. Total: 162770
 66.65% | time: 666.7s (285.2m) | step:   5085 | train acc: 1.000 | train loss: 0.011 |test acc: 0.790 (0.895, 0.624) | test dp gap: 0.0102
 66.65% | time:   1.6s (285.2m) | step:   5085 | train acc: 1.000 | train loss: 0.011 |val acc: 0.789 (0.887, 0.631) | val dp gap: 0.0013
begin calculating influence
[Strategy 5] Acc of expected label: 0.76125
calculating influence -- done
Use 4941 samples. Get 6008 labels. Ratio: 0.8224034620505992
Files already downloaded and verified
3255 originally labeled samples, 1686 new samples, and 157829 unlabeled samples. Total: 162770
Epoch 8
 69.29% | time: 724.9s (297.3m) | step:   5286 | train acc: 1.000 | train loss: 0.006 |test acc: 0.791 (0.894, 0.627) | test dp gap: 0.0144
 69.29% | time:   1.3s (297.3m) | step:   5286 | train acc: 1.000 | train loss: 0.006 |val acc: 0.793 (0.895, 0.637) | val dp gap: 0.0028
begin calculating influence
[Strategy 5] Acc of expected label: 0.763515625
calculating influence -- done
Use 4948 samples. Get 6022 labels. Ratio: 0.8216539355695782
Files already downloaded and verified
3255 originally labeled samples, 1693 new samples, and 157822 unlabeled samples. Total: 162770
 71.91% | time: 721.5s (309.3m) | step:   5486 | train acc: 1.000 | train loss: 0.023 |test acc: 0.778 (0.877, 0.622) | test dp gap: 0.0306
 71.91% | time:   1.5s (309.3m) | step:   5486 | train acc: 1.000 | train loss: 0.023 |val acc: 0.771 (0.868, 0.616) | val dp gap: 0.0038
begin calculating influence
[Strategy 5] Acc of expected label: 0.755
calculating influence -- done
Use 5204 samples. Get 6424 labels. Ratio: 0.8100871731008717
Files already downloaded and verified
3255 originally labeled samples, 1949 new samples, and 157566 unlabeled samples. Total: 162770
 74.53% | time: 721.8s (321.4m) | step:   5686 | train acc: 1.000 | train loss: 0.015 |test acc: 0.787 (0.888, 0.628) | test dp gap: 0.0228
 74.53% | time:   1.5s (321.4m) | step:   5686 | train acc: 1.000 | train loss: 0.015 |val acc: 0.793 (0.892, 0.636) | val dp gap: 0.0066
begin calculating influence
[Strategy 5] Acc of expected label: 0.76046875
calculating influence -- done
Use 5460 samples. Get 6831 labels. Ratio: 0.7992973210364515
Files already downloaded and verified
3255 originally labeled samples, 2205 new samples, and 157310 unlabeled samples. Total: 162770
 74.99% | time: 663.4s (332.5m) | step:   5721 | train acc: 1.000 | train loss: 0.019 |test acc: 0.791 (0.894, 0.629) | test dp gap: 0.0179
 74.99% | time:   1.5s (332.5m) | step:   5721 | train acc: 1.000 | train loss: 0.019 |val acc: 0.788 (0.887, 0.630) | val dp gap: 0.0110
begin calculating influence
[Strategy 5] Acc of expected label: 0.7625390625
calculating influence -- done
Use 5716 samples. Get 7327 labels. Ratio: 0.7801282926163505
Files already downloaded and verified
3255 originally labeled samples, 2461 new samples, and 157054 unlabeled samples. Total: 162770
Epoch 9
 77.62% | time: 721.1s (344.5m) | step:   5922 | train acc: 1.000 | train loss: 0.016 |test acc: 0.790 (0.891, 0.629) | test dp gap: 0.0228
 77.62% | time:   1.4s (344.5m) | step:   5922 | train acc: 1.000 | train loss: 0.016 |val acc: 0.790 (0.885, 0.644) | val dp gap: 0.0244
begin calculating influence
[Strategy 5] Acc of expected label: 0.76453125
calculating influence -- done
Use 5772 samples. Get 7445 labels. Ratio: 0.7752854264607119
Files already downloaded and verified
3255 originally labeled samples, 2517 new samples, and 156998 unlabeled samples. Total: 162770
 80.25% | time: 722.4s (356.6m) | step:   6122 | train acc: 1.000 | train loss: 0.049 |test acc: 0.787 (0.889, 0.626) | test dp gap: 0.0219
 80.25% | time:   1.4s (356.6m) | step:   6122 | train acc: 1.000 | train loss: 0.049 |val acc: 0.801 (0.901, 0.636) | val dp gap: 0.0127
begin calculating influence
[Strategy 5] Acc of expected label: 0.765703125
calculating influence -- done
Use 6028 samples. Get 7875 labels. Ratio: 0.7654603174603175
Files already downloaded and verified
3255 originally labeled samples, 2773 new samples, and 156742 unlabeled samples. Total: 162770
 82.87% | time: 720.5s (368.6m) | step:   6322 | train acc: 0.996 | train loss: 0.010 |test acc: 0.791 (0.893, 0.628) | test dp gap: 0.0176
 82.87% | time:   1.4s (368.6m) | step:   6322 | train acc: 0.996 | train loss: 0.010 |val acc: 0.782 (0.885, 0.625) | val dp gap: 0.0122
begin calculating influence
[Strategy 5] Acc of expected label: 0.7597265625
calculating influence -- done
Use 6040 samples. Get 7898 labels. Ratio: 0.7647505697644973
Files already downloaded and verified
3255 originally labeled samples, 2785 new samples, and 156730 unlabeled samples. Total: 162770
 83.33% | time: 657.6s (379.6m) | step:   6357 | train acc: 1.000 | train loss: 0.008 |test acc: 0.791 (0.893, 0.629) | test dp gap: 0.0186
 83.33% | time:   1.4s (379.6m) | step:   6357 | train acc: 1.000 | train loss: 0.008 |val acc: 0.781 (0.887, 0.616) | val dp gap: 0.0060
begin calculating influence
[Strategy 5] Acc of expected label: 0.765546875
calculating influence -- done
Use 6075 samples. Get 7987 labels. Ratio: 0.7606109928634031
Files already downloaded and verified
3255 originally labeled samples, 2820 new samples, and 156695 unlabeled samples. Total: 162770
Epoch 10
 85.96% | time: 714.4s (391.5m) | step:   6558 | train acc: 1.000 | train loss: 0.006 |test acc: 0.789 (0.891, 0.628) | test dp gap: 0.0227
 85.96% | time:   1.4s (391.5m) | step:   6558 | train acc: 1.000 | train loss: 0.006 |val acc: 0.795 (0.898, 0.641) | val dp gap: 0.0217
begin calculating influence
[Strategy 5] Acc of expected label: 0.7623828125
calculating influence -- done
Use 6093 samples. Get 8033 labels. Ratio: 0.7584962031619569
Files already downloaded and verified
3255 originally labeled samples, 2838 new samples, and 156677 unlabeled samples. Total: 162770
 88.58% | time: 720.5s (403.5m) | step:   6758 | train acc: 1.000 | train loss: 0.014 |test acc: 0.788 (0.890, 0.626) | test dp gap: 0.0294
 88.58% | time:   1.4s (403.6m) | step:   6758 | train acc: 1.000 | train loss: 0.014 |val acc: 0.786 (0.886, 0.628) | val dp gap: 0.0242
begin calculating influence
[Strategy 5] Acc of expected label: 0.766015625
calculating influence -- done
Use 6279 samples. Get 8382 labels. Ratio: 0.7491052254831783
Files already downloaded and verified
3255 originally labeled samples, 3024 new samples, and 156491 unlabeled samples. Total: 162770
 91.20% | time: 722.0s (415.6m) | step:   6958 | train acc: 1.000 | train loss: 0.014 |test acc: 0.773 (0.869, 0.620) | test dp gap: 0.0311
 91.20% | time:   1.4s (415.6m) | step:   6958 | train acc: 1.000 | train loss: 0.014 |val acc: 0.785 (0.878, 0.639) | val dp gap: 0.0083
begin calculating influence
[Strategy 5] Acc of expected label: 0.7506640625
calculating influence -- done
Use 6535 samples. Get 8783 labels. Ratio: 0.744051007628373
Files already downloaded and verified
3255 originally labeled samples, 3280 new samples, and 156235 unlabeled samples. Total: 162770
 91.66% | time: 658.5s (426.6m) | step:   6993 | train acc: 0.766 | train loss: 0.722 |test acc: 0.778 (0.875, 0.623) | test dp gap: 0.0329
 91.66% | time:   1.4s (426.6m) | step:   6993 | train acc: 0.766 | train loss: 0.722 |val acc: 0.790 (0.882, 0.639) | val dp gap: 0.0171
begin calculating influence
[Strategy 5] Acc of expected label: 0.74890625
calculating influence -- done
Use 6791 samples. Get 9192 labels. Ratio: 0.7387946040034813
Files already downloaded and verified
3255 originally labeled samples, 3536 new samples, and 155979 unlabeled samples. Total: 162770
Epoch 11
 94.30% | time: 717.4s (438.6m) | step:   7194 | train acc: 1.000 | train loss: 0.016 |test acc: 0.787 (0.886, 0.629) | test dp gap: 0.0252
 94.30% | time:   1.4s (438.6m) | step:   7194 | train acc: 1.000 | train loss: 0.016 |val acc: 0.792 (0.882, 0.649) | val dp gap: 0.0004
begin calculating influence
[Strategy 5] Acc of expected label: 0.7566796875
calculating influence -- done
Use 7047 samples. Get 9648 labels. Ratio: 0.730410447761194
Files already downloaded and verified
3255 originally labeled samples, 3792 new samples, and 155723 unlabeled samples. Total: 162770
 96.92% | time: 719.2s (450.6m) | step:   7394 | train acc: 1.000 | train loss: 0.020 |test acc: 0.778 (0.874, 0.625) | test dp gap: 0.0346
 96.92% | time:   1.5s (450.6m) | step:   7394 | train acc: 1.000 | train loss: 0.020 |val acc: 0.785 (0.883, 0.636) | val dp gap: 0.0222
begin calculating influence
[Strategy 5] Acc of expected label: 0.754765625
calculating influence -- done
Use 7286 samples. Get 10007 labels. Ratio: 0.728090336764265
Files already downloaded and verified
3255 originally labeled samples, 4031 new samples, and 155484 unlabeled samples. Total: 162770
 99.54% | time: 720.5s (462.6m) | step:   7594 | train acc: 0.855 | train loss: 0.724 |test acc: 0.783 (0.880, 0.629) | test dp gap: 0.0350
 99.54% | time:   1.4s (462.6m) | step:   7594 | train acc: 0.855 | train loss: 0.724 |val acc: 0.796 (0.894, 0.642) | val dp gap: 0.0219
begin calculating influence
[Strategy 5] Acc of expected label: 0.758046875
calculating influence -- done
Use 7415 samples. Get 10384 labels. Ratio: 0.7140793528505393
Files already downloaded and verified
3255 originally labeled samples, 4160 new samples, and 155355 unlabeled samples. Total: 162770
100.00% | time: 664.4s (473.7m) | step:   7629 | train acc: 0.844 | train loss: 0.467 |test acc: 0.779 (0.875, 0.627) | test dp gap: 0.0468
100.00% | time:   1.4s (473.7m) | step:   7629 | train acc: 0.844 | train loss: 0.467 |val acc: 0.784 (0.880, 0.636) | val dp gap: 0.0254
begin calculating influence
[Strategy 5] Acc of expected label: 0.753671875
calculating influence -- done
Use 7646 samples. Get 10880 labels. Ratio: 0.7027573529411765
Files already downloaded and verified
3255 originally labeled samples, 4391 new samples, and 155124 unlabeled samples. Total: 162770
