Files already downloaded and verified
3255 labeled samples and 159515 unlabeled samples. Total: 162770
Files already downloaded and verified
1996 labeled samples and 17966 unlabeled samples. Total: 19962
Numer of layers 200
train net...
train with 162770 samples (with replacement) in one epoch
Epoch 0
  2.62% | time:  88.4s (  1.5m) | step:    200 | train acc: 0.965 | train loss: 0.100 |warm_t acc: 0.762 (0.850, 0.623) | warm_t eod gap: 0.1722
  2.62% | time:   4.9s (  1.6m) | step:    200 | train acc: 0.965 | train loss: 0.100 |warm_v acc: 0.762 (0.848, 0.617) | warm_v eod gap: 0.1916
  5.24% | time:  72.9s (  2.8m) | step:    400 | train acc: 0.703 | train loss: 0.730 |warm_t acc: 0.641 (0.701, 0.546) | warm_t eod gap: 0.1311
  5.24% | time:   1.4s (  2.8m) | step:    400 | train acc: 0.703 | train loss: 0.730 |warm_v acc: 0.625 (0.704, 0.499) | warm_v eod gap: 0.1459
  7.86% | time:  76.0s (  4.1m) | step:    600 | train acc: 0.832 | train loss: 0.405 |warm_t acc: 0.761 (0.862, 0.601) | warm_t eod gap: 0.1922
  7.86% | time:   1.6s (  4.1m) | step:    600 | train acc: 0.832 | train loss: 0.405 |warm_v acc: 0.755 (0.855, 0.593) | warm_v eod gap: 0.1955
  8.32% | time:  22.6s (  4.5m) | step:    635 | train acc: 0.836 | train loss: 0.358 |warm_t acc: 0.783 (0.881, 0.628) | warm_t eod gap: 0.1424
  8.32% | time:   1.4s (  4.5m) | step:    635 | train acc: 0.836 | train loss: 0.358 |warm_v acc: 0.770 (0.883, 0.600) | warm_v eod gap: 0.1202
Epoch 1
 10.95% | time:  76.6s (  5.8m) | step:    835 | train acc: 0.922 | train loss: 0.192 |warm_t acc: 0.754 (0.845, 0.608) | warm_t eod gap: 0.2260
 10.95% | time:   1.4s (  5.8m) | step:    835 | train acc: 0.922 | train loss: 0.192 |warm_v acc: 0.738 (0.832, 0.589) | warm_v eod gap: 0.1781
 13.57% | time:  76.7s (  7.1m) | step:   1035 | train acc: 1.000 | train loss: 0.003 |warm_t acc: 0.744 (0.832, 0.604) | warm_t eod gap: 0.2073
 13.57% | time:   1.4s (  7.1m) | step:   1035 | train acc: 1.000 | train loss: 0.003 |warm_v acc: 0.744 (0.829, 0.611) | warm_v eod gap: 0.1960
 16.19% | time:  76.8s (  8.4m) | step:   1235 | train acc: 1.000 | train loss: 0.000 |warm_t acc: 0.744 (0.830, 0.606) | warm_t eod gap: 0.2092
 16.19% | time:   1.4s (  8.4m) | step:   1235 | train acc: 1.000 | train loss: 0.000 |warm_v acc: 0.745 (0.829, 0.623) | warm_v eod gap: 0.2232
 16.65% | time:  22.0s (  8.8m) | step:   1270 | train acc: 1.000 | train loss: 0.000 |warm_t acc: 0.744 (0.830, 0.607) | warm_t eod gap: 0.2114
 16.65% | time:   1.1s (  8.8m) | step:   1270 | train acc: 1.000 | train loss: 0.000 |warm_v acc: 0.755 (0.841, 0.618) | warm_v eod gap: 0.2018
Epoch 2
 19.28% | time:  75.2s ( 10.0m) | step:   1471 | train acc: 1.000 | train loss: 0.000 |test acc: 0.744 (0.831, 0.606) | test eod gap: 0.2081
 19.28% | time:   1.4s ( 10.1m) | step:   1471 | train acc: 1.000 | train loss: 0.000 |val acc: 0.753 (0.842, 0.610) | val eod gap: 0.1882
begin calculating influence
selected layers: [Traced<ShapedArray(float32[768])>with<DynamicJaxprTrace(level=0/1)>, Traced<ShapedArray(float32[8,8,3,768])>with<DynamicJaxprTrace(level=0/1)>, Traced<ShapedArray(float32[2])>with<DynamicJaxprTrace(level=0/1)>, Traced<ShapedArray(float32[768,2])>with<DynamicJaxprTrace(level=0/1)>]
calculating influence -- done
length of new labels 256
Use 3255+256 = 3511 samples.
Files already downloaded and verified
3511 labeled samples and 159259 unlabeled samples. Total: 162770
 21.90% | time: 723.5s ( 22.1m) | step:   1671 | train acc: 0.859 | train loss: 0.326 |test acc: 0.782 (0.879, 0.629) | test eod gap: 0.1278
 21.90% | time:   1.5s ( 22.1m) | step:   1671 | train acc: 0.859 | train loss: 0.326 |val acc: 0.779 (0.880, 0.622) | val eod gap: 0.1474
begin calculating influence
calculating influence -- done
length of new labels 512
Use 3255+512 = 3767 samples.
Files already downloaded and verified
3767 labeled samples and 159003 unlabeled samples. Total: 162770
 24.52% | time: 730.5s ( 34.3m) | step:   1871 | train acc: 0.961 | train loss: 0.101 |test acc: 0.750 (0.839, 0.608) | test eod gap: 0.1677
 24.52% | time:   1.2s ( 34.3m) | step:   1871 | train acc: 0.961 | train loss: 0.101 |val acc: 0.751 (0.845, 0.606) | val eod gap: 0.1130
begin calculating influence
calculating influence -- done
length of new labels 768
Use 3255+768 = 4023 samples.
Files already downloaded and verified
4023 labeled samples and 158747 unlabeled samples. Total: 162770
 24.98% | time: 673.6s ( 45.6m) | step:   1906 | train acc: 0.988 | train loss: 0.057 |test acc: 0.769 (0.863, 0.619) | test eod gap: 0.1410
 24.98% | time:   1.5s ( 45.6m) | step:   1906 | train acc: 0.988 | train loss: 0.057 |val acc: 0.768 (0.853, 0.632) | val eod gap: 0.1107
begin calculating influence
calculating influence -- done
length of new labels 1024
Use 3255+1024 = 4279 samples.
Files already downloaded and verified
4279 labeled samples and 158491 unlabeled samples. Total: 162770
Epoch 3
 27.62% | time: 725.2s ( 57.7m) | step:   2107 | train acc: 0.961 | train loss: 0.091 |test acc: 0.766 (0.862, 0.613) | test eod gap: 0.1434
 27.62% | time:   1.4s ( 57.7m) | step:   2107 | train acc: 0.961 | train loss: 0.091 |val acc: 0.773 (0.866, 0.631) | val eod gap: 0.0976
begin calculating influence
calculating influence -- done
length of new labels 1259
Use 3255+1259 = 4514 samples.
Files already downloaded and verified
4514 labeled samples and 158256 unlabeled samples. Total: 162770
 30.24% | time: 725.1s ( 69.8m) | step:   2307 | train acc: 1.000 | train loss: 0.000 |test acc: 0.765 (0.859, 0.616) | test eod gap: 0.1246
 30.24% | time:   1.4s ( 69.8m) | step:   2307 | train acc: 1.000 | train loss: 0.000 |val acc: 0.774 (0.877, 0.609) | val eod gap: 0.0813
begin calculating influence
calculating influence -- done
length of new labels 1270
Use 3255+1270 = 4525 samples.
Files already downloaded and verified
4525 labeled samples and 158245 unlabeled samples. Total: 162770
 32.86% | time: 716.1s ( 81.7m) | step:   2507 | train acc: 1.000 | train loss: 0.000 |test acc: 0.765 (0.859, 0.616) | test eod gap: 0.1236
 32.86% | time:   1.4s ( 81.8m) | step:   2507 | train acc: 1.000 | train loss: 0.000 |val acc: 0.770 (0.869, 0.615) | val eod gap: 0.0987
begin calculating influence
calculating influence -- done
length of new labels 1297
Use 3255+1297 = 4552 samples.
Files already downloaded and verified
4552 labeled samples and 158218 unlabeled samples. Total: 162770
 33.32% | time: 672.1s ( 93.0m) | step:   2542 | train acc: 1.000 | train loss: 0.000 |test acc: 0.764 (0.853, 0.622) | test eod gap: 0.1162
 33.32% | time:   1.2s ( 93.0m) | step:   2542 | train acc: 1.000 | train loss: 0.000 |val acc: 0.773 (0.868, 0.628) | val eod gap: 0.0857
begin calculating influence
calculating influence -- done
length of new labels 1341
Use 3255+1341 = 4596 samples.
Files already downloaded and verified
4596 labeled samples and 158174 unlabeled samples. Total: 162770
Epoch 4
 35.95% | time: 721.2s (105.0m) | step:   2743 | train acc: 1.000 | train loss: 0.000 |test acc: 0.768 (0.861, 0.620) | test eod gap: 0.1264
 35.95% | time:   1.5s (105.0m) | step:   2743 | train acc: 1.000 | train loss: 0.000 |val acc: 0.759 (0.854, 0.611) | val eod gap: 0.1042
begin calculating influence
calculating influence -- done
length of new labels 1370
Use 3255+1370 = 4625 samples.
Files already downloaded and verified
4625 labeled samples and 158145 unlabeled samples. Total: 162770
 38.58% | time: 725.1s (117.1m) | step:   2943 | train acc: 1.000 | train loss: 0.000 |test acc: 0.767 (0.858, 0.622) | test eod gap: 0.1234
 38.58% | time:   1.4s (117.1m) | step:   2943 | train acc: 1.000 | train loss: 0.000 |val acc: 0.763 (0.860, 0.610) | val eod gap: 0.1283
begin calculating influence
calculating influence -- done
length of new labels 1398
Use 3255+1398 = 4653 samples.
Files already downloaded and verified
4653 labeled samples and 158117 unlabeled samples. Total: 162770
 41.20% | time: 724.8s (129.2m) | step:   3143 | train acc: 1.000 | train loss: 0.000 |test acc: 0.766 (0.857, 0.621) | test eod gap: 0.1231
 41.20% | time:   1.4s (129.2m) | step:   3143 | train acc: 1.000 | train loss: 0.000 |val acc: 0.765 (0.857, 0.617) | val eod gap: 0.0922
begin calculating influence
calculating influence -- done
length of new labels 1425
Use 3255+1425 = 4680 samples.
Files already downloaded and verified
4680 labeled samples and 158090 unlabeled samples. Total: 162770
 41.66% | time: 671.7s (140.4m) | step:   3178 | train acc: 1.000 | train loss: 0.000 |test acc: 0.762 (0.850, 0.622) | test eod gap: 0.1136
 41.66% | time:   1.2s (140.5m) | step:   3178 | train acc: 1.000 | train loss: 0.000 |val acc: 0.762 (0.860, 0.602) | val eod gap: 0.0727
begin calculating influence
calculating influence -- done
length of new labels 1681
Use 3255+1681 = 4936 samples.
Files already downloaded and verified
4936 labeled samples and 157834 unlabeled samples. Total: 162770
Epoch 5
 44.29% | time: 721.6s (152.5m) | step:   3379 | train acc: 1.000 | train loss: 0.000 |test acc: 0.760 (0.848, 0.619) | test eod gap: 0.1214
 44.29% | time:   1.4s (152.5m) | step:   3379 | train acc: 1.000 | train loss: 0.000 |val acc: 0.754 (0.840, 0.620) | val eod gap: 0.0680
begin calculating influence
calculating influence -- done
length of new labels 1730
Use 3255+1730 = 4985 samples.
Files already downloaded and verified
4985 labeled samples and 157785 unlabeled samples. Total: 162770
 46.91% | time: 724.5s (164.6m) | step:   3579 | train acc: 1.000 | train loss: 0.000 |test acc: 0.761 (0.849, 0.621) | test eod gap: 0.1229
 46.91% | time:   1.4s (164.6m) | step:   3579 | train acc: 1.000 | train loss: 0.000 |val acc: 0.750 (0.850, 0.600) | val eod gap: 0.0675
begin calculating influence
calculating influence -- done
length of new labels 1753
Use 3255+1753 = 5008 samples.
Files already downloaded and verified
5008 labeled samples and 157762 unlabeled samples. Total: 162770
 49.53% | time: 724.0s (176.7m) | step:   3779 | train acc: 1.000 | train loss: 0.001 |test acc: 0.760 (0.847, 0.623) | test eod gap: 0.1328
 49.53% | time:   1.5s (176.7m) | step:   3779 | train acc: 1.000 | train loss: 0.001 |val acc: 0.770 (0.853, 0.640) | val eod gap: 0.0589
begin calculating influence
calculating influence -- done
length of new labels 2009
Use 3255+2009 = 5264 samples.
Files already downloaded and verified
5264 labeled samples and 157506 unlabeled samples. Total: 162770
 49.99% | time: 671.5s (187.9m) | step:   3814 | train acc: 0.992 | train loss: 0.043 |test acc: 0.737 (0.821, 0.602) | test eod gap: 0.1183
 49.99% | time:   1.4s (187.9m) | step:   3814 | train acc: 0.992 | train loss: 0.043 |val acc: 0.747 (0.831, 0.616) | val eod gap: 0.0638
begin calculating influence
calculating influence -- done
length of new labels 2265
Use 3255+2265 = 5520 samples.
Files already downloaded and verified
5520 labeled samples and 157250 unlabeled samples. Total: 162770
Epoch 6
 52.62% | time: 720.9s (199.9m) | step:   4014 | train acc: 1.000 | train loss: 0.000 |test acc: 0.757 (0.844, 0.619) | test eod gap: 0.1116
 52.62% | time:   1.4s (200.0m) | step:   4014 | train acc: 1.000 | train loss: 0.000 |val acc: 0.771 (0.849, 0.649) | val eod gap: 0.0427
begin calculating influence
calculating influence -- done
length of new labels 2499
Use 3255+2499 = 5754 samples.
Files already downloaded and verified
5754 labeled samples and 157016 unlabeled samples. Total: 162770
 55.24% | time: 727.1s (212.1m) | step:   4214 | train acc: 1.000 | train loss: 0.000 |test acc: 0.759 (0.848, 0.617) | test eod gap: 0.1197
 55.24% | time:   1.5s (212.1m) | step:   4214 | train acc: 1.000 | train loss: 0.000 |val acc: 0.760 (0.843, 0.635) | val eod gap: 0.0393
begin calculating influence
calculating influence -- done
length of new labels 2678
Use 3255+2678 = 5933 samples.
Files already downloaded and verified
5933 labeled samples and 156837 unlabeled samples. Total: 162770
 57.86% | time: 725.9s (224.2m) | step:   4414 | train acc: 1.000 | train loss: 0.000 |test acc: 0.756 (0.843, 0.618) | test eod gap: 0.1169
 57.86% | time:   1.4s (224.2m) | step:   4414 | train acc: 1.000 | train loss: 0.000 |val acc: 0.758 (0.852, 0.615) | val eod gap: 0.0614
begin calculating influence
calculating influence -- done
length of new labels 2925
Use 3255+2925 = 6180 samples.
Files already downloaded and verified
6180 labeled samples and 156590 unlabeled samples. Total: 162770
 58.32% | time: 671.3s (235.4m) | step:   4449 | train acc: 1.000 | train loss: 0.001 |test acc: 0.744 (0.826, 0.614) | test eod gap: 0.1108
 58.32% | time:   1.3s (235.4m) | step:   4449 | train acc: 1.000 | train loss: 0.001 |val acc: 0.746 (0.815, 0.636) | val eod gap: 0.0345
begin calculating influence
calculating influence -- done
length of new labels 3181
Use 3255+3181 = 6436 samples.
Files already downloaded and verified
6436 labeled samples and 156334 unlabeled samples. Total: 162770
Epoch 7
 60.95% | time: 723.0s (247.5m) | step:   4650 | train acc: 1.000 | train loss: 0.001 |test acc: 0.756 (0.841, 0.620) | test eod gap: 0.1104
 60.95% | time:   1.5s (247.5m) | step:   4650 | train acc: 1.000 | train loss: 0.001 |val acc: 0.765 (0.853, 0.628) | val eod gap: 0.0642
begin calculating influence
calculating influence -- done
length of new labels 3331
Use 3255+3331 = 6586 samples.
Files already downloaded and verified
6586 labeled samples and 156184 unlabeled samples. Total: 162770
 63.57% | time: 725.8s (259.6m) | step:   4850 | train acc: 0.984 | train loss: 0.045 |test acc: 0.753 (0.837, 0.619) | test eod gap: 0.1101
 63.57% | time:   1.4s (259.6m) | step:   4850 | train acc: 0.984 | train loss: 0.045 |val acc: 0.751 (0.829, 0.632) | val eod gap: 0.0555
begin calculating influence
calculating influence -- done
length of new labels 3587
Use 3255+3587 = 6842 samples.
Files already downloaded and verified
6842 labeled samples and 155928 unlabeled samples. Total: 162770
 66.19% | time: 724.8s (271.7m) | step:   5050 | train acc: 1.000 | train loss: 0.000 |test acc: 0.753 (0.837, 0.620) | test eod gap: 0.1095
 66.19% | time:   1.4s (271.7m) | step:   5050 | train acc: 1.000 | train loss: 0.000 |val acc: 0.759 (0.841, 0.634) | val eod gap: 0.0767
begin calculating influence
calculating influence -- done
length of new labels 3843
Use 3255+3843 = 7098 samples.
Files already downloaded and verified
7098 labeled samples and 155672 unlabeled samples. Total: 162770
 66.65% | time: 671.3s (282.9m) | step:   5085 | train acc: 1.000 | train loss: 0.002 |test acc: 0.739 (0.818, 0.615) | test eod gap: 0.1203
 66.65% | time:   1.2s (282.9m) | step:   5085 | train acc: 1.000 | train loss: 0.002 |val acc: 0.748 (0.820, 0.638) | val eod gap: 0.0870
begin calculating influence
calculating influence -- done
length of new labels 4099
Use 3255+4099 = 7354 samples.
Files already downloaded and verified
7354 labeled samples and 155416 unlabeled samples. Total: 162770
Epoch 8
 69.29% | time: 723.7s (295.0m) | step:   5286 | train acc: 1.000 | train loss: 0.005 |test acc: 0.741 (0.823, 0.612) | test eod gap: 0.1250
 69.29% | time:   1.4s (295.0m) | step:   5286 | train acc: 1.000 | train loss: 0.005 |val acc: 0.760 (0.834, 0.638) | val eod gap: 0.0742
begin calculating influence
calculating influence -- done
length of new labels 4355
Use 3255+4355 = 7610 samples.
Files already downloaded and verified
7610 labeled samples and 155160 unlabeled samples. Total: 162770
 71.91% | time: 726.1s (307.1m) | step:   5486 | train acc: 1.000 | train loss: 0.001 |test acc: 0.755 (0.841, 0.617) | test eod gap: 0.0941
 71.91% | time:   1.5s (307.1m) | step:   5486 | train acc: 1.000 | train loss: 0.001 |val acc: 0.750 (0.839, 0.609) | val eod gap: 0.0563
begin calculating influence
calculating influence -- done
length of new labels 4611
Use 3255+4611 = 7866 samples.
Files already downloaded and verified
7866 labeled samples and 154904 unlabeled samples. Total: 162770
 74.53% | time: 724.6s (319.2m) | step:   5686 | train acc: 0.992 | train loss: 0.033 |test acc: 0.751 (0.836, 0.616) | test eod gap: 0.1017
 74.53% | time:   1.5s (319.2m) | step:   5686 | train acc: 0.992 | train loss: 0.033 |val acc: 0.766 (0.841, 0.652) | val eod gap: 0.0377
begin calculating influence
calculating influence -- done
length of new labels 4853
Use 3255+4853 = 8108 samples.
Files already downloaded and verified
8108 labeled samples and 154662 unlabeled samples. Total: 162770
 74.99% | time: 671.2s (330.4m) | step:   5721 | train acc: 0.992 | train loss: 0.021 |test acc: 0.747 (0.827, 0.622) | test eod gap: 0.0956
 74.99% | time:   1.3s (330.5m) | step:   5721 | train acc: 0.992 | train loss: 0.021 |val acc: 0.756 (0.828, 0.639) | val eod gap: 0.0502
begin calculating influence
calculating influence -- done
length of new labels 5109
Use 3255+5109 = 8364 samples.
Files already downloaded and verified
8364 labeled samples and 154406 unlabeled samples. Total: 162770
Epoch 9
 77.62% | time: 725.3s (342.5m) | step:   5922 | train acc: 1.000 | train loss: 0.003 |test acc: 0.753 (0.835, 0.624) | test eod gap: 0.0872
 77.62% | time:   1.4s (342.6m) | step:   5922 | train acc: 1.000 | train loss: 0.003 |val acc: 0.768 (0.837, 0.655) | val eod gap: 0.0591
begin calculating influence
calculating influence -- done
length of new labels 5283
Use 3255+5283 = 8538 samples.
Files already downloaded and verified
8538 labeled samples and 154232 unlabeled samples. Total: 162770
 80.25% | time: 725.6s (354.7m) | step:   6122 | train acc: 0.992 | train loss: 0.028 |test acc: 0.740 (0.818, 0.616) | test eod gap: 0.1037
 80.25% | time:   1.5s (354.7m) | step:   6122 | train acc: 0.992 | train loss: 0.028 |val acc: 0.747 (0.828, 0.622) | val eod gap: 0.0855
begin calculating influence
calculating influence -- done
length of new labels 5539
Use 3255+5539 = 8794 samples.
Files already downloaded and verified
8794 labeled samples and 153976 unlabeled samples. Total: 162770
 82.87% | time: 725.1s (366.8m) | step:   6322 | train acc: 1.000 | train loss: 0.001 |test acc: 0.743 (0.822, 0.617) | test eod gap: 0.0963
 82.87% | time:   1.4s (366.8m) | step:   6322 | train acc: 1.000 | train loss: 0.001 |val acc: 0.763 (0.834, 0.650) | val eod gap: 0.0443
begin calculating influence
calculating influence -- done
length of new labels 5795
Use 3255+5795 = 9050 samples.
Files already downloaded and verified
9050 labeled samples and 153720 unlabeled samples. Total: 162770
 83.33% | time: 674.2s (378.0m) | step:   6357 | train acc: 0.996 | train loss: 0.009 |test acc: 0.727 (0.799, 0.613) | test eod gap: 0.1072
 83.33% | time:   1.5s (378.1m) | step:   6357 | train acc: 0.996 | train loss: 0.009 |val acc: 0.737 (0.804, 0.633) | val eod gap: 0.1055
begin calculating influence
calculating influence -- done
length of new labels 6051
Use 3255+6051 = 9306 samples.
Files already downloaded and verified
9306 labeled samples and 153464 unlabeled samples. Total: 162770
Epoch 10
 85.96% | time: 720.7s (390.1m) | step:   6558 | train acc: 1.000 | train loss: 0.001 |test acc: 0.740 (0.818, 0.616) | test eod gap: 0.1043
 85.96% | time:   1.4s (390.1m) | step:   6558 | train acc: 1.000 | train loss: 0.001 |val acc: 0.749 (0.825, 0.634) | val eod gap: 0.0875
begin calculating influence
calculating influence -- done
length of new labels 6307
Use 3255+6307 = 9562 samples.
Files already downloaded and verified
9562 labeled samples and 153208 unlabeled samples. Total: 162770
 88.58% | time: 731.1s (402.3m) | step:   6758 | train acc: 0.996 | train loss: 0.009 |test acc: 0.724 (0.798, 0.606) | test eod gap: 0.1060
 88.58% | time:   1.5s (402.3m) | step:   6758 | train acc: 0.996 | train loss: 0.009 |val acc: 0.732 (0.793, 0.633) | val eod gap: 0.0818
begin calculating influence
[Strategy 2] Acc of expected label: 0.7198828125
calculating influence -- done
Use 9818 samples. Get 3614 labels. Ratio: 2.7166574432761483
Files already downloaded and verified
9818 labeled samples and 152952 unlabeled samples. Total: 162770
 91.20% | time: 724.8s (414.4m) | step:   6958 | train acc: 0.992 | train loss: 0.029 |test acc: 0.748 (0.827, 0.623) | test eod gap: 0.0911
 91.20% | time:   1.6s (414.4m) | step:   6958 | train acc: 0.992 | train loss: 0.029 |val acc: 0.749 (0.831, 0.619) | val eod gap: 0.0668
begin calculating influence
calculating influence -- done
length of new labels 6563
Use 3511+6563 = 10074 samples.
Files already downloaded and verified
10074 labeled samples and 152696 unlabeled samples. Total: 162770
 91.66% | time: 671.9s (425.6m) | step:   6993 | train acc: 0.992 | train loss: 0.027 |test acc: 0.736 (0.813, 0.614) | test eod gap: 0.1108
 91.66% | time:   1.3s (425.6m) | step:   6993 | train acc: 0.992 | train loss: 0.027 |val acc: 0.757 (0.815, 0.663) | val eod gap: 0.0898
begin calculating influence
calculating influence -- done
length of new labels 6819
Use 3511+6819 = 10330 samples.
Files already downloaded and verified
10330 labeled samples and 152440 unlabeled samples. Total: 162770
Epoch 11
 94.30% | time: 721.9s (437.7m) | step:   7194 | train acc: 0.996 | train loss: 0.007 |test acc: 0.726 (0.795, 0.616) | test eod gap: 0.0948
 94.30% | time:   1.5s (437.7m) | step:   7194 | train acc: 0.996 | train loss: 0.007 |val acc: 0.727 (0.786, 0.632) | val eod gap: 0.0296
begin calculating influence
[Strategy 2] Acc of expected label: 0.722890625
calculating influence -- done
Use 10586 samples. Get 4035 labels. Ratio: 2.623543990086741
Files already downloaded and verified
10586 labeled samples and 152184 unlabeled samples. Total: 162770
 96.92% | time: 722.9s (449.7m) | step:   7394 | train acc: 1.000 | train loss: 0.004 |test acc: 0.748 (0.827, 0.623) | test eod gap: 0.0899
 96.92% | time:   1.2s (449.8m) | step:   7394 | train acc: 1.000 | train loss: 0.004 |val acc: 0.765 (0.836, 0.646) | val eod gap: 0.0495
begin calculating influence
calculating influence -- done
length of new labels 7007
Use 3767+7007 = 10774 samples.
Files already downloaded and verified
10774 labeled samples and 151996 unlabeled samples. Total: 162770
 99.54% | time: 726.7s (461.9m) | step:   7594 | train acc: 1.000 | train loss: 0.009 |test acc: 0.730 (0.802, 0.615) | test eod gap: 0.0858
 99.54% | time:   1.5s (461.9m) | step:   7594 | train acc: 1.000 | train loss: 0.009 |val acc: 0.743 (0.811, 0.633) | val eod gap: 0.0422
begin calculating influence
calculating influence -- done
length of new labels 7263
Use 3767+7263 = 11030 samples.
Files already downloaded and verified
11030 labeled samples and 151740 unlabeled samples. Total: 162770
100.00% | time: 666.8s (473.0m) | step:   7629 | train acc: 0.969 | train loss: 0.090 |test acc: 0.658 (0.708, 0.578) | test eod gap: 0.0919
100.00% | time:   1.4s (473.0m) | step:   7629 | train acc: 0.969 | train loss: 0.090 |val acc: 0.660 (0.697, 0.602) | val eod gap: 0.0687
begin calculating influence
[Strategy 2] Acc of expected label: 0.6655078125
calculating influence -- done
Use 11286 samples. Get 4422 labels. Ratio: 2.5522388059701493
Files already downloaded and verified
11286 labeled samples and 151484 unlabeled samples. Total: 162770
