Files already downloaded and verified
3255 originally labeled samples, 0 new samples, and 159515 unlabeled samples. Total: 162770
Files already downloaded and verified
1996 originally labeled samples, 0 new samples, and 17966 unlabeled samples. Total: 19962
Numer of layers 200
train net...
train with 162770 samples (with replacement) in one epoch
Epoch 0
  2.62% | time:  92.8s (  1.5m) | step:    200 | train acc: 0.965 | train loss: 0.100 |warm_t acc: 0.762 (0.850, 0.623) | warm_t eod gap: 0.1722
  2.62% | time:   4.0s (  1.6m) | step:    200 | train acc: 0.965 | train loss: 0.100 |warm_v acc: 0.762 (0.848, 0.617) | warm_v eod gap: 0.1916
  5.24% | time:  78.7s (  2.9m) | step:    400 | train acc: 0.703 | train loss: 0.730 |warm_t acc: 0.641 (0.701, 0.546) | warm_t eod gap: 0.1311
  5.24% | time:   1.1s (  2.9m) | step:    400 | train acc: 0.703 | train loss: 0.730 |warm_v acc: 0.625 (0.704, 0.499) | warm_v eod gap: 0.1459
  7.86% | time:  77.6s (  4.2m) | step:    600 | train acc: 0.832 | train loss: 0.405 |warm_t acc: 0.761 (0.862, 0.601) | warm_t eod gap: 0.1922
  7.86% | time:   1.1s (  4.3m) | step:    600 | train acc: 0.832 | train loss: 0.405 |warm_v acc: 0.755 (0.855, 0.593) | warm_v eod gap: 0.1955
  8.32% | time:  19.8s (  4.6m) | step:    635 | train acc: 0.836 | train loss: 0.358 |warm_t acc: 0.783 (0.881, 0.628) | warm_t eod gap: 0.1424
  8.32% | time:   1.2s (  4.6m) | step:    635 | train acc: 0.836 | train loss: 0.358 |warm_v acc: 0.770 (0.883, 0.600) | warm_v eod gap: 0.1202
Epoch 1
 10.95% | time:  74.4s (  5.8m) | step:    835 | train acc: 0.922 | train loss: 0.192 |warm_t acc: 0.754 (0.845, 0.608) | warm_t eod gap: 0.2260
 10.95% | time:   1.4s (  5.9m) | step:    835 | train acc: 0.922 | train loss: 0.192 |warm_v acc: 0.738 (0.832, 0.589) | warm_v eod gap: 0.1781
 13.57% | time:  74.9s (  7.1m) | step:   1035 | train acc: 1.000 | train loss: 0.003 |warm_t acc: 0.744 (0.832, 0.604) | warm_t eod gap: 0.2073
 13.57% | time:   1.5s (  7.1m) | step:   1035 | train acc: 1.000 | train loss: 0.003 |warm_v acc: 0.744 (0.829, 0.611) | warm_v eod gap: 0.1960
 16.19% | time:  74.6s (  8.4m) | step:   1235 | train acc: 1.000 | train loss: 0.000 |warm_t acc: 0.744 (0.830, 0.606) | warm_t eod gap: 0.2092
 16.19% | time:   1.5s (  8.4m) | step:   1235 | train acc: 1.000 | train loss: 0.000 |warm_v acc: 0.745 (0.829, 0.623) | warm_v eod gap: 0.2232
 16.65% | time:  23.9s (  8.8m) | step:   1270 | train acc: 1.000 | train loss: 0.000 |warm_t acc: 0.744 (0.830, 0.607) | warm_t eod gap: 0.2114
 16.65% | time:   1.3s (  8.8m) | step:   1270 | train acc: 1.000 | train loss: 0.000 |warm_v acc: 0.755 (0.841, 0.618) | warm_v eod gap: 0.2018
Epoch 2
 19.28% | time:  73.5s ( 10.1m) | step:   1471 | train acc: 1.000 | train loss: 0.000 |test acc: 0.744 (0.831, 0.606) | test eod gap: 0.2081
 19.28% | time:   1.4s ( 10.1m) | step:   1471 | train acc: 1.000 | train loss: 0.000 |val acc: 0.753 (0.842, 0.610) | val eod gap: 0.1882
begin calculating influence
selected layers: [Traced<ShapedArray(float32[768])>with<DynamicJaxprTrace(level=0/1)>, Traced<ShapedArray(float32[8,8,3,768])>with<DynamicJaxprTrace(level=0/1)>, Traced<ShapedArray(float32[2])>with<DynamicJaxprTrace(level=0/1)>, Traced<ShapedArray(float32[768,2])>with<DynamicJaxprTrace(level=0/1)>]
[Strategy 5] Acc of expected label: 0.730546875
calculating influence -- done
Use 3511 samples. Get 3634 labels. Ratio: 0.9661529994496423
Files already downloaded and verified
3255 originally labeled samples, 256 new samples, and 159259 unlabeled samples. Total: 162770
 21.90% | time: 730.0s ( 22.2m) | step:   1671 | train acc: 0.910 | train loss: 0.180 |test acc: 0.785 (0.887, 0.621) | test eod gap: 0.0335
 21.90% | time:   1.4s ( 22.3m) | step:   1671 | train acc: 0.910 | train loss: 0.180 |val acc: 0.776 (0.872, 0.627) | val eod gap: 0.0424
begin calculating influence
[Strategy 5] Acc of expected label: 0.7648828125
calculating influence -- done
Use 3767 samples. Get 4028 labels. Ratio: 0.9352035749751738
Files already downloaded and verified
3255 originally labeled samples, 512 new samples, and 159003 unlabeled samples. Total: 162770
 24.52% | time: 738.8s ( 34.6m) | step:   1871 | train acc: 1.000 | train loss: 0.006 |test acc: 0.788 (0.894, 0.619) | test eod gap: 0.0001
 24.52% | time:   1.1s ( 34.6m) | step:   1871 | train acc: 1.000 | train loss: 0.006 |val acc: 0.794 (0.892, 0.643) | val eod gap: 0.0097
begin calculating influence
[Strategy 5] Acc of expected label: 0.7619921875
calculating influence -- done
Use 3769 samples. Get 4031 labels. Ratio: 0.9350037211610023
Files already downloaded and verified
3255 originally labeled samples, 514 new samples, and 159001 unlabeled samples. Total: 162770
 24.98% | time: 661.0s ( 45.6m) | step:   1906 | train acc: 1.000 | train loss: 0.010 |test acc: 0.788 (0.895, 0.618) | test eod gap: 0.0000
 24.98% | time:   1.4s ( 45.6m) | step:   1906 | train acc: 1.000 | train loss: 0.010 |val acc: 0.791 (0.890, 0.634) | val eod gap: 0.0000
begin calculating influence
[Strategy 5] Acc of expected label: 0.7619921875
calculating influence -- done
Use 3769 samples. Get 4031 labels. Ratio: 0.9350037211610023
Files already downloaded and verified
3255 originally labeled samples, 514 new samples, and 159001 unlabeled samples. Total: 162770
Epoch 3
 27.62% | time: 727.1s ( 57.8m) | step:   2107 | train acc: 1.000 | train loss: 0.037 |test acc: 0.788 (0.894, 0.619) | test eod gap: 0.0002
 27.62% | time:   1.4s ( 57.8m) | step:   2107 | train acc: 1.000 | train loss: 0.037 |val acc: 0.784 (0.887, 0.621) | val eod gap: 0.0006
begin calculating influence
[Strategy 5] Acc of expected label: 0.7641796875
calculating influence -- done
Use 3869 samples. Get 4176 labels. Ratio: 0.9264846743295019
Files already downloaded and verified
3255 originally labeled samples, 614 new samples, and 158901 unlabeled samples. Total: 162770
 30.24% | time: 727.6s ( 69.9m) | step:   2307 | train acc: 1.000 | train loss: 0.010 |test acc: 0.788 (0.895, 0.618) | test eod gap: 0.0000
 30.24% | time:   1.5s ( 69.9m) | step:   2307 | train acc: 1.000 | train loss: 0.010 |val acc: 0.789 (0.882, 0.639) | val eod gap: 0.0000
begin calculating influence
[Strategy 5] Acc of expected label: 0.7638671875
calculating influence -- done
Use 3870 samples. Get 4177 labels. Ratio: 0.9265022743595882
Files already downloaded and verified
3255 originally labeled samples, 615 new samples, and 158900 unlabeled samples. Total: 162770
 32.86% | time: 723.9s ( 82.0m) | step:   2507 | train acc: 1.000 | train loss: 0.003 |test acc: 0.788 (0.895, 0.618) | test eod gap: 0.0003
 32.86% | time:   1.4s ( 82.0m) | step:   2507 | train acc: 1.000 | train loss: 0.003 |val acc: 0.790 (0.892, 0.632) | val eod gap: 0.0000
begin calculating influence
[Strategy 5] Acc of expected label: 0.7685546875
calculating influence -- done
Use 3871 samples. Get 4180 labels. Ratio: 0.9260765550239235
Files already downloaded and verified
3255 originally labeled samples, 616 new samples, and 158899 unlabeled samples. Total: 162770
 33.32% | time: 664.8s ( 93.1m) | step:   2542 | train acc: 1.000 | train loss: 0.004 |test acc: 0.788 (0.895, 0.618) | test eod gap: 0.0002
 33.32% | time:   1.4s ( 93.1m) | step:   2542 | train acc: 1.000 | train loss: 0.004 |val acc: 0.783 (0.889, 0.622) | val eod gap: 0.0000
begin calculating influence
[Strategy 5] Acc of expected label: 0.7670703125
calculating influence -- done
Use 3871 samples. Get 4180 labels. Ratio: 0.9260765550239235
Files already downloaded and verified
3255 originally labeled samples, 616 new samples, and 158899 unlabeled samples. Total: 162770
Epoch 4
 35.95% | time: 730.4s (105.3m) | step:   2743 | train acc: 1.000 | train loss: 0.005 |test acc: 0.789 (0.895, 0.620) | test eod gap: 0.0009
 35.95% | time:   1.4s (105.3m) | step:   2743 | train acc: 1.000 | train loss: 0.005 |val acc: 0.790 (0.889, 0.636) | val eod gap: 0.0029
begin calculating influence
[Strategy 5] Acc of expected label: 0.7647265625
calculating influence -- done
Use 3872 samples. Get 4181 labels. Ratio: 0.9260942358287491
Files already downloaded and verified
3255 originally labeled samples, 617 new samples, and 158898 unlabeled samples. Total: 162770
 38.58% | time: 720.5s (117.3m) | step:   2943 | train acc: 1.000 | train loss: 0.026 |test acc: 0.786 (0.891, 0.620) | test eod gap: 0.0033
 38.58% | time:   1.4s (117.4m) | step:   2943 | train acc: 1.000 | train loss: 0.026 |val acc: 0.786 (0.887, 0.626) | val eod gap: 0.0047
begin calculating influence
[Strategy 5] Acc of expected label: 0.7671875
calculating influence -- done
Use 4128 samples. Get 4607 labels. Ratio: 0.8960277838072498
Files already downloaded and verified
3255 originally labeled samples, 873 new samples, and 158642 unlabeled samples. Total: 162770
 41.20% | time: 719.2s (129.3m) | step:   3143 | train acc: 1.000 | train loss: 0.015 |test acc: 0.775 (0.876, 0.615) | test eod gap: 0.0251
 41.20% | time:   1.4s (129.4m) | step:   3143 | train acc: 1.000 | train loss: 0.015 |val acc: 0.784 (0.877, 0.639) | val eod gap: 0.0400
begin calculating influence
[Strategy 5] Acc of expected label: 0.756640625
calculating influence -- done
Use 4384 samples. Get 4999 labels. Ratio: 0.8769753950790158
Files already downloaded and verified
3255 originally labeled samples, 1129 new samples, and 158386 unlabeled samples. Total: 162770
 41.66% | time: 667.3s (140.5m) | step:   3178 | train acc: 1.000 | train loss: 0.016 |test acc: 0.790 (0.894, 0.624) | test eod gap: 0.0101
 41.66% | time:   1.4s (140.5m) | step:   3178 | train acc: 1.000 | train loss: 0.016 |val acc: 0.790 (0.891, 0.633) | val eod gap: 0.0036
begin calculating influence
[Strategy 5] Acc of expected label: 0.7637890625
calculating influence -- done
Use 4386 samples. Get 5003 labels. Ratio: 0.8766739956026384
Files already downloaded and verified
3255 originally labeled samples, 1131 new samples, and 158384 unlabeled samples. Total: 162770
Epoch 5
 44.29% | time: 726.9s (152.6m) | step:   3379 | train acc: 1.000 | train loss: 0.027 |test acc: 0.788 (0.891, 0.624) | test eod gap: 0.0112
 44.29% | time:   1.3s (152.7m) | step:   3379 | train acc: 1.000 | train loss: 0.027 |val acc: 0.793 (0.885, 0.643) | val eod gap: 0.0061
begin calculating influence
[Strategy 5] Acc of expected label: 0.7629296875
calculating influence -- done
Use 4389 samples. Get 5007 labels. Ratio: 0.8765727980826843
Files already downloaded and verified
3255 originally labeled samples, 1134 new samples, and 158381 unlabeled samples. Total: 162770
 46.91% | time: 728.2s (164.8m) | step:   3579 | train acc: 1.000 | train loss: 0.019 |test acc: 0.789 (0.893, 0.624) | test eod gap: 0.0082
 46.91% | time:   1.5s (164.8m) | step:   3579 | train acc: 1.000 | train loss: 0.019 |val acc: 0.786 (0.888, 0.628) | val eod gap: 0.0084
begin calculating influence
[Strategy 5] Acc of expected label: 0.760390625
calculating influence -- done
Use 4389 samples. Get 5009 labels. Ratio: 0.8762227989618686
Files already downloaded and verified
3255 originally labeled samples, 1134 new samples, and 158381 unlabeled samples. Total: 162770
 49.53% | time: 727.0s (176.9m) | step:   3779 | train acc: 1.000 | train loss: 0.016 |test acc: 0.787 (0.890, 0.624) | test eod gap: 0.0114
 49.53% | time:   1.5s (177.0m) | step:   3779 | train acc: 1.000 | train loss: 0.016 |val acc: 0.793 (0.891, 0.642) | val eod gap: 0.0043
begin calculating influence
[Strategy 5] Acc of expected label: 0.7624609375
calculating influence -- done
Use 4615 samples. Get 5353 labels. Ratio: 0.8621333831496357
Files already downloaded and verified
3255 originally labeled samples, 1360 new samples, and 158155 unlabeled samples. Total: 162770
 49.99% | time: 670.4s (188.1m) | step:   3814 | train acc: 1.000 | train loss: 0.003 |test acc: 0.790 (0.894, 0.625) | test eod gap: 0.0078
 49.99% | time:   1.5s (188.2m) | step:   3814 | train acc: 1.000 | train loss: 0.003 |val acc: 0.790 (0.886, 0.638) | val eod gap: 0.0070
begin calculating influence
[Strategy 5] Acc of expected label: 0.7666015625
calculating influence -- done
Use 4617 samples. Get 5362 labels. Ratio: 0.861059306229019
Files already downloaded and verified
3255 originally labeled samples, 1362 new samples, and 158153 unlabeled samples. Total: 162770
Epoch 6
 52.62% | time: 723.4s (200.2m) | step:   4014 | train acc: 1.000 | train loss: 0.011 |test acc: 0.789 (0.894, 0.624) | test eod gap: 0.0069
 52.62% | time:   1.5s (200.2m) | step:   4014 | train acc: 1.000 | train loss: 0.011 |val acc: 0.775 (0.874, 0.621) | val eod gap: 0.0024
begin calculating influence
[Strategy 5] Acc of expected label: 0.764453125
calculating influence -- done
Use 4617 samples. Get 5363 labels. Ratio: 0.8608987506992355
Files already downloaded and verified
3255 originally labeled samples, 1362 new samples, and 158153 unlabeled samples. Total: 162770
 55.24% | time: 727.2s (212.4m) | step:   4214 | train acc: 1.000 | train loss: 0.020 |test acc: 0.788 (0.892, 0.623) | test eod gap: 0.0086
 55.24% | time:   1.4s (212.4m) | step:   4214 | train acc: 1.000 | train loss: 0.020 |val acc: 0.781 (0.882, 0.622) | val eod gap: 0.0229
begin calculating influence
[Strategy 5] Acc of expected label: 0.764375
calculating influence -- done
Use 4617 samples. Get 5363 labels. Ratio: 0.8608987506992355
Files already downloaded and verified
3255 originally labeled samples, 1362 new samples, and 158153 unlabeled samples. Total: 162770
 57.86% | time: 733.7s (224.6m) | step:   4414 | train acc: 1.000 | train loss: 0.013 |test acc: 0.785 (0.887, 0.622) | test eod gap: 0.0091
 57.86% | time:   1.5s (224.6m) | step:   4414 | train acc: 1.000 | train loss: 0.013 |val acc: 0.784 (0.885, 0.624) | val eod gap: 0.0256
begin calculating influence
[Strategy 5] Acc of expected label: 0.756015625
calculating influence -- done
Use 4618 samples. Get 5368 labels. Ratio: 0.8602831594634873
Files already downloaded and verified
3255 originally labeled samples, 1363 new samples, and 158152 unlabeled samples. Total: 162770
 58.32% | time: 672.5s (235.8m) | step:   4449 | train acc: 1.000 | train loss: 0.008 |test acc: 0.787 (0.889, 0.623) | test eod gap: 0.0133
 58.32% | time:   1.3s (235.9m) | step:   4449 | train acc: 1.000 | train loss: 0.008 |val acc: 0.776 (0.870, 0.626) | val eod gap: 0.0075
begin calculating influence
[Strategy 5] Acc of expected label: 0.7594140625
calculating influence -- done
Use 4620 samples. Get 5375 labels. Ratio: 0.8595348837209302
Files already downloaded and verified
3255 originally labeled samples, 1365 new samples, and 158150 unlabeled samples. Total: 162770
Epoch 7
 60.95% | time: 738.6s (248.2m) | step:   4650 | train acc: 1.000 | train loss: 0.016 |test acc: 0.786 (0.888, 0.624) | test eod gap: 0.0139
 60.95% | time:   1.5s (248.2m) | step:   4650 | train acc: 1.000 | train loss: 0.016 |val acc: 0.789 (0.884, 0.643) | val eod gap: 0.0265
begin calculating influence
[Strategy 5] Acc of expected label: 0.759375
calculating influence -- done
Use 4635 samples. Get 5400 labels. Ratio: 0.8583333333333333
Files already downloaded and verified
3255 originally labeled samples, 1380 new samples, and 158135 unlabeled samples. Total: 162770
 63.57% | time: 723.7s (260.3m) | step:   4850 | train acc: 1.000 | train loss: 0.022 |test acc: 0.786 (0.888, 0.623) | test eod gap: 0.0149
 63.57% | time:   1.4s (260.3m) | step:   4850 | train acc: 1.000 | train loss: 0.022 |val acc: 0.783 (0.879, 0.632) | val eod gap: 0.0335
begin calculating influence
[Strategy 5] Acc of expected label: 0.7600390625
calculating influence -- done
Use 4698 samples. Get 5486 labels. Ratio: 0.8563616478308421
Files already downloaded and verified
3255 originally labeled samples, 1443 new samples, and 158072 unlabeled samples. Total: 162770
 66.19% | time: 732.7s (272.5m) | step:   5050 | train acc: 1.000 | train loss: 0.025 |test acc: 0.789 (0.892, 0.626) | test eod gap: 0.0146
 66.19% | time:   1.4s (272.5m) | step:   5050 | train acc: 1.000 | train loss: 0.025 |val acc: 0.786 (0.880, 0.641) | val eod gap: 0.0180
begin calculating influence
[Strategy 5] Acc of expected label: 0.7634765625
calculating influence -- done
Use 4721 samples. Get 5527 labels. Ratio: 0.8541704360412521
Files already downloaded and verified
3255 originally labeled samples, 1466 new samples, and 158049 unlabeled samples. Total: 162770
 66.65% | time: 670.2s (283.7m) | step:   5085 | train acc: 1.000 | train loss: 0.002 |test acc: 0.790 (0.894, 0.625) | test eod gap: 0.0109
 66.65% | time:   1.5s (283.7m) | step:   5085 | train acc: 1.000 | train loss: 0.002 |val acc: 0.783 (0.881, 0.628) | val eod gap: 0.0030
begin calculating influence
[Strategy 5] Acc of expected label: 0.7653515625
calculating influence -- done
Use 4726 samples. Get 5539 labels. Ratio: 0.8532226033580068
Files already downloaded and verified
3255 originally labeled samples, 1471 new samples, and 158044 unlabeled samples. Total: 162770
Epoch 8
 69.29% | time: 732.0s (295.9m) | step:   5286 | train acc: 1.000 | train loss: 0.002 |test acc: 0.790 (0.894, 0.624) | test eod gap: 0.0096
 69.29% | time:   1.5s (295.9m) | step:   5286 | train acc: 1.000 | train loss: 0.002 |val acc: 0.789 (0.886, 0.637) | val eod gap: 0.0062
begin calculating influence
[Strategy 5] Acc of expected label: 0.7626171875
calculating influence -- done
Use 4805 samples. Get 5656 labels. Ratio: 0.8495403111739745
Files already downloaded and verified
3255 originally labeled samples, 1550 new samples, and 157965 unlabeled samples. Total: 162770
 71.91% | time: 730.5s (308.1m) | step:   5486 | train acc: 1.000 | train loss: 0.003 |test acc: 0.789 (0.894, 0.623) | test eod gap: 0.0094
 71.91% | time:   1.4s (308.1m) | step:   5486 | train acc: 1.000 | train loss: 0.003 |val acc: 0.790 (0.893, 0.632) | val eod gap: 0.0124
begin calculating influence
[Strategy 5] Acc of expected label: 0.7609765625
calculating influence -- done
Use 4806 samples. Get 5662 labels. Ratio: 0.848816672553868
Files already downloaded and verified
3255 originally labeled samples, 1551 new samples, and 157964 unlabeled samples. Total: 162770
 74.53% | time: 731.6s (320.3m) | step:   5686 | train acc: 1.000 | train loss: 0.003 |test acc: 0.789 (0.893, 0.625) | test eod gap: 0.0104
 74.53% | time:   1.5s (320.4m) | step:   5686 | train acc: 1.000 | train loss: 0.003 |val acc: 0.783 (0.874, 0.640) | val eod gap: 0.0066
begin calculating influence
[Strategy 5] Acc of expected label: 0.761875
calculating influence -- done
Use 4830 samples. Get 5696 labels. Ratio: 0.8479634831460674
Files already downloaded and verified
3255 originally labeled samples, 1575 new samples, and 157940 unlabeled samples. Total: 162770
 74.99% | time: 675.5s (331.6m) | step:   5721 | train acc: 1.000 | train loss: 0.018 |test acc: 0.786 (0.887, 0.624) | test eod gap: 0.0075
 74.99% | time:   1.5s (331.6m) | step:   5721 | train acc: 1.000 | train loss: 0.018 |val acc: 0.773 (0.873, 0.619) | val eod gap: 0.0119
begin calculating influence
[Strategy 5] Acc of expected label: 0.76390625
calculating influence -- done
Use 5086 samples. Get 6241 labels. Ratio: 0.8149335042461144
Files already downloaded and verified
3255 originally labeled samples, 1831 new samples, and 157684 unlabeled samples. Total: 162770
Epoch 9
 77.62% | time: 733.1s (343.9m) | step:   5922 | train acc: 1.000 | train loss: 0.006 |test acc: 0.782 (0.884, 0.619) | test eod gap: 0.0291
 77.62% | time:   1.7s (343.9m) | step:   5922 | train acc: 1.000 | train loss: 0.006 |val acc: 0.794 (0.884, 0.655) | val eod gap: 0.0140
begin calculating influence
[Strategy 5] Acc of expected label: 0.7632421875
calculating influence -- done
Use 5342 samples. Get 6680 labels. Ratio: 0.7997005988023952
Files already downloaded and verified
3255 originally labeled samples, 2087 new samples, and 157428 unlabeled samples. Total: 162770
 80.25% | time: 737.2s (356.2m) | step:   6122 | train acc: 1.000 | train loss: 0.002 |test acc: 0.790 (0.893, 0.626) | test eod gap: 0.0102
 80.25% | time:   1.4s (356.2m) | step:   6122 | train acc: 1.000 | train loss: 0.002 |val acc: 0.786 (0.893, 0.626) | val eod gap: 0.0047
begin calculating influence
[Strategy 5] Acc of expected label: 0.7628515625
calculating influence -- done
Use 5397 samples. Get 6765 labels. Ratio: 0.7977827050997782
Files already downloaded and verified
3255 originally labeled samples, 2142 new samples, and 157373 unlabeled samples. Total: 162770
 82.87% | time: 734.1s (368.4m) | step:   6322 | train acc: 1.000 | train loss: 0.015 |test acc: 0.788 (0.892, 0.622) | test eod gap: 0.0100
 82.87% | time:   1.4s (368.5m) | step:   6322 | train acc: 1.000 | train loss: 0.015 |val acc: 0.787 (0.881, 0.640) | val eod gap: 0.0180
begin calculating influence
[Strategy 5] Acc of expected label: 0.7584765625
calculating influence -- done
Use 5446 samples. Get 6846 labels. Ratio: 0.7955010224948875
Files already downloaded and verified
3255 originally labeled samples, 2191 new samples, and 157324 unlabeled samples. Total: 162770
 83.33% | time: 678.9s (379.8m) | step:   6357 | train acc: 1.000 | train loss: 0.012 |test acc: 0.788 (0.891, 0.625) | test eod gap: 0.0171
 83.33% | time:   1.5s (379.8m) | step:   6357 | train acc: 1.000 | train loss: 0.012 |val acc: 0.787 (0.883, 0.636) | val eod gap: 0.0077
begin calculating influence
[Strategy 5] Acc of expected label: 0.7593359375
calculating influence -- done
Use 5476 samples. Get 6899 labels. Ratio: 0.7937382229308595
Files already downloaded and verified
3255 originally labeled samples, 2221 new samples, and 157294 unlabeled samples. Total: 162770
Epoch 10
 85.96% | time: 733.1s (392.0m) | step:   6558 | train acc: 1.000 | train loss: 0.010 |test acc: 0.788 (0.891, 0.624) | test eod gap: 0.0184
 85.96% | time:   1.6s (392.0m) | step:   6558 | train acc: 1.000 | train loss: 0.010 |val acc: 0.789 (0.890, 0.637) | val eod gap: 0.0064
begin calculating influence
calculating influence -- done
length of new labels 19
Use 5476+19 = 5495 samples.
Files already downloaded and verified
3255 originally labeled samples, 2240 new samples, and 157275 unlabeled samples. Total: 162770
 88.58% | time: 734.9s (404.3m) | step:   6758 | train acc: 1.000 | train loss: 0.009 |test acc: 0.789 (0.893, 0.623) | test eod gap: 0.0164
 88.58% | time:   1.2s (404.3m) | step:   6758 | train acc: 1.000 | train loss: 0.009 |val acc: 0.798 (0.904, 0.625) | val eod gap: 0.0154
begin calculating influence
calculating influence -- done
length of new labels 86
Use 5476+86 = 5562 samples.
Files already downloaded and verified
3255 originally labeled samples, 2307 new samples, and 157208 unlabeled samples. Total: 162770
 91.20% | time: 729.5s (416.5m) | step:   6958 | train acc: 1.000 | train loss: 0.010 |test acc: 0.784 (0.886, 0.623) | test eod gap: 0.0203
 91.20% | time:   1.2s (416.5m) | step:   6958 | train acc: 1.000 | train loss: 0.010 |val acc: 0.787 (0.881, 0.644) | val eod gap: 0.0188
begin calculating influence
calculating influence -- done
length of new labels 342
Use 5476+342 = 5818 samples.
Files already downloaded and verified
3255 originally labeled samples, 2563 new samples, and 156952 unlabeled samples. Total: 162770
 91.66% | time: 670.8s (427.7m) | step:   6993 | train acc: 1.000 | train loss: 0.010 |test acc: 0.776 (0.874, 0.620) | test eod gap: 0.0283
 91.66% | time:   1.4s (427.7m) | step:   6993 | train acc: 1.000 | train loss: 0.010 |val acc: 0.773 (0.860, 0.636) | val eod gap: 0.0229
begin calculating influence
calculating influence -- done
length of new labels 598
Use 5476+598 = 6074 samples.
Files already downloaded and verified
3255 originally labeled samples, 2819 new samples, and 156696 unlabeled samples. Total: 162770
Epoch 11
 94.30% | time: 726.5s (439.8m) | step:   7194 | train acc: 1.000 | train loss: 0.004 |test acc: 0.785 (0.887, 0.622) | test eod gap: 0.0237
 94.30% | time:   1.5s (439.8m) | step:   7194 | train acc: 1.000 | train loss: 0.004 |val acc: 0.781 (0.880, 0.630) | val eod gap: 0.0209
begin calculating influence
calculating influence -- done
length of new labels 669
Use 5476+669 = 6145 samples.
Files already downloaded and verified
3255 originally labeled samples, 2890 new samples, and 156625 unlabeled samples. Total: 162770
 96.92% | time: 735.2s (452.1m) | step:   7394 | train acc: 1.000 | train loss: 0.009 |test acc: 0.781 (0.881, 0.623) | test eod gap: 0.0269
 96.92% | time:   1.4s (452.1m) | step:   7394 | train acc: 1.000 | train loss: 0.009 |val acc: 0.777 (0.872, 0.630) | val eod gap: 0.0269
begin calculating influence
calculating influence -- done
length of new labels 824
Use 5476+824 = 6300 samples.
Files already downloaded and verified
3255 originally labeled samples, 3045 new samples, and 156470 unlabeled samples. Total: 162770
 99.54% | time: 735.0s (464.3m) | step:   7594 | train acc: 1.000 | train loss: 0.022 |test acc: 0.781 (0.880, 0.623) | test eod gap: 0.0370
 99.54% | time:   1.3s (464.4m) | step:   7594 | train acc: 1.000 | train loss: 0.022 |val acc: 0.789 (0.881, 0.640) | val eod gap: 0.0398
begin calculating influence
calculating influence -- done
length of new labels 1080
Use 5476+1080 = 6556 samples.
Files already downloaded and verified
3255 originally labeled samples, 3301 new samples, and 156214 unlabeled samples. Total: 162770
100.00% | time: 672.5s (475.6m) | step:   7629 | train acc: 0.980 | train loss: 0.094 |test acc: 0.761 (0.853, 0.615) | test eod gap: 0.0243
100.00% | time:   1.4s (475.6m) | step:   7629 | train acc: 0.980 | train loss: 0.094 |val acc: 0.753 (0.842, 0.615) | val eod gap: 0.0528
begin calculating influence
calculating influence -- done
length of new labels 1336
Use 5476+1336 = 6812 samples.
Files already downloaded and verified
3255 originally labeled samples, 3557 new samples, and 155958 unlabeled samples. Total: 162770
