Files already downloaded and verified
3255 originally labeled samples, 0 new samples, and 159515 unlabeled samples. Total: 162770
Files already downloaded and verified
1996 originally labeled samples, 0 new samples, and 17966 unlabeled samples. Total: 19962
Numer of layers 200
train net...
train with 162770 samples (with replacement) in one epoch
Epoch 0
  2.62% | time:  91.7s (  1.5m) | step:    200 | train acc: 0.965 | train loss: 0.100 |warm_t acc: 0.762 (0.850, 0.623) | warm_t eod gap: 0.1722
  2.62% | time:   6.3s (  1.6m) | step:    200 | train acc: 0.965 | train loss: 0.100 |warm_v acc: 0.762 (0.848, 0.617) | warm_v eod gap: 0.1916
  5.24% | time:  74.6s (  2.9m) | step:    400 | train acc: 0.703 | train loss: 0.730 |warm_t acc: 0.641 (0.701, 0.546) | warm_t eod gap: 0.1311
  5.24% | time:   1.5s (  2.9m) | step:    400 | train acc: 0.703 | train loss: 0.730 |warm_v acc: 0.625 (0.704, 0.499) | warm_v eod gap: 0.1459
  7.86% | time:  76.1s (  4.2m) | step:    600 | train acc: 0.832 | train loss: 0.405 |warm_t acc: 0.761 (0.862, 0.601) | warm_t eod gap: 0.1922
  7.86% | time:   1.4s (  4.2m) | step:    600 | train acc: 0.832 | train loss: 0.405 |warm_v acc: 0.755 (0.855, 0.593) | warm_v eod gap: 0.1955
  8.32% | time:  22.7s (  4.6m) | step:    635 | train acc: 0.836 | train loss: 0.358 |warm_t acc: 0.783 (0.881, 0.628) | warm_t eod gap: 0.1424
  8.32% | time:   1.4s (  4.6m) | step:    635 | train acc: 0.836 | train loss: 0.358 |warm_v acc: 0.770 (0.883, 0.600) | warm_v eod gap: 0.1202
Epoch 1
 10.95% | time:  77.5s (  5.9m) | step:    835 | train acc: 0.922 | train loss: 0.192 |warm_t acc: 0.754 (0.845, 0.608) | warm_t eod gap: 0.2260
 10.95% | time:   1.5s (  5.9m) | step:    835 | train acc: 0.922 | train loss: 0.192 |warm_v acc: 0.738 (0.832, 0.589) | warm_v eod gap: 0.1781
 13.57% | time:  75.7s (  7.2m) | step:   1035 | train acc: 1.000 | train loss: 0.003 |warm_t acc: 0.744 (0.832, 0.604) | warm_t eod gap: 0.2073
 13.57% | time:   1.4s (  7.2m) | step:   1035 | train acc: 1.000 | train loss: 0.003 |warm_v acc: 0.744 (0.829, 0.611) | warm_v eod gap: 0.1960
 16.19% | time:  77.1s (  8.5m) | step:   1235 | train acc: 1.000 | train loss: 0.000 |warm_t acc: 0.744 (0.830, 0.606) | warm_t eod gap: 0.2092
 16.19% | time:   1.5s (  8.5m) | step:   1235 | train acc: 1.000 | train loss: 0.000 |warm_v acc: 0.745 (0.829, 0.623) | warm_v eod gap: 0.2232
 16.65% | time:  24.5s (  8.9m) | step:   1270 | train acc: 1.000 | train loss: 0.000 |warm_t acc: 0.744 (0.830, 0.607) | warm_t eod gap: 0.2114
 16.65% | time:   1.2s (  8.9m) | step:   1270 | train acc: 1.000 | train loss: 0.000 |warm_v acc: 0.755 (0.841, 0.618) | warm_v eod gap: 0.2018
Epoch 2
 19.28% | time:  75.6s ( 10.2m) | step:   1471 | train acc: 1.000 | train loss: 0.000 |test acc: 0.744 (0.831, 0.606) | test eod gap: 0.2081
 19.28% | time:   1.5s ( 10.2m) | step:   1471 | train acc: 1.000 | train loss: 0.000 |val acc: 0.753 (0.842, 0.610) | val eod gap: 0.1882
begin calculating influence
selected layers: [Traced<ShapedArray(float32[768])>with<DynamicJaxprTrace(level=0/1)>, Traced<ShapedArray(float32[8,8,3,768])>with<DynamicJaxprTrace(level=0/1)>, Traced<ShapedArray(float32[2])>with<DynamicJaxprTrace(level=0/1)>, Traced<ShapedArray(float32[768,2])>with<DynamicJaxprTrace(level=0/1)>]
[Strategy 2] Acc of expected label: 0.730546875
calculating influence -- done
Use 3511 samples. Get 3634 labels. Ratio: 0.9661529994496423
Files already downloaded and verified
3255 originally labeled samples, 256 new samples, and 159259 unlabeled samples. Total: 162770
 21.90% | time: 757.3s ( 22.8m) | step:   1671 | train acc: 1.000 | train loss: 0.000 |test acc: 0.788 (0.893, 0.620) | test eod gap: 0.0037
 21.90% | time:   1.4s ( 22.9m) | step:   1671 | train acc: 1.000 | train loss: 0.000 |val acc: 0.797 (0.891, 0.639) | val eod gap: 0.0104
begin calculating influence
[Strategy 2] Acc of expected label: 0.764453125
calculating influence -- done
Use 3751 samples. Get 4018 labels. Ratio: 0.9335490293678447
Files already downloaded and verified
3255 originally labeled samples, 496 new samples, and 159019 unlabeled samples. Total: 162770
 24.52% | time: 753.6s ( 35.4m) | step:   1871 | train acc: 0.762 | train loss: 1.000 |test acc: 0.777 (0.881, 0.611) | test eod gap: 0.0337
 24.52% | time:   1.3s ( 35.4m) | step:   1871 | train acc: 0.762 | train loss: 1.000 |val acc: 0.765 (0.867, 0.600) | val eod gap: 0.0431
begin calculating influence
[Strategy 2] Acc of expected label: 0.7527734375
calculating influence -- done
Use 4007 samples. Get 4374 labels. Ratio: 0.9160951074531322
Files already downloaded and verified
3255 originally labeled samples, 752 new samples, and 158763 unlabeled samples. Total: 162770
 24.98% | time: 691.1s ( 47.0m) | step:   1906 | train acc: 0.770 | train loss: 0.890 |test acc: 0.787 (0.893, 0.619) | test eod gap: 0.0024
 24.98% | time:   1.1s ( 47.0m) | step:   1906 | train acc: 0.770 | train loss: 0.890 |val acc: 0.787 (0.898, 0.617) | val eod gap: 0.0075
begin calculating influence
[Strategy 2] Acc of expected label: 0.7625390625
calculating influence -- done
Use 4263 samples. Get 4744 labels. Ratio: 0.8986087689713322
Files already downloaded and verified
3255 originally labeled samples, 1008 new samples, and 158507 unlabeled samples. Total: 162770
Epoch 3
 27.62% | time: 750.3s ( 59.5m) | step:   2107 | train acc: 0.770 | train loss: 0.801 |test acc: 0.765 (0.862, 0.612) | test eod gap: 0.0865
 27.62% | time:   1.4s ( 59.5m) | step:   2107 | train acc: 0.770 | train loss: 0.801 |val acc: 0.774 (0.860, 0.630) | val eod gap: 0.0765
begin calculating influence
[Strategy 2] Acc of expected label: 0.7481640625
calculating influence -- done
Use 4519 samples. Get 5179 labels. Ratio: 0.872562270708631
Files already downloaded and verified
3255 originally labeled samples, 1264 new samples, and 158251 unlabeled samples. Total: 162770
 30.24% | time: 748.0s ( 72.0m) | step:   2307 | train acc: 1.000 | train loss: 0.119 |test acc: 0.783 (0.887, 0.617) | test eod gap: 0.0184
 30.24% | time:   1.4s ( 72.0m) | step:   2307 | train acc: 1.000 | train loss: 0.119 |val acc: 0.776 (0.873, 0.631) | val eod gap: 0.0489
begin calculating influence
[Strategy 2] Acc of expected label: 0.7616015625
calculating influence -- done
Use 4738 samples. Get 5464 labels. Ratio: 0.8671303074670571
Files already downloaded and verified
3255 originally labeled samples, 1483 new samples, and 158032 unlabeled samples. Total: 162770
 32.86% | time: 750.0s ( 84.5m) | step:   2507 | train acc: 1.000 | train loss: 0.039 |test acc: 0.785 (0.888, 0.621) | test eod gap: 0.0136
 32.86% | time:   1.4s ( 84.5m) | step:   2507 | train acc: 1.000 | train loss: 0.039 |val acc: 0.783 (0.887, 0.626) | val eod gap: 0.0258
begin calculating influence
[Strategy 2] Acc of expected label: 0.7593359375
calculating influence -- done
Use 4742 samples. Get 5474 labels. Ratio: 0.866276945560833
Files already downloaded and verified
3255 originally labeled samples, 1487 new samples, and 158028 unlabeled samples. Total: 162770
 33.32% | time: 692.9s ( 96.1m) | step:   2542 | train acc: 0.980 | train loss: 0.123 |test acc: 0.746 (0.836, 0.603) | test eod gap: 0.0749
 33.32% | time:   1.4s ( 96.1m) | step:   2542 | train acc: 0.980 | train loss: 0.123 |val acc: 0.755 (0.845, 0.612) | val eod gap: 0.0912
begin calculating influence
[Strategy 2] Acc of expected label: 0.734921875
calculating influence -- done
Use 4998 samples. Get 5965 labels. Ratio: 0.8378876781223805
Files already downloaded and verified
3255 originally labeled samples, 1743 new samples, and 157772 unlabeled samples. Total: 162770
Epoch 4
 35.95% | time: 753.0s (108.6m) | step:   2743 | train acc: 1.000 | train loss: 0.081 |test acc: 0.772 (0.872, 0.614) | test eod gap: 0.0399
 35.95% | time:   1.4s (108.7m) | step:   2743 | train acc: 1.000 | train loss: 0.081 |val acc: 0.771 (0.866, 0.616) | val eod gap: 0.0597
begin calculating influence
[Strategy 2] Acc of expected label: 0.755625
calculating influence -- done
Use 5067 samples. Get 6067 labels. Ratio: 0.8351738915444207
Files already downloaded and verified
3255 originally labeled samples, 1812 new samples, and 157703 unlabeled samples. Total: 162770
 38.58% | time: 750.3s (121.2m) | step:   2943 | train acc: 1.000 | train loss: 0.070 |test acc: 0.781 (0.883, 0.619) | test eod gap: 0.0342
 38.58% | time:   1.4s (121.2m) | step:   2943 | train acc: 1.000 | train loss: 0.070 |val acc: 0.783 (0.878, 0.635) | val eod gap: 0.0462
begin calculating influence
[Strategy 2] Acc of expected label: 0.760859375
calculating influence -- done
Use 5101 samples. Get 6154 labels. Ratio: 0.8288917777055573
Files already downloaded and verified
3255 originally labeled samples, 1846 new samples, and 157669 unlabeled samples. Total: 162770
 41.20% | time: 753.1s (133.7m) | step:   3143 | train acc: 0.996 | train loss: 0.058 |test acc: 0.768 (0.866, 0.613) | test eod gap: 0.0489
 41.20% | time:   1.4s (133.8m) | step:   3143 | train acc: 0.996 | train loss: 0.058 |val acc: 0.774 (0.856, 0.650) | val eod gap: 0.0453
begin calculating influence
[Strategy 2] Acc of expected label: 0.750859375
calculating influence -- done
Use 5357 samples. Get 6609 labels. Ratio: 0.8105613557270389
Files already downloaded and verified
3255 originally labeled samples, 2102 new samples, and 157413 unlabeled samples. Total: 162770
 41.66% | time: 690.7s (145.3m) | step:   3178 | train acc: 1.000 | train loss: 0.041 |test acc: 0.765 (0.862, 0.610) | test eod gap: 0.0459
 41.66% | time:   1.3s (145.3m) | step:   3178 | train acc: 1.000 | train loss: 0.041 |val acc: 0.773 (0.863, 0.626) | val eod gap: 0.0439
begin calculating influence
[Strategy 2] Acc of expected label: 0.745546875
calculating influence -- done
Use 5613 samples. Get 7067 labels. Ratio: 0.7942549879722655
Files already downloaded and verified
3255 originally labeled samples, 2358 new samples, and 157157 unlabeled samples. Total: 162770
Epoch 5
 44.29% | time: 749.9s (157.8m) | step:   3379 | train acc: 1.000 | train loss: 0.031 |test acc: 0.769 (0.869, 0.612) | test eod gap: 0.0464
 44.29% | time:   1.7s (157.8m) | step:   3379 | train acc: 1.000 | train loss: 0.031 |val acc: 0.777 (0.874, 0.623) | val eod gap: 0.0327
begin calculating influence
[Strategy 2] Acc of expected label: 0.7498046875
calculating influence -- done
Use 5741 samples. Get 7420 labels. Ratio: 0.7737196765498652
Files already downloaded and verified
3255 originally labeled samples, 2486 new samples, and 157029 unlabeled samples. Total: 162770
 46.91% | time: 751.5s (170.3m) | step:   3579 | train acc: 0.996 | train loss: 0.040 |test acc: 0.758 (0.854, 0.606) | test eod gap: 0.0500
 46.91% | time:   1.4s (170.4m) | step:   3579 | train acc: 0.996 | train loss: 0.040 |val acc: 0.770 (0.855, 0.638) | val eod gap: 0.0269
begin calculating influence
[Strategy 2] Acc of expected label: 0.7426171875
calculating influence -- done
Use 5997 samples. Get 7870 labels. Ratio: 0.762007623888183
Files already downloaded and verified
3255 originally labeled samples, 2742 new samples, and 156773 unlabeled samples. Total: 162770
 49.53% | time: 753.8s (182.9m) | step:   3779 | train acc: 0.914 | train loss: 0.202 |test acc: 0.751 (0.842, 0.607) | test eod gap: 0.0467
 49.53% | time:   1.4s (183.0m) | step:   3779 | train acc: 0.914 | train loss: 0.202 |val acc: 0.741 (0.829, 0.597) | val eod gap: 0.0487
begin calculating influence
[Strategy 2] Acc of expected label: 0.73296875
calculating influence -- done
Use 6253 samples. Get 8303 labels. Ratio: 0.7531012886908346
Files already downloaded and verified
3255 originally labeled samples, 2998 new samples, and 156517 unlabeled samples. Total: 162770
 49.99% | time: 692.4s (194.5m) | step:   3814 | train acc: 0.910 | train loss: 0.266 |test acc: 0.753 (0.843, 0.609) | test eod gap: 0.0373
 49.99% | time:   1.4s (194.5m) | step:   3814 | train acc: 0.910 | train loss: 0.266 |val acc: 0.753 (0.858, 0.597) | val eod gap: 0.0402
begin calculating influence
[Strategy 2] Acc of expected label: 0.7383984375
calculating influence -- done
Use 6503 samples. Get 8937 labels. Ratio: 0.7276490992503077
Files already downloaded and verified
3255 originally labeled samples, 3248 new samples, and 156267 unlabeled samples. Total: 162770
Epoch 6
 52.62% | time: 752.0s (207.1m) | step:   4014 | train acc: 0.996 | train loss: 0.022 |test acc: 0.734 (0.817, 0.602) | test eod gap: 0.0622
 52.62% | time:   1.5s (207.1m) | step:   4014 | train acc: 0.996 | train loss: 0.022 |val acc: 0.738 (0.824, 0.596) | val eod gap: 0.0427
begin calculating influence
[Strategy 2] Acc of expected label: 0.718046875
calculating influence -- done
Use 6759 samples. Get 9305 labels. Ratio: 0.7263836646963998
Files already downloaded and verified
3255 originally labeled samples, 3504 new samples, and 156011 unlabeled samples. Total: 162770
 55.24% | time: 751.8s (219.6m) | step:   4214 | train acc: 1.000 | train loss: 0.013 |test acc: 0.759 (0.851, 0.613) | test eod gap: 0.0604
 55.24% | time:   1.4s (219.6m) | step:   4214 | train acc: 1.000 | train loss: 0.013 |val acc: 0.770 (0.863, 0.628) | val eod gap: 0.0245
begin calculating influence
[Strategy 2] Acc of expected label: 0.7400390625
calculating influence -- done
Use 6946 samples. Get 9644 labels. Ratio: 0.7202405640812941
Files already downloaded and verified
3255 originally labeled samples, 3691 new samples, and 155824 unlabeled samples. Total: 162770
 57.86% | time: 753.0s (232.2m) | step:   4414 | train acc: 1.000 | train loss: 0.004 |test acc: 0.763 (0.856, 0.614) | test eod gap: 0.0723
 57.86% | time:   1.4s (232.2m) | step:   4414 | train acc: 1.000 | train loss: 0.004 |val acc: 0.759 (0.844, 0.621) | val eod gap: 0.0426
begin calculating influence
[Strategy 2] Acc of expected label: 0.74640625
calculating influence -- done
Use 7027 samples. Get 9759 labels. Ratio: 0.720053284147966
Files already downloaded and verified
3255 originally labeled samples, 3772 new samples, and 155743 unlabeled samples. Total: 162770
 58.32% | time: 691.3s (243.7m) | step:   4449 | train acc: 0.984 | train loss: 0.034 |test acc: 0.742 (0.829, 0.604) | test eod gap: 0.0875
 58.32% | time:   1.5s (243.8m) | step:   4449 | train acc: 0.984 | train loss: 0.034 |val acc: 0.742 (0.809, 0.636) | val eod gap: 0.0587
begin calculating influence
[Strategy 2] Acc of expected label: 0.7290234375
calculating influence -- done
Use 7283 samples. Get 10144 labels. Ratio: 0.717961356466877
Files already downloaded and verified
3255 originally labeled samples, 4028 new samples, and 155487 unlabeled samples. Total: 162770
Epoch 7
 60.95% | time: 753.1s (256.3m) | step:   4650 | train acc: 0.996 | train loss: 0.013 |test acc: 0.747 (0.836, 0.607) | test eod gap: 0.0790
 60.95% | time:   1.7s (256.3m) | step:   4650 | train acc: 0.996 | train loss: 0.013 |val acc: 0.747 (0.835, 0.606) | val eod gap: 0.0349
begin calculating influence
[Strategy 2] Acc of expected label: 0.7334765625
calculating influence -- done
Use 7485 samples. Get 10579 labels. Ratio: 0.7075337933642121
Files already downloaded and verified
3255 originally labeled samples, 4230 new samples, and 155285 unlabeled samples. Total: 162770
 63.57% | time: 751.8s (268.9m) | step:   4850 | train acc: 1.000 | train loss: 0.001 |test acc: 0.772 (0.868, 0.620) | test eod gap: 0.0544
 63.57% | time:   1.4s (268.9m) | step:   4850 | train acc: 1.000 | train loss: 0.001 |val acc: 0.785 (0.874, 0.646) | val eod gap: 0.0310
begin calculating influence
[Strategy 2] Acc of expected label: 0.75265625
calculating influence -- done
Use 7656 samples. Get 10905 labels. Ratio: 0.7020632737276479
Files already downloaded and verified
3255 originally labeled samples, 4401 new samples, and 155114 unlabeled samples. Total: 162770
 66.19% | time: 752.4s (281.4m) | step:   5050 | train acc: 1.000 | train loss: 0.003 |test acc: 0.761 (0.855, 0.613) | test eod gap: 0.0798
 66.19% | time:   1.4s (281.5m) | step:   5050 | train acc: 1.000 | train loss: 0.003 |val acc: 0.771 (0.848, 0.647) | val eod gap: 0.0280
begin calculating influence
[Strategy 2] Acc of expected label: 0.7465234375
calculating influence -- done
Use 7675 samples. Get 10948 labels. Ratio: 0.7010412860796492
Files already downloaded and verified
3255 originally labeled samples, 4420 new samples, and 155095 unlabeled samples. Total: 162770
 66.65% | time: 691.9s (293.0m) | step:   5085 | train acc: 1.000 | train loss: 0.002 |test acc: 0.769 (0.862, 0.621) | test eod gap: 0.0795
 66.65% | time:   1.4s (293.0m) | step:   5085 | train acc: 1.000 | train loss: 0.002 |val acc: 0.778 (0.861, 0.650) | val eod gap: 0.0226
begin calculating influence
[Strategy 2] Acc of expected label: 0.7535546875
calculating influence -- done
Use 7798 samples. Get 11192 labels. Ratio: 0.6967476769120801
Files already downloaded and verified
3255 originally labeled samples, 4543 new samples, and 154972 unlabeled samples. Total: 162770
Epoch 8
 69.29% | time: 752.8s (305.6m) | step:   5286 | train acc: 1.000 | train loss: 0.001 |test acc: 0.767 (0.861, 0.618) | test eod gap: 0.0803
 69.29% | time:   1.5s (305.6m) | step:   5286 | train acc: 1.000 | train loss: 0.001 |val acc: 0.776 (0.852, 0.658) | val eod gap: 0.0164
begin calculating influence
[Strategy 2] Acc of expected label: 0.7483203125
calculating influence -- done
Use 7888 samples. Get 11345 labels. Ratio: 0.6952842661965624
Files already downloaded and verified
3255 originally labeled samples, 4633 new samples, and 154882 unlabeled samples. Total: 162770
 71.91% | time: 751.4s (318.1m) | step:   5486 | train acc: 1.000 | train loss: 0.000 |test acc: 0.771 (0.865, 0.622) | test eod gap: 0.0763
 71.91% | time:   1.5s (318.1m) | step:   5486 | train acc: 1.000 | train loss: 0.000 |val acc: 0.778 (0.866, 0.647) | val eod gap: 0.0277
begin calculating influence
[Strategy 2] Acc of expected label: 0.7479296875
calculating influence -- done
Use 8144 samples. Get 11897 labels. Ratio: 0.6845423215936791
Files already downloaded and verified
3255 originally labeled samples, 4889 new samples, and 154626 unlabeled samples. Total: 162770
 74.53% | time: 753.0s (330.7m) | step:   5686 | train acc: 0.996 | train loss: 0.012 |test acc: 0.755 (0.847, 0.608) | test eod gap: 0.1097
 74.53% | time:   1.5s (330.7m) | step:   5686 | train acc: 0.996 | train loss: 0.012 |val acc: 0.766 (0.851, 0.631) | val eod gap: 0.0509
begin calculating influence
[Strategy 2] Acc of expected label: 0.7383984375
calculating influence -- done
Use 8298 samples. Get 12270 labels. Ratio: 0.6762836185819071
Files already downloaded and verified
3255 originally labeled samples, 5043 new samples, and 154472 unlabeled samples. Total: 162770
 74.99% | time: 693.0s (342.3m) | step:   5721 | train acc: 0.988 | train loss: 0.022 |test acc: 0.765 (0.859, 0.617) | test eod gap: 0.0903
 74.99% | time:   1.5s (342.3m) | step:   5721 | train acc: 0.988 | train loss: 0.022 |val acc: 0.769 (0.856, 0.631) | val eod gap: 0.0466
begin calculating influence
[Strategy 2] Acc of expected label: 0.75
calculating influence -- done
Use 8435 samples. Get 12559 labels. Ratio: 0.6716299068397166
Files already downloaded and verified
3255 originally labeled samples, 5180 new samples, and 154335 unlabeled samples. Total: 162770
Epoch 9
 77.62% | time: 751.8s (354.8m) | step:   5922 | train acc: 0.996 | train loss: 0.006 |test acc: 0.759 (0.848, 0.617) | test eod gap: 0.0908
 77.62% | time:   1.4s (354.8m) | step:   5922 | train acc: 0.996 | train loss: 0.006 |val acc: 0.769 (0.851, 0.640) | val eod gap: 0.0311
begin calculating influence
[Strategy 2] Acc of expected label: 0.7486328125
calculating influence -- done
Use 8505 samples. Get 12713 labels. Ratio: 0.6690002359789192
Files already downloaded and verified
3255 originally labeled samples, 5250 new samples, and 154265 unlabeled samples. Total: 162770
 80.25% | time: 751.2s (367.4m) | step:   6122 | train acc: 1.000 | train loss: 0.001 |test acc: 0.763 (0.853, 0.619) | test eod gap: 0.0968
 80.25% | time:   1.4s (367.4m) | step:   6122 | train acc: 1.000 | train loss: 0.001 |val acc: 0.770 (0.851, 0.640) | val eod gap: 0.0417
begin calculating influence
[Strategy 2] Acc of expected label: 0.750546875
calculating influence -- done
Use 8755 samples. Get 13249 labels. Ratio: 0.6608045890255868
Files already downloaded and verified
3255 originally labeled samples, 5500 new samples, and 154015 unlabeled samples. Total: 162770
 82.87% | time: 741.9s (379.7m) | step:   6322 | train acc: 1.000 | train loss: 0.002 |test acc: 0.741 (0.826, 0.606) | test eod gap: 0.0853
 82.87% | time:   1.4s (379.8m) | step:   6322 | train acc: 1.000 | train loss: 0.002 |val acc: 0.738 (0.817, 0.619) | val eod gap: 0.0415
begin calculating influence
[Strategy 2] Acc of expected label: 0.7336328125
calculating influence -- done
Use 9011 samples. Get 13863 labels. Ratio: 0.6500036067229316
Files already downloaded and verified
3255 originally labeled samples, 5756 new samples, and 153759 unlabeled samples. Total: 162770
 83.33% | time: 682.4s (391.1m) | step:   6357 | train acc: 0.992 | train loss: 0.023 |test acc: 0.740 (0.821, 0.612) | test eod gap: 0.1155
 83.33% | time:   1.4s (391.2m) | step:   6357 | train acc: 0.992 | train loss: 0.023 |val acc: 0.747 (0.825, 0.623) | val eod gap: 0.0563
begin calculating influence
[Strategy 2] Acc of expected label: 0.72765625
calculating influence -- done
Use 9267 samples. Get 14213 labels. Ratio: 0.6520087244072328
Files already downloaded and verified
3255 originally labeled samples, 6012 new samples, and 153503 unlabeled samples. Total: 162770
Epoch 10
 85.96% | time: 746.0s (403.6m) | step:   6558 | train acc: 1.000 | train loss: 0.001 |test acc: 0.756 (0.844, 0.618) | test eod gap: 0.1017
 85.96% | time:   1.4s (403.6m) | step:   6558 | train acc: 1.000 | train loss: 0.001 |val acc: 0.777 (0.853, 0.657) | val eod gap: 0.0884
begin calculating influence
[Strategy 2] Acc of expected label: 0.7444140625
calculating influence -- done
Use 9523 samples. Get 14893 labels. Ratio: 0.6394279191566508
Files already downloaded and verified
3255 originally labeled samples, 6268 new samples, and 153247 unlabeled samples. Total: 162770
 88.58% | time: 744.2s (416.0m) | step:   6758 | train acc: 0.996 | train loss: 0.023 |test acc: 0.757 (0.842, 0.622) | test eod gap: 0.1107
 88.58% | time:   1.5s (416.0m) | step:   6758 | train acc: 0.996 | train loss: 0.023 |val acc: 0.778 (0.850, 0.663) | val eod gap: 0.0552
begin calculating influence
[Strategy 2] Acc of expected label: 0.743671875
calculating influence -- done
Use 9586 samples. Get 15006 labels. Ratio: 0.6388111422097827
Files already downloaded and verified
3255 originally labeled samples, 6331 new samples, and 153184 unlabeled samples. Total: 162770
 91.20% | time: 753.7s (428.6m) | step:   6958 | train acc: 1.000 | train loss: 0.003 |test acc: 0.753 (0.837, 0.620) | test eod gap: 0.1094
 91.20% | time:   1.5s (428.6m) | step:   6958 | train acc: 1.000 | train loss: 0.003 |val acc: 0.768 (0.844, 0.647) | val eod gap: 0.0781
begin calculating influence
[Strategy 2] Acc of expected label: 0.7441796875
calculating influence -- done
Use 9842 samples. Get 15347 labels. Ratio: 0.6412979735453183
Files already downloaded and verified
3255 originally labeled samples, 6587 new samples, and 152928 unlabeled samples. Total: 162770
 91.66% | time: 682.6s (440.0m) | step:   6993 | train acc: 0.992 | train loss: 0.016 |test acc: 0.766 (0.853, 0.628) | test eod gap: 0.1134
 91.66% | time:   1.4s (440.0m) | step:   6993 | train acc: 0.992 | train loss: 0.016 |val acc: 0.771 (0.854, 0.638) | val eod gap: 0.0631
begin calculating influence
[Strategy 2] Acc of expected label: 0.7491796875
calculating influence -- done
Use 9863 samples. Get 15388 labels. Ratio: 0.6409539901221731
Files already downloaded and verified
3255 originally labeled samples, 6608 new samples, and 152907 unlabeled samples. Total: 162770
Epoch 11
 94.30% | time: 751.7s (452.6m) | step:   7194 | train acc: 1.000 | train loss: 0.000 |test acc: 0.758 (0.843, 0.622) | test eod gap: 0.1119
 94.30% | time:   1.4s (452.6m) | step:   7194 | train acc: 1.000 | train loss: 0.000 |val acc: 0.778 (0.861, 0.648) | val eod gap: 0.0759
begin calculating influence
[Strategy 2] Acc of expected label: 0.747734375
calculating influence -- done
Use 10026 samples. Get 15680 labels. Ratio: 0.6394132653061224
Files already downloaded and verified
3255 originally labeled samples, 6771 new samples, and 152744 unlabeled samples. Total: 162770
 96.92% | time: 745.6s (465.0m) | step:   7394 | train acc: 1.000 | train loss: 0.000 |test acc: 0.761 (0.849, 0.622) | test eod gap: 0.1238
 96.92% | time:   1.5s (465.0m) | step:   7394 | train acc: 1.000 | train loss: 0.000 |val acc: 0.766 (0.845, 0.643) | val eod gap: 0.0833
begin calculating influence
[Strategy 2] Acc of expected label: 0.7548828125
calculating influence -- done
Use 10121 samples. Get 15887 labels. Ratio: 0.6370617485994838
Files already downloaded and verified
3255 originally labeled samples, 6866 new samples, and 152649 unlabeled samples. Total: 162770
 99.54% | time: 753.0s (477.6m) | step:   7594 | train acc: 0.996 | train loss: 0.006 |test acc: 0.767 (0.856, 0.626) | test eod gap: 0.1185
 99.54% | time:   1.4s (477.6m) | step:   7594 | train acc: 0.996 | train loss: 0.006 |val acc: 0.774 (0.868, 0.632) | val eod gap: 0.0823
begin calculating influence
[Strategy 2] Acc of expected label: 0.753359375
calculating influence -- done
Use 10154 samples. Get 15966 labels. Ratio: 0.6359764499561569
Files already downloaded and verified
3255 originally labeled samples, 6899 new samples, and 152616 unlabeled samples. Total: 162770
100.00% | time: 685.4s (489.0m) | step:   7629 | train acc: 0.992 | train loss: 0.013 |test acc: 0.746 (0.832, 0.611) | test eod gap: 0.1324
100.00% | time:   1.4s (489.1m) | step:   7629 | train acc: 0.992 | train loss: 0.013 |val acc: 0.764 (0.839, 0.647) | val eod gap: 0.0517
begin calculating influence
[Strategy 2] Acc of expected label: 0.7416796875
calculating influence -- done
Use 10410 samples. Get 16380 labels. Ratio: 0.6355311355311355
Files already downloaded and verified
3255 originally labeled samples, 7155 new samples, and 152360 unlabeled samples. Total: 162770
