Files already downloaded and verified
3255 labeled samples and 159515 unlabeled samples. Total: 162770
Files already downloaded and verified
1996 labeled samples and 17966 unlabeled samples. Total: 19962
Numer of layers 200
train net...
train with 162770 samples (with replacement) in one epoch
Epoch 0
  2.62% | time:  97.0s (  1.6m) | step:    200 | train acc: 0.965 | train loss: 0.100 |warm_t acc: 0.762 (0.850, 0.623) | warm_t eop gap: 0.1973
  2.62% | time:   4.5s (  1.7m) | step:    200 | train acc: 0.965 | train loss: 0.100 |warm_v acc: 0.762 (0.848, 0.617) | warm_v eop gap: 0.2062
  5.24% | time:  81.9s (  3.1m) | step:    400 | train acc: 0.703 | train loss: 0.730 |warm_t acc: 0.641 (0.701, 0.546) | warm_t eop gap: 0.1308
  5.24% | time:   1.4s (  3.1m) | step:    400 | train acc: 0.703 | train loss: 0.730 |warm_v acc: 0.625 (0.704, 0.499) | warm_v eop gap: 0.0900
  7.86% | time:  81.7s (  4.4m) | step:    600 | train acc: 0.832 | train loss: 0.405 |warm_t acc: 0.761 (0.862, 0.601) | warm_t eop gap: 0.2031
  7.86% | time:   1.4s (  4.5m) | step:    600 | train acc: 0.832 | train loss: 0.405 |warm_v acc: 0.755 (0.855, 0.593) | warm_v eop gap: 0.1762
  8.32% | time:  21.8s (  4.8m) | step:    635 | train acc: 0.836 | train loss: 0.358 |warm_t acc: 0.783 (0.881, 0.628) | warm_t eop gap: 0.1738
  8.32% | time:   1.4s (  4.9m) | step:    635 | train acc: 0.836 | train loss: 0.358 |warm_v acc: 0.770 (0.883, 0.600) | warm_v eop gap: 0.1112
Epoch 1
 10.95% | time:  81.9s (  6.2m) | step:    835 | train acc: 0.922 | train loss: 0.192 |warm_t acc: 0.754 (0.845, 0.608) | warm_t eop gap: 0.2499
 10.95% | time:   1.5s (  6.2m) | step:    835 | train acc: 0.922 | train loss: 0.192 |warm_v acc: 0.738 (0.832, 0.589) | warm_v eop gap: 0.1583
 13.57% | time:  81.1s (  7.6m) | step:   1035 | train acc: 1.000 | train loss: 0.003 |warm_t acc: 0.744 (0.832, 0.604) | warm_t eop gap: 0.2235
 13.57% | time:   1.4s (  7.6m) | step:   1035 | train acc: 1.000 | train loss: 0.003 |warm_v acc: 0.744 (0.829, 0.611) | warm_v eop gap: 0.2064
 16.19% | time:  80.3s (  9.0m) | step:   1235 | train acc: 1.000 | train loss: 0.000 |warm_t acc: 0.744 (0.830, 0.606) | warm_t eop gap: 0.2274
 16.19% | time:   1.6s (  9.0m) | step:   1235 | train acc: 1.000 | train loss: 0.000 |warm_v acc: 0.745 (0.829, 0.623) | warm_v eop gap: 0.2576
 16.65% | time:  21.3s (  9.3m) | step:   1270 | train acc: 1.000 | train loss: 0.000 |warm_t acc: 0.744 (0.830, 0.607) | warm_t eop gap: 0.2309
 16.65% | time:   1.5s (  9.4m) | step:   1270 | train acc: 1.000 | train loss: 0.000 |warm_v acc: 0.755 (0.841, 0.618) | warm_v eop gap: 0.2140
Epoch 2
 19.28% | time:  78.8s ( 10.7m) | step:   1471 | train acc: 1.000 | train loss: 0.000 |test acc: 0.744 (0.831, 0.606) | test eop gap: 0.2253
 19.28% | time:   1.3s ( 10.7m) | step:   1471 | train acc: 1.000 | train loss: 0.000 |val acc: 0.753 (0.842, 0.610) | val eop gap: 0.1708
begin calculating influence
selected layers: [Traced<ShapedArray(float32[768])>with<DynamicJaxprTrace(level=0/1)>, Traced<ShapedArray(float32[8,8,3,768])>with<DynamicJaxprTrace(level=0/1)>, Traced<ShapedArray(float32[2])>with<DynamicJaxprTrace(level=0/1)>, Traced<ShapedArray(float32[768,2])>with<DynamicJaxprTrace(level=0/1)>]
calculating influence -- done
length of new labels 256
Use 3255+256 = 3511 samples.
Files already downloaded and verified
3511 labeled samples and 159259 unlabeled samples. Total: 162770
 21.90% | time: 758.2s ( 23.3m) | step:   1671 | train acc: 0.922 | train loss: 0.241 |test acc: 0.756 (0.847, 0.612) | test eop gap: 0.2125
 21.90% | time:   1.5s ( 23.4m) | step:   1671 | train acc: 0.922 | train loss: 0.241 |val acc: 0.742 (0.844, 0.585) | val eop gap: 0.2110
begin calculating influence
calculating influence -- done
length of new labels 512
Use 3255+512 = 3767 samples.
Files already downloaded and verified
3767 labeled samples and 159003 unlabeled samples. Total: 162770
 24.52% | time: 741.5s ( 35.7m) | step:   1871 | train acc: 0.996 | train loss: 0.013 |test acc: 0.750 (0.839, 0.609) | test eop gap: 0.2278
 24.52% | time:   1.6s ( 35.7m) | step:   1871 | train acc: 0.996 | train loss: 0.013 |val acc: 0.736 (0.837, 0.581) | val eop gap: 0.1850
begin calculating influence
calculating influence -- done
length of new labels 768
Use 3255+768 = 4023 samples.
Files already downloaded and verified
4023 labeled samples and 158747 unlabeled samples. Total: 162770
 24.98% | time: 675.4s ( 47.0m) | step:   1906 | train acc: 0.934 | train loss: 0.172 |test acc: 0.761 (0.858, 0.607) | test eop gap: 0.1675
 24.98% | time:   1.4s ( 47.0m) | step:   1906 | train acc: 0.934 | train loss: 0.172 |val acc: 0.751 (0.843, 0.603) | val eop gap: 0.1041
begin calculating influence
calculating influence -- done
length of new labels 1024
Use 3255+1024 = 4279 samples.
Files already downloaded and verified
4279 labeled samples and 158491 unlabeled samples. Total: 162770
Epoch 3
 27.62% | time: 750.2s ( 59.5m) | step:   2107 | train acc: 0.984 | train loss: 0.046 |test acc: 0.756 (0.846, 0.613) | test eop gap: 0.1855
 27.62% | time:   1.4s ( 59.5m) | step:   2107 | train acc: 0.984 | train loss: 0.046 |val acc: 0.742 (0.830, 0.606) | val eop gap: 0.1196
begin calculating influence
calculating influence -- done
length of new labels 1097
Use 3255+1097 = 4352 samples.
Files already downloaded and verified
4352 labeled samples and 158418 unlabeled samples. Total: 162770
 30.24% | time: 743.4s ( 71.9m) | step:   2307 | train acc: 1.000 | train loss: 0.000 |test acc: 0.772 (0.866, 0.624) | test eop gap: 0.1494
 30.24% | time:   1.4s ( 72.0m) | step:   2307 | train acc: 1.000 | train loss: 0.000 |val acc: 0.767 (0.869, 0.604) | val eop gap: 0.0969
begin calculating influence
calculating influence -- done
length of new labels 1146
Use 3255+1146 = 4401 samples.
Files already downloaded and verified
4401 labeled samples and 158369 unlabeled samples. Total: 162770
 32.86% | time: 744.2s ( 84.4m) | step:   2507 | train acc: 1.000 | train loss: 0.000 |test acc: 0.771 (0.864, 0.622) | test eop gap: 0.1502
 32.86% | time:   1.4s ( 84.4m) | step:   2507 | train acc: 1.000 | train loss: 0.000 |val acc: 0.758 (0.867, 0.589) | val eop gap: 0.0530
begin calculating influence
calculating influence -- done
length of new labels 1364
Use 3255+1364 = 4619 samples.
Files already downloaded and verified
4619 labeled samples and 158151 unlabeled samples. Total: 162770
 33.32% | time: 677.2s ( 95.7m) | step:   2542 | train acc: 1.000 | train loss: 0.002 |test acc: 0.762 (0.853, 0.618) | test eop gap: 0.1580
 33.32% | time:   1.4s ( 95.7m) | step:   2542 | train acc: 1.000 | train loss: 0.002 |val acc: 0.742 (0.841, 0.591) | val eop gap: 0.0530
begin calculating influence
calculating influence -- done
length of new labels 1620
Use 3255+1620 = 4875 samples.
Files already downloaded and verified
4875 labeled samples and 157895 unlabeled samples. Total: 162770
Epoch 4
 35.95% | time: 739.9s (108.0m) | step:   2743 | train acc: 1.000 | train loss: 0.000 |test acc: 0.765 (0.858, 0.618) | test eop gap: 0.1376
 35.95% | time:   1.6s (108.1m) | step:   2743 | train acc: 1.000 | train loss: 0.000 |val acc: 0.755 (0.864, 0.586) | val eop gap: 0.0536
begin calculating influence
calculating influence -- done
length of new labels 1800
Use 3255+1800 = 5055 samples.
Files already downloaded and verified
5055 labeled samples and 157715 unlabeled samples. Total: 162770
 38.58% | time: 738.9s (120.4m) | step:   2943 | train acc: 1.000 | train loss: 0.000 |test acc: 0.762 (0.853, 0.617) | test eop gap: 0.1451
 38.58% | time:   1.4s (120.4m) | step:   2943 | train acc: 1.000 | train loss: 0.000 |val acc: 0.755 (0.851, 0.609) | val eop gap: 0.0610
begin calculating influence
calculating influence -- done
length of new labels 1851
Use 3255+1851 = 5106 samples.
Files already downloaded and verified
5106 labeled samples and 157664 unlabeled samples. Total: 162770
 41.20% | time: 741.1s (132.7m) | step:   3143 | train acc: 1.000 | train loss: 0.000 |test acc: 0.759 (0.848, 0.617) | test eop gap: 0.1573
 41.20% | time:   1.4s (132.8m) | step:   3143 | train acc: 1.000 | train loss: 0.000 |val acc: 0.734 (0.833, 0.582) | val eop gap: 0.0596
begin calculating influence
calculating influence -- done
length of new labels 2107
Use 3255+2107 = 5362 samples.
Files already downloaded and verified
5362 labeled samples and 157408 unlabeled samples. Total: 162770
 41.66% | time: 676.0s (144.0m) | step:   3178 | train acc: 0.824 | train loss: 0.354 |test acc: 0.761 (0.855, 0.610) | test eop gap: 0.1452
 41.66% | time:   1.4s (144.1m) | step:   3178 | train acc: 0.824 | train loss: 0.354 |val acc: 0.744 (0.849, 0.585) | val eop gap: 0.1127
begin calculating influence
calculating influence -- done
length of new labels 2363
Use 3255+2363 = 5618 samples.
Files already downloaded and verified
5618 labeled samples and 157152 unlabeled samples. Total: 162770
Epoch 5
 44.29% | time: 739.9s (156.4m) | step:   3379 | train acc: 0.988 | train loss: 0.019 |test acc: 0.760 (0.850, 0.618) | test eop gap: 0.1426
 44.29% | time:   1.5s (156.4m) | step:   3379 | train acc: 0.988 | train loss: 0.019 |val acc: 0.751 (0.846, 0.603) | val eop gap: 0.0493
begin calculating influence
calculating influence -- done
length of new labels 2619
Use 3255+2619 = 5874 samples.
Files already downloaded and verified
5874 labeled samples and 156896 unlabeled samples. Total: 162770
 46.91% | time: 741.3s (168.8m) | step:   3579 | train acc: 1.000 | train loss: 0.003 |test acc: 0.743 (0.826, 0.611) | test eop gap: 0.1374
 46.91% | time:   1.5s (168.8m) | step:   3579 | train acc: 1.000 | train loss: 0.003 |val acc: 0.720 (0.818, 0.565) | val eop gap: 0.0229
begin calculating influence
[Strategy 5] Acc of expected label: 0.73359375
calculating influence -- done
Use 6130 samples. Get 3929 labels. Ratio: 1.5601934334436243
Files already downloaded and verified
6130 labeled samples and 156640 unlabeled samples. Total: 162770
 49.53% | time: 739.0s (181.1m) | step:   3779 | train acc: 1.000 | train loss: 0.001 |test acc: 0.741 (0.824, 0.611) | test eop gap: 0.1740
 49.53% | time:   1.4s (181.1m) | step:   3779 | train acc: 1.000 | train loss: 0.001 |val acc: 0.740 (0.826, 0.609) | val eop gap: 0.0527
begin calculating influence
calculating influence -- done
length of new labels 2875
Use 3511+2875 = 6386 samples.
Files already downloaded and verified
6386 labeled samples and 156384 unlabeled samples. Total: 162770
 49.99% | time: 677.2s (192.4m) | step:   3814 | train acc: 1.000 | train loss: 0.009 |test acc: 0.755 (0.840, 0.619) | test eop gap: 0.1576
 49.99% | time:   1.4s (192.4m) | step:   3814 | train acc: 1.000 | train loss: 0.009 |val acc: 0.746 (0.843, 0.598) | val eop gap: 0.0752
begin calculating influence
calculating influence -- done
length of new labels 3131
Use 3511+3131 = 6642 samples.
Files already downloaded and verified
6642 labeled samples and 156128 unlabeled samples. Total: 162770
Epoch 6
 52.62% | time: 739.7s (204.8m) | step:   4014 | train acc: 0.996 | train loss: 0.008 |test acc: 0.742 (0.822, 0.615) | test eop gap: 0.1765
 52.62% | time:   1.5s (204.8m) | step:   4014 | train acc: 0.996 | train loss: 0.008 |val acc: 0.720 (0.818, 0.568) | val eop gap: 0.0572
begin calculating influence
[Strategy 5] Acc of expected label: 0.72796875
calculating influence -- done
Use 6898 samples. Get 4282 labels. Ratio: 1.610929472209248
Files already downloaded and verified
6898 labeled samples and 155872 unlabeled samples. Total: 162770
 55.24% | time: 741.7s (217.2m) | step:   4214 | train acc: 1.000 | train loss: 0.000 |test acc: 0.750 (0.830, 0.622) | test eop gap: 0.1628
 55.24% | time:   1.5s (217.2m) | step:   4214 | train acc: 1.000 | train loss: 0.000 |val acc: 0.751 (0.838, 0.615) | val eop gap: 0.0749
begin calculating influence
calculating influence -- done
length of new labels 3387
Use 3767+3387 = 7154 samples.
Files already downloaded and verified
7154 labeled samples and 155616 unlabeled samples. Total: 162770
 57.86% | time: 742.3s (229.6m) | step:   4414 | train acc: 1.000 | train loss: 0.004 |test acc: 0.738 (0.819, 0.609) | test eop gap: 0.1510
 57.86% | time:   1.4s (229.6m) | step:   4414 | train acc: 1.000 | train loss: 0.004 |val acc: 0.738 (0.834, 0.590) | val eop gap: 0.0313
begin calculating influence
calculating influence -- done
length of new labels 3643
Use 3767+3643 = 7410 samples.
Files already downloaded and verified
7410 labeled samples and 155360 unlabeled samples. Total: 162770
 58.32% | time: 678.4s (240.9m) | step:   4449 | train acc: 0.992 | train loss: 0.019 |test acc: 0.741 (0.822, 0.611) | test eop gap: 0.1343
 58.32% | time:   1.4s (240.9m) | step:   4449 | train acc: 0.992 | train loss: 0.019 |val acc: 0.746 (0.830, 0.617) | val eop gap: 0.0612
begin calculating influence
calculating influence -- done
length of new labels 3899
Use 3767+3899 = 7666 samples.
Files already downloaded and verified
7666 labeled samples and 155104 unlabeled samples. Total: 162770
Epoch 7
 60.95% | time: 741.1s (253.3m) | step:   4650 | train acc: 1.000 | train loss: 0.000 |test acc: 0.753 (0.839, 0.618) | test eop gap: 0.1448
 60.95% | time:   1.4s (253.3m) | step:   4650 | train acc: 1.000 | train loss: 0.000 |val acc: 0.748 (0.840, 0.603) | val eop gap: 0.0851
begin calculating influence
calculating influence -- done
length of new labels 4155
Use 3767+4155 = 7922 samples.
Files already downloaded and verified
7922 labeled samples and 154848 unlabeled samples. Total: 162770
 63.57% | time: 739.3s (265.6m) | step:   4850 | train acc: 1.000 | train loss: 0.005 |test acc: 0.747 (0.830, 0.615) | test eop gap: 0.1624
 63.57% | time:   1.5s (265.6m) | step:   4850 | train acc: 1.000 | train loss: 0.005 |val acc: 0.752 (0.837, 0.621) | val eop gap: 0.0767
begin calculating influence
calculating influence -- done
length of new labels 4411
Use 3767+4411 = 8178 samples.
Files already downloaded and verified
8178 labeled samples and 154592 unlabeled samples. Total: 162770
 66.19% | time: 739.6s (278.0m) | step:   5050 | train acc: 1.000 | train loss: 0.001 |test acc: 0.749 (0.828, 0.624) | test eop gap: 0.1670
 66.19% | time:   1.4s (278.0m) | step:   5050 | train acc: 1.000 | train loss: 0.001 |val acc: 0.748 (0.835, 0.612) | val eop gap: 0.0146
begin calculating influence
calculating influence -- done
length of new labels 4667
Use 3767+4667 = 8434 samples.
Files already downloaded and verified
8434 labeled samples and 154336 unlabeled samples. Total: 162770
 66.65% | time: 677.8s (289.3m) | step:   5085 | train acc: 1.000 | train loss: 0.006 |test acc: 0.731 (0.806, 0.610) | test eop gap: 0.1591
 66.65% | time:   1.4s (289.3m) | step:   5085 | train acc: 1.000 | train loss: 0.006 |val acc: 0.725 (0.809, 0.591) | val eop gap: 0.0151
begin calculating influence
[Strategy 5] Acc of expected label: 0.72203125
calculating influence -- done
Use 8690 samples. Get 4911 labels. Ratio: 1.7694970474445124
Files already downloaded and verified
8690 labeled samples and 154080 unlabeled samples. Total: 162770
Epoch 8
 69.29% | time: 740.9s (301.6m) | step:   5286 | train acc: 1.000 | train loss: 0.002 |test acc: 0.741 (0.817, 0.619) | test eop gap: 0.1677
 69.29% | time:   1.4s (301.7m) | step:   5286 | train acc: 1.000 | train loss: 0.002 |val acc: 0.743 (0.834, 0.601) | val eop gap: 0.0322
begin calculating influence
calculating influence -- done
length of new labels 4923
Use 4023+4923 = 8946 samples.
Files already downloaded and verified
8946 labeled samples and 153824 unlabeled samples. Total: 162770
 71.91% | time: 740.4s (314.0m) | step:   5486 | train acc: 1.000 | train loss: 0.005 |test acc: 0.735 (0.812, 0.611) | test eop gap: 0.1842
 71.91% | time:   1.4s (314.0m) | step:   5486 | train acc: 1.000 | train loss: 0.005 |val acc: 0.740 (0.824, 0.605) | val eop gap: 0.0736
begin calculating influence
calculating influence -- done
length of new labels 5179
Use 4023+5179 = 9202 samples.
Files already downloaded and verified
9202 labeled samples and 153568 unlabeled samples. Total: 162770
 74.53% | time: 740.5s (326.4m) | step:   5686 | train acc: 1.000 | train loss: 0.003 |test acc: 0.743 (0.823, 0.616) | test eop gap: 0.1461
 74.53% | time:   1.4s (326.4m) | step:   5686 | train acc: 1.000 | train loss: 0.003 |val acc: 0.740 (0.816, 0.618) | val eop gap: 0.0300
begin calculating influence
calculating influence -- done
length of new labels 5435
Use 4023+5435 = 9458 samples.
Files already downloaded and verified
9458 labeled samples and 153312 unlabeled samples. Total: 162770
 74.99% | time: 678.2s (337.7m) | step:   5721 | train acc: 0.980 | train loss: 0.088 |test acc: 0.714 (0.789, 0.594) | test eop gap: 0.1596
 74.99% | time:   1.4s (337.7m) | step:   5721 | train acc: 0.980 | train loss: 0.088 |val acc: 0.729 (0.803, 0.613) | val eop gap: 0.0595
begin calculating influence
[Strategy 5] Acc of expected label: 0.7126171875
calculating influence -- done
Use 9714 samples. Get 5286 labels. Ratio: 1.8376844494892168
Files already downloaded and verified
9714 labeled samples and 153056 unlabeled samples. Total: 162770
Epoch 9
 77.62% | time: 739.2s (350.0m) | step:   5922 | train acc: 1.000 | train loss: 0.001 |test acc: 0.734 (0.810, 0.613) | test eop gap: 0.1386
 77.62% | time:   1.4s (350.1m) | step:   5922 | train acc: 1.000 | train loss: 0.001 |val acc: 0.723 (0.801, 0.604) | val eop gap: 0.0783
begin calculating influence
[Strategy 5] Acc of expected label: 0.7291015625
calculating influence -- done
Use 9970 samples. Get 5653 labels. Ratio: 1.7636653104546258
Files already downloaded and verified
9970 labeled samples and 152800 unlabeled samples. Total: 162770
 80.25% | time: 738.7s (362.4m) | step:   6122 | train acc: 0.992 | train loss: 0.014 |test acc: 0.739 (0.816, 0.617) | test eop gap: 0.1687
 80.25% | time:   1.4s (362.4m) | step:   6122 | train acc: 0.992 | train loss: 0.014 |val acc: 0.740 (0.832, 0.594) | val eop gap: 0.0528
begin calculating influence
calculating influence -- done
length of new labels 5691
Use 4535+5691 = 10226 samples.
Files already downloaded and verified
10226 labeled samples and 152544 unlabeled samples. Total: 162770
 82.87% | time: 739.9s (374.7m) | step:   6322 | train acc: 1.000 | train loss: 0.002 |test acc: 0.750 (0.830, 0.622) | test eop gap: 0.1705
 82.87% | time:   1.3s (374.8m) | step:   6322 | train acc: 1.000 | train loss: 0.002 |val acc: 0.744 (0.824, 0.616) | val eop gap: 0.0594
begin calculating influence
calculating influence -- done
length of new labels 5947
Use 4535+5947 = 10482 samples.
Files already downloaded and verified
10482 labeled samples and 152288 unlabeled samples. Total: 162770
 83.33% | time: 679.0s (386.1m) | step:   6357 | train acc: 1.000 | train loss: 0.003 |test acc: 0.726 (0.805, 0.600) | test eop gap: 0.1457
 83.33% | time:   1.5s (386.1m) | step:   6357 | train acc: 1.000 | train loss: 0.003 |val acc: 0.743 (0.816, 0.628) | val eop gap: 0.1266
begin calculating influence
calculating influence -- done
length of new labels 6203
Use 4535+6203 = 10738 samples.
Files already downloaded and verified
10738 labeled samples and 152032 unlabeled samples. Total: 162770
Epoch 10
 85.96% | time: 741.2s (398.5m) | step:   6558 | train acc: 1.000 | train loss: 0.004 |test acc: 0.744 (0.821, 0.621) | test eop gap: 0.1609
 85.96% | time:   1.3s (398.5m) | step:   6558 | train acc: 1.000 | train loss: 0.004 |val acc: 0.727 (0.825, 0.576) | val eop gap: 0.0097
begin calculating influence
[Strategy 5] Acc of expected label: 0.7314453125
calculating influence -- done
Use 10994 samples. Get 6190 labels. Ratio: 1.7760904684975767
Files already downloaded and verified
10994 labeled samples and 151776 unlabeled samples. Total: 162770
 88.58% | time: 741.3s (410.8m) | step:   6758 | train acc: 1.000 | train loss: 0.005 |test acc: 0.751 (0.833, 0.621) | test eop gap: 0.1504
 88.58% | time:   1.4s (410.9m) | step:   6758 | train acc: 1.000 | train loss: 0.005 |val acc: 0.747 (0.843, 0.601) | val eop gap: 0.0004
begin calculating influence
calculating influence -- done
length of new labels 6459
Use 4791+6459 = 11250 samples.
Files already downloaded and verified
11250 labeled samples and 151520 unlabeled samples. Total: 162770
 91.20% | time: 738.9s (423.2m) | step:   6958 | train acc: 1.000 | train loss: 0.002 |test acc: 0.739 (0.818, 0.613) | test eop gap: 0.1641
 91.20% | time:   1.3s (423.2m) | step:   6958 | train acc: 1.000 | train loss: 0.002 |val acc: 0.743 (0.815, 0.630) | val eop gap: 0.1326
begin calculating influence
calculating influence -- done
length of new labels 6715
Use 4791+6715 = 11506 samples.
Files already downloaded and verified
11506 labeled samples and 151264 unlabeled samples. Total: 162770
 91.66% | time: 687.5s (434.6m) | step:   6993 | train acc: 0.996 | train loss: 0.014 |test acc: 0.731 (0.810, 0.606) | test eop gap: 0.1600
 91.66% | time:   1.5s (434.7m) | step:   6993 | train acc: 0.996 | train loss: 0.014 |val acc: 0.732 (0.807, 0.616) | val eop gap: 0.1259
begin calculating influence
[Strategy 5] Acc of expected label: 0.7276953125
calculating influence -- done
Use 11762 samples. Get 6738 labels. Ratio: 1.7456218462451767
Files already downloaded and verified
11762 labeled samples and 151008 unlabeled samples. Total: 162770
Epoch 11
 94.30% | time: 736.0s (446.9m) | step:   7194 | train acc: 0.992 | train loss: 0.023 |test acc: 0.738 (0.815, 0.615) | test eop gap: 0.1561
 94.30% | time:   1.4s (447.0m) | step:   7194 | train acc: 0.992 | train loss: 0.023 |val acc: 0.743 (0.835, 0.601) | val eop gap: 0.0810
begin calculating influence
calculating influence -- done
length of new labels 6971
Use 5047+6971 = 12018 samples.
Files already downloaded and verified
12018 labeled samples and 150752 unlabeled samples. Total: 162770
 96.92% | time: 738.2s (459.3m) | step:   7394 | train acc: 0.996 | train loss: 0.008 |test acc: 0.725 (0.798, 0.609) | test eop gap: 0.1441
 96.92% | time:   1.5s (459.3m) | step:   7394 | train acc: 0.996 | train loss: 0.008 |val acc: 0.740 (0.829, 0.604) | val eop gap: 0.0271
begin calculating influence
calculating influence -- done
length of new labels 7227
Use 5047+7227 = 12274 samples.
Files already downloaded and verified
12274 labeled samples and 150496 unlabeled samples. Total: 162770
 99.54% | time: 726.1s (471.4m) | step:   7594 | train acc: 0.996 | train loss: 0.006 |test acc: 0.728 (0.802, 0.610) | test eop gap: 0.1446
 99.54% | time:   1.4s (471.4m) | step:   7594 | train acc: 0.996 | train loss: 0.006 |val acc: 0.731 (0.807, 0.615) | val eop gap: 0.0235
begin calculating influence
[Strategy 5] Acc of expected label: 0.7262890625
calculating influence -- done
Use 12530 samples. Get 7150 labels. Ratio: 1.7524475524475525
Files already downloaded and verified
12530 labeled samples and 150240 unlabeled samples. Total: 162770
100.00% | time: 653.6s (482.3m) | step:   7629 | train acc: 0.996 | train loss: 0.022 |test acc: 0.739 (0.815, 0.619) | test eop gap: 0.1456
100.00% | time:   1.1s (482.3m) | step:   7629 | train acc: 0.996 | train loss: 0.022 |val acc: 0.742 (0.831, 0.606) | val eop gap: 0.0007
begin calculating influence
calculating influence -- done
length of new labels 7483
Use 5303+7483 = 12786 samples.
Files already downloaded and verified
12786 labeled samples and 149984 unlabeled samples. Total: 162770
