Files already downloaded and verified
3255 originally labeled samples, 0 new samples, and 159515 unlabeled samples. Total: 162770
Files already downloaded and verified
1996 originally labeled samples, 0 new samples, and 17966 unlabeled samples. Total: 19962
Numer of layers 200
train net...
train with 162770 samples (with replacement) in one epoch
Epoch 0
  2.62% | time:  94.9s (  1.6m) | step:    200 | train acc: 0.965 | train loss: 0.100 |warm_t acc: 0.762 (0.850, 0.623) | warm_t eop gap: 0.1973
  2.62% | time:   4.7s (  1.7m) | step:    200 | train acc: 0.965 | train loss: 0.100 |warm_v acc: 0.762 (0.848, 0.617) | warm_v eop gap: 0.2062
  5.24% | time:  81.3s (  3.0m) | step:    400 | train acc: 0.703 | train loss: 0.730 |warm_t acc: 0.641 (0.701, 0.546) | warm_t eop gap: 0.1308
  5.24% | time:   1.2s (  3.0m) | step:    400 | train acc: 0.703 | train loss: 0.730 |warm_v acc: 0.625 (0.704, 0.499) | warm_v eop gap: 0.0900
  7.86% | time:  80.5s (  4.4m) | step:    600 | train acc: 0.832 | train loss: 0.405 |warm_t acc: 0.761 (0.862, 0.601) | warm_t eop gap: 0.2031
  7.86% | time:   1.4s (  4.4m) | step:    600 | train acc: 0.832 | train loss: 0.405 |warm_v acc: 0.755 (0.855, 0.593) | warm_v eop gap: 0.1762
  8.32% | time:  22.2s (  4.8m) | step:    635 | train acc: 0.836 | train loss: 0.358 |warm_t acc: 0.783 (0.881, 0.628) | warm_t eop gap: 0.1738
  8.32% | time:   1.3s (  4.8m) | step:    635 | train acc: 0.836 | train loss: 0.358 |warm_v acc: 0.770 (0.883, 0.600) | warm_v eop gap: 0.1112
Epoch 1
 10.95% | time:  81.1s (  6.1m) | step:    835 | train acc: 0.922 | train loss: 0.192 |warm_t acc: 0.754 (0.845, 0.608) | warm_t eop gap: 0.2499
 10.95% | time:   1.2s (  6.2m) | step:    835 | train acc: 0.922 | train loss: 0.192 |warm_v acc: 0.738 (0.832, 0.589) | warm_v eop gap: 0.1583
 13.57% | time:  81.2s (  7.5m) | step:   1035 | train acc: 1.000 | train loss: 0.003 |warm_t acc: 0.744 (0.832, 0.604) | warm_t eop gap: 0.2235
 13.57% | time:   1.1s (  7.5m) | step:   1035 | train acc: 1.000 | train loss: 0.003 |warm_v acc: 0.744 (0.829, 0.611) | warm_v eop gap: 0.2064
 16.19% | time:  80.3s (  8.9m) | step:   1235 | train acc: 1.000 | train loss: 0.000 |warm_t acc: 0.744 (0.830, 0.606) | warm_t eop gap: 0.2274
 16.19% | time:   1.3s (  8.9m) | step:   1235 | train acc: 1.000 | train loss: 0.000 |warm_v acc: 0.745 (0.829, 0.623) | warm_v eop gap: 0.2576
 16.65% | time:  21.2s (  9.3m) | step:   1270 | train acc: 1.000 | train loss: 0.000 |warm_t acc: 0.744 (0.830, 0.607) | warm_t eop gap: 0.2309
 16.65% | time:   1.2s (  9.3m) | step:   1270 | train acc: 1.000 | train loss: 0.000 |warm_v acc: 0.755 (0.841, 0.618) | warm_v eop gap: 0.2140
Epoch 2
 19.28% | time:  79.4s ( 10.6m) | step:   1471 | train acc: 1.000 | train loss: 0.000 |test acc: 0.744 (0.831, 0.606) | test eop gap: 0.2253
 19.28% | time:   1.2s ( 10.6m) | step:   1471 | train acc: 1.000 | train loss: 0.000 |val acc: 0.753 (0.842, 0.610) | val eop gap: 0.1708
begin calculating influence
selected layers: [Traced<ShapedArray(float32[768])>with<DynamicJaxprTrace(level=0/1)>, Traced<ShapedArray(float32[8,8,3,768])>with<DynamicJaxprTrace(level=0/1)>, Traced<ShapedArray(float32[2])>with<DynamicJaxprTrace(level=0/1)>, Traced<ShapedArray(float32[768,2])>with<DynamicJaxprTrace(level=0/1)>]
[Strategy 5] Acc of expected label: 0.730546875
calculating influence -- done
Use 3511 samples. Get 3646 labels. Ratio: 0.9629731212287438
Files already downloaded and verified
3255 originally labeled samples, 256 new samples, and 159259 unlabeled samples. Total: 162770
 21.90% | time: 747.7s ( 23.1m) | step:   1671 | train acc: 0.988 | train loss: 0.041 |test acc: 0.788 (0.895, 0.618) | test eop gap: 0.0000
 21.90% | time:   1.4s ( 23.1m) | step:   1671 | train acc: 0.988 | train loss: 0.041 |val acc: 0.780 (0.880, 0.625) | val eop gap: 0.0000
begin calculating influence
[Strategy 5] Acc of expected label: 0.766328125
calculating influence -- done
Use 3511 samples. Get 3646 labels. Ratio: 0.9629731212287438
Files already downloaded and verified
3255 originally labeled samples, 256 new samples, and 159259 unlabeled samples. Total: 162770
 24.52% | time: 736.6s ( 35.4m) | step:   1871 | train acc: 0.844 | train loss: 0.353 |test acc: 0.765 (0.863, 0.609) | test eop gap: 0.1839
 24.52% | time:   1.3s ( 35.4m) | step:   1871 | train acc: 0.844 | train loss: 0.353 |val acc: 0.757 (0.856, 0.604) | val eop gap: 0.1137
begin calculating influence
[Strategy 5] Acc of expected label: 0.742578125
calculating influence -- done
Use 3767 samples. Get 4019 labels. Ratio: 0.9372978352824085
Files already downloaded and verified
3255 originally labeled samples, 512 new samples, and 159003 unlabeled samples. Total: 162770
 24.98% | time: 676.1s ( 46.7m) | step:   1906 | train acc: 1.000 | train loss: 0.002 |test acc: 0.789 (0.894, 0.622) | test eop gap: 0.0078
 24.98% | time:   1.4s ( 46.7m) | step:   1906 | train acc: 1.000 | train loss: 0.002 |val acc: 0.792 (0.887, 0.638) | val eop gap: 0.0140
begin calculating influence
[Strategy 5] Acc of expected label: 0.7626171875
calculating influence -- done
Use 3767 samples. Get 4020 labels. Ratio: 0.9370646766169154
Files already downloaded and verified
3255 originally labeled samples, 512 new samples, and 159003 unlabeled samples. Total: 162770
Epoch 3
 27.62% | time: 737.1s ( 59.0m) | step:   2107 | train acc: 1.000 | train loss: 0.003 |test acc: 0.788 (0.895, 0.618) | test eop gap: 0.0005
 27.62% | time:   1.4s ( 59.0m) | step:   2107 | train acc: 1.000 | train loss: 0.003 |val acc: 0.781 (0.882, 0.618) | val eop gap: 0.0000
begin calculating influence
[Strategy 5] Acc of expected label: 0.7609765625
calculating influence -- done
Use 3769 samples. Get 4022 labels. Ratio: 0.9370959721531577
Files already downloaded and verified
3255 originally labeled samples, 514 new samples, and 159001 unlabeled samples. Total: 162770
 30.24% | time: 746.2s ( 71.4m) | step:   2307 | train acc: 1.000 | train loss: 0.000 |test acc: 0.788 (0.892, 0.623) | test eop gap: 0.0182
 30.24% | time:   1.3s ( 71.5m) | step:   2307 | train acc: 1.000 | train loss: 0.000 |val acc: 0.781 (0.883, 0.625) | val eop gap: 0.0006
begin calculating influence
[Strategy 5] Acc of expected label: 0.764296875
calculating influence -- done
Use 3769 samples. Get 4022 labels. Ratio: 0.9370959721531577
Files already downloaded and verified
3255 originally labeled samples, 514 new samples, and 159001 unlabeled samples. Total: 162770
 32.86% | time: 737.8s ( 83.8m) | step:   2507 | train acc: 1.000 | train loss: 0.000 |test acc: 0.787 (0.891, 0.623) | test eop gap: 0.0267
 32.86% | time:   1.3s ( 83.8m) | step:   2507 | train acc: 1.000 | train loss: 0.000 |val acc: 0.782 (0.885, 0.621) | val eop gap: 0.0172
begin calculating influence
[Strategy 5] Acc of expected label: 0.7641796875
calculating influence -- done
Use 3771 samples. Get 4024 labels. Ratio: 0.9371272365805169
Files already downloaded and verified
3255 originally labeled samples, 516 new samples, and 158999 unlabeled samples. Total: 162770
 33.32% | time: 682.2s ( 95.1m) | step:   2542 | train acc: 1.000 | train loss: 0.000 |test acc: 0.787 (0.890, 0.624) | test eop gap: 0.0243
 33.32% | time:   1.3s ( 95.2m) | step:   2542 | train acc: 1.000 | train loss: 0.000 |val acc: 0.785 (0.885, 0.625) | val eop gap: 0.0036
begin calculating influence
[Strategy 5] Acc of expected label: 0.76515625
calculating influence -- done
Use 3776 samples. Get 4030 labels. Ratio: 0.9369727047146402
Files already downloaded and verified
3255 originally labeled samples, 521 new samples, and 158994 unlabeled samples. Total: 162770
Epoch 4
 35.95% | time: 747.3s (107.6m) | step:   2743 | train acc: 1.000 | train loss: 0.004 |test acc: 0.789 (0.891, 0.626) | test eop gap: 0.0293
 35.95% | time:   1.3s (107.6m) | step:   2743 | train acc: 1.000 | train loss: 0.004 |val acc: 0.794 (0.891, 0.632) | val eop gap: 0.0005
begin calculating influence
[Strategy 5] Acc of expected label: 0.7659375
calculating influence -- done
Use 3785 samples. Get 4044 labels. Ratio: 0.9359545004945599
Files already downloaded and verified
3255 originally labeled samples, 530 new samples, and 158985 unlabeled samples. Total: 162770
 38.58% | time: 738.7s (120.0m) | step:   2943 | train acc: 1.000 | train loss: 0.000 |test acc: 0.785 (0.884, 0.628) | test eop gap: 0.0572
 38.58% | time:   1.4s (120.0m) | step:   2943 | train acc: 1.000 | train loss: 0.000 |val acc: 0.779 (0.893, 0.604) | val eop gap: 0.0280
begin calculating influence
[Strategy 5] Acc of expected label: 0.7610546875
calculating influence -- done
Use 3793 samples. Get 4057 labels. Ratio: 0.9349272861720483
Files already downloaded and verified
3255 originally labeled samples, 538 new samples, and 158977 unlabeled samples. Total: 162770
 41.20% | time: 740.0s (132.3m) | step:   3143 | train acc: 1.000 | train loss: 0.000 |test acc: 0.787 (0.886, 0.631) | test eop gap: 0.0596
 41.20% | time:   1.4s (132.3m) | step:   3143 | train acc: 1.000 | train loss: 0.000 |val acc: 0.788 (0.885, 0.629) | val eop gap: 0.0350
begin calculating influence
[Strategy 5] Acc of expected label: 0.766171875
calculating influence -- done
Use 3797 samples. Get 4066 labels. Ratio: 0.9338416133792425
Files already downloaded and verified
3255 originally labeled samples, 542 new samples, and 158973 unlabeled samples. Total: 162770
 41.66% | time: 678.5s (143.6m) | step:   3178 | train acc: 1.000 | train loss: 0.000 |test acc: 0.787 (0.887, 0.628) | test eop gap: 0.0504
 41.66% | time:   1.5s (143.7m) | step:   3178 | train acc: 1.000 | train loss: 0.000 |val acc: 0.780 (0.884, 0.618) | val eop gap: 0.0189
begin calculating influence
[Strategy 5] Acc of expected label: 0.76421875
calculating influence -- done
Use 3826 samples. Get 4109 labels. Ratio: 0.9311267948405938
Files already downloaded and verified
3255 originally labeled samples, 571 new samples, and 158944 unlabeled samples. Total: 162770
Epoch 5
 44.29% | time: 740.5s (156.0m) | step:   3379 | train acc: 1.000 | train loss: 0.009 |test acc: 0.778 (0.873, 0.626) | test eop gap: 0.0743
 44.29% | time:   1.4s (156.0m) | step:   3379 | train acc: 1.000 | train loss: 0.009 |val acc: 0.775 (0.883, 0.610) | val eop gap: 0.0566
begin calculating influence
[Strategy 5] Acc of expected label: 0.7605859375
calculating influence -- done
Use 4082 samples. Get 4558 labels. Ratio: 0.8955682316805617
Files already downloaded and verified
3255 originally labeled samples, 827 new samples, and 158688 unlabeled samples. Total: 162770
 46.91% | time: 737.2s (168.3m) | step:   3579 | train acc: 1.000 | train loss: 0.002 |test acc: 0.787 (0.888, 0.627) | test eop gap: 0.0247
 46.91% | time:   1.4s (168.3m) | step:   3579 | train acc: 1.000 | train loss: 0.002 |val acc: 0.788 (0.890, 0.631) | val eop gap: 0.0103
begin calculating influence
[Strategy 5] Acc of expected label: 0.769140625
calculating influence -- done
Use 4338 samples. Get 4959 labels. Ratio: 0.8747731397459165
Files already downloaded and verified
3255 originally labeled samples, 1083 new samples, and 158432 unlabeled samples. Total: 162770
 49.53% | time: 733.1s (180.6m) | step:   3779 | train acc: 1.000 | train loss: 0.011 |test acc: 0.786 (0.886, 0.626) | test eop gap: 0.0273
 49.53% | time:   1.4s (180.6m) | step:   3779 | train acc: 1.000 | train loss: 0.011 |val acc: 0.791 (0.885, 0.642) | val eop gap: 0.0043
begin calculating influence
[Strategy 5] Acc of expected label: 0.7623046875
calculating influence -- done
Use 4594 samples. Get 5558 labels. Ratio: 0.8265563152213026
Files already downloaded and verified
3255 originally labeled samples, 1339 new samples, and 158176 unlabeled samples. Total: 162770
 49.99% | time: 678.7s (191.9m) | step:   3814 | train acc: 1.000 | train loss: 0.002 |test acc: 0.767 (0.859, 0.622) | test eop gap: 0.0022
 49.99% | time:   1.4s (191.9m) | step:   3814 | train acc: 1.000 | train loss: 0.002 |val acc: 0.773 (0.862, 0.637) | val eop gap: 0.0434
begin calculating influence
[Strategy 5] Acc of expected label: 0.7426953125
calculating influence -- done
Use 4850 samples. Get 6250 labels. Ratio: 0.776
Files already downloaded and verified
3255 originally labeled samples, 1595 new samples, and 157920 unlabeled samples. Total: 162770
Epoch 6
 52.62% | time: 732.0s (204.1m) | step:   4014 | train acc: 0.996 | train loss: 0.020 |test acc: 0.733 (0.811, 0.609) | test eop gap: 0.0344
 52.62% | time:   1.5s (204.1m) | step:   4014 | train acc: 0.996 | train loss: 0.020 |val acc: 0.743 (0.815, 0.630) | val eop gap: 0.0063
begin calculating influence
[Strategy 5] Acc of expected label: 0.71390625
calculating influence -- done
Use 5106 samples. Get 6545 labels. Ratio: 0.7801375095492743
Files already downloaded and verified
3255 originally labeled samples, 1851 new samples, and 157664 unlabeled samples. Total: 162770
 55.24% | time: 738.0s (216.4m) | step:   4214 | train acc: 1.000 | train loss: 0.005 |test acc: 0.745 (0.832, 0.608) | test eop gap: 0.0428
 55.24% | time:   1.4s (216.5m) | step:   4214 | train acc: 1.000 | train loss: 0.005 |val acc: 0.757 (0.845, 0.619) | val eop gap: 0.0458
begin calculating influence
[Strategy 5] Acc of expected label: 0.7269921875
calculating influence -- done
Use 5362 samples. Get 6934 labels. Ratio: 0.7732910297086819
Files already downloaded and verified
3255 originally labeled samples, 2107 new samples, and 157408 unlabeled samples. Total: 162770
 57.86% | time: 742.0s (228.8m) | step:   4414 | train acc: 1.000 | train loss: 0.000 |test acc: 0.770 (0.864, 0.621) | test eop gap: 0.0286
 57.86% | time:   1.4s (228.9m) | step:   4414 | train acc: 1.000 | train loss: 0.000 |val acc: 0.769 (0.859, 0.627) | val eop gap: 0.0190
begin calculating influence
[Strategy 5] Acc of expected label: 0.74796875
calculating influence -- done
Use 5618 samples. Get 7642 labels. Ratio: 0.7351478670505104
Files already downloaded and verified
3255 originally labeled samples, 2363 new samples, and 157152 unlabeled samples. Total: 162770
 58.32% | time: 681.9s (240.2m) | step:   4449 | train acc: 0.996 | train loss: 0.018 |test acc: 0.753 (0.841, 0.613) | test eop gap: 0.0368
 58.32% | time:   1.5s (240.3m) | step:   4449 | train acc: 0.996 | train loss: 0.018 |val acc: 0.775 (0.851, 0.657) | val eop gap: 0.0209
begin calculating influence
[Strategy 5] Acc of expected label: 0.735
calculating influence -- done
Use 5874 samples. Get 8019 labels. Ratio: 0.7325102880658436
Files already downloaded and verified
3255 originally labeled samples, 2619 new samples, and 156896 unlabeled samples. Total: 162770
Epoch 7
 60.95% | time: 734.4s (252.5m) | step:   4650 | train acc: 1.000 | train loss: 0.001 |test acc: 0.768 (0.863, 0.619) | test eop gap: 0.0511
 60.95% | time:   1.3s (252.5m) | step:   4650 | train acc: 1.000 | train loss: 0.001 |val acc: 0.770 (0.862, 0.624) | val eop gap: 0.0389
begin calculating influence
[Strategy 5] Acc of expected label: 0.748359375
calculating influence -- done
Use 6043 samples. Get 8305 labels. Ratio: 0.7276339554485249
Files already downloaded and verified
3255 originally labeled samples, 2788 new samples, and 156727 unlabeled samples. Total: 162770
 63.57% | time: 731.7s (264.7m) | step:   4850 | train acc: 0.996 | train loss: 0.018 |test acc: 0.774 (0.871, 0.621) | test eop gap: 0.0469
 63.57% | time:   1.3s (264.7m) | step:   4850 | train acc: 0.996 | train loss: 0.018 |val acc: 0.775 (0.869, 0.630) | val eop gap: 0.0833
begin calculating influence
[Strategy 5] Acc of expected label: 0.7503125
calculating influence -- done
Use 6273 samples. Get 8971 labels. Ratio: 0.699253149035782
Files already downloaded and verified
3255 originally labeled samples, 3018 new samples, and 156497 unlabeled samples. Total: 162770
 66.19% | time: 730.6s (276.9m) | step:   5050 | train acc: 1.000 | train loss: 0.001 |test acc: 0.771 (0.866, 0.621) | test eop gap: 0.0529
 66.19% | time:   1.4s (276.9m) | step:   5050 | train acc: 1.000 | train loss: 0.001 |val acc: 0.773 (0.862, 0.630) | val eop gap: 0.0304
begin calculating influence
[Strategy 5] Acc of expected label: 0.7485546875
calculating influence -- done
Use 6524 samples. Get 9413 labels. Ratio: 0.6930840327207054
Files already downloaded and verified
3255 originally labeled samples, 3269 new samples, and 156246 unlabeled samples. Total: 162770
 66.65% | time: 672.0s (288.1m) | step:   5085 | train acc: 0.996 | train loss: 0.012 |test acc: 0.769 (0.864, 0.617) | test eop gap: 0.0383
 66.65% | time:   1.5s (288.2m) | step:   5085 | train acc: 0.996 | train loss: 0.012 |val acc: 0.775 (0.870, 0.625) | val eop gap: 0.0009
begin calculating influence
[Strategy 5] Acc of expected label: 0.7426953125
calculating influence -- done
Use 6588 samples. Get 9587 labels. Ratio: 0.6871805570042766
Files already downloaded and verified
3255 originally labeled samples, 3333 new samples, and 156182 unlabeled samples. Total: 162770
Epoch 8
 69.29% | time: 732.7s (300.4m) | step:   5286 | train acc: 1.000 | train loss: 0.002 |test acc: 0.767 (0.862, 0.617) | test eop gap: 0.0566
 69.29% | time:   1.4s (300.4m) | step:   5286 | train acc: 1.000 | train loss: 0.002 |val acc: 0.768 (0.856, 0.624) | val eop gap: 0.0372
begin calculating influence
[Strategy 5] Acc of expected label: 0.7421484375
calculating influence -- done
Use 6844 samples. Get 9983 labels. Ratio: 0.6855654612841832
Files already downloaded and verified
3255 originally labeled samples, 3589 new samples, and 155926 unlabeled samples. Total: 162770
 71.91% | time: 730.6s (312.6m) | step:   5486 | train acc: 1.000 | train loss: 0.007 |test acc: 0.770 (0.867, 0.617) | test eop gap: 0.0633
 71.91% | time:   1.4s (312.6m) | step:   5486 | train acc: 1.000 | train loss: 0.007 |val acc: 0.767 (0.863, 0.617) | val eop gap: 0.0247
begin calculating influence
[Strategy 5] Acc of expected label: 0.748515625
calculating influence -- done
Use 6993 samples. Get 10221 labels. Ratio: 0.6841796301731728
Files already downloaded and verified
3255 originally labeled samples, 3738 new samples, and 155777 unlabeled samples. Total: 162770
 74.53% | time: 731.6s (324.8m) | step:   5686 | train acc: 1.000 | train loss: 0.000 |test acc: 0.776 (0.874, 0.620) | test eop gap: 0.0634
 74.53% | time:   1.3s (324.8m) | step:   5686 | train acc: 1.000 | train loss: 0.000 |val acc: 0.766 (0.868, 0.609) | val eop gap: 0.0337
begin calculating influence
[Strategy 5] Acc of expected label: 0.7529296875
calculating influence -- done
Use 7219 samples. Get 10796 labels. Ratio: 0.6686735828084476
Files already downloaded and verified
3255 originally labeled samples, 3964 new samples, and 155551 unlabeled samples. Total: 162770
 74.99% | time: 672.9s (336.0m) | step:   5721 | train acc: 0.988 | train loss: 0.038 |test acc: 0.771 (0.867, 0.619) | test eop gap: 0.0775
 74.99% | time:   1.4s (336.0m) | step:   5721 | train acc: 0.988 | train loss: 0.038 |val acc: 0.771 (0.855, 0.638) | val eop gap: 0.0286
begin calculating influence
[Strategy 5] Acc of expected label: 0.745546875
calculating influence -- done
Use 7273 samples. Get 10911 labels. Ratio: 0.6665750160388598
Files already downloaded and verified
3255 originally labeled samples, 4018 new samples, and 155497 unlabeled samples. Total: 162770
Epoch 9
 77.62% | time: 731.4s (348.2m) | step:   5922 | train acc: 1.000 | train loss: 0.001 |test acc: 0.772 (0.868, 0.619) | test eop gap: 0.0721
 77.62% | time:   1.4s (348.3m) | step:   5922 | train acc: 1.000 | train loss: 0.001 |val acc: 0.784 (0.869, 0.649) | val eop gap: 0.0588
begin calculating influence
[Strategy 5] Acc of expected label: 0.743984375
calculating influence -- done
Use 7395 samples. Get 11156 labels. Ratio: 0.6628719971315884
Files already downloaded and verified
3255 originally labeled samples, 4140 new samples, and 155375 unlabeled samples. Total: 162770
 80.25% | time: 718.9s (360.2m) | step:   6122 | train acc: 1.000 | train loss: 0.000 |test acc: 0.772 (0.869, 0.618) | test eop gap: 0.0671
 80.25% | time:   1.4s (360.3m) | step:   6122 | train acc: 1.000 | train loss: 0.000 |val acc: 0.773 (0.864, 0.634) | val eop gap: 0.0408
begin calculating influence
[Strategy 5] Acc of expected label: 0.749296875
calculating influence -- done
Use 7639 samples. Get 11761 labels. Ratio: 0.6495195986735822
Files already downloaded and verified
3255 originally labeled samples, 4384 new samples, and 155131 unlabeled samples. Total: 162770
 82.87% | time: 719.8s (372.3m) | step:   6322 | train acc: 1.000 | train loss: 0.009 |test acc: 0.767 (0.864, 0.614) | test eop gap: 0.0537
 82.87% | time:   1.4s (372.3m) | step:   6322 | train acc: 1.000 | train loss: 0.009 |val acc: 0.782 (0.865, 0.653) | val eop gap: 0.0019
begin calculating influence
[Strategy 5] Acc of expected label: 0.7524609375
calculating influence -- done
Use 7895 samples. Get 12157 labels. Ratio: 0.6494200871925639
Files already downloaded and verified
3255 originally labeled samples, 4640 new samples, and 154875 unlabeled samples. Total: 162770
 83.33% | time: 660.3s (383.3m) | step:   6357 | train acc: 0.984 | train loss: 0.043 |test acc: 0.764 (0.859, 0.613) | test eop gap: 0.0648
 83.33% | time:   1.4s (383.3m) | step:   6357 | train acc: 0.984 | train loss: 0.043 |val acc: 0.773 (0.859, 0.634) | val eop gap: 0.0424
begin calculating influence
[Strategy 5] Acc of expected label: 0.7443359375
calculating influence -- done
Use 8114 samples. Get 12544 labels. Ratio: 0.646843112244898
Files already downloaded and verified
3255 originally labeled samples, 4859 new samples, and 154656 unlabeled samples. Total: 162770
Epoch 10
 85.96% | time: 718.9s (395.3m) | step:   6558 | train acc: 1.000 | train loss: 0.001 |test acc: 0.772 (0.868, 0.619) | test eop gap: 0.0670
 85.96% | time:   1.5s (395.3m) | step:   6558 | train acc: 1.000 | train loss: 0.001 |val acc: 0.781 (0.871, 0.632) | val eop gap: 0.0117
begin calculating influence
calculating influence -- done
length of new labels 256
Use 8114+256 = 8370 samples.
Files already downloaded and verified
3255 originally labeled samples, 5115 new samples, and 154400 unlabeled samples. Total: 162770
 88.58% | time: 722.8s (407.4m) | step:   6758 | train acc: 0.996 | train loss: 0.019 |test acc: 0.770 (0.865, 0.619) | test eop gap: 0.0680
 88.58% | time:   1.7s (407.4m) | step:   6758 | train acc: 0.996 | train loss: 0.019 |val acc: 0.766 (0.866, 0.612) | val eop gap: 0.0235
begin calculating influence
calculating influence -- done
length of new labels 512
Use 8114+512 = 8626 samples.
Files already downloaded and verified
3255 originally labeled samples, 5371 new samples, and 154144 unlabeled samples. Total: 162770
 91.20% | time: 721.0s (419.4m) | step:   6958 | train acc: 0.988 | train loss: 0.036 |test acc: 0.745 (0.834, 0.602) | test eop gap: 0.0771
 91.20% | time:   1.5s (419.4m) | step:   6958 | train acc: 0.988 | train loss: 0.036 |val acc: 0.754 (0.847, 0.612) | val eop gap: 0.0825
begin calculating influence
calculating influence -- done
length of new labels 768
Use 8114+768 = 8882 samples.
Files already downloaded and verified
3255 originally labeled samples, 5627 new samples, and 153888 unlabeled samples. Total: 162770
 91.66% | time: 668.1s (430.6m) | step:   6993 | train acc: 0.996 | train loss: 0.024 |test acc: 0.772 (0.869, 0.617) | test eop gap: 0.0603
 91.66% | time:   1.7s (430.6m) | step:   6993 | train acc: 0.996 | train loss: 0.024 |val acc: 0.776 (0.870, 0.633) | val eop gap: 0.0033
begin calculating influence
calculating influence -- done
length of new labels 1024
Use 8114+1024 = 9138 samples.
Files already downloaded and verified
3255 originally labeled samples, 5883 new samples, and 153632 unlabeled samples. Total: 162770
Epoch 11
 94.30% | time: 725.8s (442.7m) | step:   7194 | train acc: 1.000 | train loss: 0.002 |test acc: 0.758 (0.851, 0.610) | test eop gap: 0.0523
 94.30% | time:   1.4s (442.7m) | step:   7194 | train acc: 1.000 | train loss: 0.002 |val acc: 0.766 (0.860, 0.623) | val eop gap: 0.0327
begin calculating influence
calculating influence -- done
length of new labels 1280
Use 8114+1280 = 9394 samples.
Files already downloaded and verified
3255 originally labeled samples, 6139 new samples, and 153376 unlabeled samples. Total: 162770
 96.92% | time: 728.8s (454.9m) | step:   7394 | train acc: 0.992 | train loss: 0.019 |test acc: 0.761 (0.856, 0.610) | test eop gap: 0.0352
 96.92% | time:   1.4s (454.9m) | step:   7394 | train acc: 0.992 | train loss: 0.019 |val acc: 0.770 (0.855, 0.639) | val eop gap: 0.0114
begin calculating influence
calculating influence -- done
length of new labels 1536
Use 8114+1536 = 9650 samples.
Files already downloaded and verified
3255 originally labeled samples, 6395 new samples, and 153120 unlabeled samples. Total: 162770
 99.54% | time: 723.3s (466.9m) | step:   7594 | train acc: 1.000 | train loss: 0.006 |test acc: 0.770 (0.866, 0.618) | test eop gap: 0.0615
 99.54% | time:   1.4s (467.0m) | step:   7594 | train acc: 1.000 | train loss: 0.006 |val acc: 0.779 (0.882, 0.611) | val eop gap: 0.0203
begin calculating influence
calculating influence -- done
length of new labels 1792
Use 8114+1792 = 9906 samples.
Files already downloaded and verified
3255 originally labeled samples, 6651 new samples, and 152864 unlabeled samples. Total: 162770
100.00% | time: 663.7s (478.0m) | step:   7629 | train acc: 0.992 | train loss: 0.024 |test acc: 0.755 (0.849, 0.605) | test eop gap: 0.0551
100.00% | time:   1.5s (478.1m) | step:   7629 | train acc: 0.992 | train loss: 0.024 |val acc: 0.759 (0.846, 0.622) | val eop gap: 0.0171
begin calculating influence
calculating influence -- done
length of new labels 2048
Use 8114+2048 = 10162 samples.
Files already downloaded and verified
3255 originally labeled samples, 6907 new samples, and 152608 unlabeled samples. Total: 162770
