Files already downloaded and verified
3255 originally labeled samples, 0 new samples, and 159515 unlabeled samples. Total: 162770
Files already downloaded and verified
1996 originally labeled samples, 0 new samples, and 17966 unlabeled samples. Total: 19962
Numer of layers 200
train net...
train with 162770 samples (with replacement) in one epoch
Epoch 0
  2.62% | time: 100.6s (  1.7m) | step:    200 | train acc: 0.965 | train loss: 0.100 |warm_t acc: 0.762 (0.850, 0.623) | warm_t eop gap: 0.1973
  2.62% | time:   5.8s (  1.8m) | step:    200 | train acc: 0.965 | train loss: 0.100 |warm_v acc: 0.762 (0.848, 0.617) | warm_v eop gap: 0.2062
  5.24% | time:  82.1s (  3.1m) | step:    400 | train acc: 0.703 | train loss: 0.730 |warm_t acc: 0.641 (0.701, 0.546) | warm_t eop gap: 0.1308
  5.24% | time:   1.2s (  3.2m) | step:    400 | train acc: 0.703 | train loss: 0.730 |warm_v acc: 0.625 (0.704, 0.499) | warm_v eop gap: 0.0900
  7.86% | time:  82.2s (  4.5m) | step:    600 | train acc: 0.832 | train loss: 0.405 |warm_t acc: 0.761 (0.862, 0.601) | warm_t eop gap: 0.2031
  7.86% | time:   1.3s (  4.6m) | step:    600 | train acc: 0.832 | train loss: 0.405 |warm_v acc: 0.755 (0.855, 0.593) | warm_v eop gap: 0.1762
  8.32% | time:  22.6s (  4.9m) | step:    635 | train acc: 0.836 | train loss: 0.358 |warm_t acc: 0.783 (0.881, 0.628) | warm_t eop gap: 0.1738
  8.32% | time:   1.4s (  5.0m) | step:    635 | train acc: 0.836 | train loss: 0.358 |warm_v acc: 0.770 (0.883, 0.600) | warm_v eop gap: 0.1112
Epoch 1
 10.95% | time:  81.9s (  6.3m) | step:    835 | train acc: 0.922 | train loss: 0.192 |warm_t acc: 0.754 (0.845, 0.608) | warm_t eop gap: 0.2499
 10.95% | time:   1.5s (  6.3m) | step:    835 | train acc: 0.922 | train loss: 0.192 |warm_v acc: 0.738 (0.832, 0.589) | warm_v eop gap: 0.1583
 13.57% | time:  81.8s (  7.7m) | step:   1035 | train acc: 1.000 | train loss: 0.003 |warm_t acc: 0.744 (0.832, 0.604) | warm_t eop gap: 0.2235
 13.57% | time:   1.5s (  7.7m) | step:   1035 | train acc: 1.000 | train loss: 0.003 |warm_v acc: 0.744 (0.829, 0.611) | warm_v eop gap: 0.2064
 16.19% | time:  81.0s (  9.1m) | step:   1235 | train acc: 1.000 | train loss: 0.000 |warm_t acc: 0.744 (0.830, 0.606) | warm_t eop gap: 0.2274
 16.19% | time:   1.3s (  9.1m) | step:   1235 | train acc: 1.000 | train loss: 0.000 |warm_v acc: 0.745 (0.829, 0.623) | warm_v eop gap: 0.2576
 16.65% | time:  23.6s (  9.5m) | step:   1270 | train acc: 1.000 | train loss: 0.000 |warm_t acc: 0.744 (0.830, 0.607) | warm_t eop gap: 0.2309
 16.65% | time:   1.6s (  9.5m) | step:   1270 | train acc: 1.000 | train loss: 0.000 |warm_v acc: 0.755 (0.841, 0.618) | warm_v eop gap: 0.2140
Epoch 2
 19.28% | time:  77.0s ( 10.8m) | step:   1471 | train acc: 1.000 | train loss: 0.000 |test acc: 0.744 (0.831, 0.606) | test eop gap: 0.2253
 19.28% | time:   1.5s ( 10.8m) | step:   1471 | train acc: 1.000 | train loss: 0.000 |val acc: 0.753 (0.842, 0.610) | val eop gap: 0.1708
begin calculating influence
selected layers: [Traced<ShapedArray(float32[768])>with<DynamicJaxprTrace(level=0/1)>, Traced<ShapedArray(float32[8,8,3,768])>with<DynamicJaxprTrace(level=0/1)>, Traced<ShapedArray(float32[2])>with<DynamicJaxprTrace(level=0/1)>, Traced<ShapedArray(float32[768,2])>with<DynamicJaxprTrace(level=0/1)>]
[Strategy 2] Acc of expected label: 0.730546875
calculating influence -- done
Use 3511 samples. Get 3646 labels. Ratio: 0.9629731212287438
Files already downloaded and verified
3255 originally labeled samples, 256 new samples, and 159259 unlabeled samples. Total: 162770
 21.90% | time: 781.1s ( 23.8m) | step:   1671 | train acc: 0.988 | train loss: 0.086 |test acc: 0.788 (0.895, 0.618) | test eop gap: 0.0009
 21.90% | time:   1.6s ( 23.9m) | step:   1671 | train acc: 0.988 | train loss: 0.086 |val acc: 0.782 (0.881, 0.635) | val eop gap: 0.0000
begin calculating influence
[Strategy 2] Acc of expected label: 0.769140625
calculating influence -- done
Use 3511 samples. Get 3646 labels. Ratio: 0.9629731212287438
Files already downloaded and verified
3255 originally labeled samples, 256 new samples, and 159259 unlabeled samples. Total: 162770
 24.52% | time: 759.1s ( 36.5m) | step:   1871 | train acc: 1.000 | train loss: 0.018 |test acc: 0.786 (0.889, 0.623) | test eop gap: 0.0260
 24.52% | time:   1.7s ( 36.6m) | step:   1871 | train acc: 1.000 | train loss: 0.018 |val acc: 0.776 (0.877, 0.617) | val eop gap: 0.0386
begin calculating influence
[Strategy 2] Acc of expected label: 0.763671875
calculating influence -- done
Use 3767 samples. Get 4002 labels. Ratio: 0.94127936031984
Files already downloaded and verified
3255 originally labeled samples, 512 new samples, and 159003 unlabeled samples. Total: 162770
 24.98% | time: 696.6s ( 48.2m) | step:   1906 | train acc: 1.000 | train loss: 0.061 |test acc: 0.787 (0.891, 0.622) | test eop gap: 0.0069
 24.98% | time:   1.5s ( 48.2m) | step:   1906 | train acc: 1.000 | train loss: 0.061 |val acc: 0.783 (0.886, 0.626) | val eop gap: 0.0170
begin calculating influence
[Strategy 2] Acc of expected label: 0.763125
calculating influence -- done
Use 3769 samples. Get 4004 labels. Ratio: 0.9413086913086913
Files already downloaded and verified
3255 originally labeled samples, 514 new samples, and 159001 unlabeled samples. Total: 162770
Epoch 3
 27.62% | time: 754.8s ( 60.8m) | step:   2107 | train acc: 1.000 | train loss: 0.012 |test acc: 0.789 (0.892, 0.624) | test eop gap: 0.0145
 27.62% | time:   1.4s ( 60.8m) | step:   2107 | train acc: 1.000 | train loss: 0.012 |val acc: 0.789 (0.896, 0.626) | val eop gap: 0.0013
begin calculating influence
[Strategy 2] Acc of expected label: 0.76078125
calculating influence -- done
Use 3769 samples. Get 4004 labels. Ratio: 0.9413086913086913
Files already downloaded and verified
3255 originally labeled samples, 514 new samples, and 159001 unlabeled samples. Total: 162770
 30.24% | time: 756.5s ( 73.4m) | step:   2307 | train acc: 1.000 | train loss: 0.011 |test acc: 0.785 (0.886, 0.625) | test eop gap: 0.0297
 30.24% | time:   1.4s ( 73.4m) | step:   2307 | train acc: 1.000 | train loss: 0.011 |val acc: 0.781 (0.890, 0.614) | val eop gap: 0.0061
begin calculating influence
[Strategy 2] Acc of expected label: 0.7610546875
calculating influence -- done
Use 3770 samples. Get 4007 labels. Ratio: 0.9408535063638632
Files already downloaded and verified
3255 originally labeled samples, 515 new samples, and 159000 unlabeled samples. Total: 162770
 32.86% | time: 758.1s ( 86.1m) | step:   2507 | train acc: 1.000 | train loss: 0.003 |test acc: 0.789 (0.893, 0.623) | test eop gap: 0.0116
 32.86% | time:   1.4s ( 86.1m) | step:   2507 | train acc: 1.000 | train loss: 0.003 |val acc: 0.790 (0.890, 0.639) | val eop gap: 0.0035
begin calculating influence
[Strategy 2] Acc of expected label: 0.76546875
calculating influence -- done
Use 3771 samples. Get 4009 labels. Ratio: 0.9406335744574706
Files already downloaded and verified
3255 originally labeled samples, 516 new samples, and 158999 unlabeled samples. Total: 162770
 33.32% | time: 691.6s ( 97.6m) | step:   2542 | train acc: 1.000 | train loss: 0.026 |test acc: 0.698 (0.771, 0.582) | test eop gap: 0.0583
 33.32% | time:   1.4s ( 97.6m) | step:   2542 | train acc: 1.000 | train loss: 0.026 |val acc: 0.704 (0.779, 0.584) | val eop gap: 0.0099
begin calculating influence
[Strategy 2] Acc of expected label: 0.687734375
calculating influence -- done
Use 4027 samples. Get 4364 labels. Ratio: 0.9227772685609532
Files already downloaded and verified
3255 originally labeled samples, 772 new samples, and 158743 unlabeled samples. Total: 162770
Epoch 4
 35.95% | time: 757.3s (110.3m) | step:   2743 | train acc: 0.957 | train loss: 0.183 |test acc: 0.779 (0.880, 0.618) | test eop gap: 0.0606
 35.95% | time:   1.4s (110.3m) | step:   2743 | train acc: 0.957 | train loss: 0.183 |val acc: 0.792 (0.879, 0.656) | val eop gap: 0.0600
begin calculating influence
[Strategy 2] Acc of expected label: 0.7578515625
calculating influence -- done
Use 4028 samples. Get 4366 labels. Ratio: 0.9225836005497022
Files already downloaded and verified
3255 originally labeled samples, 773 new samples, and 158742 unlabeled samples. Total: 162770
 38.58% | time: 757.2s (122.9m) | step:   2943 | train acc: 1.000 | train loss: 0.015 |test acc: 0.782 (0.883, 0.620) | test eop gap: 0.0678
 38.58% | time:   1.4s (122.9m) | step:   2943 | train acc: 1.000 | train loss: 0.015 |val acc: 0.791 (0.882, 0.645) | val eop gap: 0.0511
begin calculating influence
[Strategy 2] Acc of expected label: 0.75953125
calculating influence -- done
Use 4080 samples. Get 4445 labels. Ratio: 0.9178852643419573
Files already downloaded and verified
3255 originally labeled samples, 825 new samples, and 158690 unlabeled samples. Total: 162770
 41.20% | time: 757.9s (135.6m) | step:   3143 | train acc: 1.000 | train loss: 0.022 |test acc: 0.771 (0.865, 0.621) | test eop gap: 0.1030
 41.20% | time:   1.5s (135.6m) | step:   3143 | train acc: 1.000 | train loss: 0.022 |val acc: 0.779 (0.871, 0.637) | val eop gap: 0.0487
begin calculating influence
[Strategy 2] Acc of expected label: 0.7537890625
calculating influence -- done
Use 4095 samples. Get 4478 labels. Ratio: 0.9144707458686914
Files already downloaded and verified
3255 originally labeled samples, 840 new samples, and 158675 unlabeled samples. Total: 162770
 41.66% | time: 691.7s (147.1m) | step:   3178 | train acc: 1.000 | train loss: 0.004 |test acc: 0.786 (0.887, 0.626) | test eop gap: 0.0528
 41.66% | time:   1.4s (147.1m) | step:   3178 | train acc: 1.000 | train loss: 0.004 |val acc: 0.779 (0.881, 0.623) | val eop gap: 0.0112
begin calculating influence
[Strategy 2] Acc of expected label: 0.7630078125
calculating influence -- done
Use 4100 samples. Get 4487 labels. Ratio: 0.9137508357477157
Files already downloaded and verified
3255 originally labeled samples, 845 new samples, and 158670 unlabeled samples. Total: 162770
Epoch 5
 44.29% | time: 756.9s (159.7m) | step:   3379 | train acc: 1.000 | train loss: 0.008 |test acc: 0.781 (0.879, 0.626) | test eop gap: 0.0958
 44.29% | time:   1.4s (159.8m) | step:   3379 | train acc: 1.000 | train loss: 0.008 |val acc: 0.787 (0.876, 0.648) | val eop gap: 0.0762
begin calculating influence
[Strategy 2] Acc of expected label: 0.759765625
calculating influence -- done
Use 4110 samples. Get 4509 labels. Ratio: 0.9115103127079175
Files already downloaded and verified
3255 originally labeled samples, 855 new samples, and 158660 unlabeled samples. Total: 162770
 46.91% | time: 757.5s (172.4m) | step:   3579 | train acc: 0.980 | train loss: 0.108 |test acc: 0.749 (0.836, 0.609) | test eop gap: 0.1423
 46.91% | time:   1.4s (172.4m) | step:   3579 | train acc: 0.980 | train loss: 0.108 |val acc: 0.750 (0.846, 0.604) | val eop gap: 0.1577
begin calculating influence
[Strategy 2] Acc of expected label: 0.7372265625
calculating influence -- done
Use 4126 samples. Get 4536 labels. Ratio: 0.9096119929453262
Files already downloaded and verified
3255 originally labeled samples, 871 new samples, and 158644 unlabeled samples. Total: 162770
 49.53% | time: 758.5s (185.1m) | step:   3779 | train acc: 0.801 | train loss: 0.549 |test acc: 0.642 (0.692, 0.564) | test eop gap: 0.0956
 49.53% | time:   1.5s (185.1m) | step:   3779 | train acc: 0.801 | train loss: 0.549 |val acc: 0.668 (0.706, 0.607) | val eop gap: 0.1975
begin calculating influence
[Strategy 2] Acc of expected label: 0.642734375
calculating influence -- done
Use 4245 samples. Get 4712 labels. Ratio: 0.9008913412563667
Files already downloaded and verified
3255 originally labeled samples, 990 new samples, and 158525 unlabeled samples. Total: 162770
 49.99% | time: 694.0s (196.7m) | step:   3814 | train acc: 1.000 | train loss: 0.005 |test acc: 0.789 (0.887, 0.633) | test eop gap: 0.0838
 49.99% | time:   1.5s (196.7m) | step:   3814 | train acc: 1.000 | train loss: 0.005 |val acc: 0.788 (0.865, 0.669) | val eop gap: 0.1027
begin calculating influence
[Strategy 2] Acc of expected label: 0.7728515625
calculating influence -- done
Use 4270 samples. Get 4765 labels. Ratio: 0.8961175236096537
Files already downloaded and verified
3255 originally labeled samples, 1015 new samples, and 158500 unlabeled samples. Total: 162770
Epoch 6
 52.62% | time: 759.1s (209.3m) | step:   4014 | train acc: 1.000 | train loss: 0.000 |test acc: 0.791 (0.891, 0.632) | test eop gap: 0.0624
 52.62% | time:   1.4s (209.4m) | step:   4014 | train acc: 1.000 | train loss: 0.000 |val acc: 0.783 (0.882, 0.635) | val eop gap: 0.0629
begin calculating influence
[Strategy 2] Acc of expected label: 0.77140625
calculating influence -- done
Use 4302 samples. Get 4824 labels. Ratio: 0.8917910447761194
Files already downloaded and verified
3255 originally labeled samples, 1047 new samples, and 158468 unlabeled samples. Total: 162770
 55.24% | time: 759.5s (222.0m) | step:   4214 | train acc: 1.000 | train loss: 0.004 |test acc: 0.754 (0.844, 0.612) | test eop gap: 0.1387
 55.24% | time:   1.4s (222.0m) | step:   4214 | train acc: 1.000 | train loss: 0.004 |val acc: 0.752 (0.836, 0.621) | val eop gap: 0.0930
begin calculating influence
[Strategy 2] Acc of expected label: 0.7465234375
calculating influence -- done
Use 4558 samples. Get 5256 labels. Ratio: 0.867199391171994
Files already downloaded and verified
3255 originally labeled samples, 1303 new samples, and 158212 unlabeled samples. Total: 162770
 57.86% | time: 755.3s (234.6m) | step:   4414 | train acc: 1.000 | train loss: 0.001 |test acc: 0.790 (0.891, 0.631) | test eop gap: 0.0624
 57.86% | time:   1.4s (234.6m) | step:   4414 | train acc: 1.000 | train loss: 0.001 |val acc: 0.783 (0.877, 0.634) | val eop gap: 0.0450
begin calculating influence
[Strategy 2] Acc of expected label: 0.7648828125
calculating influence -- done
Use 4814 samples. Get 5692 labels. Ratio: 0.8457484188334504
Files already downloaded and verified
3255 originally labeled samples, 1559 new samples, and 157956 unlabeled samples. Total: 162770
 58.32% | time: 692.0s (246.2m) | step:   4449 | train acc: 0.996 | train loss: 0.040 |test acc: 0.744 (0.825, 0.615) | test eop gap: 0.0843
 58.32% | time:   1.3s (246.2m) | step:   4449 | train acc: 0.996 | train loss: 0.040 |val acc: 0.750 (0.823, 0.633) | val eop gap: 0.0796
begin calculating influence
[Strategy 2] Acc of expected label: 0.729765625
calculating influence -- done
Use 5070 samples. Get 6074 labels. Ratio: 0.834705301284162
Files already downloaded and verified
3255 originally labeled samples, 1815 new samples, and 157700 unlabeled samples. Total: 162770
Epoch 7
 60.95% | time: 760.1s (258.9m) | step:   4650 | train acc: 1.000 | train loss: 0.004 |test acc: 0.788 (0.890, 0.628) | test eop gap: 0.0578
 60.95% | time:   1.4s (258.9m) | step:   4650 | train acc: 1.000 | train loss: 0.004 |val acc: 0.790 (0.879, 0.649) | val eop gap: 0.0561
begin calculating influence
[Strategy 2] Acc of expected label: 0.7680859375
calculating influence -- done
Use 5326 samples. Get 6517 labels. Ratio: 0.8172471996317324
Files already downloaded and verified
3255 originally labeled samples, 2071 new samples, and 157444 unlabeled samples. Total: 162770
 63.57% | time: 758.4s (271.5m) | step:   4850 | train acc: 1.000 | train loss: 0.009 |test acc: 0.779 (0.872, 0.631) | test eop gap: 0.0993
 63.57% | time:   1.4s (271.6m) | step:   4850 | train acc: 1.000 | train loss: 0.009 |val acc: 0.779 (0.871, 0.635) | val eop gap: 0.0637
begin calculating influence
[Strategy 2] Acc of expected label: 0.76359375
calculating influence -- done
Use 5377 samples. Get 6650 labels. Ratio: 0.8085714285714286
Files already downloaded and verified
3255 originally labeled samples, 2122 new samples, and 157393 unlabeled samples. Total: 162770
 66.19% | time: 745.6s (284.0m) | step:   5050 | train acc: 1.000 | train loss: 0.002 |test acc: 0.777 (0.870, 0.629) | test eop gap: 0.0922
 66.19% | time:   1.2s (284.0m) | step:   5050 | train acc: 1.000 | train loss: 0.002 |val acc: 0.782 (0.871, 0.640) | val eop gap: 0.0262
begin calculating influence
[Strategy 2] Acc of expected label: 0.761796875
calculating influence -- done
Use 5633 samples. Get 7248 labels. Ratio: 0.7771799116997793
Files already downloaded and verified
3255 originally labeled samples, 2378 new samples, and 157137 unlabeled samples. Total: 162770
 66.65% | time: 689.1s (295.5m) | step:   5085 | train acc: 0.984 | train loss: 0.037 |test acc: 0.765 (0.854, 0.624) | test eop gap: 0.1133
 66.65% | time:   1.3s (295.5m) | step:   5085 | train acc: 0.984 | train loss: 0.037 |val acc: 0.762 (0.858, 0.618) | val eop gap: 0.0566
begin calculating influence
[Strategy 2] Acc of expected label: 0.752421875
calculating influence -- done
Use 5875 samples. Get 7693 labels. Ratio: 0.7636812686858183
Files already downloaded and verified
3255 originally labeled samples, 2620 new samples, and 156895 unlabeled samples. Total: 162770
Epoch 8
 69.29% | time: 739.7s (307.8m) | step:   5286 | train acc: 1.000 | train loss: 0.004 |test acc: 0.768 (0.860, 0.623) | test eop gap: 0.1262
 69.29% | time:   1.5s (307.9m) | step:   5286 | train acc: 1.000 | train loss: 0.004 |val acc: 0.787 (0.867, 0.659) | val eop gap: 0.0992
begin calculating influence
[Strategy 2] Acc of expected label: 0.7578515625
calculating influence -- done
Use 6131 samples. Get 8087 labels. Ratio: 0.7581303326326203
Files already downloaded and verified
3255 originally labeled samples, 2876 new samples, and 156639 unlabeled samples. Total: 162770
 71.91% | time: 749.9s (320.4m) | step:   5486 | train acc: 1.000 | train loss: 0.004 |test acc: 0.764 (0.855, 0.619) | test eop gap: 0.1255
 71.91% | time:   1.5s (320.4m) | step:   5486 | train acc: 1.000 | train loss: 0.004 |val acc: 0.771 (0.871, 0.618) | val eop gap: 0.0192
begin calculating influence
[Strategy 2] Acc of expected label: 0.7521484375
calculating influence -- done
Use 6235 samples. Get 8283 labels. Ratio: 0.7527465893999759
Files already downloaded and verified
3255 originally labeled samples, 2980 new samples, and 156535 unlabeled samples. Total: 162770
 74.53% | time: 747.3s (332.8m) | step:   5686 | train acc: 1.000 | train loss: 0.001 |test acc: 0.764 (0.854, 0.622) | test eop gap: 0.1297
 74.53% | time:   1.4s (332.9m) | step:   5686 | train acc: 1.000 | train loss: 0.001 |val acc: 0.768 (0.860, 0.618) | val eop gap: 0.0375
begin calculating influence
[Strategy 2] Acc of expected label: 0.7509375
calculating influence -- done
Use 6491 samples. Get 8900 labels. Ratio: 0.7293258426966293
Files already downloaded and verified
3255 originally labeled samples, 3236 new samples, and 156279 unlabeled samples. Total: 162770
 74.99% | time: 682.6s (344.2m) | step:   5721 | train acc: 0.980 | train loss: 0.069 |test acc: 0.763 (0.851, 0.623) | test eop gap: 0.1380
 74.99% | time:   1.4s (344.3m) | step:   5721 | train acc: 0.980 | train loss: 0.069 |val acc: 0.770 (0.858, 0.628) | val eop gap: 0.0378
begin calculating influence
[Strategy 2] Acc of expected label: 0.7520703125
calculating influence -- done
Use 6747 samples. Get 9643 labels. Ratio: 0.6996785232811366
Files already downloaded and verified
3255 originally labeled samples, 3492 new samples, and 156023 unlabeled samples. Total: 162770
Epoch 9
 77.62% | time: 740.2s (356.6m) | step:   5922 | train acc: 0.996 | train loss: 0.009 |test acc: 0.758 (0.848, 0.617) | test eop gap: 0.1201
 77.62% | time:   1.4s (356.6m) | step:   5922 | train acc: 0.996 | train loss: 0.009 |val acc: 0.740 (0.828, 0.603) | val eop gap: 0.0936
begin calculating influence
[Strategy 2] Acc of expected label: 0.74890625
calculating influence -- done
Use 7003 samples. Get 9983 labels. Ratio: 0.7014925373134329
Files already downloaded and verified
3255 originally labeled samples, 3748 new samples, and 155767 unlabeled samples. Total: 162770
 80.25% | time: 740.4s (369.0m) | step:   6122 | train acc: 1.000 | train loss: 0.003 |test acc: 0.765 (0.853, 0.624) | test eop gap: 0.1390
 80.25% | time:   1.4s (369.0m) | step:   6122 | train acc: 1.000 | train loss: 0.003 |val acc: 0.757 (0.843, 0.621) | val eop gap: 0.1407
begin calculating influence
[Strategy 2] Acc of expected label: 0.755703125
calculating influence -- done
Use 7218 samples. Get 10486 labels. Ratio: 0.6883463665840168
Files already downloaded and verified
3255 originally labeled samples, 3963 new samples, and 155552 unlabeled samples. Total: 162770
 82.87% | time: 741.8s (381.4m) | step:   6322 | train acc: 0.996 | train loss: 0.008 |test acc: 0.764 (0.854, 0.622) | test eop gap: 0.1563
 82.87% | time:   1.5s (381.4m) | step:   6322 | train acc: 0.996 | train loss: 0.008 |val acc: 0.772 (0.852, 0.637) | val eop gap: 0.1228
begin calculating influence
[Strategy 2] Acc of expected label: 0.7536328125
calculating influence -- done
Use 7474 samples. Get 11149 labels. Ratio: 0.6703740245761952
Files already downloaded and verified
3255 originally labeled samples, 4219 new samples, and 155296 unlabeled samples. Total: 162770
 83.33% | time: 681.3s (392.7m) | step:   6357 | train acc: 0.969 | train loss: 0.072 |test acc: 0.730 (0.807, 0.606) | test eop gap: 0.1680
 83.33% | time:   1.5s (392.8m) | step:   6357 | train acc: 0.969 | train loss: 0.072 |val acc: 0.729 (0.806, 0.604) | val eop gap: 0.0760
begin calculating influence
[Strategy 2] Acc of expected label: 0.720703125
calculating influence -- done
Use 7730 samples. Get 11512 labels. Ratio: 0.6714732453092426
Files already downloaded and verified
3255 originally labeled samples, 4475 new samples, and 155040 unlabeled samples. Total: 162770
Epoch 10
 85.96% | time: 746.5s (405.2m) | step:   6558 | train acc: 1.000 | train loss: 0.004 |test acc: 0.763 (0.855, 0.618) | test eop gap: 0.1432
 85.96% | time:   1.5s (405.2m) | step:   6558 | train acc: 1.000 | train loss: 0.004 |val acc: 0.764 (0.855, 0.620) | val eop gap: 0.0995
begin calculating influence
[Strategy 2] Acc of expected label: 0.75
calculating influence -- done
Use 7986 samples. Get 12005 labels. Ratio: 0.6652228238234069
Files already downloaded and verified
3255 originally labeled samples, 4731 new samples, and 154784 unlabeled samples. Total: 162770
 88.58% | time: 741.1s (417.6m) | step:   6758 | train acc: 1.000 | train loss: 0.005 |test acc: 0.757 (0.842, 0.623) | test eop gap: 0.1590
 88.58% | time:   1.5s (417.6m) | step:   6758 | train acc: 1.000 | train loss: 0.005 |val acc: 0.755 (0.833, 0.635) | val eop gap: 0.1597
begin calculating influence
[Strategy 2] Acc of expected label: 0.743359375
calculating influence -- done
Use 8242 samples. Get 12634 labels. Ratio: 0.6523666297293019
Files already downloaded and verified
3255 originally labeled samples, 4987 new samples, and 154528 unlabeled samples. Total: 162770
 91.20% | time: 742.0s (430.0m) | step:   6958 | train acc: 1.000 | train loss: 0.001 |test acc: 0.756 (0.843, 0.617) | test eop gap: 0.1421
 91.20% | time:   1.4s (430.0m) | step:   6958 | train acc: 1.000 | train loss: 0.001 |val acc: 0.747 (0.830, 0.613) | val eop gap: 0.0737
begin calculating influence
[Strategy 2] Acc of expected label: 0.743203125
calculating influence -- done
Use 8498 samples. Get 13229 labels. Ratio: 0.6423765968705117
Files already downloaded and verified
3255 originally labeled samples, 5243 new samples, and 154272 unlabeled samples. Total: 162770
 91.66% | time: 681.2s (441.3m) | step:   6993 | train acc: 0.973 | train loss: 0.055 |test acc: 0.752 (0.839, 0.614) | test eop gap: 0.1762
 91.66% | time:   1.5s (441.4m) | step:   6993 | train acc: 0.973 | train loss: 0.055 |val acc: 0.752 (0.834, 0.625) | val eop gap: 0.1128
begin calculating influence
[Strategy 2] Acc of expected label: 0.7424609375
calculating influence -- done
Use 8754 samples. Get 13595 labels. Ratio: 0.6439132033835969
Files already downloaded and verified
3255 originally labeled samples, 5499 new samples, and 154016 unlabeled samples. Total: 162770
Epoch 11
 94.30% | time: 741.2s (453.7m) | step:   7194 | train acc: 0.996 | train loss: 0.007 |test acc: 0.754 (0.839, 0.620) | test eop gap: 0.1635
 94.30% | time:   1.4s (453.7m) | step:   7194 | train acc: 0.996 | train loss: 0.007 |val acc: 0.743 (0.834, 0.603) | val eop gap: 0.0265
begin calculating influence
[Strategy 2] Acc of expected label: 0.7394140625
calculating influence -- done
Use 9010 samples. Get 13951 labels. Ratio: 0.6458318400114688
Files already downloaded and verified
3255 originally labeled samples, 5755 new samples, and 153760 unlabeled samples. Total: 162770
 96.92% | time: 740.7s (466.1m) | step:   7394 | train acc: 1.000 | train loss: 0.001 |test acc: 0.768 (0.861, 0.621) | test eop gap: 0.1418
 96.92% | time:   1.5s (466.1m) | step:   7394 | train acc: 1.000 | train loss: 0.001 |val acc: 0.760 (0.856, 0.609) | val eop gap: 0.0062
begin calculating influence
[Strategy 2] Acc of expected label: 0.7549609375
calculating influence -- done
Use 9223 samples. Get 14379 labels. Ratio: 0.6414215174907851
Files already downloaded and verified
3255 originally labeled samples, 5968 new samples, and 153547 unlabeled samples. Total: 162770
 99.54% | time: 742.2s (478.5m) | step:   7594 | train acc: 0.992 | train loss: 0.022 |test acc: 0.760 (0.847, 0.622) | test eop gap: 0.1645
 99.54% | time:   1.4s (478.5m) | step:   7594 | train acc: 0.992 | train loss: 0.022 |val acc: 0.751 (0.844, 0.607) | val eop gap: 0.0611
begin calculating influence
[Strategy 2] Acc of expected label: 0.741484375
calculating influence -- done
Use 9479 samples. Get 14794 labels. Ratio: 0.6407327294849263
Files already downloaded and verified
3255 originally labeled samples, 6224 new samples, and 153291 unlabeled samples. Total: 162770
100.00% | time: 679.7s (489.8m) | step:   7629 | train acc: 0.996 | train loss: 0.033 |test acc: 0.765 (0.857, 0.620) | test eop gap: 0.1459
100.00% | time:   1.3s (489.9m) | step:   7629 | train acc: 0.996 | train loss: 0.033 |val acc: 0.771 (0.862, 0.622) | val eop gap: 0.0283
begin calculating influence
[Strategy 2] Acc of expected label: 0.7529296875
calculating influence -- done
Use 9735 samples. Get 15475 labels. Ratio: 0.6290791599353797
Files already downloaded and verified
3255 originally labeled samples, 6480 new samples, and 153035 unlabeled samples. Total: 162770
