Files already downloaded and verified
3255 originally labeled samples, 0 new samples, and 1281167 unlabeled samples. Total: 1284422
Files already downloaded and verified
1996 originally labeled samples, 0 new samples, and 17966 unlabeled samples. Total: 19962
Numer of layers 200
train net...
train with 162770 samples (with replacement) in one epoch
Epoch 0
  2.62% | time:  94.6s (  1.6m) | step:    200 | train acc: 0.965 | train loss: 0.100 |warm_t acc: 0.762 (0.850, 0.623) | warm_t eod gap: 0.1722
  2.62% | time:   4.2s (  1.6m) | step:    200 | train acc: 0.965 | train loss: 0.100 |warm_v acc: 0.762 (0.848, 0.617) | warm_v eod gap: 0.1916
  5.24% | time:  83.2s (  3.0m) | step:    400 | train acc: 0.703 | train loss: 0.730 |warm_t acc: 0.641 (0.701, 0.546) | warm_t eod gap: 0.1311
  5.24% | time:   1.3s (  3.1m) | step:    400 | train acc: 0.703 | train loss: 0.730 |warm_v acc: 0.625 (0.704, 0.499) | warm_v eod gap: 0.1459
  7.86% | time:  84.1s (  4.5m) | step:    600 | train acc: 0.832 | train loss: 0.405 |warm_t acc: 0.761 (0.862, 0.601) | warm_t eod gap: 0.1922
  7.86% | time:   1.4s (  4.5m) | step:    600 | train acc: 0.832 | train loss: 0.405 |warm_v acc: 0.755 (0.855, 0.593) | warm_v eod gap: 0.1955
  8.32% | time:  22.8s (  4.9m) | step:    635 | train acc: 0.836 | train loss: 0.358 |warm_t acc: 0.783 (0.881, 0.628) | warm_t eod gap: 0.1424
  8.32% | time:   1.3s (  4.9m) | step:    635 | train acc: 0.836 | train loss: 0.358 |warm_v acc: 0.770 (0.883, 0.600) | warm_v eod gap: 0.1202
Epoch 1
 10.95% | time:  83.5s (  6.3m) | step:    835 | train acc: 0.922 | train loss: 0.192 |warm_t acc: 0.754 (0.845, 0.608) | warm_t eod gap: 0.2260
 10.95% | time:   1.4s (  6.3m) | step:    835 | train acc: 0.922 | train loss: 0.192 |warm_v acc: 0.738 (0.832, 0.589) | warm_v eod gap: 0.1781
 13.57% | time:  82.6s (  7.7m) | step:   1035 | train acc: 1.000 | train loss: 0.003 |warm_t acc: 0.744 (0.832, 0.604) | warm_t eod gap: 0.2073
 13.57% | time:   1.4s (  7.7m) | step:   1035 | train acc: 1.000 | train loss: 0.003 |warm_v acc: 0.744 (0.829, 0.611) | warm_v eod gap: 0.1960
 16.19% | time:  81.8s (  9.1m) | step:   1235 | train acc: 1.000 | train loss: 0.000 |warm_t acc: 0.744 (0.830, 0.606) | warm_t eod gap: 0.2092
 16.19% | time:   1.4s (  9.1m) | step:   1235 | train acc: 1.000 | train loss: 0.000 |warm_v acc: 0.745 (0.829, 0.623) | warm_v eod gap: 0.2232
 16.65% | time:  21.9s (  9.4m) | step:   1270 | train acc: 1.000 | train loss: 0.000 |warm_t acc: 0.744 (0.830, 0.607) | warm_t eod gap: 0.2114
 16.65% | time:   1.4s (  9.5m) | step:   1270 | train acc: 1.000 | train loss: 0.000 |warm_v acc: 0.755 (0.841, 0.618) | warm_v eod gap: 0.2018
Epoch 2
 19.28% | time:  79.6s ( 10.8m) | step:   1471 | train acc: 1.000 | train loss: 0.000 |test acc: 0.744 (0.831, 0.606) | test eod gap: 0.2081
 19.28% | time:   1.1s ( 10.8m) | step:   1471 | train acc: 1.000 | train loss: 0.000 |val acc: 0.753 (0.842, 0.610) | val eod gap: 0.1882
begin calculating influence
selected layers: [Traced<ShapedArray(float32[768])>with<DynamicJaxprTrace(level=0/1)>, Traced<ShapedArray(float32[8,8,3,768])>with<DynamicJaxprTrace(level=0/1)>, Traced<ShapedArray(float32[2])>with<DynamicJaxprTrace(level=0/1)>, Traced<ShapedArray(float32[768,2])>with<DynamicJaxprTrace(level=0/1)>]
calculating influence -- done
length of new labels 256
Use 3255+256 = 3511 samples.
Files already downloaded and verified
3255 originally labeled samples, 256 new samples, and 1280911 unlabeled samples. Total: 1284422
 21.90% | time: 800.7s ( 24.2m) | step:   1671 | train acc: 0.992 | train loss: 0.043 |test acc: 0.788 (0.895, 0.619) | test eod gap: 0.0016
 21.90% | time:   1.5s ( 24.2m) | step:   1671 | train acc: 0.992 | train loss: 0.043 |val acc: 0.780 (0.880, 0.625) | val eod gap: 0.0000
begin calculating influence
calculating influence -- done
length of new labels 512
Use 3255+512 = 3767 samples.
Files already downloaded and verified
3255 originally labeled samples, 512 new samples, and 1280655 unlabeled samples. Total: 1284422
 24.52% | time: 834.6s ( 38.1m) | step:   1871 | train acc: 1.000 | train loss: 0.009 |test acc: 0.726 (0.809, 0.595) | test eod gap: 0.0814
 24.52% | time:   1.4s ( 38.1m) | step:   1871 | train acc: 1.000 | train loss: 0.009 |val acc: 0.712 (0.793, 0.585) | val eod gap: 0.0721
begin calculating influence
calculating influence -- done
length of new labels 768
Use 3255+768 = 4023 samples.
Files already downloaded and verified
3255 originally labeled samples, 768 new samples, and 1280399 unlabeled samples. Total: 1284422
 24.98% | time: 712.6s ( 50.0m) | step:   1906 | train acc: 1.000 | train loss: 0.006 |test acc: 0.788 (0.894, 0.618) | test eod gap: 0.0003
 24.98% | time:   1.5s ( 50.0m) | step:   1906 | train acc: 1.000 | train loss: 0.006 |val acc: 0.784 (0.887, 0.621) | val eod gap: 0.0007
begin calculating influence
calculating influence -- done
length of new labels 854
Use 3255+854 = 4109 samples.
Files already downloaded and verified
3255 originally labeled samples, 854 new samples, and 1280313 unlabeled samples. Total: 1284422
Epoch 3
 27.62% | time: 803.4s ( 63.4m) | step:   2107 | train acc: 1.000 | train loss: 0.009 |test acc: 0.788 (0.894, 0.618) | test eod gap: 0.0034
 27.62% | time:   1.4s ( 63.4m) | step:   2107 | train acc: 1.000 | train loss: 0.009 |val acc: 0.785 (0.887, 0.623) | val eod gap: 0.0013
begin calculating influence
calculating influence -- done
length of new labels 1110
Use 3255+1110 = 4365 samples.
Files already downloaded and verified
3255 originally labeled samples, 1110 new samples, and 1280057 unlabeled samples. Total: 1284422
 30.24% | time: 785.3s ( 76.5m) | step:   2307 | train acc: 1.000 | train loss: 0.002 |test acc: 0.788 (0.894, 0.618) | test eod gap: 0.0036
 30.24% | time:   1.4s ( 76.5m) | step:   2307 | train acc: 1.000 | train loss: 0.002 |val acc: 0.788 (0.895, 0.623) | val eod gap: 0.0013
begin calculating influence
calculating influence -- done
length of new labels 1114
Use 3255+1114 = 4369 samples.
Files already downloaded and verified
3255 originally labeled samples, 1114 new samples, and 1280053 unlabeled samples. Total: 1284422
 32.86% | time: 789.0s ( 89.7m) | step:   2507 | train acc: 1.000 | train loss: 0.003 |test acc: 0.782 (0.888, 0.613) | test eod gap: 0.0174
 32.86% | time:   1.4s ( 89.7m) | step:   2507 | train acc: 1.000 | train loss: 0.003 |val acc: 0.792 (0.891, 0.633) | val eod gap: 0.0164
begin calculating influence
calculating influence -- done
length of new labels 1291
Use 3255+1291 = 4546 samples.
Files already downloaded and verified
3255 originally labeled samples, 1291 new samples, and 1279876 unlabeled samples. Total: 1284422
 33.32% | time: 707.4s (101.5m) | step:   2542 | train acc: 1.000 | train loss: 0.001 |test acc: 0.786 (0.892, 0.618) | test eod gap: 0.0120
 33.32% | time:   1.4s (101.5m) | step:   2542 | train acc: 1.000 | train loss: 0.001 |val acc: 0.788 (0.890, 0.625) | val eod gap: 0.0087
begin calculating influence
calculating influence -- done
length of new labels 1303
Use 3255+1303 = 4558 samples.
Files already downloaded and verified
3255 originally labeled samples, 1303 new samples, and 1279864 unlabeled samples. Total: 1284422
Epoch 4
 35.95% | time: 797.8s (114.8m) | step:   2743 | train acc: 1.000 | train loss: 0.002 |test acc: 0.772 (0.873, 0.610) | test eod gap: 0.0310
 35.95% | time:   1.2s (114.9m) | step:   2743 | train acc: 1.000 | train loss: 0.002 |val acc: 0.764 (0.866, 0.602) | val eod gap: 0.0292
begin calculating influence
calculating influence -- done
length of new labels 1559
Use 3255+1559 = 4814 samples.
Files already downloaded and verified
3255 originally labeled samples, 1559 new samples, and 1279608 unlabeled samples. Total: 1284422
 38.58% | time: 789.2s (128.0m) | step:   2943 | train acc: 0.996 | train loss: 0.063 |test acc: 0.719 (0.798, 0.593) | test eod gap: 0.0511
 38.58% | time:   1.3s (128.0m) | step:   2943 | train acc: 0.996 | train loss: 0.063 |val acc: 0.699 (0.767, 0.589) | val eod gap: 0.0976
begin calculating influence
calculating influence -- done
length of new labels 1815
Use 3255+1815 = 5070 samples.
Files already downloaded and verified
3255 originally labeled samples, 1815 new samples, and 1279352 unlabeled samples. Total: 1284422
 41.20% | time: 802.6s (141.4m) | step:   3143 | train acc: 1.000 | train loss: 0.003 |test acc: 0.758 (0.855, 0.603) | test eod gap: 0.0388
 41.20% | time:   1.4s (141.4m) | step:   3143 | train acc: 1.000 | train loss: 0.003 |val acc: 0.755 (0.844, 0.619) | val eod gap: 0.0717
begin calculating influence
calculating influence -- done
length of new labels 1821
Use 3255+1821 = 5076 samples.
Files already downloaded and verified
3255 originally labeled samples, 1821 new samples, and 1279346 unlabeled samples. Total: 1284422
 41.66% | time: 697.2s (153.0m) | step:   3178 | train acc: 1.000 | train loss: 0.002 |test acc: 0.773 (0.873, 0.615) | test eod gap: 0.0328
 41.66% | time:   1.3s (153.1m) | step:   3178 | train acc: 1.000 | train loss: 0.002 |val acc: 0.766 (0.859, 0.620) | val eod gap: 0.0527
begin calculating influence
calculating influence -- done
length of new labels 1828
Use 3255+1828 = 5083 samples.
Files already downloaded and verified
3255 originally labeled samples, 1828 new samples, and 1279339 unlabeled samples. Total: 1284422
Epoch 5
 44.29% | time: 826.4s (166.8m) | step:   3379 | train acc: 1.000 | train loss: 0.001 |test acc: 0.788 (0.895, 0.618) | test eod gap: 0.0036
 44.29% | time:   1.4s (166.9m) | step:   3379 | train acc: 1.000 | train loss: 0.001 |val acc: 0.790 (0.885, 0.645) | val eod gap: 0.0117
begin calculating influence
calculating influence -- done
length of new labels 2084
Use 3255+2084 = 5339 samples.
Files already downloaded and verified
3255 originally labeled samples, 2084 new samples, and 1279083 unlabeled samples. Total: 1284422
 46.91% | time: 819.9s (180.5m) | step:   3579 | train acc: 1.000 | train loss: 0.008 |test acc: 0.779 (0.879, 0.619) | test eod gap: 0.0721
 46.91% | time:   1.2s (180.5m) | step:   3579 | train acc: 1.000 | train loss: 0.008 |val acc: 0.762 (0.871, 0.596) | val eod gap: 0.0832
begin calculating influence
calculating influence -- done
length of new labels 2340
Use 3255+2340 = 5595 samples.
Files already downloaded and verified
3255 originally labeled samples, 2340 new samples, and 1278827 unlabeled samples. Total: 1284422
 49.53% | time: 820.8s (194.2m) | step:   3779 | train acc: 1.000 | train loss: 0.002 |test acc: 0.764 (0.858, 0.615) | test eod gap: 0.0196
 49.53% | time:   1.4s (194.2m) | step:   3779 | train acc: 1.000 | train loss: 0.002 |val acc: 0.761 (0.849, 0.626) | val eod gap: 0.0132
begin calculating influence
calculating influence -- done
length of new labels 2596
Use 3255+2596 = 5851 samples.
Files already downloaded and verified
3255 originally labeled samples, 2596 new samples, and 1278571 unlabeled samples. Total: 1284422
 49.99% | time: 689.1s (205.7m) | step:   3814 | train acc: 1.000 | train loss: 0.001 |test acc: 0.788 (0.894, 0.619) | test eod gap: 0.0069
 49.99% | time:   1.3s (205.8m) | step:   3814 | train acc: 1.000 | train loss: 0.001 |val acc: 0.792 (0.894, 0.639) | val eod gap: 0.0081
begin calculating influence
calculating influence -- done
length of new labels 2852
Use 3255+2852 = 6107 samples.
Files already downloaded and verified
3255 originally labeled samples, 2852 new samples, and 1278315 unlabeled samples. Total: 1284422
Epoch 6
 52.62% | time: 791.1s (218.9m) | step:   4014 | train acc: 1.000 | train loss: 0.001 |test acc: 0.788 (0.895, 0.618) | test eod gap: 0.0004
 52.62% | time:   1.5s (219.0m) | step:   4014 | train acc: 1.000 | train loss: 0.001 |val acc: 0.790 (0.889, 0.632) | val eod gap: 0.0000
begin calculating influence
calculating influence -- done
length of new labels 3108
Use 3255+3108 = 6363 samples.
Files already downloaded and verified
3255 originally labeled samples, 3108 new samples, and 1278059 unlabeled samples. Total: 1284422
 55.24% | time: 779.0s (232.0m) | step:   4214 | train acc: 1.000 | train loss: 0.004 |test acc: 0.759 (0.853, 0.609) | test eod gap: 0.0940
 55.24% | time:   1.2s (232.0m) | step:   4214 | train acc: 1.000 | train loss: 0.004 |val acc: 0.750 (0.852, 0.596) | val eod gap: 0.1238
begin calculating influence
calculating influence -- done
length of new labels 3364
Use 3255+3364 = 6619 samples.
Files already downloaded and verified
3255 originally labeled samples, 3364 new samples, and 1277803 unlabeled samples. Total: 1284422
 57.86% | time: 810.6s (245.5m) | step:   4414 | train acc: 1.000 | train loss: 0.002 |test acc: 0.776 (0.879, 0.613) | test eod gap: 0.0353
 57.86% | time:   1.4s (245.5m) | step:   4414 | train acc: 1.000 | train loss: 0.002 |val acc: 0.776 (0.879, 0.622) | val eod gap: 0.0422
begin calculating influence
calculating influence -- done
length of new labels 3620
Use 3255+3620 = 6875 samples.
Files already downloaded and verified
3255 originally labeled samples, 3620 new samples, and 1277547 unlabeled samples. Total: 1284422
 58.32% | time: 682.8s (256.9m) | step:   4449 | train acc: 1.000 | train loss: 0.001 |test acc: 0.785 (0.887, 0.623) | test eod gap: 0.0475
 58.32% | time:   1.2s (256.9m) | step:   4449 | train acc: 1.000 | train loss: 0.001 |val acc: 0.785 (0.889, 0.620) | val eod gap: 0.0602
begin calculating influence
calculating influence -- done
length of new labels 3876
Use 3255+3876 = 7131 samples.
Files already downloaded and verified
3255 originally labeled samples, 3876 new samples, and 1277291 unlabeled samples. Total: 1284422
Epoch 7
 60.95% | time: 779.6s (269.9m) | step:   4650 | train acc: 1.000 | train loss: 0.006 |test acc: 0.759 (0.859, 0.602) | test eod gap: 0.1197
 60.95% | time:   1.2s (269.9m) | step:   4650 | train acc: 1.000 | train loss: 0.006 |val acc: 0.750 (0.847, 0.599) | val eod gap: 0.1201
begin calculating influence
calculating influence -- done
length of new labels 4132
Use 3255+4132 = 7387 samples.
Files already downloaded and verified
3255 originally labeled samples, 4132 new samples, and 1277035 unlabeled samples. Total: 1284422
 63.57% | time: 775.9s (282.8m) | step:   4850 | train acc: 1.000 | train loss: 0.014 |test acc: 0.650 (0.705, 0.564) | test eod gap: 0.0415
 63.57% | time:   1.2s (282.9m) | step:   4850 | train acc: 1.000 | train loss: 0.014 |val acc: 0.663 (0.716, 0.582) | val eod gap: 0.0322
begin calculating influence
calculating influence -- done
length of new labels 4388
Use 3255+4388 = 7643 samples.
Files already downloaded and verified
3255 originally labeled samples, 4388 new samples, and 1276779 unlabeled samples. Total: 1284422
 66.19% | time: 798.5s (296.2m) | step:   5050 | train acc: 1.000 | train loss: 0.004 |test acc: 0.769 (0.864, 0.617) | test eod gap: 0.1042
 66.19% | time:   1.1s (296.2m) | step:   5050 | train acc: 1.000 | train loss: 0.004 |val acc: 0.779 (0.854, 0.655) | val eod gap: 0.1322
begin calculating influence
calculating influence -- done
length of new labels 4644
Use 3255+4644 = 7899 samples.
Files already downloaded and verified
3255 originally labeled samples, 4644 new samples, and 1276523 unlabeled samples. Total: 1284422
 66.65% | time: 682.2s (307.6m) | step:   5085 | train acc: 1.000 | train loss: 0.000 |test acc: 0.772 (0.868, 0.618) | test eod gap: 0.0675
 66.65% | time:   1.1s (307.6m) | step:   5085 | train acc: 1.000 | train loss: 0.000 |val acc: 0.777 (0.873, 0.626) | val eod gap: 0.0765
begin calculating influence
calculating influence -- done
length of new labels 4649
Use 3255+4649 = 7904 samples.
Files already downloaded and verified
3255 originally labeled samples, 4649 new samples, and 1276518 unlabeled samples. Total: 1284422
Epoch 8
 69.29% | time: 770.8s (320.4m) | step:   5286 | train acc: 1.000 | train loss: 0.000 |test acc: 0.789 (0.893, 0.625) | test eod gap: 0.0271
 69.29% | time:   1.3s (320.5m) | step:   5286 | train acc: 1.000 | train loss: 0.000 |val acc: 0.788 (0.885, 0.632) | val eod gap: 0.0121
begin calculating influence
calculating influence -- done
length of new labels 4660
Use 3255+4660 = 7915 samples.
Files already downloaded and verified
3255 originally labeled samples, 4660 new samples, and 1276507 unlabeled samples. Total: 1284422
 71.91% | time: 763.2s (333.2m) | step:   5486 | train acc: 1.000 | train loss: 0.000 |test acc: 0.790 (0.895, 0.625) | test eod gap: 0.0242
 71.91% | time:   1.2s (333.2m) | step:   5486 | train acc: 1.000 | train loss: 0.000 |val acc: 0.786 (0.884, 0.633) | val eod gap: 0.0239
begin calculating influence
calculating influence -- done
length of new labels 4660
Use 3255+4660 = 7915 samples.
Files already downloaded and verified
3255 originally labeled samples, 4660 new samples, and 1276507 unlabeled samples. Total: 1284422
 74.53% | time: 784.6s (346.3m) | step:   5686 | train acc: 1.000 | train loss: 0.000 |test acc: 0.769 (0.869, 0.610) | test eod gap: 0.0210
 74.53% | time:   1.5s (346.3m) | step:   5686 | train acc: 1.000 | train loss: 0.000 |val acc: 0.761 (0.861, 0.604) | val eod gap: 0.0181
begin calculating influence
calculating influence -- done
length of new labels 4660
Use 3255+4660 = 7915 samples.
Files already downloaded and verified
3255 originally labeled samples, 4660 new samples, and 1276507 unlabeled samples. Total: 1284422
 74.99% | time: 676.0s (357.6m) | step:   5721 | train acc: 1.000 | train loss: 0.001 |test acc: 0.760 (0.848, 0.620) | test eod gap: 0.0811
 74.99% | time:   1.4s (357.6m) | step:   5721 | train acc: 1.000 | train loss: 0.001 |val acc: 0.749 (0.837, 0.611) | val eod gap: 0.0825
begin calculating influence
calculating influence -- done
length of new labels 4683
Use 3255+4683 = 7938 samples.
Files already downloaded and verified
3255 originally labeled samples, 4683 new samples, and 1276484 unlabeled samples. Total: 1284422
Epoch 9
 77.62% | time: 746.2s (370.0m) | step:   5922 | train acc: 1.000 | train loss: 0.002 |test acc: 0.686 (0.757, 0.573) | test eod gap: 0.1208
 77.62% | time:   1.2s (370.0m) | step:   5922 | train acc: 1.000 | train loss: 0.002 |val acc: 0.669 (0.740, 0.557) | val eod gap: 0.1011
begin calculating influence
calculating influence -- done
length of new labels 4927
Use 3255+4927 = 8182 samples.
Files already downloaded and verified
3255 originally labeled samples, 4927 new samples, and 1276240 unlabeled samples. Total: 1284422
 80.25% | time: 721.5s (382.1m) | step:   6122 | train acc: 1.000 | train loss: 0.000 |test acc: 0.752 (0.847, 0.599) | test eod gap: 0.1384
 80.25% | time:   1.4s (382.1m) | step:   6122 | train acc: 1.000 | train loss: 0.000 |val acc: 0.746 (0.830, 0.613) | val eod gap: 0.1854
begin calculating influence
calculating influence -- done
length of new labels 4937
Use 3255+4937 = 8192 samples.
Files already downloaded and verified
3255 originally labeled samples, 4937 new samples, and 1276230 unlabeled samples. Total: 1284422
 82.87% | time: 748.6s (394.6m) | step:   6322 | train acc: 1.000 | train loss: 0.001 |test acc: 0.776 (0.876, 0.618) | test eod gap: 0.0414
 82.87% | time:   1.3s (394.6m) | step:   6322 | train acc: 1.000 | train loss: 0.001 |val acc: 0.776 (0.863, 0.643) | val eod gap: 0.0220
begin calculating influence
calculating influence -- done
length of new labels 5193
Use 3255+5193 = 8448 samples.
Files already downloaded and verified
3255 originally labeled samples, 5193 new samples, and 1275974 unlabeled samples. Total: 1284422
 83.33% | time: 618.1s (404.9m) | step:   6357 | train acc: 1.000 | train loss: 0.004 |test acc: 0.717 (0.794, 0.596) | test eod gap: 0.1417
 83.33% | time:   1.5s (404.9m) | step:   6357 | train acc: 1.000 | train loss: 0.004 |val acc: 0.704 (0.791, 0.566) | val eod gap: 0.0925
begin calculating influence
calculating influence -- done
length of new labels 5449
Use 3255+5449 = 8704 samples.
Files already downloaded and verified
3255 originally labeled samples, 5449 new samples, and 1275718 unlabeled samples. Total: 1284422
Epoch 10
 85.96% | time: 751.1s (417.4m) | step:   6558 | train acc: 1.000 | train loss: 0.001 |test acc: 0.768 (0.869, 0.609) | test eod gap: 0.1221
 85.96% | time:   1.5s (417.5m) | step:   6558 | train acc: 1.000 | train loss: 0.001 |val acc: 0.770 (0.845, 0.644) | val eod gap: 0.1082
begin calculating influence
calculating influence -- done
length of new labels 5499
Use 3255+5499 = 8754 samples.
Files already downloaded and verified
3255 originally labeled samples, 5499 new samples, and 1275668 unlabeled samples. Total: 1284422
 88.58% | time: 696.5s (429.1m) | step:   6758 | train acc: 1.000 | train loss: 0.001 |test acc: 0.786 (0.883, 0.630) | test eod gap: 0.0841
 88.58% | time:   1.4s (429.1m) | step:   6758 | train acc: 1.000 | train loss: 0.001 |val acc: 0.783 (0.874, 0.642) | val eod gap: 0.0861
begin calculating influence
calculating influence -- done
length of new labels 5502
Use 3255+5502 = 8757 samples.
Files already downloaded and verified
3255 originally labeled samples, 5502 new samples, and 1275665 unlabeled samples. Total: 1284422
 91.20% | time: 755.2s (441.7m) | step:   6958 | train acc: 1.000 | train loss: 0.002 |test acc: 0.742 (0.835, 0.595) | test eod gap: 0.1876
 91.20% | time:   1.4s (441.7m) | step:   6958 | train acc: 1.000 | train loss: 0.002 |val acc: 0.743 (0.824, 0.614) | val eod gap: 0.1585
begin calculating influence
calculating influence -- done
length of new labels 5758
Use 3255+5758 = 9013 samples.
Files already downloaded and verified
3255 originally labeled samples, 5758 new samples, and 1275409 unlabeled samples. Total: 1284422
 91.66% | time: 627.1s (452.2m) | step:   6993 | train acc: 1.000 | train loss: 0.002 |test acc: 0.757 (0.848, 0.612) | test eod gap: 0.0857
 91.66% | time:   1.4s (452.2m) | step:   6993 | train acc: 1.000 | train loss: 0.002 |val acc: 0.751 (0.843, 0.612) | val eod gap: 0.0375
begin calculating influence
calculating influence -- done
length of new labels 5807
Use 3255+5807 = 9062 samples.
Files already downloaded and verified
3255 originally labeled samples, 5807 new samples, and 1275360 unlabeled samples. Total: 1284422
Epoch 11
 94.30% | time: 752.4s (464.7m) | step:   7194 | train acc: 1.000 | train loss: 0.000 |test acc: 0.757 (0.856, 0.599) | test eod gap: 0.1303
 94.30% | time:   1.4s (464.7m) | step:   7194 | train acc: 1.000 | train loss: 0.000 |val acc: 0.749 (0.837, 0.620) | val eod gap: 0.1170
begin calculating influence
calculating influence -- done
length of new labels 5917
Use 3255+5917 = 9172 samples.
Files already downloaded and verified
3255 originally labeled samples, 5917 new samples, and 1275250 unlabeled samples. Total: 1284422
 96.92% | time: 691.3s (476.3m) | step:   7394 | train acc: 1.000 | train loss: 0.001 |test acc: 0.733 (0.822, 0.592) | test eod gap: 0.1527
 96.92% | time:   1.4s (476.3m) | step:   7394 | train acc: 1.000 | train loss: 0.001 |val acc: 0.719 (0.804, 0.587) | val eod gap: 0.1217
begin calculating influence
calculating influence -- done
length of new labels 6173
Use 3255+6173 = 9428 samples.
Files already downloaded and verified
3255 originally labeled samples, 6173 new samples, and 1274994 unlabeled samples. Total: 1284422
 99.54% | time: 754.3s (488.9m) | step:   7594 | train acc: 1.000 | train loss: 0.001 |test acc: 0.738 (0.826, 0.597) | test eod gap: 0.1310
 99.54% | time:   1.4s (488.9m) | step:   7594 | train acc: 1.000 | train loss: 0.001 |val acc: 0.739 (0.830, 0.596) | val eod gap: 0.0614
begin calculating influence
calculating influence -- done
length of new labels 6429
Use 3255+6429 = 9684 samples.
Files already downloaded and verified
3255 originally labeled samples, 6429 new samples, and 1274738 unlabeled samples. Total: 1284422
100.00% | time: 571.9s (498.4m) | step:   7629 | train acc: 1.000 | train loss: 0.003 |test acc: 0.753 (0.843, 0.611) | test eod gap: 0.1154
100.00% | time:   1.1s (498.4m) | step:   7629 | train acc: 1.000 | train loss: 0.003 |val acc: 0.760 (0.839, 0.633) | val eod gap: 0.0618
begin calculating influence
calculating influence -- done
length of new labels 6524
Use 3255+6524 = 9779 samples.
Files already downloaded and verified
3255 originally labeled samples, 6524 new samples, and 1274643 unlabeled samples. Total: 1284422
