Files already downloaded and verified
3255 originally labeled samples, 0 new samples, and 159515 unlabeled samples. Total: 162770
Files already downloaded and verified
1996 originally labeled samples, 0 new samples, and 17966 unlabeled samples. Total: 19962
Numer of layers 200
train net...
train with 162770 samples (with replacement) in one epoch
Epoch 0
  2.62% | time:  94.6s (  1.6m) | step:    200 | train acc: 0.961 | train loss: 0.128 |warm_t acc: 0.753 (0.842, 0.611) | warm_t dp gap: 0.2058
  2.62% | time:   4.4s (  1.6m) | step:    200 | train acc: 0.961 | train loss: 0.128 |warm_v acc: 0.744 (0.836, 0.591) | warm_v dp gap: 0.2156
  5.24% | time:  80.9s (  3.0m) | step:    400 | train acc: 0.770 | train loss: 0.468 |warm_t acc: 0.758 (0.857, 0.600) | warm_t dp gap: 0.2152
  5.24% | time:   1.4s (  3.0m) | step:    400 | train acc: 0.770 | train loss: 0.468 |warm_v acc: 0.753 (0.858, 0.584) | warm_v dp gap: 0.2197
  7.86% | time:  82.6s (  4.4m) | step:    600 | train acc: 0.930 | train loss: 0.184 |warm_t acc: 0.767 (0.863, 0.614) | warm_t dp gap: 0.2069
  7.86% | time:   1.3s (  4.4m) | step:    600 | train acc: 0.930 | train loss: 0.184 |warm_v acc: 0.753 (0.842, 0.610) | warm_v dp gap: 0.1517
  8.32% | time:  23.1s (  4.8m) | step:    635 | train acc: 0.621 | train loss: 0.659 |warm_t acc: 0.788 (0.894, 0.619) | warm_t dp gap: 0.0030
  8.32% | time:   1.3s (  4.8m) | step:    635 | train acc: 0.621 | train loss: 0.659 |warm_v acc: 0.781 (0.895, 0.608) | warm_v dp gap: 0.0065
Epoch 1
 10.95% | time:  83.0s (  6.2m) | step:    835 | train acc: 0.926 | train loss: 0.202 |warm_t acc: 0.728 (0.815, 0.591) | warm_t dp gap: 0.2642
 10.95% | time:   1.3s (  6.2m) | step:    835 | train acc: 0.926 | train loss: 0.202 |warm_v acc: 0.708 (0.792, 0.574) | warm_v dp gap: 0.2088
 13.57% | time:  82.7s (  7.6m) | step:   1035 | train acc: 0.941 | train loss: 0.129 |warm_t acc: 0.724 (0.804, 0.597) | warm_t dp gap: 0.2399
 13.57% | time:   1.4s (  7.6m) | step:   1035 | train acc: 0.941 | train loss: 0.129 |warm_v acc: 0.712 (0.787, 0.594) | warm_v dp gap: 0.2087
 16.19% | time:  80.4s (  9.0m) | step:   1235 | train acc: 1.000 | train loss: 0.001 |warm_t acc: 0.742 (0.831, 0.599) | warm_t dp gap: 0.2070
 16.19% | time:   1.4s (  9.0m) | step:   1235 | train acc: 1.000 | train loss: 0.001 |warm_v acc: 0.737 (0.828, 0.604) | warm_v dp gap: 0.2044
 16.65% | time:  21.5s (  9.4m) | step:   1270 | train acc: 1.000 | train loss: 0.000 |warm_t acc: 0.740 (0.830, 0.598) | warm_t dp gap: 0.2146
 16.65% | time:   1.4s (  9.4m) | step:   1270 | train acc: 1.000 | train loss: 0.000 |warm_v acc: 0.741 (0.829, 0.602) | warm_v dp gap: 0.1946
Epoch 2
 19.28% | time:  79.8s ( 10.7m) | step:   1471 | train acc: 1.000 | train loss: 0.000 |test acc: 0.742 (0.832, 0.599) | test dp gap: 0.2117
 19.28% | time:   1.3s ( 10.7m) | step:   1471 | train acc: 1.000 | train loss: 0.000 |val acc: 0.742 (0.830, 0.600) | val dp gap: 0.2032
begin calculating influence
selected layers: [Traced<ShapedArray(float32[768])>with<DynamicJaxprTrace(level=0/1)>, Traced<ShapedArray(float32[8,8,3,768])>with<DynamicJaxprTrace(level=0/1)>, Traced<ShapedArray(float32[2])>with<DynamicJaxprTrace(level=0/1)>, Traced<ShapedArray(float32[768,2])>with<DynamicJaxprTrace(level=0/1)>]
[Strategy 5] Acc of expected label: 0.7305859375
calculating influence -- done
Use 3511 samples. Get 3635 labels. Ratio: 0.9658872077028886
Files already downloaded and verified
3255 originally labeled samples, 256 new samples, and 159259 unlabeled samples. Total: 162770
 21.90% | time: 759.3s ( 23.4m) | step:   1671 | train acc: 1.000 | train loss: 0.047 |test acc: 0.791 (0.893, 0.629) | test dp gap: 0.0246
 21.90% | time:   1.4s ( 23.4m) | step:   1671 | train acc: 1.000 | train loss: 0.047 |val acc: 0.784 (0.881, 0.633) | val dp gap: 0.0250
begin calculating influence
[Strategy 5] Acc of expected label: 0.7656640625
calculating influence -- done
Use 3526 samples. Get 3662 labels. Ratio: 0.9628618241398144
Files already downloaded and verified
3255 originally labeled samples, 271 new samples, and 159244 unlabeled samples. Total: 162770
 24.52% | time: 731.0s ( 35.6m) | step:   1871 | train acc: 0.961 | train loss: 0.088 |test acc: 0.761 (0.853, 0.614) | test dp gap: 0.1907
 24.52% | time:   1.7s ( 35.6m) | step:   1871 | train acc: 0.961 | train loss: 0.088 |val acc: 0.745 (0.831, 0.612) | val dp gap: 0.1977
begin calculating influence
[Strategy 5] Acc of expected label: 0.7495703125
calculating influence -- done
Use 3782 samples. Get 4081 labels. Ratio: 0.9267336437147758
Files already downloaded and verified
3255 originally labeled samples, 527 new samples, and 158988 unlabeled samples. Total: 162770
 24.98% | time: 686.0s ( 47.1m) | step:   1906 | train acc: 1.000 | train loss: 0.001 |test acc: 0.791 (0.893, 0.630) | test dp gap: 0.0276
 24.98% | time:   1.5s ( 47.1m) | step:   1906 | train acc: 1.000 | train loss: 0.001 |val acc: 0.796 (0.888, 0.648) | val dp gap: 0.0192
begin calculating influence
[Strategy 5] Acc of expected label: 0.76828125
calculating influence -- done
Use 3787 samples. Get 4088 labels. Ratio: 0.9263698630136986
Files already downloaded and verified
3255 originally labeled samples, 532 new samples, and 158983 unlabeled samples. Total: 162770
Epoch 3
 27.62% | time: 746.7s ( 59.5m) | step:   2107 | train acc: 1.000 | train loss: 0.004 |test acc: 0.786 (0.885, 0.628) | test dp gap: 0.0534
 27.62% | time:   1.5s ( 59.5m) | step:   2107 | train acc: 1.000 | train loss: 0.004 |val acc: 0.782 (0.879, 0.625) | val dp gap: 0.0676
begin calculating influence
[Strategy 5] Acc of expected label: 0.76546875
calculating influence -- done
Use 4043 samples. Get 4471 labels. Ratio: 0.9042719749496757
Files already downloaded and verified
3255 originally labeled samples, 788 new samples, and 158727 unlabeled samples. Total: 162770
 30.24% | time: 744.4s ( 72.0m) | step:   2307 | train acc: 1.000 | train loss: 0.000 |test acc: 0.789 (0.893, 0.623) | test dp gap: 0.0134
 30.24% | time:   1.3s ( 72.0m) | step:   2307 | train acc: 1.000 | train loss: 0.000 |val acc: 0.783 (0.882, 0.628) | val dp gap: 0.0107
begin calculating influence
[Strategy 5] Acc of expected label: 0.766015625
calculating influence -- done
Use 4299 samples. Get 4980 labels. Ratio: 0.8632530120481928
Files already downloaded and verified
3255 originally labeled samples, 1044 new samples, and 158471 unlabeled samples. Total: 162770
 32.86% | time: 740.6s ( 84.3m) | step:   2507 | train acc: 1.000 | train loss: 0.000 |test acc: 0.787 (0.894, 0.617) | test dp gap: 0.0079
 32.86% | time:   1.4s ( 84.3m) | step:   2507 | train acc: 1.000 | train loss: 0.000 |val acc: 0.793 (0.891, 0.635) | val dp gap: 0.0021
begin calculating influence
[Strategy 5] Acc of expected label: 0.7600390625
calculating influence -- done
Use 4311 samples. Get 5005 labels. Ratio: 0.8613386613386613
Files already downloaded and verified
3255 originally labeled samples, 1056 new samples, and 158459 unlabeled samples. Total: 162770
 33.32% | time: 678.3s ( 95.6m) | step:   2542 | train acc: 1.000 | train loss: 0.000 |test acc: 0.787 (0.894, 0.616) | test dp gap: 0.0056
 33.32% | time:   1.5s ( 95.7m) | step:   2542 | train acc: 1.000 | train loss: 0.000 |val acc: 0.789 (0.884, 0.641) | val dp gap: 0.0021
begin calculating influence
[Strategy 5] Acc of expected label: 0.766328125
calculating influence -- done
Use 4315 samples. Get 5020 labels. Ratio: 0.8595617529880478
Files already downloaded and verified
3255 originally labeled samples, 1060 new samples, and 158455 unlabeled samples. Total: 162770
Epoch 4
 35.95% | time: 739.4s (108.0m) | step:   2743 | train acc: 1.000 | train loss: 0.006 |test acc: 0.782 (0.889, 0.612) | test dp gap: 0.0175
 35.95% | time:   1.5s (108.0m) | step:   2743 | train acc: 1.000 | train loss: 0.006 |val acc: 0.790 (0.888, 0.639) | val dp gap: 0.0145
begin calculating influence
[Strategy 5] Acc of expected label: 0.763125
calculating influence -- done
Use 4392 samples. Get 5147 labels. Ratio: 0.8533126092869633
Files already downloaded and verified
3255 originally labeled samples, 1137 new samples, and 158378 unlabeled samples. Total: 162770
 38.58% | time: 744.8s (120.4m) | step:   2943 | train acc: 1.000 | train loss: 0.000 |test acc: 0.782 (0.887, 0.615) | test dp gap: 0.0100
 38.58% | time:   1.5s (120.5m) | step:   2943 | train acc: 1.000 | train loss: 0.000 |val acc: 0.779 (0.876, 0.622) | val dp gap: 0.0083
begin calculating influence
[Strategy 5] Acc of expected label: 0.758671875
calculating influence -- done
Use 4415 samples. Get 5223 labels. Ratio: 0.8452996362243921
Files already downloaded and verified
3255 originally labeled samples, 1160 new samples, and 158355 unlabeled samples. Total: 162770
 41.20% | time: 742.3s (132.8m) | step:   3143 | train acc: 1.000 | train loss: 0.000 |test acc: 0.779 (0.883, 0.614) | test dp gap: 0.0010
 41.20% | time:   1.5s (132.9m) | step:   3143 | train acc: 1.000 | train loss: 0.000 |val acc: 0.786 (0.884, 0.625) | val dp gap: 0.0023
begin calculating influence
[Strategy 5] Acc of expected label: 0.7530859375
calculating influence -- done
Use 4442 samples. Get 5346 labels. Ratio: 0.8309016086793864
Files already downloaded and verified
3255 originally labeled samples, 1187 new samples, and 158328 unlabeled samples. Total: 162770
 41.66% | time: 681.4s (144.2m) | step:   3178 | train acc: 1.000 | train loss: 0.000 |test acc: 0.769 (0.869, 0.611) | test dp gap: 0.0122
 41.66% | time:   1.4s (144.2m) | step:   3178 | train acc: 1.000 | train loss: 0.000 |val acc: 0.769 (0.863, 0.620) | val dp gap: 0.0060
begin calculating influence
[Strategy 5] Acc of expected label: 0.747421875
calculating influence -- done
Use 4604 samples. Get 5739 labels. Ratio: 0.8022303537201603
Files already downloaded and verified
3255 originally labeled samples, 1349 new samples, and 158166 unlabeled samples. Total: 162770
Epoch 5
 44.29% | time: 745.0s (156.7m) | step:   3379 | train acc: 1.000 | train loss: 0.010 |test acc: 0.758 (0.852, 0.609) | test dp gap: 0.0417
 44.29% | time:   1.5s (156.7m) | step:   3379 | train acc: 1.000 | train loss: 0.010 |val acc: 0.762 (0.851, 0.623) | val dp gap: 0.0460
begin calculating influence
[Strategy 5] Acc of expected label: 0.7415234375
calculating influence -- done
Use 4860 samples. Get 6217 labels. Ratio: 0.7817275213125302
Files already downloaded and verified
3255 originally labeled samples, 1605 new samples, and 157910 unlabeled samples. Total: 162770
 46.91% | time: 742.3s (169.0m) | step:   3579 | train acc: 1.000 | train loss: 0.003 |test acc: 0.773 (0.872, 0.615) | test dp gap: 0.0227
 46.91% | time:   1.6s (169.1m) | step:   3579 | train acc: 1.000 | train loss: 0.003 |val acc: 0.768 (0.860, 0.629) | val dp gap: 0.0078
begin calculating influence
[Strategy 5] Acc of expected label: 0.7519140625
calculating influence -- done
Use 4907 samples. Get 6368 labels. Ratio: 0.770571608040201
Files already downloaded and verified
3255 originally labeled samples, 1652 new samples, and 157863 unlabeled samples. Total: 162770
 49.53% | time: 745.3s (181.5m) | step:   3779 | train acc: 1.000 | train loss: 0.008 |test acc: 0.775 (0.877, 0.613) | test dp gap: 0.0526
 49.53% | time:   1.4s (181.5m) | step:   3779 | train acc: 1.000 | train loss: 0.008 |val acc: 0.774 (0.867, 0.629) | val dp gap: 0.0467
begin calculating influence
[Strategy 5] Acc of expected label: 0.75140625
calculating influence -- done
Use 4976 samples. Get 6568 labels. Ratio: 0.7576126674786845
Files already downloaded and verified
3255 originally labeled samples, 1721 new samples, and 157794 unlabeled samples. Total: 162770
 49.99% | time: 688.3s (193.0m) | step:   3814 | train acc: 1.000 | train loss: 0.002 |test acc: 0.773 (0.870, 0.619) | test dp gap: 0.0255
 49.99% | time:   1.3s (193.0m) | step:   3814 | train acc: 1.000 | train loss: 0.002 |val acc: 0.770 (0.863, 0.623) | val dp gap: 0.0055
begin calculating influence
[Strategy 5] Acc of expected label: 0.7492578125
calculating influence -- done
Use 5156 samples. Get 6903 labels. Ratio: 0.7469216282775605
Files already downloaded and verified
3255 originally labeled samples, 1901 new samples, and 157614 unlabeled samples. Total: 162770
Epoch 6
 52.62% | time: 747.7s (205.5m) | step:   4014 | train acc: 1.000 | train loss: 0.008 |test acc: 0.767 (0.862, 0.617) | test dp gap: 0.0128
 52.62% | time:   1.4s (205.5m) | step:   4014 | train acc: 1.000 | train loss: 0.008 |val acc: 0.759 (0.851, 0.616) | val dp gap: 0.0098
begin calculating influence
[Strategy 5] Acc of expected label: 0.7418359375
calculating influence -- done
Use 5358 samples. Get 7491 labels. Ratio: 0.7152583099719664
Files already downloaded and verified
3255 originally labeled samples, 2103 new samples, and 157412 unlabeled samples. Total: 162770
 55.24% | time: 745.8s (217.9m) | step:   4214 | train acc: 1.000 | train loss: 0.005 |test acc: 0.750 (0.839, 0.609) | test dp gap: 0.0491
 55.24% | time:   1.4s (217.9m) | step:   4214 | train acc: 1.000 | train loss: 0.005 |val acc: 0.755 (0.834, 0.626) | val dp gap: 0.0422
begin calculating influence
[Strategy 5] Acc of expected label: 0.7267578125
calculating influence -- done
Use 5614 samples. Get 7810 labels. Ratio: 0.7188220230473752
Files already downloaded and verified
3255 originally labeled samples, 2359 new samples, and 157156 unlabeled samples. Total: 162770
 57.86% | time: 744.4s (230.4m) | step:   4414 | train acc: 1.000 | train loss: 0.000 |test acc: 0.772 (0.869, 0.616) | test dp gap: 0.0053
 57.86% | time:   1.4s (230.4m) | step:   4414 | train acc: 1.000 | train loss: 0.000 |val acc: 0.773 (0.874, 0.613) | val dp gap: 0.0067
begin calculating influence
[Strategy 5] Acc of expected label: 0.7479296875
calculating influence -- done
Use 5870 samples. Get 8321 labels. Ratio: 0.7054440572046629
Files already downloaded and verified
3255 originally labeled samples, 2615 new samples, and 156900 unlabeled samples. Total: 162770
 58.32% | time: 682.8s (241.8m) | step:   4449 | train acc: 1.000 | train loss: 0.004 |test acc: 0.769 (0.864, 0.618) | test dp gap: 0.0297
 58.32% | time:   1.2s (241.8m) | step:   4449 | train acc: 1.000 | train loss: 0.004 |val acc: 0.775 (0.866, 0.626) | val dp gap: 0.0337
begin calculating influence
[Strategy 5] Acc of expected label: 0.7461328125
calculating influence -- done
Use 5952 samples. Get 8554 labels. Ratio: 0.6958148234743979
Files already downloaded and verified
3255 originally labeled samples, 2697 new samples, and 156818 unlabeled samples. Total: 162770
Epoch 7
 60.95% | time: 742.0s (254.1m) | step:   4650 | train acc: 1.000 | train loss: 0.000 |test acc: 0.766 (0.862, 0.614) | test dp gap: 0.0279
 60.95% | time:   1.4s (254.2m) | step:   4650 | train acc: 1.000 | train loss: 0.000 |val acc: 0.765 (0.863, 0.615) | val dp gap: 0.0163
begin calculating influence
[Strategy 5] Acc of expected label: 0.7451171875
calculating influence -- done
Use 6160 samples. Get 9180 labels. Ratio: 0.6710239651416122
Files already downloaded and verified
3255 originally labeled samples, 2905 new samples, and 156610 unlabeled samples. Total: 162770
 63.57% | time: 740.4s (266.5m) | step:   4850 | train acc: 0.992 | train loss: 0.030 |test acc: 0.762 (0.855, 0.616) | test dp gap: 0.0689
 63.57% | time:   1.6s (266.5m) | step:   4850 | train acc: 0.992 | train loss: 0.030 |val acc: 0.767 (0.863, 0.624) | val dp gap: 0.0515
begin calculating influence
[Strategy 5] Acc of expected label: 0.7376171875
calculating influence -- done
Use 6356 samples. Get 9570 labels. Ratio: 0.6641588296760711
Files already downloaded and verified
3255 originally labeled samples, 3101 new samples, and 156414 unlabeled samples. Total: 162770
 66.19% | time: 741.6s (278.9m) | step:   5050 | train acc: 1.000 | train loss: 0.000 |test acc: 0.765 (0.858, 0.617) | test dp gap: 0.0346
 66.19% | time:   1.5s (278.9m) | step:   5050 | train acc: 1.000 | train loss: 0.000 |val acc: 0.764 (0.851, 0.629) | val dp gap: 0.0336
begin calculating influence
[Strategy 5] Acc of expected label: 0.744921875
calculating influence -- done
Use 6612 samples. Get 10237 labels. Ratio: 0.6458923512747875
Files already downloaded and verified
3255 originally labeled samples, 3357 new samples, and 156158 unlabeled samples. Total: 162770
 66.65% | time: 686.8s (290.4m) | step:   5085 | train acc: 0.996 | train loss: 0.031 |test acc: 0.753 (0.843, 0.610) | test dp gap: 0.0302
 66.65% | time:   1.4s (290.4m) | step:   5085 | train acc: 0.996 | train loss: 0.031 |val acc: 0.757 (0.833, 0.636) | val dp gap: 0.0176
begin calculating influence
[Strategy 5] Acc of expected label: 0.7331640625
calculating influence -- done
Use 6868 samples. Get 10601 labels. Ratio: 0.6478634091123479
Files already downloaded and verified
3255 originally labeled samples, 3613 new samples, and 155902 unlabeled samples. Total: 162770
Epoch 8
 69.29% | time: 740.1s (302.7m) | step:   5286 | train acc: 1.000 | train loss: 0.004 |test acc: 0.765 (0.861, 0.612) | test dp gap: 0.0475
 69.29% | time:   1.5s (302.8m) | step:   5286 | train acc: 1.000 | train loss: 0.004 |val acc: 0.760 (0.855, 0.611) | val dp gap: 0.0245
begin calculating influence
[Strategy 5] Acc of expected label: 0.74421875
calculating influence -- done
Use 7031 samples. Get 10986 labels. Ratio: 0.6399963590023666
Files already downloaded and verified
3255 originally labeled samples, 3776 new samples, and 155739 unlabeled samples. Total: 162770
 71.91% | time: 740.5s (315.1m) | step:   5486 | train acc: 0.996 | train loss: 0.016 |test acc: 0.767 (0.862, 0.616) | test dp gap: 0.0609
 71.91% | time:   1.4s (315.1m) | step:   5486 | train acc: 0.996 | train loss: 0.016 |val acc: 0.773 (0.852, 0.646) | val dp gap: 0.0443
begin calculating influence
[Strategy 5] Acc of expected label: 0.749609375
calculating influence -- done
Use 7258 samples. Get 11396 labels. Ratio: 0.6368901368901368
Files already downloaded and verified
3255 originally labeled samples, 4003 new samples, and 155512 unlabeled samples. Total: 162770
 74.53% | time: 739.1s (327.4m) | step:   5686 | train acc: 1.000 | train loss: 0.000 |test acc: 0.767 (0.865, 0.613) | test dp gap: 0.0495
 74.53% | time:   1.5s (327.5m) | step:   5686 | train acc: 1.000 | train loss: 0.000 |val acc: 0.777 (0.859, 0.646) | val dp gap: 0.0201
begin calculating influence
[Strategy 5] Acc of expected label: 0.7472265625
calculating influence -- done
Use 7318 samples. Get 11541 labels. Ratio: 0.6340871674898189
Files already downloaded and verified
3255 originally labeled samples, 4063 new samples, and 155452 unlabeled samples. Total: 162770
 74.99% | time: 685.5s (338.9m) | step:   5721 | train acc: 0.996 | train loss: 0.013 |test acc: 0.756 (0.844, 0.615) | test dp gap: 0.0443
 74.99% | time:   1.3s (338.9m) | step:   5721 | train acc: 0.996 | train loss: 0.013 |val acc: 0.755 (0.844, 0.622) | val dp gap: 0.0226
begin calculating influence
[Strategy 5] Acc of expected label: 0.7353125
calculating influence -- done
Use 7574 samples. Get 11970 labels. Ratio: 0.632748538011696
Files already downloaded and verified
3255 originally labeled samples, 4319 new samples, and 155196 unlabeled samples. Total: 162770
Epoch 9
 77.62% | time: 738.6s (351.2m) | step:   5922 | train acc: 1.000 | train loss: 0.000 |test acc: 0.768 (0.863, 0.617) | test dp gap: 0.0431
 77.62% | time:   1.6s (351.2m) | step:   5922 | train acc: 1.000 | train loss: 0.000 |val acc: 0.775 (0.858, 0.650) | val dp gap: 0.0130
begin calculating influence
[Strategy 5] Acc of expected label: 0.745234375
calculating influence -- done
Use 7830 samples. Get 12502 labels. Ratio: 0.6262997920332747
Files already downloaded and verified
3255 originally labeled samples, 4575 new samples, and 154940 unlabeled samples. Total: 162770
 80.25% | time: 740.3s (363.6m) | step:   6122 | train acc: 1.000 | train loss: 0.000 |test acc: 0.767 (0.863, 0.614) | test dp gap: 0.0541
 80.25% | time:   1.5s (363.6m) | step:   6122 | train acc: 1.000 | train loss: 0.000 |val acc: 0.773 (0.860, 0.630) | val dp gap: 0.0369
begin calculating influence
[Strategy 5] Acc of expected label: 0.7491796875
calculating influence -- done
Use 8086 samples. Get 13209 labels. Ratio: 0.6121583768642592
Files already downloaded and verified
3255 originally labeled samples, 4831 new samples, and 154684 unlabeled samples. Total: 162770
 82.87% | time: 741.8s (376.0m) | step:   6322 | train acc: 1.000 | train loss: 0.004 |test acc: 0.760 (0.852, 0.614) | test dp gap: 0.0761
 82.87% | time:   1.6s (376.0m) | step:   6322 | train acc: 1.000 | train loss: 0.004 |val acc: 0.764 (0.846, 0.629) | val dp gap: 0.0440
begin calculating influence
[Strategy 5] Acc of expected label: 0.738125
calculating influence -- done
Use 8342 samples. Get 13577 labels. Ratio: 0.6144214480371216
Files already downloaded and verified
3255 originally labeled samples, 5087 new samples, and 154428 unlabeled samples. Total: 162770
 83.33% | time: 685.7s (387.4m) | step:   6357 | train acc: 0.996 | train loss: 0.007 |test acc: 0.769 (0.864, 0.619) | test dp gap: 0.0738
 83.33% | time:   1.4s (387.4m) | step:   6357 | train acc: 0.996 | train loss: 0.007 |val acc: 0.777 (0.859, 0.639) | val dp gap: 0.0356
begin calculating influence
[Strategy 5] Acc of expected label: 0.7440234375
calculating influence -- done
Use 8434 samples. Get 13760 labels. Ratio: 0.6129360465116279
Files already downloaded and verified
3255 originally labeled samples, 5179 new samples, and 154336 unlabeled samples. Total: 162770
Epoch 10
 85.96% | time: 737.7s (399.7m) | step:   6558 | train acc: 1.000 | train loss: 0.001 |test acc: 0.770 (0.865, 0.618) | test dp gap: 0.0718
 85.96% | time:   1.5s (399.8m) | step:   6558 | train acc: 1.000 | train loss: 0.001 |val acc: 0.773 (0.863, 0.633) | val dp gap: 0.0434
begin calculating influence
calculating influence -- done
length of new labels 256
Use 8434+256 = 8690 samples.
Files already downloaded and verified
3255 originally labeled samples, 5435 new samples, and 154080 unlabeled samples. Total: 162770
 88.58% | time: 731.9s (412.0m) | step:   6758 | train acc: 1.000 | train loss: 0.009 |test acc: 0.761 (0.854, 0.612) | test dp gap: 0.0804
 88.58% | time:   1.4s (412.0m) | step:   6758 | train acc: 1.000 | train loss: 0.009 |val acc: 0.765 (0.851, 0.630) | val dp gap: 0.0531
begin calculating influence
calculating influence -- done
length of new labels 512
Use 8434+512 = 8946 samples.
Files already downloaded and verified
3255 originally labeled samples, 5691 new samples, and 153824 unlabeled samples. Total: 162770
 91.20% | time: 742.3s (424.4m) | step:   6958 | train acc: 0.996 | train loss: 0.023 |test acc: 0.766 (0.859, 0.618) | test dp gap: 0.0617
 91.20% | time:   1.3s (424.4m) | step:   6958 | train acc: 0.996 | train loss: 0.023 |val acc: 0.765 (0.849, 0.628) | val dp gap: 0.0421
begin calculating influence
calculating influence -- done
length of new labels 656
Use 8434+656 = 9090 samples.
Files already downloaded and verified
3255 originally labeled samples, 5835 new samples, and 153680 unlabeled samples. Total: 162770
 91.66% | time: 686.5s (435.8m) | step:   6993 | train acc: 0.996 | train loss: 0.020 |test acc: 0.761 (0.854, 0.614) | test dp gap: 0.0624
 91.66% | time:   1.5s (435.8m) | step:   6993 | train acc: 0.996 | train loss: 0.020 |val acc: 0.762 (0.847, 0.632) | val dp gap: 0.0275
begin calculating influence
calculating influence -- done
length of new labels 843
Use 8434+843 = 9277 samples.
Files already downloaded and verified
3255 originally labeled samples, 6022 new samples, and 153493 unlabeled samples. Total: 162770
Epoch 11
 94.30% | time: 736.8s (448.1m) | step:   7194 | train acc: 1.000 | train loss: 0.001 |test acc: 0.765 (0.857, 0.620) | test dp gap: 0.0617
 94.30% | time:   1.4s (448.1m) | step:   7194 | train acc: 1.000 | train loss: 0.001 |val acc: 0.770 (0.861, 0.624) | val dp gap: 0.0417
begin calculating influence
calculating influence -- done
length of new labels 1099
Use 8434+1099 = 9533 samples.
Files already downloaded and verified
3255 originally labeled samples, 6278 new samples, and 153237 unlabeled samples. Total: 162770
 96.92% | time: 739.2s (460.5m) | step:   7394 | train acc: 1.000 | train loss: 0.009 |test acc: 0.758 (0.850, 0.613) | test dp gap: 0.0745
 96.92% | time:   1.4s (460.5m) | step:   7394 | train acc: 1.000 | train loss: 0.009 |val acc: 0.764 (0.843, 0.644) | val dp gap: 0.0489
begin calculating influence
calculating influence -- done
length of new labels 1317
Use 8434+1317 = 9751 samples.
Files already downloaded and verified
3255 originally labeled samples, 6496 new samples, and 153019 unlabeled samples. Total: 162770
 99.54% | time: 733.7s (472.7m) | step:   7594 | train acc: 0.988 | train loss: 0.016 |test acc: 0.753 (0.842, 0.613) | test dp gap: 0.0698
 99.54% | time:   1.4s (472.7m) | step:   7594 | train acc: 0.988 | train loss: 0.016 |val acc: 0.764 (0.839, 0.642) | val dp gap: 0.0711
begin calculating influence
calculating influence -- done
length of new labels 1573
Use 8434+1573 = 10007 samples.
Files already downloaded and verified
3255 originally labeled samples, 6752 new samples, and 152763 unlabeled samples. Total: 162770
100.00% | time: 675.5s (484.0m) | step:   7629 | train acc: 0.996 | train loss: 0.015 |test acc: 0.761 (0.851, 0.617) | test dp gap: 0.0630
100.00% | time:   1.1s (484.0m) | step:   7629 | train acc: 0.996 | train loss: 0.015 |val acc: 0.772 (0.849, 0.653) | val dp gap: 0.0514
begin calculating influence
calculating influence -- done
length of new labels 1829
Use 8434+1829 = 10263 samples.
Files already downloaded and verified
3255 originally labeled samples, 7008 new samples, and 152507 unlabeled samples. Total: 162770
