Files already downloaded and verified
3255 originally labeled samples, 0 new samples, and 159515 unlabeled samples. Total: 162770
Files already downloaded and verified
1996 originally labeled samples, 0 new samples, and 17966 unlabeled samples. Total: 19962
Numer of layers 200
train net...
train with 162770 samples (with replacement) in one epoch
Epoch 0
  2.62% | time:  95.8s (  1.6m) | step:    200 | train acc: 0.965 | train loss: 0.100 |warm_t acc: 0.762 (0.850, 0.623) | warm_t dp gap: 0.1929
  2.62% | time:   5.6s (  1.7m) | step:    200 | train acc: 0.965 | train loss: 0.100 |warm_v acc: 0.762 (0.848, 0.617) | warm_v dp gap: 0.2180
  5.24% | time:  79.3s (  3.0m) | step:    400 | train acc: 0.703 | train loss: 0.730 |warm_t acc: 0.641 (0.701, 0.546) | warm_t dp gap: 0.1442
  5.24% | time:   1.4s (  3.0m) | step:    400 | train acc: 0.703 | train loss: 0.730 |warm_v acc: 0.625 (0.704, 0.499) | warm_v dp gap: 0.1794
  7.86% | time:  81.0s (  4.4m) | step:    600 | train acc: 0.832 | train loss: 0.405 |warm_t acc: 0.761 (0.862, 0.601) | warm_t dp gap: 0.2107
  7.86% | time:   1.4s (  4.4m) | step:    600 | train acc: 0.832 | train loss: 0.405 |warm_v acc: 0.755 (0.855, 0.593) | warm_v dp gap: 0.2295
  8.32% | time:  22.8s (  4.8m) | step:    635 | train acc: 0.836 | train loss: 0.358 |warm_t acc: 0.783 (0.881, 0.628) | warm_t dp gap: 0.1472
  8.32% | time:   1.4s (  4.8m) | step:    635 | train acc: 0.836 | train loss: 0.358 |warm_v acc: 0.770 (0.883, 0.600) | warm_v dp gap: 0.1442
Epoch 1
 10.95% | time:  81.5s (  6.2m) | step:    835 | train acc: 0.922 | train loss: 0.192 |warm_t acc: 0.754 (0.845, 0.608) | warm_t dp gap: 0.2476
 10.95% | time:   1.4s (  6.2m) | step:    835 | train acc: 0.922 | train loss: 0.192 |warm_v acc: 0.738 (0.832, 0.589) | warm_v dp gap: 0.2152
 13.57% | time:  81.3s (  7.5m) | step:   1035 | train acc: 1.000 | train loss: 0.003 |warm_t acc: 0.744 (0.832, 0.604) | warm_t dp gap: 0.2332
 13.57% | time:   1.5s (  7.6m) | step:   1035 | train acc: 1.000 | train loss: 0.003 |warm_v acc: 0.744 (0.829, 0.611) | warm_v dp gap: 0.2214
 16.19% | time:  80.4s (  8.9m) | step:   1235 | train acc: 1.000 | train loss: 0.000 |warm_t acc: 0.744 (0.830, 0.606) | warm_t dp gap: 0.2353
 16.19% | time:   1.4s (  8.9m) | step:   1235 | train acc: 1.000 | train loss: 0.000 |warm_v acc: 0.745 (0.829, 0.623) | warm_v dp gap: 0.2441
 16.65% | time:  21.3s (  9.3m) | step:   1270 | train acc: 1.000 | train loss: 0.000 |warm_t acc: 0.744 (0.830, 0.607) | warm_t dp gap: 0.2369
 16.65% | time:   1.5s (  9.3m) | step:   1270 | train acc: 1.000 | train loss: 0.000 |warm_v acc: 0.755 (0.841, 0.618) | warm_v dp gap: 0.2362
Epoch 2
 19.28% | time:  79.1s ( 10.6m) | step:   1471 | train acc: 1.000 | train loss: 0.000 |test acc: 0.744 (0.831, 0.606) | test dp gap: 0.2343
 19.28% | time:   1.2s ( 10.7m) | step:   1471 | train acc: 1.000 | train loss: 0.000 |val acc: 0.753 (0.842, 0.610) | val dp gap: 0.2323
begin calculating influence
selected layers: [Traced<ShapedArray(float32[768])>with<DynamicJaxprTrace(level=0/1)>, Traced<ShapedArray(float32[8,8,3,768])>with<DynamicJaxprTrace(level=0/1)>, Traced<ShapedArray(float32[2])>with<DynamicJaxprTrace(level=0/1)>, Traced<ShapedArray(float32[768,2])>with<DynamicJaxprTrace(level=0/1)>]
[Strategy 5] Acc of expected label: 0.730546875
calculating influence -- done
Use 3511 samples. Get 3636 labels. Ratio: 0.9656215621562156
Files already downloaded and verified
3255 originally labeled samples, 256 new samples, and 159259 unlabeled samples. Total: 162770
 21.90% | time: 747.5s ( 23.1m) | step:   1671 | train acc: 1.000 | train loss: 0.027 |test acc: 0.788 (0.895, 0.618) | test dp gap: 0.0001
 21.90% | time:   1.4s ( 23.1m) | step:   1671 | train acc: 1.000 | train loss: 0.027 |val acc: 0.780 (0.879, 0.627) | val dp gap: 0.0006
begin calculating influence
[Strategy 5] Acc of expected label: 0.763359375
calculating influence -- done
Use 3767 samples. Get 4119 labels. Ratio: 0.9145423646516144
Files already downloaded and verified
3255 originally labeled samples, 512 new samples, and 159003 unlabeled samples. Total: 162770
 24.52% | time: 737.3s ( 35.4m) | step:   1871 | train acc: 1.000 | train loss: 0.052 |test acc: 0.773 (0.869, 0.619) | test dp gap: 0.0163
 24.52% | time:   1.6s ( 35.5m) | step:   1871 | train acc: 1.000 | train loss: 0.052 |val acc: 0.777 (0.875, 0.626) | val dp gap: 0.0277
begin calculating influence
[Strategy 5] Acc of expected label: 0.749765625
calculating influence -- done
Use 4023 samples. Get 4539 labels. Ratio: 0.8863185723727693
Files already downloaded and verified
3255 originally labeled samples, 768 new samples, and 158747 unlabeled samples. Total: 162770
 24.98% | time: 678.0s ( 46.8m) | step:   1906 | train acc: 1.000 | train loss: 0.016 |test acc: 0.788 (0.895, 0.618) | test dp gap: 0.0000
 24.98% | time:   1.4s ( 46.8m) | step:   1906 | train acc: 1.000 | train loss: 0.016 |val acc: 0.792 (0.891, 0.635) | val dp gap: 0.0000
begin calculating influence
[Strategy 5] Acc of expected label: 0.7608203125
calculating influence -- done
Use 4279 samples. Get 4883 labels. Ratio: 0.8763055498668851
Files already downloaded and verified
3255 originally labeled samples, 1024 new samples, and 158491 unlabeled samples. Total: 162770
Epoch 3
 27.62% | time: 731.2s ( 59.0m) | step:   2107 | train acc: 1.000 | train loss: 0.042 |test acc: 0.786 (0.893, 0.618) | test dp gap: 0.0029
 27.62% | time:   1.5s ( 59.0m) | step:   2107 | train acc: 1.000 | train loss: 0.042 |val acc: 0.790 (0.884, 0.638) | val dp gap: 0.0011
begin calculating influence
[Strategy 5] Acc of expected label: 0.760546875
calculating influence -- done
Use 4535 samples. Get 5304 labels. Ratio: 0.8550150829562594
Files already downloaded and verified
3255 originally labeled samples, 1280 new samples, and 158235 unlabeled samples. Total: 162770
 30.24% | time: 731.4s ( 71.2m) | step:   2307 | train acc: 1.000 | train loss: 0.009 |test acc: 0.788 (0.895, 0.618) | test dp gap: 0.0000
 30.24% | time:   1.4s ( 71.2m) | step:   2307 | train acc: 1.000 | train loss: 0.009 |val acc: 0.793 (0.899, 0.632) | val dp gap: 0.0000
begin calculating influence
[Strategy 5] Acc of expected label: 0.768125
calculating influence -- done
Use 4791 samples. Get 5750 labels. Ratio: 0.8332173913043478
Files already downloaded and verified
3255 originally labeled samples, 1536 new samples, and 157979 unlabeled samples. Total: 162770
 32.86% | time: 730.2s ( 83.4m) | step:   2507 | train acc: 1.000 | train loss: 0.010 |test acc: 0.788 (0.895, 0.618) | test dp gap: 0.0001
 32.86% | time:   1.4s ( 83.4m) | step:   2507 | train acc: 1.000 | train loss: 0.010 |val acc: 0.788 (0.893, 0.633) | val dp gap: 0.0000
begin calculating influence
[Strategy 5] Acc of expected label: 0.763125
calculating influence -- done
Use 4826 samples. Get 5794 labels. Ratio: 0.8329306178805661
Files already downloaded and verified
3255 originally labeled samples, 1571 new samples, and 157944 unlabeled samples. Total: 162770
 33.32% | time: 683.8s ( 94.8m) | step:   2542 | train acc: 1.000 | train loss: 0.017 |test acc: 0.788 (0.895, 0.618) | test dp gap: 0.0000
 33.32% | time:   1.4s ( 94.8m) | step:   2542 | train acc: 1.000 | train loss: 0.017 |val acc: 0.785 (0.887, 0.624) | val dp gap: 0.0000
begin calculating influence
[Strategy 5] Acc of expected label: 0.7623828125
calculating influence -- done
Use 4870 samples. Get 5874 labels. Ratio: 0.829077289751447
Files already downloaded and verified
3255 originally labeled samples, 1615 new samples, and 157900 unlabeled samples. Total: 162770
Epoch 4
 35.95% | time: 719.4s (106.8m) | step:   2743 | train acc: 1.000 | train loss: 0.008 |test acc: 0.788 (0.895, 0.618) | test dp gap: 0.0000
 35.95% | time:   1.4s (106.8m) | step:   2743 | train acc: 1.000 | train loss: 0.008 |val acc: 0.802 (0.897, 0.657) | val dp gap: 0.0000
begin calculating influence
[Strategy 5] Acc of expected label: 0.7618359375
calculating influence -- done
Use 4917 samples. Get 5945 labels. Ratio: 0.8270815811606392
Files already downloaded and verified
3255 originally labeled samples, 1662 new samples, and 157853 unlabeled samples. Total: 162770
 38.58% | time: 731.5s (119.0m) | step:   2943 | train acc: 1.000 | train loss: 0.045 |test acc: 0.786 (0.892, 0.619) | test dp gap: 0.0003
 38.58% | time:   1.4s (119.0m) | step:   2943 | train acc: 1.000 | train loss: 0.045 |val acc: 0.788 (0.879, 0.639) | val dp gap: 0.0022
begin calculating influence
[Strategy 5] Acc of expected label: 0.760078125
calculating influence -- done
Use 5173 samples. Get 6398 labels. Ratio: 0.8085339168490153
Files already downloaded and verified
3255 originally labeled samples, 1918 new samples, and 157597 unlabeled samples. Total: 162770
 41.20% | time: 733.3s (131.3m) | step:   3143 | train acc: 1.000 | train loss: 0.051 |test acc: 0.788 (0.894, 0.618) | test dp gap: 0.0002
 41.20% | time:   1.2s (131.3m) | step:   3143 | train acc: 1.000 | train loss: 0.051 |val acc: 0.789 (0.895, 0.625) | val dp gap: 0.0000
begin calculating influence
[Strategy 5] Acc of expected label: 0.760546875
calculating influence -- done
Use 5429 samples. Get 6861 labels. Ratio: 0.7912840693776417
Files already downloaded and verified
3255 originally labeled samples, 2174 new samples, and 157341 unlabeled samples. Total: 162770
 41.66% | time: 671.9s (142.5m) | step:   3178 | train acc: 1.000 | train loss: 0.012 |test acc: 0.783 (0.887, 0.617) | test dp gap: 0.0042
 41.66% | time:   1.4s (142.5m) | step:   3178 | train acc: 1.000 | train loss: 0.012 |val acc: 0.771 (0.871, 0.618) | val dp gap: 0.0117
begin calculating influence
[Strategy 5] Acc of expected label: 0.75921875
calculating influence -- done
Use 5430 samples. Get 6863 labels. Ratio: 0.7911991840303074
Files already downloaded and verified
3255 originally labeled samples, 2175 new samples, and 157340 unlabeled samples. Total: 162770
Epoch 5
 44.29% | time: 719.9s (154.5m) | step:   3379 | train acc: 1.000 | train loss: 0.056 |test acc: 0.785 (0.890, 0.619) | test dp gap: 0.0013
 44.29% | time:   1.5s (154.5m) | step:   3379 | train acc: 1.000 | train loss: 0.056 |val acc: 0.784 (0.881, 0.636) | val dp gap: 0.0059
begin calculating influence
[Strategy 5] Acc of expected label: 0.758125
calculating influence -- done
Use 5686 samples. Get 7172 labels. Ratio: 0.7928053541550474
Files already downloaded and verified
3255 originally labeled samples, 2431 new samples, and 157084 unlabeled samples. Total: 162770
 46.91% | time: 717.2s (166.5m) | step:   3579 | train acc: 0.996 | train loss: 0.036 |test acc: 0.787 (0.893, 0.618) | test dp gap: 0.0003
 46.91% | time:   1.4s (166.5m) | step:   3579 | train acc: 0.996 | train loss: 0.036 |val acc: 0.787 (0.892, 0.628) | val dp gap: 0.0011
begin calculating influence
[Strategy 5] Acc of expected label: 0.761328125
calculating influence -- done
Use 5942 samples. Get 7659 labels. Ratio: 0.775819297558428
Files already downloaded and verified
3255 originally labeled samples, 2687 new samples, and 156828 unlabeled samples. Total: 162770
 49.53% | time: 715.1s (178.4m) | step:   3779 | train acc: 1.000 | train loss: 0.027 |test acc: 0.785 (0.891, 0.618) | test dp gap: 0.0021
 49.53% | time:   1.4s (178.4m) | step:   3779 | train acc: 1.000 | train loss: 0.027 |val acc: 0.786 (0.889, 0.625) | val dp gap: 0.0032
begin calculating influence
[Strategy 5] Acc of expected label: 0.7557421875
calculating influence -- done
Use 5981 samples. Get 7756 labels. Ratio: 0.7711449200618876
Files already downloaded and verified
3255 originally labeled samples, 2726 new samples, and 156789 unlabeled samples. Total: 162770
 49.99% | time: 652.7s (189.3m) | step:   3814 | train acc: 0.996 | train loss: 0.017 |test acc: 0.783 (0.887, 0.618) | test dp gap: 0.0063
 49.99% | time:   1.5s (189.3m) | step:   3814 | train acc: 0.996 | train loss: 0.017 |val acc: 0.784 (0.880, 0.634) | val dp gap: 0.0064
begin calculating influence
[Strategy 5] Acc of expected label: 0.7537890625
calculating influence -- done
Use 6237 samples. Get 8104 labels. Ratio: 0.7696199407699901
Files already downloaded and verified
3255 originally labeled samples, 2982 new samples, and 156533 unlabeled samples. Total: 162770
Epoch 6
 52.62% | time: 709.4s (201.2m) | step:   4014 | train acc: 1.000 | train loss: 0.025 |test acc: 0.784 (0.890, 0.617) | test dp gap: 0.0019
 52.62% | time:   1.5s (201.2m) | step:   4014 | train acc: 1.000 | train loss: 0.025 |val acc: 0.786 (0.881, 0.638) | val dp gap: 0.0079
begin calculating influence
[Strategy 5] Acc of expected label: 0.756484375
calculating influence -- done
Use 6266 samples. Get 8211 labels. Ratio: 0.763122640360492
Files already downloaded and verified
3255 originally labeled samples, 3011 new samples, and 156504 unlabeled samples. Total: 162770
 55.24% | time: 709.3s (213.0m) | step:   4214 | train acc: 1.000 | train loss: 0.023 |test acc: 0.783 (0.887, 0.617) | test dp gap: 0.0033
 55.24% | time:   1.4s (213.0m) | step:   4214 | train acc: 1.000 | train loss: 0.023 |val acc: 0.777 (0.876, 0.624) | val dp gap: 0.0067
begin calculating influence
[Strategy 5] Acc of expected label: 0.753203125
calculating influence -- done
Use 6522 samples. Get 8623 labels. Ratio: 0.756349298388032
Files already downloaded and verified
3255 originally labeled samples, 3267 new samples, and 156248 unlabeled samples. Total: 162770
 57.86% | time: 712.2s (224.9m) | step:   4414 | train acc: 1.000 | train loss: 0.023 |test acc: 0.786 (0.891, 0.618) | test dp gap: 0.0006
 57.86% | time:   1.4s (224.9m) | step:   4414 | train acc: 1.000 | train loss: 0.023 |val acc: 0.782 (0.884, 0.622) | val dp gap: 0.0024
begin calculating influence
[Strategy 5] Acc of expected label: 0.7584765625
calculating influence -- done
Use 6690 samples. Get 8953 labels. Ratio: 0.7472355634982687
Files already downloaded and verified
3255 originally labeled samples, 3435 new samples, and 156080 unlabeled samples. Total: 162770
 58.32% | time: 662.4s (236.0m) | step:   4449 | train acc: 0.996 | train loss: 0.026 |test acc: 0.784 (0.889, 0.617) | test dp gap: 0.0009
 58.32% | time:   1.5s (236.0m) | step:   4449 | train acc: 0.996 | train loss: 0.026 |val acc: 0.779 (0.874, 0.632) | val dp gap: 0.0090
begin calculating influence
[Strategy 5] Acc of expected label: 0.7546484375
calculating influence -- done
Use 6761 samples. Get 9068 labels. Ratio: 0.7455888839876489
Files already downloaded and verified
3255 originally labeled samples, 3506 new samples, and 156009 unlabeled samples. Total: 162770
Epoch 7
 60.95% | time: 721.3s (248.0m) | step:   4650 | train acc: 1.000 | train loss: 0.012 |test acc: 0.787 (0.892, 0.619) | test dp gap: 0.0005
 60.95% | time:   1.4s (248.0m) | step:   4650 | train acc: 1.000 | train loss: 0.012 |val acc: 0.792 (0.883, 0.651) | val dp gap: 0.0001
begin calculating influence
[Strategy 5] Acc of expected label: 0.755390625
calculating influence -- done
Use 7017 samples. Get 9506 labels. Ratio: 0.7381653692404797
Files already downloaded and verified
3255 originally labeled samples, 3762 new samples, and 155753 unlabeled samples. Total: 162770
 63.57% | time: 721.4s (260.1m) | step:   4850 | train acc: 1.000 | train loss: 0.021 |test acc: 0.784 (0.889, 0.617) | test dp gap: 0.0018
 63.57% | time:   1.5s (260.1m) | step:   4850 | train acc: 1.000 | train loss: 0.021 |val acc: 0.792 (0.890, 0.636) | val dp gap: 0.0015
begin calculating influence
[Strategy 5] Acc of expected label: 0.756796875
calculating influence -- done
Use 7028 samples. Get 9534 labels. Ratio: 0.737151248164464
Files already downloaded and verified
3255 originally labeled samples, 3773 new samples, and 155742 unlabeled samples. Total: 162770
 66.19% | time: 722.9s (272.1m) | step:   5050 | train acc: 1.000 | train loss: 0.022 |test acc: 0.786 (0.891, 0.620) | test dp gap: 0.0001
 66.19% | time:   1.6s (272.2m) | step:   5050 | train acc: 1.000 | train loss: 0.022 |val acc: 0.789 (0.890, 0.633) | val dp gap: 0.0007
begin calculating influence
[Strategy 5] Acc of expected label: 0.7578125
calculating influence -- done
Use 7044 samples. Get 9574 labels. Ratio: 0.7357426363066639
Files already downloaded and verified
3255 originally labeled samples, 3789 new samples, and 155726 unlabeled samples. Total: 162770
 66.65% | time: 665.1s (283.3m) | step:   5085 | train acc: 1.000 | train loss: 0.003 |test acc: 0.786 (0.891, 0.620) | test dp gap: 0.0006
 66.65% | time:   1.6s (283.3m) | step:   5085 | train acc: 1.000 | train loss: 0.003 |val acc: 0.788 (0.892, 0.631) | val dp gap: 0.0017
begin calculating influence
[Strategy 5] Acc of expected label: 0.7539453125
calculating influence -- done
Use 7153 samples. Get 9782 labels. Ratio: 0.7312410549989777
Files already downloaded and verified
3255 originally labeled samples, 3898 new samples, and 155617 unlabeled samples. Total: 162770
Epoch 8
 69.29% | time: 713.4s (295.2m) | step:   5286 | train acc: 1.000 | train loss: 0.010 |test acc: 0.785 (0.890, 0.617) | test dp gap: 0.0014
 69.29% | time:   1.5s (295.2m) | step:   5286 | train acc: 1.000 | train loss: 0.010 |val acc: 0.788 (0.884, 0.640) | val dp gap: 0.0012
begin calculating influence
[Strategy 5] Acc of expected label: 0.7591015625
calculating influence -- done
Use 7175 samples. Get 9827 labels. Ratio: 0.730131270988094
Files already downloaded and verified
3255 originally labeled samples, 3920 new samples, and 155595 unlabeled samples. Total: 162770
 71.91% | time: 724.7s (307.3m) | step:   5486 | train acc: 1.000 | train loss: 0.003 |test acc: 0.787 (0.892, 0.619) | test dp gap: 0.0000
 71.91% | time:   1.5s (307.3m) | step:   5486 | train acc: 1.000 | train loss: 0.003 |val acc: 0.792 (0.886, 0.640) | val dp gap: 0.0000
begin calculating influence
[Strategy 5] Acc of expected label: 0.7607421875
calculating influence -- done
Use 7431 samples. Get 10250 labels. Ratio: 0.7249756097560975
Files already downloaded and verified
3255 originally labeled samples, 4176 new samples, and 155339 unlabeled samples. Total: 162770
 74.53% | time: 721.3s (319.3m) | step:   5686 | train acc: 1.000 | train loss: 0.009 |test acc: 0.776 (0.877, 0.615) | test dp gap: 0.0017
 74.53% | time:   1.4s (319.3m) | step:   5686 | train acc: 1.000 | train loss: 0.009 |val acc: 0.766 (0.859, 0.617) | val dp gap: 0.0138
begin calculating influence
[Strategy 5] Acc of expected label: 0.751953125
calculating influence -- done
Use 7687 samples. Get 10655 labels. Ratio: 0.7214453308305959
Files already downloaded and verified
3255 originally labeled samples, 4432 new samples, and 155083 unlabeled samples. Total: 162770
 74.99% | time: 663.7s (330.4m) | step:   5721 | train acc: 0.984 | train loss: 0.058 |test acc: 0.775 (0.876, 0.614) | test dp gap: 0.0114
 74.99% | time:   1.6s (330.4m) | step:   5721 | train acc: 0.984 | train loss: 0.058 |val acc: 0.770 (0.860, 0.628) | val dp gap: 0.0134
begin calculating influence
[Strategy 5] Acc of expected label: 0.747734375
calculating influence -- done
Use 7943 samples. Get 11189 labels. Ratio: 0.7098936455447314
Files already downloaded and verified
3255 originally labeled samples, 4688 new samples, and 154827 unlabeled samples. Total: 162770
Epoch 9
 77.62% | time: 718.5s (342.4m) | step:   5922 | train acc: 0.996 | train loss: 0.021 |test acc: 0.771 (0.869, 0.614) | test dp gap: 0.0037
 77.62% | time:   1.6s (342.4m) | step:   5922 | train acc: 0.996 | train loss: 0.021 |val acc: 0.782 (0.872, 0.639) | val dp gap: 0.0071
begin calculating influence
[Strategy 5] Acc of expected label: 0.7489453125
calculating influence -- done
Use 8048 samples. Get 11410 labels. Ratio: 0.7053461875547765
Files already downloaded and verified
3255 originally labeled samples, 4793 new samples, and 154722 unlabeled samples. Total: 162770
 80.25% | time: 719.6s (354.4m) | step:   6122 | train acc: 1.000 | train loss: 0.004 |test acc: 0.782 (0.886, 0.615) | test dp gap: 0.0046
 80.25% | time:   1.4s (354.4m) | step:   6122 | train acc: 1.000 | train loss: 0.004 |val acc: 0.784 (0.884, 0.626) | val dp gap: 0.0043
begin calculating influence
[Strategy 5] Acc of expected label: 0.7546875
calculating influence -- done
Use 8304 samples. Get 11791 labels. Ratio: 0.7042659655669579
Files already downloaded and verified
3255 originally labeled samples, 5049 new samples, and 154466 unlabeled samples. Total: 162770
 82.87% | time: 724.3s (366.5m) | step:   6322 | train acc: 0.996 | train loss: 0.009 |test acc: 0.782 (0.886, 0.617) | test dp gap: 0.0082
 82.87% | time:   1.4s (366.5m) | step:   6322 | train acc: 0.996 | train loss: 0.009 |val acc: 0.788 (0.885, 0.632) | val dp gap: 0.0030
begin calculating influence
[Strategy 5] Acc of expected label: 0.7543359375
calculating influence -- done
Use 8371 samples. Get 11949 labels. Ratio: 0.7005607163779396
Files already downloaded and verified
3255 originally labeled samples, 5116 new samples, and 154399 unlabeled samples. Total: 162770
 83.33% | time: 663.0s (377.6m) | step:   6357 | train acc: 1.000 | train loss: 0.007 |test acc: 0.778 (0.880, 0.616) | test dp gap: 0.0040
 83.33% | time:   1.5s (377.6m) | step:   6357 | train acc: 1.000 | train loss: 0.007 |val acc: 0.777 (0.870, 0.628) | val dp gap: 0.0054
begin calculating influence
[Strategy 5] Acc of expected label: 0.7524609375
calculating influence -- done
Use 8450 samples. Get 12119 labels. Ratio: 0.6972522485353577
Files already downloaded and verified
3255 originally labeled samples, 5195 new samples, and 154320 unlabeled samples. Total: 162770
Epoch 10
 85.96% | time: 720.7s (389.6m) | step:   6558 | train acc: 0.996 | train loss: 0.010 |test acc: 0.784 (0.890, 0.616) | test dp gap: 0.0107
 85.96% | time:   1.5s (389.7m) | step:   6558 | train acc: 0.996 | train loss: 0.010 |val acc: 0.794 (0.886, 0.646) | val dp gap: 0.0111
begin calculating influence
calculating influence -- done
length of new labels 256
Use 8450+256 = 8706 samples.
Files already downloaded and verified
3255 originally labeled samples, 5451 new samples, and 154064 unlabeled samples. Total: 162770
 88.58% | time: 729.8s (401.8m) | step:   6758 | train acc: 1.000 | train loss: 0.002 |test acc: 0.782 (0.885, 0.617) | test dp gap: 0.0188
 88.58% | time:   1.4s (401.8m) | step:   6758 | train acc: 1.000 | train loss: 0.002 |val acc: 0.783 (0.877, 0.636) | val dp gap: 0.0144
begin calculating influence
calculating influence -- done
length of new labels 512
Use 8450+512 = 8962 samples.
Files already downloaded and verified
3255 originally labeled samples, 5707 new samples, and 153808 unlabeled samples. Total: 162770
 91.20% | time: 715.4s (413.8m) | step:   6958 | train acc: 1.000 | train loss: 0.005 |test acc: 0.782 (0.886, 0.617) | test dp gap: 0.0197
 91.20% | time:   1.5s (413.8m) | step:   6958 | train acc: 1.000 | train loss: 0.005 |val acc: 0.781 (0.877, 0.635) | val dp gap: 0.0162
begin calculating influence
calculating influence -- done
length of new labels 632
Use 8450+632 = 9082 samples.
Files already downloaded and verified
3255 originally labeled samples, 5827 new samples, and 153688 unlabeled samples. Total: 162770
 91.66% | time: 667.5s (424.9m) | step:   6993 | train acc: 0.918 | train loss: 0.251 |test acc: 0.761 (0.858, 0.606) | test dp gap: 0.0334
 91.66% | time:   1.5s (424.9m) | step:   6993 | train acc: 0.918 | train loss: 0.251 |val acc: 0.762 (0.854, 0.623) | val dp gap: 0.0482
begin calculating influence
calculating influence -- done
length of new labels 888
Use 8450+888 = 9338 samples.
Files already downloaded and verified
3255 originally labeled samples, 6083 new samples, and 153432 unlabeled samples. Total: 162770
Epoch 11
 94.30% | time: 722.7s (437.0m) | step:   7194 | train acc: 0.996 | train loss: 0.008 |test acc: 0.774 (0.876, 0.612) | test dp gap: 0.0245
 94.30% | time:   1.4s (437.0m) | step:   7194 | train acc: 0.996 | train loss: 0.008 |val acc: 0.775 (0.872, 0.625) | val dp gap: 0.0260
begin calculating influence
calculating influence -- done
length of new labels 1144
Use 8450+1144 = 9594 samples.
Files already downloaded and verified
3255 originally labeled samples, 6339 new samples, and 153176 unlabeled samples. Total: 162770
 96.92% | time: 725.6s (449.1m) | step:   7394 | train acc: 1.000 | train loss: 0.006 |test acc: 0.770 (0.870, 0.610) | test dp gap: 0.0182
 96.92% | time:   1.4s (449.1m) | step:   7394 | train acc: 1.000 | train loss: 0.006 |val acc: 0.787 (0.886, 0.637) | val dp gap: 0.0252
begin calculating influence
calculating influence -- done
length of new labels 1400
Use 8450+1400 = 9850 samples.
Files already downloaded and verified
3255 originally labeled samples, 6595 new samples, and 152920 unlabeled samples. Total: 162770
 99.54% | time: 723.2s (461.2m) | step:   7594 | train acc: 0.996 | train loss: 0.010 |test acc: 0.766 (0.862, 0.612) | test dp gap: 0.0157
 99.54% | time:   1.4s (461.2m) | step:   7594 | train acc: 0.996 | train loss: 0.010 |val acc: 0.781 (0.870, 0.639) | val dp gap: 0.0125
begin calculating influence
calculating influence -- done
length of new labels 1656
Use 8450+1656 = 10106 samples.
Files already downloaded and verified
3255 originally labeled samples, 6851 new samples, and 152664 unlabeled samples. Total: 162770
100.00% | time: 675.9s (472.5m) | step:   7629 | train acc: 0.977 | train loss: 0.076 |test acc: 0.742 (0.829, 0.603) | test dp gap: 0.0150
100.00% | time:   1.1s (472.5m) | step:   7629 | train acc: 0.977 | train loss: 0.076 |val acc: 0.761 (0.834, 0.648) | val dp gap: 0.0115
begin calculating influence
calculating influence -- done
length of new labels 1912
Use 8450+1912 = 10362 samples.
Files already downloaded and verified
3255 originally labeled samples, 7107 new samples, and 152408 unlabeled samples. Total: 162770
