Files already downloaded and verified
3255 labeled samples and 159515 unlabeled samples. Total: 162770
Files already downloaded and verified
1996 labeled samples and 17966 unlabeled samples. Total: 19962
Numer of layers 200
train net...
train with 162770 samples (with replacement) in one epoch
Epoch 0
  2.62% | time:  90.5s (  1.5m) | step:    200 | train acc: 0.961 | train loss: 0.232 |warm_t acc: 0.943 (0.935, 0.955) | warm_t eod gap: 0.0148
  2.62% | time:   5.4s (  1.6m) | step:    200 | train acc: 0.961 | train loss: 0.232 |warm_v acc: 0.938 (0.933, 0.946) | warm_v eod gap: 0.0353
  5.24% | time:  76.2s (  2.9m) | step:    400 | train acc: 1.000 | train loss: 0.000 |warm_t acc: 0.954 (0.940, 0.976) | warm_t eod gap: 0.0309
  5.24% | time:   1.4s (  2.9m) | step:    400 | train acc: 1.000 | train loss: 0.000 |warm_v acc: 0.951 (0.941, 0.966) | warm_v eod gap: 0.0757
  7.86% | time:  75.7s (  4.2m) | step:    600 | train acc: 1.000 | train loss: 0.000 |warm_t acc: 0.954 (0.940, 0.977) | warm_t eod gap: 0.0303
  7.86% | time:   1.5s (  4.2m) | step:    600 | train acc: 1.000 | train loss: 0.000 |warm_v acc: 0.950 (0.945, 0.958) | warm_v eod gap: 0.0335
  8.32% | time:  24.6s (  4.6m) | step:    635 | train acc: 1.000 | train loss: 0.000 |warm_t acc: 0.954 (0.940, 0.976) | warm_t eod gap: 0.0320
  8.32% | time:   1.1s (  4.6m) | step:    635 | train acc: 1.000 | train loss: 0.000 |warm_v acc: 0.953 (0.946, 0.964) | warm_v eod gap: 0.0693
Epoch 1
 10.95% | time:  71.5s (  5.8m) | step:    835 | train acc: 1.000 | train loss: 0.000 |warm_t acc: 0.954 (0.940, 0.976) | warm_t eod gap: 0.0320
 10.95% | time:   1.4s (  5.8m) | step:    835 | train acc: 1.000 | train loss: 0.000 |warm_v acc: 0.952 (0.943, 0.966) | warm_v eod gap: 0.0231
 13.57% | time:  76.0s (  7.1m) | step:   1035 | train acc: 1.000 | train loss: 0.000 |warm_t acc: 0.954 (0.940, 0.976) | warm_t eod gap: 0.0311
 13.57% | time:   1.6s (  7.1m) | step:   1035 | train acc: 1.000 | train loss: 0.000 |warm_v acc: 0.954 (0.947, 0.965) | warm_v eod gap: 0.0638
 16.19% | time:  75.3s (  8.4m) | step:   1235 | train acc: 1.000 | train loss: 0.000 |warm_t acc: 0.954 (0.940, 0.976) | warm_t eod gap: 0.0318
 16.19% | time:   1.4s (  8.4m) | step:   1235 | train acc: 1.000 | train loss: 0.000 |warm_v acc: 0.954 (0.943, 0.970) | warm_v eod gap: 0.0436
 16.65% | time:  25.3s (  8.8m) | step:   1270 | train acc: 1.000 | train loss: 0.000 |warm_t acc: 0.954 (0.940, 0.976) | warm_t eod gap: 0.0345
 16.65% | time:   1.5s (  8.8m) | step:   1270 | train acc: 1.000 | train loss: 0.000 |warm_v acc: 0.952 (0.942, 0.970) | warm_v eod gap: 0.0088
Epoch 2
 19.28% | time:  64.1s (  9.9m) | step:   1471 | train acc: 1.000 | train loss: 0.000 |test acc: 0.953 (0.940, 0.975) | test eod gap: 0.0334
 19.28% | time:   1.4s (  9.9m) | step:   1471 | train acc: 1.000 | train loss: 0.000 |val acc: 0.952 (0.943, 0.966) | val eod gap: 0.0565
begin calculating influence
selected layers: [Traced<ShapedArray(float32[768])>with<DynamicJaxprTrace(level=0/1)>, Traced<ShapedArray(float32[8,8,3,768])>with<DynamicJaxprTrace(level=0/1)>, Traced<ShapedArray(float32[2])>with<DynamicJaxprTrace(level=0/1)>, Traced<ShapedArray(float32[768,2])>with<DynamicJaxprTrace(level=0/1)>]
calculating influence -- done
length of new labels 256
Use 3255+256 = 3511 samples.
Files already downloaded and verified
3511 labeled samples and 159259 unlabeled samples. Total: 162770
 21.90% | time: 747.2s ( 22.4m) | step:   1671 | train acc: 0.953 | train loss: 0.177 |test acc: 0.960 (0.948, 0.978) | test eod gap: 0.0010
 21.90% | time:   1.1s ( 22.4m) | step:   1671 | train acc: 0.953 | train loss: 0.177 |val acc: 0.956 (0.944, 0.973) | val eod gap: 0.0200
begin calculating influence
calculating influence -- done
length of new labels 512
Use 3255+512 = 3767 samples.
Files already downloaded and verified
3767 labeled samples and 159003 unlabeled samples. Total: 162770
 24.52% | time: 747.0s ( 34.9m) | step:   1871 | train acc: 0.879 | train loss: 0.314 |test acc: 0.931 (0.921, 0.946) | test eod gap: 0.0408
 24.52% | time:   1.6s ( 34.9m) | step:   1871 | train acc: 0.879 | train loss: 0.314 |val acc: 0.919 (0.908, 0.937) | val eod gap: 0.0156
begin calculating influence
calculating influence -- done
Use 4023 samples. Get 3511 labels. Ratio: 1.1458273996012531
Files already downloaded and verified
4023 labeled samples and 158747 unlabeled samples. Total: 162770
 24.98% | time: 688.3s ( 46.4m) | step:   1906 | train acc: 0.910 | train loss: 0.361 |test acc: 0.949 (0.939, 0.965) | test eod gap: 0.0361
 24.98% | time:   1.3s ( 46.4m) | step:   1906 | train acc: 0.910 | train loss: 0.361 |val acc: 0.940 (0.938, 0.944) | val eod gap: 0.0564
begin calculating influence
calculating influence -- done
length of new labels 768
Use 3511+768 = 4279 samples.
Files already downloaded and verified
4279 labeled samples and 158491 unlabeled samples. Total: 162770
Epoch 3
 27.62% | time: 748.4s ( 58.8m) | step:   2107 | train acc: 0.910 | train loss: 0.271 |test acc: 0.935 (0.927, 0.948) | test eod gap: 0.0331
 27.62% | time:   1.4s ( 58.9m) | step:   2107 | train acc: 0.910 | train loss: 0.271 |val acc: 0.929 (0.915, 0.950) | val eod gap: 0.0071
begin calculating influence
calculating influence -- done
Use 4535 samples. Get 3767 labels. Ratio: 1.2038757632067958
Files already downloaded and verified
4535 labeled samples and 158235 unlabeled samples. Total: 162770
 30.24% | time: 749.7s ( 71.4m) | step:   2307 | train acc: 0.953 | train loss: 0.155 |test acc: 0.877 (0.863, 0.899) | test eod gap: 0.0567
 30.24% | time:   1.4s ( 71.4m) | step:   2307 | train acc: 0.953 | train loss: 0.155 |val acc: 0.868 (0.847, 0.904) | val eod gap: 0.0332
begin calculating influence
calculating influence -- done
Use 4791 samples. Get 4023 labels. Ratio: 1.190902311707681
Files already downloaded and verified
4791 labeled samples and 157979 unlabeled samples. Total: 162770
 32.86% | time: 745.9s ( 83.8m) | step:   2507 | train acc: 0.984 | train loss: 0.036 |test acc: 0.929 (0.918, 0.946) | test eod gap: 0.0395
 32.86% | time:   1.4s ( 83.8m) | step:   2507 | train acc: 0.984 | train loss: 0.036 |val acc: 0.922 (0.911, 0.938) | val eod gap: 0.0084
begin calculating influence
calculating influence -- done
Use 5047 samples. Get 4279 labels. Ratio: 1.1794811871932696
Files already downloaded and verified
5047 labeled samples and 157723 unlabeled samples. Total: 162770
 33.32% | time: 695.0s ( 95.4m) | step:   2542 | train acc: 0.973 | train loss: 0.076 |test acc: 0.928 (0.917, 0.945) | test eod gap: 0.0283
 33.32% | time:   1.4s ( 95.5m) | step:   2542 | train acc: 0.973 | train loss: 0.076 |val acc: 0.924 (0.916, 0.936) | val eod gap: 0.0242
begin calculating influence
calculating influence -- done
Use 5303 samples. Get 4535 labels. Ratio: 1.1693495038588755
Files already downloaded and verified
5303 labeled samples and 157467 unlabeled samples. Total: 162770
Epoch 4
 35.95% | time: 750.4s (108.0m) | step:   2743 | train acc: 0.898 | train loss: 0.301 |test acc: 0.946 (0.936, 0.963) | test eod gap: 0.0009
 35.95% | time:   1.4s (108.0m) | step:   2743 | train acc: 0.898 | train loss: 0.301 |val acc: 0.941 (0.936, 0.950) | val eod gap: 0.0448
begin calculating influence
calculating influence -- done
length of new labels 1024
Use 4535+1024 = 5559 samples.
Files already downloaded and verified
5559 labeled samples and 157211 unlabeled samples. Total: 162770
 38.58% | time: 753.9s (120.5m) | step:   2943 | train acc: 0.992 | train loss: 0.039 |test acc: 0.901 (0.889, 0.919) | test eod gap: 0.0487
 38.58% | time:   1.4s (120.6m) | step:   2943 | train acc: 0.992 | train loss: 0.039 |val acc: 0.896 (0.885, 0.913) | val eod gap: 0.0276
begin calculating influence
calculating influence -- done
Use 5815 samples. Get 4791 labels. Ratio: 1.213734084742225
Files already downloaded and verified
5815 labeled samples and 156955 unlabeled samples. Total: 162770
 41.20% | time: 754.4s (133.1m) | step:   3143 | train acc: 1.000 | train loss: 0.004 |test acc: 0.909 (0.898, 0.928) | test eod gap: 0.0721
 41.20% | time:   1.4s (133.2m) | step:   3143 | train acc: 1.000 | train loss: 0.004 |val acc: 0.902 (0.893, 0.915) | val eod gap: 0.0426
begin calculating influence
calculating influence -- done
Use 6071 samples. Get 5047 labels. Ratio: 1.2028928076084804
Files already downloaded and verified
6071 labeled samples and 156699 unlabeled samples. Total: 162770
 41.66% | time: 693.9s (144.7m) | step:   3178 | train acc: 0.992 | train loss: 0.036 |test acc: 0.900 (0.889, 0.919) | test eod gap: 0.0428
 41.66% | time:   1.4s (144.8m) | step:   3178 | train acc: 0.992 | train loss: 0.036 |val acc: 0.894 (0.891, 0.898) | val eod gap: 0.0246
begin calculating influence
calculating influence -- done
Use 6327 samples. Get 5303 labels. Ratio: 1.193098246275693
Files already downloaded and verified
6327 labeled samples and 156443 unlabeled samples. Total: 162770
Epoch 5
 44.29% | time: 745.4s (157.2m) | step:   3379 | train acc: 1.000 | train loss: 0.001 |test acc: 0.921 (0.910, 0.938) | test eod gap: 0.0462
 44.29% | time:   1.5s (157.2m) | step:   3379 | train acc: 1.000 | train loss: 0.001 |val acc: 0.921 (0.914, 0.932) | val eod gap: 0.0215
begin calculating influence
calculating influence -- done
Use 6583 samples. Get 5559 labels. Ratio: 1.1842057924087066
Files already downloaded and verified
6583 labeled samples and 156187 unlabeled samples. Total: 162770
 46.91% | time: 753.5s (169.8m) | step:   3579 | train acc: 1.000 | train loss: 0.000 |test acc: 0.929 (0.919, 0.945) | test eod gap: 0.0637
 46.91% | time:   1.5s (169.8m) | step:   3579 | train acc: 1.000 | train loss: 0.000 |val acc: 0.932 (0.923, 0.946) | val eod gap: 0.0471
begin calculating influence
calculating influence -- done
length of new labels 1280
Use 5559+1280 = 6839 samples.
Files already downloaded and verified
6839 labeled samples and 155931 unlabeled samples. Total: 162770
 49.53% | time: 755.2s (182.4m) | step:   3779 | train acc: 1.000 | train loss: 0.002 |test acc: 0.918 (0.907, 0.936) | test eod gap: 0.0618
 49.53% | time:   1.5s (182.4m) | step:   3779 | train acc: 1.000 | train loss: 0.002 |val acc: 0.912 (0.906, 0.922) | val eod gap: 0.0686
begin calculating influence
calculating influence -- done
Use 7095 samples. Get 5815 labels. Ratio: 1.2201203783319003
Files already downloaded and verified
7095 labeled samples and 155675 unlabeled samples. Total: 162770
 49.99% | time: 696.4s (194.0m) | step:   3814 | train acc: 0.992 | train loss: 0.014 |test acc: 0.931 (0.921, 0.948) | test eod gap: 0.0676
 49.99% | time:   1.7s (194.0m) | step:   3814 | train acc: 0.992 | train loss: 0.014 |val acc: 0.932 (0.921, 0.950) | val eod gap: 0.0176
begin calculating influence
calculating influence -- done
length of new labels 1536
Use 5815+1536 = 7351 samples.
Files already downloaded and verified
7351 labeled samples and 155419 unlabeled samples. Total: 162770
Epoch 6
 52.62% | time: 745.5s (206.5m) | step:   4014 | train acc: 0.996 | train loss: 0.008 |test acc: 0.917 (0.905, 0.936) | test eod gap: 0.0296
 52.62% | time:   1.4s (206.5m) | step:   4014 | train acc: 0.996 | train loss: 0.008 |val acc: 0.915 (0.909, 0.924) | val eod gap: 0.0681
begin calculating influence
calculating influence -- done
Use 7607 samples. Get 6071 labels. Ratio: 1.2530060945478505
Files already downloaded and verified
7607 labeled samples and 155163 unlabeled samples. Total: 162770
 55.24% | time: 753.8s (219.0m) | step:   4214 | train acc: 1.000 | train loss: 0.000 |test acc: 0.929 (0.917, 0.947) | test eod gap: 0.0583
 55.24% | time:   1.5s (219.1m) | step:   4214 | train acc: 1.000 | train loss: 0.000 |val acc: 0.923 (0.915, 0.936) | val eod gap: 0.0819
begin calculating influence
calculating influence -- done
Use 7863 samples. Get 6327 labels. Ratio: 1.242769084874348
Files already downloaded and verified
7863 labeled samples and 154907 unlabeled samples. Total: 162770
 57.86% | time: 754.3s (231.6m) | step:   4414 | train acc: 1.000 | train loss: 0.001 |test acc: 0.923 (0.912, 0.940) | test eod gap: 0.0569
 57.86% | time:   1.4s (231.7m) | step:   4414 | train acc: 1.000 | train loss: 0.001 |val acc: 0.917 (0.911, 0.927) | val eod gap: 0.0350
begin calculating influence
calculating influence -- done
Use 8119 samples. Get 6583 labels. Ratio: 1.233328269785812
Files already downloaded and verified
8119 labeled samples and 154651 unlabeled samples. Total: 162770
 58.32% | time: 695.5s (243.3m) | step:   4449 | train acc: 0.988 | train loss: 0.033 |test acc: 0.880 (0.868, 0.900) | test eod gap: 0.0591
 58.32% | time:   1.4s (243.3m) | step:   4449 | train acc: 0.988 | train loss: 0.033 |val acc: 0.859 (0.858, 0.859) | val eod gap: 0.1060
begin calculating influence
calculating influence -- done
Use 8375 samples. Get 6839 labels. Ratio: 1.2245942389238194
Files already downloaded and verified
8375 labeled samples and 154395 unlabeled samples. Total: 162770
Epoch 7
 60.95% | time: 746.9s (255.7m) | step:   4650 | train acc: 1.000 | train loss: 0.002 |test acc: 0.924 (0.916, 0.937) | test eod gap: 0.0294
 60.95% | time:   1.4s (255.8m) | step:   4650 | train acc: 1.000 | train loss: 0.002 |val acc: 0.908 (0.901, 0.920) | val eod gap: 0.0246
begin calculating influence
calculating influence -- done
Use 8631 samples. Get 7095 labels. Ratio: 1.2164904862579282
Files already downloaded and verified
8631 labeled samples and 154139 unlabeled samples. Total: 162770
 63.57% | time: 754.2s (268.3m) | step:   4850 | train acc: 0.996 | train loss: 0.010 |test acc: 0.920 (0.911, 0.936) | test eod gap: 0.0497
 63.57% | time:   1.5s (268.3m) | step:   4850 | train acc: 0.996 | train loss: 0.010 |val acc: 0.908 (0.906, 0.912) | val eod gap: 0.0826
begin calculating influence
calculating influence -- done
Use 8887 samples. Get 7351 labels. Ratio: 1.2089511631070602
Files already downloaded and verified
8887 labeled samples and 153883 unlabeled samples. Total: 162770
 66.19% | time: 755.4s (280.9m) | step:   5050 | train acc: 1.000 | train loss: 0.003 |test acc: 0.932 (0.918, 0.953) | test eod gap: 0.0350
 66.19% | time:   1.6s (281.0m) | step:   5050 | train acc: 1.000 | train loss: 0.003 |val acc: 0.921 (0.906, 0.945) | val eod gap: 0.0621
begin calculating influence
calculating influence -- done
Use 9143 samples. Get 7607 labels. Ratio: 1.2019192848691995
Files already downloaded and verified
9143 labeled samples and 153627 unlabeled samples. Total: 162770
 66.65% | time: 695.9s (292.6m) | step:   5085 | train acc: 0.996 | train loss: 0.009 |test acc: 0.943 (0.931, 0.962) | test eod gap: 0.0376
 66.65% | time:   1.4s (292.6m) | step:   5085 | train acc: 0.996 | train loss: 0.009 |val acc: 0.941 (0.938, 0.948) | val eod gap: 0.1240
begin calculating influence
calculating influence -- done
length of new labels 1792
Use 7607+1792 = 9399 samples.
Files already downloaded and verified
9399 labeled samples and 153371 unlabeled samples. Total: 162770
Epoch 8
 69.29% | time: 747.0s (305.0m) | step:   5286 | train acc: 1.000 | train loss: 0.000 |test acc: 0.933 (0.921, 0.953) | test eod gap: 0.0331
 69.29% | time:   1.4s (305.1m) | step:   5286 | train acc: 1.000 | train loss: 0.000 |val acc: 0.929 (0.920, 0.942) | val eod gap: 0.0520
begin calculating influence
calculating influence -- done
Use 9655 samples. Get 7863 labels. Ratio: 1.2279028360676587
Files already downloaded and verified
9655 labeled samples and 153115 unlabeled samples. Total: 162770
 71.91% | time: 755.0s (317.6m) | step:   5486 | train acc: 1.000 | train loss: 0.000 |test acc: 0.934 (0.922, 0.953) | test eod gap: 0.0365
 71.91% | time:   1.5s (317.7m) | step:   5486 | train acc: 1.000 | train loss: 0.000 |val acc: 0.931 (0.921, 0.948) | val eod gap: 0.0542
begin calculating influence
calculating influence -- done
Use 9911 samples. Get 8119 labels. Ratio: 1.2207168370488977
Files already downloaded and verified
9911 labeled samples and 152859 unlabeled samples. Total: 162770
 74.53% | time: 754.7s (330.2m) | step:   5686 | train acc: 1.000 | train loss: 0.000 |test acc: 0.936 (0.924, 0.954) | test eod gap: 0.0405
 74.53% | time:   1.4s (330.3m) | step:   5686 | train acc: 1.000 | train loss: 0.000 |val acc: 0.932 (0.925, 0.944) | val eod gap: 0.1216
begin calculating influence
calculating influence -- done
length of new labels 2048
Use 8119+2048 = 10167 samples.
Files already downloaded and verified
10167 labeled samples and 152603 unlabeled samples. Total: 162770
 74.99% | time: 695.6s (341.9m) | step:   5721 | train acc: 0.973 | train loss: 0.092 |test acc: 0.883 (0.873, 0.899) | test eod gap: 0.0520
 74.99% | time:   1.5s (341.9m) | step:   5721 | train acc: 0.973 | train loss: 0.092 |val acc: 0.886 (0.874, 0.905) | val eod gap: 0.0457
begin calculating influence
calculating influence -- done
Use 10423 samples. Get 8375 labels. Ratio: 1.244537313432836
Files already downloaded and verified
10423 labeled samples and 152347 unlabeled samples. Total: 162770
Epoch 9
 77.62% | time: 755.7s (354.5m) | step:   5922 | train acc: 1.000 | train loss: 0.003 |test acc: 0.925 (0.914, 0.943) | test eod gap: 0.0457
 77.62% | time:   1.5s (354.5m) | step:   5922 | train acc: 1.000 | train loss: 0.003 |val acc: 0.919 (0.911, 0.930) | val eod gap: 0.0072
begin calculating influence
calculating influence -- done
Use 10679 samples. Get 8631 labels. Ratio: 1.2372842080871278
Files already downloaded and verified
10679 labeled samples and 152091 unlabeled samples. Total: 162770
 80.25% | time: 752.7s (367.1m) | step:   6122 | train acc: 1.000 | train loss: 0.001 |test acc: 0.926 (0.913, 0.946) | test eod gap: 0.0552
 80.25% | time:   1.5s (367.1m) | step:   6122 | train acc: 1.000 | train loss: 0.001 |val acc: 0.922 (0.914, 0.934) | val eod gap: 0.1295
begin calculating influence
calculating influence -- done
Use 10935 samples. Get 8887 labels. Ratio: 1.2304489704062114
Files already downloaded and verified
10935 labeled samples and 151835 unlabeled samples. Total: 162770
 82.87% | time: 754.1s (379.6m) | step:   6322 | train acc: 1.000 | train loss: 0.000 |test acc: 0.936 (0.926, 0.954) | test eod gap: 0.0412
 82.87% | time:   1.5s (379.7m) | step:   6322 | train acc: 1.000 | train loss: 0.000 |val acc: 0.940 (0.934, 0.949) | val eod gap: 0.0722
begin calculating influence
calculating influence -- done
length of new labels 2304
Use 8887+2304 = 11191 samples.
Files already downloaded and verified
11191 labeled samples and 151579 unlabeled samples. Total: 162770
 83.33% | time: 694.8s (391.2m) | step:   6357 | train acc: 0.992 | train loss: 0.055 |test acc: 0.900 (0.886, 0.921) | test eod gap: 0.0504
 83.33% | time:   1.5s (391.3m) | step:   6357 | train acc: 0.992 | train loss: 0.055 |val acc: 0.902 (0.892, 0.917) | val eod gap: 0.1139
begin calculating influence
calculating influence -- done
Use 11447 samples. Get 9143 labels. Ratio: 1.2519960625615225
Files already downloaded and verified
11447 labeled samples and 151323 unlabeled samples. Total: 162770
Epoch 10
 85.96% | time: 753.3s (403.8m) | step:   6558 | train acc: 1.000 | train loss: 0.001 |test acc: 0.932 (0.921, 0.949) | test eod gap: 0.0620
 85.96% | time:   1.3s (403.8m) | step:   6558 | train acc: 1.000 | train loss: 0.001 |val acc: 0.929 (0.923, 0.939) | val eod gap: 0.0837
begin calculating influence
calculating influence -- done
Use 11703 samples. Get 9399 labels. Ratio: 1.2451324609000958
Files already downloaded and verified
11703 labeled samples and 151067 unlabeled samples. Total: 162770
 88.58% | time: 742.6s (416.2m) | step:   6758 | train acc: 1.000 | train loss: 0.000 |test acc: 0.942 (0.932, 0.958) | test eod gap: 0.0568
 88.58% | time:   1.4s (416.3m) | step:   6758 | train acc: 1.000 | train loss: 0.000 |val acc: 0.939 (0.928, 0.954) | val eod gap: 0.0360
begin calculating influence
calculating influence -- done
length of new labels 2560
Use 9399+2560 = 11959 samples.
Files already downloaded and verified
11959 labeled samples and 150811 unlabeled samples. Total: 162770
 91.20% | time: 755.6s (428.8m) | step:   6958 | train acc: 1.000 | train loss: 0.001 |test acc: 0.933 (0.923, 0.949) | test eod gap: 0.0530
 91.20% | time:   1.5s (428.9m) | step:   6958 | train acc: 1.000 | train loss: 0.001 |val acc: 0.926 (0.914, 0.944) | val eod gap: 0.0858
begin calculating influence
calculating influence -- done
Use 12215 samples. Get 9655 labels. Ratio: 1.2651475919212842
Files already downloaded and verified
12215 labeled samples and 150555 unlabeled samples. Total: 162770
 91.66% | time: 694.6s (440.4m) | step:   6993 | train acc: 0.996 | train loss: 0.017 |test acc: 0.925 (0.915, 0.940) | test eod gap: 0.0649
 91.66% | time:   1.5s (440.5m) | step:   6993 | train acc: 0.996 | train loss: 0.017 |val acc: 0.927 (0.916, 0.944) | val eod gap: 0.0808
begin calculating influence
calculating influence -- done
Use 12471 samples. Get 9911 labels. Ratio: 1.258298859852689
Files already downloaded and verified
12471 labeled samples and 150299 unlabeled samples. Total: 162770
Epoch 11
 94.30% | time: 752.8s (453.0m) | step:   7194 | train acc: 1.000 | train loss: 0.000 |test acc: 0.934 (0.924, 0.950) | test eod gap: 0.0448
 94.30% | time:   1.4s (453.0m) | step:   7194 | train acc: 1.000 | train loss: 0.000 |val acc: 0.938 (0.932, 0.946) | val eod gap: 0.0577
begin calculating influence
calculating influence -- done
length of new labels 2816
Use 9911+2816 = 12727 samples.
Files already downloaded and verified
12727 labeled samples and 150043 unlabeled samples. Total: 162770
 96.92% | time: 742.4s (465.4m) | step:   7394 | train acc: 0.996 | train loss: 0.027 |test acc: 0.929 (0.918, 0.948) | test eod gap: 0.0443
 96.92% | time:   1.4s (465.4m) | step:   7394 | train acc: 0.996 | train loss: 0.027 |val acc: 0.934 (0.925, 0.948) | val eod gap: 0.0933
begin calculating influence
calculating influence -- done
length of new labels 3072
Use 9911+3072 = 12983 samples.
Files already downloaded and verified
12983 labeled samples and 149787 unlabeled samples. Total: 162770
 99.54% | time: 750.3s (477.9m) | step:   7594 | train acc: 1.000 | train loss: 0.001 |test acc: 0.932 (0.921, 0.951) | test eod gap: 0.0382
 99.54% | time:   1.5s (478.0m) | step:   7594 | train acc: 1.000 | train loss: 0.001 |val acc: 0.928 (0.920, 0.941) | val eod gap: 0.0817
begin calculating influence
calculating influence -- done
Use 13239 samples. Get 10167 labels. Ratio: 1.3021540277367956
Files already downloaded and verified
13239 labeled samples and 149531 unlabeled samples. Total: 162770
100.00% | time: 690.0s (489.5m) | step:   7629 | train acc: 1.000 | train loss: 0.003 |test acc: 0.919 (0.905, 0.940) | test eod gap: 0.0924
100.00% | time:   1.5s (489.5m) | step:   7629 | train acc: 1.000 | train loss: 0.003 |val acc: 0.911 (0.904, 0.922) | val eod gap: 0.1077
begin calculating influence
calculating influence -- done
Use 13495 samples. Get 10423 labels. Ratio: 1.2947328024561067
Files already downloaded and verified
13495 labeled samples and 149275 unlabeled samples. Total: 162770
