Files already downloaded and verified
3255 labeled samples and 159515 unlabeled samples. Total: 162770
Files already downloaded and verified
1996 labeled samples and 17966 unlabeled samples. Total: 19962
Numer of layers 200
train net...
train with 162770 samples (with replacement) in one epoch
Epoch 0
  2.62% | time: 102.0s (  1.7m) | step:    200 | train acc: 0.961 | train loss: 0.232 |warm_t acc: 0.943 (0.935, 0.955) | warm_t dp gap: 0.0073
  2.62% | time:   5.3s (  1.8m) | step:    200 | train acc: 0.961 | train loss: 0.232 |warm_v acc: 0.938 (0.933, 0.946) | warm_v dp gap: 0.0051
  5.24% | time:  82.8s (  3.2m) | step:    400 | train acc: 1.000 | train loss: 0.000 |warm_t acc: 0.955 (0.941, 0.977) | warm_t dp gap: 0.0232
  5.24% | time:   1.4s (  3.2m) | step:    400 | train acc: 1.000 | train loss: 0.000 |warm_v acc: 0.953 (0.944, 0.968) | warm_v dp gap: 0.0157
  7.86% | time:  81.6s (  4.6m) | step:    600 | train acc: 1.000 | train loss: 0.000 |warm_t acc: 0.954 (0.940, 0.976) | warm_t dp gap: 0.0258
  7.86% | time:   1.4s (  4.6m) | step:    600 | train acc: 1.000 | train loss: 0.000 |warm_v acc: 0.951 (0.945, 0.959) | warm_v dp gap: 0.0102
  8.32% | time:  21.6s (  4.9m) | step:    635 | train acc: 1.000 | train loss: 0.000 |warm_t acc: 0.954 (0.940, 0.976) | warm_t dp gap: 0.0262
  8.32% | time:   1.4s (  5.0m) | step:    635 | train acc: 1.000 | train loss: 0.000 |warm_v acc: 0.954 (0.947, 0.966) | warm_v dp gap: 0.0145
Epoch 1
 10.95% | time:  80.9s (  6.3m) | step:    835 | train acc: 1.000 | train loss: 0.000 |warm_t acc: 0.954 (0.940, 0.976) | warm_t dp gap: 0.0260
 10.95% | time:   1.4s (  6.3m) | step:    835 | train acc: 1.000 | train loss: 0.000 |warm_v acc: 0.951 (0.942, 0.965) | warm_v dp gap: 0.0087
 13.57% | time:  81.3s (  7.7m) | step:   1035 | train acc: 1.000 | train loss: 0.000 |warm_t acc: 0.954 (0.940, 0.976) | warm_t dp gap: 0.0257
 13.57% | time:   1.5s (  7.7m) | step:   1035 | train acc: 1.000 | train loss: 0.000 |warm_v acc: 0.952 (0.945, 0.963) | warm_v dp gap: 0.0211
 16.19% | time:  79.7s (  9.0m) | step:   1235 | train acc: 1.000 | train loss: 0.000 |warm_t acc: 0.954 (0.940, 0.975) | warm_t dp gap: 0.0254
 16.19% | time:   1.2s (  9.1m) | step:   1235 | train acc: 1.000 | train loss: 0.000 |warm_v acc: 0.954 (0.942, 0.971) | warm_v dp gap: 0.0229
 16.65% | time:  23.2s (  9.4m) | step:   1270 | train acc: 1.000 | train loss: 0.000 |warm_t acc: 0.954 (0.940, 0.975) | warm_t dp gap: 0.0253
 16.65% | time:   1.5s (  9.5m) | step:   1270 | train acc: 1.000 | train loss: 0.000 |warm_v acc: 0.952 (0.942, 0.970) | warm_v dp gap: 0.0160
Epoch 2
 19.28% | time:  74.7s ( 10.7m) | step:   1471 | train acc: 1.000 | train loss: 0.000 |test acc: 0.954 (0.940, 0.975) | test dp gap: 0.0254
 19.28% | time:   1.3s ( 10.7m) | step:   1471 | train acc: 1.000 | train loss: 0.000 |val acc: 0.952 (0.943, 0.966) | val dp gap: 0.0181
begin calculating influence
selected layers: [Traced<ShapedArray(float32[768])>with<DynamicJaxprTrace(level=0/1)>, Traced<ShapedArray(float32[8,8,3,768])>with<DynamicJaxprTrace(level=0/1)>, Traced<ShapedArray(float32[2])>with<DynamicJaxprTrace(level=0/1)>, Traced<ShapedArray(float32[768,2])>with<DynamicJaxprTrace(level=0/1)>]
calculating influence -- done
length of new labels 256
Use 3255+256 = 3511 samples.
Files already downloaded and verified
3511 labeled samples and 159259 unlabeled samples. Total: 162770
 21.90% | time: 770.0s ( 23.6m) | step:   1671 | train acc: 0.961 | train loss: 0.696 |test acc: 0.958 (0.945, 0.979) | test dp gap: 0.0000
 21.90% | time:   1.5s ( 23.6m) | step:   1671 | train acc: 0.961 | train loss: 0.696 |val acc: 0.954 (0.943, 0.972) | val dp gap: 0.0000
begin calculating influence
calculating influence -- done
length of new labels 257
Use 3255+257 = 3512 samples.
Files already downloaded and verified
3512 labeled samples and 159258 unlabeled samples. Total: 162770
 24.52% | time: 745.6s ( 36.0m) | step:   1871 | train acc: 0.992 | train loss: 0.023 |test acc: 0.943 (0.930, 0.963) | test dp gap: 0.0300
 24.52% | time:   1.6s ( 36.1m) | step:   1871 | train acc: 0.992 | train loss: 0.023 |val acc: 0.945 (0.935, 0.962) | val dp gap: 0.0147
begin calculating influence
calculating influence -- done
length of new labels 513
Use 3255+513 = 3768 samples.
Files already downloaded and verified
3768 labeled samples and 159002 unlabeled samples. Total: 162770
 24.98% | time: 679.8s ( 47.4m) | step:   1906 | train acc: 0.980 | train loss: 0.049 |test acc: 0.958 (0.945, 0.978) | test dp gap: 0.0110
 24.98% | time:   1.3s ( 47.4m) | step:   1906 | train acc: 0.980 | train loss: 0.049 |val acc: 0.954 (0.943, 0.971) | val dp gap: 0.0070
begin calculating influence
calculating influence -- done
length of new labels 513
Use 3255+513 = 3768 samples.
Files already downloaded and verified
3768 labeled samples and 159002 unlabeled samples. Total: 162770
Epoch 3
 27.62% | time: 747.1s ( 59.9m) | step:   2107 | train acc: 1.000 | train loss: 0.000 |test acc: 0.957 (0.945, 0.977) | test dp gap: 0.0178
 27.62% | time:   1.4s ( 59.9m) | step:   2107 | train acc: 1.000 | train loss: 0.000 |val acc: 0.952 (0.941, 0.971) | val dp gap: 0.0062
begin calculating influence
calculating influence -- done
length of new labels 514
Use 3255+514 = 3769 samples.
Files already downloaded and verified
3769 labeled samples and 159001 unlabeled samples. Total: 162770
 30.24% | time: 747.5s ( 72.3m) | step:   2307 | train acc: 1.000 | train loss: 0.000 |test acc: 0.957 (0.945, 0.977) | test dp gap: 0.0173
 30.24% | time:   1.4s ( 72.4m) | step:   2307 | train acc: 1.000 | train loss: 0.000 |val acc: 0.952 (0.941, 0.968) | val dp gap: 0.0091
begin calculating influence
calculating influence -- done
length of new labels 515
Use 3255+515 = 3770 samples.
Files already downloaded and verified
3770 labeled samples and 159000 unlabeled samples. Total: 162770
 32.86% | time: 745.1s ( 84.8m) | step:   2507 | train acc: 1.000 | train loss: 0.000 |test acc: 0.957 (0.944, 0.977) | test dp gap: 0.0176
 32.86% | time:   1.4s ( 84.8m) | step:   2507 | train acc: 1.000 | train loss: 0.000 |val acc: 0.945 (0.934, 0.963) | val dp gap: 0.0053
begin calculating influence
calculating influence -- done
length of new labels 586
Use 3255+586 = 3841 samples.
Files already downloaded and verified
3841 labeled samples and 158929 unlabeled samples. Total: 162770
 33.32% | time: 687.1s ( 96.3m) | step:   2542 | train acc: 1.000 | train loss: 0.000 |test acc: 0.956 (0.943, 0.977) | test dp gap: 0.0225
 33.32% | time:   1.4s ( 96.3m) | step:   2542 | train acc: 1.000 | train loss: 0.000 |val acc: 0.951 (0.941, 0.967) | val dp gap: 0.0047
begin calculating influence
calculating influence -- done
length of new labels 601
Use 3255+601 = 3856 samples.
Files already downloaded and verified
3856 labeled samples and 158914 unlabeled samples. Total: 162770
Epoch 4
 35.95% | time: 747.1s (108.7m) | step:   2743 | train acc: 1.000 | train loss: 0.000 |test acc: 0.957 (0.944, 0.977) | test dp gap: 0.0207
 35.95% | time:   1.3s (108.7m) | step:   2743 | train acc: 1.000 | train loss: 0.000 |val acc: 0.947 (0.935, 0.967) | val dp gap: 0.0053
begin calculating influence
calculating influence -- done
length of new labels 656
Use 3255+656 = 3911 samples.
Files already downloaded and verified
3911 labeled samples and 158859 unlabeled samples. Total: 162770
 38.58% | time: 740.4s (121.1m) | step:   2943 | train acc: 1.000 | train loss: 0.001 |test acc: 0.955 (0.944, 0.974) | test dp gap: 0.0184
 38.58% | time:   1.4s (121.1m) | step:   2943 | train acc: 1.000 | train loss: 0.001 |val acc: 0.954 (0.941, 0.975) | val dp gap: 0.0023
begin calculating influence
calculating influence -- done
length of new labels 723
Use 3255+723 = 3978 samples.
Files already downloaded and verified
3978 labeled samples and 158792 unlabeled samples. Total: 162770
 41.20% | time: 748.8s (133.6m) | step:   3143 | train acc: 1.000 | train loss: 0.000 |test acc: 0.954 (0.942, 0.973) | test dp gap: 0.0209
 41.20% | time:   1.4s (133.6m) | step:   3143 | train acc: 1.000 | train loss: 0.000 |val acc: 0.959 (0.947, 0.978) | val dp gap: 0.0104
begin calculating influence
calculating influence -- done
length of new labels 731
Use 3255+731 = 3986 samples.
Files already downloaded and verified
3986 labeled samples and 158784 unlabeled samples. Total: 162770
 41.66% | time: 685.9s (145.0m) | step:   3178 | train acc: 1.000 | train loss: 0.000 |test acc: 0.954 (0.942, 0.973) | test dp gap: 0.0213
 41.66% | time:   1.3s (145.1m) | step:   3178 | train acc: 1.000 | train loss: 0.000 |val acc: 0.956 (0.942, 0.977) | val dp gap: 0.0061
begin calculating influence
calculating influence -- done
length of new labels 733
Use 3255+733 = 3988 samples.
Files already downloaded and verified
3988 labeled samples and 158782 unlabeled samples. Total: 162770
Epoch 5
 44.29% | time: 747.6s (157.5m) | step:   3379 | train acc: 1.000 | train loss: 0.000 |test acc: 0.954 (0.942, 0.973) | test dp gap: 0.0212
 44.29% | time:   1.5s (157.6m) | step:   3379 | train acc: 1.000 | train loss: 0.000 |val acc: 0.958 (0.948, 0.974) | val dp gap: 0.0038
begin calculating influence
calculating influence -- done
length of new labels 741
Use 3255+741 = 3996 samples.
Files already downloaded and verified
3996 labeled samples and 158774 unlabeled samples. Total: 162770
 46.91% | time: 747.2s (170.0m) | step:   3579 | train acc: 1.000 | train loss: 0.000 |test acc: 0.954 (0.942, 0.974) | test dp gap: 0.0222
 46.91% | time:   1.3s (170.0m) | step:   3579 | train acc: 1.000 | train loss: 0.000 |val acc: 0.951 (0.937, 0.972) | val dp gap: 0.0040
begin calculating influence
calculating influence -- done
length of new labels 747
Use 3255+747 = 4002 samples.
Files already downloaded and verified
4002 labeled samples and 158768 unlabeled samples. Total: 162770
 49.53% | time: 747.3s (182.5m) | step:   3779 | train acc: 1.000 | train loss: 0.000 |test acc: 0.954 (0.942, 0.974) | test dp gap: 0.0224
 49.53% | time:   1.3s (182.5m) | step:   3779 | train acc: 1.000 | train loss: 0.000 |val acc: 0.956 (0.943, 0.975) | val dp gap: 0.0100
begin calculating influence
calculating influence -- done
length of new labels 750
Use 3255+750 = 4005 samples.
Files already downloaded and verified
4005 labeled samples and 158765 unlabeled samples. Total: 162770
 49.99% | time: 688.3s (194.0m) | step:   3814 | train acc: 1.000 | train loss: 0.002 |test acc: 0.954 (0.941, 0.973) | test dp gap: 0.0197
 49.99% | time:   1.5s (194.0m) | step:   3814 | train acc: 1.000 | train loss: 0.002 |val acc: 0.951 (0.940, 0.968) | val dp gap: 0.0032
begin calculating influence
calculating influence -- done
length of new labels 771
Use 3255+771 = 4026 samples.
Files already downloaded and verified
4026 labeled samples and 158744 unlabeled samples. Total: 162770
Epoch 6
 52.62% | time: 749.7s (206.5m) | step:   4014 | train acc: 1.000 | train loss: 0.000 |test acc: 0.955 (0.943, 0.973) | test dp gap: 0.0208
 52.62% | time:   1.4s (206.5m) | step:   4014 | train acc: 1.000 | train loss: 0.000 |val acc: 0.954 (0.942, 0.973) | val dp gap: 0.0003
begin calculating influence
calculating influence -- done
length of new labels 1027
Use 3255+1027 = 4282 samples.
Files already downloaded and verified
4282 labeled samples and 158488 unlabeled samples. Total: 162770
 55.24% | time: 751.4s (219.0m) | step:   4214 | train acc: 1.000 | train loss: 0.000 |test acc: 0.951 (0.940, 0.968) | test dp gap: 0.0256
 55.24% | time:   1.5s (219.1m) | step:   4214 | train acc: 1.000 | train loss: 0.000 |val acc: 0.954 (0.944, 0.970) | val dp gap: 0.0081
begin calculating influence
calculating influence -- done
length of new labels 1283
Use 3255+1283 = 4538 samples.
Files already downloaded and verified
4538 labeled samples and 158232 unlabeled samples. Total: 162770
 57.86% | time: 752.3s (231.6m) | step:   4414 | train acc: 1.000 | train loss: 0.000 |test acc: 0.953 (0.941, 0.973) | test dp gap: 0.0246
 57.86% | time:   1.4s (231.6m) | step:   4414 | train acc: 1.000 | train loss: 0.000 |val acc: 0.951 (0.935, 0.976) | val dp gap: 0.0082
begin calculating influence
calculating influence -- done
length of new labels 1316
Use 3255+1316 = 4571 samples.
Files already downloaded and verified
4571 labeled samples and 158199 unlabeled samples. Total: 162770
 58.32% | time: 691.5s (243.2m) | step:   4449 | train acc: 1.000 | train loss: 0.000 |test acc: 0.954 (0.942, 0.972) | test dp gap: 0.0236
 58.32% | time:   1.4s (243.2m) | step:   4449 | train acc: 1.000 | train loss: 0.000 |val acc: 0.950 (0.935, 0.972) | val dp gap: 0.0026
begin calculating influence
calculating influence -- done
length of new labels 1409
Use 3255+1409 = 4664 samples.
Files already downloaded and verified
4664 labeled samples and 158106 unlabeled samples. Total: 162770
Epoch 7
 60.95% | time: 750.3s (255.7m) | step:   4650 | train acc: 1.000 | train loss: 0.000 |test acc: 0.952 (0.940, 0.972) | test dp gap: 0.0275
 60.95% | time:   1.4s (255.7m) | step:   4650 | train acc: 1.000 | train loss: 0.000 |val acc: 0.948 (0.938, 0.964) | val dp gap: 0.0036
begin calculating influence
calculating influence -- done
length of new labels 1616
Use 3255+1616 = 4871 samples.
Files already downloaded and verified
4871 labeled samples and 157899 unlabeled samples. Total: 162770
 63.57% | time: 751.3s (268.2m) | step:   4850 | train acc: 1.000 | train loss: 0.000 |test acc: 0.949 (0.937, 0.968) | test dp gap: 0.0258
 63.57% | time:   1.4s (268.2m) | step:   4850 | train acc: 1.000 | train loss: 0.000 |val acc: 0.948 (0.937, 0.966) | val dp gap: 0.0065
begin calculating influence
calculating influence -- done
length of new labels 1708
Use 3255+1708 = 4963 samples.
Files already downloaded and verified
4963 labeled samples and 157807 unlabeled samples. Total: 162770
 66.19% | time: 752.0s (280.8m) | step:   5050 | train acc: 1.000 | train loss: 0.000 |test acc: 0.952 (0.940, 0.971) | test dp gap: 0.0245
 66.19% | time:   1.5s (280.8m) | step:   5050 | train acc: 1.000 | train loss: 0.000 |val acc: 0.954 (0.941, 0.975) | val dp gap: 0.0167
begin calculating influence
calculating influence -- done
length of new labels 1709
Use 3255+1709 = 4964 samples.
Files already downloaded and verified
4964 labeled samples and 157806 unlabeled samples. Total: 162770
 66.65% | time: 690.9s (292.3m) | step:   5085 | train acc: 1.000 | train loss: 0.000 |test acc: 0.952 (0.940, 0.971) | test dp gap: 0.0244
 66.65% | time:   1.6s (292.3m) | step:   5085 | train acc: 1.000 | train loss: 0.000 |val acc: 0.948 (0.937, 0.966) | val dp gap: 0.0060
begin calculating influence
calculating influence -- done
length of new labels 1965
Use 3255+1965 = 5220 samples.
Files already downloaded and verified
5220 labeled samples and 157550 unlabeled samples. Total: 162770
Epoch 8
 69.29% | time: 751.9s (304.9m) | step:   5286 | train acc: 1.000 | train loss: 0.001 |test acc: 0.947 (0.934, 0.967) | test dp gap: 0.0296
 69.29% | time:   1.6s (304.9m) | step:   5286 | train acc: 1.000 | train loss: 0.001 |val acc: 0.938 (0.926, 0.957) | val dp gap: 0.0163
begin calculating influence
calculating influence -- done
length of new labels 2221
Use 3255+2221 = 5476 samples.
Files already downloaded and verified
5476 labeled samples and 157294 unlabeled samples. Total: 162770
 71.91% | time: 752.2s (317.4m) | step:   5486 | train acc: 1.000 | train loss: 0.000 |test acc: 0.951 (0.938, 0.972) | test dp gap: 0.0271
 71.91% | time:   1.5s (317.5m) | step:   5486 | train acc: 1.000 | train loss: 0.000 |val acc: 0.947 (0.935, 0.967) | val dp gap: 0.0122
begin calculating influence
calculating influence -- done
length of new labels 2319
Use 3255+2319 = 5574 samples.
Files already downloaded and verified
5574 labeled samples and 157196 unlabeled samples. Total: 162770
 74.53% | time: 751.2s (330.0m) | step:   5686 | train acc: 1.000 | train loss: 0.002 |test acc: 0.950 (0.939, 0.969) | test dp gap: 0.0255
 74.53% | time:   1.5s (330.0m) | step:   5686 | train acc: 1.000 | train loss: 0.002 |val acc: 0.949 (0.943, 0.958) | val dp gap: 0.0048
begin calculating influence
calculating influence -- done
length of new labels 2575
Use 3255+2575 = 5830 samples.
Files already downloaded and verified
5830 labeled samples and 156940 unlabeled samples. Total: 162770
 74.99% | time: 690.4s (341.5m) | step:   5721 | train acc: 0.984 | train loss: 0.027 |test acc: 0.949 (0.936, 0.969) | test dp gap: 0.0264
 74.99% | time:   1.5s (341.5m) | step:   5721 | train acc: 0.984 | train loss: 0.027 |val acc: 0.956 (0.948, 0.969) | val dp gap: 0.0067
begin calculating influence
calculating influence -- done
length of new labels 2734
Use 3255+2734 = 5989 samples.
Files already downloaded and verified
5989 labeled samples and 156781 unlabeled samples. Total: 162770
Epoch 9
 77.62% | time: 752.1s (354.1m) | step:   5922 | train acc: 1.000 | train loss: 0.000 |test acc: 0.951 (0.938, 0.971) | test dp gap: 0.0257
 77.62% | time:   1.6s (354.1m) | step:   5922 | train acc: 1.000 | train loss: 0.000 |val acc: 0.944 (0.929, 0.967) | val dp gap: 0.0124
begin calculating influence
calculating influence -- done
length of new labels 2740
Use 3255+2740 = 5995 samples.
Files already downloaded and verified
5995 labeled samples and 156775 unlabeled samples. Total: 162770
 80.25% | time: 751.3s (366.6m) | step:   6122 | train acc: 1.000 | train loss: 0.000 |test acc: 0.951 (0.939, 0.971) | test dp gap: 0.0255
 80.25% | time:   1.4s (366.7m) | step:   6122 | train acc: 1.000 | train loss: 0.000 |val acc: 0.947 (0.932, 0.970) | val dp gap: 0.0128
begin calculating influence
calculating influence -- done
length of new labels 2861
Use 3255+2861 = 6116 samples.
Files already downloaded and verified
6116 labeled samples and 156654 unlabeled samples. Total: 162770
 82.87% | time: 750.2s (379.2m) | step:   6322 | train acc: 1.000 | train loss: 0.000 |test acc: 0.952 (0.939, 0.973) | test dp gap: 0.0257
 82.87% | time:   1.5s (379.2m) | step:   6322 | train acc: 1.000 | train loss: 0.000 |val acc: 0.952 (0.940, 0.972) | val dp gap: 0.0114
begin calculating influence
calculating influence -- done
length of new labels 2883
Use 3255+2883 = 6138 samples.
Files already downloaded and verified
6138 labeled samples and 156632 unlabeled samples. Total: 162770
 83.33% | time: 689.9s (390.7m) | step:   6357 | train acc: 1.000 | train loss: 0.000 |test acc: 0.950 (0.936, 0.971) | test dp gap: 0.0274
 83.33% | time:   1.5s (390.7m) | step:   6357 | train acc: 1.000 | train loss: 0.000 |val acc: 0.945 (0.933, 0.964) | val dp gap: 0.0026
begin calculating influence
calculating influence -- done
length of new labels 2923
Use 3255+2923 = 6178 samples.
Files already downloaded and verified
6178 labeled samples and 156592 unlabeled samples. Total: 162770
Epoch 10
 85.96% | time: 751.5s (403.2m) | step:   6558 | train acc: 1.000 | train loss: 0.000 |test acc: 0.951 (0.939, 0.970) | test dp gap: 0.0226
 85.96% | time:   1.4s (403.3m) | step:   6558 | train acc: 1.000 | train loss: 0.000 |val acc: 0.949 (0.934, 0.973) | val dp gap: 0.0134
begin calculating influence
calculating influence -- done
length of new labels 2934
Use 3255+2934 = 6189 samples.
Files already downloaded and verified
6189 labeled samples and 156581 unlabeled samples. Total: 162770
 88.58% | time: 750.0s (415.8m) | step:   6758 | train acc: 1.000 | train loss: 0.000 |test acc: 0.951 (0.939, 0.970) | test dp gap: 0.0232
 88.58% | time:   1.3s (415.8m) | step:   6758 | train acc: 1.000 | train loss: 0.000 |val acc: 0.954 (0.944, 0.971) | val dp gap: 0.0132
begin calculating influence
calculating influence -- done
length of new labels 2941
Use 3255+2941 = 6196 samples.
Files already downloaded and verified
6196 labeled samples and 156574 unlabeled samples. Total: 162770
 91.20% | time: 750.6s (428.3m) | step:   6958 | train acc: 1.000 | train loss: 0.000 |test acc: 0.951 (0.939, 0.970) | test dp gap: 0.0229
 91.20% | time:   1.5s (428.3m) | step:   6958 | train acc: 1.000 | train loss: 0.000 |val acc: 0.952 (0.941, 0.970) | val dp gap: 0.0112
begin calculating influence
calculating influence -- done
length of new labels 2985
Use 3255+2985 = 6240 samples.
Files already downloaded and verified
6240 labeled samples and 156530 unlabeled samples. Total: 162770
 91.66% | time: 688.0s (439.8m) | step:   6993 | train acc: 1.000 | train loss: 0.000 |test acc: 0.948 (0.937, 0.966) | test dp gap: 0.0240
 91.66% | time:   1.4s (439.8m) | step:   6993 | train acc: 1.000 | train loss: 0.000 |val acc: 0.950 (0.938, 0.968) | val dp gap: 0.0126
begin calculating influence
calculating influence -- done
length of new labels 3187
Use 3255+3187 = 6442 samples.
Files already downloaded and verified
6442 labeled samples and 156328 unlabeled samples. Total: 162770
Epoch 11
 94.30% | time: 746.9s (452.2m) | step:   7194 | train acc: 1.000 | train loss: 0.001 |test acc: 0.949 (0.936, 0.969) | test dp gap: 0.0247
 94.30% | time:   1.5s (452.3m) | step:   7194 | train acc: 1.000 | train loss: 0.001 |val acc: 0.955 (0.939, 0.980) | val dp gap: 0.0108
begin calculating influence
calculating influence -- done
length of new labels 3255
Use 3255+3255 = 6510 samples.
Files already downloaded and verified
6510 labeled samples and 156260 unlabeled samples. Total: 162770
 96.92% | time: 747.2s (464.7m) | step:   7394 | train acc: 1.000 | train loss: 0.000 |test acc: 0.949 (0.937, 0.969) | test dp gap: 0.0258
 96.92% | time:   1.5s (464.7m) | step:   7394 | train acc: 1.000 | train loss: 0.000 |val acc: 0.950 (0.938, 0.970) | val dp gap: 0.0064
begin calculating influence
calculating influence -- done
length of new labels 3259
Use 3255+3259 = 6514 samples.
Files already downloaded and verified
6514 labeled samples and 156256 unlabeled samples. Total: 162770
 99.54% | time: 747.4s (477.2m) | step:   7594 | train acc: 1.000 | train loss: 0.000 |test acc: 0.950 (0.937, 0.969) | test dp gap: 0.0262
 99.54% | time:   1.5s (477.2m) | step:   7594 | train acc: 1.000 | train loss: 0.000 |val acc: 0.947 (0.932, 0.970) | val dp gap: 0.0094
begin calculating influence
calculating influence -- done
length of new labels 3281
Use 3255+3281 = 6536 samples.
Files already downloaded and verified
6536 labeled samples and 156234 unlabeled samples. Total: 162770
100.00% | time: 680.1s (488.6m) | step:   7629 | train acc: 1.000 | train loss: 0.000 |test acc: 0.950 (0.938, 0.969) | test dp gap: 0.0249
100.00% | time:   1.2s (488.6m) | step:   7629 | train acc: 1.000 | train loss: 0.000 |val acc: 0.949 (0.935, 0.972) | val dp gap: 0.0109
begin calculating influence
calculating influence -- done
length of new labels 3427
Use 3255+3427 = 6682 samples.
Files already downloaded and verified
6682 labeled samples and 156088 unlabeled samples. Total: 162770
