Files already downloaded and verified
3255 labeled samples and 159515 unlabeled samples. Total: 162770
Files already downloaded and verified
1996 labeled samples and 17966 unlabeled samples. Total: 19962
Numer of layers 200
train net...
train with 162770 samples (with replacement) in one epoch
Epoch 0
  2.62% | time: 100.0s (  1.7m) | step:    200 | train acc: 0.961 | train loss: 0.232 |warm_t acc: 0.943 (0.935, 0.955) | warm_t eop gap: 0.0270
  2.62% | time:   5.0s (  1.8m) | step:    200 | train acc: 0.961 | train loss: 0.232 |warm_v acc: 0.938 (0.933, 0.946) | warm_v eop gap: 0.0671
  5.24% | time:  80.1s (  3.1m) | step:    400 | train acc: 1.000 | train loss: 0.000 |warm_t acc: 0.954 (0.940, 0.976) | warm_t eop gap: 0.0473
  5.24% | time:   1.1s (  3.1m) | step:    400 | train acc: 1.000 | train loss: 0.000 |warm_v acc: 0.951 (0.941, 0.966) | warm_v eop gap: 0.1447
  7.86% | time:  79.4s (  4.4m) | step:    600 | train acc: 1.000 | train loss: 0.000 |warm_t acc: 0.954 (0.940, 0.977) | warm_t eop gap: 0.0454
  7.86% | time:   1.1s (  4.4m) | step:    600 | train acc: 1.000 | train loss: 0.000 |warm_v acc: 0.950 (0.945, 0.958) | warm_v eop gap: 0.0644
  8.32% | time:  19.1s (  4.8m) | step:    635 | train acc: 1.000 | train loss: 0.000 |warm_t acc: 0.954 (0.940, 0.976) | warm_t eop gap: 0.0487
  8.32% | time:   1.2s (  4.8m) | step:    635 | train acc: 1.000 | train loss: 0.000 |warm_v acc: 0.953 (0.946, 0.964) | warm_v eop gap: 0.1376
Epoch 1
 10.95% | time:  77.2s (  6.1m) | step:    835 | train acc: 1.000 | train loss: 0.000 |warm_t acc: 0.954 (0.940, 0.976) | warm_t eop gap: 0.0487
 10.95% | time:   1.2s (  6.1m) | step:    835 | train acc: 1.000 | train loss: 0.000 |warm_v acc: 0.952 (0.943, 0.966) | warm_v eop gap: 0.0424
 13.57% | time:  75.2s (  7.3m) | step:   1035 | train acc: 1.000 | train loss: 0.000 |warm_t acc: 0.954 (0.940, 0.976) | warm_t eop gap: 0.0470
 13.57% | time:   1.5s (  7.4m) | step:   1035 | train acc: 1.000 | train loss: 0.000 |warm_v acc: 0.954 (0.947, 0.965) | warm_v eop gap: 0.1232
 16.19% | time:  74.4s (  8.6m) | step:   1235 | train acc: 1.000 | train loss: 0.000 |warm_t acc: 0.954 (0.940, 0.976) | warm_t eop gap: 0.0487
 16.19% | time:   1.4s (  8.6m) | step:   1235 | train acc: 1.000 | train loss: 0.000 |warm_v acc: 0.954 (0.943, 0.970) | warm_v eop gap: 0.0795
 16.65% | time:  23.8s (  9.0m) | step:   1270 | train acc: 1.000 | train loss: 0.000 |warm_t acc: 0.954 (0.940, 0.976) | warm_t eop gap: 0.0539
 16.65% | time:   1.4s (  9.1m) | step:   1270 | train acc: 1.000 | train loss: 0.000 |warm_v acc: 0.952 (0.942, 0.970) | warm_v eop gap: 0.0112
Epoch 2
 19.28% | time:  76.5s ( 10.3m) | step:   1471 | train acc: 1.000 | train loss: 0.000 |test acc: 0.953 (0.940, 0.975) | test eop gap: 0.0522
 19.28% | time:   1.5s ( 10.4m) | step:   1471 | train acc: 1.000 | train loss: 0.000 |val acc: 0.952 (0.943, 0.966) | val eop gap: 0.1091
begin calculating influence
selected layers: [Traced<ShapedArray(float32[768])>with<DynamicJaxprTrace(level=0/1)>, Traced<ShapedArray(float32[8,8,3,768])>with<DynamicJaxprTrace(level=0/1)>, Traced<ShapedArray(float32[2])>with<DynamicJaxprTrace(level=0/1)>, Traced<ShapedArray(float32[768,2])>with<DynamicJaxprTrace(level=0/1)>]
calculating influence -- done
length of new labels 256
Use 3255+256 = 3511 samples.
Files already downloaded and verified
3511 labeled samples and 159259 unlabeled samples. Total: 162770
 21.90% | time: 724.5s ( 22.4m) | step:   1671 | train acc: 0.973 | train loss: 0.096 |test acc: 0.951 (0.941, 0.967) | test eop gap: 0.0887
 21.90% | time:   1.5s ( 22.5m) | step:   1671 | train acc: 0.973 | train loss: 0.096 |val acc: 0.941 (0.940, 0.944) | val eop gap: 0.1987
begin calculating influence
calculating influence -- done
length of new labels 512
Use 3255+512 = 3767 samples.
Files already downloaded and verified
3767 labeled samples and 159003 unlabeled samples. Total: 162770
 24.52% | time: 732.6s ( 34.7m) | step:   1871 | train acc: 0.930 | train loss: 0.218 |test acc: 0.914 (0.902, 0.933) | test eop gap: 0.0762
 24.52% | time:   1.2s ( 34.7m) | step:   1871 | train acc: 0.930 | train loss: 0.218 |val acc: 0.904 (0.895, 0.919) | val eop gap: 0.0373
begin calculating influence
[Strategy 2] Acc of expected label: 0.903046875
calculating influence -- done
Use 4023 samples. Get 3530 labels. Ratio: 1.1396600566572237
Files already downloaded and verified
4023 labeled samples and 158747 unlabeled samples. Total: 162770
 24.98% | time: 679.9s ( 46.0m) | step:   1906 | train acc: 0.988 | train loss: 0.031 |test acc: 0.949 (0.936, 0.969) | test eop gap: 0.0290
 24.98% | time:   1.3s ( 46.0m) | step:   1906 | train acc: 0.988 | train loss: 0.031 |val acc: 0.943 (0.939, 0.951) | val eop gap: 0.1900
begin calculating influence
calculating influence -- done
length of new labels 768
Use 3511+768 = 4279 samples.
Files already downloaded and verified
4279 labeled samples and 158491 unlabeled samples. Total: 162770
Epoch 3
 27.62% | time: 727.0s ( 58.2m) | step:   2107 | train acc: 1.000 | train loss: 0.003 |test acc: 0.952 (0.939, 0.972) | test eop gap: 0.0706
 27.62% | time:   1.4s ( 58.2m) | step:   2107 | train acc: 1.000 | train loss: 0.003 |val acc: 0.940 (0.932, 0.952) | val eop gap: 0.0963
begin calculating influence
calculating influence -- done
length of new labels 1024
Use 3511+1024 = 4535 samples.
Files already downloaded and verified
4535 labeled samples and 158235 unlabeled samples. Total: 162770
 30.24% | time: 729.0s ( 70.3m) | step:   2307 | train acc: 0.992 | train loss: 0.030 |test acc: 0.953 (0.942, 0.970) | test eop gap: 0.0964
 30.24% | time:   1.5s ( 70.4m) | step:   2307 | train acc: 0.992 | train loss: 0.030 |val acc: 0.939 (0.926, 0.961) | val eop gap: 0.0625
begin calculating influence
calculating influence -- done
length of new labels 1280
Use 3511+1280 = 4791 samples.
Files already downloaded and verified
4791 labeled samples and 157979 unlabeled samples. Total: 162770
 32.86% | time: 724.4s ( 82.4m) | step:   2507 | train acc: 1.000 | train loss: 0.001 |test acc: 0.953 (0.941, 0.972) | test eop gap: 0.0621
 32.86% | time:   1.4s ( 82.4m) | step:   2507 | train acc: 1.000 | train loss: 0.001 |val acc: 0.947 (0.941, 0.956) | val eop gap: 0.0300
begin calculating influence
calculating influence -- done
length of new labels 1536
Use 3511+1536 = 5047 samples.
Files already downloaded and verified
5047 labeled samples and 157723 unlabeled samples. Total: 162770
 33.32% | time: 676.7s ( 93.7m) | step:   2542 | train acc: 0.996 | train loss: 0.007 |test acc: 0.947 (0.935, 0.966) | test eop gap: 0.0550
 33.32% | time:   1.5s ( 93.8m) | step:   2542 | train acc: 0.996 | train loss: 0.007 |val acc: 0.938 (0.930, 0.949) | val eop gap: 0.0058
begin calculating influence
calculating influence -- done
length of new labels 1792
Use 3511+1792 = 5303 samples.
Files already downloaded and verified
5303 labeled samples and 157467 unlabeled samples. Total: 162770
Epoch 4
 35.95% | time: 728.8s (105.9m) | step:   2743 | train acc: 1.000 | train loss: 0.001 |test acc: 0.952 (0.941, 0.971) | test eop gap: 0.0906
 35.95% | time:   1.3s (105.9m) | step:   2743 | train acc: 1.000 | train loss: 0.001 |val acc: 0.947 (0.938, 0.962) | val eop gap: 0.0222
begin calculating influence
calculating influence -- done
length of new labels 2048
Use 3511+2048 = 5559 samples.
Files already downloaded and verified
5559 labeled samples and 157211 unlabeled samples. Total: 162770
 38.58% | time: 727.6s (118.0m) | step:   2943 | train acc: 1.000 | train loss: 0.000 |test acc: 0.949 (0.937, 0.968) | test eop gap: 0.0575
 38.58% | time:   1.4s (118.1m) | step:   2943 | train acc: 1.000 | train loss: 0.000 |val acc: 0.934 (0.922, 0.953) | val eop gap: 0.0072
begin calculating influence
calculating influence -- done
length of new labels 2304
Use 3511+2304 = 5815 samples.
Files already downloaded and verified
5815 labeled samples and 156955 unlabeled samples. Total: 162770
 41.20% | time: 726.2s (130.2m) | step:   3143 | train acc: 0.992 | train loss: 0.030 |test acc: 0.947 (0.935, 0.967) | test eop gap: 0.0674
 41.20% | time:   1.4s (130.2m) | step:   3143 | train acc: 0.992 | train loss: 0.030 |val acc: 0.943 (0.930, 0.964) | val eop gap: 0.0742
begin calculating influence
calculating influence -- done
length of new labels 2560
Use 3511+2560 = 6071 samples.
Files already downloaded and verified
6071 labeled samples and 156699 unlabeled samples. Total: 162770
 41.66% | time: 665.8s (141.3m) | step:   3178 | train acc: 0.984 | train loss: 0.031 |test acc: 0.952 (0.940, 0.971) | test eop gap: 0.0964
 41.66% | time:   1.4s (141.3m) | step:   3178 | train acc: 0.984 | train loss: 0.031 |val acc: 0.946 (0.936, 0.963) | val eop gap: 0.1373
begin calculating influence
calculating influence -- done
length of new labels 2816
Use 3511+2816 = 6327 samples.
Files already downloaded and verified
6327 labeled samples and 156443 unlabeled samples. Total: 162770
Epoch 5
 44.29% | time: 727.6s (153.4m) | step:   3379 | train acc: 1.000 | train loss: 0.000 |test acc: 0.951 (0.939, 0.971) | test eop gap: 0.0791
 44.29% | time:   1.4s (153.5m) | step:   3379 | train acc: 1.000 | train loss: 0.000 |val acc: 0.946 (0.939, 0.958) | val eop gap: 0.0507
begin calculating influence
calculating influence -- done
length of new labels 3072
Use 3511+3072 = 6583 samples.
Files already downloaded and verified
6583 labeled samples and 156187 unlabeled samples. Total: 162770
 46.91% | time: 723.5s (165.5m) | step:   3579 | train acc: 1.000 | train loss: 0.001 |test acc: 0.953 (0.941, 0.972) | test eop gap: 0.0495
 46.91% | time:   1.5s (165.5m) | step:   3579 | train acc: 1.000 | train loss: 0.001 |val acc: 0.952 (0.943, 0.968) | val eop gap: 0.0292
begin calculating influence
calculating influence -- done
length of new labels 3328
Use 3511+3328 = 6839 samples.
Files already downloaded and verified
6839 labeled samples and 155931 unlabeled samples. Total: 162770
 49.53% | time: 728.5s (177.7m) | step:   3779 | train acc: 1.000 | train loss: 0.007 |test acc: 0.949 (0.935, 0.971) | test eop gap: 0.0616
 49.53% | time:   1.5s (177.7m) | step:   3779 | train acc: 1.000 | train loss: 0.007 |val acc: 0.945 (0.935, 0.961) | val eop gap: 0.0792
begin calculating influence
calculating influence -- done
length of new labels 3520
Use 3511+3520 = 7031 samples.
Files already downloaded and verified
7031 labeled samples and 155739 unlabeled samples. Total: 162770
 49.99% | time: 672.7s (188.9m) | step:   3814 | train acc: 0.988 | train loss: 0.026 |test acc: 0.947 (0.935, 0.967) | test eop gap: 0.0975
 49.99% | time:   1.4s (189.0m) | step:   3814 | train acc: 0.988 | train loss: 0.026 |val acc: 0.941 (0.929, 0.961) | val eop gap: 0.0371
begin calculating influence
calculating influence -- done
length of new labels 3776
Use 3511+3776 = 7287 samples.
Files already downloaded and verified
7287 labeled samples and 155483 unlabeled samples. Total: 162770
Epoch 6
 52.62% | time: 728.5s (201.1m) | step:   4014 | train acc: 1.000 | train loss: 0.005 |test acc: 0.950 (0.938, 0.969) | test eop gap: 0.0832
 52.62% | time:   1.4s (201.1m) | step:   4014 | train acc: 1.000 | train loss: 0.005 |val acc: 0.945 (0.933, 0.963) | val eop gap: 0.0164
begin calculating influence
calculating influence -- done
length of new labels 3842
Use 3511+3842 = 7353 samples.
Files already downloaded and verified
7353 labeled samples and 155417 unlabeled samples. Total: 162770
 55.24% | time: 730.7s (213.3m) | step:   4214 | train acc: 1.000 | train loss: 0.000 |test acc: 0.950 (0.939, 0.969) | test eop gap: 0.0816
 55.24% | time:   1.5s (213.3m) | step:   4214 | train acc: 1.000 | train loss: 0.000 |val acc: 0.949 (0.936, 0.968) | val eop gap: 0.0051
begin calculating influence
calculating influence -- done
length of new labels 4098
Use 3511+4098 = 7609 samples.
Files already downloaded and verified
7609 labeled samples and 155161 unlabeled samples. Total: 162770
 57.86% | time: 731.6s (225.5m) | step:   4414 | train acc: 1.000 | train loss: 0.001 |test acc: 0.953 (0.942, 0.971) | test eop gap: 0.0649
 57.86% | time:   1.4s (225.5m) | step:   4414 | train acc: 1.000 | train loss: 0.001 |val acc: 0.954 (0.943, 0.970) | val eop gap: 0.0984
begin calculating influence
calculating influence -- done
length of new labels 4354
Use 3511+4354 = 7865 samples.
Files already downloaded and verified
7865 labeled samples and 154905 unlabeled samples. Total: 162770
 58.32% | time: 673.5s (236.8m) | step:   4449 | train acc: 1.000 | train loss: 0.004 |test acc: 0.950 (0.940, 0.967) | test eop gap: 0.0791
 58.32% | time:   1.4s (236.8m) | step:   4449 | train acc: 1.000 | train loss: 0.004 |val acc: 0.951 (0.945, 0.960) | val eop gap: 0.0980
begin calculating influence
calculating influence -- done
length of new labels 4610
Use 3511+4610 = 8121 samples.
Files already downloaded and verified
8121 labeled samples and 154649 unlabeled samples. Total: 162770
Epoch 7
 60.95% | time: 731.0s (249.0m) | step:   4650 | train acc: 0.992 | train loss: 0.011 |test acc: 0.951 (0.940, 0.969) | test eop gap: 0.0838
 60.95% | time:   1.4s (249.0m) | step:   4650 | train acc: 0.992 | train loss: 0.011 |val acc: 0.946 (0.937, 0.960) | val eop gap: 0.1085
begin calculating influence
calculating influence -- done
length of new labels 4866
Use 3511+4866 = 8377 samples.
Files already downloaded and verified
8377 labeled samples and 154393 unlabeled samples. Total: 162770
 63.57% | time: 732.6s (261.2m) | step:   4850 | train acc: 0.980 | train loss: 0.051 |test acc: 0.948 (0.937, 0.966) | test eop gap: 0.0964
 63.57% | time:   1.5s (261.2m) | step:   4850 | train acc: 0.980 | train loss: 0.051 |val acc: 0.947 (0.935, 0.964) | val eop gap: 0.0190
begin calculating influence
calculating influence -- done
length of new labels 5122
Use 3511+5122 = 8633 samples.
Files already downloaded and verified
8633 labeled samples and 154137 unlabeled samples. Total: 162770
 66.19% | time: 731.4s (273.4m) | step:   5050 | train acc: 1.000 | train loss: 0.000 |test acc: 0.952 (0.941, 0.970) | test eop gap: 0.0928
 66.19% | time:   1.4s (273.4m) | step:   5050 | train acc: 1.000 | train loss: 0.000 |val acc: 0.960 (0.951, 0.975) | val eop gap: 0.0000
begin calculating influence
calculating influence -- done
length of new labels 5165
Use 3511+5165 = 8676 samples.
Files already downloaded and verified
8676 labeled samples and 154094 unlabeled samples. Total: 162770
 66.65% | time: 673.6s (284.7m) | step:   5085 | train acc: 1.000 | train loss: 0.000 |test acc: 0.949 (0.937, 0.968) | test eop gap: 0.0852
 66.65% | time:   1.5s (284.7m) | step:   5085 | train acc: 1.000 | train loss: 0.000 |val acc: 0.951 (0.941, 0.967) | val eop gap: 0.0476
begin calculating influence
calculating influence -- done
length of new labels 5421
Use 3511+5421 = 8932 samples.
Files already downloaded and verified
8932 labeled samples and 153838 unlabeled samples. Total: 162770
Epoch 8
 69.29% | time: 730.9s (296.9m) | step:   5286 | train acc: 1.000 | train loss: 0.003 |test acc: 0.950 (0.937, 0.970) | test eop gap: 0.1232
 69.29% | time:   1.4s (296.9m) | step:   5286 | train acc: 1.000 | train loss: 0.003 |val acc: 0.946 (0.934, 0.964) | val eop gap: 0.0745
begin calculating influence
calculating influence -- done
length of new labels 5582
Use 3511+5582 = 9093 samples.
Files already downloaded and verified
9093 labeled samples and 153677 unlabeled samples. Total: 162770
 71.91% | time: 731.8s (309.1m) | step:   5486 | train acc: 1.000 | train loss: 0.003 |test acc: 0.948 (0.936, 0.966) | test eop gap: 0.1323
 71.91% | time:   1.5s (309.1m) | step:   5486 | train acc: 1.000 | train loss: 0.003 |val acc: 0.949 (0.937, 0.967) | val eop gap: 0.0257
begin calculating influence
calculating influence -- done
length of new labels 5838
Use 3511+5838 = 9349 samples.
Files already downloaded and verified
9349 labeled samples and 153421 unlabeled samples. Total: 162770
 74.53% | time: 731.4s (321.3m) | step:   5686 | train acc: 1.000 | train loss: 0.001 |test acc: 0.950 (0.939, 0.968) | test eop gap: 0.1359
 74.53% | time:   1.5s (321.3m) | step:   5686 | train acc: 1.000 | train loss: 0.001 |val acc: 0.951 (0.942, 0.966) | val eop gap: 0.1265
begin calculating influence
calculating influence -- done
length of new labels 6094
Use 3511+6094 = 9605 samples.
Files already downloaded and verified
9605 labeled samples and 153165 unlabeled samples. Total: 162770
 74.99% | time: 675.6s (332.6m) | step:   5721 | train acc: 1.000 | train loss: 0.004 |test acc: 0.948 (0.937, 0.966) | test eop gap: 0.1287
 74.99% | time:   1.4s (332.6m) | step:   5721 | train acc: 1.000 | train loss: 0.004 |val acc: 0.949 (0.937, 0.966) | val eop gap: 0.0410
begin calculating influence
calculating influence -- done
length of new labels 6350
Use 3511+6350 = 9861 samples.
Files already downloaded and verified
9861 labeled samples and 152909 unlabeled samples. Total: 162770
Epoch 9
 77.62% | time: 731.2s (344.8m) | step:   5922 | train acc: 1.000 | train loss: 0.000 |test acc: 0.951 (0.940, 0.970) | test eop gap: 0.0994
 77.62% | time:   1.5s (344.8m) | step:   5922 | train acc: 1.000 | train loss: 0.000 |val acc: 0.950 (0.942, 0.962) | val eop gap: 0.0833
begin calculating influence
calculating influence -- done
length of new labels 6606
Use 3511+6606 = 10117 samples.
Files already downloaded and verified
10117 labeled samples and 152653 unlabeled samples. Total: 162770
 80.25% | time: 731.3s (357.0m) | step:   6122 | train acc: 1.000 | train loss: 0.002 |test acc: 0.949 (0.937, 0.968) | test eop gap: 0.1033
 80.25% | time:   1.4s (357.0m) | step:   6122 | train acc: 1.000 | train loss: 0.002 |val acc: 0.948 (0.936, 0.967) | val eop gap: 0.0392
begin calculating influence
calculating influence -- done
length of new labels 6862
Use 3511+6862 = 10373 samples.
Files already downloaded and verified
10373 labeled samples and 152397 unlabeled samples. Total: 162770
 82.87% | time: 731.9s (369.2m) | step:   6322 | train acc: 1.000 | train loss: 0.002 |test acc: 0.950 (0.938, 0.969) | test eop gap: 0.1022
 82.87% | time:   1.4s (369.3m) | step:   6322 | train acc: 1.000 | train loss: 0.002 |val acc: 0.952 (0.939, 0.973) | val eop gap: 0.1958
begin calculating influence
calculating influence -- done
length of new labels 7118
Use 3511+7118 = 10629 samples.
Files already downloaded and verified
10629 labeled samples and 152141 unlabeled samples. Total: 162770
 83.33% | time: 673.7s (380.5m) | step:   6357 | train acc: 0.992 | train loss: 0.012 |test acc: 0.950 (0.939, 0.967) | test eop gap: 0.1145
 83.33% | time:   1.6s (380.5m) | step:   6357 | train acc: 0.992 | train loss: 0.012 |val acc: 0.951 (0.944, 0.963) | val eop gap: 0.0422
begin calculating influence
calculating influence -- done
length of new labels 7374
Use 3511+7374 = 10885 samples.
Files already downloaded and verified
10885 labeled samples and 151885 unlabeled samples. Total: 162770
Epoch 10
 85.96% | time: 730.5s (392.7m) | step:   6558 | train acc: 1.000 | train loss: 0.001 |test acc: 0.951 (0.940, 0.968) | test eop gap: 0.1353
 85.96% | time:   1.6s (392.7m) | step:   6558 | train acc: 1.000 | train loss: 0.001 |val acc: 0.947 (0.938, 0.962) | val eop gap: 0.0330
begin calculating influence
calculating influence -- done
length of new labels 7630
Use 3511+7630 = 11141 samples.
Files already downloaded and verified
11141 labeled samples and 151629 unlabeled samples. Total: 162770
 88.58% | time: 730.7s (404.9m) | step:   6758 | train acc: 1.000 | train loss: 0.002 |test acc: 0.949 (0.938, 0.968) | test eop gap: 0.1008
 88.58% | time:   1.4s (404.9m) | step:   6758 | train acc: 1.000 | train loss: 0.002 |val acc: 0.949 (0.940, 0.961) | val eop gap: 0.1765
begin calculating influence
calculating influence -- done
length of new labels 7886
Use 3511+7886 = 11397 samples.
Files already downloaded and verified
11397 labeled samples and 151373 unlabeled samples. Total: 162770
 91.20% | time: 736.6s (417.2m) | step:   6958 | train acc: 1.000 | train loss: 0.001 |test acc: 0.946 (0.933, 0.965) | test eop gap: 0.0767
 91.20% | time:   1.4s (417.2m) | step:   6958 | train acc: 1.000 | train loss: 0.001 |val acc: 0.951 (0.946, 0.958) | val eop gap: 0.1373
begin calculating influence
calculating influence -- done
length of new labels 8142
Use 3511+8142 = 11653 samples.
Files already downloaded and verified
11653 labeled samples and 151117 unlabeled samples. Total: 162770
 91.66% | time: 684.1s (428.6m) | step:   6993 | train acc: 0.984 | train loss: 0.046 |test acc: 0.943 (0.929, 0.964) | test eop gap: 0.1340
 91.66% | time:   1.5s (428.6m) | step:   6993 | train acc: 0.984 | train loss: 0.046 |val acc: 0.943 (0.936, 0.954) | val eop gap: 0.1033
begin calculating influence
calculating influence -- done
length of new labels 8348
Use 3511+8348 = 11859 samples.
Files already downloaded and verified
11859 labeled samples and 150911 unlabeled samples. Total: 162770
Epoch 11
 94.30% | time: 738.1s (441.0m) | step:   7194 | train acc: 1.000 | train loss: 0.001 |test acc: 0.948 (0.937, 0.967) | test eop gap: 0.1378
 94.30% | time:   1.4s (441.0m) | step:   7194 | train acc: 1.000 | train loss: 0.001 |val acc: 0.952 (0.940, 0.970) | val eop gap: 0.0087
begin calculating influence
calculating influence -- done
length of new labels 8604
Use 3511+8604 = 12115 samples.
Files already downloaded and verified
12115 labeled samples and 150655 unlabeled samples. Total: 162770
 96.92% | time: 738.3s (453.3m) | step:   7394 | train acc: 1.000 | train loss: 0.001 |test acc: 0.948 (0.935, 0.967) | test eop gap: 0.1246
 96.92% | time:   1.5s (453.3m) | step:   7394 | train acc: 1.000 | train loss: 0.001 |val acc: 0.947 (0.940, 0.959) | val eop gap: 0.0832
begin calculating influence
calculating influence -- done
length of new labels 8860
Use 3511+8860 = 12371 samples.
Files already downloaded and verified
12371 labeled samples and 150399 unlabeled samples. Total: 162770
 99.54% | time: 737.5s (465.6m) | step:   7594 | train acc: 1.000 | train loss: 0.005 |test acc: 0.947 (0.935, 0.966) | test eop gap: 0.1194
 99.54% | time:   1.4s (465.6m) | step:   7594 | train acc: 1.000 | train loss: 0.005 |val acc: 0.949 (0.938, 0.966) | val eop gap: 0.0656
begin calculating influence
calculating influence -- done
length of new labels 9116
Use 3511+9116 = 12627 samples.
Files already downloaded and verified
12627 labeled samples and 150143 unlabeled samples. Total: 162770
100.00% | time: 682.2s (477.0m) | step:   7629 | train acc: 0.996 | train loss: 0.011 |test acc: 0.947 (0.934, 0.969) | test eop gap: 0.0868
100.00% | time:   1.3s (477.0m) | step:   7629 | train acc: 0.996 | train loss: 0.011 |val acc: 0.951 (0.943, 0.965) | val eop gap: 0.0982
begin calculating influence
calculating influence -- done
length of new labels 9194
Use 3511+9194 = 12705 samples.
Files already downloaded and verified
12705 labeled samples and 150065 unlabeled samples. Total: 162770
