Files already downloaded and verified
3255 originally labeled samples, 0 new samples, and 159515 unlabeled samples. Total: 162770
Files already downloaded and verified
1996 originally labeled samples, 0 new samples, and 17966 unlabeled samples. Total: 19962
Numer of layers 200
train net...
train with 162770 samples (with replacement) in one epoch
Epoch 0
  2.62% | time: 104.1s (  1.7m) | step:    200 | train acc: 0.977 | train loss: 0.059 |warm_t acc: 0.841 (0.855, 0.820) | warm_t eod gap: 0.0345
  2.62% | time:   5.9s (  1.8m) | step:    200 | train acc: 0.977 | train loss: 0.059 |warm_v acc: 0.845 (0.858, 0.823) | warm_v eod gap: 0.0321
  5.24% | time:  81.4s (  3.2m) | step:    400 | train acc: 1.000 | train loss: 0.000 |warm_t acc: 0.847 (0.860, 0.827) | warm_t eod gap: 0.0391
  5.24% | time:   1.4s (  3.2m) | step:    400 | train acc: 1.000 | train loss: 0.000 |warm_v acc: 0.857 (0.868, 0.839) | warm_v eod gap: 0.0290
  7.86% | time:  80.6s (  4.6m) | step:    600 | train acc: 1.000 | train loss: 0.000 |warm_t acc: 0.847 (0.859, 0.827) | warm_t eod gap: 0.0376
  7.86% | time:   1.1s (  4.6m) | step:    600 | train acc: 1.000 | train loss: 0.000 |warm_v acc: 0.854 (0.875, 0.820) | warm_v eod gap: 0.0584
  8.32% | time:  21.7s (  4.9m) | step:    635 | train acc: 1.000 | train loss: 0.000 |warm_t acc: 0.847 (0.859, 0.827) | warm_t eod gap: 0.0380
  8.32% | time:   1.4s (  5.0m) | step:    635 | train acc: 1.000 | train loss: 0.000 |warm_v acc: 0.854 (0.871, 0.829) | warm_v eod gap: 0.0463
Epoch 1
 10.95% | time:  81.1s (  6.3m) | step:    835 | train acc: 1.000 | train loss: 0.000 |warm_t acc: 0.847 (0.859, 0.828) | warm_t eod gap: 0.0373
 10.95% | time:   1.4s (  6.3m) | step:    835 | train acc: 1.000 | train loss: 0.000 |warm_v acc: 0.854 (0.881, 0.811) | warm_v eod gap: 0.0723
 13.57% | time:  80.5s (  7.7m) | step:   1035 | train acc: 1.000 | train loss: 0.000 |warm_t acc: 0.847 (0.859, 0.828) | warm_t eod gap: 0.0372
 13.57% | time:   1.5s (  7.7m) | step:   1035 | train acc: 1.000 | train loss: 0.000 |warm_v acc: 0.852 (0.867, 0.828) | warm_v eod gap: 0.0414
 16.19% | time:  79.6s (  9.0m) | step:   1235 | train acc: 1.000 | train loss: 0.000 |warm_t acc: 0.847 (0.859, 0.828) | warm_t eod gap: 0.0374
 16.19% | time:   1.4s (  9.1m) | step:   1235 | train acc: 1.000 | train loss: 0.000 |warm_v acc: 0.848 (0.867, 0.821) | warm_v eod gap: 0.0477
 16.65% | time:  23.2s (  9.4m) | step:   1270 | train acc: 1.000 | train loss: 0.000 |warm_t acc: 0.847 (0.859, 0.828) | warm_t eod gap: 0.0373
 16.65% | time:   1.5s (  9.5m) | step:   1270 | train acc: 1.000 | train loss: 0.000 |warm_v acc: 0.849 (0.861, 0.830) | warm_v eod gap: 0.0334
Epoch 2
 19.28% | time:  77.3s ( 10.8m) | step:   1471 | train acc: 1.000 | train loss: 0.000 |test acc: 0.847 (0.859, 0.828) | test eod gap: 0.0372
 19.28% | time:   1.2s ( 10.8m) | step:   1471 | train acc: 1.000 | train loss: 0.000 |val acc: 0.857 (0.874, 0.831) | val eod gap: 0.0482
begin calculating influence
selected layers: [Traced<ShapedArray(float32[768])>with<DynamicJaxprTrace(level=0/1)>, Traced<ShapedArray(float32[8,8,3,768])>with<DynamicJaxprTrace(level=0/1)>, Traced<ShapedArray(float32[2])>with<DynamicJaxprTrace(level=0/1)>, Traced<ShapedArray(float32[768,2])>with<DynamicJaxprTrace(level=0/1)>]
[Strategy 2] Acc of expected label: 0.848984375
calculating influence -- done
Use 3511 samples. Get 3648 labels. Ratio: 0.9624451754385965
Files already downloaded and verified
3255 originally labeled samples, 256 new samples, and 159259 unlabeled samples. Total: 162770
 21.90% | time: 774.6s ( 23.7m) | step:   1671 | train acc: 0.859 | train loss: 0.278 |test acc: 0.848 (0.856, 0.834) | test eod gap: 0.0370
 21.90% | time:   1.4s ( 23.7m) | step:   1671 | train acc: 0.859 | train loss: 0.278 |val acc: 0.851 (0.875, 0.813) | val eod gap: 0.0745
begin calculating influence
[Strategy 2] Acc of expected label: 0.844921875
calculating influence -- done
Use 3767 samples. Get 4093 labels. Ratio: 0.9203518201807965
Files already downloaded and verified
3255 originally labeled samples, 512 new samples, and 159003 unlabeled samples. Total: 162770
 24.52% | time: 746.2s ( 36.1m) | step:   1871 | train acc: 0.867 | train loss: 0.299 |test acc: 0.845 (0.848, 0.839) | test eod gap: 0.0411
 24.52% | time:   1.3s ( 36.2m) | step:   1871 | train acc: 0.867 | train loss: 0.299 |val acc: 0.857 (0.867, 0.841) | val eod gap: 0.0592
begin calculating influence
[Strategy 2] Acc of expected label: 0.840859375
calculating influence -- done
Use 4023 samples. Get 4410 labels. Ratio: 0.9122448979591836
Files already downloaded and verified
3255 originally labeled samples, 768 new samples, and 158747 unlabeled samples. Total: 162770
 24.98% | time: 698.2s ( 47.8m) | step:   1906 | train acc: 0.969 | train loss: 0.093 |test acc: 0.862 (0.870, 0.849) | test eod gap: 0.0309
 24.98% | time:   1.4s ( 47.8m) | step:   1906 | train acc: 0.969 | train loss: 0.093 |val acc: 0.865 (0.876, 0.847) | val eod gap: 0.0280
begin calculating influence
[Strategy 2] Acc of expected label: 0.8596875
calculating influence -- done
Use 4279 samples. Get 4850 labels. Ratio: 0.8822680412371134
Files already downloaded and verified
3255 originally labeled samples, 1024 new samples, and 158491 unlabeled samples. Total: 162770
Epoch 3
 27.62% | time: 746.9s ( 60.3m) | step:   2107 | train acc: 0.984 | train loss: 0.045 |test acc: 0.854 (0.864, 0.838) | test eod gap: 0.0233
 27.62% | time:   1.3s ( 60.3m) | step:   2107 | train acc: 0.984 | train loss: 0.045 |val acc: 0.862 (0.878, 0.837) | val eod gap: 0.0351
begin calculating influence
[Strategy 2] Acc of expected label: 0.853046875
calculating influence -- done
Use 4535 samples. Get 5183 labels. Ratio: 0.8749758826934207
Files already downloaded and verified
3255 originally labeled samples, 1280 new samples, and 158235 unlabeled samples. Total: 162770
 30.24% | time: 754.6s ( 72.9m) | step:   2307 | train acc: 1.000 | train loss: 0.020 |test acc: 0.855 (0.864, 0.840) | test eod gap: 0.0332
 30.24% | time:   1.5s ( 72.9m) | step:   2307 | train acc: 1.000 | train loss: 0.020 |val acc: 0.865 (0.879, 0.844) | val eod gap: 0.0369
begin calculating influence
[Strategy 2] Acc of expected label: 0.8498046875
calculating influence -- done
Use 4791 samples. Get 5652 labels. Ratio: 0.8476645435244161
Files already downloaded and verified
3255 originally labeled samples, 1536 new samples, and 157979 unlabeled samples. Total: 162770
 32.86% | time: 753.5s ( 85.4m) | step:   2507 | train acc: 0.992 | train loss: 0.017 |test acc: 0.855 (0.865, 0.838) | test eod gap: 0.0268
 32.86% | time:   1.4s ( 85.5m) | step:   2507 | train acc: 0.992 | train loss: 0.017 |val acc: 0.879 (0.896, 0.852) | val eod gap: 0.0365
begin calculating influence
[Strategy 2] Acc of expected label: 0.8573828125
calculating influence -- done
Use 5047 samples. Get 6020 labels. Ratio: 0.8383720930232558
Files already downloaded and verified
3255 originally labeled samples, 1792 new samples, and 157723 unlabeled samples. Total: 162770
 33.32% | time: 702.0s ( 97.2m) | step:   2542 | train acc: 0.992 | train loss: 0.021 |test acc: 0.854 (0.863, 0.841) | test eod gap: 0.0303
 33.32% | time:   1.4s ( 97.2m) | step:   2542 | train acc: 0.992 | train loss: 0.021 |val acc: 0.861 (0.865, 0.854) | val eod gap: 0.0425
begin calculating influence
[Strategy 2] Acc of expected label: 0.8552734375
calculating influence -- done
Use 5303 samples. Get 6453 labels. Ratio: 0.8217883155121649
Files already downloaded and verified
3255 originally labeled samples, 2048 new samples, and 157467 unlabeled samples. Total: 162770
Epoch 4
 35.95% | time: 748.5s (109.7m) | step:   2743 | train acc: 1.000 | train loss: 0.001 |test acc: 0.858 (0.869, 0.840) | test eod gap: 0.0283
 35.95% | time:   1.4s (109.7m) | step:   2743 | train acc: 1.000 | train loss: 0.001 |val acc: 0.865 (0.878, 0.846) | val eod gap: 0.0502
begin calculating influence
[Strategy 2] Acc of expected label: 0.8578125
calculating influence -- done
Use 5559 samples. Get 6880 labels. Ratio: 0.8079941860465116
Files already downloaded and verified
3255 originally labeled samples, 2304 new samples, and 157211 unlabeled samples. Total: 162770
 38.58% | time: 754.9s (122.3m) | step:   2943 | train acc: 0.988 | train loss: 0.036 |test acc: 0.864 (0.874, 0.849) | test eod gap: 0.0303
 38.58% | time:   1.4s (122.3m) | step:   2943 | train acc: 0.988 | train loss: 0.036 |val acc: 0.867 (0.872, 0.860) | val eod gap: 0.0151
begin calculating influence
[Strategy 2] Acc of expected label: 0.864140625
calculating influence -- done
Use 5815 samples. Get 7301 labels. Ratio: 0.7964662375017121
Files already downloaded and verified
3255 originally labeled samples, 2560 new samples, and 156955 unlabeled samples. Total: 162770
 41.20% | time: 755.1s (134.9m) | step:   3143 | train acc: 1.000 | train loss: 0.002 |test acc: 0.856 (0.866, 0.840) | test eod gap: 0.0234
 41.20% | time:   1.4s (134.9m) | step:   3143 | train acc: 1.000 | train loss: 0.002 |val acc: 0.857 (0.876, 0.827) | val eod gap: 0.0402
begin calculating influence
[Strategy 2] Acc of expected label: 0.8578515625
calculating influence -- done
Use 6071 samples. Get 7719 labels. Ratio: 0.7865008420779894
Files already downloaded and verified
3255 originally labeled samples, 2816 new samples, and 156699 unlabeled samples. Total: 162770
 41.66% | time: 702.4s (146.6m) | step:   3178 | train acc: 0.996 | train loss: 0.010 |test acc: 0.857 (0.868, 0.839) | test eod gap: 0.0251
 41.66% | time:   1.5s (146.6m) | step:   3178 | train acc: 0.996 | train loss: 0.010 |val acc: 0.857 (0.867, 0.841) | val eod gap: 0.0165
begin calculating influence
[Strategy 2] Acc of expected label: 0.858515625
calculating influence -- done
Use 6327 samples. Get 8070 labels. Ratio: 0.7840148698884758
Files already downloaded and verified
3255 originally labeled samples, 3072 new samples, and 156443 unlabeled samples. Total: 162770
Epoch 5
 44.29% | time: 748.7s (159.1m) | step:   3379 | train acc: 1.000 | train loss: 0.001 |test acc: 0.865 (0.876, 0.847) | test eod gap: 0.0316
 44.29% | time:   1.5s (159.1m) | step:   3379 | train acc: 1.000 | train loss: 0.001 |val acc: 0.876 (0.883, 0.867) | val eod gap: 0.0254
begin calculating influence
[Strategy 2] Acc of expected label: 0.86734375
calculating influence -- done
Use 6583 samples. Get 8474 labels. Ratio: 0.7768468255841398
Files already downloaded and verified
3255 originally labeled samples, 3328 new samples, and 156187 unlabeled samples. Total: 162770
 46.91% | time: 754.0s (171.7m) | step:   3579 | train acc: 0.996 | train loss: 0.006 |test acc: 0.863 (0.874, 0.846) | test eod gap: 0.0267
 46.91% | time:   1.5s (171.7m) | step:   3579 | train acc: 0.996 | train loss: 0.006 |val acc: 0.879 (0.901, 0.844) | val eod gap: 0.0546
begin calculating influence
[Strategy 2] Acc of expected label: 0.864765625
calculating influence -- done
Use 6839 samples. Get 8869 labels. Ratio: 0.771112865035517
Files already downloaded and verified
3255 originally labeled samples, 3584 new samples, and 155931 unlabeled samples. Total: 162770
 49.53% | time: 756.1s (184.3m) | step:   3779 | train acc: 1.000 | train loss: 0.002 |test acc: 0.868 (0.873, 0.858) | test eod gap: 0.0313
 49.53% | time:   1.4s (184.4m) | step:   3779 | train acc: 1.000 | train loss: 0.002 |val acc: 0.884 (0.892, 0.872) | val eod gap: 0.0359
begin calculating influence
[Strategy 2] Acc of expected label: 0.868359375
calculating influence -- done
Use 7095 samples. Get 9263 labels. Ratio: 0.765950555975386
Files already downloaded and verified
3255 originally labeled samples, 3840 new samples, and 155675 unlabeled samples. Total: 162770
 49.99% | time: 702.8s (196.1m) | step:   3814 | train acc: 1.000 | train loss: 0.002 |test acc: 0.868 (0.878, 0.853) | test eod gap: 0.0363
 49.99% | time:   1.5s (196.1m) | step:   3814 | train acc: 1.000 | train loss: 0.002 |val acc: 0.876 (0.880, 0.870) | val eod gap: 0.0189
begin calculating influence
[Strategy 2] Acc of expected label: 0.8758203125
calculating influence -- done
Use 7351 samples. Get 9677 labels. Ratio: 0.7596362509042058
Files already downloaded and verified
3255 originally labeled samples, 4096 new samples, and 155419 unlabeled samples. Total: 162770
Epoch 6
 52.62% | time: 748.9s (208.6m) | step:   4014 | train acc: 1.000 | train loss: 0.000 |test acc: 0.865 (0.877, 0.847) | test eod gap: 0.0329
 52.62% | time:   1.5s (208.6m) | step:   4014 | train acc: 1.000 | train loss: 0.000 |val acc: 0.875 (0.897, 0.840) | val eod gap: 0.0538
begin calculating influence
[Strategy 2] Acc of expected label: 0.8708203125
calculating influence -- done
Use 7607 samples. Get 10054 labels. Ratio: 0.7566142828724886
Files already downloaded and verified
3255 originally labeled samples, 4352 new samples, and 155163 unlabeled samples. Total: 162770
 55.24% | time: 754.8s (221.2m) | step:   4214 | train acc: 1.000 | train loss: 0.002 |test acc: 0.870 (0.880, 0.853) | test eod gap: 0.0366
 55.24% | time:   1.4s (221.2m) | step:   4214 | train acc: 1.000 | train loss: 0.002 |val acc: 0.882 (0.889, 0.872) | val eod gap: 0.0227
begin calculating influence
[Strategy 2] Acc of expected label: 0.8701171875
calculating influence -- done
Use 7863 samples. Get 10480 labels. Ratio: 0.7502862595419847
Files already downloaded and verified
3255 originally labeled samples, 4608 new samples, and 154907 unlabeled samples. Total: 162770
 57.86% | time: 755.5s (233.8m) | step:   4414 | train acc: 1.000 | train loss: 0.005 |test acc: 0.859 (0.873, 0.838) | test eod gap: 0.0287
 57.86% | time:   1.6s (233.8m) | step:   4414 | train acc: 1.000 | train loss: 0.005 |val acc: 0.872 (0.886, 0.850) | val eod gap: 0.0253
begin calculating influence
[Strategy 2] Acc of expected label: 0.8621875
calculating influence -- done
Use 8119 samples. Get 10837 labels. Ratio: 0.7491925809725939
Files already downloaded and verified
3255 originally labeled samples, 4864 new samples, and 154651 unlabeled samples. Total: 162770
 58.32% | time: 703.2s (245.5m) | step:   4449 | train acc: 1.000 | train loss: 0.001 |test acc: 0.871 (0.882, 0.853) | test eod gap: 0.0292
 58.32% | time:   1.4s (245.6m) | step:   4449 | train acc: 1.000 | train loss: 0.001 |val acc: 0.887 (0.909, 0.852) | val eod gap: 0.0572
begin calculating influence
[Strategy 2] Acc of expected label: 0.8725390625
calculating influence -- done
Use 8375 samples. Get 11197 labels. Ratio: 0.7479682057694025
Files already downloaded and verified
3255 originally labeled samples, 5120 new samples, and 154395 unlabeled samples. Total: 162770
Epoch 7
 60.95% | time: 750.5s (258.1m) | step:   4650 | train acc: 1.000 | train loss: 0.005 |test acc: 0.862 (0.872, 0.846) | test eod gap: 0.0320
 60.95% | time:   1.5s (258.1m) | step:   4650 | train acc: 1.000 | train loss: 0.005 |val acc: 0.867 (0.884, 0.839) | val eod gap: 0.0464
begin calculating influence
[Strategy 2] Acc of expected label: 0.8651953125
calculating influence -- done
Use 8631 samples. Get 11605 labels. Ratio: 0.7437311503662215
Files already downloaded and verified
3255 originally labeled samples, 5376 new samples, and 154139 unlabeled samples. Total: 162770
 63.57% | time: 756.2s (270.7m) | step:   4850 | train acc: 1.000 | train loss: 0.000 |test acc: 0.874 (0.884, 0.860) | test eod gap: 0.0373
 63.57% | time:   1.5s (270.7m) | step:   4850 | train acc: 1.000 | train loss: 0.000 |val acc: 0.882 (0.886, 0.876) | val eod gap: 0.0185
begin calculating influence
[Strategy 2] Acc of expected label: 0.876875
calculating influence -- done
Use 8887 samples. Get 11994 labels. Ratio: 0.7409538102384525
Files already downloaded and verified
3255 originally labeled samples, 5632 new samples, and 153883 unlabeled samples. Total: 162770
 66.19% | time: 756.1s (283.3m) | step:   5050 | train acc: 0.938 | train loss: 0.154 |test acc: 0.854 (0.853, 0.854) | test eod gap: 0.0331
 66.19% | time:   1.4s (283.4m) | step:   5050 | train acc: 0.938 | train loss: 0.154 |val acc: 0.863 (0.863, 0.864) | val eod gap: 0.0288
begin calculating influence
[Strategy 2] Acc of expected label: 0.856015625
calculating influence -- done
Use 9143 samples. Get 12339 labels. Ratio: 0.7409838722749007
Files already downloaded and verified
3255 originally labeled samples, 5888 new samples, and 153627 unlabeled samples. Total: 162770
 66.65% | time: 703.0s (295.1m) | step:   5085 | train acc: 1.000 | train loss: 0.001 |test acc: 0.871 (0.881, 0.855) | test eod gap: 0.0362
 66.65% | time:   1.3s (295.1m) | step:   5085 | train acc: 1.000 | train loss: 0.001 |val acc: 0.882 (0.892, 0.865) | val eod gap: 0.0365
begin calculating influence
[Strategy 2] Acc of expected label: 0.874921875
calculating influence -- done
Use 9399 samples. Get 12716 labels. Ratio: 0.739147530670022
Files already downloaded and verified
3255 originally labeled samples, 6144 new samples, and 153371 unlabeled samples. Total: 162770
Epoch 8
 69.29% | time: 751.9s (307.6m) | step:   5286 | train acc: 1.000 | train loss: 0.000 |test acc: 0.873 (0.883, 0.857) | test eod gap: 0.0336
 69.29% | time:   1.5s (307.7m) | step:   5286 | train acc: 1.000 | train loss: 0.000 |val acc: 0.884 (0.893, 0.871) | val eod gap: 0.0244
begin calculating influence
[Strategy 2] Acc of expected label: 0.879140625
calculating influence -- done
Use 9655 samples. Get 13136 labels. Ratio: 0.7350030450669914
Files already downloaded and verified
3255 originally labeled samples, 6400 new samples, and 153115 unlabeled samples. Total: 162770
 71.91% | time: 755.8s (320.3m) | step:   5486 | train acc: 0.996 | train loss: 0.008 |test acc: 0.855 (0.870, 0.830) | test eod gap: 0.0243
 71.91% | time:   1.4s (320.3m) | step:   5486 | train acc: 0.996 | train loss: 0.008 |val acc: 0.870 (0.883, 0.849) | val eod gap: 0.0165
begin calculating influence
[Strategy 2] Acc of expected label: 0.859609375
calculating influence -- done
Use 9911 samples. Get 13470 labels. Ratio: 0.7357832219747588
Files already downloaded and verified
3255 originally labeled samples, 6656 new samples, and 152859 unlabeled samples. Total: 162770
 74.53% | time: 758.3s (332.9m) | step:   5686 | train acc: 1.000 | train loss: 0.000 |test acc: 0.873 (0.885, 0.855) | test eod gap: 0.0358
 74.53% | time:   1.3s (332.9m) | step:   5686 | train acc: 1.000 | train loss: 0.000 |val acc: 0.885 (0.903, 0.857) | val eod gap: 0.0488
begin calculating influence
[Strategy 2] Acc of expected label: 0.8742578125
calculating influence -- done
Use 10167 samples. Get 13845 labels. Ratio: 0.7343445287107259
Files already downloaded and verified
3255 originally labeled samples, 6912 new samples, and 152603 unlabeled samples. Total: 162770
 74.99% | time: 704.5s (344.7m) | step:   5721 | train acc: 1.000 | train loss: 0.000 |test acc: 0.875 (0.885, 0.859) | test eod gap: 0.0367
 74.99% | time:   1.3s (344.7m) | step:   5721 | train acc: 1.000 | train loss: 0.000 |val acc: 0.878 (0.891, 0.856) | val eod gap: 0.0425
begin calculating influence
[Strategy 2] Acc of expected label: 0.876953125
calculating influence -- done
Use 10423 samples. Get 14248 labels. Ratio: 0.731541268950028
Files already downloaded and verified
3255 originally labeled samples, 7168 new samples, and 152347 unlabeled samples. Total: 162770
Epoch 9
 77.62% | time: 760.0s (357.4m) | step:   5922 | train acc: 1.000 | train loss: 0.005 |test acc: 0.853 (0.869, 0.828) | test eod gap: 0.0232
 77.62% | time:   1.5s (357.4m) | step:   5922 | train acc: 1.000 | train loss: 0.005 |val acc: 0.868 (0.886, 0.841) | val eod gap: 0.0281
begin calculating influence
[Strategy 2] Acc of expected label: 0.862421875
calculating influence -- done
Use 10679 samples. Get 14551 labels. Ratio: 0.73390145007216
Files already downloaded and verified
3255 originally labeled samples, 7424 new samples, and 152091 unlabeled samples. Total: 162770
 80.25% | time: 749.0s (369.9m) | step:   6122 | train acc: 1.000 | train loss: 0.001 |test acc: 0.872 (0.884, 0.854) | test eod gap: 0.0325
 80.25% | time:   1.5s (369.9m) | step:   6122 | train acc: 1.000 | train loss: 0.001 |val acc: 0.876 (0.893, 0.849) | val eod gap: 0.0445
begin calculating influence
[Strategy 2] Acc of expected label: 0.87609375
calculating influence -- done
Use 10935 samples. Get 14958 labels. Ratio: 0.7310469314079422
Files already downloaded and verified
3255 originally labeled samples, 7680 new samples, and 151835 unlabeled samples. Total: 162770
 82.87% | time: 757.6s (382.5m) | step:   6322 | train acc: 1.000 | train loss: 0.002 |test acc: 0.874 (0.885, 0.857) | test eod gap: 0.0300
 82.87% | time:   1.5s (382.6m) | step:   6322 | train acc: 1.000 | train loss: 0.002 |val acc: 0.889 (0.906, 0.865) | val eod gap: 0.0415
begin calculating influence
[Strategy 2] Acc of expected label: 0.88
calculating influence -- done
Use 11191 samples. Get 15327 labels. Ratio: 0.7301494095387225
Files already downloaded and verified
3255 originally labeled samples, 7936 new samples, and 151579 unlabeled samples. Total: 162770
 83.33% | time: 705.1s (394.3m) | step:   6357 | train acc: 1.000 | train loss: 0.002 |test acc: 0.867 (0.868, 0.864) | test eod gap: 0.0269
 83.33% | time:   1.4s (394.3m) | step:   6357 | train acc: 1.000 | train loss: 0.002 |val acc: 0.889 (0.899, 0.873) | val eod gap: 0.0465
begin calculating influence
[Strategy 2] Acc of expected label: 0.8725390625
calculating influence -- done
Use 11447 samples. Get 15660 labels. Ratio: 0.730970625798212
Files already downloaded and verified
3255 originally labeled samples, 8192 new samples, and 151323 unlabeled samples. Total: 162770
Epoch 10
 85.96% | time: 766.0s (407.1m) | step:   6558 | train acc: 1.000 | train loss: 0.000 |test acc: 0.876 (0.888, 0.855) | test eod gap: 0.0375
 85.96% | time:   1.5s (407.1m) | step:   6558 | train acc: 1.000 | train loss: 0.000 |val acc: 0.883 (0.900, 0.858) | val eod gap: 0.0403
begin calculating influence
[Strategy 2] Acc of expected label: 0.88046875
calculating influence -- done
Use 11703 samples. Get 16031 labels. Ratio: 0.7300230802819537
Files already downloaded and verified
3255 originally labeled samples, 8448 new samples, and 151067 unlabeled samples. Total: 162770
 88.58% | time: 759.4s (419.8m) | step:   6758 | train acc: 1.000 | train loss: 0.000 |test acc: 0.878 (0.887, 0.865) | test eod gap: 0.0320
 88.58% | time:   1.4s (419.8m) | step:   6758 | train acc: 1.000 | train loss: 0.000 |val acc: 0.896 (0.904, 0.882) | val eod gap: 0.0314
begin calculating influence
[Strategy 2] Acc of expected label: 0.88078125
calculating influence -- done
Use 11946 samples. Get 16420 labels. Ratio: 0.7275274056029233
Files already downloaded and verified
3255 originally labeled samples, 8691 new samples, and 150824 unlabeled samples. Total: 162770
 91.20% | time: 759.1s (432.4m) | step:   6958 | train acc: 1.000 | train loss: 0.001 |test acc: 0.871 (0.874, 0.866) | test eod gap: 0.0282
 91.20% | time:   1.4s (432.5m) | step:   6958 | train acc: 1.000 | train loss: 0.001 |val acc: 0.882 (0.889, 0.871) | val eod gap: 0.0413
begin calculating influence
[Strategy 2] Acc of expected label: 0.8745703125
calculating influence -- done
Use 12202 samples. Get 16770 labels. Ratio: 0.7276088252832439
Files already downloaded and verified
3255 originally labeled samples, 8947 new samples, and 150568 unlabeled samples. Total: 162770
 91.66% | time: 700.0s (444.1m) | step:   6993 | train acc: 1.000 | train loss: 0.001 |test acc: 0.874 (0.879, 0.866) | test eod gap: 0.0327
 91.66% | time:   1.6s (444.2m) | step:   6993 | train acc: 1.000 | train loss: 0.001 |val acc: 0.879 (0.883, 0.873) | val eod gap: 0.0323
begin calculating influence
[Strategy 2] Acc of expected label: 0.8784765625
calculating influence -- done
Use 12458 samples. Get 17097 labels. Ratio: 0.7286658478095572
Files already downloaded and verified
3255 originally labeled samples, 9203 new samples, and 150312 unlabeled samples. Total: 162770
Epoch 11
 94.30% | time: 759.3s (456.8m) | step:   7194 | train acc: 1.000 | train loss: 0.001 |test acc: 0.875 (0.881, 0.865) | test eod gap: 0.0309
 94.30% | time:   1.4s (456.8m) | step:   7194 | train acc: 1.000 | train loss: 0.001 |val acc: 0.885 (0.898, 0.865) | val eod gap: 0.0454
begin calculating influence
[Strategy 2] Acc of expected label: 0.879921875
calculating influence -- done
Use 12714 samples. Get 17466 labels. Ratio: 0.7279285468911028
Files already downloaded and verified
3255 originally labeled samples, 9459 new samples, and 150056 unlabeled samples. Total: 162770
 96.92% | time: 760.4s (469.5m) | step:   7394 | train acc: 0.996 | train loss: 0.010 |test acc: 0.870 (0.881, 0.852) | test eod gap: 0.0232
 96.92% | time:   1.4s (469.5m) | step:   7394 | train acc: 0.996 | train loss: 0.010 |val acc: 0.880 (0.892, 0.861) | val eod gap: 0.0209
begin calculating influence
[Strategy 2] Acc of expected label: 0.87828125
calculating influence -- done
Use 12970 samples. Get 17843 labels. Ratio: 0.7268957013955052
Files already downloaded and verified
3255 originally labeled samples, 9715 new samples, and 149800 unlabeled samples. Total: 162770
 99.54% | time: 759.8s (482.2m) | step:   7594 | train acc: 0.996 | train loss: 0.008 |test acc: 0.874 (0.880, 0.864) | test eod gap: 0.0355
 99.54% | time:   1.5s (482.2m) | step:   7594 | train acc: 0.996 | train loss: 0.008 |val acc: 0.880 (0.881, 0.879) | val eod gap: 0.0219
begin calculating influence
[Strategy 2] Acc of expected label: 0.87984375
calculating influence -- done
Use 13226 samples. Get 18205 labels. Ratio: 0.72650370777259
Files already downloaded and verified
3255 originally labeled samples, 9971 new samples, and 149544 unlabeled samples. Total: 162770
100.00% | time: 700.8s (493.9m) | step:   7629 | train acc: 1.000 | train loss: 0.000 |test acc: 0.880 (0.888, 0.867) | test eod gap: 0.0315
100.00% | time:   1.4s (493.9m) | step:   7629 | train acc: 1.000 | train loss: 0.000 |val acc: 0.894 (0.901, 0.882) | val eod gap: 0.0218
begin calculating influence
[Strategy 2] Acc of expected label: 0.885078125
calculating influence -- done
Use 13482 samples. Get 18609 labels. Ratio: 0.7244881508947284
Files already downloaded and verified
3255 originally labeled samples, 10227 new samples, and 149288 unlabeled samples. Total: 162770
