Files already downloaded and verified
3255 originally labeled samples, 0 new samples, and 159515 unlabeled samples. Total: 162770
Files already downloaded and verified
1996 originally labeled samples, 0 new samples, and 17966 unlabeled samples. Total: 19962
Numer of layers 200
train net...
train with 162770 samples (with replacement) in one epoch
Epoch 0
  2.62% | time:  94.7s (  1.6m) | step:    200 | train acc: 0.977 | train loss: 0.059 |warm_t acc: 0.841 (0.855, 0.820) | warm_t eop gap: 0.0539
  2.62% | time:   5.7s (  1.7m) | step:    200 | train acc: 0.977 | train loss: 0.059 |warm_v acc: 0.845 (0.858, 0.823) | warm_v eop gap: 0.0374
  5.24% | time:  76.7s (  3.0m) | step:    400 | train acc: 1.000 | train loss: 0.000 |warm_t acc: 0.847 (0.860, 0.827) | warm_t eop gap: 0.0622
  5.24% | time:   1.2s (  3.0m) | step:    400 | train acc: 1.000 | train loss: 0.000 |warm_v acc: 0.857 (0.868, 0.839) | warm_v eop gap: 0.0469
  7.86% | time:  78.9s (  4.3m) | step:    600 | train acc: 1.000 | train loss: 0.000 |warm_t acc: 0.847 (0.859, 0.827) | warm_t eop gap: 0.0605
  7.86% | time:   1.5s (  4.3m) | step:    600 | train acc: 1.000 | train loss: 0.000 |warm_v acc: 0.854 (0.875, 0.820) | warm_v eop gap: 0.0792
  8.32% | time:  19.8s (  4.6m) | step:    635 | train acc: 1.000 | train loss: 0.000 |warm_t acc: 0.847 (0.859, 0.827) | warm_t eop gap: 0.0606
  8.32% | time:   1.4s (  4.7m) | step:    635 | train acc: 1.000 | train loss: 0.000 |warm_v acc: 0.854 (0.871, 0.829) | warm_v eop gap: 0.0627
Epoch 1
 10.95% | time:  75.2s (  5.9m) | step:    835 | train acc: 1.000 | train loss: 0.000 |warm_t acc: 0.847 (0.859, 0.828) | warm_t eop gap: 0.0601
 10.95% | time:   1.5s (  5.9m) | step:    835 | train acc: 1.000 | train loss: 0.000 |warm_v acc: 0.854 (0.881, 0.811) | warm_v eop gap: 0.0943
 13.57% | time:  75.2s (  7.2m) | step:   1035 | train acc: 1.000 | train loss: 0.000 |warm_t acc: 0.847 (0.859, 0.828) | warm_t eop gap: 0.0611
 13.57% | time:   1.4s (  7.2m) | step:   1035 | train acc: 1.000 | train loss: 0.000 |warm_v acc: 0.852 (0.867, 0.828) | warm_v eop gap: 0.0661
 16.19% | time:  75.8s (  8.5m) | step:   1235 | train acc: 1.000 | train loss: 0.000 |warm_t acc: 0.847 (0.859, 0.828) | warm_t eop gap: 0.0609
 16.19% | time:   1.4s (  8.5m) | step:   1235 | train acc: 1.000 | train loss: 0.000 |warm_v acc: 0.848 (0.867, 0.821) | warm_v eop gap: 0.0810
 16.65% | time:  24.2s (  8.9m) | step:   1270 | train acc: 1.000 | train loss: 0.000 |warm_t acc: 0.847 (0.859, 0.828) | warm_t eop gap: 0.0607
 16.65% | time:   1.3s (  8.9m) | step:   1270 | train acc: 1.000 | train loss: 0.000 |warm_v acc: 0.849 (0.861, 0.830) | warm_v eop gap: 0.0518
Epoch 2
 19.28% | time:  71.6s ( 10.1m) | step:   1471 | train acc: 1.000 | train loss: 0.000 |test acc: 0.847 (0.859, 0.828) | test eop gap: 0.0606
 19.28% | time:   1.5s ( 10.1m) | step:   1471 | train acc: 1.000 | train loss: 0.000 |val acc: 0.857 (0.874, 0.831) | val eop gap: 0.0841
begin calculating influence
selected layers: [Traced<ShapedArray(float32[768])>with<DynamicJaxprTrace(level=0/1)>, Traced<ShapedArray(float32[8,8,3,768])>with<DynamicJaxprTrace(level=0/1)>, Traced<ShapedArray(float32[2])>with<DynamicJaxprTrace(level=0/1)>, Traced<ShapedArray(float32[768,2])>with<DynamicJaxprTrace(level=0/1)>]
[Strategy 5] Acc of expected label: 0.848984375
calculating influence -- done
Use 3511 samples. Get 3672 labels. Ratio: 0.9561546840958606
Files already downloaded and verified
3255 originally labeled samples, 256 new samples, and 159259 unlabeled samples. Total: 162770
 21.90% | time: 759.9s ( 22.8m) | step:   1671 | train acc: 1.000 | train loss: 0.021 |test acc: 0.605 (0.655, 0.526) | test eop gap: 0.0097
 21.90% | time:   1.5s ( 22.8m) | step:   1671 | train acc: 1.000 | train loss: 0.021 |val acc: 0.624 (0.678, 0.543) | val eop gap: 0.0200
begin calculating influence
[Strategy 5] Acc of expected label: 0.5913671875
calculating influence -- done
Use 3511 samples. Get 3672 labels. Ratio: 0.9561546840958606
Files already downloaded and verified
3255 originally labeled samples, 256 new samples, and 159259 unlabeled samples. Total: 162770
 24.52% | time: 766.1s ( 35.6m) | step:   1871 | train acc: 1.000 | train loss: 0.005 |test acc: 0.742 (0.770, 0.698) | test eop gap: 0.0071
 24.52% | time:   1.6s ( 35.6m) | step:   1871 | train acc: 1.000 | train loss: 0.005 |val acc: 0.761 (0.793, 0.711) | val eop gap: 0.0087
begin calculating influence
[Strategy 5] Acc of expected label: 0.737578125
calculating influence -- done
Use 3559 samples. Get 3725 labels. Ratio: 0.9554362416107383
Files already downloaded and verified
3255 originally labeled samples, 304 new samples, and 159211 unlabeled samples. Total: 162770
 24.98% | time: 693.1s ( 47.2m) | step:   1906 | train acc: 0.965 | train loss: 0.084 |test acc: 0.612 (0.665, 0.528) | test eop gap: 0.0038
 24.98% | time:   1.1s ( 47.2m) | step:   1906 | train acc: 0.965 | train loss: 0.084 |val acc: 0.610 (0.678, 0.504) | val eop gap: 0.0162
begin calculating influence
[Strategy 5] Acc of expected label: 0.597109375
calculating influence -- done
Use 3596 samples. Get 3767 labels. Ratio: 0.9546057870984869
Files already downloaded and verified
3255 originally labeled samples, 341 new samples, and 159174 unlabeled samples. Total: 162770
Epoch 3
 27.62% | time: 751.3s ( 59.7m) | step:   2107 | train acc: 0.992 | train loss: 0.021 |test acc: 0.720 (0.762, 0.652) | test eop gap: 0.0027
 27.62% | time:   1.4s ( 59.7m) | step:   2107 | train acc: 0.992 | train loss: 0.021 |val acc: 0.738 (0.785, 0.666) | val eop gap: 0.0270
begin calculating influence
[Strategy 5] Acc of expected label: 0.7182421875
calculating influence -- done
Use 3751 samples. Get 3946 labels. Ratio: 0.9505828687278256
Files already downloaded and verified
3255 originally labeled samples, 496 new samples, and 159019 unlabeled samples. Total: 162770
 30.24% | time: 764.7s ( 72.5m) | step:   2307 | train acc: 1.000 | train loss: 0.010 |test acc: 0.820 (0.826, 0.812) | test eop gap: 0.0011
 30.24% | time:   1.4s ( 72.5m) | step:   2307 | train acc: 1.000 | train loss: 0.010 |val acc: 0.834 (0.839, 0.826) | val eop gap: 0.0006
begin calculating influence
[Strategy 5] Acc of expected label: 0.8191015625
calculating influence -- done
Use 4007 samples. Get 4279 labels. Ratio: 0.9364337462023837
Files already downloaded and verified
3255 originally labeled samples, 752 new samples, and 158763 unlabeled samples. Total: 162770
 32.86% | time: 752.1s ( 85.1m) | step:   2507 | train acc: 1.000 | train loss: 0.008 |test acc: 0.858 (0.872, 0.835) | test eop gap: 0.0112
 32.86% | time:   1.5s ( 85.1m) | step:   2507 | train acc: 1.000 | train loss: 0.008 |val acc: 0.871 (0.896, 0.832) | val eop gap: 0.0373
begin calculating influence
[Strategy 5] Acc of expected label: 0.8589453125
calculating influence -- done
Use 4263 samples. Get 4589 labels. Ratio: 0.9289605578557419
Files already downloaded and verified
3255 originally labeled samples, 1008 new samples, and 158507 unlabeled samples. Total: 162770
 33.32% | time: 696.2s ( 96.7m) | step:   2542 | train acc: 1.000 | train loss: 0.018 |test acc: 0.861 (0.872, 0.844) | test eop gap: 0.0114
 33.32% | time:   1.2s ( 96.7m) | step:   2542 | train acc: 1.000 | train loss: 0.018 |val acc: 0.877 (0.902, 0.836) | val eop gap: 0.0288
begin calculating influence
[Strategy 5] Acc of expected label: 0.8609375
calculating influence -- done
Use 4519 samples. Get 4987 labels. Ratio: 0.906156005614598
Files already downloaded and verified
3255 originally labeled samples, 1264 new samples, and 158251 unlabeled samples. Total: 162770
Epoch 4
 35.95% | time: 748.2s (109.2m) | step:   2743 | train acc: 0.996 | train loss: 0.022 |test acc: 0.866 (0.879, 0.846) | test eop gap: 0.0085
 35.95% | time:   1.4s (109.2m) | step:   2743 | train acc: 0.996 | train loss: 0.022 |val acc: 0.866 (0.892, 0.825) | val eop gap: 0.0279
begin calculating influence
[Strategy 5] Acc of expected label: 0.8645703125
calculating influence -- done
Use 4775 samples. Get 5355 labels. Ratio: 0.8916900093370682
Files already downloaded and verified
3255 originally labeled samples, 1520 new samples, and 157995 unlabeled samples. Total: 162770
 38.58% | time: 751.8s (121.7m) | step:   2943 | train acc: 1.000 | train loss: 0.006 |test acc: 0.866 (0.880, 0.845) | test eop gap: 0.0213
 38.58% | time:   1.4s (121.7m) | step:   2943 | train acc: 1.000 | train loss: 0.006 |val acc: 0.868 (0.894, 0.828) | val eop gap: 0.0740
begin calculating influence
[Strategy 5] Acc of expected label: 0.8669140625
calculating influence -- done
Use 5031 samples. Get 5730 labels. Ratio: 0.8780104712041885
Files already downloaded and verified
3255 originally labeled samples, 1776 new samples, and 157739 unlabeled samples. Total: 162770
 41.20% | time: 745.9s (134.2m) | step:   3143 | train acc: 1.000 | train loss: 0.005 |test acc: 0.867 (0.882, 0.843) | test eop gap: 0.0209
 41.20% | time:   1.4s (134.2m) | step:   3143 | train acc: 1.000 | train loss: 0.005 |val acc: 0.880 (0.901, 0.847) | val eop gap: 0.0581
begin calculating influence
[Strategy 5] Acc of expected label: 0.8688671875
calculating influence -- done
Use 5287 samples. Get 6134 labels. Ratio: 0.8619171829149006
Files already downloaded and verified
3255 originally labeled samples, 2032 new samples, and 157483 unlabeled samples. Total: 162770
 41.66% | time: 699.8s (145.9m) | step:   3178 | train acc: 1.000 | train loss: 0.006 |test acc: 0.871 (0.885, 0.850) | test eop gap: 0.0151
 41.66% | time:   1.4s (145.9m) | step:   3178 | train acc: 1.000 | train loss: 0.006 |val acc: 0.880 (0.896, 0.855) | val eop gap: 0.0114
begin calculating influence
[Strategy 5] Acc of expected label: 0.8722265625
calculating influence -- done
Use 5543 samples. Get 6513 labels. Ratio: 0.8510670965760786
Files already downloaded and verified
3255 originally labeled samples, 2288 new samples, and 157227 unlabeled samples. Total: 162770
Epoch 5
 44.29% | time: 745.1s (158.3m) | step:   3379 | train acc: 1.000 | train loss: 0.006 |test acc: 0.872 (0.884, 0.853) | test eop gap: 0.0255
 44.29% | time:   1.3s (158.3m) | step:   3379 | train acc: 1.000 | train loss: 0.006 |val acc: 0.883 (0.907, 0.845) | val eop gap: 0.0366
begin calculating influence
[Strategy 5] Acc of expected label: 0.875625
calculating influence -- done
Use 5799 samples. Get 6907 labels. Ratio: 0.8395830317069639
Files already downloaded and verified
3255 originally labeled samples, 2544 new samples, and 156971 unlabeled samples. Total: 162770
 46.91% | time: 753.8s (170.9m) | step:   3579 | train acc: 1.000 | train loss: 0.021 |test acc: 0.878 (0.889, 0.861) | test eop gap: 0.0232
 46.91% | time:   1.3s (170.9m) | step:   3579 | train acc: 1.000 | train loss: 0.021 |val acc: 0.893 (0.907, 0.869) | val eop gap: 0.0533
begin calculating influence
[Strategy 5] Acc of expected label: 0.878671875
calculating influence -- done
Use 6055 samples. Get 7244 labels. Ratio: 0.8358641634456102
Files already downloaded and verified
3255 originally labeled samples, 2800 new samples, and 156715 unlabeled samples. Total: 162770
 49.53% | time: 758.8s (183.6m) | step:   3779 | train acc: 0.953 | train loss: 0.118 |test acc: 0.877 (0.888, 0.860) | test eop gap: 0.0149
 49.53% | time:   1.5s (183.6m) | step:   3779 | train acc: 0.953 | train loss: 0.118 |val acc: 0.884 (0.896, 0.865) | val eop gap: 0.0169
begin calculating influence
[Strategy 5] Acc of expected label: 0.8784375
calculating influence -- done
Use 6311 samples. Get 7637 labels. Ratio: 0.8263716118894854
Files already downloaded and verified
3255 originally labeled samples, 3056 new samples, and 156459 unlabeled samples. Total: 162770
 49.99% | time: 696.8s (195.2m) | step:   3814 | train acc: 0.992 | train loss: 0.024 |test acc: 0.879 (0.887, 0.867) | test eop gap: 0.0177
 49.99% | time:   1.1s (195.2m) | step:   3814 | train acc: 0.992 | train loss: 0.024 |val acc: 0.896 (0.908, 0.876) | val eop gap: 0.0331
begin calculating influence
[Strategy 5] Acc of expected label: 0.87796875
calculating influence -- done
Use 6567 samples. Get 8065 labels. Ratio: 0.814259144451333
Files already downloaded and verified
3255 originally labeled samples, 3312 new samples, and 156203 unlabeled samples. Total: 162770
Epoch 6
 52.62% | time: 757.9s (207.8m) | step:   4014 | train acc: 1.000 | train loss: 0.002 |test acc: 0.878 (0.890, 0.860) | test eop gap: 0.0169
 52.62% | time:   1.4s (207.9m) | step:   4014 | train acc: 1.000 | train loss: 0.002 |val acc: 0.891 (0.908, 0.864) | val eop gap: 0.0426
begin calculating influence
[Strategy 5] Acc of expected label: 0.877421875
calculating influence -- done
Use 6823 samples. Get 8435 labels. Ratio: 0.808891523414345
Files already downloaded and verified
3255 originally labeled samples, 3568 new samples, and 155947 unlabeled samples. Total: 162770
 55.24% | time: 758.5s (220.5m) | step:   4214 | train acc: 1.000 | train loss: 0.009 |test acc: 0.883 (0.894, 0.867) | test eop gap: 0.0206
 55.24% | time:   1.4s (220.5m) | step:   4214 | train acc: 1.000 | train loss: 0.009 |val acc: 0.894 (0.904, 0.878) | val eop gap: 0.0348
begin calculating influence
[Strategy 5] Acc of expected label: 0.8825
calculating influence -- done
Use 6955 samples. Get 8601 labels. Ratio: 0.8086269038483898
Files already downloaded and verified
3255 originally labeled samples, 3700 new samples, and 155815 unlabeled samples. Total: 162770
 57.86% | time: 757.5s (233.2m) | step:   4414 | train acc: 1.000 | train loss: 0.002 |test acc: 0.884 (0.893, 0.870) | test eop gap: 0.0210
 57.86% | time:   1.4s (233.2m) | step:   4414 | train acc: 1.000 | train loss: 0.002 |val acc: 0.894 (0.909, 0.871) | val eop gap: 0.0447
begin calculating influence
[Strategy 5] Acc of expected label: 0.8809765625
calculating influence -- done
Use 7211 samples. Get 8966 labels. Ratio: 0.8042605398170868
Files already downloaded and verified
3255 originally labeled samples, 3956 new samples, and 155559 unlabeled samples. Total: 162770
 58.32% | time: 699.5s (244.8m) | step:   4449 | train acc: 0.996 | train loss: 0.021 |test acc: 0.883 (0.891, 0.869) | test eop gap: 0.0171
 58.32% | time:   1.4s (244.9m) | step:   4449 | train acc: 0.996 | train loss: 0.021 |val acc: 0.895 (0.910, 0.872) | val eop gap: 0.0539
begin calculating influence
[Strategy 5] Acc of expected label: 0.8823828125
calculating influence -- done
Use 7467 samples. Get 9387 labels. Ratio: 0.7954618088846277
Files already downloaded and verified
3255 originally labeled samples, 4212 new samples, and 155303 unlabeled samples. Total: 162770
Epoch 7
 60.95% | time: 756.0s (257.5m) | step:   4650 | train acc: 1.000 | train loss: 0.003 |test acc: 0.882 (0.892, 0.865) | test eop gap: 0.0260
 60.95% | time:   1.4s (257.5m) | step:   4650 | train acc: 1.000 | train loss: 0.003 |val acc: 0.891 (0.906, 0.866) | val eop gap: 0.0299
begin calculating influence
[Strategy 5] Acc of expected label: 0.8823046875
calculating influence -- done
Use 7723 samples. Get 9782 labels. Ratio: 0.7895113473727254
Files already downloaded and verified
3255 originally labeled samples, 4468 new samples, and 155047 unlabeled samples. Total: 162770
 63.57% | time: 755.6s (270.1m) | step:   4850 | train acc: 1.000 | train loss: 0.009 |test acc: 0.885 (0.894, 0.870) | test eop gap: 0.0217
 63.57% | time:   1.5s (270.1m) | step:   4850 | train acc: 1.000 | train loss: 0.009 |val acc: 0.891 (0.899, 0.879) | val eop gap: 0.0287
begin calculating influence
[Strategy 5] Acc of expected label: 0.88421875
calculating influence -- done
Use 7979 samples. Get 10186 labels. Ratio: 0.7833300608678578
Files already downloaded and verified
3255 originally labeled samples, 4724 new samples, and 154791 unlabeled samples. Total: 162770
 66.19% | time: 753.8s (282.7m) | step:   5050 | train acc: 1.000 | train loss: 0.003 |test acc: 0.886 (0.894, 0.874) | test eop gap: 0.0245
 66.19% | time:   1.5s (282.7m) | step:   5050 | train acc: 1.000 | train loss: 0.003 |val acc: 0.890 (0.903, 0.869) | val eop gap: 0.0639
begin calculating influence
[Strategy 5] Acc of expected label: 0.88609375
calculating influence -- done
Use 8235 samples. Get 10634 labels. Ratio: 0.774402858754937
Files already downloaded and verified
3255 originally labeled samples, 4980 new samples, and 154535 unlabeled samples. Total: 162770
 66.65% | time: 694.0s (294.3m) | step:   5085 | train acc: 0.973 | train loss: 0.088 |test acc: 0.886 (0.894, 0.874) | test eop gap: 0.0236
 66.65% | time:   1.6s (294.3m) | step:   5085 | train acc: 0.973 | train loss: 0.088 |val acc: 0.902 (0.917, 0.880) | val eop gap: 0.0502
begin calculating influence
[Strategy 5] Acc of expected label: 0.888125
calculating influence -- done
Use 8475 samples. Get 10971 labels. Ratio: 0.772491112934099
Files already downloaded and verified
3255 originally labeled samples, 5220 new samples, and 154295 unlabeled samples. Total: 162770
Epoch 8
 69.29% | time: 753.9s (306.9m) | step:   5286 | train acc: 1.000 | train loss: 0.005 |test acc: 0.887 (0.894, 0.876) | test eop gap: 0.0254
 69.29% | time:   1.3s (306.9m) | step:   5286 | train acc: 1.000 | train loss: 0.005 |val acc: 0.896 (0.914, 0.868) | val eop gap: 0.0855
begin calculating influence
[Strategy 5] Acc of expected label: 0.8864453125
calculating influence -- done
Use 8731 samples. Get 11287 labels. Ratio: 0.7735447860370338
Files already downloaded and verified
3255 originally labeled samples, 5476 new samples, and 154039 unlabeled samples. Total: 162770
 71.91% | time: 752.3s (319.4m) | step:   5486 | train acc: 0.996 | train loss: 0.011 |test acc: 0.885 (0.893, 0.872) | test eop gap: 0.0192
 71.91% | time:   1.3s (319.4m) | step:   5486 | train acc: 0.996 | train loss: 0.011 |val acc: 0.892 (0.904, 0.873) | val eop gap: 0.0384
begin calculating influence
[Strategy 5] Acc of expected label: 0.8878515625
calculating influence -- done
Use 8987 samples. Get 11716 labels. Ratio: 0.7670706725844998
Files already downloaded and verified
3255 originally labeled samples, 5732 new samples, and 153783 unlabeled samples. Total: 162770
 74.53% | time: 749.7s (331.9m) | step:   5686 | train acc: 0.996 | train loss: 0.005 |test acc: 0.887 (0.896, 0.874) | test eop gap: 0.0252
 74.53% | time:   1.4s (332.0m) | step:   5686 | train acc: 0.996 | train loss: 0.005 |val acc: 0.892 (0.907, 0.868) | val eop gap: 0.0454
begin calculating influence
[Strategy 5] Acc of expected label: 0.888515625
calculating influence -- done
Use 9243 samples. Get 12137 labels. Ratio: 0.7615555738650408
Files already downloaded and verified
3255 originally labeled samples, 5988 new samples, and 153527 unlabeled samples. Total: 162770
 74.99% | time: 693.7s (343.5m) | step:   5721 | train acc: 0.992 | train loss: 0.037 |test acc: 0.885 (0.892, 0.875) | test eop gap: 0.0250
 74.99% | time:   1.5s (343.5m) | step:   5721 | train acc: 0.992 | train loss: 0.037 |val acc: 0.906 (0.915, 0.892) | val eop gap: 0.0346
begin calculating influence
[Strategy 5] Acc of expected label: 0.8869921875
calculating influence -- done
Use 9499 samples. Get 12498 labels. Ratio: 0.7600416066570651
Files already downloaded and verified
3255 originally labeled samples, 6244 new samples, and 153271 unlabeled samples. Total: 162770
Epoch 9
 77.62% | time: 749.2s (356.0m) | step:   5922 | train acc: 0.996 | train loss: 0.010 |test acc: 0.888 (0.896, 0.874) | test eop gap: 0.0284
 77.62% | time:   1.5s (356.1m) | step:   5922 | train acc: 0.996 | train loss: 0.010 |val acc: 0.893 (0.907, 0.873) | val eop gap: 0.0378
begin calculating influence
[Strategy 5] Acc of expected label: 0.88859375
calculating influence -- done
Use 9755 samples. Get 12973 labels. Ratio: 0.7519463501117706
Files already downloaded and verified
3255 originally labeled samples, 6500 new samples, and 153015 unlabeled samples. Total: 162770
 80.25% | time: 751.6s (368.6m) | step:   6122 | train acc: 0.996 | train loss: 0.012 |test acc: 0.888 (0.897, 0.874) | test eop gap: 0.0284
 80.25% | time:   1.5s (368.6m) | step:   6122 | train acc: 0.996 | train loss: 0.012 |val acc: 0.898 (0.914, 0.872) | val eop gap: 0.0494
begin calculating influence
[Strategy 5] Acc of expected label: 0.8887890625
calculating influence -- done
Use 10011 samples. Get 13383 labels. Ratio: 0.7480385563774938
Files already downloaded and verified
3255 originally labeled samples, 6756 new samples, and 152759 unlabeled samples. Total: 162770
 82.87% | time: 750.4s (381.1m) | step:   6322 | train acc: 0.977 | train loss: 0.054 |test acc: 0.885 (0.896, 0.867) | test eop gap: 0.0347
 82.87% | time:   1.5s (381.1m) | step:   6322 | train acc: 0.977 | train loss: 0.054 |val acc: 0.904 (0.918, 0.883) | val eop gap: 0.0390
begin calculating influence
[Strategy 5] Acc of expected label: 0.89296875
calculating influence -- done
Use 10267 samples. Get 13766 labels. Ratio: 0.7458230422780764
Files already downloaded and verified
3255 originally labeled samples, 7012 new samples, and 152503 unlabeled samples. Total: 162770
 83.33% | time: 694.7s (392.7m) | step:   6357 | train acc: 0.988 | train loss: 0.021 |test acc: 0.887 (0.895, 0.873) | test eop gap: 0.0384
 83.33% | time:   1.4s (392.7m) | step:   6357 | train acc: 0.988 | train loss: 0.021 |val acc: 0.895 (0.904, 0.880) | val eop gap: 0.0432
begin calculating influence
[Strategy 5] Acc of expected label: 0.8900390625
calculating influence -- done
Use 10523 samples. Get 14134 labels. Ratio: 0.7445167680769775
Files already downloaded and verified
3255 originally labeled samples, 7268 new samples, and 152247 unlabeled samples. Total: 162770
Epoch 10
 85.96% | time: 753.1s (405.3m) | step:   6558 | train acc: 1.000 | train loss: 0.005 |test acc: 0.888 (0.897, 0.873) | test eop gap: 0.0406
 85.96% | time:   1.5s (405.3m) | step:   6558 | train acc: 1.000 | train loss: 0.005 |val acc: 0.897 (0.906, 0.884) | val eop gap: 0.0314
begin calculating influence
[Strategy 5] Acc of expected label: 0.89140625
calculating influence -- done
Use 10779 samples. Get 14533 labels. Ratio: 0.7416913231954861
Files already downloaded and verified
3255 originally labeled samples, 7524 new samples, and 151991 unlabeled samples. Total: 162770
 88.58% | time: 752.9s (417.9m) | step:   6758 | train acc: 1.000 | train loss: 0.001 |test acc: 0.887 (0.895, 0.874) | test eop gap: 0.0363
 88.58% | time:   1.1s (417.9m) | step:   6758 | train acc: 1.000 | train loss: 0.001 |val acc: 0.900 (0.904, 0.895) | val eop gap: 0.0252
begin calculating influence
[Strategy 5] Acc of expected label: 0.892578125
calculating influence -- done
Use 11035 samples. Get 14885 labels. Ratio: 0.7413503527040645
Files already downloaded and verified
3255 originally labeled samples, 7780 new samples, and 151735 unlabeled samples. Total: 162770
 91.20% | time: 755.9s (430.5m) | step:   6958 | train acc: 1.000 | train loss: 0.003 |test acc: 0.886 (0.896, 0.872) | test eop gap: 0.0315
 91.20% | time:   1.4s (430.5m) | step:   6958 | train acc: 1.000 | train loss: 0.003 |val acc: 0.899 (0.912, 0.879) | val eop gap: 0.0341
begin calculating influence
[Strategy 5] Acc of expected label: 0.8948046875
calculating influence -- done
Use 11291 samples. Get 15285 labels. Ratio: 0.7386980700032711
Files already downloaded and verified
3255 originally labeled samples, 8036 new samples, and 151479 unlabeled samples. Total: 162770
 91.66% | time: 693.0s (442.1m) | step:   6993 | train acc: 0.918 | train loss: 0.199 |test acc: 0.884 (0.894, 0.869) | test eop gap: 0.0221
 91.66% | time:   1.5s (442.1m) | step:   6993 | train acc: 0.918 | train loss: 0.199 |val acc: 0.897 (0.914, 0.871) | val eop gap: 0.0207
begin calculating influence
[Strategy 5] Acc of expected label: 0.8930078125
calculating influence -- done
Use 11547 samples. Get 15573 labels. Ratio: 0.741475630899634
Files already downloaded and verified
3255 originally labeled samples, 8292 new samples, and 151223 unlabeled samples. Total: 162770
Epoch 11
 94.30% | time: 754.3s (454.6m) | step:   7194 | train acc: 1.000 | train loss: 0.001 |test acc: 0.888 (0.897, 0.873) | test eop gap: 0.0334
 94.30% | time:   1.5s (454.7m) | step:   7194 | train acc: 1.000 | train loss: 0.001 |val acc: 0.896 (0.907, 0.881) | val eop gap: 0.0387
begin calculating influence
[Strategy 5] Acc of expected label: 0.891484375
calculating influence -- done
Use 11803 samples. Get 15918 labels. Ratio: 0.7414876240733761
Files already downloaded and verified
3255 originally labeled samples, 8548 new samples, and 150967 unlabeled samples. Total: 162770
 96.92% | time: 752.8s (467.2m) | step:   7394 | train acc: 1.000 | train loss: 0.001 |test acc: 0.887 (0.897, 0.871) | test eop gap: 0.0332
 96.92% | time:   1.5s (467.2m) | step:   7394 | train acc: 1.000 | train loss: 0.001 |val acc: 0.904 (0.914, 0.889) | val eop gap: 0.0486
begin calculating influence
[Strategy 5] Acc of expected label: 0.8923046875
calculating influence -- done
Use 12059 samples. Get 16277 labels. Ratio: 0.7408613380844136
Files already downloaded and verified
3255 originally labeled samples, 8804 new samples, and 150711 unlabeled samples. Total: 162770
 99.54% | time: 752.0s (479.8m) | step:   7594 | train acc: 0.988 | train loss: 0.058 |test acc: 0.889 (0.898, 0.873) | test eop gap: 0.0339
 99.54% | time:   1.3s (479.8m) | step:   7594 | train acc: 0.988 | train loss: 0.058 |val acc: 0.906 (0.917, 0.887) | val eop gap: 0.0433
begin calculating influence
[Strategy 5] Acc of expected label: 0.8946875
calculating influence -- done
Use 12315 samples. Get 16671 labels. Ratio: 0.7387079359366565
Files already downloaded and verified
3255 originally labeled samples, 9060 new samples, and 150455 unlabeled samples. Total: 162770
100.00% | time: 692.8s (491.3m) | step:   7629 | train acc: 0.996 | train loss: 0.014 |test acc: 0.890 (0.899, 0.875) | test eop gap: 0.0327
100.00% | time:   1.5s (491.4m) | step:   7629 | train acc: 0.996 | train loss: 0.014 |val acc: 0.898 (0.912, 0.876) | val eop gap: 0.0226
begin calculating influence
[Strategy 5] Acc of expected label: 0.8934375
calculating influence -- done
Use 12571 samples. Get 17049 labels. Ratio: 0.7373452988445071
Files already downloaded and verified
3255 originally labeled samples, 9316 new samples, and 150199 unlabeled samples. Total: 162770
