Files already downloaded and verified
3255 originally labeled samples, 0 new samples, and 159515 unlabeled samples. Total: 162770
Files already downloaded and verified
1996 originally labeled samples, 0 new samples, and 17966 unlabeled samples. Total: 19962
Numer of layers 200
train net...
train with 162770 samples (with replacement) in one epoch
Epoch 0
  2.62% | time:  99.3s (  1.7m) | step:    200 | train acc: 0.977 | train loss: 0.059 |warm_t acc: 0.841 (0.855, 0.820) | warm_t eod gap: 0.0345
  2.62% | time:   5.5s (  1.7m) | step:    200 | train acc: 0.977 | train loss: 0.059 |warm_v acc: 0.845 (0.858, 0.823) | warm_v eod gap: 0.0321
  5.24% | time:  80.8s (  3.1m) | step:    400 | train acc: 1.000 | train loss: 0.000 |warm_t acc: 0.847 (0.860, 0.827) | warm_t eod gap: 0.0391
  5.24% | time:   1.4s (  3.1m) | step:    400 | train acc: 1.000 | train loss: 0.000 |warm_v acc: 0.857 (0.868, 0.839) | warm_v eod gap: 0.0290
  7.86% | time:  80.8s (  4.5m) | step:    600 | train acc: 1.000 | train loss: 0.000 |warm_t acc: 0.847 (0.859, 0.827) | warm_t eod gap: 0.0376
  7.86% | time:   1.4s (  4.5m) | step:    600 | train acc: 1.000 | train loss: 0.000 |warm_v acc: 0.854 (0.875, 0.820) | warm_v eod gap: 0.0584
  8.32% | time:  20.6s (  4.8m) | step:    635 | train acc: 1.000 | train loss: 0.000 |warm_t acc: 0.847 (0.859, 0.827) | warm_t eod gap: 0.0380
  8.32% | time:   1.4s (  4.9m) | step:    635 | train acc: 1.000 | train loss: 0.000 |warm_v acc: 0.854 (0.871, 0.829) | warm_v eod gap: 0.0463
Epoch 1
 10.95% | time:  81.2s (  6.2m) | step:    835 | train acc: 1.000 | train loss: 0.000 |warm_t acc: 0.847 (0.859, 0.828) | warm_t eod gap: 0.0373
 10.95% | time:   1.4s (  6.2m) | step:    835 | train acc: 1.000 | train loss: 0.000 |warm_v acc: 0.854 (0.881, 0.811) | warm_v eod gap: 0.0723
 13.57% | time:  81.1s (  7.6m) | step:   1035 | train acc: 1.000 | train loss: 0.000 |warm_t acc: 0.847 (0.859, 0.828) | warm_t eod gap: 0.0372
 13.57% | time:   1.5s (  7.6m) | step:   1035 | train acc: 1.000 | train loss: 0.000 |warm_v acc: 0.852 (0.867, 0.828) | warm_v eod gap: 0.0414
 16.19% | time:  78.9s (  8.9m) | step:   1235 | train acc: 1.000 | train loss: 0.000 |warm_t acc: 0.847 (0.859, 0.828) | warm_t eod gap: 0.0374
 16.19% | time:   1.5s (  8.9m) | step:   1235 | train acc: 1.000 | train loss: 0.000 |warm_v acc: 0.848 (0.867, 0.821) | warm_v eod gap: 0.0477
 16.65% | time:  23.7s (  9.3m) | step:   1270 | train acc: 1.000 | train loss: 0.000 |warm_t acc: 0.847 (0.859, 0.828) | warm_t eod gap: 0.0373
 16.65% | time:   1.4s (  9.4m) | step:   1270 | train acc: 1.000 | train loss: 0.000 |warm_v acc: 0.849 (0.861, 0.830) | warm_v eod gap: 0.0334
Epoch 2
 19.28% | time:  73.6s ( 10.6m) | step:   1471 | train acc: 1.000 | train loss: 0.000 |test acc: 0.847 (0.859, 0.828) | test eod gap: 0.0372
 19.28% | time:   1.3s ( 10.6m) | step:   1471 | train acc: 1.000 | train loss: 0.000 |val acc: 0.857 (0.874, 0.831) | val eod gap: 0.0482
begin calculating influence
selected layers: [Traced<ShapedArray(float32[768])>with<DynamicJaxprTrace(level=0/1)>, Traced<ShapedArray(float32[8,8,3,768])>with<DynamicJaxprTrace(level=0/1)>, Traced<ShapedArray(float32[2])>with<DynamicJaxprTrace(level=0/1)>, Traced<ShapedArray(float32[768,2])>with<DynamicJaxprTrace(level=0/1)>]
[Strategy 5] Acc of expected label: 0.848984375
calculating influence -- done
Use 3511 samples. Get 3648 labels. Ratio: 0.9624451754385965
Files already downloaded and verified
3255 originally labeled samples, 256 new samples, and 159259 unlabeled samples. Total: 162770
 21.90% | time: 769.8s ( 23.4m) | step:   1671 | train acc: 0.953 | train loss: 0.115 |test acc: 0.786 (0.798, 0.768) | test eod gap: 0.0543
 21.90% | time:   1.4s ( 23.5m) | step:   1671 | train acc: 0.953 | train loss: 0.115 |val acc: 0.809 (0.833, 0.771) | val eod gap: 0.0806
begin calculating influence
[Strategy 5] Acc of expected label: 0.7783984375
calculating influence -- done
Use 3767 samples. Get 4057 labels. Ratio: 0.9285186098102046
Files already downloaded and verified
3255 originally labeled samples, 512 new samples, and 159003 unlabeled samples. Total: 162770
 24.52% | time: 752.6s ( 36.0m) | step:   1871 | train acc: 0.941 | train loss: 0.153 |test acc: 0.848 (0.856, 0.834) | test eod gap: 0.0342
 24.52% | time:   1.4s ( 36.0m) | step:   1871 | train acc: 0.941 | train loss: 0.153 |val acc: 0.862 (0.879, 0.835) | val eod gap: 0.0592
begin calculating influence
[Strategy 5] Acc of expected label: 0.84484375
calculating influence -- done
Use 4023 samples. Get 4458 labels. Ratio: 0.9024226110363391
Files already downloaded and verified
3255 originally labeled samples, 768 new samples, and 158747 unlabeled samples. Total: 162770
 24.98% | time: 695.5s ( 47.6m) | step:   1906 | train acc: 0.934 | train loss: 0.214 |test acc: 0.845 (0.858, 0.823) | test eod gap: 0.0351
 24.98% | time:   1.4s ( 47.7m) | step:   1906 | train acc: 0.934 | train loss: 0.214 |val acc: 0.863 (0.877, 0.842) | val eod gap: 0.0427
begin calculating influence
[Strategy 5] Acc of expected label: 0.8480859375
calculating influence -- done
Use 4279 samples. Get 4848 labels. Ratio: 0.8826320132013201
Files already downloaded and verified
3255 originally labeled samples, 1024 new samples, and 158491 unlabeled samples. Total: 162770
Epoch 3
 27.62% | time: 751.8s ( 60.2m) | step:   2107 | train acc: 0.969 | train loss: 0.094 |test acc: 0.852 (0.862, 0.837) | test eod gap: 0.0353
 27.62% | time:   1.4s ( 60.2m) | step:   2107 | train acc: 0.969 | train loss: 0.094 |val acc: 0.859 (0.866, 0.848) | val eod gap: 0.0280
begin calculating influence
[Strategy 5] Acc of expected label: 0.85140625
calculating influence -- done
Use 4535 samples. Get 5238 labels. Ratio: 0.8657884688812524
Files already downloaded and verified
3255 originally labeled samples, 1280 new samples, and 158235 unlabeled samples. Total: 162770
 30.24% | time: 754.3s ( 72.8m) | step:   2307 | train acc: 1.000 | train loss: 0.013 |test acc: 0.847 (0.859, 0.829) | test eod gap: 0.0225
 30.24% | time:   1.4s ( 72.8m) | step:   2307 | train acc: 1.000 | train loss: 0.013 |val acc: 0.860 (0.878, 0.832) | val eod gap: 0.0274
begin calculating influence
[Strategy 5] Acc of expected label: 0.8472265625
calculating influence -- done
Use 4791 samples. Get 5558 labels. Ratio: 0.8620007196833394
Files already downloaded and verified
3255 originally labeled samples, 1536 new samples, and 157979 unlabeled samples. Total: 162770
 32.86% | time: 754.6s ( 85.4m) | step:   2507 | train acc: 1.000 | train loss: 0.002 |test acc: 0.852 (0.864, 0.832) | test eod gap: 0.0241
 32.86% | time:   1.4s ( 85.4m) | step:   2507 | train acc: 1.000 | train loss: 0.002 |val acc: 0.857 (0.871, 0.837) | val eod gap: 0.0180
begin calculating influence
[Strategy 5] Acc of expected label: 0.851328125
calculating influence -- done
Use 5047 samples. Get 5950 labels. Ratio: 0.8482352941176471
Files already downloaded and verified
3255 originally labeled samples, 1792 new samples, and 157723 unlabeled samples. Total: 162770
 33.32% | time: 697.0s ( 97.0m) | step:   2542 | train acc: 0.980 | train loss: 0.053 |test acc: 0.855 (0.863, 0.842) | test eod gap: 0.0294
 33.32% | time:   1.4s ( 97.0m) | step:   2542 | train acc: 0.980 | train loss: 0.053 |val acc: 0.870 (0.887, 0.844) | val eod gap: 0.0524
begin calculating influence
[Strategy 5] Acc of expected label: 0.8582421875
calculating influence -- done
Use 5303 samples. Get 6390 labels. Ratio: 0.8298904538341159
Files already downloaded and verified
3255 originally labeled samples, 2048 new samples, and 157467 unlabeled samples. Total: 162770
Epoch 4
 35.95% | time: 752.5s (109.6m) | step:   2743 | train acc: 0.992 | train loss: 0.031 |test acc: 0.861 (0.873, 0.841) | test eod gap: 0.0321
 35.95% | time:   1.4s (109.6m) | step:   2743 | train acc: 0.992 | train loss: 0.031 |val acc: 0.872 (0.893, 0.839) | val eod gap: 0.0470
begin calculating influence
[Strategy 5] Acc of expected label: 0.859375
calculating influence -- done
Use 5559 samples. Get 6758 labels. Ratio: 0.8225806451612904
Files already downloaded and verified
3255 originally labeled samples, 2304 new samples, and 157211 unlabeled samples. Total: 162770
 38.58% | time: 742.0s (122.0m) | step:   2943 | train acc: 1.000 | train loss: 0.003 |test acc: 0.861 (0.873, 0.842) | test eod gap: 0.0326
 38.58% | time:   1.4s (122.0m) | step:   2943 | train acc: 1.000 | train loss: 0.003 |val acc: 0.870 (0.888, 0.842) | val eod gap: 0.0374
begin calculating influence
[Strategy 5] Acc of expected label: 0.862578125
calculating influence -- done
Use 5815 samples. Get 7176 labels. Ratio: 0.810340022296544
Files already downloaded and verified
3255 originally labeled samples, 2560 new samples, and 156955 unlabeled samples. Total: 162770
 41.20% | time: 750.4s (134.5m) | step:   3143 | train acc: 1.000 | train loss: 0.000 |test acc: 0.867 (0.878, 0.849) | test eod gap: 0.0353
 41.20% | time:   1.4s (134.5m) | step:   3143 | train acc: 1.000 | train loss: 0.000 |val acc: 0.882 (0.903, 0.849) | val eod gap: 0.0559
begin calculating influence
[Strategy 5] Acc of expected label: 0.868828125
calculating influence -- done
Use 6071 samples. Get 7581 labels. Ratio: 0.8008178340588313
Files already downloaded and verified
3255 originally labeled samples, 2816 new samples, and 156699 unlabeled samples. Total: 162770
 41.66% | time: 693.8s (146.1m) | step:   3178 | train acc: 1.000 | train loss: 0.009 |test acc: 0.861 (0.870, 0.848) | test eod gap: 0.0289
 41.66% | time:   1.4s (146.1m) | step:   3178 | train acc: 1.000 | train loss: 0.009 |val acc: 0.867 (0.881, 0.847) | val eod gap: 0.0386
begin calculating influence
[Strategy 5] Acc of expected label: 0.865390625
calculating influence -- done
Use 6327 samples. Get 8020 labels. Ratio: 0.7889027431421446
Files already downloaded and verified
3255 originally labeled samples, 3072 new samples, and 156443 unlabeled samples. Total: 162770
Epoch 5
 44.29% | time: 740.5s (158.5m) | step:   3379 | train acc: 1.000 | train loss: 0.001 |test acc: 0.868 (0.880, 0.850) | test eod gap: 0.0313
 44.29% | time:   1.5s (158.5m) | step:   3379 | train acc: 1.000 | train loss: 0.001 |val acc: 0.867 (0.881, 0.846) | val eod gap: 0.0264
begin calculating influence
[Strategy 5] Acc of expected label: 0.8704296875
calculating influence -- done
Use 6583 samples. Get 8445 labels. Ratio: 0.77951450562463
Files already downloaded and verified
3255 originally labeled samples, 3328 new samples, and 156187 unlabeled samples. Total: 162770
 46.91% | time: 749.7s (171.0m) | step:   3579 | train acc: 1.000 | train loss: 0.001 |test acc: 0.871 (0.882, 0.853) | test eod gap: 0.0355
 46.91% | time:   1.5s (171.0m) | step:   3579 | train acc: 1.000 | train loss: 0.001 |val acc: 0.879 (0.883, 0.872) | val eod gap: 0.0316
begin calculating influence
[Strategy 5] Acc of expected label: 0.872109375
calculating influence -- done
Use 6839 samples. Get 8845 labels. Ratio: 0.7732052006783493
Files already downloaded and verified
3255 originally labeled samples, 3584 new samples, and 155931 unlabeled samples. Total: 162770
 49.53% | time: 746.5s (183.4m) | step:   3779 | train acc: 1.000 | train loss: 0.001 |test acc: 0.867 (0.878, 0.848) | test eod gap: 0.0347
 49.53% | time:   1.5s (183.5m) | step:   3779 | train acc: 1.000 | train loss: 0.001 |val acc: 0.872 (0.884, 0.855) | val eod gap: 0.0333
begin calculating influence
[Strategy 5] Acc of expected label: 0.8684375
calculating influence -- done
Use 7095 samples. Get 9238 labels. Ratio: 0.7680233816843473
Files already downloaded and verified
3255 originally labeled samples, 3840 new samples, and 155675 unlabeled samples. Total: 162770
 49.99% | time: 702.2s (195.2m) | step:   3814 | train acc: 1.000 | train loss: 0.002 |test acc: 0.869 (0.879, 0.854) | test eod gap: 0.0340
 49.99% | time:   1.2s (195.2m) | step:   3814 | train acc: 1.000 | train loss: 0.002 |val acc: 0.876 (0.888, 0.858) | val eod gap: 0.0383
begin calculating influence
[Strategy 5] Acc of expected label: 0.869609375
calculating influence -- done
Use 7351 samples. Get 9657 labels. Ratio: 0.7612094853474164
Files already downloaded and verified
3255 originally labeled samples, 4096 new samples, and 155419 unlabeled samples. Total: 162770
Epoch 6
 52.62% | time: 756.1s (207.8m) | step:   4014 | train acc: 0.996 | train loss: 0.009 |test acc: 0.873 (0.885, 0.854) | test eod gap: 0.0343
 52.62% | time:   1.2s (207.8m) | step:   4014 | train acc: 0.996 | train loss: 0.009 |val acc: 0.882 (0.896, 0.861) | val eod gap: 0.0346
begin calculating influence
[Strategy 5] Acc of expected label: 0.8750390625
calculating influence -- done
Use 7607 samples. Get 10082 labels. Ratio: 0.7545129934536798
Files already downloaded and verified
3255 originally labeled samples, 4352 new samples, and 155163 unlabeled samples. Total: 162770
 55.24% | time: 755.1s (220.4m) | step:   4214 | train acc: 1.000 | train loss: 0.000 |test acc: 0.873 (0.883, 0.858) | test eod gap: 0.0359
 55.24% | time:   1.3s (220.4m) | step:   4214 | train acc: 1.000 | train loss: 0.000 |val acc: 0.891 (0.908, 0.864) | val eod gap: 0.0560
begin calculating influence
[Strategy 5] Acc of expected label: 0.876484375
calculating influence -- done
Use 7863 samples. Get 10470 labels. Ratio: 0.7510028653295129
Files already downloaded and verified
3255 originally labeled samples, 4608 new samples, and 154907 unlabeled samples. Total: 162770
 57.86% | time: 749.7s (232.9m) | step:   4414 | train acc: 1.000 | train loss: 0.000 |test acc: 0.872 (0.884, 0.852) | test eod gap: 0.0335
 57.86% | time:   1.5s (232.9m) | step:   4414 | train acc: 1.000 | train loss: 0.000 |val acc: 0.878 (0.890, 0.859) | val eod gap: 0.0249
begin calculating influence
[Strategy 5] Acc of expected label: 0.8725390625
calculating influence -- done
Use 8119 samples. Get 10837 labels. Ratio: 0.7491925809725939
Files already downloaded and verified
3255 originally labeled samples, 4864 new samples, and 154651 unlabeled samples. Total: 162770
 58.32% | time: 694.1s (244.5m) | step:   4449 | train acc: 1.000 | train loss: 0.000 |test acc: 0.875 (0.886, 0.857) | test eod gap: 0.0306
 58.32% | time:   1.4s (244.5m) | step:   4449 | train acc: 1.000 | train loss: 0.000 |val acc: 0.895 (0.903, 0.882) | val eod gap: 0.0177
begin calculating influence
[Strategy 5] Acc of expected label: 0.877734375
calculating influence -- done
Use 8375 samples. Get 11242 labels. Ratio: 0.7449742038783135
Files already downloaded and verified
3255 originally labeled samples, 5120 new samples, and 154395 unlabeled samples. Total: 162770
Epoch 7
 60.95% | time: 744.2s (256.9m) | step:   4650 | train acc: 1.000 | train loss: 0.000 |test acc: 0.878 (0.888, 0.862) | test eod gap: 0.0332
 60.95% | time:   1.5s (257.0m) | step:   4650 | train acc: 1.000 | train loss: 0.000 |val acc: 0.896 (0.907, 0.878) | val eod gap: 0.0301
begin calculating influence
[Strategy 5] Acc of expected label: 0.8808203125
calculating influence -- done
Use 8631 samples. Get 11610 labels. Ratio: 0.7434108527131783
Files already downloaded and verified
3255 originally labeled samples, 5376 new samples, and 154139 unlabeled samples. Total: 162770
 63.57% | time: 744.0s (269.4m) | step:   4850 | train acc: 1.000 | train loss: 0.001 |test acc: 0.875 (0.885, 0.858) | test eod gap: 0.0337
 63.57% | time:   1.5s (269.4m) | step:   4850 | train acc: 1.000 | train loss: 0.001 |val acc: 0.891 (0.898, 0.878) | val eod gap: 0.0258
begin calculating influence
[Strategy 5] Acc of expected label: 0.878125
calculating influence -- done
Use 8887 samples. Get 12023 labels. Ratio: 0.7391665973550694
Files already downloaded and verified
3255 originally labeled samples, 5632 new samples, and 153883 unlabeled samples. Total: 162770
 66.19% | time: 745.0s (281.8m) | step:   5050 | train acc: 1.000 | train loss: 0.000 |test acc: 0.876 (0.889, 0.856) | test eod gap: 0.0371
 66.19% | time:   1.4s (281.8m) | step:   5050 | train acc: 1.000 | train loss: 0.000 |val acc: 0.903 (0.909, 0.893) | val eod gap: 0.0221
begin calculating influence
[Strategy 5] Acc of expected label: 0.8825390625
calculating influence -- done
Use 9143 samples. Get 12400 labels. Ratio: 0.7373387096774193
Files already downloaded and verified
3255 originally labeled samples, 5888 new samples, and 153627 unlabeled samples. Total: 162770
 66.65% | time: 696.4s (293.4m) | step:   5085 | train acc: 0.969 | train loss: 0.085 |test acc: 0.874 (0.885, 0.857) | test eod gap: 0.0391
 66.65% | time:   1.5s (293.4m) | step:   5085 | train acc: 0.969 | train loss: 0.085 |val acc: 0.904 (0.909, 0.896) | val eod gap: 0.0185
begin calculating influence
[Strategy 5] Acc of expected label: 0.877265625
calculating influence -- done
Use 9399 samples. Get 12816 labels. Ratio: 0.733380149812734
Files already downloaded and verified
3255 originally labeled samples, 6144 new samples, and 153371 unlabeled samples. Total: 162770
Epoch 8
 69.29% | time: 734.1s (305.7m) | step:   5286 | train acc: 1.000 | train loss: 0.000 |test acc: 0.876 (0.886, 0.860) | test eod gap: 0.0300
 69.29% | time:   1.6s (305.7m) | step:   5286 | train acc: 1.000 | train loss: 0.000 |val acc: 0.890 (0.898, 0.877) | val eod gap: 0.0254
begin calculating influence
[Strategy 5] Acc of expected label: 0.8790625
calculating influence -- done
Use 9655 samples. Get 13251 labels. Ratio: 0.7286242547732247
Files already downloaded and verified
3255 originally labeled samples, 6400 new samples, and 153115 unlabeled samples. Total: 162770
 71.91% | time: 752.6s (318.3m) | step:   5486 | train acc: 1.000 | train loss: 0.000 |test acc: 0.877 (0.886, 0.862) | test eod gap: 0.0345
 71.91% | time:   1.5s (318.3m) | step:   5486 | train acc: 1.000 | train loss: 0.000 |val acc: 0.896 (0.900, 0.891) | val eod gap: 0.0171
begin calculating influence
[Strategy 5] Acc of expected label: 0.87859375
calculating influence -- done
Use 9911 samples. Get 13636 labels. Ratio: 0.7268260486946319
Files already downloaded and verified
3255 originally labeled samples, 6656 new samples, and 152859 unlabeled samples. Total: 162770
 74.53% | time: 753.2s (330.8m) | step:   5686 | train acc: 1.000 | train loss: 0.001 |test acc: 0.880 (0.889, 0.865) | test eod gap: 0.0342
 74.53% | time:   1.3s (330.9m) | step:   5686 | train acc: 1.000 | train loss: 0.001 |val acc: 0.891 (0.895, 0.883) | val eod gap: 0.0177
begin calculating influence
[Strategy 5] Acc of expected label: 0.87984375
calculating influence -- done
Use 10167 samples. Get 14061 labels. Ratio: 0.7230637934713036
Files already downloaded and verified
3255 originally labeled samples, 6912 new samples, and 152603 unlabeled samples. Total: 162770
 74.99% | time: 699.8s (342.5m) | step:   5721 | train acc: 1.000 | train loss: 0.000 |test acc: 0.879 (0.888, 0.865) | test eod gap: 0.0289
 74.99% | time:   1.4s (342.5m) | step:   5721 | train acc: 1.000 | train loss: 0.000 |val acc: 0.891 (0.899, 0.879) | val eod gap: 0.0277
begin calculating influence
[Strategy 5] Acc of expected label: 0.8833203125
calculating influence -- done
Use 10423 samples. Get 14488 labels. Ratio: 0.7194229707344009
Files already downloaded and verified
3255 originally labeled samples, 7168 new samples, and 152347 unlabeled samples. Total: 162770
Epoch 9
 77.62% | time: 739.1s (354.9m) | step:   5922 | train acc: 1.000 | train loss: 0.001 |test acc: 0.878 (0.890, 0.860) | test eod gap: 0.0375
 77.62% | time:   1.3s (354.9m) | step:   5922 | train acc: 1.000 | train loss: 0.001 |val acc: 0.897 (0.903, 0.888) | val eod gap: 0.0284
begin calculating influence
[Strategy 5] Acc of expected label: 0.8812890625
calculating influence -- done
Use 10679 samples. Get 14896 labels. Ratio: 0.7169038668098818
Files already downloaded and verified
3255 originally labeled samples, 7424 new samples, and 152091 unlabeled samples. Total: 162770
 80.25% | time: 751.9s (367.4m) | step:   6122 | train acc: 1.000 | train loss: 0.000 |test acc: 0.876 (0.886, 0.861) | test eod gap: 0.0342
 80.25% | time:   1.2s (367.4m) | step:   6122 | train acc: 1.000 | train loss: 0.000 |val acc: 0.896 (0.904, 0.882) | val eod gap: 0.0308
begin calculating influence
[Strategy 5] Acc of expected label: 0.8789453125
calculating influence -- done
Use 10935 samples. Get 15273 labels. Ratio: 0.7159693576900412
Files already downloaded and verified
3255 originally labeled samples, 7680 new samples, and 151835 unlabeled samples. Total: 162770
 82.87% | time: 753.7s (380.0m) | step:   6322 | train acc: 0.996 | train loss: 0.007 |test acc: 0.878 (0.889, 0.860) | test eod gap: 0.0372
 82.87% | time:   1.5s (380.0m) | step:   6322 | train acc: 0.996 | train loss: 0.007 |val acc: 0.896 (0.907, 0.880) | val eod gap: 0.0309
begin calculating influence
[Strategy 5] Acc of expected label: 0.8794140625
calculating influence -- done
Use 11076 samples. Get 15492 labels. Ratio: 0.7149496514329977
Files already downloaded and verified
3255 originally labeled samples, 7821 new samples, and 151694 unlabeled samples. Total: 162770
 83.33% | time: 697.3s (391.6m) | step:   6357 | train acc: 1.000 | train loss: 0.000 |test acc: 0.876 (0.889, 0.856) | test eod gap: 0.0337
 83.33% | time:   1.4s (391.7m) | step:   6357 | train acc: 1.000 | train loss: 0.000 |val acc: 0.892 (0.903, 0.875) | val eod gap: 0.0268
begin calculating influence
[Strategy 5] Acc of expected label: 0.88234375
calculating influence -- done
Use 11332 samples. Get 15864 labels. Ratio: 0.7143217347453353
Files already downloaded and verified
3255 originally labeled samples, 8077 new samples, and 151438 unlabeled samples. Total: 162770
Epoch 10
 85.96% | time: 740.3s (404.0m) | step:   6558 | train acc: 1.000 | train loss: 0.000 |test acc: 0.880 (0.889, 0.868) | test eod gap: 0.0315
 85.96% | time:   1.2s (404.0m) | step:   6558 | train acc: 1.000 | train loss: 0.000 |val acc: 0.898 (0.903, 0.889) | val eod gap: 0.0240
begin calculating influence
[Strategy 5] Acc of expected label: 0.884296875
calculating influence -- done
Use 11588 samples. Get 16271 labels. Ratio: 0.7121873271464569
Files already downloaded and verified
3255 originally labeled samples, 8333 new samples, and 151182 unlabeled samples. Total: 162770
 88.58% | time: 754.0s (416.6m) | step:   6758 | train acc: 1.000 | train loss: 0.006 |test acc: 0.882 (0.891, 0.867) | test eod gap: 0.0311
 88.58% | time:   1.2s (416.6m) | step:   6758 | train acc: 1.000 | train loss: 0.006 |val acc: 0.895 (0.906, 0.878) | val eod gap: 0.0305
begin calculating influence
[Strategy 5] Acc of expected label: 0.8845703125
calculating influence -- done
Use 11761 samples. Get 16505 labels. Ratio: 0.7125719478945775
Files already downloaded and verified
3255 originally labeled samples, 8506 new samples, and 151009 unlabeled samples. Total: 162770
 91.20% | time: 753.9s (429.2m) | step:   6958 | train acc: 1.000 | train loss: 0.001 |test acc: 0.878 (0.885, 0.868) | test eod gap: 0.0330
 91.20% | time:   1.1s (429.2m) | step:   6958 | train acc: 1.000 | train loss: 0.001 |val acc: 0.891 (0.891, 0.892) | val eod gap: 0.0134
begin calculating influence
[Strategy 5] Acc of expected label: 0.884296875
calculating influence -- done
Use 12017 samples. Get 16830 labels. Ratio: 0.7140225787284611
Files already downloaded and verified
3255 originally labeled samples, 8762 new samples, and 150753 unlabeled samples. Total: 162770
 91.66% | time: 696.4s (440.8m) | step:   6993 | train acc: 1.000 | train loss: 0.000 |test acc: 0.880 (0.892, 0.862) | test eod gap: 0.0348
 91.66% | time:   1.4s (440.8m) | step:   6993 | train acc: 1.000 | train loss: 0.000 |val acc: 0.891 (0.896, 0.883) | val eod gap: 0.0149
begin calculating influence
[Strategy 5] Acc of expected label: 0.886015625
calculating influence -- done
Use 12273 samples. Get 17223 labels. Ratio: 0.7125936248040411
Files already downloaded and verified
3255 originally labeled samples, 9018 new samples, and 150497 unlabeled samples. Total: 162770
Epoch 11
 94.30% | time: 742.4s (453.2m) | step:   7194 | train acc: 1.000 | train loss: 0.000 |test acc: 0.883 (0.892, 0.868) | test eod gap: 0.0307
 94.30% | time:   1.3s (453.2m) | step:   7194 | train acc: 1.000 | train loss: 0.000 |val acc: 0.901 (0.915, 0.879) | val eod gap: 0.0440
begin calculating influence
[Strategy 5] Acc of expected label: 0.88734375
calculating influence -- done
Use 12529 samples. Get 17612 labels. Ratio: 0.7113899613899614
Files already downloaded and verified
3255 originally labeled samples, 9274 new samples, and 150241 unlabeled samples. Total: 162770
 96.92% | time: 748.2s (465.7m) | step:   7394 | train acc: 1.000 | train loss: 0.000 |test acc: 0.883 (0.891, 0.870) | test eod gap: 0.0301
 96.92% | time:   1.3s (465.7m) | step:   7394 | train acc: 1.000 | train loss: 0.000 |val acc: 0.898 (0.903, 0.890) | val eod gap: 0.0220
begin calculating influence
[Strategy 5] Acc of expected label: 0.886015625
calculating influence -- done
Use 12785 samples. Get 17978 labels. Ratio: 0.7111469573923684
Files already downloaded and verified
3255 originally labeled samples, 9530 new samples, and 149985 unlabeled samples. Total: 162770
 99.54% | time: 746.4s (478.1m) | step:   7594 | train acc: 1.000 | train loss: 0.001 |test acc: 0.881 (0.894, 0.859) | test eod gap: 0.0354
 99.54% | time:   1.5s (478.2m) | step:   7594 | train acc: 1.000 | train loss: 0.001 |val acc: 0.897 (0.916, 0.867) | val eod gap: 0.0456
begin calculating influence
[Strategy 5] Acc of expected label: 0.8833203125
calculating influence -- done
Use 13041 samples. Get 18270 labels. Ratio: 0.7137931034482758
Files already downloaded and verified
3255 originally labeled samples, 9786 new samples, and 149729 unlabeled samples. Total: 162770
100.00% | time: 688.3s (489.6m) | step:   7629 | train acc: 1.000 | train loss: 0.000 |test acc: 0.880 (0.893, 0.859) | test eod gap: 0.0316
100.00% | time:   1.4s (489.7m) | step:   7629 | train acc: 1.000 | train loss: 0.000 |val acc: 0.896 (0.913, 0.870) | val eod gap: 0.0344
begin calculating influence
[Strategy 5] Acc of expected label: 0.8858984375
calculating influence -- done
Use 13297 samples. Get 18630 labels. Ratio: 0.7137412775093934
Files already downloaded and verified
3255 originally labeled samples, 10042 new samples, and 149473 unlabeled samples. Total: 162770
