Files already downloaded and verified
3255 originally labeled samples, 0 new samples, and 159515 unlabeled samples. Total: 162770
Files already downloaded and verified
1996 originally labeled samples, 0 new samples, and 17966 unlabeled samples. Total: 19962
Numer of layers 200
train net...
train with 162770 samples (with replacement) in one epoch
Epoch 0
  2.62% | time:  99.0s (  1.7m) | step:    200 | train acc: 0.977 | train loss: 0.059 |warm_t acc: 0.841 (0.855, 0.820) | warm_t dp gap: 0.1254
  2.62% | time:   5.1s (  1.7m) | step:    200 | train acc: 0.977 | train loss: 0.059 |warm_v acc: 0.845 (0.858, 0.823) | warm_v dp gap: 0.1389
  5.24% | time:  80.7s (  3.1m) | step:    400 | train acc: 1.000 | train loss: 0.000 |warm_t acc: 0.847 (0.860, 0.827) | warm_t dp gap: 0.1304
  5.24% | time:   1.3s (  3.1m) | step:    400 | train acc: 1.000 | train loss: 0.000 |warm_v acc: 0.857 (0.868, 0.839) | warm_v dp gap: 0.1455
  7.86% | time:  81.0s (  4.5m) | step:    600 | train acc: 1.000 | train loss: 0.000 |warm_t acc: 0.847 (0.859, 0.827) | warm_t dp gap: 0.1301
  7.86% | time:   1.2s (  4.5m) | step:    600 | train acc: 1.000 | train loss: 0.000 |warm_v acc: 0.854 (0.875, 0.820) | warm_v dp gap: 0.1412
  8.32% | time:  22.3s (  4.8m) | step:    635 | train acc: 1.000 | train loss: 0.000 |warm_t acc: 0.847 (0.859, 0.827) | warm_t dp gap: 0.1299
  8.32% | time:   1.1s (  4.9m) | step:    635 | train acc: 1.000 | train loss: 0.000 |warm_v acc: 0.854 (0.871, 0.829) | warm_v dp gap: 0.1376
Epoch 1
 10.95% | time:  79.9s (  6.2m) | step:    835 | train acc: 1.000 | train loss: 0.000 |warm_t acc: 0.847 (0.859, 0.828) | warm_t dp gap: 0.1302
 10.95% | time:   1.2s (  6.2m) | step:    835 | train acc: 1.000 | train loss: 0.000 |warm_v acc: 0.854 (0.881, 0.811) | warm_v dp gap: 0.1445
 13.57% | time:  77.7s (  7.5m) | step:   1035 | train acc: 1.000 | train loss: 0.000 |warm_t acc: 0.847 (0.859, 0.828) | warm_t dp gap: 0.1313
 13.57% | time:   1.1s (  7.5m) | step:   1035 | train acc: 1.000 | train loss: 0.000 |warm_v acc: 0.852 (0.867, 0.828) | warm_v dp gap: 0.1473
 16.19% | time:  78.2s (  8.8m) | step:   1235 | train acc: 1.000 | train loss: 0.000 |warm_t acc: 0.847 (0.859, 0.828) | warm_t dp gap: 0.1310
 16.19% | time:   1.1s (  8.9m) | step:   1235 | train acc: 1.000 | train loss: 0.000 |warm_v acc: 0.848 (0.867, 0.821) | warm_v dp gap: 0.1596
 16.65% | time:  19.3s (  9.2m) | step:   1270 | train acc: 1.000 | train loss: 0.000 |warm_t acc: 0.847 (0.859, 0.828) | warm_t dp gap: 0.1310
 16.65% | time:   1.3s (  9.2m) | step:   1270 | train acc: 1.000 | train loss: 0.000 |warm_v acc: 0.849 (0.861, 0.830) | warm_v dp gap: 0.1446
Epoch 2
 19.28% | time:  76.2s ( 10.5m) | step:   1471 | train acc: 1.000 | train loss: 0.000 |test acc: 0.847 (0.859, 0.828) | test dp gap: 0.1309
 19.28% | time:   1.5s ( 10.5m) | step:   1471 | train acc: 1.000 | train loss: 0.000 |val acc: 0.857 (0.874, 0.831) | val dp gap: 0.1668
begin calculating influence
selected layers: [Traced<ShapedArray(float32[768])>with<DynamicJaxprTrace(level=0/1)>, Traced<ShapedArray(float32[8,8,3,768])>with<DynamicJaxprTrace(level=0/1)>, Traced<ShapedArray(float32[2])>with<DynamicJaxprTrace(level=0/1)>, Traced<ShapedArray(float32[768,2])>with<DynamicJaxprTrace(level=0/1)>]
[Strategy 5] Acc of expected label: 0.848984375
calculating influence -- done
Use 3511 samples. Get 3711 labels. Ratio: 0.9461061708434384
Files already downloaded and verified
3255 originally labeled samples, 256 new samples, and 159259 unlabeled samples. Total: 162770
 21.90% | time: 744.4s ( 22.9m) | step:   1671 | train acc: 0.984 | train loss: 0.069 |test acc: 0.850 (0.855, 0.841) | test dp gap: 0.0996
 21.90% | time:   1.5s ( 22.9m) | step:   1671 | train acc: 0.984 | train loss: 0.069 |val acc: 0.857 (0.876, 0.829) | val dp gap: 0.1395
begin calculating influence
[Strategy 5] Acc of expected label: 0.8511328125
calculating influence -- done
Use 3767 samples. Get 4212 labels. Ratio: 0.894349477682811
Files already downloaded and verified
3255 originally labeled samples, 512 new samples, and 159003 unlabeled samples. Total: 162770
 24.52% | time: 741.2s ( 35.3m) | step:   1871 | train acc: 1.000 | train loss: 0.036 |test acc: 0.799 (0.827, 0.753) | test dp gap: 0.0558
 24.52% | time:   1.4s ( 35.3m) | step:   1871 | train acc: 1.000 | train loss: 0.036 |val acc: 0.814 (0.845, 0.768) | val dp gap: 0.1031
begin calculating influence
[Strategy 5] Acc of expected label: 0.7945703125
calculating influence -- done
Use 4023 samples. Get 4514 labels. Ratio: 0.8912272928666372
Files already downloaded and verified
3255 originally labeled samples, 768 new samples, and 158747 unlabeled samples. Total: 162770
 24.98% | time: 680.5s ( 46.6m) | step:   1906 | train acc: 1.000 | train loss: 0.010 |test acc: 0.825 (0.848, 0.788) | test dp gap: 0.0631
 24.98% | time:   1.5s ( 46.7m) | step:   1906 | train acc: 1.000 | train loss: 0.010 |val acc: 0.848 (0.879, 0.800) | val dp gap: 0.1115
begin calculating influence
[Strategy 5] Acc of expected label: 0.8275
calculating influence -- done
Use 4118 samples. Get 4647 labels. Ratio: 0.88616311598881
Files already downloaded and verified
3255 originally labeled samples, 863 new samples, and 158652 unlabeled samples. Total: 162770
Epoch 3
 27.62% | time: 728.2s ( 58.8m) | step:   2107 | train acc: 1.000 | train loss: 0.008 |test acc: 0.848 (0.863, 0.825) | test dp gap: 0.0976
 27.62% | time:   1.4s ( 58.8m) | step:   2107 | train acc: 1.000 | train loss: 0.008 |val acc: 0.861 (0.879, 0.832) | val dp gap: 0.1444
begin calculating influence
[Strategy 5] Acc of expected label: 0.8538671875
calculating influence -- done
Use 4203 samples. Get 4767 labels. Ratio: 0.881686595342983
Files already downloaded and verified
3255 originally labeled samples, 948 new samples, and 158567 unlabeled samples. Total: 162770
 30.24% | time: 740.9s ( 71.2m) | step:   2307 | train acc: 1.000 | train loss: 0.002 |test acc: 0.843 (0.858, 0.818) | test dp gap: 0.0896
 30.24% | time:   1.4s ( 71.2m) | step:   2307 | train acc: 1.000 | train loss: 0.002 |val acc: 0.854 (0.875, 0.820) | val dp gap: 0.1232
begin calculating influence
[Strategy 5] Acc of expected label: 0.842578125
calculating influence -- done
Use 4436 samples. Get 5126 labels. Ratio: 0.8653921186110027
Files already downloaded and verified
3255 originally labeled samples, 1181 new samples, and 158334 unlabeled samples. Total: 162770
 32.86% | time: 738.1s ( 83.5m) | step:   2507 | train acc: 1.000 | train loss: 0.003 |test acc: 0.852 (0.865, 0.832) | test dp gap: 0.0927
 32.86% | time:   1.3s ( 83.5m) | step:   2507 | train acc: 1.000 | train loss: 0.003 |val acc: 0.876 (0.898, 0.844) | val dp gap: 0.1319
begin calculating influence
[Strategy 5] Acc of expected label: 0.8525
calculating influence -- done
Use 4692 samples. Get 5544 labels. Ratio: 0.8463203463203464
Files already downloaded and verified
3255 originally labeled samples, 1437 new samples, and 158078 unlabeled samples. Total: 162770
 33.32% | time: 683.1s ( 94.9m) | step:   2542 | train acc: 0.996 | train loss: 0.027 |test acc: 0.863 (0.870, 0.852) | test dp gap: 0.1123
 33.32% | time:   1.4s ( 94.9m) | step:   2542 | train acc: 0.996 | train loss: 0.027 |val acc: 0.876 (0.884, 0.862) | val dp gap: 0.1076
begin calculating influence
[Strategy 5] Acc of expected label: 0.864765625
calculating influence -- done
Use 4948 samples. Get 6034 labels. Ratio: 0.8200198873052701
Files already downloaded and verified
3255 originally labeled samples, 1693 new samples, and 157822 unlabeled samples. Total: 162770
Epoch 4
 35.95% | time: 730.4s (107.1m) | step:   2743 | train acc: 1.000 | train loss: 0.005 |test acc: 0.851 (0.865, 0.829) | test dp gap: 0.0786
 35.95% | time:   1.4s (107.1m) | step:   2743 | train acc: 1.000 | train loss: 0.005 |val acc: 0.869 (0.885, 0.846) | val dp gap: 0.0940
begin calculating influence
[Strategy 5] Acc of expected label: 0.850234375
calculating influence -- done
Use 5204 samples. Get 6523 labels. Ratio: 0.7977924267974859
Files already downloaded and verified
3255 originally labeled samples, 1949 new samples, and 157566 unlabeled samples. Total: 162770
 38.58% | time: 738.0s (119.4m) | step:   2943 | train acc: 0.973 | train loss: 0.053 |test acc: 0.862 (0.870, 0.850) | test dp gap: 0.1195
 38.58% | time:   1.5s (119.4m) | step:   2943 | train acc: 0.973 | train loss: 0.053 |val acc: 0.873 (0.886, 0.853) | val dp gap: 0.1642
begin calculating influence
[Strategy 5] Acc of expected label: 0.858359375
calculating influence -- done
Use 5460 samples. Get 7006 labels. Ratio: 0.7793320011418784
Files already downloaded and verified
3255 originally labeled samples, 2205 new samples, and 157310 unlabeled samples. Total: 162770
 41.20% | time: 736.5s (131.7m) | step:   3143 | train acc: 1.000 | train loss: 0.008 |test acc: 0.859 (0.870, 0.841) | test dp gap: 0.1002
 41.20% | time:   1.4s (131.7m) | step:   3143 | train acc: 1.000 | train loss: 0.008 |val acc: 0.866 (0.886, 0.835) | val dp gap: 0.1142
begin calculating influence
[Strategy 5] Acc of expected label: 0.8573046875
calculating influence -- done
Use 5500 samples. Get 7067 labels. Ratio: 0.7782651761709354
Files already downloaded and verified
3255 originally labeled samples, 2245 new samples, and 157270 unlabeled samples. Total: 162770
 41.66% | time: 682.5s (143.1m) | step:   3178 | train acc: 1.000 | train loss: 0.002 |test acc: 0.861 (0.874, 0.842) | test dp gap: 0.1030
 41.66% | time:   1.4s (143.1m) | step:   3178 | train acc: 1.000 | train loss: 0.002 |val acc: 0.871 (0.878, 0.860) | val dp gap: 0.1196
begin calculating influence
[Strategy 5] Acc of expected label: 0.86171875
calculating influence -- done
Use 5681 samples. Get 7368 labels. Ratio: 0.7710369163952225
Files already downloaded and verified
3255 originally labeled samples, 2426 new samples, and 157089 unlabeled samples. Total: 162770
Epoch 5
 44.29% | time: 733.8s (155.4m) | step:   3379 | train acc: 0.996 | train loss: 0.011 |test acc: 0.862 (0.874, 0.843) | test dp gap: 0.1110
 44.29% | time:   1.4s (155.4m) | step:   3379 | train acc: 0.996 | train loss: 0.011 |val acc: 0.870 (0.890, 0.838) | val dp gap: 0.1116
begin calculating influence
[Strategy 5] Acc of expected label: 0.8612890625
calculating influence -- done
Use 5937 samples. Get 7789 labels. Ratio: 0.7622287841828219
Files already downloaded and verified
3255 originally labeled samples, 2682 new samples, and 156833 unlabeled samples. Total: 162770
 46.91% | time: 734.6s (167.6m) | step:   3579 | train acc: 1.000 | train loss: 0.003 |test acc: 0.865 (0.875, 0.850) | test dp gap: 0.1025
 46.91% | time:   1.2s (167.7m) | step:   3579 | train acc: 1.000 | train loss: 0.003 |val acc: 0.872 (0.881, 0.856) | val dp gap: 0.1153
begin calculating influence
[Strategy 5] Acc of expected label: 0.8678125
calculating influence -- done
Use 6193 samples. Get 8230 labels. Ratio: 0.752490886998785
Files already downloaded and verified
3255 originally labeled samples, 2938 new samples, and 156577 unlabeled samples. Total: 162770
 49.53% | time: 733.5s (179.9m) | step:   3779 | train acc: 1.000 | train loss: 0.005 |test acc: 0.866 (0.877, 0.848) | test dp gap: 0.1117
 49.53% | time:   1.2s (179.9m) | step:   3779 | train acc: 1.000 | train loss: 0.005 |val acc: 0.882 (0.898, 0.857) | val dp gap: 0.1360
begin calculating influence
[Strategy 5] Acc of expected label: 0.8661328125
calculating influence -- done
Use 6449 samples. Get 8716 labels. Ratio: 0.7399036255162919
Files already downloaded and verified
3255 originally labeled samples, 3194 new samples, and 156321 unlabeled samples. Total: 162770
 49.99% | time: 677.3s (191.2m) | step:   3814 | train acc: 0.789 | train loss: 0.452 |test acc: 0.809 (0.837, 0.764) | test dp gap: 0.0315
 49.99% | time:   1.5s (191.2m) | step:   3814 | train acc: 0.789 | train loss: 0.452 |val acc: 0.820 (0.845, 0.782) | val dp gap: 0.0386
begin calculating influence
[Strategy 5] Acc of expected label: 0.8061328125
calculating influence -- done
Use 6639 samples. Get 8965 labels. Ratio: 0.7405465699944228
Files already downloaded and verified
3255 originally labeled samples, 3384 new samples, and 156131 unlabeled samples. Total: 162770
Epoch 6
 52.62% | time: 730.9s (203.4m) | step:   4014 | train acc: 1.000 | train loss: 0.008 |test acc: 0.870 (0.880, 0.854) | test dp gap: 0.1077
 52.62% | time:   1.5s (203.4m) | step:   4014 | train acc: 1.000 | train loss: 0.008 |val acc: 0.883 (0.902, 0.853) | val dp gap: 0.1313
begin calculating influence
[Strategy 5] Acc of expected label: 0.872265625
calculating influence -- done
Use 6762 samples. Get 9147 labels. Ratio: 0.7392587733683175
Files already downloaded and verified
3255 originally labeled samples, 3507 new samples, and 156008 unlabeled samples. Total: 162770
 55.24% | time: 730.6s (215.6m) | step:   4214 | train acc: 0.992 | train loss: 0.022 |test acc: 0.870 (0.879, 0.855) | test dp gap: 0.1118
 55.24% | time:   1.5s (215.6m) | step:   4214 | train acc: 0.992 | train loss: 0.022 |val acc: 0.880 (0.890, 0.864) | val dp gap: 0.1419
begin calculating influence
[Strategy 5] Acc of expected label: 0.8730078125
calculating influence -- done
Use 7018 samples. Get 9571 labels. Ratio: 0.7332567129871487
Files already downloaded and verified
3255 originally labeled samples, 3763 new samples, and 155752 unlabeled samples. Total: 162770
 57.86% | time: 730.6s (227.8m) | step:   4414 | train acc: 1.000 | train loss: 0.002 |test acc: 0.869 (0.878, 0.853) | test dp gap: 0.1112
 57.86% | time:   1.5s (227.8m) | step:   4414 | train acc: 1.000 | train loss: 0.002 |val acc: 0.883 (0.902, 0.852) | val dp gap: 0.1138
begin calculating influence
[Strategy 5] Acc of expected label: 0.8687890625
calculating influence -- done
Use 7274 samples. Get 9993 labels. Ratio: 0.7279095366756729
Files already downloaded and verified
3255 originally labeled samples, 4019 new samples, and 155496 unlabeled samples. Total: 162770
 58.32% | time: 675.4s (239.1m) | step:   4449 | train acc: 1.000 | train loss: 0.005 |test acc: 0.872 (0.882, 0.856) | test dp gap: 0.1101
 58.32% | time:   1.4s (239.1m) | step:   4449 | train acc: 1.000 | train loss: 0.005 |val acc: 0.885 (0.897, 0.865) | val dp gap: 0.1308
begin calculating influence
[Strategy 5] Acc of expected label: 0.8737890625
calculating influence -- done
Use 7530 samples. Get 10400 labels. Ratio: 0.7240384615384615
Files already downloaded and verified
3255 originally labeled samples, 4275 new samples, and 155240 unlabeled samples. Total: 162770
Epoch 7
 60.95% | time: 730.1s (251.3m) | step:   4650 | train acc: 1.000 | train loss: 0.008 |test acc: 0.871 (0.882, 0.852) | test dp gap: 0.1048
 60.95% | time:   1.4s (251.3m) | step:   4650 | train acc: 1.000 | train loss: 0.008 |val acc: 0.881 (0.890, 0.866) | val dp gap: 0.1074
begin calculating influence
[Strategy 5] Acc of expected label: 0.868984375
calculating influence -- done
Use 7786 samples. Get 10777 labels. Ratio: 0.7224645077479818
Files already downloaded and verified
3255 originally labeled samples, 4531 new samples, and 154984 unlabeled samples. Total: 162770
 63.57% | time: 729.6s (263.5m) | step:   4850 | train acc: 0.988 | train loss: 0.025 |test acc: 0.871 (0.886, 0.848) | test dp gap: 0.1135
 63.57% | time:   1.4s (263.5m) | step:   4850 | train acc: 0.988 | train loss: 0.025 |val acc: 0.881 (0.900, 0.850) | val dp gap: 0.1298
begin calculating influence
[Strategy 5] Acc of expected label: 0.8730859375
calculating influence -- done
Use 8042 samples. Get 11135 labels. Ratio: 0.7222272114952851
Files already downloaded and verified
3255 originally labeled samples, 4787 new samples, and 154728 unlabeled samples. Total: 162770
 66.19% | time: 735.7s (275.7m) | step:   5050 | train acc: 1.000 | train loss: 0.002 |test acc: 0.874 (0.885, 0.857) | test dp gap: 0.1125
 66.19% | time:   1.5s (275.8m) | step:   5050 | train acc: 1.000 | train loss: 0.002 |val acc: 0.880 (0.894, 0.856) | val dp gap: 0.1357
begin calculating influence
[Strategy 5] Acc of expected label: 0.8753515625
calculating influence -- done
Use 8298 samples. Get 11530 labels. Ratio: 0.7196877710320903
Files already downloaded and verified
3255 originally labeled samples, 5043 new samples, and 154472 unlabeled samples. Total: 162770
 66.65% | time: 673.4s (287.0m) | step:   5085 | train acc: 0.992 | train loss: 0.018 |test acc: 0.876 (0.888, 0.857) | test dp gap: 0.1105
 66.65% | time:   1.5s (287.0m) | step:   5085 | train acc: 0.992 | train loss: 0.018 |val acc: 0.889 (0.907, 0.859) | val dp gap: 0.1305
begin calculating influence
[Strategy 5] Acc of expected label: 0.8746484375
calculating influence -- done
Use 8449 samples. Get 11787 labels. Ratio: 0.7168066513956053
Files already downloaded and verified
3255 originally labeled samples, 5194 new samples, and 154321 unlabeled samples. Total: 162770
Epoch 8
 69.29% | time: 731.0s (299.2m) | step:   5286 | train acc: 0.996 | train loss: 0.010 |test acc: 0.871 (0.885, 0.849) | test dp gap: 0.1038
 69.29% | time:   1.6s (299.2m) | step:   5286 | train acc: 0.996 | train loss: 0.010 |val acc: 0.877 (0.900, 0.841) | val dp gap: 0.1238
begin calculating influence
[Strategy 5] Acc of expected label: 0.872734375
calculating influence -- done
Use 8705 samples. Get 12145 labels. Ratio: 0.7167558666117744
Files already downloaded and verified
3255 originally labeled samples, 5450 new samples, and 154065 unlabeled samples. Total: 162770
 71.91% | time: 729.9s (311.4m) | step:   5486 | train acc: 0.996 | train loss: 0.008 |test acc: 0.876 (0.887, 0.860) | test dp gap: 0.1143
 71.91% | time:   1.5s (311.4m) | step:   5486 | train acc: 0.996 | train loss: 0.008 |val acc: 0.881 (0.900, 0.850) | val dp gap: 0.1417
begin calculating influence
[Strategy 5] Acc of expected label: 0.8807421875
calculating influence -- done
Use 8961 samples. Get 12553 labels. Ratio: 0.7138532621684059
Files already downloaded and verified
3255 originally labeled samples, 5706 new samples, and 153809 unlabeled samples. Total: 162770
 74.53% | time: 728.8s (323.6m) | step:   5686 | train acc: 1.000 | train loss: 0.003 |test acc: 0.880 (0.889, 0.865) | test dp gap: 0.1099
 74.53% | time:   1.4s (323.6m) | step:   5686 | train acc: 1.000 | train loss: 0.003 |val acc: 0.893 (0.899, 0.882) | val dp gap: 0.1427
begin calculating influence
[Strategy 5] Acc of expected label: 0.8825
calculating influence -- done
Use 9217 samples. Get 12972 labels. Ratio: 0.7105303731113167
Files already downloaded and verified
3255 originally labeled samples, 5962 new samples, and 153553 unlabeled samples. Total: 162770
 74.99% | time: 673.5s (334.8m) | step:   5721 | train acc: 1.000 | train loss: 0.004 |test acc: 0.876 (0.886, 0.859) | test dp gap: 0.1143
 74.99% | time:   1.5s (334.8m) | step:   5721 | train acc: 1.000 | train loss: 0.004 |val acc: 0.890 (0.902, 0.871) | val dp gap: 0.1061
begin calculating influence
[Strategy 5] Acc of expected label: 0.8802734375
calculating influence -- done
Use 9473 samples. Get 13444 labels. Ratio: 0.7046265992264207
Files already downloaded and verified
3255 originally labeled samples, 6218 new samples, and 153297 unlabeled samples. Total: 162770
Epoch 9
 77.62% | time: 735.5s (347.1m) | step:   5922 | train acc: 0.996 | train loss: 0.006 |test acc: 0.877 (0.887, 0.862) | test dp gap: 0.1122
 77.62% | time:   1.5s (347.1m) | step:   5922 | train acc: 0.996 | train loss: 0.006 |val acc: 0.889 (0.909, 0.858) | val dp gap: 0.1371
begin calculating influence
[Strategy 5] Acc of expected label: 0.8748828125
calculating influence -- done
Use 9729 samples. Get 13801 labels. Ratio: 0.7049489167451634
Files already downloaded and verified
3255 originally labeled samples, 6474 new samples, and 153041 unlabeled samples. Total: 162770
 80.25% | time: 730.0s (359.3m) | step:   6122 | train acc: 1.000 | train loss: 0.001 |test acc: 0.877 (0.887, 0.862) | test dp gap: 0.1147
 80.25% | time:   1.4s (359.3m) | step:   6122 | train acc: 1.000 | train loss: 0.001 |val acc: 0.884 (0.898, 0.862) | val dp gap: 0.1396
begin calculating influence
[Strategy 5] Acc of expected label: 0.88
calculating influence -- done
Use 9985 samples. Get 14133 labels. Ratio: 0.7065025118516947
Files already downloaded and verified
3255 originally labeled samples, 6730 new samples, and 152785 unlabeled samples. Total: 162770
 82.87% | time: 720.3s (371.3m) | step:   6322 | train acc: 1.000 | train loss: 0.003 |test acc: 0.876 (0.887, 0.859) | test dp gap: 0.1088
 82.87% | time:   1.4s (371.3m) | step:   6322 | train acc: 1.000 | train loss: 0.003 |val acc: 0.875 (0.899, 0.838) | val dp gap: 0.1348
begin calculating influence
[Strategy 5] Acc of expected label: 0.878046875
calculating influence -- done
Use 10241 samples. Get 14463 labels. Ratio: 0.7080826937703104
Files already downloaded and verified
3255 originally labeled samples, 6986 new samples, and 152529 unlabeled samples. Total: 162770
 83.33% | time: 671.2s (382.5m) | step:   6357 | train acc: 0.984 | train loss: 0.058 |test acc: 0.874 (0.888, 0.852) | test dp gap: 0.1087
 83.33% | time:   1.5s (382.6m) | step:   6357 | train acc: 0.984 | train loss: 0.058 |val acc: 0.878 (0.895, 0.851) | val dp gap: 0.1057
begin calculating influence
[Strategy 5] Acc of expected label: 0.8784375
calculating influence -- done
Use 10497 samples. Get 14740 labels. Ratio: 0.7121438263229308
Files already downloaded and verified
3255 originally labeled samples, 7242 new samples, and 152273 unlabeled samples. Total: 162770
Epoch 10
 85.96% | time: 731.7s (394.7m) | step:   6558 | train acc: 1.000 | train loss: 0.001 |test acc: 0.881 (0.890, 0.867) | test dp gap: 0.1093
 85.96% | time:   1.4s (394.8m) | step:   6558 | train acc: 1.000 | train loss: 0.001 |val acc: 0.888 (0.910, 0.853) | val dp gap: 0.1408
begin calculating influence
calculating influence -- done
length of new labels 256
Use 10497+256 = 10753 samples.
Files already downloaded and verified
3255 originally labeled samples, 7498 new samples, and 152017 unlabeled samples. Total: 162770
 88.58% | time: 734.0s (407.0m) | step:   6758 | train acc: 1.000 | train loss: 0.003 |test acc: 0.882 (0.893, 0.866) | test dp gap: 0.1171
 88.58% | time:   1.5s (407.0m) | step:   6758 | train acc: 1.000 | train loss: 0.003 |val acc: 0.886 (0.897, 0.869) | val dp gap: 0.1520
begin calculating influence
calculating influence -- done
length of new labels 352
Use 10497+352 = 10849 samples.
Files already downloaded and verified
3255 originally labeled samples, 7594 new samples, and 151921 unlabeled samples. Total: 162770
 91.20% | time: 725.8s (419.1m) | step:   6958 | train acc: 1.000 | train loss: 0.003 |test acc: 0.880 (0.890, 0.864) | test dp gap: 0.1178
 91.20% | time:   1.4s (419.1m) | step:   6958 | train acc: 1.000 | train loss: 0.003 |val acc: 0.889 (0.904, 0.865) | val dp gap: 0.1367
begin calculating influence
calculating influence -- done
length of new labels 608
Use 10497+608 = 11105 samples.
Files already downloaded and verified
3255 originally labeled samples, 7850 new samples, and 151665 unlabeled samples. Total: 162770
 91.66% | time: 673.7s (430.4m) | step:   6993 | train acc: 0.926 | train loss: 0.162 |test acc: 0.867 (0.877, 0.850) | test dp gap: 0.0913
 91.66% | time:   1.4s (430.4m) | step:   6993 | train acc: 0.926 | train loss: 0.162 |val acc: 0.869 (0.889, 0.837) | val dp gap: 0.0859
begin calculating influence
calculating influence -- done
length of new labels 864
Use 10497+864 = 11361 samples.
Files already downloaded and verified
3255 originally labeled samples, 8106 new samples, and 151409 unlabeled samples. Total: 162770
Epoch 11
 94.30% | time: 734.1s (442.6m) | step:   7194 | train acc: 1.000 | train loss: 0.001 |test acc: 0.878 (0.889, 0.861) | test dp gap: 0.1082
 94.30% | time:   1.3s (442.7m) | step:   7194 | train acc: 1.000 | train loss: 0.001 |val acc: 0.887 (0.905, 0.858) | val dp gap: 0.1231
begin calculating influence
calculating influence -- done
length of new labels 1037
Use 10497+1037 = 11534 samples.
Files already downloaded and verified
3255 originally labeled samples, 8279 new samples, and 151236 unlabeled samples. Total: 162770
 96.92% | time: 734.3s (454.9m) | step:   7394 | train acc: 0.996 | train loss: 0.010 |test acc: 0.879 (0.890, 0.863) | test dp gap: 0.1069
 96.92% | time:   1.4s (454.9m) | step:   7394 | train acc: 0.996 | train loss: 0.010 |val acc: 0.885 (0.898, 0.863) | val dp gap: 0.0905
begin calculating influence
calculating influence -- done
length of new labels 1293
Use 10497+1293 = 11790 samples.
Files already downloaded and verified
3255 originally labeled samples, 8535 new samples, and 150980 unlabeled samples. Total: 162770
 99.54% | time: 734.1s (467.2m) | step:   7594 | train acc: 0.996 | train loss: 0.019 |test acc: 0.876 (0.886, 0.860) | test dp gap: 0.1084
 99.54% | time:   1.3s (467.2m) | step:   7594 | train acc: 0.996 | train loss: 0.019 |val acc: 0.880 (0.899, 0.850) | val dp gap: 0.1051
begin calculating influence
calculating influence -- done
length of new labels 1549
Use 10497+1549 = 12046 samples.
Files already downloaded and verified
3255 originally labeled samples, 8791 new samples, and 150724 unlabeled samples. Total: 162770
100.00% | time: 675.2s (478.4m) | step:   7629 | train acc: 0.984 | train loss: 0.046 |test acc: 0.877 (0.886, 0.863) | test dp gap: 0.1042
100.00% | time:   1.4s (478.5m) | step:   7629 | train acc: 0.984 | train loss: 0.046 |val acc: 0.878 (0.897, 0.850) | val dp gap: 0.0944
begin calculating influence
calculating influence -- done
length of new labels 1805
Use 10497+1805 = 12302 samples.
Files already downloaded and verified
3255 originally labeled samples, 9047 new samples, and 150468 unlabeled samples. Total: 162770
