Files already downloaded and verified
3255 originally labeled samples, 0 new samples, and 159515 unlabeled samples. Total: 162770
Files already downloaded and verified
1996 originally labeled samples, 0 new samples, and 17966 unlabeled samples. Total: 19962
Numer of layers 200
train net...
train with 162770 samples (with replacement) in one epoch
Epoch 0
  2.62% | time: 103.6s (  1.7m) | step:    200 | train acc: 0.977 | train loss: 0.059 |warm_t acc: 0.841 (0.855, 0.820) | warm_t dp gap: 0.1254
  2.62% | time:   6.7s (  1.8m) | step:    200 | train acc: 0.977 | train loss: 0.059 |warm_v acc: 0.845 (0.858, 0.823) | warm_v dp gap: 0.1389
  5.24% | time:  78.7s (  3.1m) | step:    400 | train acc: 1.000 | train loss: 0.000 |warm_t acc: 0.847 (0.860, 0.827) | warm_t dp gap: 0.1304
  5.24% | time:   1.4s (  3.2m) | step:    400 | train acc: 1.000 | train loss: 0.000 |warm_v acc: 0.857 (0.868, 0.839) | warm_v dp gap: 0.1455
  7.86% | time:  79.3s (  4.5m) | step:    600 | train acc: 1.000 | train loss: 0.000 |warm_t acc: 0.847 (0.859, 0.827) | warm_t dp gap: 0.1301
  7.86% | time:   1.4s (  4.5m) | step:    600 | train acc: 1.000 | train loss: 0.000 |warm_v acc: 0.854 (0.875, 0.820) | warm_v dp gap: 0.1412
  8.32% | time:  21.2s (  4.9m) | step:    635 | train acc: 1.000 | train loss: 0.000 |warm_t acc: 0.847 (0.859, 0.827) | warm_t dp gap: 0.1299
  8.32% | time:   1.4s (  4.9m) | step:    635 | train acc: 1.000 | train loss: 0.000 |warm_v acc: 0.854 (0.871, 0.829) | warm_v dp gap: 0.1376
Epoch 1
 10.95% | time:  82.1s (  6.3m) | step:    835 | train acc: 1.000 | train loss: 0.000 |warm_t acc: 0.847 (0.859, 0.828) | warm_t dp gap: 0.1302
 10.95% | time:   1.4s (  6.3m) | step:    835 | train acc: 1.000 | train loss: 0.000 |warm_v acc: 0.854 (0.881, 0.811) | warm_v dp gap: 0.1445
 13.57% | time:  80.5s (  7.6m) | step:   1035 | train acc: 1.000 | train loss: 0.000 |warm_t acc: 0.847 (0.859, 0.828) | warm_t dp gap: 0.1313
 13.57% | time:   1.4s (  7.7m) | step:   1035 | train acc: 1.000 | train loss: 0.000 |warm_v acc: 0.852 (0.867, 0.828) | warm_v dp gap: 0.1473
 16.19% | time:  80.0s (  9.0m) | step:   1235 | train acc: 1.000 | train loss: 0.000 |warm_t acc: 0.847 (0.859, 0.828) | warm_t dp gap: 0.1310
 16.19% | time:   1.4s (  9.0m) | step:   1235 | train acc: 1.000 | train loss: 0.000 |warm_v acc: 0.848 (0.867, 0.821) | warm_v dp gap: 0.1596
 16.65% | time:  22.5s (  9.4m) | step:   1270 | train acc: 1.000 | train loss: 0.000 |warm_t acc: 0.847 (0.859, 0.828) | warm_t dp gap: 0.1310
 16.65% | time:   1.4s (  9.4m) | step:   1270 | train acc: 1.000 | train loss: 0.000 |warm_v acc: 0.849 (0.861, 0.830) | warm_v dp gap: 0.1446
Epoch 2
 19.28% | time:  80.7s ( 10.8m) | step:   1471 | train acc: 1.000 | train loss: 0.000 |test acc: 0.847 (0.859, 0.828) | test dp gap: 0.1309
 19.28% | time:   1.2s ( 10.8m) | step:   1471 | train acc: 1.000 | train loss: 0.000 |val acc: 0.857 (0.874, 0.831) | val dp gap: 0.1668
begin calculating influence
selected layers: [Traced<ShapedArray(float32[768])>with<DynamicJaxprTrace(level=0/1)>, Traced<ShapedArray(float32[8,8,3,768])>with<DynamicJaxprTrace(level=0/1)>, Traced<ShapedArray(float32[2])>with<DynamicJaxprTrace(level=0/1)>, Traced<ShapedArray(float32[768,2])>with<DynamicJaxprTrace(level=0/1)>]
[Strategy 2] Acc of expected label: 0.848984375
calculating influence -- done
Use 3511 samples. Get 3711 labels. Ratio: 0.9461061708434384
Files already downloaded and verified
3255 originally labeled samples, 256 new samples, and 159259 unlabeled samples. Total: 162770
 21.90% | time: 794.2s ( 24.0m) | step:   1671 | train acc: 0.992 | train loss: 0.052 |test acc: 0.823 (0.824, 0.823) | test dp gap: 0.0806
 21.90% | time:   1.5s ( 24.0m) | step:   1671 | train acc: 0.992 | train loss: 0.052 |val acc: 0.824 (0.839, 0.799) | val dp gap: 0.1218
begin calculating influence
[Strategy 2] Acc of expected label: 0.816953125
calculating influence -- done
Use 3767 samples. Get 4365 labels. Ratio: 0.8630011454753723
Files already downloaded and verified
3255 originally labeled samples, 512 new samples, and 159003 unlabeled samples. Total: 162770
 24.52% | time: 768.8s ( 36.8m) | step:   1871 | train acc: 0.914 | train loss: 0.271 |test acc: 0.858 (0.862, 0.851) | test dp gap: 0.1141
 24.52% | time:   1.5s ( 36.9m) | step:   1871 | train acc: 0.914 | train loss: 0.271 |val acc: 0.872 (0.878, 0.864) | val dp gap: 0.1513
begin calculating influence
[Strategy 2] Acc of expected label: 0.859375
calculating influence -- done
Use 4023 samples. Get 4794 labels. Ratio: 0.8391739674593242
Files already downloaded and verified
3255 originally labeled samples, 768 new samples, and 158747 unlabeled samples. Total: 162770
 24.98% | time: 699.5s ( 48.5m) | step:   1906 | train acc: 0.945 | train loss: 0.184 |test acc: 0.857 (0.869, 0.838) | test dp gap: 0.1032
 24.98% | time:   1.4s ( 48.6m) | step:   1906 | train acc: 0.945 | train loss: 0.184 |val acc: 0.867 (0.890, 0.830) | val dp gap: 0.1121
begin calculating influence
[Strategy 2] Acc of expected label: 0.85640625
calculating influence -- done
Use 4279 samples. Get 5137 labels. Ratio: 0.8329764453961456
Files already downloaded and verified
3255 originally labeled samples, 1024 new samples, and 158491 unlabeled samples. Total: 162770
Epoch 3
 27.62% | time: 767.4s ( 61.3m) | step:   2107 | train acc: 0.953 | train loss: 0.155 |test acc: 0.854 (0.861, 0.843) | test dp gap: 0.1088
 27.62% | time:   1.2s ( 61.4m) | step:   2107 | train acc: 0.953 | train loss: 0.155 |val acc: 0.870 (0.882, 0.852) | val dp gap: 0.1367
begin calculating influence
[Strategy 2] Acc of expected label: 0.8585546875
calculating influence -- done
Use 4535 samples. Get 5612 labels. Ratio: 0.8080898075552387
Files already downloaded and verified
3255 originally labeled samples, 1280 new samples, and 158235 unlabeled samples. Total: 162770
 30.24% | time: 766.3s ( 74.1m) | step:   2307 | train acc: 0.996 | train loss: 0.013 |test acc: 0.856 (0.871, 0.831) | test dp gap: 0.1158
 30.24% | time:   1.3s ( 74.2m) | step:   2307 | train acc: 0.996 | train loss: 0.013 |val acc: 0.851 (0.880, 0.805) | val dp gap: 0.1458
begin calculating influence
[Strategy 2] Acc of expected label: 0.8545703125
calculating influence -- done
Use 4634 samples. Get 5721 labels. Ratio: 0.8099982520538367
Files already downloaded and verified
3255 originally labeled samples, 1379 new samples, and 158136 unlabeled samples. Total: 162770
 32.86% | time: 763.8s ( 86.9m) | step:   2507 | train acc: 1.000 | train loss: 0.000 |test acc: 0.860 (0.873, 0.840) | test dp gap: 0.1141
 32.86% | time:   1.4s ( 86.9m) | step:   2507 | train acc: 1.000 | train loss: 0.000 |val acc: 0.857 (0.883, 0.816) | val dp gap: 0.1396
begin calculating influence
[Strategy 2] Acc of expected label: 0.8609375
calculating influence -- done
Use 4738 samples. Get 5851 labels. Ratio: 0.8097761066484361
Files already downloaded and verified
3255 originally labeled samples, 1483 new samples, and 158032 unlabeled samples. Total: 162770
 33.32% | time: 702.4s ( 98.6m) | step:   2542 | train acc: 1.000 | train loss: 0.001 |test acc: 0.861 (0.875, 0.839) | test dp gap: 0.1061
 33.32% | time:   1.2s ( 98.6m) | step:   2542 | train acc: 1.000 | train loss: 0.001 |val acc: 0.856 (0.886, 0.808) | val dp gap: 0.1120
begin calculating influence
[Strategy 2] Acc of expected label: 0.859921875
calculating influence -- done
Use 4862 samples. Get 6019 labels. Ratio: 0.8077753779697624
Files already downloaded and verified
3255 originally labeled samples, 1607 new samples, and 157908 unlabeled samples. Total: 162770
Epoch 4
 35.95% | time: 763.7s (111.4m) | step:   2743 | train acc: 0.977 | train loss: 0.088 |test acc: 0.860 (0.878, 0.831) | test dp gap: 0.0794
 35.95% | time:   1.3s (111.4m) | step:   2743 | train acc: 0.977 | train loss: 0.088 |val acc: 0.857 (0.885, 0.815) | val dp gap: 0.1004
begin calculating influence
[Strategy 2] Acc of expected label: 0.85890625
calculating influence -- done
Use 4924 samples. Get 6096 labels. Ratio: 0.8077427821522309
Files already downloaded and verified
3255 originally labeled samples, 1669 new samples, and 157846 unlabeled samples. Total: 162770
 38.58% | time: 760.7s (124.1m) | step:   2943 | train acc: 0.996 | train loss: 0.020 |test acc: 0.861 (0.875, 0.839) | test dp gap: 0.1086
 38.58% | time:   1.4s (124.1m) | step:   2943 | train acc: 0.996 | train loss: 0.020 |val acc: 0.858 (0.885, 0.815) | val dp gap: 0.1203
begin calculating influence
[Strategy 2] Acc of expected label: 0.8626953125
calculating influence -- done
Use 5180 samples. Get 6471 labels. Ratio: 0.8004945139854737
Files already downloaded and verified
3255 originally labeled samples, 1925 new samples, and 157590 unlabeled samples. Total: 162770
 41.20% | time: 760.8s (136.8m) | step:   3143 | train acc: 0.992 | train loss: 0.045 |test acc: 0.861 (0.874, 0.840) | test dp gap: 0.1027
 41.20% | time:   1.4s (136.8m) | step:   3143 | train acc: 0.992 | train loss: 0.045 |val acc: 0.857 (0.877, 0.826) | val dp gap: 0.1197
begin calculating influence
[Strategy 2] Acc of expected label: 0.8622265625
calculating influence -- done
Use 5436 samples. Get 6884 labels. Ratio: 0.78965717606043
Files already downloaded and verified
3255 originally labeled samples, 2181 new samples, and 157334 unlabeled samples. Total: 162770
 41.66% | time: 705.4s (148.5m) | step:   3178 | train acc: 0.988 | train loss: 0.048 |test acc: 0.867 (0.875, 0.855) | test dp gap: 0.1045
 41.66% | time:   1.6s (148.6m) | step:   3178 | train acc: 0.988 | train loss: 0.048 |val acc: 0.868 (0.886, 0.840) | val dp gap: 0.1430
begin calculating influence
[Strategy 2] Acc of expected label: 0.8673828125
calculating influence -- done
Use 5692 samples. Get 7416 labels. Ratio: 0.767529665587918
Files already downloaded and verified
3255 originally labeled samples, 2437 new samples, and 157078 unlabeled samples. Total: 162770
Epoch 5
 44.29% | time: 759.2s (161.2m) | step:   3379 | train acc: 1.000 | train loss: 0.001 |test acc: 0.870 (0.882, 0.851) | test dp gap: 0.0960
 44.29% | time:   1.5s (161.3m) | step:   3379 | train acc: 1.000 | train loss: 0.001 |val acc: 0.865 (0.879, 0.844) | val dp gap: 0.1068
begin calculating influence
[Strategy 2] Acc of expected label: 0.8696484375
calculating influence -- done
Use 5791 samples. Get 7571 labels. Ratio: 0.7648923523973055
Files already downloaded and verified
3255 originally labeled samples, 2536 new samples, and 156979 unlabeled samples. Total: 162770
 46.91% | time: 757.1s (173.9m) | step:   3579 | train acc: 1.000 | train loss: 0.000 |test acc: 0.870 (0.882, 0.852) | test dp gap: 0.0998
 46.91% | time:   1.4s (173.9m) | step:   3579 | train acc: 1.000 | train loss: 0.000 |val acc: 0.863 (0.883, 0.832) | val dp gap: 0.1206
begin calculating influence
[Strategy 2] Acc of expected label: 0.86859375
calculating influence -- done
Use 5830 samples. Get 7633 labels. Ratio: 0.7637888117385039
Files already downloaded and verified
3255 originally labeled samples, 2575 new samples, and 156940 unlabeled samples. Total: 162770
 49.53% | time: 760.5s (186.6m) | step:   3779 | train acc: 1.000 | train loss: 0.000 |test acc: 0.870 (0.883, 0.849) | test dp gap: 0.0991
 49.53% | time:   1.5s (186.6m) | step:   3779 | train acc: 1.000 | train loss: 0.000 |val acc: 0.856 (0.876, 0.825) | val dp gap: 0.1117
begin calculating influence
[Strategy 2] Acc of expected label: 0.8684375
calculating influence -- done
Use 5856 samples. Get 7674 labels. Ratio: 0.763096168881939
Files already downloaded and verified
3255 originally labeled samples, 2601 new samples, and 156914 unlabeled samples. Total: 162770
 49.99% | time: 704.2s (198.3m) | step:   3814 | train acc: 1.000 | train loss: 0.000 |test acc: 0.869 (0.882, 0.848) | test dp gap: 0.1014
 49.99% | time:   1.4s (198.4m) | step:   3814 | train acc: 1.000 | train loss: 0.000 |val acc: 0.858 (0.882, 0.817) | val dp gap: 0.1118
begin calculating influence
[Strategy 2] Acc of expected label: 0.8698828125
calculating influence -- done
Use 5960 samples. Get 7818 labels. Ratio: 0.762343310309542
Files already downloaded and verified
3255 originally labeled samples, 2705 new samples, and 156810 unlabeled samples. Total: 162770
Epoch 6
 52.62% | time: 758.5s (211.0m) | step:   4014 | train acc: 0.984 | train loss: 0.063 |test acc: 0.869 (0.878, 0.855) | test dp gap: 0.1063
 52.62% | time:   1.5s (211.0m) | step:   4014 | train acc: 0.984 | train loss: 0.063 |val acc: 0.859 (0.884, 0.818) | val dp gap: 0.1085
begin calculating influence
[Strategy 2] Acc of expected label: 0.8716796875
calculating influence -- done
Use 6039 samples. Get 7920 labels. Ratio: 0.7625
Files already downloaded and verified
3255 originally labeled samples, 2784 new samples, and 156731 unlabeled samples. Total: 162770
 55.24% | time: 759.6s (223.7m) | step:   4214 | train acc: 0.996 | train loss: 0.007 |test acc: 0.861 (0.876, 0.836) | test dp gap: 0.0965
 55.24% | time:   1.6s (223.7m) | step:   4214 | train acc: 0.996 | train loss: 0.007 |val acc: 0.864 (0.890, 0.823) | val dp gap: 0.1008
begin calculating influence
[Strategy 2] Acc of expected label: 0.864140625
calculating influence -- done
Use 6295 samples. Get 8244 labels. Ratio: 0.7635856380397865
Files already downloaded and verified
3255 originally labeled samples, 3040 new samples, and 156475 unlabeled samples. Total: 162770
 57.86% | time: 760.1s (236.4m) | step:   4414 | train acc: 1.000 | train loss: 0.000 |test acc: 0.869 (0.881, 0.851) | test dp gap: 0.1032
 57.86% | time:   1.5s (236.4m) | step:   4414 | train acc: 1.000 | train loss: 0.000 |val acc: 0.851 (0.878, 0.807) | val dp gap: 0.0924
begin calculating influence
[Strategy 2] Acc of expected label: 0.8734765625
calculating influence -- done
Use 6522 samples. Get 8541 labels. Ratio: 0.763610818405339
Files already downloaded and verified
3255 originally labeled samples, 3267 new samples, and 156248 unlabeled samples. Total: 162770
 58.32% | time: 706.8s (248.2m) | step:   4449 | train acc: 1.000 | train loss: 0.003 |test acc: 0.868 (0.880, 0.850) | test dp gap: 0.1007
 58.32% | time:   1.3s (248.2m) | step:   4449 | train acc: 1.000 | train loss: 0.003 |val acc: 0.859 (0.886, 0.814) | val dp gap: 0.1146
begin calculating influence
[Strategy 2] Acc of expected label: 0.87015625
calculating influence -- done
Use 6774 samples. Get 8892 labels. Ratio: 0.761808367071525
Files already downloaded and verified
3255 originally labeled samples, 3519 new samples, and 155996 unlabeled samples. Total: 162770
Epoch 7
 60.95% | time: 757.1s (260.8m) | step:   4650 | train acc: 0.945 | train loss: 0.106 |test acc: 0.873 (0.880, 0.861) | test dp gap: 0.1164
 60.95% | time:   1.4s (260.8m) | step:   4650 | train acc: 0.945 | train loss: 0.106 |val acc: 0.868 (0.884, 0.844) | val dp gap: 0.1351
begin calculating influence
[Strategy 2] Acc of expected label: 0.8726953125
calculating influence -- done
Use 7030 samples. Get 9323 labels. Ratio: 0.7540491258178698
Files already downloaded and verified
3255 originally labeled samples, 3775 new samples, and 155740 unlabeled samples. Total: 162770
 63.57% | time: 758.7s (273.5m) | step:   4850 | train acc: 0.992 | train loss: 0.031 |test acc: 0.868 (0.880, 0.849) | test dp gap: 0.1066
 63.57% | time:   1.4s (273.5m) | step:   4850 | train acc: 0.992 | train loss: 0.031 |val acc: 0.868 (0.893, 0.829) | val dp gap: 0.1214
begin calculating influence
[Strategy 2] Acc of expected label: 0.864296875
calculating influence -- done
Use 7063 samples. Get 9369 labels. Ratio: 0.7538691429181342
Files already downloaded and verified
3255 originally labeled samples, 3808 new samples, and 155707 unlabeled samples. Total: 162770
 66.19% | time: 760.0s (286.2m) | step:   5050 | train acc: 0.992 | train loss: 0.050 |test acc: 0.870 (0.882, 0.850) | test dp gap: 0.1104
 66.19% | time:   1.4s (286.2m) | step:   5050 | train acc: 0.992 | train loss: 0.050 |val acc: 0.867 (0.886, 0.836) | val dp gap: 0.1447
begin calculating influence
[Strategy 2] Acc of expected label: 0.8748828125
calculating influence -- done
Use 7319 samples. Get 9757 labels. Ratio: 0.7501281131495336
Files already downloaded and verified
3255 originally labeled samples, 4064 new samples, and 155451 unlabeled samples. Total: 162770
 66.65% | time: 704.5s (297.9m) | step:   5085 | train acc: 0.953 | train loss: 0.126 |test acc: 0.871 (0.883, 0.851) | test dp gap: 0.1097
 66.65% | time:   1.2s (298.0m) | step:   5085 | train acc: 0.953 | train loss: 0.126 |val acc: 0.872 (0.888, 0.845) | val dp gap: 0.1286
begin calculating influence
[Strategy 2] Acc of expected label: 0.8734375
calculating influence -- done
Use 7575 samples. Get 10161 labels. Ratio: 0.7454974904044878
Files already downloaded and verified
3255 originally labeled samples, 4320 new samples, and 155195 unlabeled samples. Total: 162770
Epoch 8
 69.29% | time: 756.3s (310.6m) | step:   5286 | train acc: 1.000 | train loss: 0.001 |test acc: 0.877 (0.887, 0.861) | test dp gap: 0.1111
 69.29% | time:   1.4s (310.6m) | step:   5286 | train acc: 1.000 | train loss: 0.001 |val acc: 0.868 (0.896, 0.826) | val dp gap: 0.1264
begin calculating influence
[Strategy 2] Acc of expected label: 0.8778125
calculating influence -- done
Use 7831 samples. Get 10603 labels. Ratio: 0.7385645572007923
Files already downloaded and verified
3255 originally labeled samples, 4576 new samples, and 154939 unlabeled samples. Total: 162770
 71.91% | time: 759.8s (323.3m) | step:   5486 | train acc: 1.000 | train loss: 0.000 |test acc: 0.878 (0.887, 0.863) | test dp gap: 0.1107
 71.91% | time:   1.5s (323.3m) | step:   5486 | train acc: 1.000 | train loss: 0.000 |val acc: 0.867 (0.887, 0.835) | val dp gap: 0.1097
begin calculating influence
[Strategy 2] Acc of expected label: 0.8797265625
calculating influence -- done
Use 8087 samples. Get 11054 labels. Ratio: 0.7315903745250588
Files already downloaded and verified
3255 originally labeled samples, 4832 new samples, and 154683 unlabeled samples. Total: 162770
 74.53% | time: 760.0s (335.9m) | step:   5686 | train acc: 1.000 | train loss: 0.001 |test acc: 0.877 (0.888, 0.860) | test dp gap: 0.1086
 74.53% | time:   1.5s (336.0m) | step:   5686 | train acc: 1.000 | train loss: 0.001 |val acc: 0.880 (0.896, 0.856) | val dp gap: 0.1462
begin calculating influence
[Strategy 2] Acc of expected label: 0.8738671875
calculating influence -- done
Use 8343 samples. Get 11480 labels. Ratio: 0.7267421602787456
Files already downloaded and verified
3255 originally labeled samples, 5088 new samples, and 154427 unlabeled samples. Total: 162770
 74.99% | time: 704.7s (347.7m) | step:   5721 | train acc: 1.000 | train loss: 0.005 |test acc: 0.873 (0.884, 0.855) | test dp gap: 0.1019
 74.99% | time:   1.3s (347.7m) | step:   5721 | train acc: 1.000 | train loss: 0.005 |val acc: 0.870 (0.896, 0.830) | val dp gap: 0.1356
begin calculating influence
[Strategy 2] Acc of expected label: 0.8760546875
calculating influence -- done
Use 8599 samples. Get 11822 labels. Ratio: 0.7273726949754694
Files already downloaded and verified
3255 originally labeled samples, 5344 new samples, and 154171 unlabeled samples. Total: 162770
Epoch 9
 77.62% | time: 756.8s (360.4m) | step:   5922 | train acc: 1.000 | train loss: 0.001 |test acc: 0.879 (0.889, 0.864) | test dp gap: 0.1148
 77.62% | time:   1.5s (360.4m) | step:   5922 | train acc: 1.000 | train loss: 0.001 |val acc: 0.876 (0.891, 0.853) | val dp gap: 0.1180
begin calculating influence
[Strategy 2] Acc of expected label: 0.8769921875
calculating influence -- done
Use 8855 samples. Get 12262 labels. Ratio: 0.7221497308758766
Files already downloaded and verified
3255 originally labeled samples, 5600 new samples, and 153915 unlabeled samples. Total: 162770
 80.25% | time: 764.4s (373.1m) | step:   6122 | train acc: 1.000 | train loss: 0.003 |test acc: 0.878 (0.888, 0.861) | test dp gap: 0.1184
 80.25% | time:   1.5s (373.1m) | step:   6122 | train acc: 1.000 | train loss: 0.003 |val acc: 0.885 (0.901, 0.862) | val dp gap: 0.1414
begin calculating influence
[Strategy 2] Acc of expected label: 0.88234375
calculating influence -- done
Use 9111 samples. Get 12659 labels. Ratio: 0.7197250967690971
Files already downloaded and verified
3255 originally labeled samples, 5856 new samples, and 153659 unlabeled samples. Total: 162770
 82.87% | time: 764.1s (385.9m) | step:   6322 | train acc: 1.000 | train loss: 0.001 |test acc: 0.877 (0.889, 0.859) | test dp gap: 0.1162
 82.87% | time:   1.6s (385.9m) | step:   6322 | train acc: 1.000 | train loss: 0.001 |val acc: 0.877 (0.890, 0.856) | val dp gap: 0.1403
begin calculating influence
[Strategy 2] Acc of expected label: 0.8792578125
calculating influence -- done
Use 9169 samples. Get 12732 labels. Ratio: 0.7201539428212378
Files already downloaded and verified
3255 originally labeled samples, 5914 new samples, and 153601 unlabeled samples. Total: 162770
 83.33% | time: 707.8s (397.7m) | step:   6357 | train acc: 1.000 | train loss: 0.002 |test acc: 0.879 (0.889, 0.864) | test dp gap: 0.1166
 83.33% | time:   1.5s (397.7m) | step:   6357 | train acc: 1.000 | train loss: 0.002 |val acc: 0.880 (0.893, 0.858) | val dp gap: 0.1128
begin calculating influence
[Strategy 2] Acc of expected label: 0.8851171875
calculating influence -- done
Use 9425 samples. Get 13208 labels. Ratio: 0.7135826771653543
Files already downloaded and verified
3255 originally labeled samples, 6170 new samples, and 153345 unlabeled samples. Total: 162770
Epoch 10
 85.96% | time: 762.8s (410.4m) | step:   6558 | train acc: 1.000 | train loss: 0.001 |test acc: 0.876 (0.886, 0.859) | test dp gap: 0.1134
 85.96% | time:   1.5s (410.5m) | step:   6558 | train acc: 1.000 | train loss: 0.001 |val acc: 0.871 (0.898, 0.828) | val dp gap: 0.1307
begin calculating influence
[Strategy 2] Acc of expected label: 0.88203125
calculating influence -- done
Use 9676 samples. Get 13534 labels. Ratio: 0.7149401507314911
Files already downloaded and verified
3255 originally labeled samples, 6421 new samples, and 153094 unlabeled samples. Total: 162770
 88.58% | time: 754.2s (423.0m) | step:   6758 | train acc: 0.996 | train loss: 0.011 |test acc: 0.873 (0.884, 0.856) | test dp gap: 0.1145
 88.58% | time:   1.4s (423.1m) | step:   6758 | train acc: 0.996 | train loss: 0.011 |val acc: 0.873 (0.897, 0.833) | val dp gap: 0.1122
begin calculating influence
[Strategy 2] Acc of expected label: 0.877265625
calculating influence -- done
Use 9769 samples. Get 13639 labels. Ratio: 0.7162548573942371
Files already downloaded and verified
3255 originally labeled samples, 6514 new samples, and 153001 unlabeled samples. Total: 162770
 91.20% | time: 756.1s (435.7m) | step:   6958 | train acc: 1.000 | train loss: 0.000 |test acc: 0.876 (0.887, 0.860) | test dp gap: 0.1122
 91.20% | time:   1.3s (435.7m) | step:   6958 | train acc: 1.000 | train loss: 0.000 |val acc: 0.882 (0.904, 0.849) | val dp gap: 0.1093
begin calculating influence
[Strategy 2] Acc of expected label: 0.8791796875
calculating influence -- done
Use 9802 samples. Get 13682 labels. Ratio: 0.7164157286946353
Files already downloaded and verified
3255 originally labeled samples, 6547 new samples, and 152968 unlabeled samples. Total: 162770
 91.66% | time: 699.3s (447.3m) | step:   6993 | train acc: 1.000 | train loss: 0.001 |test acc: 0.874 (0.886, 0.855) | test dp gap: 0.1174
 91.66% | time:   1.3s (447.4m) | step:   6993 | train acc: 1.000 | train loss: 0.001 |val acc: 0.879 (0.894, 0.855) | val dp gap: 0.1447
begin calculating influence
[Strategy 2] Acc of expected label: 0.87921875
calculating influence -- done
Use 10058 samples. Get 14033 labels. Ratio: 0.7167391149433479
Files already downloaded and verified
3255 originally labeled samples, 6803 new samples, and 152712 unlabeled samples. Total: 162770
Epoch 11
 94.30% | time: 759.6s (460.0m) | step:   7194 | train acc: 1.000 | train loss: 0.000 |test acc: 0.879 (0.890, 0.863) | test dp gap: 0.1257
 94.30% | time:   1.4s (460.0m) | step:   7194 | train acc: 1.000 | train loss: 0.000 |val acc: 0.888 (0.899, 0.871) | val dp gap: 0.1388
begin calculating influence
[Strategy 2] Acc of expected label: 0.8835546875
calculating influence -- done
Use 10314 samples. Get 14484 labels. Ratio: 0.7120961060480531
Files already downloaded and verified
3255 originally labeled samples, 7059 new samples, and 152456 unlabeled samples. Total: 162770
 96.92% | time: 764.3s (472.8m) | step:   7394 | train acc: 1.000 | train loss: 0.000 |test acc: 0.874 (0.887, 0.853) | test dp gap: 0.1057
 96.92% | time:   1.3s (472.8m) | step:   7394 | train acc: 1.000 | train loss: 0.000 |val acc: 0.873 (0.896, 0.837) | val dp gap: 0.1325
begin calculating influence
[Strategy 2] Acc of expected label: 0.878984375
calculating influence -- done
Use 10570 samples. Get 14829 labels. Ratio: 0.71279250118012
Files already downloaded and verified
3255 originally labeled samples, 7315 new samples, and 152200 unlabeled samples. Total: 162770
 99.54% | time: 763.4s (485.5m) | step:   7594 | train acc: 1.000 | train loss: 0.000 |test acc: 0.880 (0.892, 0.859) | test dp gap: 0.1101
 99.54% | time:   1.4s (485.5m) | step:   7594 | train acc: 1.000 | train loss: 0.000 |val acc: 0.879 (0.903, 0.842) | val dp gap: 0.1112
begin calculating influence
[Strategy 2] Acc of expected label: 0.8810546875
calculating influence -- done
Use 10826 samples. Get 15167 labels. Ratio: 0.7137865101865893
Files already downloaded and verified
3255 originally labeled samples, 7571 new samples, and 151944 unlabeled samples. Total: 162770
100.00% | time: 704.8s (497.3m) | step:   7629 | train acc: 1.000 | train loss: 0.000 |test acc: 0.880 (0.893, 0.859) | test dp gap: 0.1114
100.00% | time:   1.3s (497.3m) | step:   7629 | train acc: 1.000 | train loss: 0.000 |val acc: 0.885 (0.913, 0.840) | val dp gap: 0.1056
begin calculating influence
[Strategy 2] Acc of expected label: 0.882890625
calculating influence -- done
Use 11028 samples. Get 15446 labels. Ratio: 0.7139712546937719
Files already downloaded and verified
3255 originally labeled samples, 7773 new samples, and 151742 unlabeled samples. Total: 162770
