Files already downloaded and verified
3255 originally labeled samples, 0 new samples, and 159515 unlabeled samples. Total: 162770
Files already downloaded and verified
1996 originally labeled samples, 0 new samples, and 17966 unlabeled samples. Total: 19962
Numer of layers 200
train net...
train with 162770 samples (with replacement) in one epoch
Epoch 0
  2.62% | time:  94.8s (  1.6m) | step:    200 | train acc: 0.977 | train loss: 0.059 |warm_t acc: 0.841 (0.855, 0.820) | warm_t eod gap: 0.0345
  2.62% | time:   4.9s (  1.7m) | step:    200 | train acc: 0.977 | train loss: 0.059 |warm_v acc: 0.845 (0.858, 0.823) | warm_v eod gap: 0.0321
  5.24% | time:  77.1s (  2.9m) | step:    400 | train acc: 1.000 | train loss: 0.000 |warm_t acc: 0.847 (0.860, 0.827) | warm_t eod gap: 0.0391
  5.24% | time:   1.1s (  3.0m) | step:    400 | train acc: 1.000 | train loss: 0.000 |warm_v acc: 0.857 (0.868, 0.839) | warm_v eod gap: 0.0290
  7.86% | time:  78.1s (  4.3m) | step:    600 | train acc: 1.000 | train loss: 0.000 |warm_t acc: 0.847 (0.859, 0.827) | warm_t eod gap: 0.0376
  7.86% | time:   1.2s (  4.3m) | step:    600 | train acc: 1.000 | train loss: 0.000 |warm_v acc: 0.854 (0.875, 0.820) | warm_v eod gap: 0.0584
  8.32% | time:  18.7s (  4.6m) | step:    635 | train acc: 1.000 | train loss: 0.000 |warm_t acc: 0.847 (0.859, 0.827) | warm_t eod gap: 0.0380
  8.32% | time:   1.2s (  4.6m) | step:    635 | train acc: 1.000 | train loss: 0.000 |warm_v acc: 0.854 (0.871, 0.829) | warm_v eod gap: 0.0463
Epoch 1
 10.95% | time:  75.1s (  5.9m) | step:    835 | train acc: 1.000 | train loss: 0.000 |warm_t acc: 0.847 (0.859, 0.828) | warm_t eod gap: 0.0373
 10.95% | time:   1.4s (  5.9m) | step:    835 | train acc: 1.000 | train loss: 0.000 |warm_v acc: 0.854 (0.881, 0.811) | warm_v eod gap: 0.0723
 13.57% | time:  71.1s (  7.1m) | step:   1035 | train acc: 1.000 | train loss: 0.000 |warm_t acc: 0.847 (0.859, 0.828) | warm_t eod gap: 0.0372
 13.57% | time:   1.4s (  7.1m) | step:   1035 | train acc: 1.000 | train loss: 0.000 |warm_v acc: 0.852 (0.867, 0.828) | warm_v eod gap: 0.0414
 16.19% | time:  73.3s (  8.3m) | step:   1235 | train acc: 1.000 | train loss: 0.000 |warm_t acc: 0.847 (0.859, 0.828) | warm_t eod gap: 0.0374
 16.19% | time:   1.5s (  8.3m) | step:   1235 | train acc: 1.000 | train loss: 0.000 |warm_v acc: 0.848 (0.867, 0.821) | warm_v eod gap: 0.0477
 16.65% | time:  24.0s (  8.7m) | step:   1270 | train acc: 1.000 | train loss: 0.000 |warm_t acc: 0.847 (0.859, 0.828) | warm_t eod gap: 0.0373
 16.65% | time:   1.1s (  8.8m) | step:   1270 | train acc: 1.000 | train loss: 0.000 |warm_v acc: 0.849 (0.861, 0.830) | warm_v eod gap: 0.0334
Epoch 2
 19.28% | time:  73.3s ( 10.0m) | step:   1471 | train acc: 1.000 | train loss: 0.000 |test acc: 0.847 (0.859, 0.828) | test eod gap: 0.0372
 19.28% | time:   1.4s ( 10.0m) | step:   1471 | train acc: 1.000 | train loss: 0.000 |val acc: 0.857 (0.874, 0.831) | val eod gap: 0.0482
begin calculating influence
selected layers: [Traced<ShapedArray(float32[768])>with<DynamicJaxprTrace(level=0/1)>, Traced<ShapedArray(float32[8,8,3,768])>with<DynamicJaxprTrace(level=0/1)>, Traced<ShapedArray(float32[2])>with<DynamicJaxprTrace(level=0/1)>, Traced<ShapedArray(float32[768,2])>with<DynamicJaxprTrace(level=0/1)>]
[Strategy 5] Acc of expected label: 0.848984375
calculating influence -- done
Use 3511 samples. Get 3648 labels. Ratio: 0.9624451754385965
Files already downloaded and verified
3255 originally labeled samples, 256 new samples, and 159259 unlabeled samples. Total: 162770
 21.90% | time: 708.5s ( 21.8m) | step:   1671 | train acc: 0.996 | train loss: 0.072 |test acc: 0.857 (0.862, 0.849) | test eod gap: 0.0311
 21.90% | time:   1.5s ( 21.8m) | step:   1671 | train acc: 0.996 | train loss: 0.072 |val acc: 0.865 (0.884, 0.836) | val eod gap: 0.0677
begin calculating influence
[Strategy 5] Acc of expected label: 0.8527734375
calculating influence -- done
Use 3767 samples. Get 4052 labels. Ratio: 0.9296643632773939
Files already downloaded and verified
3255 originally labeled samples, 512 new samples, and 159003 unlabeled samples. Total: 162770
 24.52% | time: 720.0s ( 33.8m) | step:   1871 | train acc: 1.000 | train loss: 0.001 |test acc: 0.653 (0.684, 0.602) | test eod gap: 0.0226
 24.52% | time:   1.5s ( 33.9m) | step:   1871 | train acc: 1.000 | train loss: 0.001 |val acc: 0.652 (0.711, 0.555) | val eod gap: 0.0537
begin calculating influence
[Strategy 5] Acc of expected label: 0.6406640625
calculating influence -- done
Use 4023 samples. Get 4561 labels. Ratio: 0.8820434115325586
Files already downloaded and verified
3255 originally labeled samples, 768 new samples, and 158747 unlabeled samples. Total: 162770
 24.98% | time: 658.6s ( 44.8m) | step:   1906 | train acc: 1.000 | train loss: 0.018 |test acc: 0.683 (0.713, 0.636) | test eod gap: 0.0205
 24.98% | time:   1.4s ( 44.9m) | step:   1906 | train acc: 1.000 | train loss: 0.018 |val acc: 0.682 (0.729, 0.608) | val eod gap: 0.0250
begin calculating influence
[Strategy 5] Acc of expected label: 0.667734375
calculating influence -- done
Use 4279 samples. Get 4977 labels. Ratio: 0.8597548724131002
Files already downloaded and verified
3255 originally labeled samples, 1024 new samples, and 158491 unlabeled samples. Total: 162770
Epoch 3
 27.62% | time: 715.8s ( 56.8m) | step:   2107 | train acc: 0.992 | train loss: 0.028 |test acc: 0.719 (0.746, 0.676) | test eod gap: 0.0199
 27.62% | time:   1.4s ( 56.8m) | step:   2107 | train acc: 0.992 | train loss: 0.028 |val acc: 0.719 (0.772, 0.635) | val eod gap: 0.0450
begin calculating influence
[Strategy 5] Acc of expected label: 0.7078515625
calculating influence -- done
Use 4535 samples. Get 5546 labels. Ratio: 0.8177064551027767
Files already downloaded and verified
3255 originally labeled samples, 1280 new samples, and 158235 unlabeled samples. Total: 162770
 30.24% | time: 717.1s ( 68.8m) | step:   2307 | train acc: 1.000 | train loss: 0.001 |test acc: 0.787 (0.809, 0.753) | test eod gap: 0.0143
 30.24% | time:   1.2s ( 68.8m) | step:   2307 | train acc: 1.000 | train loss: 0.001 |val acc: 0.806 (0.845, 0.745) | val eod gap: 0.0389
begin calculating influence
[Strategy 5] Acc of expected label: 0.781796875
calculating influence -- done
Use 4791 samples. Get 5875 labels. Ratio: 0.8154893617021277
Files already downloaded and verified
3255 originally labeled samples, 1536 new samples, and 157979 unlabeled samples. Total: 162770
 32.86% | time: 724.3s ( 80.9m) | step:   2507 | train acc: 1.000 | train loss: 0.001 |test acc: 0.817 (0.835, 0.789) | test eod gap: 0.0159
 32.86% | time:   1.1s ( 80.9m) | step:   2507 | train acc: 1.000 | train loss: 0.001 |val acc: 0.833 (0.859, 0.791) | val eod gap: 0.0330
begin calculating influence
[Strategy 5] Acc of expected label: 0.812890625
calculating influence -- done
Use 5047 samples. Get 6259 labels. Ratio: 0.8063588432656974
Files already downloaded and verified
3255 originally labeled samples, 1792 new samples, and 157723 unlabeled samples. Total: 162770
 33.32% | time: 663.9s ( 92.0m) | step:   2542 | train acc: 1.000 | train loss: 0.002 |test acc: 0.837 (0.852, 0.814) | test eod gap: 0.0218
 33.32% | time:   1.7s ( 92.0m) | step:   2542 | train acc: 1.000 | train loss: 0.002 |val acc: 0.847 (0.870, 0.812) | val eod gap: 0.0423
begin calculating influence
[Strategy 5] Acc of expected label: 0.8351171875
calculating influence -- done
Use 5303 samples. Get 6584 labels. Ratio: 0.8054374240583232
Files already downloaded and verified
3255 originally labeled samples, 2048 new samples, and 157467 unlabeled samples. Total: 162770
Epoch 4
 35.95% | time: 705.4s (103.7m) | step:   2743 | train acc: 1.000 | train loss: 0.004 |test acc: 0.853 (0.865, 0.834) | test eod gap: 0.0234
 35.95% | time:   1.4s (103.8m) | step:   2743 | train acc: 1.000 | train loss: 0.004 |val acc: 0.870 (0.883, 0.850) | val eod gap: 0.0244
begin calculating influence
[Strategy 5] Acc of expected label: 0.85546875
calculating influence -- done
Use 5559 samples. Get 6979 labels. Ratio: 0.7965324545063762
Files already downloaded and verified
3255 originally labeled samples, 2304 new samples, and 157211 unlabeled samples. Total: 162770
 38.58% | time: 714.2s (115.7m) | step:   2943 | train acc: 1.000 | train loss: 0.001 |test acc: 0.863 (0.871, 0.849) | test eod gap: 0.0227
 38.58% | time:   1.5s (115.7m) | step:   2943 | train acc: 1.000 | train loss: 0.001 |val acc: 0.885 (0.898, 0.865) | val eod gap: 0.0347
begin calculating influence
[Strategy 5] Acc of expected label: 0.8615625
calculating influence -- done
Use 5815 samples. Get 7323 labels. Ratio: 0.7940734671582684
Files already downloaded and verified
3255 originally labeled samples, 2560 new samples, and 156955 unlabeled samples. Total: 162770
 41.20% | time: 702.1s (127.4m) | step:   3143 | train acc: 1.000 | train loss: 0.000 |test acc: 0.868 (0.876, 0.855) | test eod gap: 0.0265
 41.20% | time:   1.4s (127.4m) | step:   3143 | train acc: 1.000 | train loss: 0.000 |val acc: 0.878 (0.887, 0.865) | val eod gap: 0.0255
begin calculating influence
[Strategy 5] Acc of expected label: 0.8653125
calculating influence -- done
Use 6071 samples. Get 7776 labels. Ratio: 0.7807355967078189
Files already downloaded and verified
3255 originally labeled samples, 2816 new samples, and 156699 unlabeled samples. Total: 162770
 41.66% | time: 652.0s (138.3m) | step:   3178 | train acc: 0.906 | train loss: 0.198 |test acc: 0.871 (0.880, 0.857) | test eod gap: 0.0213
 41.66% | time:   1.3s (138.3m) | step:   3178 | train acc: 0.906 | train loss: 0.198 |val acc: 0.879 (0.896, 0.852) | val eod gap: 0.0385
begin calculating influence
[Strategy 5] Acc of expected label: 0.872265625
calculating influence -- done
Use 6327 samples. Get 8156 labels. Ratio: 0.775747915644924
Files already downloaded and verified
3255 originally labeled samples, 3072 new samples, and 156443 unlabeled samples. Total: 162770
Epoch 5
 44.29% | time: 709.7s (150.1m) | step:   3379 | train acc: 0.984 | train loss: 0.055 |test acc: 0.873 (0.882, 0.859) | test eod gap: 0.0271
 44.29% | time:   1.5s (150.2m) | step:   3379 | train acc: 0.984 | train loss: 0.055 |val acc: 0.895 (0.901, 0.885) | val eod gap: 0.0464
begin calculating influence
[Strategy 5] Acc of expected label: 0.8765234375
calculating influence -- done
Use 6583 samples. Get 8533 labels. Ratio: 0.7714754482596976
Files already downloaded and verified
3255 originally labeled samples, 3328 new samples, and 156187 unlabeled samples. Total: 162770
 46.91% | time: 711.5s (162.0m) | step:   3579 | train acc: 1.000 | train loss: 0.006 |test acc: 0.876 (0.885, 0.862) | test eod gap: 0.0274
 46.91% | time:   1.5s (162.0m) | step:   3579 | train acc: 1.000 | train loss: 0.006 |val acc: 0.885 (0.897, 0.867) | val eod gap: 0.0362
begin calculating influence
[Strategy 5] Acc of expected label: 0.87984375
calculating influence -- done
Use 6839 samples. Get 8954 labels. Ratio: 0.7637927183381729
Files already downloaded and verified
3255 originally labeled samples, 3584 new samples, and 155931 unlabeled samples. Total: 162770
 49.53% | time: 714.4s (173.9m) | step:   3779 | train acc: 0.996 | train loss: 0.016 |test acc: 0.878 (0.888, 0.863) | test eod gap: 0.0266
 49.53% | time:   1.4s (174.0m) | step:   3779 | train acc: 0.996 | train loss: 0.016 |val acc: 0.884 (0.894, 0.869) | val eod gap: 0.0281
begin calculating influence
[Strategy 5] Acc of expected label: 0.8794140625
calculating influence -- done
Use 7095 samples. Get 9351 labels. Ratio: 0.7587423804940648
Files already downloaded and verified
3255 originally labeled samples, 3840 new samples, and 155675 unlabeled samples. Total: 162770
 49.99% | time: 659.1s (184.9m) | step:   3814 | train acc: 1.000 | train loss: 0.007 |test acc: 0.879 (0.888, 0.864) | test eod gap: 0.0278
 49.99% | time:   1.3s (185.0m) | step:   3814 | train acc: 1.000 | train loss: 0.007 |val acc: 0.889 (0.900, 0.874) | val eod gap: 0.0293
begin calculating influence
[Strategy 5] Acc of expected label: 0.8783203125
calculating influence -- done
Use 7351 samples. Get 9762 labels. Ratio: 0.7530219217373489
Files already downloaded and verified
3255 originally labeled samples, 4096 new samples, and 155419 unlabeled samples. Total: 162770
Epoch 6
 52.62% | time: 714.0s (196.9m) | step:   4014 | train acc: 1.000 | train loss: 0.009 |test acc: 0.882 (0.890, 0.869) | test eod gap: 0.0249
 52.62% | time:   1.3s (196.9m) | step:   4014 | train acc: 1.000 | train loss: 0.009 |val acc: 0.897 (0.903, 0.888) | val eod gap: 0.0196
begin calculating influence
[Strategy 5] Acc of expected label: 0.886796875
calculating influence -- done
Use 7607 samples. Get 10143 labels. Ratio: 0.7499753524598245
Files already downloaded and verified
3255 originally labeled samples, 4352 new samples, and 155163 unlabeled samples. Total: 162770
 55.24% | time: 713.9s (208.8m) | step:   4214 | train acc: 0.945 | train loss: 0.130 |test acc: 0.879 (0.884, 0.869) | test eod gap: 0.0344
 55.24% | time:   1.4s (208.8m) | step:   4214 | train acc: 0.945 | train loss: 0.130 |val acc: 0.889 (0.899, 0.875) | val eod gap: 0.0429
begin calculating influence
[Strategy 5] Acc of expected label: 0.8844140625
calculating influence -- done
Use 7863 samples. Get 10541 labels. Ratio: 0.7459444075514657
Files already downloaded and verified
3255 originally labeled samples, 4608 new samples, and 154907 unlabeled samples. Total: 162770
 57.86% | time: 715.1s (220.7m) | step:   4414 | train acc: 1.000 | train loss: 0.000 |test acc: 0.882 (0.889, 0.871) | test eod gap: 0.0201
 57.86% | time:   1.5s (220.8m) | step:   4414 | train acc: 1.000 | train loss: 0.000 |val acc: 0.892 (0.906, 0.870) | val eod gap: 0.0374
begin calculating influence
[Strategy 5] Acc of expected label: 0.8838671875
calculating influence -- done
Use 8119 samples. Get 10956 labels. Ratio: 0.7410551296093465
Files already downloaded and verified
3255 originally labeled samples, 4864 new samples, and 154651 unlabeled samples. Total: 162770
 58.32% | time: 657.3s (231.7m) | step:   4449 | train acc: 0.871 | train loss: 0.289 |test acc: 0.882 (0.891, 0.868) | test eod gap: 0.0266
 58.32% | time:   1.5s (231.7m) | step:   4449 | train acc: 0.871 | train loss: 0.289 |val acc: 0.898 (0.910, 0.879) | val eod gap: 0.0330
begin calculating influence
[Strategy 5] Acc of expected label: 0.8821875
calculating influence -- done
Use 8375 samples. Get 11360 labels. Ratio: 0.7372359154929577
Files already downloaded and verified
3255 originally labeled samples, 5120 new samples, and 154395 unlabeled samples. Total: 162770
Epoch 7
 60.95% | time: 716.3s (243.7m) | step:   4650 | train acc: 1.000 | train loss: 0.002 |test acc: 0.883 (0.893, 0.867) | test eod gap: 0.0276
 60.95% | time:   1.4s (243.7m) | step:   4650 | train acc: 1.000 | train loss: 0.002 |val acc: 0.895 (0.907, 0.875) | val eod gap: 0.0345
begin calculating influence
[Strategy 5] Acc of expected label: 0.8832421875
calculating influence -- done
Use 8631 samples. Get 11789 labels. Ratio: 0.7321231656629061
Files already downloaded and verified
3255 originally labeled samples, 5376 new samples, and 154139 unlabeled samples. Total: 162770
 63.57% | time: 710.6s (255.5m) | step:   4850 | train acc: 0.988 | train loss: 0.023 |test acc: 0.884 (0.894, 0.867) | test eod gap: 0.0314
 63.57% | time:   1.4s (255.6m) | step:   4850 | train acc: 0.988 | train loss: 0.023 |val acc: 0.897 (0.909, 0.879) | val eod gap: 0.0379
begin calculating influence
[Strategy 5] Acc of expected label: 0.8883984375
calculating influence -- done
Use 8887 samples. Get 12200 labels. Ratio: 0.7284426229508196
Files already downloaded and verified
3255 originally labeled samples, 5632 new samples, and 153883 unlabeled samples. Total: 162770
 66.19% | time: 707.7s (267.4m) | step:   5050 | train acc: 1.000 | train loss: 0.001 |test acc: 0.884 (0.894, 0.869) | test eod gap: 0.0284
 66.19% | time:   1.5s (267.4m) | step:   5050 | train acc: 1.000 | train loss: 0.001 |val acc: 0.895 (0.909, 0.872) | val eod gap: 0.0403
begin calculating influence
[Strategy 5] Acc of expected label: 0.889765625
calculating influence -- done
Use 9143 samples. Get 12606 labels. Ratio: 0.7252895446612724
Files already downloaded and verified
3255 originally labeled samples, 5888 new samples, and 153627 unlabeled samples. Total: 162770
 66.65% | time: 650.8s (278.2m) | step:   5085 | train acc: 1.000 | train loss: 0.003 |test acc: 0.885 (0.894, 0.870) | test eod gap: 0.0308
 66.65% | time:   1.4s (278.3m) | step:   5085 | train acc: 1.000 | train loss: 0.003 |val acc: 0.900 (0.903, 0.895) | val eod gap: 0.0153
begin calculating influence
[Strategy 5] Acc of expected label: 0.8891796875
calculating influence -- done
Use 9399 samples. Get 13055 labels. Ratio: 0.7199540405974723
Files already downloaded and verified
3255 originally labeled samples, 6144 new samples, and 153371 unlabeled samples. Total: 162770
Epoch 8
 69.29% | time: 714.4s (290.2m) | step:   5286 | train acc: 1.000 | train loss: 0.005 |test acc: 0.884 (0.893, 0.869) | test eod gap: 0.0280
 69.29% | time:   1.4s (290.2m) | step:   5286 | train acc: 1.000 | train loss: 0.005 |val acc: 0.899 (0.908, 0.885) | val eod gap: 0.0231
begin calculating influence
[Strategy 5] Acc of expected label: 0.888359375
calculating influence -- done
Use 9655 samples. Get 13441 labels. Ratio: 0.718324529424894
Files already downloaded and verified
3255 originally labeled samples, 6400 new samples, and 153115 unlabeled samples. Total: 162770
 71.91% | time: 711.0s (302.0m) | step:   5486 | train acc: 1.000 | train loss: 0.003 |test acc: 0.885 (0.894, 0.870) | test eod gap: 0.0284
 71.91% | time:   1.4s (302.1m) | step:   5486 | train acc: 1.000 | train loss: 0.003 |val acc: 0.895 (0.908, 0.876) | val eod gap: 0.0371
begin calculating influence
[Strategy 5] Acc of expected label: 0.890703125
calculating influence -- done
Use 9911 samples. Get 13840 labels. Ratio: 0.7161127167630058
Files already downloaded and verified
3255 originally labeled samples, 6656 new samples, and 152859 unlabeled samples. Total: 162770
 74.53% | time: 714.4s (314.0m) | step:   5686 | train acc: 1.000 | train loss: 0.001 |test acc: 0.885 (0.893, 0.873) | test eod gap: 0.0268
 74.53% | time:   1.3s (314.0m) | step:   5686 | train acc: 1.000 | train loss: 0.001 |val acc: 0.896 (0.906, 0.882) | val eod gap: 0.0272
begin calculating influence
[Strategy 5] Acc of expected label: 0.8895703125
calculating influence -- done
Use 10167 samples. Get 14232 labels. Ratio: 0.7143760539629005
Files already downloaded and verified
3255 originally labeled samples, 6912 new samples, and 152603 unlabeled samples. Total: 162770
 74.99% | time: 657.2s (324.9m) | step:   5721 | train acc: 1.000 | train loss: 0.011 |test acc: 0.884 (0.893, 0.870) | test eod gap: 0.0274
 74.99% | time:   1.5s (325.0m) | step:   5721 | train acc: 1.000 | train loss: 0.011 |val acc: 0.907 (0.914, 0.896) | val eod gap: 0.0235
begin calculating influence
[Strategy 5] Acc of expected label: 0.890078125
calculating influence -- done
Use 10423 samples. Get 14625 labels. Ratio: 0.7126837606837607
Files already downloaded and verified
3255 originally labeled samples, 7168 new samples, and 152347 unlabeled samples. Total: 162770
Epoch 9
 77.62% | time: 714.6s (336.9m) | step:   5922 | train acc: 1.000 | train loss: 0.001 |test acc: 0.886 (0.893, 0.874) | test eod gap: 0.0233
 77.62% | time:   1.4s (336.9m) | step:   5922 | train acc: 1.000 | train loss: 0.001 |val acc: 0.900 (0.908, 0.888) | val eod gap: 0.0232
begin calculating influence
[Strategy 5] Acc of expected label: 0.8926171875
calculating influence -- done
Use 10679 samples. Get 15003 labels. Ratio: 0.7117909751383057
Files already downloaded and verified
3255 originally labeled samples, 7424 new samples, and 152091 unlabeled samples. Total: 162770
 80.25% | time: 714.5s (348.8m) | step:   6122 | train acc: 1.000 | train loss: 0.001 |test acc: 0.886 (0.894, 0.874) | test eod gap: 0.0256
 80.25% | time:   1.6s (348.8m) | step:   6122 | train acc: 1.000 | train loss: 0.001 |val acc: 0.899 (0.908, 0.885) | val eod gap: 0.0322
begin calculating influence
[Strategy 5] Acc of expected label: 0.890078125
calculating influence -- done
Use 10935 samples. Get 15405 labels. Ratio: 0.7098344693281402
Files already downloaded and verified
3255 originally labeled samples, 7680 new samples, and 151835 unlabeled samples. Total: 162770
 82.87% | time: 715.2s (360.8m) | step:   6322 | train acc: 0.996 | train loss: 0.011 |test acc: 0.885 (0.893, 0.871) | test eod gap: 0.0264
 82.87% | time:   1.4s (360.8m) | step:   6322 | train acc: 0.996 | train loss: 0.011 |val acc: 0.895 (0.904, 0.879) | val eod gap: 0.0293
begin calculating influence
[Strategy 5] Acc of expected label: 0.895625
calculating influence -- done
Use 11191 samples. Get 15765 labels. Ratio: 0.7098636219473518
Files already downloaded and verified
3255 originally labeled samples, 7936 new samples, and 151579 unlabeled samples. Total: 162770
 83.33% | time: 658.1s (371.7m) | step:   6357 | train acc: 1.000 | train loss: 0.002 |test acc: 0.887 (0.896, 0.872) | test eod gap: 0.0278
 83.33% | time:   1.4s (371.8m) | step:   6357 | train acc: 1.000 | train loss: 0.002 |val acc: 0.896 (0.906, 0.879) | val eod gap: 0.0332
begin calculating influence
[Strategy 5] Acc of expected label: 0.89265625
calculating influence -- done
Use 11447 samples. Get 16138 labels. Ratio: 0.7093196182922296
Files already downloaded and verified
3255 originally labeled samples, 8192 new samples, and 151323 unlabeled samples. Total: 162770
Epoch 10
 85.96% | time: 712.7s (383.6m) | step:   6558 | train acc: 1.000 | train loss: 0.005 |test acc: 0.886 (0.896, 0.871) | test eod gap: 0.0302
 85.96% | time:   1.4s (383.7m) | step:   6558 | train acc: 1.000 | train loss: 0.005 |val acc: 0.893 (0.904, 0.876) | val eod gap: 0.0312
begin calculating influence
calculating influence -- done
length of new labels 256
Use 11447+256 = 11703 samples.
Files already downloaded and verified
3255 originally labeled samples, 8448 new samples, and 151067 unlabeled samples. Total: 162770
 88.58% | time: 720.1s (395.7m) | step:   6758 | train acc: 1.000 | train loss: 0.002 |test acc: 0.887 (0.896, 0.871) | test eod gap: 0.0281
 88.58% | time:   1.4s (395.7m) | step:   6758 | train acc: 1.000 | train loss: 0.002 |val acc: 0.900 (0.906, 0.891) | val eod gap: 0.0185
begin calculating influence
calculating influence -- done
length of new labels 512
Use 11447+512 = 11959 samples.
Files already downloaded and verified
3255 originally labeled samples, 8704 new samples, and 150811 unlabeled samples. Total: 162770
 91.20% | time: 707.3s (407.5m) | step:   6958 | train acc: 0.996 | train loss: 0.009 |test acc: 0.884 (0.893, 0.869) | test eod gap: 0.0288
 91.20% | time:   1.4s (407.5m) | step:   6958 | train acc: 0.996 | train loss: 0.009 |val acc: 0.894 (0.907, 0.874) | val eod gap: 0.0333
begin calculating influence
calculating influence -- done
length of new labels 768
Use 11447+768 = 12215 samples.
Files already downloaded and verified
3255 originally labeled samples, 8960 new samples, and 150555 unlabeled samples. Total: 162770
 91.66% | time: 658.7s (418.5m) | step:   6993 | train acc: 0.996 | train loss: 0.010 |test acc: 0.886 (0.895, 0.870) | test eod gap: 0.0307
 91.66% | time:   1.5s (418.5m) | step:   6993 | train acc: 0.996 | train loss: 0.010 |val acc: 0.893 (0.905, 0.874) | val eod gap: 0.0330
begin calculating influence
calculating influence -- done
length of new labels 1024
Use 11447+1024 = 12471 samples.
Files already downloaded and verified
3255 originally labeled samples, 9216 new samples, and 150299 unlabeled samples. Total: 162770
Epoch 11
 94.30% | time: 714.3s (430.4m) | step:   7194 | train acc: 0.996 | train loss: 0.006 |test acc: 0.887 (0.895, 0.874) | test eod gap: 0.0256
 94.30% | time:   1.4s (430.4m) | step:   7194 | train acc: 0.996 | train loss: 0.006 |val acc: 0.904 (0.911, 0.895) | val eod gap: 0.0195
begin calculating influence
calculating influence -- done
length of new labels 1280
Use 11447+1280 = 12727 samples.
Files already downloaded and verified
3255 originally labeled samples, 9472 new samples, and 150043 unlabeled samples. Total: 162770
 96.92% | time: 715.1s (442.4m) | step:   7394 | train acc: 0.984 | train loss: 0.047 |test acc: 0.885 (0.893, 0.873) | test eod gap: 0.0285
 96.92% | time:   1.4s (442.4m) | step:   7394 | train acc: 0.984 | train loss: 0.047 |val acc: 0.893 (0.894, 0.891) | val eod gap: 0.0133
begin calculating influence
calculating influence -- done
length of new labels 1536
Use 11447+1536 = 12983 samples.
Files already downloaded and verified
3255 originally labeled samples, 9728 new samples, and 149787 unlabeled samples. Total: 162770
 99.54% | time: 714.6s (454.3m) | step:   7594 | train acc: 0.992 | train loss: 0.013 |test acc: 0.887 (0.895, 0.873) | test eod gap: 0.0260
 99.54% | time:   1.6s (454.3m) | step:   7594 | train acc: 0.992 | train loss: 0.013 |val acc: 0.891 (0.899, 0.876) | val eod gap: 0.0266
begin calculating influence
calculating influence -- done
length of new labels 1792
Use 11447+1792 = 13239 samples.
Files already downloaded and verified
3255 originally labeled samples, 9984 new samples, and 149531 unlabeled samples. Total: 162770
100.00% | time: 648.4s (465.1m) | step:   7629 | train acc: 1.000 | train loss: 0.006 |test acc: 0.885 (0.894, 0.871) | test eod gap: 0.0313
100.00% | time:   1.4s (465.1m) | step:   7629 | train acc: 1.000 | train loss: 0.006 |val acc: 0.889 (0.896, 0.880) | val eod gap: 0.0279
begin calculating influence
calculating influence -- done
length of new labels 2048
Use 11447+2048 = 13495 samples.
Files already downloaded and verified
3255 originally labeled samples, 10240 new samples, and 149275 unlabeled samples. Total: 162770
