Files already downloaded and verified
3255 originally labeled samples, 0 new samples, and 159515 unlabeled samples. Total: 162770
Files already downloaded and verified
1996 originally labeled samples, 0 new samples, and 17966 unlabeled samples. Total: 19962
Numer of layers 200
train net...
train with 162770 samples (with replacement) in one epoch
Epoch 0
  2.62% | time: 105.1s (  1.8m) | step:    200 | train acc: 0.977 | train loss: 0.059 |warm_t acc: 0.841 (0.855, 0.820) | warm_t dp gap: 0.1254
  2.62% | time:   6.6s (  1.9m) | step:    200 | train acc: 0.977 | train loss: 0.059 |warm_v acc: 0.845 (0.858, 0.823) | warm_v dp gap: 0.1389
  5.24% | time:  78.6s (  3.2m) | step:    400 | train acc: 1.000 | train loss: 0.000 |warm_t acc: 0.847 (0.860, 0.827) | warm_t dp gap: 0.1304
  5.24% | time:   1.4s (  3.2m) | step:    400 | train acc: 1.000 | train loss: 0.000 |warm_v acc: 0.857 (0.868, 0.839) | warm_v dp gap: 0.1455
  7.86% | time:  78.8s (  4.5m) | step:    600 | train acc: 1.000 | train loss: 0.000 |warm_t acc: 0.847 (0.859, 0.827) | warm_t dp gap: 0.1301
  7.86% | time:   1.3s (  4.5m) | step:    600 | train acc: 1.000 | train loss: 0.000 |warm_v acc: 0.854 (0.875, 0.820) | warm_v dp gap: 0.1412
  8.32% | time:  21.8s (  4.9m) | step:    635 | train acc: 1.000 | train loss: 0.000 |warm_t acc: 0.847 (0.859, 0.827) | warm_t dp gap: 0.1299
  8.32% | time:   1.4s (  4.9m) | step:    635 | train acc: 1.000 | train loss: 0.000 |warm_v acc: 0.854 (0.871, 0.829) | warm_v dp gap: 0.1376
Epoch 1
 10.95% | time:  79.3s (  6.2m) | step:    835 | train acc: 1.000 | train loss: 0.000 |warm_t acc: 0.847 (0.859, 0.828) | warm_t dp gap: 0.1302
 10.95% | time:   1.4s (  6.3m) | step:    835 | train acc: 1.000 | train loss: 0.000 |warm_v acc: 0.854 (0.881, 0.811) | warm_v dp gap: 0.1445
 13.57% | time:  79.3s (  7.6m) | step:   1035 | train acc: 1.000 | train loss: 0.000 |warm_t acc: 0.847 (0.859, 0.828) | warm_t dp gap: 0.1313
 13.57% | time:   1.5s (  7.6m) | step:   1035 | train acc: 1.000 | train loss: 0.000 |warm_v acc: 0.852 (0.867, 0.828) | warm_v dp gap: 0.1473
 16.19% | time:  77.5s (  8.9m) | step:   1235 | train acc: 1.000 | train loss: 0.000 |warm_t acc: 0.847 (0.859, 0.828) | warm_t dp gap: 0.1310
 16.19% | time:   1.1s (  8.9m) | step:   1235 | train acc: 1.000 | train loss: 0.000 |warm_v acc: 0.848 (0.867, 0.821) | warm_v dp gap: 0.1596
 16.65% | time:  22.6s (  9.3m) | step:   1270 | train acc: 1.000 | train loss: 0.000 |warm_t acc: 0.847 (0.859, 0.828) | warm_t dp gap: 0.1310
 16.65% | time:   1.4s (  9.3m) | step:   1270 | train acc: 1.000 | train loss: 0.000 |warm_v acc: 0.849 (0.861, 0.830) | warm_v dp gap: 0.1446
Epoch 2
 19.28% | time:  73.9s ( 10.6m) | step:   1471 | train acc: 1.000 | train loss: 0.000 |test acc: 0.847 (0.859, 0.828) | test dp gap: 0.1309
 19.28% | time:   1.2s ( 10.6m) | step:   1471 | train acc: 1.000 | train loss: 0.000 |val acc: 0.857 (0.874, 0.831) | val dp gap: 0.1668
begin calculating influence
selected layers: [Traced<ShapedArray(float32[768])>with<DynamicJaxprTrace(level=0/1)>, Traced<ShapedArray(float32[8,8,3,768])>with<DynamicJaxprTrace(level=0/1)>, Traced<ShapedArray(float32[2])>with<DynamicJaxprTrace(level=0/1)>, Traced<ShapedArray(float32[768,2])>with<DynamicJaxprTrace(level=0/1)>]
[Strategy 2] Acc of expected label: 0.848984375
calculating influence -- done
Use 3511 samples. Get 3711 labels. Ratio: 0.9461061708434384
Files already downloaded and verified
3255 originally labeled samples, 256 new samples, and 159259 unlabeled samples. Total: 162770
 21.90% | time: 782.3s ( 23.6m) | step:   1671 | train acc: 1.000 | train loss: 0.047 |test acc: 0.804 (0.818, 0.782) | test dp gap: 0.0578
 21.90% | time:   1.5s ( 23.6m) | step:   1671 | train acc: 1.000 | train loss: 0.047 |val acc: 0.827 (0.835, 0.813) | val dp gap: 0.0978
begin calculating influence
[Strategy 2] Acc of expected label: 0.8043359375
calculating influence -- done
Use 3767 samples. Get 4255 labels. Ratio: 0.8853113983548766
Files already downloaded and verified
3255 originally labeled samples, 512 new samples, and 159003 unlabeled samples. Total: 162770
 24.52% | time: 753.2s ( 36.2m) | step:   1871 | train acc: 0.867 | train loss: 0.348 |test acc: 0.847 (0.859, 0.830) | test dp gap: 0.0863
 24.52% | time:   1.5s ( 36.2m) | step:   1871 | train acc: 0.867 | train loss: 0.348 |val acc: 0.862 (0.882, 0.831) | val dp gap: 0.0983
begin calculating influence
[Strategy 2] Acc of expected label: 0.8566015625
calculating influence -- done
Use 3975 samples. Get 4662 labels. Ratio: 0.8526383526383526
Files already downloaded and verified
3255 originally labeled samples, 720 new samples, and 158795 unlabeled samples. Total: 162770
 24.98% | time: 697.9s ( 47.8m) | step:   1906 | train acc: 0.855 | train loss: 0.367 |test acc: 0.834 (0.852, 0.804) | test dp gap: 0.0991
 24.98% | time:   1.4s ( 47.9m) | step:   1906 | train acc: 0.855 | train loss: 0.367 |val acc: 0.850 (0.873, 0.815) | val dp gap: 0.1451
begin calculating influence
[Strategy 2] Acc of expected label: 0.8387109375
calculating influence -- done
Use 4231 samples. Get 5033 labels. Ratio: 0.8406516987879992
Files already downloaded and verified
3255 originally labeled samples, 976 new samples, and 158539 unlabeled samples. Total: 162770
Epoch 3
 27.62% | time: 755.9s ( 60.5m) | step:   2107 | train acc: 0.926 | train loss: 0.217 |test acc: 0.859 (0.869, 0.843) | test dp gap: 0.1022
 27.62% | time:   1.4s ( 60.5m) | step:   2107 | train acc: 0.926 | train loss: 0.217 |val acc: 0.874 (0.894, 0.842) | val dp gap: 0.1342
begin calculating influence
[Strategy 2] Acc of expected label: 0.863359375
calculating influence -- done
Use 4487 samples. Get 5531 labels. Ratio: 0.8112457060206111
Files already downloaded and verified
3255 originally labeled samples, 1232 new samples, and 158283 unlabeled samples. Total: 162770
 30.24% | time: 757.0s ( 73.1m) | step:   2307 | train acc: 1.000 | train loss: 0.016 |test acc: 0.847 (0.863, 0.821) | test dp gap: 0.1122
 30.24% | time:   1.5s ( 73.1m) | step:   2307 | train acc: 1.000 | train loss: 0.016 |val acc: 0.857 (0.880, 0.820) | val dp gap: 0.1369
begin calculating influence
[Strategy 2] Acc of expected label: 0.8532421875
calculating influence -- done
Use 4743 samples. Get 5854 labels. Ratio: 0.8102152374444824
Files already downloaded and verified
3255 originally labeled samples, 1488 new samples, and 158027 unlabeled samples. Total: 162770
 32.86% | time: 755.6s ( 85.7m) | step:   2507 | train acc: 0.996 | train loss: 0.008 |test acc: 0.842 (0.857, 0.818) | test dp gap: 0.1095
 32.86% | time:   1.4s ( 85.8m) | step:   2507 | train acc: 0.996 | train loss: 0.008 |val acc: 0.845 (0.873, 0.800) | val dp gap: 0.1006
begin calculating influence
[Strategy 2] Acc of expected label: 0.8463671875
calculating influence -- done
Use 4926 samples. Get 6079 labels. Ratio: 0.8103306464879092
Files already downloaded and verified
3255 originally labeled samples, 1671 new samples, and 157844 unlabeled samples. Total: 162770
 33.32% | time: 696.4s ( 97.4m) | step:   2542 | train acc: 0.988 | train loss: 0.035 |test acc: 0.854 (0.867, 0.833) | test dp gap: 0.1173
 33.32% | time:   1.4s ( 97.4m) | step:   2542 | train acc: 0.988 | train loss: 0.035 |val acc: 0.868 (0.880, 0.850) | val dp gap: 0.1098
begin calculating influence
[Strategy 2] Acc of expected label: 0.8584765625
calculating influence -- done
Use 4964 samples. Get 6152 labels. Ratio: 0.8068920676202861
Files already downloaded and verified
3255 originally labeled samples, 1709 new samples, and 157806 unlabeled samples. Total: 162770
Epoch 4
 35.95% | time: 755.0s (110.0m) | step:   2743 | train acc: 0.996 | train loss: 0.007 |test acc: 0.842 (0.860, 0.815) | test dp gap: 0.1062
 35.95% | time:   1.4s (110.0m) | step:   2743 | train acc: 0.996 | train loss: 0.007 |val acc: 0.848 (0.868, 0.817) | val dp gap: 0.1138
begin calculating influence
[Strategy 2] Acc of expected label: 0.8450390625
calculating influence -- done
Use 5220 samples. Get 6474 labels. Ratio: 0.8063021316033364
Files already downloaded and verified
3255 originally labeled samples, 1965 new samples, and 157550 unlabeled samples. Total: 162770
 38.58% | time: 758.8s (122.6m) | step:   2943 | train acc: 1.000 | train loss: 0.000 |test acc: 0.857 (0.870, 0.835) | test dp gap: 0.1150
 38.58% | time:   1.4s (122.7m) | step:   2943 | train acc: 1.000 | train loss: 0.000 |val acc: 0.863 (0.877, 0.841) | val dp gap: 0.1153
begin calculating influence
[Strategy 2] Acc of expected label: 0.858828125
calculating influence -- done
Use 5247 samples. Get 6519 labels. Ratio: 0.8048780487804879
Files already downloaded and verified
3255 originally labeled samples, 1992 new samples, and 157523 unlabeled samples. Total: 162770
 41.20% | time: 758.6s (135.3m) | step:   3143 | train acc: 1.000 | train loss: 0.009 |test acc: 0.859 (0.870, 0.842) | test dp gap: 0.1305
 41.20% | time:   1.3s (135.3m) | step:   3143 | train acc: 1.000 | train loss: 0.009 |val acc: 0.870 (0.883, 0.848) | val dp gap: 0.1406
begin calculating influence
[Strategy 2] Acc of expected label: 0.8612109375
calculating influence -- done
Use 5399 samples. Get 6753 labels. Ratio: 0.7994965200651563
Files already downloaded and verified
3255 originally labeled samples, 2144 new samples, and 157371 unlabeled samples. Total: 162770
 41.66% | time: 697.9s (147.0m) | step:   3178 | train acc: 1.000 | train loss: 0.012 |test acc: 0.856 (0.866, 0.839) | test dp gap: 0.1267
 41.66% | time:   1.5s (147.0m) | step:   3178 | train acc: 1.000 | train loss: 0.012 |val acc: 0.873 (0.889, 0.849) | val dp gap: 0.1475
begin calculating influence
[Strategy 2] Acc of expected label: 0.8576953125
calculating influence -- done
Use 5655 samples. Get 7062 labels. Ratio: 0.8007646559048428
Files already downloaded and verified
3255 originally labeled samples, 2400 new samples, and 157115 unlabeled samples. Total: 162770
Epoch 5
 44.29% | time: 758.6s (159.6m) | step:   3379 | train acc: 1.000 | train loss: 0.001 |test acc: 0.859 (0.870, 0.841) | test dp gap: 0.1165
 44.29% | time:   1.4s (159.6m) | step:   3379 | train acc: 1.000 | train loss: 0.001 |val acc: 0.872 (0.883, 0.854) | val dp gap: 0.1136
begin calculating influence
[Strategy 2] Acc of expected label: 0.8615625
calculating influence -- done
Use 5911 samples. Get 7521 labels. Ratio: 0.7859327217125383
Files already downloaded and verified
3255 originally labeled samples, 2656 new samples, and 156859 unlabeled samples. Total: 162770
 46.91% | time: 757.8s (172.3m) | step:   3579 | train acc: 1.000 | train loss: 0.004 |test acc: 0.859 (0.871, 0.839) | test dp gap: 0.1195
 46.91% | time:   1.4s (172.3m) | step:   3579 | train acc: 1.000 | train loss: 0.004 |val acc: 0.865 (0.882, 0.838) | val dp gap: 0.1271
begin calculating influence
[Strategy 2] Acc of expected label: 0.862578125
calculating influence -- done
Use 6045 samples. Get 7700 labels. Ratio: 0.785064935064935
Files already downloaded and verified
3255 originally labeled samples, 2790 new samples, and 156725 unlabeled samples. Total: 162770
 49.53% | time: 761.0s (185.0m) | step:   3779 | train acc: 0.992 | train loss: 0.016 |test acc: 0.862 (0.873, 0.844) | test dp gap: 0.1151
 49.53% | time:   1.4s (185.0m) | step:   3779 | train acc: 0.992 | train loss: 0.016 |val acc: 0.868 (0.882, 0.848) | val dp gap: 0.1349
begin calculating influence
[Strategy 2] Acc of expected label: 0.863515625
calculating influence -- done
Use 6301 samples. Get 8088 labels. Ratio: 0.779055390702275
Files already downloaded and verified
3255 originally labeled samples, 3046 new samples, and 156469 unlabeled samples. Total: 162770
 49.99% | time: 698.2s (196.6m) | step:   3814 | train acc: 0.988 | train loss: 0.032 |test acc: 0.864 (0.876, 0.845) | test dp gap: 0.1131
 49.99% | time:   1.4s (196.7m) | step:   3814 | train acc: 0.988 | train loss: 0.032 |val acc: 0.882 (0.901, 0.850) | val dp gap: 0.1181
begin calculating influence
[Strategy 2] Acc of expected label: 0.86671875
calculating influence -- done
Use 6557 samples. Get 8515 labels. Ratio: 0.7700528479154434
Files already downloaded and verified
3255 originally labeled samples, 3302 new samples, and 156213 unlabeled samples. Total: 162770
Epoch 6
 52.62% | time: 755.4s (209.3m) | step:   4014 | train acc: 1.000 | train loss: 0.000 |test acc: 0.861 (0.874, 0.842) | test dp gap: 0.1192
 52.62% | time:   1.4s (209.3m) | step:   4014 | train acc: 1.000 | train loss: 0.000 |val acc: 0.868 (0.879, 0.851) | val dp gap: 0.1472
begin calculating influence
[Strategy 2] Acc of expected label: 0.8666796875
calculating influence -- done
Use 6637 samples. Get 8607 labels. Ratio: 0.7711165330544906
Files already downloaded and verified
3255 originally labeled samples, 3382 new samples, and 156133 unlabeled samples. Total: 162770
 55.24% | time: 754.6s (221.9m) | step:   4214 | train acc: 1.000 | train loss: 0.000 |test acc: 0.866 (0.877, 0.848) | test dp gap: 0.1183
 55.24% | time:   1.5s (221.9m) | step:   4214 | train acc: 1.000 | train loss: 0.000 |val acc: 0.871 (0.882, 0.853) | val dp gap: 0.1469
begin calculating influence
[Strategy 2] Acc of expected label: 0.866328125
calculating influence -- done
Use 6789 samples. Get 8774 labels. Ratio: 0.7737633918395259
Files already downloaded and verified
3255 originally labeled samples, 3534 new samples, and 155981 unlabeled samples. Total: 162770
 57.86% | time: 753.8s (234.4m) | step:   4414 | train acc: 1.000 | train loss: 0.000 |test acc: 0.867 (0.878, 0.848) | test dp gap: 0.1176
 57.86% | time:   1.3s (234.5m) | step:   4414 | train acc: 1.000 | train loss: 0.000 |val acc: 0.878 (0.891, 0.855) | val dp gap: 0.1216
begin calculating influence
[Strategy 2] Acc of expected label: 0.8669140625
calculating influence -- done
Use 6890 samples. Get 8894 labels. Ratio: 0.7746795592534292
Files already downloaded and verified
3255 originally labeled samples, 3635 new samples, and 155880 unlabeled samples. Total: 162770
 58.32% | time: 694.9s (246.0m) | step:   4449 | train acc: 0.977 | train loss: 0.075 |test acc: 0.861 (0.873, 0.843) | test dp gap: 0.1235
 58.32% | time:   1.5s (246.1m) | step:   4449 | train acc: 0.977 | train loss: 0.075 |val acc: 0.865 (0.881, 0.840) | val dp gap: 0.1593
begin calculating influence
[Strategy 2] Acc of expected label: 0.86421875
calculating influence -- done
Use 7146 samples. Get 9296 labels. Ratio: 0.7687177280550774
Files already downloaded and verified
3255 originally labeled samples, 3891 new samples, and 155624 unlabeled samples. Total: 162770
Epoch 7
 60.95% | time: 754.0s (258.6m) | step:   4650 | train acc: 1.000 | train loss: 0.002 |test acc: 0.873 (0.884, 0.855) | test dp gap: 0.1228
 60.95% | time:   1.5s (258.7m) | step:   4650 | train acc: 1.000 | train loss: 0.002 |val acc: 0.879 (0.891, 0.860) | val dp gap: 0.1351
begin calculating influence
[Strategy 2] Acc of expected label: 0.87265625
calculating influence -- done
Use 7213 samples. Get 9398 labels. Ratio: 0.7675037241966376
Files already downloaded and verified
3255 originally labeled samples, 3958 new samples, and 155557 unlabeled samples. Total: 162770
 63.57% | time: 752.1s (271.2m) | step:   4850 | train acc: 1.000 | train loss: 0.000 |test acc: 0.873 (0.883, 0.856) | test dp gap: 0.1225
 63.57% | time:   1.3s (271.2m) | step:   4850 | train acc: 1.000 | train loss: 0.000 |val acc: 0.884 (0.904, 0.853) | val dp gap: 0.1233
begin calculating influence
[Strategy 2] Acc of expected label: 0.8759375
calculating influence -- done
Use 7228 samples. Get 9420 labels. Ratio: 0.767303609341826
Files already downloaded and verified
3255 originally labeled samples, 3973 new samples, and 155542 unlabeled samples. Total: 162770
 66.19% | time: 757.2s (283.8m) | step:   5050 | train acc: 1.000 | train loss: 0.000 |test acc: 0.873 (0.883, 0.855) | test dp gap: 0.1230
 66.19% | time:   1.5s (283.9m) | step:   5050 | train acc: 1.000 | train loss: 0.000 |val acc: 0.883 (0.902, 0.853) | val dp gap: 0.1112
begin calculating influence
[Strategy 2] Acc of expected label: 0.87234375
calculating influence -- done
Use 7309 samples. Get 9539 labels. Ratio: 0.7662228745151484
Files already downloaded and verified
3255 originally labeled samples, 4054 new samples, and 155461 unlabeled samples. Total: 162770
 66.65% | time: 696.9s (295.5m) | step:   5085 | train acc: 1.000 | train loss: 0.000 |test acc: 0.872 (0.884, 0.853) | test dp gap: 0.1183
 66.65% | time:   1.6s (295.5m) | step:   5085 | train acc: 1.000 | train loss: 0.000 |val acc: 0.883 (0.899, 0.860) | val dp gap: 0.0978
begin calculating influence
[Strategy 2] Acc of expected label: 0.8734375
calculating influence -- done
Use 7350 samples. Get 9586 labels. Ratio: 0.7667431671187148
Files already downloaded and verified
3255 originally labeled samples, 4095 new samples, and 155420 unlabeled samples. Total: 162770
Epoch 8
 69.29% | time: 756.8s (308.1m) | step:   5286 | train acc: 1.000 | train loss: 0.000 |test acc: 0.873 (0.884, 0.855) | test dp gap: 0.1230
 69.29% | time:   1.5s (308.1m) | step:   5286 | train acc: 1.000 | train loss: 0.000 |val acc: 0.893 (0.910, 0.866) | val dp gap: 0.1471
begin calculating influence
[Strategy 2] Acc of expected label: 0.873203125
calculating influence -- done
Use 7606 samples. Get 9948 labels. Ratio: 0.7645757941294733
Files already downloaded and verified
3255 originally labeled samples, 4351 new samples, and 155164 unlabeled samples. Total: 162770
 71.91% | time: 760.8s (320.8m) | step:   5486 | train acc: 1.000 | train loss: 0.003 |test acc: 0.871 (0.884, 0.850) | test dp gap: 0.1172
 71.91% | time:   1.4s (320.8m) | step:   5486 | train acc: 1.000 | train loss: 0.003 |val acc: 0.883 (0.904, 0.852) | val dp gap: 0.1130
begin calculating influence
[Strategy 2] Acc of expected label: 0.8728515625
calculating influence -- done
Use 7862 samples. Get 10306 labels. Ratio: 0.7628565883951096
Files already downloaded and verified
3255 originally labeled samples, 4607 new samples, and 154908 unlabeled samples. Total: 162770
 74.53% | time: 761.2s (333.5m) | step:   5686 | train acc: 1.000 | train loss: 0.000 |test acc: 0.874 (0.885, 0.857) | test dp gap: 0.1154
 74.53% | time:   1.5s (333.6m) | step:   5686 | train acc: 1.000 | train loss: 0.000 |val acc: 0.878 (0.897, 0.849) | val dp gap: 0.1091
begin calculating influence
[Strategy 2] Acc of expected label: 0.878828125
calculating influence -- done
Use 8118 samples. Get 10697 labels. Ratio: 0.7589043657100122
Files already downloaded and verified
3255 originally labeled samples, 4863 new samples, and 154652 unlabeled samples. Total: 162770
 74.99% | time: 700.7s (345.2m) | step:   5721 | train acc: 1.000 | train loss: 0.001 |test acc: 0.874 (0.884, 0.859) | test dp gap: 0.1153
 74.99% | time:   1.4s (345.3m) | step:   5721 | train acc: 1.000 | train loss: 0.001 |val acc: 0.883 (0.896, 0.865) | val dp gap: 0.1417
begin calculating influence
[Strategy 2] Acc of expected label: 0.8746484375
calculating influence -- done
Use 8374 samples. Get 11226 labels. Ratio: 0.7459469089613397
Files already downloaded and verified
3255 originally labeled samples, 5119 new samples, and 154396 unlabeled samples. Total: 162770
Epoch 9
 77.62% | time: 758.4s (357.9m) | step:   5922 | train acc: 1.000 | train loss: 0.003 |test acc: 0.876 (0.888, 0.857) | test dp gap: 0.1145
 77.62% | time:   1.5s (357.9m) | step:   5922 | train acc: 1.000 | train loss: 0.003 |val acc: 0.882 (0.899, 0.853) | val dp gap: 0.1298
begin calculating influence
[Strategy 2] Acc of expected label: 0.87640625
calculating influence -- done
Use 8618 samples. Get 11629 labels. Ratio: 0.7410783386361682
Files already downloaded and verified
3255 originally labeled samples, 5363 new samples, and 154152 unlabeled samples. Total: 162770
 80.25% | time: 755.7s (370.5m) | step:   6122 | train acc: 1.000 | train loss: 0.001 |test acc: 0.877 (0.888, 0.860) | test dp gap: 0.1173
 80.25% | time:   1.5s (370.5m) | step:   6122 | train acc: 1.000 | train loss: 0.001 |val acc: 0.888 (0.904, 0.863) | val dp gap: 0.1181
begin calculating influence
[Strategy 2] Acc of expected label: 0.8807421875
calculating influence -- done
Use 8793 samples. Get 11946 labels. Ratio: 0.7360622802611753
Files already downloaded and verified
3255 originally labeled samples, 5538 new samples, and 153977 unlabeled samples. Total: 162770
 82.87% | time: 758.1s (383.2m) | step:   6322 | train acc: 1.000 | train loss: 0.001 |test acc: 0.877 (0.890, 0.856) | test dp gap: 0.1182
 82.87% | time:   1.4s (383.2m) | step:   6322 | train acc: 1.000 | train loss: 0.001 |val acc: 0.891 (0.910, 0.860) | val dp gap: 0.1460
begin calculating influence
[Strategy 2] Acc of expected label: 0.877109375
calculating influence -- done
Use 9049 samples. Get 12318 labels. Ratio: 0.7346160090923851
Files already downloaded and verified
3255 originally labeled samples, 5794 new samples, and 153721 unlabeled samples. Total: 162770
 83.33% | time: 696.1s (394.8m) | step:   6357 | train acc: 0.996 | train loss: 0.005 |test acc: 0.878 (0.889, 0.860) | test dp gap: 0.1133
 83.33% | time:   1.4s (394.8m) | step:   6357 | train acc: 0.996 | train loss: 0.005 |val acc: 0.896 (0.910, 0.874) | val dp gap: 0.1211
begin calculating influence
[Strategy 2] Acc of expected label: 0.8798828125
calculating influence -- done
Use 9305 samples. Get 12703 labels. Ratio: 0.7325041328819963
Files already downloaded and verified
3255 originally labeled samples, 6050 new samples, and 153465 unlabeled samples. Total: 162770
Epoch 10
 85.96% | time: 754.6s (407.4m) | step:   6558 | train acc: 1.000 | train loss: 0.000 |test acc: 0.879 (0.891, 0.861) | test dp gap: 0.1173
 85.96% | time:   1.5s (407.4m) | step:   6558 | train acc: 1.000 | train loss: 0.000 |val acc: 0.891 (0.910, 0.859) | val dp gap: 0.1437
begin calculating influence
[Strategy 2] Acc of expected label: 0.88265625
calculating influence -- done
Use 9561 samples. Get 13041 labels. Ratio: 0.7331492983666896
Files already downloaded and verified
3255 originally labeled samples, 6306 new samples, and 153209 unlabeled samples. Total: 162770
 88.58% | time: 750.0s (419.9m) | step:   6758 | train acc: 1.000 | train loss: 0.000 |test acc: 0.882 (0.893, 0.866) | test dp gap: 0.1209
 88.58% | time:   1.5s (420.0m) | step:   6758 | train acc: 1.000 | train loss: 0.000 |val acc: 0.895 (0.914, 0.866) | val dp gap: 0.1318
begin calculating influence
[Strategy 2] Acc of expected label: 0.8855078125
calculating influence -- done
Use 9806 samples. Get 13442 labels. Ratio: 0.7295045380151763
Files already downloaded and verified
3255 originally labeled samples, 6551 new samples, and 152964 unlabeled samples. Total: 162770
 91.20% | time: 752.2s (432.5m) | step:   6958 | train acc: 0.996 | train loss: 0.009 |test acc: 0.881 (0.888, 0.869) | test dp gap: 0.1309
 91.20% | time:   1.5s (432.5m) | step:   6958 | train acc: 0.996 | train loss: 0.009 |val acc: 0.889 (0.905, 0.863) | val dp gap: 0.1509
begin calculating influence
[Strategy 2] Acc of expected label: 0.8809375
calculating influence -- done
Use 10062 samples. Get 13847 labels. Ratio: 0.7266555932693002
Files already downloaded and verified
3255 originally labeled samples, 6807 new samples, and 152708 unlabeled samples. Total: 162770
 91.66% | time: 686.9s (444.0m) | step:   6993 | train acc: 1.000 | train loss: 0.002 |test acc: 0.879 (0.890, 0.862) | test dp gap: 0.1150
 91.66% | time:   1.5s (444.0m) | step:   6993 | train acc: 1.000 | train loss: 0.002 |val acc: 0.895 (0.917, 0.860) | val dp gap: 0.1353
begin calculating influence
[Strategy 2] Acc of expected label: 0.8783203125
calculating influence -- done
Use 10318 samples. Get 14167 labels. Ratio: 0.7283122750052939
Files already downloaded and verified
3255 originally labeled samples, 7063 new samples, and 152452 unlabeled samples. Total: 162770
Epoch 11
 94.30% | time: 751.1s (456.5m) | step:   7194 | train acc: 1.000 | train loss: 0.000 |test acc: 0.882 (0.892, 0.866) | test dp gap: 0.1171
 94.30% | time:   1.5s (456.5m) | step:   7194 | train acc: 1.000 | train loss: 0.000 |val acc: 0.898 (0.909, 0.882) | val dp gap: 0.1560
begin calculating influence
[Strategy 2] Acc of expected label: 0.885546875
calculating influence -- done
Use 10362 samples. Get 14256 labels. Ratio: 0.7268518518518519
Files already downloaded and verified
3255 originally labeled samples, 7107 new samples, and 152408 unlabeled samples. Total: 162770
 96.92% | time: 754.8s (469.1m) | step:   7394 | train acc: 0.996 | train loss: 0.005 |test acc: 0.883 (0.894, 0.866) | test dp gap: 0.1176
 96.92% | time:   1.5s (469.1m) | step:   7394 | train acc: 0.996 | train loss: 0.005 |val acc: 0.896 (0.914, 0.866) | val dp gap: 0.1299
begin calculating influence
[Strategy 2] Acc of expected label: 0.8825
calculating influence -- done
Use 10618 samples. Get 14706 labels. Ratio: 0.7220182238542092
Files already downloaded and verified
3255 originally labeled samples, 7363 new samples, and 152152 unlabeled samples. Total: 162770
 99.54% | time: 755.4s (481.7m) | step:   7594 | train acc: 1.000 | train loss: 0.001 |test acc: 0.884 (0.893, 0.868) | test dp gap: 0.1141
 99.54% | time:   1.5s (481.8m) | step:   7594 | train acc: 1.000 | train loss: 0.001 |val acc: 0.887 (0.907, 0.857) | val dp gap: 0.1342
begin calculating influence
[Strategy 2] Acc of expected label: 0.88546875
calculating influence -- done
Use 10874 samples. Get 15085 labels. Ratio: 0.7208485250248591
Files already downloaded and verified
3255 originally labeled samples, 7619 new samples, and 151896 unlabeled samples. Total: 162770
100.00% | time: 692.7s (493.3m) | step:   7629 | train acc: 1.000 | train loss: 0.001 |test acc: 0.885 (0.894, 0.870) | test dp gap: 0.1171
100.00% | time:   1.4s (493.3m) | step:   7629 | train acc: 1.000 | train loss: 0.001 |val acc: 0.886 (0.908, 0.852) | val dp gap: 0.1020
begin calculating influence
[Strategy 2] Acc of expected label: 0.89
calculating influence -- done
Use 11130 samples. Get 15457 labels. Ratio: 0.7200621077828815
Files already downloaded and verified
3255 originally labeled samples, 7875 new samples, and 151640 unlabeled samples. Total: 162770
