Files already downloaded and verified
3255 originally labeled samples, 0 new samples, and 159515 unlabeled samples. Total: 162770
Files already downloaded and verified
1996 originally labeled samples, 0 new samples, and 17966 unlabeled samples. Total: 19962
Numer of layers 200
train net...
train with 162770 samples (with replacement) in one epoch
Epoch 0
  2.62% | time: 104.7s (  1.7m) | step:    200 | train acc: 0.977 | train loss: 0.059 |warm_t acc: 0.841 (0.855, 0.820) | warm_t eop gap: 0.0539
  2.62% | time:   6.7s (  1.9m) | step:    200 | train acc: 0.977 | train loss: 0.059 |warm_v acc: 0.845 (0.858, 0.823) | warm_v eop gap: 0.0374
  5.24% | time:  79.7s (  3.2m) | step:    400 | train acc: 1.000 | train loss: 0.000 |warm_t acc: 0.847 (0.860, 0.827) | warm_t eop gap: 0.0622
  5.24% | time:   1.5s (  3.2m) | step:    400 | train acc: 1.000 | train loss: 0.000 |warm_v acc: 0.857 (0.868, 0.839) | warm_v eop gap: 0.0469
  7.86% | time:  80.2s (  4.5m) | step:    600 | train acc: 1.000 | train loss: 0.000 |warm_t acc: 0.847 (0.859, 0.827) | warm_t eop gap: 0.0605
  7.86% | time:   1.4s (  4.6m) | step:    600 | train acc: 1.000 | train loss: 0.000 |warm_v acc: 0.854 (0.875, 0.820) | warm_v eop gap: 0.0792
  8.32% | time:  20.3s (  4.9m) | step:    635 | train acc: 1.000 | train loss: 0.000 |warm_t acc: 0.847 (0.859, 0.827) | warm_t eop gap: 0.0606
  8.32% | time:   1.4s (  4.9m) | step:    635 | train acc: 1.000 | train loss: 0.000 |warm_v acc: 0.854 (0.871, 0.829) | warm_v eop gap: 0.0627
Epoch 1
 10.95% | time:  81.1s (  6.3m) | step:    835 | train acc: 1.000 | train loss: 0.000 |warm_t acc: 0.847 (0.859, 0.828) | warm_t eop gap: 0.0601
 10.95% | time:   1.5s (  6.3m) | step:    835 | train acc: 1.000 | train loss: 0.000 |warm_v acc: 0.854 (0.881, 0.811) | warm_v eop gap: 0.0943
 13.57% | time:  80.8s (  7.7m) | step:   1035 | train acc: 1.000 | train loss: 0.000 |warm_t acc: 0.847 (0.859, 0.828) | warm_t eop gap: 0.0611
 13.57% | time:   1.5s (  7.7m) | step:   1035 | train acc: 1.000 | train loss: 0.000 |warm_v acc: 0.852 (0.867, 0.828) | warm_v eop gap: 0.0661
 16.19% | time:  79.9s (  9.0m) | step:   1235 | train acc: 1.000 | train loss: 0.000 |warm_t acc: 0.847 (0.859, 0.828) | warm_t eop gap: 0.0609
 16.19% | time:   1.3s (  9.0m) | step:   1235 | train acc: 1.000 | train loss: 0.000 |warm_v acc: 0.848 (0.867, 0.821) | warm_v eop gap: 0.0810
 16.65% | time:  22.9s (  9.4m) | step:   1270 | train acc: 1.000 | train loss: 0.000 |warm_t acc: 0.847 (0.859, 0.828) | warm_t eop gap: 0.0607
 16.65% | time:   1.5s (  9.4m) | step:   1270 | train acc: 1.000 | train loss: 0.000 |warm_v acc: 0.849 (0.861, 0.830) | warm_v eop gap: 0.0518
Epoch 2
 19.28% | time:  78.7s ( 10.8m) | step:   1471 | train acc: 1.000 | train loss: 0.000 |test acc: 0.847 (0.859, 0.828) | test eop gap: 0.0606
 19.28% | time:   1.2s ( 10.8m) | step:   1471 | train acc: 1.000 | train loss: 0.000 |val acc: 0.857 (0.874, 0.831) | val eop gap: 0.0841
begin calculating influence
selected layers: [Traced<ShapedArray(float32[768])>with<DynamicJaxprTrace(level=0/1)>, Traced<ShapedArray(float32[8,8,3,768])>with<DynamicJaxprTrace(level=0/1)>, Traced<ShapedArray(float32[2])>with<DynamicJaxprTrace(level=0/1)>, Traced<ShapedArray(float32[768,2])>with<DynamicJaxprTrace(level=0/1)>]
[Strategy 2] Acc of expected label: 0.848984375
calculating influence -- done
Use 3511 samples. Get 3672 labels. Ratio: 0.9561546840958606
Files already downloaded and verified
3255 originally labeled samples, 256 new samples, and 159259 unlabeled samples. Total: 162770
 21.90% | time: 793.9s ( 24.0m) | step:   1671 | train acc: 1.000 | train loss: 0.019 |test acc: 0.810 (0.823, 0.791) | test eop gap: 0.0161
 21.90% | time:   1.5s ( 24.0m) | step:   1671 | train acc: 1.000 | train loss: 0.019 |val acc: 0.822 (0.838, 0.794) | val eop gap: 0.0147
begin calculating influence
[Strategy 2] Acc of expected label: 0.808203125
calculating influence -- done
Use 3767 samples. Get 4076 labels. Ratio: 0.9241903827281649
Files already downloaded and verified
3255 originally labeled samples, 512 new samples, and 159003 unlabeled samples. Total: 162770
 24.52% | time: 751.2s ( 36.6m) | step:   1871 | train acc: 0.812 | train loss: 0.599 |test acc: 0.851 (0.864, 0.831) | test eop gap: 0.0030
 24.52% | time:   1.4s ( 36.6m) | step:   1871 | train acc: 0.812 | train loss: 0.599 |val acc: 0.872 (0.885, 0.851) | val eop gap: 0.0080
begin calculating influence
[Strategy 2] Acc of expected label: 0.8588671875
calculating influence -- done
Use 4023 samples. Get 4549 labels. Ratio: 0.8843701912508244
Files already downloaded and verified
3255 originally labeled samples, 768 new samples, and 158747 unlabeled samples. Total: 162770
 24.98% | time: 694.9s ( 48.2m) | step:   1906 | train acc: 0.613 | train loss: 1.109 |test acc: 0.857 (0.866, 0.843) | test eop gap: 0.0038
 24.98% | time:   1.4s ( 48.2m) | step:   1906 | train acc: 0.613 | train loss: 1.109 |val acc: 0.867 (0.878, 0.850) | val eop gap: 0.0233
begin calculating influence
[Strategy 2] Acc of expected label: 0.8602734375
calculating influence -- done
Use 4279 samples. Get 4999 labels. Ratio: 0.8559711942388478
Files already downloaded and verified
3255 originally labeled samples, 1024 new samples, and 158491 unlabeled samples. Total: 162770
Epoch 3
 27.62% | time: 759.3s ( 60.8m) | step:   2107 | train acc: 0.855 | train loss: 0.504 |test acc: 0.814 (0.839, 0.774) | test eop gap: 0.0078
 27.62% | time:   1.4s ( 60.9m) | step:   2107 | train acc: 0.855 | train loss: 0.504 |val acc: 0.820 (0.847, 0.777) | val eop gap: 0.0228
begin calculating influence
[Strategy 2] Acc of expected label: 0.8194140625
calculating influence -- done
Use 4535 samples. Get 5487 labels. Ratio: 0.8264989976307636
Files already downloaded and verified
3255 originally labeled samples, 1280 new samples, and 158235 unlabeled samples. Total: 162770
 30.24% | time: 756.8s ( 73.5m) | step:   2307 | train acc: 0.969 | train loss: 0.104 |test acc: 0.847 (0.865, 0.819) | test eop gap: 0.0116
 30.24% | time:   1.4s ( 73.5m) | step:   2307 | train acc: 0.969 | train loss: 0.104 |val acc: 0.843 (0.863, 0.812) | val eop gap: 0.0165
begin calculating influence
[Strategy 2] Acc of expected label: 0.8533203125
calculating influence -- done
Use 4791 samples. Get 5809 labels. Ratio: 0.8247546909967293
Files already downloaded and verified
3255 originally labeled samples, 1536 new samples, and 157979 unlabeled samples. Total: 162770
 32.86% | time: 753.4s ( 86.1m) | step:   2507 | train acc: 0.996 | train loss: 0.036 |test acc: 0.865 (0.878, 0.844) | test eop gap: 0.0168
 32.86% | time:   1.3s ( 86.1m) | step:   2507 | train acc: 0.996 | train loss: 0.036 |val acc: 0.874 (0.891, 0.847) | val eop gap: 0.0090
begin calculating influence
[Strategy 2] Acc of expected label: 0.865078125
calculating influence -- done
Use 5011 samples. Get 6112 labels. Ratio: 0.8198625654450262
Files already downloaded and verified
3255 originally labeled samples, 1756 new samples, and 157759 unlabeled samples. Total: 162770
 33.32% | time: 693.4s ( 97.6m) | step:   2542 | train acc: 0.992 | train loss: 0.037 |test acc: 0.864 (0.877, 0.845) | test eop gap: 0.0249
 33.32% | time:   1.4s ( 97.7m) | step:   2542 | train acc: 0.992 | train loss: 0.037 |val acc: 0.875 (0.885, 0.859) | val eop gap: 0.0063
begin calculating influence
[Strategy 2] Acc of expected label: 0.8709765625
calculating influence -- done
Use 5267 samples. Get 6475 labels. Ratio: 0.8134362934362934
Files already downloaded and verified
3255 originally labeled samples, 2012 new samples, and 157503 unlabeled samples. Total: 162770
Epoch 4
 35.95% | time: 757.0s (110.3m) | step:   2743 | train acc: 0.996 | train loss: 0.025 |test acc: 0.868 (0.880, 0.849) | test eop gap: 0.0170
 35.95% | time:   1.4s (110.3m) | step:   2743 | train acc: 0.996 | train loss: 0.025 |val acc: 0.883 (0.902, 0.854) | val eop gap: 0.0007
begin calculating influence
[Strategy 2] Acc of expected label: 0.8675
calculating influence -- done
Use 5523 samples. Get 6864 labels. Ratio: 0.8046328671328671
Files already downloaded and verified
3255 originally labeled samples, 2268 new samples, and 157247 unlabeled samples. Total: 162770
 38.58% | time: 762.7s (123.0m) | step:   2943 | train acc: 0.961 | train loss: 0.109 |test acc: 0.850 (0.866, 0.825) | test eop gap: 0.0192
 38.58% | time:   1.4s (123.0m) | step:   2943 | train acc: 0.961 | train loss: 0.109 |val acc: 0.857 (0.884, 0.816) | val eop gap: 0.0416
begin calculating influence
[Strategy 2] Acc of expected label: 0.8538671875
calculating influence -- done
Use 5779 samples. Get 7167 labels. Ratio: 0.8063345890888796
Files already downloaded and verified
3255 originally labeled samples, 2524 new samples, and 156991 unlabeled samples. Total: 162770
 41.20% | time: 756.5s (135.6m) | step:   3143 | train acc: 0.996 | train loss: 0.013 |test acc: 0.869 (0.878, 0.854) | test eop gap: 0.0400
 41.20% | time:   1.5s (135.7m) | step:   3143 | train acc: 0.996 | train loss: 0.013 |val acc: 0.872 (0.891, 0.843) | val eop gap: 0.0586
begin calculating influence
[Strategy 2] Acc of expected label: 0.8727734375
calculating influence -- done
Use 6014 samples. Get 7563 labels. Ratio: 0.7951870950680947
Files already downloaded and verified
3255 originally labeled samples, 2759 new samples, and 156756 unlabeled samples. Total: 162770
 41.66% | time: 694.0s (147.2m) | step:   3178 | train acc: 0.996 | train loss: 0.014 |test acc: 0.876 (0.887, 0.859) | test eop gap: 0.0323
 41.66% | time:   1.4s (147.3m) | step:   3178 | train acc: 0.996 | train loss: 0.014 |val acc: 0.877 (0.900, 0.840) | val eop gap: 0.0539
begin calculating influence
[Strategy 2] Acc of expected label: 0.876953125
calculating influence -- done
Use 6270 samples. Get 7932 labels. Ratio: 0.7904689863842662
Files already downloaded and verified
3255 originally labeled samples, 3015 new samples, and 156500 unlabeled samples. Total: 162770
Epoch 5
 44.29% | time: 755.6s (159.8m) | step:   3379 | train acc: 1.000 | train loss: 0.004 |test acc: 0.875 (0.886, 0.859) | test eop gap: 0.0302
 44.29% | time:   1.4s (159.9m) | step:   3379 | train acc: 1.000 | train loss: 0.004 |val acc: 0.889 (0.902, 0.869) | val eop gap: 0.0179
begin calculating influence
[Strategy 2] Acc of expected label: 0.876640625
calculating influence -- done
Use 6526 samples. Get 8298 labels. Ratio: 0.7864545673656302
Files already downloaded and verified
3255 originally labeled samples, 3271 new samples, and 156244 unlabeled samples. Total: 162770
 46.91% | time: 751.7s (172.4m) | step:   3579 | train acc: 1.000 | train loss: 0.007 |test acc: 0.877 (0.887, 0.861) | test eop gap: 0.0212
 46.91% | time:   1.5s (172.4m) | step:   3579 | train acc: 1.000 | train loss: 0.007 |val acc: 0.895 (0.912, 0.866) | val eop gap: 0.0095
begin calculating influence
[Strategy 2] Acc of expected label: 0.8739453125
calculating influence -- done
Use 6552 samples. Get 8357 labels. Ratio: 0.7840134019384947
Files already downloaded and verified
3255 originally labeled samples, 3297 new samples, and 156218 unlabeled samples. Total: 162770
 49.53% | time: 759.2s (185.1m) | step:   3779 | train acc: 1.000 | train loss: 0.005 |test acc: 0.876 (0.886, 0.860) | test eop gap: 0.0315
 49.53% | time:   1.4s (185.1m) | step:   3779 | train acc: 1.000 | train loss: 0.005 |val acc: 0.892 (0.908, 0.865) | val eop gap: 0.0344
begin calculating influence
[Strategy 2] Acc of expected label: 0.877421875
calculating influence -- done
Use 6750 samples. Get 8687 labels. Ratio: 0.7770231380223322
Files already downloaded and verified
3255 originally labeled samples, 3495 new samples, and 156020 unlabeled samples. Total: 162770
 49.99% | time: 699.4s (196.8m) | step:   3814 | train acc: 0.941 | train loss: 0.194 |test acc: 0.867 (0.878, 0.849) | test eop gap: 0.0151
 49.99% | time:   1.4s (196.8m) | step:   3814 | train acc: 0.941 | train loss: 0.194 |val acc: 0.876 (0.889, 0.857) | val eop gap: 0.0236
begin calculating influence
[Strategy 2] Acc of expected label: 0.864921875
calculating influence -- done
Use 7006 samples. Get 9116 labels. Ratio: 0.7685388328214129
Files already downloaded and verified
3255 originally labeled samples, 3751 new samples, and 155764 unlabeled samples. Total: 162770
Epoch 6
 52.62% | time: 763.2s (209.5m) | step:   4014 | train acc: 1.000 | train loss: 0.001 |test acc: 0.878 (0.887, 0.864) | test eop gap: 0.0233
 52.62% | time:   1.5s (209.5m) | step:   4014 | train acc: 1.000 | train loss: 0.001 |val acc: 0.889 (0.901, 0.868) | val eop gap: 0.0305
begin calculating influence
[Strategy 2] Acc of expected label: 0.880390625
calculating influence -- done
Use 7235 samples. Get 9467 labels. Ratio: 0.7642336537445864
Files already downloaded and verified
3255 originally labeled samples, 3980 new samples, and 155535 unlabeled samples. Total: 162770
 55.24% | time: 757.8s (222.2m) | step:   4214 | train acc: 0.996 | train loss: 0.021 |test acc: 0.875 (0.887, 0.857) | test eop gap: 0.0224
 55.24% | time:   1.3s (222.2m) | step:   4214 | train acc: 0.996 | train loss: 0.021 |val acc: 0.890 (0.907, 0.863) | val eop gap: 0.0031
begin calculating influence
[Strategy 2] Acc of expected label: 0.878984375
calculating influence -- done
Use 7442 samples. Get 9756 labels. Ratio: 0.7628126281262813
Files already downloaded and verified
3255 originally labeled samples, 4187 new samples, and 155328 unlabeled samples. Total: 162770
 57.86% | time: 757.2s (234.8m) | step:   4414 | train acc: 0.996 | train loss: 0.007 |test acc: 0.880 (0.891, 0.863) | test eop gap: 0.0327
 57.86% | time:   1.4s (234.8m) | step:   4414 | train acc: 0.996 | train loss: 0.007 |val acc: 0.880 (0.888, 0.869) | val eop gap: 0.0107
begin calculating influence
[Strategy 2] Acc of expected label: 0.88125
calculating influence -- done
Use 7698 samples. Get 10159 labels. Ratio: 0.7577517472192145
Files already downloaded and verified
3255 originally labeled samples, 4443 new samples, and 155072 unlabeled samples. Total: 162770
 58.32% | time: 698.1s (246.5m) | step:   4449 | train acc: 0.988 | train loss: 0.036 |test acc: 0.876 (0.889, 0.857) | test eop gap: 0.0372
 58.32% | time:   1.4s (246.5m) | step:   4449 | train acc: 0.988 | train loss: 0.036 |val acc: 0.875 (0.892, 0.848) | val eop gap: 0.0302
begin calculating influence
[Strategy 2] Acc of expected label: 0.87734375
calculating influence -- done
Use 7954 samples. Get 10594 labels. Ratio: 0.7508023409477063
Files already downloaded and verified
3255 originally labeled samples, 4699 new samples, and 154816 unlabeled samples. Total: 162770
Epoch 7
 60.95% | time: 753.6s (259.0m) | step:   4650 | train acc: 0.992 | train loss: 0.026 |test acc: 0.879 (0.889, 0.863) | test eop gap: 0.0261
 60.95% | time:   1.5s (259.1m) | step:   4650 | train acc: 0.992 | train loss: 0.026 |val acc: 0.888 (0.906, 0.860) | val eop gap: 0.0276
begin calculating influence
[Strategy 2] Acc of expected label: 0.8801953125
calculating influence -- done
Use 8210 samples. Get 11009 labels. Ratio: 0.7457534744300118
Files already downloaded and verified
3255 originally labeled samples, 4955 new samples, and 154560 unlabeled samples. Total: 162770
 63.57% | time: 753.2s (271.6m) | step:   4850 | train acc: 1.000 | train loss: 0.001 |test acc: 0.881 (0.891, 0.867) | test eop gap: 0.0220
 63.57% | time:   1.5s (271.6m) | step:   4850 | train acc: 1.000 | train loss: 0.001 |val acc: 0.885 (0.895, 0.872) | val eop gap: 0.0187
begin calculating influence
[Strategy 2] Acc of expected label: 0.881796875
calculating influence -- done
Use 8466 samples. Get 11437 labels. Ratio: 0.7402290810527237
Files already downloaded and verified
3255 originally labeled samples, 5211 new samples, and 154304 unlabeled samples. Total: 162770
 66.19% | time: 756.0s (284.2m) | step:   5050 | train acc: 0.996 | train loss: 0.009 |test acc: 0.883 (0.891, 0.868) | test eop gap: 0.0227
 66.19% | time:   1.4s (284.3m) | step:   5050 | train acc: 0.996 | train loss: 0.009 |val acc: 0.893 (0.908, 0.868) | val eop gap: 0.0284
begin calculating influence
[Strategy 2] Acc of expected label: 0.8834375
calculating influence -- done
Use 8722 samples. Get 11940 labels. Ratio: 0.7304857621440536
Files already downloaded and verified
3255 originally labeled samples, 5467 new samples, and 154048 unlabeled samples. Total: 162770
 66.65% | time: 701.6s (296.0m) | step:   5085 | train acc: 0.996 | train loss: 0.023 |test acc: 0.882 (0.892, 0.867) | test eop gap: 0.0448
 66.65% | time:   1.4s (296.0m) | step:   5085 | train acc: 0.996 | train loss: 0.023 |val acc: 0.887 (0.900, 0.866) | val eop gap: 0.0717
begin calculating influence
[Strategy 2] Acc of expected label: 0.882265625
calculating influence -- done
Use 8978 samples. Get 12444 labels. Ratio: 0.7214721954355513
Files already downloaded and verified
3255 originally labeled samples, 5723 new samples, and 153792 unlabeled samples. Total: 162770
Epoch 8
 69.29% | time: 754.2s (308.6m) | step:   5286 | train acc: 0.992 | train loss: 0.014 |test acc: 0.882 (0.892, 0.865) | test eop gap: 0.0281
 69.29% | time:   1.5s (308.6m) | step:   5286 | train acc: 0.992 | train loss: 0.014 |val acc: 0.893 (0.902, 0.880) | val eop gap: 0.0249
begin calculating influence
[Strategy 2] Acc of expected label: 0.8841015625
calculating influence -- done
Use 9234 samples. Get 12840 labels. Ratio: 0.7191588785046729
Files already downloaded and verified
3255 originally labeled samples, 5979 new samples, and 153536 unlabeled samples. Total: 162770
 71.91% | time: 760.1s (321.2m) | step:   5486 | train acc: 1.000 | train loss: 0.001 |test acc: 0.884 (0.893, 0.868) | test eop gap: 0.0304
 71.91% | time:   1.5s (321.3m) | step:   5486 | train acc: 1.000 | train loss: 0.001 |val acc: 0.895 (0.910, 0.871) | val eop gap: 0.0412
begin calculating influence
[Strategy 2] Acc of expected label: 0.8833984375
calculating influence -- done
Use 9490 samples. Get 13326 labels. Ratio: 0.7121416779228575
Files already downloaded and verified
3255 originally labeled samples, 6235 new samples, and 153280 unlabeled samples. Total: 162770
 74.53% | time: 756.1s (333.9m) | step:   5686 | train acc: 0.996 | train loss: 0.007 |test acc: 0.883 (0.892, 0.868) | test eop gap: 0.0313
 74.53% | time:   1.4s (333.9m) | step:   5686 | train acc: 0.996 | train loss: 0.007 |val acc: 0.893 (0.906, 0.874) | val eop gap: 0.0496
begin calculating influence
[Strategy 2] Acc of expected label: 0.8834375
calculating influence -- done
Use 9746 samples. Get 13765 labels. Ratio: 0.7080276062477298
Files already downloaded and verified
3255 originally labeled samples, 6491 new samples, and 153024 unlabeled samples. Total: 162770
 74.99% | time: 699.7s (345.6m) | step:   5721 | train acc: 0.996 | train loss: 0.015 |test acc: 0.879 (0.890, 0.862) | test eop gap: 0.0363
 74.99% | time:   1.4s (345.6m) | step:   5721 | train acc: 0.996 | train loss: 0.015 |val acc: 0.891 (0.904, 0.869) | val eop gap: 0.0327
begin calculating influence
[Strategy 2] Acc of expected label: 0.8839453125
calculating influence -- done
Use 9941 samples. Get 14008 labels. Ratio: 0.7096659051970303
Files already downloaded and verified
3255 originally labeled samples, 6686 new samples, and 152829 unlabeled samples. Total: 162770
Epoch 9
 77.62% | time: 756.8s (358.2m) | step:   5922 | train acc: 1.000 | train loss: 0.004 |test acc: 0.886 (0.897, 0.870) | test eop gap: 0.0362
 77.62% | time:   1.4s (358.2m) | step:   5922 | train acc: 1.000 | train loss: 0.004 |val acc: 0.902 (0.918, 0.877) | val eop gap: 0.0472
begin calculating influence
[Strategy 2] Acc of expected label: 0.886875
calculating influence -- done
Use 10197 samples. Get 14399 labels. Ratio: 0.7081741787624141
Files already downloaded and verified
3255 originally labeled samples, 6942 new samples, and 152573 unlabeled samples. Total: 162770
 80.25% | time: 759.8s (370.9m) | step:   6122 | train acc: 1.000 | train loss: 0.002 |test acc: 0.887 (0.898, 0.870) | test eop gap: 0.0414
 80.25% | time:   1.4s (370.9m) | step:   6122 | train acc: 1.000 | train loss: 0.002 |val acc: 0.896 (0.910, 0.875) | val eop gap: 0.0611
begin calculating influence
[Strategy 2] Acc of expected label: 0.889296875
calculating influence -- done
Use 10453 samples. Get 14844 labels. Ratio: 0.7041902452169226
Files already downloaded and verified
3255 originally labeled samples, 7198 new samples, and 152317 unlabeled samples. Total: 162770
 82.87% | time: 758.5s (383.5m) | step:   6322 | train acc: 1.000 | train loss: 0.001 |test acc: 0.885 (0.895, 0.869) | test eop gap: 0.0284
 82.87% | time:   1.4s (383.6m) | step:   6322 | train acc: 1.000 | train loss: 0.001 |val acc: 0.887 (0.905, 0.858) | val eop gap: 0.0550
begin calculating influence
[Strategy 2] Acc of expected label: 0.883359375
calculating influence -- done
Use 10613 samples. Get 15112 labels. Ratio: 0.702289571201694
Files already downloaded and verified
3255 originally labeled samples, 7358 new samples, and 152157 unlabeled samples. Total: 162770
 83.33% | time: 698.2s (395.2m) | step:   6357 | train acc: 0.977 | train loss: 0.048 |test acc: 0.877 (0.886, 0.861) | test eop gap: 0.0333
 83.33% | time:   1.5s (395.2m) | step:   6357 | train acc: 0.977 | train loss: 0.048 |val acc: 0.889 (0.904, 0.866) | val eop gap: 0.0390
begin calculating influence
[Strategy 2] Acc of expected label: 0.87875
calculating influence -- done
Use 10869 samples. Get 15454 labels. Ratio: 0.7033130581079332
Files already downloaded and verified
3255 originally labeled samples, 7614 new samples, and 151901 unlabeled samples. Total: 162770
Epoch 10
 85.96% | time: 755.6s (407.8m) | step:   6558 | train acc: 1.000 | train loss: 0.002 |test acc: 0.881 (0.889, 0.868) | test eop gap: 0.0230
 85.96% | time:   1.6s (407.9m) | step:   6558 | train acc: 1.000 | train loss: 0.002 |val acc: 0.893 (0.907, 0.870) | val eop gap: 0.0248
begin calculating influence
[Strategy 2] Acc of expected label: 0.8828515625
calculating influence -- done
Use 11125 samples. Get 15858 labels. Ratio: 0.7015386555681675
Files already downloaded and verified
3255 originally labeled samples, 7870 new samples, and 151645 unlabeled samples. Total: 162770
 88.58% | time: 747.6s (420.3m) | step:   6758 | train acc: 0.992 | train loss: 0.027 |test acc: 0.888 (0.897, 0.874) | test eop gap: 0.0346
 88.58% | time:   1.4s (420.3m) | step:   6758 | train acc: 0.992 | train loss: 0.027 |val acc: 0.890 (0.904, 0.867) | val eop gap: 0.0573
begin calculating influence
[Strategy 2] Acc of expected label: 0.8904296875
calculating influence -- done
Use 11151 samples. Get 15909 labels. Ratio: 0.7009240052800302
Files already downloaded and verified
3255 originally labeled samples, 7896 new samples, and 151619 unlabeled samples. Total: 162770
 91.20% | time: 747.8s (432.8m) | step:   6958 | train acc: 0.992 | train loss: 0.030 |test acc: 0.888 (0.897, 0.873) | test eop gap: 0.0275
 91.20% | time:   1.5s (432.8m) | step:   6958 | train acc: 0.992 | train loss: 0.030 |val acc: 0.896 (0.905, 0.882) | val eop gap: 0.0284
begin calculating influence
[Strategy 2] Acc of expected label: 0.8885546875
calculating influence -- done
Use 11407 samples. Get 16323 labels. Ratio: 0.6988298719598113
Files already downloaded and verified
3255 originally labeled samples, 8152 new samples, and 151363 unlabeled samples. Total: 162770
 91.66% | time: 693.8s (444.4m) | step:   6993 | train acc: 0.996 | train loss: 0.018 |test acc: 0.886 (0.896, 0.871) | test eop gap: 0.0255
 91.66% | time:   1.6s (444.4m) | step:   6993 | train acc: 0.996 | train loss: 0.018 |val acc: 0.896 (0.907, 0.879) | val eop gap: 0.0543
begin calculating influence
[Strategy 2] Acc of expected label: 0.8882421875
calculating influence -- done
Use 11663 samples. Get 16738 labels. Ratio: 0.6967977058190943
Files already downloaded and verified
3255 originally labeled samples, 8408 new samples, and 151107 unlabeled samples. Total: 162770
Epoch 11
 94.30% | time: 752.7s (457.0m) | step:   7194 | train acc: 1.000 | train loss: 0.001 |test acc: 0.887 (0.898, 0.869) | test eop gap: 0.0267
 94.30% | time:   1.5s (457.0m) | step:   7194 | train acc: 1.000 | train loss: 0.001 |val acc: 0.898 (0.919, 0.863) | val eop gap: 0.0363
begin calculating influence
[Strategy 2] Acc of expected label: 0.88890625
calculating influence -- done
Use 11919 samples. Get 17074 labels. Ratio: 0.6980789504509781
Files already downloaded and verified
3255 originally labeled samples, 8664 new samples, and 150851 unlabeled samples. Total: 162770
 96.92% | time: 757.7s (469.6m) | step:   7394 | train acc: 1.000 | train loss: 0.002 |test acc: 0.884 (0.895, 0.867) | test eop gap: 0.0289
 96.92% | time:   1.5s (469.6m) | step:   7394 | train acc: 1.000 | train loss: 0.002 |val acc: 0.903 (0.913, 0.888) | val eop gap: 0.0349
begin calculating influence
[Strategy 2] Acc of expected label: 0.88890625
calculating influence -- done
Use 12175 samples. Get 17400 labels. Ratio: 0.6997126436781609
Files already downloaded and verified
3255 originally labeled samples, 8920 new samples, and 150595 unlabeled samples. Total: 162770
 99.54% | time: 758.3s (482.3m) | step:   7594 | train acc: 1.000 | train loss: 0.001 |test acc: 0.889 (0.897, 0.875) | test eop gap: 0.0292
 99.54% | time:   1.4s (482.3m) | step:   7594 | train acc: 1.000 | train loss: 0.001 |val acc: 0.901 (0.916, 0.877) | val eop gap: 0.0630
begin calculating influence
[Strategy 2] Acc of expected label: 0.890859375
calculating influence -- done
Use 12408 samples. Get 17705 labels. Ratio: 0.7008189776899181
Files already downloaded and verified
3255 originally labeled samples, 9153 new samples, and 150362 unlabeled samples. Total: 162770
100.00% | time: 699.5s (494.0m) | step:   7629 | train acc: 1.000 | train loss: 0.000 |test acc: 0.890 (0.899, 0.875) | test eop gap: 0.0200
100.00% | time:   1.5s (494.0m) | step:   7629 | train acc: 1.000 | train loss: 0.000 |val acc: 0.899 (0.914, 0.876) | val eop gap: 0.0215
begin calculating influence
[Strategy 2] Acc of expected label: 0.8926171875
calculating influence -- done
Use 12664 samples. Get 18054 labels. Ratio: 0.7014512019497064
Files already downloaded and verified
3255 originally labeled samples, 9409 new samples, and 150106 unlabeled samples. Total: 162770
