Files already downloaded and verified
3255 originally labeled samples, 0 new samples, and 159515 unlabeled samples. Total: 162770
Files already downloaded and verified
1996 originally labeled samples, 0 new samples, and 17966 unlabeled samples. Total: 19962
Numer of layers 200
train net...
train with 162770 samples (with replacement) in one epoch
Epoch 0
  2.62% | time: 104.5s (  1.7m) | step:    200 | train acc: 0.977 | train loss: 0.059 |warm_t acc: 0.841 (0.855, 0.820) | warm_t dp gap: 0.1254
  2.62% | time:   5.9s (  1.8m) | step:    200 | train acc: 0.977 | train loss: 0.059 |warm_v acc: 0.845 (0.858, 0.823) | warm_v dp gap: 0.1389
  5.24% | time:  79.6s (  3.2m) | step:    400 | train acc: 1.000 | train loss: 0.000 |warm_t acc: 0.847 (0.860, 0.827) | warm_t dp gap: 0.1304
  5.24% | time:   1.4s (  3.2m) | step:    400 | train acc: 1.000 | train loss: 0.000 |warm_v acc: 0.857 (0.868, 0.839) | warm_v dp gap: 0.1455
  7.86% | time:  78.7s (  4.5m) | step:    600 | train acc: 1.000 | train loss: 0.000 |warm_t acc: 0.847 (0.859, 0.827) | warm_t dp gap: 0.1301
  7.86% | time:   1.2s (  4.5m) | step:    600 | train acc: 1.000 | train loss: 0.000 |warm_v acc: 0.854 (0.875, 0.820) | warm_v dp gap: 0.1412
  8.32% | time:  23.3s (  4.9m) | step:    635 | train acc: 1.000 | train loss: 0.000 |warm_t acc: 0.847 (0.859, 0.827) | warm_t dp gap: 0.1299
  8.32% | time:   1.4s (  4.9m) | step:    635 | train acc: 1.000 | train loss: 0.000 |warm_v acc: 0.854 (0.871, 0.829) | warm_v dp gap: 0.1376
Epoch 1
 10.95% | time:  79.3s (  6.3m) | step:    835 | train acc: 1.000 | train loss: 0.000 |warm_t acc: 0.847 (0.859, 0.828) | warm_t dp gap: 0.1302
 10.95% | time:   1.4s (  6.3m) | step:    835 | train acc: 1.000 | train loss: 0.000 |warm_v acc: 0.854 (0.881, 0.811) | warm_v dp gap: 0.1445
 13.57% | time:  79.3s (  7.6m) | step:   1035 | train acc: 1.000 | train loss: 0.000 |warm_t acc: 0.847 (0.859, 0.828) | warm_t dp gap: 0.1313
 13.57% | time:   1.4s (  7.6m) | step:   1035 | train acc: 1.000 | train loss: 0.000 |warm_v acc: 0.852 (0.867, 0.828) | warm_v dp gap: 0.1473
 16.19% | time:  76.6s (  8.9m) | step:   1235 | train acc: 1.000 | train loss: 0.000 |warm_t acc: 0.847 (0.859, 0.828) | warm_t dp gap: 0.1310
 16.19% | time:   1.5s (  8.9m) | step:   1235 | train acc: 1.000 | train loss: 0.000 |warm_v acc: 0.848 (0.867, 0.821) | warm_v dp gap: 0.1596
 16.65% | time:  24.1s (  9.3m) | step:   1270 | train acc: 1.000 | train loss: 0.000 |warm_t acc: 0.847 (0.859, 0.828) | warm_t dp gap: 0.1310
 16.65% | time:   1.5s (  9.4m) | step:   1270 | train acc: 1.000 | train loss: 0.000 |warm_v acc: 0.849 (0.861, 0.830) | warm_v dp gap: 0.1446
Epoch 2
 19.28% | time:  70.2s ( 10.5m) | step:   1471 | train acc: 1.000 | train loss: 0.000 |test acc: 0.847 (0.859, 0.828) | test dp gap: 0.1309
 19.28% | time:   1.4s ( 10.5m) | step:   1471 | train acc: 1.000 | train loss: 0.000 |val acc: 0.857 (0.874, 0.831) | val dp gap: 0.1668
begin calculating influence
selected layers: [Traced<ShapedArray(float32[768])>with<DynamicJaxprTrace(level=0/1)>, Traced<ShapedArray(float32[8,8,3,768])>with<DynamicJaxprTrace(level=0/1)>, Traced<ShapedArray(float32[2])>with<DynamicJaxprTrace(level=0/1)>, Traced<ShapedArray(float32[768,2])>with<DynamicJaxprTrace(level=0/1)>]
[Strategy 5] Acc of expected label: 0.848984375
calculating influence -- done
Use 3511 samples. Get 3711 labels. Ratio: 0.9461061708434384
Files already downloaded and verified
3255 originally labeled samples, 256 new samples, and 159259 unlabeled samples. Total: 162770
 21.90% | time: 775.5s ( 23.5m) | step:   1671 | train acc: 1.000 | train loss: 0.047 |test acc: 0.804 (0.818, 0.782) | test dp gap: 0.0578
 21.90% | time:   1.4s ( 23.5m) | step:   1671 | train acc: 1.000 | train loss: 0.047 |val acc: 0.827 (0.835, 0.813) | val dp gap: 0.0978
begin calculating influence
[Strategy 5] Acc of expected label: 0.8043359375
calculating influence -- done
Use 3767 samples. Get 4255 labels. Ratio: 0.8853113983548766
Files already downloaded and verified
3255 originally labeled samples, 512 new samples, and 159003 unlabeled samples. Total: 162770
 24.52% | time: 739.9s ( 35.8m) | step:   1871 | train acc: 0.867 | train loss: 0.348 |test acc: 0.847 (0.859, 0.830) | test dp gap: 0.0863
 24.52% | time:   1.5s ( 35.8m) | step:   1871 | train acc: 0.867 | train loss: 0.348 |val acc: 0.862 (0.882, 0.831) | val dp gap: 0.0983
begin calculating influence
[Strategy 5] Acc of expected label: 0.8566015625
calculating influence -- done
Use 3975 samples. Get 4662 labels. Ratio: 0.8526383526383526
Files already downloaded and verified
3255 originally labeled samples, 720 new samples, and 158795 unlabeled samples. Total: 162770
 24.98% | time: 677.4s ( 47.1m) | step:   1906 | train acc: 0.855 | train loss: 0.367 |test acc: 0.834 (0.852, 0.804) | test dp gap: 0.0991
 24.98% | time:   1.4s ( 47.2m) | step:   1906 | train acc: 0.855 | train loss: 0.367 |val acc: 0.850 (0.873, 0.815) | val dp gap: 0.1451
begin calculating influence
[Strategy 5] Acc of expected label: 0.8387109375
calculating influence -- done
Use 4231 samples. Get 5033 labels. Ratio: 0.8406516987879992
Files already downloaded and verified
3255 originally labeled samples, 976 new samples, and 158539 unlabeled samples. Total: 162770
Epoch 3
 27.62% | time: 735.6s ( 59.4m) | step:   2107 | train acc: 0.926 | train loss: 0.217 |test acc: 0.859 (0.869, 0.843) | test dp gap: 0.1022
 27.62% | time:   1.4s ( 59.4m) | step:   2107 | train acc: 0.926 | train loss: 0.217 |val acc: 0.874 (0.894, 0.842) | val dp gap: 0.1342
begin calculating influence
[Strategy 5] Acc of expected label: 0.8633203125
calculating influence -- done
Use 4487 samples. Get 5531 labels. Ratio: 0.8112457060206111
Files already downloaded and verified
3255 originally labeled samples, 1232 new samples, and 158283 unlabeled samples. Total: 162770
 30.24% | time: 737.8s ( 71.7m) | step:   2307 | train acc: 1.000 | train loss: 0.016 |test acc: 0.847 (0.863, 0.821) | test dp gap: 0.1122
 30.24% | time:   1.5s ( 71.8m) | step:   2307 | train acc: 1.000 | train loss: 0.016 |val acc: 0.857 (0.880, 0.820) | val dp gap: 0.1369
begin calculating influence
[Strategy 5] Acc of expected label: 0.8532421875
calculating influence -- done
Use 4743 samples. Get 5854 labels. Ratio: 0.8102152374444824
Files already downloaded and verified
3255 originally labeled samples, 1488 new samples, and 158027 unlabeled samples. Total: 162770
 32.86% | time: 733.1s ( 84.0m) | step:   2507 | train acc: 0.996 | train loss: 0.008 |test acc: 0.842 (0.857, 0.818) | test dp gap: 0.1095
 32.86% | time:   1.5s ( 84.0m) | step:   2507 | train acc: 0.996 | train loss: 0.008 |val acc: 0.845 (0.873, 0.800) | val dp gap: 0.1006
begin calculating influence
[Strategy 5] Acc of expected label: 0.8463671875
calculating influence -- done
Use 4926 samples. Get 6079 labels. Ratio: 0.8103306464879092
Files already downloaded and verified
3255 originally labeled samples, 1671 new samples, and 157844 unlabeled samples. Total: 162770
 33.32% | time: 674.1s ( 95.2m) | step:   2542 | train acc: 0.988 | train loss: 0.035 |test acc: 0.854 (0.867, 0.833) | test dp gap: 0.1173
 33.32% | time:   1.4s ( 95.3m) | step:   2542 | train acc: 0.988 | train loss: 0.035 |val acc: 0.868 (0.880, 0.850) | val dp gap: 0.1098
begin calculating influence
[Strategy 5] Acc of expected label: 0.8584765625
calculating influence -- done
Use 4964 samples. Get 6152 labels. Ratio: 0.8068920676202861
Files already downloaded and verified
3255 originally labeled samples, 1709 new samples, and 157806 unlabeled samples. Total: 162770
Epoch 4
 35.95% | time: 718.8s (107.3m) | step:   2743 | train acc: 0.996 | train loss: 0.007 |test acc: 0.842 (0.860, 0.815) | test dp gap: 0.1062
 35.95% | time:   1.4s (107.3m) | step:   2743 | train acc: 0.996 | train loss: 0.007 |val acc: 0.848 (0.868, 0.817) | val dp gap: 0.1138
begin calculating influence
[Strategy 5] Acc of expected label: 0.8450390625
calculating influence -- done
Use 5220 samples. Get 6474 labels. Ratio: 0.8063021316033364
Files already downloaded and verified
3255 originally labeled samples, 1965 new samples, and 157550 unlabeled samples. Total: 162770
 38.58% | time: 728.7s (119.4m) | step:   2943 | train acc: 1.000 | train loss: 0.000 |test acc: 0.857 (0.870, 0.835) | test dp gap: 0.1150
 38.58% | time:   1.4s (119.4m) | step:   2943 | train acc: 1.000 | train loss: 0.000 |val acc: 0.863 (0.877, 0.841) | val dp gap: 0.1153
begin calculating influence
[Strategy 5] Acc of expected label: 0.858828125
calculating influence -- done
Use 5247 samples. Get 6519 labels. Ratio: 0.8048780487804879
Files already downloaded and verified
3255 originally labeled samples, 1992 new samples, and 157523 unlabeled samples. Total: 162770
 41.20% | time: 728.8s (131.6m) | step:   3143 | train acc: 1.000 | train loss: 0.009 |test acc: 0.859 (0.870, 0.842) | test dp gap: 0.1305
 41.20% | time:   1.4s (131.6m) | step:   3143 | train acc: 1.000 | train loss: 0.009 |val acc: 0.870 (0.883, 0.848) | val dp gap: 0.1406
begin calculating influence
[Strategy 5] Acc of expected label: 0.86125
calculating influence -- done
Use 5400 samples. Get 6754 labels. Ratio: 0.7995262066923304
Files already downloaded and verified
3255 originally labeled samples, 2145 new samples, and 157370 unlabeled samples. Total: 162770
 41.66% | time: 672.7s (142.8m) | step:   3178 | train acc: 1.000 | train loss: 0.009 |test acc: 0.856 (0.869, 0.836) | test dp gap: 0.1271
 41.66% | time:   1.5s (142.9m) | step:   3178 | train acc: 1.000 | train loss: 0.009 |val acc: 0.868 (0.881, 0.847) | val dp gap: 0.1518
begin calculating influence
[Strategy 5] Acc of expected label: 0.8616015625
calculating influence -- done
Use 5656 samples. Get 7275 labels. Ratio: 0.7774570446735395
Files already downloaded and verified
3255 originally labeled samples, 2401 new samples, and 157114 unlabeled samples. Total: 162770
Epoch 5
 44.29% | time: 727.5s (155.0m) | step:   3379 | train acc: 1.000 | train loss: 0.002 |test acc: 0.860 (0.875, 0.838) | test dp gap: 0.1112
 44.29% | time:   1.5s (155.0m) | step:   3379 | train acc: 1.000 | train loss: 0.002 |val acc: 0.869 (0.886, 0.842) | val dp gap: 0.1034
begin calculating influence
[Strategy 5] Acc of expected label: 0.8639453125
calculating influence -- done
Use 5712 samples. Get 7367 labels. Ratio: 0.7753495316953984
Files already downloaded and verified
3255 originally labeled samples, 2457 new samples, and 157058 unlabeled samples. Total: 162770
 46.91% | time: 727.5s (167.1m) | step:   3579 | train acc: 1.000 | train loss: 0.000 |test acc: 0.860 (0.874, 0.838) | test dp gap: 0.1137
 46.91% | time:   1.3s (167.1m) | step:   3579 | train acc: 1.000 | train loss: 0.000 |val acc: 0.870 (0.887, 0.843) | val dp gap: 0.1172
begin calculating influence
[Strategy 5] Acc of expected label: 0.8589453125
calculating influence -- done
Use 5968 samples. Get 7741 labels. Ratio: 0.7709598243121044
Files already downloaded and verified
3255 originally labeled samples, 2713 new samples, and 156802 unlabeled samples. Total: 162770
 49.53% | time: 726.2s (179.2m) | step:   3779 | train acc: 1.000 | train loss: 0.003 |test acc: 0.867 (0.875, 0.854) | test dp gap: 0.1174
 49.53% | time:   1.4s (179.3m) | step:   3779 | train acc: 1.000 | train loss: 0.003 |val acc: 0.876 (0.887, 0.858) | val dp gap: 0.1461
begin calculating influence
[Strategy 5] Acc of expected label: 0.86953125
calculating influence -- done
Use 6224 samples. Get 8251 labels. Ratio: 0.7543328081444673
Files already downloaded and verified
3255 originally labeled samples, 2969 new samples, and 156546 unlabeled samples. Total: 162770
 49.99% | time: 671.2s (190.5m) | step:   3814 | train acc: 1.000 | train loss: 0.003 |test acc: 0.860 (0.874, 0.839) | test dp gap: 0.1114
 49.99% | time:   1.5s (190.5m) | step:   3814 | train acc: 1.000 | train loss: 0.003 |val acc: 0.869 (0.888, 0.839) | val dp gap: 0.1033
begin calculating influence
[Strategy 5] Acc of expected label: 0.8648828125
calculating influence -- done
Use 6269 samples. Get 8317 labels. Ratio: 0.7537573644342912
Files already downloaded and verified
3255 originally labeled samples, 3014 new samples, and 156501 unlabeled samples. Total: 162770
Epoch 6
 52.62% | time: 728.8s (202.6m) | step:   4014 | train acc: 1.000 | train loss: 0.000 |test acc: 0.866 (0.878, 0.846) | test dp gap: 0.1184
 52.62% | time:   1.3s (202.7m) | step:   4014 | train acc: 1.000 | train loss: 0.000 |val acc: 0.869 (0.884, 0.846) | val dp gap: 0.1133
begin calculating influence
[Strategy 5] Acc of expected label: 0.8691796875
calculating influence -- done
Use 6321 samples. Get 8396 labels. Ratio: 0.7528585040495474
Files already downloaded and verified
3255 originally labeled samples, 3066 new samples, and 156449 unlabeled samples. Total: 162770
 55.24% | time: 727.9s (214.8m) | step:   4214 | train acc: 1.000 | train loss: 0.001 |test acc: 0.865 (0.878, 0.845) | test dp gap: 0.1173
 55.24% | time:   1.5s (214.8m) | step:   4214 | train acc: 1.000 | train loss: 0.001 |val acc: 0.868 (0.883, 0.845) | val dp gap: 0.1069
begin calculating influence
[Strategy 5] Acc of expected label: 0.8694140625
calculating influence -- done
Use 6577 samples. Get 8784 labels. Ratio: 0.748747723132969
Files already downloaded and verified
3255 originally labeled samples, 3322 new samples, and 156193 unlabeled samples. Total: 162770
 57.86% | time: 727.8s (226.9m) | step:   4414 | train acc: 1.000 | train loss: 0.000 |test acc: 0.869 (0.880, 0.851) | test dp gap: 0.1168
 57.86% | time:   1.5s (227.0m) | step:   4414 | train acc: 1.000 | train loss: 0.000 |val acc: 0.875 (0.896, 0.843) | val dp gap: 0.1009
begin calculating influence
[Strategy 5] Acc of expected label: 0.8702734375
calculating influence -- done
Use 6833 samples. Get 9217 labels. Ratio: 0.7413475100358035
Files already downloaded and verified
3255 originally labeled samples, 3578 new samples, and 155937 unlabeled samples. Total: 162770
 58.32% | time: 670.5s (238.1m) | step:   4449 | train acc: 0.695 | train loss: 0.673 |test acc: 0.724 (0.772, 0.647) | test dp gap: 0.0316
 58.32% | time:   1.4s (238.2m) | step:   4449 | train acc: 0.695 | train loss: 0.673 |val acc: 0.732 (0.785, 0.647) | val dp gap: 0.0680
begin calculating influence
[Strategy 5] Acc of expected label: 0.7260546875
calculating influence -- done
Use 7089 samples. Get 9587 labels. Ratio: 0.7394388234066965
Files already downloaded and verified
3255 originally labeled samples, 3834 new samples, and 155681 unlabeled samples. Total: 162770
Epoch 7
 60.95% | time: 728.7s (250.3m) | step:   4650 | train acc: 0.980 | train loss: 0.078 |test acc: 0.870 (0.878, 0.857) | test dp gap: 0.1290
 60.95% | time:   1.4s (250.3m) | step:   4650 | train acc: 0.980 | train loss: 0.078 |val acc: 0.883 (0.892, 0.870) | val dp gap: 0.1418
begin calculating influence
[Strategy 5] Acc of expected label: 0.8718359375
calculating influence -- done
Use 7345 samples. Get 10008 labels. Ratio: 0.7339128697042366
Files already downloaded and verified
3255 originally labeled samples, 4090 new samples, and 155425 unlabeled samples. Total: 162770
 63.57% | time: 728.0s (262.5m) | step:   4850 | train acc: 0.992 | train loss: 0.023 |test acc: 0.859 (0.874, 0.833) | test dp gap: 0.1029
 63.57% | time:   1.4s (262.5m) | step:   4850 | train acc: 0.992 | train loss: 0.023 |val acc: 0.865 (0.891, 0.824) | val dp gap: 0.1169
begin calculating influence
[Strategy 5] Acc of expected label: 0.8646875
calculating influence -- done
Use 7465 samples. Get 10133 labels. Ratio: 0.736701865192934
Files already downloaded and verified
3255 originally labeled samples, 4210 new samples, and 155305 unlabeled samples. Total: 162770
 66.19% | time: 727.4s (274.6m) | step:   5050 | train acc: 1.000 | train loss: 0.001 |test acc: 0.868 (0.879, 0.849) | test dp gap: 0.1114
 66.19% | time:   1.5s (274.6m) | step:   5050 | train acc: 1.000 | train loss: 0.001 |val acc: 0.875 (0.892, 0.849) | val dp gap: 0.1063
begin calculating influence
[Strategy 5] Acc of expected label: 0.873515625
calculating influence -- done
Use 7536 samples. Get 10280 labels. Ratio: 0.7330739299610894
Files already downloaded and verified
3255 originally labeled samples, 4281 new samples, and 155234 unlabeled samples. Total: 162770
 66.65% | time: 671.1s (285.8m) | step:   5085 | train acc: 1.000 | train loss: 0.001 |test acc: 0.868 (0.879, 0.849) | test dp gap: 0.1123
 66.65% | time:   1.5s (285.8m) | step:   5085 | train acc: 1.000 | train loss: 0.001 |val acc: 0.880 (0.902, 0.846) | val dp gap: 0.1419
begin calculating influence
[Strategy 5] Acc of expected label: 0.8710546875
calculating influence -- done
Use 7792 samples. Get 10626 labels. Ratio: 0.733295689817429
Files already downloaded and verified
3255 originally labeled samples, 4537 new samples, and 154978 unlabeled samples. Total: 162770
Epoch 8
 69.29% | time: 727.0s (298.0m) | step:   5286 | train acc: 1.000 | train loss: 0.001 |test acc: 0.869 (0.881, 0.849) | test dp gap: 0.1154
 69.29% | time:   1.4s (298.0m) | step:   5286 | train acc: 1.000 | train loss: 0.001 |val acc: 0.880 (0.897, 0.852) | val dp gap: 0.1307
begin calculating influence
[Strategy 5] Acc of expected label: 0.8700390625
calculating influence -- done
Use 8048 samples. Get 10972 labels. Ratio: 0.7335034633612832
Files already downloaded and verified
3255 originally labeled samples, 4793 new samples, and 154722 unlabeled samples. Total: 162770
 71.91% | time: 727.6s (310.1m) | step:   5486 | train acc: 1.000 | train loss: 0.003 |test acc: 0.871 (0.883, 0.851) | test dp gap: 0.1060
 71.91% | time:   1.5s (310.1m) | step:   5486 | train acc: 1.000 | train loss: 0.003 |val acc: 0.883 (0.900, 0.857) | val dp gap: 0.1095
begin calculating influence
[Strategy 5] Acc of expected label: 0.87359375
calculating influence -- done
Use 8099 samples. Get 11065 labels. Ratio: 0.731947582467239
Files already downloaded and verified
3255 originally labeled samples, 4844 new samples, and 154671 unlabeled samples. Total: 162770
 74.53% | time: 725.6s (322.2m) | step:   5686 | train acc: 0.996 | train loss: 0.004 |test acc: 0.868 (0.881, 0.848) | test dp gap: 0.1082
 74.53% | time:   1.5s (322.3m) | step:   5686 | train acc: 0.996 | train loss: 0.004 |val acc: 0.870 (0.884, 0.848) | val dp gap: 0.1230
begin calculating influence
[Strategy 5] Acc of expected label: 0.873125
calculating influence -- done
Use 8355 samples. Get 11417 labels. Ratio: 0.7318034509941316
Files already downloaded and verified
3255 originally labeled samples, 5100 new samples, and 154415 unlabeled samples. Total: 162770
 74.99% | time: 672.3s (333.5m) | step:   5721 | train acc: 0.945 | train loss: 0.135 |test acc: 0.873 (0.885, 0.854) | test dp gap: 0.1178
 74.99% | time:   1.5s (333.5m) | step:   5721 | train acc: 0.945 | train loss: 0.135 |val acc: 0.878 (0.896, 0.851) | val dp gap: 0.1242
begin calculating influence
[Strategy 5] Acc of expected label: 0.8769140625
calculating influence -- done
Use 8611 samples. Get 11877 labels. Ratio: 0.7250147343605288
Files already downloaded and verified
3255 originally labeled samples, 5356 new samples, and 154159 unlabeled samples. Total: 162770
Epoch 9
 77.62% | time: 726.0s (345.6m) | step:   5922 | train acc: 0.996 | train loss: 0.009 |test acc: 0.875 (0.885, 0.857) | test dp gap: 0.1115
 77.62% | time:   1.4s (345.6m) | step:   5922 | train acc: 0.996 | train loss: 0.009 |val acc: 0.883 (0.898, 0.861) | val dp gap: 0.1091
begin calculating influence
[Strategy 5] Acc of expected label: 0.877734375
calculating influence -- done
Use 8810 samples. Get 12251 labels. Ratio: 0.7191249693902538
Files already downloaded and verified
3255 originally labeled samples, 5555 new samples, and 153960 unlabeled samples. Total: 162770
 80.25% | time: 729.0s (357.8m) | step:   6122 | train acc: 1.000 | train loss: 0.003 |test acc: 0.872 (0.886, 0.850) | test dp gap: 0.1120
 80.25% | time:   1.3s (357.8m) | step:   6122 | train acc: 1.000 | train loss: 0.003 |val acc: 0.871 (0.889, 0.843) | val dp gap: 0.1090
begin calculating influence
[Strategy 5] Acc of expected label: 0.87234375
calculating influence -- done
Use 9066 samples. Get 12606 labels. Ratio: 0.7191813422179915
Files already downloaded and verified
3255 originally labeled samples, 5811 new samples, and 153704 unlabeled samples. Total: 162770
 82.87% | time: 726.8s (369.9m) | step:   6322 | train acc: 0.996 | train loss: 0.007 |test acc: 0.875 (0.888, 0.855) | test dp gap: 0.1167
 82.87% | time:   1.6s (369.9m) | step:   6322 | train acc: 0.996 | train loss: 0.007 |val acc: 0.876 (0.894, 0.846) | val dp gap: 0.0943
begin calculating influence
[Strategy 5] Acc of expected label: 0.880625
calculating influence -- done
Use 9167 samples. Get 12759 labels. Ratio: 0.7184732345795125
Files already downloaded and verified
3255 originally labeled samples, 5912 new samples, and 153603 unlabeled samples. Total: 162770
 83.33% | time: 670.8s (381.1m) | step:   6357 | train acc: 0.992 | train loss: 0.019 |test acc: 0.874 (0.886, 0.854) | test dp gap: 0.1097
 83.33% | time:   1.5s (381.1m) | step:   6357 | train acc: 0.992 | train loss: 0.019 |val acc: 0.870 (0.890, 0.838) | val dp gap: 0.1001
begin calculating influence
[Strategy 5] Acc of expected label: 0.877109375
calculating influence -- done
Use 9307 samples. Get 13008 labels. Ratio: 0.7154827798277983
Files already downloaded and verified
3255 originally labeled samples, 6052 new samples, and 153463 unlabeled samples. Total: 162770
Epoch 10
 85.96% | time: 726.1s (393.2m) | step:   6558 | train acc: 0.996 | train loss: 0.004 |test acc: 0.876 (0.887, 0.860) | test dp gap: 0.1150
 85.96% | time:   1.4s (393.3m) | step:   6558 | train acc: 0.996 | train loss: 0.004 |val acc: 0.881 (0.893, 0.862) | val dp gap: 0.1499
begin calculating influence
[Strategy 5] Acc of expected label: 0.87640625
calculating influence -- done
Use 9478 samples. Get 13284 labels. Ratio: 0.7134899126769045
Files already downloaded and verified
3255 originally labeled samples, 6223 new samples, and 153292 unlabeled samples. Total: 162770
 88.58% | time: 726.4s (405.4m) | step:   6758 | train acc: 1.000 | train loss: 0.005 |test acc: 0.875 (0.887, 0.857) | test dp gap: 0.1140
 88.58% | time:   1.4s (405.4m) | step:   6758 | train acc: 1.000 | train loss: 0.005 |val acc: 0.887 (0.905, 0.859) | val dp gap: 0.1396
begin calculating influence
[Strategy 5] Acc of expected label: 0.878828125
calculating influence -- done
Use 9734 samples. Get 13711 labels. Ratio: 0.7099409233462184
Files already downloaded and verified
3255 originally labeled samples, 6479 new samples, and 153036 unlabeled samples. Total: 162770
 91.20% | time: 725.3s (417.5m) | step:   6958 | train acc: 1.000 | train loss: 0.001 |test acc: 0.873 (0.885, 0.854) | test dp gap: 0.1074
 91.20% | time:   1.5s (417.5m) | step:   6958 | train acc: 1.000 | train loss: 0.001 |val acc: 0.879 (0.894, 0.855) | val dp gap: 0.1227
begin calculating influence
[Strategy 5] Acc of expected label: 0.87625
calculating influence -- done
Use 9812 samples. Get 13792 labels. Ratio: 0.7114269141531323
Files already downloaded and verified
3255 originally labeled samples, 6557 new samples, and 152958 unlabeled samples. Total: 162770
 91.66% | time: 669.7s (428.7m) | step:   6993 | train acc: 1.000 | train loss: 0.000 |test acc: 0.872 (0.886, 0.849) | test dp gap: 0.1046
 91.66% | time:   1.4s (428.7m) | step:   6993 | train acc: 1.000 | train loss: 0.000 |val acc: 0.884 (0.902, 0.856) | val dp gap: 0.1247
begin calculating influence
[Strategy 5] Acc of expected label: 0.875078125
calculating influence -- done
Use 9983 samples. Get 14017 labels. Ratio: 0.7122066062638225
Files already downloaded and verified
3255 originally labeled samples, 6728 new samples, and 152787 unlabeled samples. Total: 162770
Epoch 11
 94.30% | time: 725.9s (440.8m) | step:   7194 | train acc: 1.000 | train loss: 0.000 |test acc: 0.873 (0.887, 0.851) | test dp gap: 0.1071
 94.30% | time:   1.5s (440.8m) | step:   7194 | train acc: 1.000 | train loss: 0.000 |val acc: 0.878 (0.896, 0.850) | val dp gap: 0.0967
begin calculating influence
[Strategy 5] Acc of expected label: 0.8783203125
calculating influence -- done
Use 10016 samples. Get 14057 labels. Ratio: 0.7125275663370563
Files already downloaded and verified
3255 originally labeled samples, 6761 new samples, and 152754 unlabeled samples. Total: 162770
 96.92% | time: 725.9s (452.9m) | step:   7394 | train acc: 0.996 | train loss: 0.004 |test acc: 0.878 (0.889, 0.860) | test dp gap: 0.1109
 96.92% | time:   1.5s (452.9m) | step:   7394 | train acc: 0.996 | train loss: 0.004 |val acc: 0.884 (0.901, 0.858) | val dp gap: 0.1250
begin calculating influence
[Strategy 5] Acc of expected label: 0.8777734375
calculating influence -- done
Use 10272 samples. Get 14384 labels. Ratio: 0.71412680756396
Files already downloaded and verified
3255 originally labeled samples, 7017 new samples, and 152498 unlabeled samples. Total: 162770
 99.54% | time: 726.4s (465.0m) | step:   7594 | train acc: 1.000 | train loss: 0.000 |test acc: 0.880 (0.890, 0.864) | test dp gap: 0.1115
 99.54% | time:   1.6s (465.1m) | step:   7594 | train acc: 1.000 | train loss: 0.000 |val acc: 0.890 (0.902, 0.873) | val dp gap: 0.1319
begin calculating influence
[Strategy 5] Acc of expected label: 0.880859375
calculating influence -- done
Use 10499 samples. Get 14693 labels. Ratio: 0.7145579527666236
Files already downloaded and verified
3255 originally labeled samples, 7244 new samples, and 152271 unlabeled samples. Total: 162770
100.00% | time: 671.2s (476.3m) | step:   7629 | train acc: 1.000 | train loss: 0.001 |test acc: 0.877 (0.886, 0.861) | test dp gap: 0.1120
100.00% | time:   1.5s (476.3m) | step:   7629 | train acc: 1.000 | train loss: 0.001 |val acc: 0.886 (0.901, 0.863) | val dp gap: 0.1097
begin calculating influence
[Strategy 5] Acc of expected label: 0.8803125
calculating influence -- done
Use 10644 samples. Get 14936 labels. Ratio: 0.7126405998928763
Files already downloaded and verified
3255 originally labeled samples, 7389 new samples, and 152126 unlabeled samples. Total: 162770
