Files already downloaded and verified
3255 originally labeled samples, 0 new samples, and 159515 unlabeled samples. Total: 162770
Files already downloaded and verified
1996 originally labeled samples, 0 new samples, and 17966 unlabeled samples. Total: 19962
Numer of layers 200
train net...
train with 162770 samples (with replacement) in one epoch
Epoch 0
  2.62% | time: 100.7s (  1.7m) | step:    200 | train acc: 0.977 | train loss: 0.059 |warm_t acc: 0.841 (0.855, 0.820) | warm_t eod gap: 0.0345
  2.62% | time:   5.5s (  1.8m) | step:    200 | train acc: 0.977 | train loss: 0.059 |warm_v acc: 0.845 (0.858, 0.823) | warm_v eod gap: 0.0321
  5.24% | time:  78.6s (  3.1m) | step:    400 | train acc: 1.000 | train loss: 0.000 |warm_t acc: 0.847 (0.860, 0.827) | warm_t eod gap: 0.0391
  5.24% | time:   1.2s (  3.1m) | step:    400 | train acc: 1.000 | train loss: 0.000 |warm_v acc: 0.857 (0.868, 0.839) | warm_v eod gap: 0.0290
  7.86% | time:  79.2s (  4.4m) | step:    600 | train acc: 1.000 | train loss: 0.000 |warm_t acc: 0.847 (0.859, 0.827) | warm_t eod gap: 0.0376
  7.86% | time:   1.1s (  4.4m) | step:    600 | train acc: 1.000 | train loss: 0.000 |warm_v acc: 0.854 (0.875, 0.820) | warm_v eod gap: 0.0584
  8.32% | time:  20.8s (  4.8m) | step:    635 | train acc: 1.000 | train loss: 0.000 |warm_t acc: 0.847 (0.859, 0.827) | warm_t eod gap: 0.0380
  8.32% | time:   1.1s (  4.8m) | step:    635 | train acc: 1.000 | train loss: 0.000 |warm_v acc: 0.854 (0.871, 0.829) | warm_v eod gap: 0.0463
Epoch 1
 10.95% | time:  78.3s (  6.1m) | step:    835 | train acc: 1.000 | train loss: 0.000 |warm_t acc: 0.847 (0.859, 0.828) | warm_t eod gap: 0.0373
 10.95% | time:   1.2s (  6.1m) | step:    835 | train acc: 1.000 | train loss: 0.000 |warm_v acc: 0.854 (0.881, 0.811) | warm_v eod gap: 0.0723
 13.57% | time:  76.2s (  7.4m) | step:   1035 | train acc: 1.000 | train loss: 0.000 |warm_t acc: 0.847 (0.859, 0.828) | warm_t eod gap: 0.0372
 13.57% | time:   1.3s (  7.4m) | step:   1035 | train acc: 1.000 | train loss: 0.000 |warm_v acc: 0.852 (0.867, 0.828) | warm_v eod gap: 0.0414
 16.19% | time:  76.7s (  8.7m) | step:   1235 | train acc: 1.000 | train loss: 0.000 |warm_t acc: 0.847 (0.859, 0.828) | warm_t eod gap: 0.0374
 16.19% | time:   1.3s (  8.7m) | step:   1235 | train acc: 1.000 | train loss: 0.000 |warm_v acc: 0.848 (0.867, 0.821) | warm_v eod gap: 0.0477
 16.65% | time:  20.0s (  9.1m) | step:   1270 | train acc: 1.000 | train loss: 0.000 |warm_t acc: 0.847 (0.859, 0.828) | warm_t eod gap: 0.0373
 16.65% | time:   1.2s (  9.1m) | step:   1270 | train acc: 1.000 | train loss: 0.000 |warm_v acc: 0.849 (0.861, 0.830) | warm_v eod gap: 0.0334
Epoch 2
 19.28% | time:  75.1s ( 10.3m) | step:   1471 | train acc: 1.000 | train loss: 0.000 |test acc: 0.847 (0.859, 0.828) | test eod gap: 0.0372
 19.28% | time:   1.6s ( 10.4m) | step:   1471 | train acc: 1.000 | train loss: 0.000 |val acc: 0.857 (0.874, 0.831) | val eod gap: 0.0482
begin calculating influence
selected layers: [Traced<ShapedArray(float32[768])>with<DynamicJaxprTrace(level=0/1)>, Traced<ShapedArray(float32[8,8,3,768])>with<DynamicJaxprTrace(level=0/1)>, Traced<ShapedArray(float32[2])>with<DynamicJaxprTrace(level=0/1)>, Traced<ShapedArray(float32[768,2])>with<DynamicJaxprTrace(level=0/1)>]
[Strategy 2] Acc of expected label: 0.848984375
calculating influence -- done
Use 3511 samples. Get 3648 labels. Ratio: 0.9624451754385965
Files already downloaded and verified
3255 originally labeled samples, 256 new samples, and 159259 unlabeled samples. Total: 162770
 21.90% | time: 746.7s ( 22.8m) | step:   1671 | train acc: 0.988 | train loss: 0.051 |test acc: 0.574 (0.577, 0.568) | test eod gap: 0.0313
 21.90% | time:   1.6s ( 22.8m) | step:   1671 | train acc: 0.988 | train loss: 0.051 |val acc: 0.581 (0.600, 0.554) | val eod gap: 0.0411
begin calculating influence
[Strategy 2] Acc of expected label: 0.567734375
calculating influence -- done
Use 3767 samples. Get 4090 labels. Ratio: 0.9210268948655257
Files already downloaded and verified
3255 originally labeled samples, 512 new samples, and 159003 unlabeled samples. Total: 162770
 24.52% | time: 720.6s ( 34.8m) | step:   1871 | train acc: 1.000 | train loss: 0.011 |test acc: 0.756 (0.774, 0.727) | test eod gap: 0.0190
 24.52% | time:   1.3s ( 34.9m) | step:   1871 | train acc: 1.000 | train loss: 0.011 |val acc: 0.770 (0.814, 0.700) | val eod gap: 0.0848
begin calculating influence
[Strategy 2] Acc of expected label: 0.7548046875
calculating influence -- done
Use 4023 samples. Get 4474 labels. Ratio: 0.8991953509164059
Files already downloaded and verified
3255 originally labeled samples, 768 new samples, and 158747 unlabeled samples. Total: 162770
 24.98% | time: 664.6s ( 45.9m) | step:   1906 | train acc: 0.996 | train loss: 0.036 |test acc: 0.799 (0.803, 0.792) | test eod gap: 0.0313
 24.98% | time:   1.4s ( 46.0m) | step:   1906 | train acc: 0.996 | train loss: 0.036 |val acc: 0.812 (0.814, 0.810) | val eod gap: 0.0235
begin calculating influence
[Strategy 2] Acc of expected label: 0.8010546875
calculating influence -- done
Use 4279 samples. Get 4856 labels. Ratio: 0.8811779242174629
Files already downloaded and verified
3255 originally labeled samples, 1024 new samples, and 158491 unlabeled samples. Total: 162770
Epoch 3
 27.62% | time: 719.7s ( 58.0m) | step:   2107 | train acc: 1.000 | train loss: 0.009 |test acc: 0.835 (0.843, 0.823) | test eod gap: 0.0156
 27.62% | time:   1.4s ( 58.0m) | step:   2107 | train acc: 1.000 | train loss: 0.009 |val acc: 0.854 (0.865, 0.838) | val eod gap: 0.0166
begin calculating influence
[Strategy 2] Acc of expected label: 0.836015625
calculating influence -- done
Use 4301 samples. Get 4879 labels. Ratio: 0.8815331010452961
Files already downloaded and verified
3255 originally labeled samples, 1046 new samples, and 158469 unlabeled samples. Total: 162770
 30.24% | time: 729.3s ( 70.1m) | step:   2307 | train acc: 1.000 | train loss: 0.007 |test acc: 0.837 (0.848, 0.819) | test eod gap: 0.0215
 30.24% | time:   1.4s ( 70.2m) | step:   2307 | train acc: 1.000 | train loss: 0.007 |val acc: 0.863 (0.877, 0.841) | val eod gap: 0.0239
begin calculating influence
[Strategy 2] Acc of expected label: 0.836953125
calculating influence -- done
Use 4557 samples. Get 5274 labels. Ratio: 0.8640500568828214
Files already downloaded and verified
3255 originally labeled samples, 1302 new samples, and 158213 unlabeled samples. Total: 162770
 32.86% | time: 723.3s ( 82.2m) | step:   2507 | train acc: 1.000 | train loss: 0.004 |test acc: 0.854 (0.862, 0.840) | test eod gap: 0.0293
 32.86% | time:   1.5s ( 82.2m) | step:   2507 | train acc: 1.000 | train loss: 0.004 |val acc: 0.876 (0.884, 0.861) | val eod gap: 0.0421
begin calculating influence
[Strategy 2] Acc of expected label: 0.8569921875
calculating influence -- done
Use 4813 samples. Get 5742 labels. Ratio: 0.8382096830372693
Files already downloaded and verified
3255 originally labeled samples, 1558 new samples, and 157957 unlabeled samples. Total: 162770
 33.32% | time: 672.3s ( 93.4m) | step:   2542 | train acc: 0.988 | train loss: 0.046 |test acc: 0.860 (0.869, 0.846) | test eod gap: 0.0220
 33.32% | time:   1.4s ( 93.5m) | step:   2542 | train acc: 0.988 | train loss: 0.046 |val acc: 0.867 (0.879, 0.849) | val eod gap: 0.0249
begin calculating influence
[Strategy 2] Acc of expected label: 0.85828125
calculating influence -- done
Use 5069 samples. Get 6045 labels. Ratio: 0.8385442514474772
Files already downloaded and verified
3255 originally labeled samples, 1814 new samples, and 157701 unlabeled samples. Total: 162770
Epoch 4
 35.95% | time: 722.2s (105.5m) | step:   2743 | train acc: 1.000 | train loss: 0.011 |test acc: 0.861 (0.867, 0.852) | test eod gap: 0.0269
 35.95% | time:   1.4s (105.5m) | step:   2743 | train acc: 1.000 | train loss: 0.011 |val acc: 0.876 (0.893, 0.849) | val eod gap: 0.0482
begin calculating influence
[Strategy 2] Acc of expected label: 0.8598046875
calculating influence -- done
Use 5325 samples. Get 6401 labels. Ratio: 0.8319012654272769
Files already downloaded and verified
3255 originally labeled samples, 2070 new samples, and 157445 unlabeled samples. Total: 162770
 38.58% | time: 726.1s (117.6m) | step:   2943 | train acc: 1.000 | train loss: 0.008 |test acc: 0.862 (0.871, 0.848) | test eod gap: 0.0248
 38.58% | time:   1.4s (117.6m) | step:   2943 | train acc: 1.000 | train loss: 0.008 |val acc: 0.872 (0.891, 0.842) | val eod gap: 0.0533
begin calculating influence
[Strategy 2] Acc of expected label: 0.8628125
calculating influence -- done
Use 5581 samples. Get 6723 labels. Ratio: 0.8301353562397739
Files already downloaded and verified
3255 originally labeled samples, 2326 new samples, and 157189 unlabeled samples. Total: 162770
 41.20% | time: 719.8s (129.6m) | step:   3143 | train acc: 0.977 | train loss: 0.048 |test acc: 0.866 (0.875, 0.852) | test eod gap: 0.0261
 41.20% | time:   1.4s (129.7m) | step:   3143 | train acc: 0.977 | train loss: 0.048 |val acc: 0.870 (0.874, 0.863) | val eod gap: 0.0179
begin calculating influence
[Strategy 2] Acc of expected label: 0.865
calculating influence -- done
Use 5837 samples. Get 7115 labels. Ratio: 0.8203794799718904
Files already downloaded and verified
3255 originally labeled samples, 2582 new samples, and 156933 unlabeled samples. Total: 162770
 41.66% | time: 663.0s (140.7m) | step:   3178 | train acc: 1.000 | train loss: 0.017 |test acc: 0.870 (0.876, 0.860) | test eod gap: 0.0292
 41.66% | time:   1.6s (140.7m) | step:   3178 | train acc: 1.000 | train loss: 0.017 |val acc: 0.890 (0.902, 0.871) | val eod gap: 0.0468
begin calculating influence
[Strategy 2] Acc of expected label: 0.8707421875
calculating influence -- done
Use 6093 samples. Get 7554 labels. Ratio: 0.80659253375695
Files already downloaded and verified
3255 originally labeled samples, 2838 new samples, and 156677 unlabeled samples. Total: 162770
Epoch 5
 44.29% | time: 724.1s (152.8m) | step:   3379 | train acc: 1.000 | train loss: 0.004 |test acc: 0.865 (0.875, 0.851) | test eod gap: 0.0205
 44.29% | time:   1.5s (152.8m) | step:   3379 | train acc: 1.000 | train loss: 0.004 |val acc: 0.870 (0.874, 0.863) | val eod gap: 0.0117
begin calculating influence
[Strategy 2] Acc of expected label: 0.8658984375
calculating influence -- done
Use 6200 samples. Get 7691 labels. Ratio: 0.8061370432973606
Files already downloaded and verified
3255 originally labeled samples, 2945 new samples, and 156570 unlabeled samples. Total: 162770
 46.91% | time: 717.8s (164.8m) | step:   3579 | train acc: 0.996 | train loss: 0.009 |test acc: 0.872 (0.877, 0.862) | test eod gap: 0.0178
 46.91% | time:   1.4s (164.8m) | step:   3579 | train acc: 0.996 | train loss: 0.009 |val acc: 0.881 (0.899, 0.853) | val eod gap: 0.0447
begin calculating influence
[Strategy 2] Acc of expected label: 0.8700390625
calculating influence -- done
Use 6456 samples. Get 8102 labels. Ratio: 0.7968402863490496
Files already downloaded and verified
3255 originally labeled samples, 3201 new samples, and 156314 unlabeled samples. Total: 162770
 49.53% | time: 715.7s (176.8m) | step:   3779 | train acc: 0.984 | train loss: 0.044 |test acc: 0.871 (0.877, 0.862) | test eod gap: 0.0221
 49.53% | time:   1.4s (176.8m) | step:   3779 | train acc: 0.984 | train loss: 0.044 |val acc: 0.879 (0.892, 0.857) | val eod gap: 0.0378
begin calculating influence
[Strategy 2] Acc of expected label: 0.87078125
calculating influence -- done
Use 6712 samples. Get 8515 labels. Ratio: 0.7882560187903699
Files already downloaded and verified
3255 originally labeled samples, 3457 new samples, and 156058 unlabeled samples. Total: 162770
 49.99% | time: 661.3s (187.8m) | step:   3814 | train acc: 0.996 | train loss: 0.009 |test acc: 0.869 (0.875, 0.860) | test eod gap: 0.0251
 49.99% | time:   1.4s (187.8m) | step:   3814 | train acc: 0.996 | train loss: 0.009 |val acc: 0.878 (0.881, 0.874) | val eod gap: 0.0140
begin calculating influence
[Strategy 2] Acc of expected label: 0.8687109375
calculating influence -- done
Use 6896 samples. Get 8804 labels. Ratio: 0.7832803271240345
Files already downloaded and verified
3255 originally labeled samples, 3641 new samples, and 155874 unlabeled samples. Total: 162770
Epoch 6
 52.62% | time: 721.1s (199.8m) | step:   4014 | train acc: 1.000 | train loss: 0.001 |test acc: 0.871 (0.878, 0.860) | test eod gap: 0.0227
 52.62% | time:   1.4s (199.9m) | step:   4014 | train acc: 1.000 | train loss: 0.001 |val acc: 0.876 (0.892, 0.849) | val eod gap: 0.0498
begin calculating influence
[Strategy 2] Acc of expected label: 0.879296875
calculating influence -- done
Use 7152 samples. Get 9232 labels. Ratio: 0.7746967071057193
Files already downloaded and verified
3255 originally labeled samples, 3897 new samples, and 155618 unlabeled samples. Total: 162770
 55.24% | time: 715.7s (211.8m) | step:   4214 | train acc: 0.996 | train loss: 0.006 |test acc: 0.870 (0.878, 0.856) | test eod gap: 0.0214
 55.24% | time:   1.5s (211.8m) | step:   4214 | train acc: 0.996 | train loss: 0.006 |val acc: 0.882 (0.890, 0.869) | val eod gap: 0.0190
begin calculating influence
[Strategy 2] Acc of expected label: 0.8707421875
calculating influence -- done
Use 7408 samples. Get 9646 labels. Ratio: 0.7679867302508812
Files already downloaded and verified
3255 originally labeled samples, 4153 new samples, and 155362 unlabeled samples. Total: 162770
 57.86% | time: 718.9s (223.8m) | step:   4414 | train acc: 0.996 | train loss: 0.005 |test acc: 0.872 (0.880, 0.858) | test eod gap: 0.0254
 57.86% | time:   1.4s (223.8m) | step:   4414 | train acc: 0.996 | train loss: 0.005 |val acc: 0.876 (0.886, 0.861) | val eod gap: 0.0277
begin calculating influence
[Strategy 2] Acc of expected label: 0.8715625
calculating influence -- done
Use 7664 samples. Get 10084 labels. Ratio: 0.7600158667195557
Files already downloaded and verified
3255 originally labeled samples, 4409 new samples, and 155106 unlabeled samples. Total: 162770
 58.32% | time: 659.9s (234.8m) | step:   4449 | train acc: 0.945 | train loss: 0.155 |test acc: 0.872 (0.878, 0.861) | test eod gap: 0.0267
 58.32% | time:   1.4s (234.8m) | step:   4449 | train acc: 0.945 | train loss: 0.155 |val acc: 0.880 (0.893, 0.861) | val eod gap: 0.0400
begin calculating influence
[Strategy 2] Acc of expected label: 0.873671875
calculating influence -- done
Use 7920 samples. Get 10499 labels. Ratio: 0.7543575578626536
Files already downloaded and verified
3255 originally labeled samples, 4665 new samples, and 154850 unlabeled samples. Total: 162770
Epoch 7
 60.95% | time: 716.6s (246.8m) | step:   4650 | train acc: 0.996 | train loss: 0.007 |test acc: 0.876 (0.886, 0.860) | test eod gap: 0.0272
 60.95% | time:   1.4s (246.8m) | step:   4650 | train acc: 0.996 | train loss: 0.007 |val acc: 0.889 (0.904, 0.866) | val eod gap: 0.0412
begin calculating influence
[Strategy 2] Acc of expected label: 0.8751953125
calculating influence -- done
Use 8176 samples. Get 10971 labels. Ratio: 0.7452374441709962
Files already downloaded and verified
3255 originally labeled samples, 4921 new samples, and 154594 unlabeled samples. Total: 162770
 63.57% | time: 716.1s (258.7m) | step:   4850 | train acc: 1.000 | train loss: 0.003 |test acc: 0.874 (0.885, 0.857) | test eod gap: 0.0285
 63.57% | time:   1.5s (258.8m) | step:   4850 | train acc: 1.000 | train loss: 0.003 |val acc: 0.883 (0.889, 0.873) | val eod gap: 0.0319
begin calculating influence
[Strategy 2] Acc of expected label: 0.8783984375
calculating influence -- done
Use 8432 samples. Get 11405 labels. Ratio: 0.7393248575186322
Files already downloaded and verified
3255 originally labeled samples, 5177 new samples, and 154338 unlabeled samples. Total: 162770
 66.19% | time: 720.8s (270.8m) | step:   5050 | train acc: 1.000 | train loss: 0.003 |test acc: 0.879 (0.887, 0.866) | test eod gap: 0.0291
 66.19% | time:   1.5s (270.8m) | step:   5050 | train acc: 1.000 | train loss: 0.003 |val acc: 0.891 (0.897, 0.881) | val eod gap: 0.0197
begin calculating influence
[Strategy 2] Acc of expected label: 0.8779296875
calculating influence -- done
Use 8481 samples. Get 11482 labels. Ratio: 0.7386343842536144
Files already downloaded and verified
3255 originally labeled samples, 5226 new samples, and 154289 unlabeled samples. Total: 162770
 66.65% | time: 660.8s (281.8m) | step:   5085 | train acc: 1.000 | train loss: 0.001 |test acc: 0.877 (0.886, 0.862) | test eod gap: 0.0302
 66.65% | time:   1.4s (281.8m) | step:   5085 | train acc: 1.000 | train loss: 0.001 |val acc: 0.885 (0.897, 0.866) | val eod gap: 0.0329
begin calculating influence
[Strategy 2] Acc of expected label: 0.8801953125
calculating influence -- done
Use 8737 samples. Get 11907 labels. Ratio: 0.7337700512303686
Files already downloaded and verified
3255 originally labeled samples, 5482 new samples, and 154033 unlabeled samples. Total: 162770
Epoch 8
 69.29% | time: 715.5s (293.8m) | step:   5286 | train acc: 1.000 | train loss: 0.001 |test acc: 0.878 (0.883, 0.869) | test eod gap: 0.0224
 69.29% | time:   1.4s (293.8m) | step:   5286 | train acc: 1.000 | train loss: 0.001 |val acc: 0.889 (0.900, 0.872) | val eod gap: 0.0371
begin calculating influence
[Strategy 2] Acc of expected label: 0.8817578125
calculating influence -- done
Use 8993 samples. Get 12292 labels. Ratio: 0.7316140579238529
Files already downloaded and verified
3255 originally labeled samples, 5738 new samples, and 153777 unlabeled samples. Total: 162770
 71.91% | time: 714.4s (305.7m) | step:   5486 | train acc: 1.000 | train loss: 0.001 |test acc: 0.877 (0.884, 0.865) | test eod gap: 0.0260
 71.91% | time:   1.4s (305.7m) | step:   5486 | train acc: 1.000 | train loss: 0.001 |val acc: 0.883 (0.889, 0.873) | val eod gap: 0.0208
begin calculating influence
[Strategy 2] Acc of expected label: 0.8775390625
calculating influence -- done
Use 9249 samples. Get 12740 labels. Ratio: 0.7259811616954475
Files already downloaded and verified
3255 originally labeled samples, 5994 new samples, and 153521 unlabeled samples. Total: 162770
 74.53% | time: 714.8s (317.6m) | step:   5686 | train acc: 1.000 | train loss: 0.002 |test acc: 0.880 (0.888, 0.867) | test eod gap: 0.0226
 74.53% | time:   1.4s (317.7m) | step:   5686 | train acc: 1.000 | train loss: 0.002 |val acc: 0.888 (0.895, 0.877) | val eod gap: 0.0184
begin calculating influence
[Strategy 2] Acc of expected label: 0.8817578125
calculating influence -- done
Use 9505 samples. Get 13158 labels. Ratio: 0.7223742210062319
Files already downloaded and verified
3255 originally labeled samples, 6250 new samples, and 153265 unlabeled samples. Total: 162770
 74.99% | time: 659.1s (328.6m) | step:   5721 | train acc: 0.977 | train loss: 0.070 |test acc: 0.877 (0.886, 0.863) | test eod gap: 0.0250
 74.99% | time:   1.4s (328.7m) | step:   5721 | train acc: 0.977 | train loss: 0.070 |val acc: 0.880 (0.884, 0.875) | val eod gap: 0.0115
begin calculating influence
[Strategy 2] Acc of expected label: 0.879609375
calculating influence -- done
Use 9761 samples. Get 13539 labels. Ratio: 0.720954280227491
Files already downloaded and verified
3255 originally labeled samples, 6506 new samples, and 153009 unlabeled samples. Total: 162770
Epoch 9
 77.62% | time: 717.0s (340.6m) | step:   5922 | train acc: 1.000 | train loss: 0.002 |test acc: 0.883 (0.889, 0.873) | test eod gap: 0.0211
 77.62% | time:   1.4s (340.6m) | step:   5922 | train acc: 1.000 | train loss: 0.002 |val acc: 0.888 (0.901, 0.869) | val eod gap: 0.0362
begin calculating influence
[Strategy 2] Acc of expected label: 0.88625
calculating influence -- done
Use 10017 samples. Get 13893 labels. Ratio: 0.721010580868063
Files already downloaded and verified
3255 originally labeled samples, 6762 new samples, and 152753 unlabeled samples. Total: 162770
 80.25% | time: 713.8s (352.5m) | step:   6122 | train acc: 1.000 | train loss: 0.002 |test acc: 0.881 (0.888, 0.871) | test eod gap: 0.0231
 80.25% | time:   1.4s (352.6m) | step:   6122 | train acc: 1.000 | train loss: 0.002 |val acc: 0.899 (0.904, 0.891) | val eod gap: 0.0150
begin calculating influence
[Strategy 2] Acc of expected label: 0.887578125
calculating influence -- done
Use 10077 samples. Get 13972 labels. Ratio: 0.7212281706269682
Files already downloaded and verified
3255 originally labeled samples, 6822 new samples, and 152693 unlabeled samples. Total: 162770
 82.87% | time: 714.4s (364.5m) | step:   6322 | train acc: 1.000 | train loss: 0.001 |test acc: 0.881 (0.888, 0.870) | test eod gap: 0.0245
 82.87% | time:   1.4s (364.5m) | step:   6322 | train acc: 1.000 | train loss: 0.001 |val acc: 0.894 (0.892, 0.897) | val eod gap: 0.0023
begin calculating influence
[Strategy 2] Acc of expected label: 0.8836328125
calculating influence -- done
Use 10333 samples. Get 14383 labels. Ratio: 0.7184175763053605
Files already downloaded and verified
3255 originally labeled samples, 7078 new samples, and 152437 unlabeled samples. Total: 162770
 83.33% | time: 660.3s (375.5m) | step:   6357 | train acc: 1.000 | train loss: 0.000 |test acc: 0.882 (0.889, 0.870) | test eod gap: 0.0268
 83.33% | time:   1.4s (375.5m) | step:   6357 | train acc: 1.000 | train loss: 0.000 |val acc: 0.893 (0.895, 0.890) | val eod gap: 0.0149
begin calculating influence
[Strategy 2] Acc of expected label: 0.88203125
calculating influence -- done
Use 10589 samples. Get 14755 labels. Ratio: 0.7176550321924772
Files already downloaded and verified
3255 originally labeled samples, 7334 new samples, and 152181 unlabeled samples. Total: 162770
Epoch 10
 85.96% | time: 717.8s (387.5m) | step:   6558 | train acc: 1.000 | train loss: 0.001 |test acc: 0.881 (0.889, 0.869) | test eod gap: 0.0279
 85.96% | time:   1.4s (387.5m) | step:   6558 | train acc: 1.000 | train loss: 0.001 |val acc: 0.891 (0.894, 0.886) | val eod gap: 0.0185
begin calculating influence
[Strategy 2] Acc of expected label: 0.884921875
calculating influence -- done
Use 10845 samples. Get 15141 labels. Ratio: 0.7162670893600158
Files already downloaded and verified
3255 originally labeled samples, 7590 new samples, and 151925 unlabeled samples. Total: 162770
 88.58% | time: 714.7s (399.4m) | step:   6758 | train acc: 0.996 | train loss: 0.024 |test acc: 0.884 (0.893, 0.870) | test eod gap: 0.0240
 88.58% | time:   1.3s (399.4m) | step:   6758 | train acc: 0.996 | train loss: 0.024 |val acc: 0.898 (0.909, 0.881) | val eod gap: 0.0251
begin calculating influence
[Strategy 2] Acc of expected label: 0.888359375
calculating influence -- done
Use 11101 samples. Get 15490 labels. Ratio: 0.7166559070367979
Files already downloaded and verified
3255 originally labeled samples, 7846 new samples, and 151669 unlabeled samples. Total: 162770
 91.20% | time: 715.2s (411.4m) | step:   6958 | train acc: 1.000 | train loss: 0.003 |test acc: 0.884 (0.891, 0.874) | test eod gap: 0.0243
 91.20% | time:   1.5s (411.4m) | step:   6958 | train acc: 1.000 | train loss: 0.003 |val acc: 0.901 (0.906, 0.894) | val eod gap: 0.0177
begin calculating influence
[Strategy 2] Acc of expected label: 0.88953125
calculating influence -- done
Use 11357 samples. Get 15862 labels. Ratio: 0.7159878955995461
Files already downloaded and verified
3255 originally labeled samples, 8102 new samples, and 151413 unlabeled samples. Total: 162770
 91.66% | time: 658.2s (422.4m) | step:   6993 | train acc: 1.000 | train loss: 0.002 |test acc: 0.885 (0.892, 0.873) | test eod gap: 0.0228
 91.66% | time:   1.5s (422.4m) | step:   6993 | train acc: 1.000 | train loss: 0.002 |val acc: 0.904 (0.905, 0.901) | val eod gap: 0.0091
begin calculating influence
[Strategy 2] Acc of expected label: 0.8876953125
calculating influence -- done
Use 11513 samples. Get 16070 labels. Ratio: 0.7164281269446173
Files already downloaded and verified
3255 originally labeled samples, 8258 new samples, and 151257 unlabeled samples. Total: 162770
Epoch 11
 94.30% | time: 714.8s (434.3m) | step:   7194 | train acc: 1.000 | train loss: 0.001 |test acc: 0.882 (0.891, 0.868) | test eod gap: 0.0236
 94.30% | time:   1.5s (434.3m) | step:   7194 | train acc: 1.000 | train loss: 0.001 |val acc: 0.889 (0.900, 0.872) | val eod gap: 0.0289
begin calculating influence
[Strategy 2] Acc of expected label: 0.890859375
calculating influence -- done
Use 11769 samples. Get 16451 labels. Ratio: 0.7153972402893441
Files already downloaded and verified
3255 originally labeled samples, 8514 new samples, and 151001 unlabeled samples. Total: 162770
 96.92% | time: 715.7s (446.3m) | step:   7394 | train acc: 1.000 | train loss: 0.001 |test acc: 0.884 (0.889, 0.876) | test eod gap: 0.0233
 96.92% | time:   1.4s (446.3m) | step:   7394 | train acc: 1.000 | train loss: 0.001 |val acc: 0.898 (0.903, 0.892) | val eod gap: 0.0263
begin calculating influence
[Strategy 2] Acc of expected label: 0.888515625
calculating influence -- done
Use 12025 samples. Get 16839 labels. Ratio: 0.7141160401449017
Files already downloaded and verified
3255 originally labeled samples, 8770 new samples, and 150745 unlabeled samples. Total: 162770
 99.54% | time: 714.3s (458.2m) | step:   7594 | train acc: 0.996 | train loss: 0.009 |test acc: 0.886 (0.892, 0.876) | test eod gap: 0.0219
 99.54% | time:   1.5s (458.2m) | step:   7594 | train acc: 0.996 | train loss: 0.009 |val acc: 0.899 (0.898, 0.900) | val eod gap: 0.0068
begin calculating influence
[Strategy 2] Acc of expected label: 0.89234375
calculating influence -- done
Use 12281 samples. Get 17238 labels. Ratio: 0.7124376377770043
Files already downloaded and verified
3255 originally labeled samples, 9026 new samples, and 150489 unlabeled samples. Total: 162770
100.00% | time: 659.7s (469.2m) | step:   7629 | train acc: 0.988 | train loss: 0.053 |test acc: 0.884 (0.891, 0.872) | test eod gap: 0.0237
100.00% | time:   1.4s (469.2m) | step:   7629 | train acc: 0.988 | train loss: 0.053 |val acc: 0.895 (0.898, 0.889) | val eod gap: 0.0134
begin calculating influence
[Strategy 2] Acc of expected label: 0.8898828125
calculating influence -- done
Use 12537 samples. Get 17661 labels. Ratio: 0.7098692033293698
Files already downloaded and verified
3255 originally labeled samples, 9282 new samples, and 150233 unlabeled samples. Total: 162770
