Files already downloaded and verified
3255 originally labeled samples, 0 new samples, and 159515 unlabeled samples. Total: 162770
Files already downloaded and verified
1996 originally labeled samples, 0 new samples, and 17966 unlabeled samples. Total: 19962
Numer of layers 200
train net...
train with 162770 samples (with replacement) in one epoch
Epoch 0
  2.62% | time: 102.1s (  1.7m) | step:    200 | train acc: 0.977 | train loss: 0.059 |warm_t acc: 0.841 (0.855, 0.820) | warm_t eod gap: 0.0345
  2.62% | time:   5.3s (  1.8m) | step:    200 | train acc: 0.977 | train loss: 0.059 |warm_v acc: 0.845 (0.858, 0.823) | warm_v eod gap: 0.0321
  5.24% | time:  81.0s (  3.1m) | step:    400 | train acc: 1.000 | train loss: 0.000 |warm_t acc: 0.847 (0.860, 0.827) | warm_t eod gap: 0.0391
  5.24% | time:   1.5s (  3.2m) | step:    400 | train acc: 1.000 | train loss: 0.000 |warm_v acc: 0.857 (0.868, 0.839) | warm_v eod gap: 0.0290
  7.86% | time:  80.5s (  4.5m) | step:    600 | train acc: 1.000 | train loss: 0.000 |warm_t acc: 0.847 (0.859, 0.827) | warm_t eod gap: 0.0376
  7.86% | time:   1.4s (  4.5m) | step:    600 | train acc: 1.000 | train loss: 0.000 |warm_v acc: 0.854 (0.875, 0.820) | warm_v eod gap: 0.0584
  8.32% | time:  23.1s (  4.9m) | step:    635 | train acc: 1.000 | train loss: 0.000 |warm_t acc: 0.847 (0.859, 0.827) | warm_t eod gap: 0.0380
  8.32% | time:   1.5s (  4.9m) | step:    635 | train acc: 1.000 | train loss: 0.000 |warm_v acc: 0.854 (0.871, 0.829) | warm_v eod gap: 0.0463
Epoch 1
 10.95% | time:  81.6s (  6.3m) | step:    835 | train acc: 1.000 | train loss: 0.000 |warm_t acc: 0.847 (0.859, 0.828) | warm_t eod gap: 0.0373
 10.95% | time:   1.5s (  6.3m) | step:    835 | train acc: 1.000 | train loss: 0.000 |warm_v acc: 0.854 (0.881, 0.811) | warm_v eod gap: 0.0723
 13.57% | time:  81.0s (  7.7m) | step:   1035 | train acc: 1.000 | train loss: 0.000 |warm_t acc: 0.847 (0.859, 0.828) | warm_t eod gap: 0.0372
 13.57% | time:   1.5s (  7.7m) | step:   1035 | train acc: 1.000 | train loss: 0.000 |warm_v acc: 0.852 (0.867, 0.828) | warm_v eod gap: 0.0414
 16.19% | time:  78.5s (  9.0m) | step:   1235 | train acc: 1.000 | train loss: 0.000 |warm_t acc: 0.847 (0.859, 0.828) | warm_t eod gap: 0.0374
 16.19% | time:   1.6s (  9.0m) | step:   1235 | train acc: 1.000 | train loss: 0.000 |warm_v acc: 0.848 (0.867, 0.821) | warm_v eod gap: 0.0477
 16.65% | time:  24.0s (  9.4m) | step:   1270 | train acc: 1.000 | train loss: 0.000 |warm_t acc: 0.847 (0.859, 0.828) | warm_t eod gap: 0.0373
 16.65% | time:   1.5s (  9.5m) | step:   1270 | train acc: 1.000 | train loss: 0.000 |warm_v acc: 0.849 (0.861, 0.830) | warm_v eod gap: 0.0334
Epoch 2
 19.28% | time:  72.1s ( 10.7m) | step:   1471 | train acc: 1.000 | train loss: 0.000 |test acc: 0.847 (0.859, 0.828) | test eod gap: 0.0372
 19.28% | time:   1.3s ( 10.7m) | step:   1471 | train acc: 1.000 | train loss: 0.000 |val acc: 0.857 (0.874, 0.831) | val eod gap: 0.0482
begin calculating influence
selected layers: [Traced<ShapedArray(float32[768])>with<DynamicJaxprTrace(level=0/1)>, Traced<ShapedArray(float32[8,8,3,768])>with<DynamicJaxprTrace(level=0/1)>, Traced<ShapedArray(float32[2])>with<DynamicJaxprTrace(level=0/1)>, Traced<ShapedArray(float32[768,2])>with<DynamicJaxprTrace(level=0/1)>]
[Strategy 5] Acc of expected label: 0.848984375
calculating influence -- done
Use 3511 samples. Get 3648 labels. Ratio: 0.9624451754385965
Files already downloaded and verified
3255 originally labeled samples, 256 new samples, and 159259 unlabeled samples. Total: 162770
 21.90% | time: 767.5s ( 23.5m) | step:   1671 | train acc: 0.859 | train loss: 0.278 |test acc: 0.848 (0.856, 0.834) | test eod gap: 0.0370
 21.90% | time:   1.5s ( 23.5m) | step:   1671 | train acc: 0.859 | train loss: 0.278 |val acc: 0.851 (0.875, 0.813) | val eod gap: 0.0745
begin calculating influence
[Strategy 5] Acc of expected label: 0.844921875
calculating influence -- done
Use 3767 samples. Get 4093 labels. Ratio: 0.9203518201807965
Files already downloaded and verified
3255 originally labeled samples, 512 new samples, and 159003 unlabeled samples. Total: 162770
 24.52% | time: 751.0s ( 36.0m) | step:   1871 | train acc: 0.867 | train loss: 0.299 |test acc: 0.845 (0.848, 0.839) | test eod gap: 0.0411
 24.52% | time:   1.3s ( 36.0m) | step:   1871 | train acc: 0.867 | train loss: 0.299 |val acc: 0.857 (0.867, 0.841) | val eod gap: 0.0592
begin calculating influence
[Strategy 5] Acc of expected label: 0.840859375
calculating influence -- done
Use 4023 samples. Get 4410 labels. Ratio: 0.9122448979591836
Files already downloaded and verified
3255 originally labeled samples, 768 new samples, and 158747 unlabeled samples. Total: 162770
 24.98% | time: 698.3s ( 47.7m) | step:   1906 | train acc: 0.969 | train loss: 0.093 |test acc: 0.862 (0.870, 0.849) | test eod gap: 0.0309
 24.98% | time:   1.6s ( 47.7m) | step:   1906 | train acc: 0.969 | train loss: 0.093 |val acc: 0.865 (0.876, 0.847) | val eod gap: 0.0280
begin calculating influence
[Strategy 5] Acc of expected label: 0.8596484375
calculating influence -- done
Use 4279 samples. Get 4850 labels. Ratio: 0.8822680412371134
Files already downloaded and verified
3255 originally labeled samples, 1024 new samples, and 158491 unlabeled samples. Total: 162770
Epoch 3
 27.62% | time: 753.7s ( 60.3m) | step:   2107 | train acc: 0.977 | train loss: 0.079 |test acc: 0.855 (0.864, 0.842) | test eod gap: 0.0243
 27.62% | time:   1.4s ( 60.3m) | step:   2107 | train acc: 0.977 | train loss: 0.079 |val acc: 0.865 (0.876, 0.847) | val eod gap: 0.0301
begin calculating influence
[Strategy 5] Acc of expected label: 0.85640625
calculating influence -- done
Use 4535 samples. Get 5287 labels. Ratio: 0.8577643275959902
Files already downloaded and verified
3255 originally labeled samples, 1280 new samples, and 158235 unlabeled samples. Total: 162770
 30.24% | time: 749.4s ( 72.8m) | step:   2307 | train acc: 1.000 | train loss: 0.007 |test acc: 0.851 (0.862, 0.833) | test eod gap: 0.0311
 30.24% | time:   1.2s ( 72.8m) | step:   2307 | train acc: 1.000 | train loss: 0.007 |val acc: 0.856 (0.874, 0.827) | val eod gap: 0.0476
begin calculating influence
[Strategy 5] Acc of expected label: 0.8498046875
calculating influence -- done
Use 4791 samples. Get 5717 labels. Ratio: 0.8380269372048277
Files already downloaded and verified
3255 originally labeled samples, 1536 new samples, and 157979 unlabeled samples. Total: 162770
 32.86% | time: 756.5s ( 85.4m) | step:   2507 | train acc: 1.000 | train loss: 0.009 |test acc: 0.862 (0.866, 0.854) | test eod gap: 0.0260
 32.86% | time:   1.4s ( 85.4m) | step:   2507 | train acc: 1.000 | train loss: 0.009 |val acc: 0.873 (0.885, 0.854) | val eod gap: 0.0458
begin calculating influence
[Strategy 5] Acc of expected label: 0.8599609375
calculating influence -- done
Use 5047 samples. Get 6104 labels. Ratio: 0.8268348623853211
Files already downloaded and verified
3255 originally labeled samples, 1792 new samples, and 157723 unlabeled samples. Total: 162770
 33.32% | time: 698.0s ( 97.1m) | step:   2542 | train acc: 0.996 | train loss: 0.019 |test acc: 0.860 (0.868, 0.846) | test eod gap: 0.0286
 33.32% | time:   1.6s ( 97.1m) | step:   2542 | train acc: 0.996 | train loss: 0.019 |val acc: 0.867 (0.884, 0.839) | val eod gap: 0.0526
begin calculating influence
[Strategy 5] Acc of expected label: 0.8616015625
calculating influence -- done
Use 5303 samples. Get 6578 labels. Ratio: 0.8061720887807844
Files already downloaded and verified
3255 originally labeled samples, 2048 new samples, and 157467 unlabeled samples. Total: 162770
Epoch 4
 35.95% | time: 757.1s (109.7m) | step:   2743 | train acc: 1.000 | train loss: 0.002 |test acc: 0.860 (0.870, 0.844) | test eod gap: 0.0246
 35.95% | time:   1.5s (109.7m) | step:   2743 | train acc: 1.000 | train loss: 0.002 |val acc: 0.876 (0.891, 0.851) | val eod gap: 0.0409
begin calculating influence
[Strategy 5] Acc of expected label: 0.8603125
calculating influence -- done
Use 5559 samples. Get 7033 labels. Ratio: 0.7904166074221527
Files already downloaded and verified
3255 originally labeled samples, 2304 new samples, and 157211 unlabeled samples. Total: 162770
 38.58% | time: 756.9s (122.3m) | step:   2943 | train acc: 0.988 | train loss: 0.019 |test acc: 0.854 (0.867, 0.833) | test eod gap: 0.0251
 38.58% | time:   1.5s (122.4m) | step:   2943 | train acc: 0.988 | train loss: 0.019 |val acc: 0.863 (0.880, 0.835) | val eod gap: 0.0284
begin calculating influence
[Strategy 5] Acc of expected label: 0.85859375
calculating influence -- done
Use 5815 samples. Get 7436 labels. Ratio: 0.7820064550833782
Files already downloaded and verified
3255 originally labeled samples, 2560 new samples, and 156955 unlabeled samples. Total: 162770
 41.20% | time: 756.6s (135.0m) | step:   3143 | train acc: 1.000 | train loss: 0.002 |test acc: 0.862 (0.871, 0.847) | test eod gap: 0.0278
 41.20% | time:   1.4s (135.0m) | step:   3143 | train acc: 1.000 | train loss: 0.002 |val acc: 0.874 (0.889, 0.850) | val eod gap: 0.0418
begin calculating influence
[Strategy 5] Acc of expected label: 0.862578125
calculating influence -- done
Use 6071 samples. Get 7875 labels. Ratio: 0.7709206349206349
Files already downloaded and verified
3255 originally labeled samples, 2816 new samples, and 156699 unlabeled samples. Total: 162770
 41.66% | time: 689.7s (146.5m) | step:   3178 | train acc: 1.000 | train loss: 0.001 |test acc: 0.863 (0.873, 0.846) | test eod gap: 0.0259
 41.66% | time:   1.4s (146.5m) | step:   3178 | train acc: 1.000 | train loss: 0.001 |val acc: 0.867 (0.875, 0.854) | val eod gap: 0.0444
begin calculating influence
[Strategy 5] Acc of expected label: 0.8613671875
calculating influence -- done
Use 6327 samples. Get 8270 labels. Ratio: 0.7650544135429262
Files already downloaded and verified
3255 originally labeled samples, 3072 new samples, and 156443 unlabeled samples. Total: 162770
Epoch 5
 44.29% | time: 754.0s (159.1m) | step:   3379 | train acc: 0.980 | train loss: 0.031 |test acc: 0.855 (0.857, 0.853) | test eod gap: 0.0307
 44.29% | time:   1.7s (159.1m) | step:   3379 | train acc: 0.980 | train loss: 0.031 |val acc: 0.860 (0.859, 0.862) | val eod gap: 0.0299
begin calculating influence
[Strategy 5] Acc of expected label: 0.85859375
calculating influence -- done
Use 6583 samples. Get 8605 labels. Ratio: 0.7650203370133644
Files already downloaded and verified
3255 originally labeled samples, 3328 new samples, and 156187 unlabeled samples. Total: 162770
 46.91% | time: 748.7s (171.6m) | step:   3579 | train acc: 0.996 | train loss: 0.010 |test acc: 0.866 (0.877, 0.848) | test eod gap: 0.0335
 46.91% | time:   1.6s (171.6m) | step:   3579 | train acc: 0.996 | train loss: 0.010 |val acc: 0.878 (0.893, 0.856) | val eod gap: 0.0429
begin calculating influence
[Strategy 5] Acc of expected label: 0.866015625
calculating influence -- done
Use 6839 samples. Get 9001 labels. Ratio: 0.7598044661704255
Files already downloaded and verified
3255 originally labeled samples, 3584 new samples, and 155931 unlabeled samples. Total: 162770
 49.53% | time: 747.2s (184.1m) | step:   3779 | train acc: 1.000 | train loss: 0.004 |test acc: 0.866 (0.876, 0.850) | test eod gap: 0.0293
 49.53% | time:   1.6s (184.1m) | step:   3779 | train acc: 1.000 | train loss: 0.004 |val acc: 0.868 (0.881, 0.849) | val eod gap: 0.0350
begin calculating influence
[Strategy 5] Acc of expected label: 0.8669140625
calculating influence -- done
Use 7095 samples. Get 9423 labels. Ratio: 0.7529449219993632
Files already downloaded and verified
3255 originally labeled samples, 3840 new samples, and 155675 unlabeled samples. Total: 162770
 49.99% | time: 689.1s (195.6m) | step:   3814 | train acc: 1.000 | train loss: 0.002 |test acc: 0.861 (0.872, 0.845) | test eod gap: 0.0340
 49.99% | time:   1.4s (195.6m) | step:   3814 | train acc: 1.000 | train loss: 0.002 |val acc: 0.873 (0.882, 0.858) | val eod gap: 0.0338
begin calculating influence
[Strategy 5] Acc of expected label: 0.8673828125
calculating influence -- done
Use 7351 samples. Get 9823 labels. Ratio: 0.7483457192303777
Files already downloaded and verified
3255 originally labeled samples, 4096 new samples, and 155419 unlabeled samples. Total: 162770
Epoch 6
 52.62% | time: 742.0s (208.0m) | step:   4014 | train acc: 1.000 | train loss: 0.001 |test acc: 0.868 (0.880, 0.849) | test eod gap: 0.0271
 52.62% | time:   1.5s (208.0m) | step:   4014 | train acc: 1.000 | train loss: 0.001 |val acc: 0.869 (0.886, 0.842) | val eod gap: 0.0367
begin calculating influence
[Strategy 5] Acc of expected label: 0.87234375
calculating influence -- done
Use 7607 samples. Get 10216 labels. Ratio: 0.7446162881754111
Files already downloaded and verified
3255 originally labeled samples, 4352 new samples, and 155163 unlabeled samples. Total: 162770
 55.24% | time: 753.1s (220.6m) | step:   4214 | train acc: 1.000 | train loss: 0.001 |test acc: 0.871 (0.880, 0.855) | test eod gap: 0.0346
 55.24% | time:   1.4s (220.6m) | step:   4214 | train acc: 1.000 | train loss: 0.001 |val acc: 0.882 (0.890, 0.870) | val eod gap: 0.0300
begin calculating influence
[Strategy 5] Acc of expected label: 0.870859375
calculating influence -- done
Use 7863 samples. Get 10633 labels. Ratio: 0.739490266152544
Files already downloaded and verified
3255 originally labeled samples, 4608 new samples, and 154907 unlabeled samples. Total: 162770
 57.86% | time: 753.9s (233.1m) | step:   4414 | train acc: 1.000 | train loss: 0.001 |test acc: 0.858 (0.871, 0.837) | test eod gap: 0.0202
 57.86% | time:   1.4s (233.2m) | step:   4414 | train acc: 1.000 | train loss: 0.001 |val acc: 0.872 (0.891, 0.844) | val eod gap: 0.0251
begin calculating influence
[Strategy 5] Acc of expected label: 0.862734375
calculating influence -- done
Use 8119 samples. Get 10941 labels. Ratio: 0.7420711086737958
Files already downloaded and verified
3255 originally labeled samples, 4864 new samples, and 154651 unlabeled samples. Total: 162770
 58.32% | time: 699.9s (244.8m) | step:   4449 | train acc: 1.000 | train loss: 0.000 |test acc: 0.870 (0.882, 0.850) | test eod gap: 0.0299
 58.32% | time:   1.4s (244.9m) | step:   4449 | train acc: 1.000 | train loss: 0.000 |val acc: 0.885 (0.897, 0.865) | val eod gap: 0.0303
begin calculating influence
[Strategy 5] Acc of expected label: 0.8731640625
calculating influence -- done
Use 8375 samples. Get 11328 labels. Ratio: 0.7393185028248588
Files already downloaded and verified
3255 originally labeled samples, 5120 new samples, and 154395 unlabeled samples. Total: 162770
Epoch 7
 60.95% | time: 758.9s (257.5m) | step:   4650 | train acc: 1.000 | train loss: 0.006 |test acc: 0.862 (0.873, 0.845) | test eod gap: 0.0329
 60.95% | time:   1.4s (257.5m) | step:   4650 | train acc: 1.000 | train loss: 0.006 |val acc: 0.873 (0.888, 0.849) | val eod gap: 0.0425
begin calculating influence
[Strategy 5] Acc of expected label: 0.867890625
calculating influence -- done
Use 8631 samples. Get 11728 labels. Ratio: 0.735931105047749
Files already downloaded and verified
3255 originally labeled samples, 5376 new samples, and 154139 unlabeled samples. Total: 162770
 63.57% | time: 756.6s (270.1m) | step:   4850 | train acc: 1.000 | train loss: 0.001 |test acc: 0.872 (0.882, 0.855) | test eod gap: 0.0302
 63.57% | time:   1.5s (270.2m) | step:   4850 | train acc: 1.000 | train loss: 0.001 |val acc: 0.870 (0.879, 0.856) | val eod gap: 0.0212
begin calculating influence
[Strategy 5] Acc of expected label: 0.873203125
calculating influence -- done
Use 8887 samples. Get 12116 labels. Ratio: 0.7334929019478376
Files already downloaded and verified
3255 originally labeled samples, 5632 new samples, and 153883 unlabeled samples. Total: 162770
 66.19% | time: 755.5s (282.8m) | step:   5050 | train acc: 0.980 | train loss: 0.038 |test acc: 0.837 (0.853, 0.812) | test eod gap: 0.0289
 66.19% | time:   1.4s (282.8m) | step:   5050 | train acc: 0.980 | train loss: 0.038 |val acc: 0.852 (0.872, 0.820) | val eod gap: 0.0289
begin calculating influence
[Strategy 5] Acc of expected label: 0.843671875
calculating influence -- done
Use 9143 samples. Get 12452 labels. Ratio: 0.7342595566977193
Files already downloaded and verified
3255 originally labeled samples, 5888 new samples, and 153627 unlabeled samples. Total: 162770
 66.65% | time: 695.8s (294.4m) | step:   5085 | train acc: 1.000 | train loss: 0.001 |test acc: 0.866 (0.879, 0.845) | test eod gap: 0.0323
 66.65% | time:   1.5s (294.4m) | step:   5085 | train acc: 1.000 | train loss: 0.001 |val acc: 0.875 (0.883, 0.863) | val eod gap: 0.0147
begin calculating influence
[Strategy 5] Acc of expected label: 0.8754296875
calculating influence -- done
Use 9399 samples. Get 12807 labels. Ratio: 0.7338955258842821
Files already downloaded and verified
3255 originally labeled samples, 6144 new samples, and 153371 unlabeled samples. Total: 162770
Epoch 8
 69.29% | time: 756.9s (307.0m) | step:   5286 | train acc: 1.000 | train loss: 0.002 |test acc: 0.857 (0.872, 0.833) | test eod gap: 0.0204
 69.29% | time:   1.4s (307.0m) | step:   5286 | train acc: 1.000 | train loss: 0.002 |val acc: 0.865 (0.886, 0.832) | val eod gap: 0.0322
begin calculating influence
[Strategy 5] Acc of expected label: 0.86546875
calculating influence -- done
Use 9655 samples. Get 13125 labels. Ratio: 0.7356190476190476
Files already downloaded and verified
3255 originally labeled samples, 6400 new samples, and 153115 unlabeled samples. Total: 162770
 71.91% | time: 753.2s (319.6m) | step:   5486 | train acc: 1.000 | train loss: 0.001 |test acc: 0.875 (0.883, 0.863) | test eod gap: 0.0287
 71.91% | time:   1.5s (319.6m) | step:   5486 | train acc: 1.000 | train loss: 0.001 |val acc: 0.889 (0.888, 0.890) | val eod gap: 0.0027
begin calculating influence
[Strategy 5] Acc of expected label: 0.877578125
calculating influence -- done
Use 9911 samples. Get 13528 labels. Ratio: 0.7326286221170905
Files already downloaded and verified
3255 originally labeled samples, 6656 new samples, and 152859 unlabeled samples. Total: 162770
 74.53% | time: 754.6s (332.2m) | step:   5686 | train acc: 1.000 | train loss: 0.000 |test acc: 0.875 (0.885, 0.859) | test eod gap: 0.0285
 74.53% | time:   1.4s (332.2m) | step:   5686 | train acc: 1.000 | train loss: 0.000 |val acc: 0.891 (0.901, 0.877) | val eod gap: 0.0263
begin calculating influence
[Strategy 5] Acc of expected label: 0.880859375
calculating influence -- done
Use 10167 samples. Get 13963 labels. Ratio: 0.7281386521521163
Files already downloaded and verified
3255 originally labeled samples, 6912 new samples, and 152603 unlabeled samples. Total: 162770
 74.99% | time: 693.7s (343.8m) | step:   5721 | train acc: 1.000 | train loss: 0.001 |test acc: 0.879 (0.885, 0.869) | test eod gap: 0.0265
 74.99% | time:   1.6s (343.8m) | step:   5721 | train acc: 1.000 | train loss: 0.001 |val acc: 0.885 (0.892, 0.873) | val eod gap: 0.0315
begin calculating influence
[Strategy 5] Acc of expected label: 0.879765625
calculating influence -- done
Use 10423 samples. Get 14398 labels. Ratio: 0.7239199888873454
Files already downloaded and verified
3255 originally labeled samples, 7168 new samples, and 152347 unlabeled samples. Total: 162770
Epoch 9
 77.62% | time: 750.2s (356.3m) | step:   5922 | train acc: 0.996 | train loss: 0.006 |test acc: 0.871 (0.876, 0.863) | test eod gap: 0.0375
 77.62% | time:   1.5s (356.3m) | step:   5922 | train acc: 0.996 | train loss: 0.006 |val acc: 0.886 (0.884, 0.890) | val eod gap: 0.0191
begin calculating influence
[Strategy 5] Acc of expected label: 0.8746875
calculating influence -- done
Use 10679 samples. Get 14739 labels. Ratio: 0.724540335165208
Files already downloaded and verified
3255 originally labeled samples, 7424 new samples, and 152091 unlabeled samples. Total: 162770
 80.25% | time: 751.0s (368.8m) | step:   6122 | train acc: 1.000 | train loss: 0.001 |test acc: 0.871 (0.878, 0.860) | test eod gap: 0.0295
 80.25% | time:   1.4s (368.9m) | step:   6122 | train acc: 1.000 | train loss: 0.001 |val acc: 0.869 (0.881, 0.851) | val eod gap: 0.0403
begin calculating influence
[Strategy 5] Acc of expected label: 0.8740625
calculating influence -- done
Use 10935 samples. Get 15073 labels. Ratio: 0.7254693823392822
Files already downloaded and verified
3255 originally labeled samples, 7680 new samples, and 151835 unlabeled samples. Total: 162770
 82.87% | time: 753.2s (381.4m) | step:   6322 | train acc: 1.000 | train loss: 0.000 |test acc: 0.876 (0.885, 0.862) | test eod gap: 0.0268
 82.87% | time:   1.5s (381.4m) | step:   6322 | train acc: 1.000 | train loss: 0.000 |val acc: 0.883 (0.889, 0.873) | val eod gap: 0.0262
begin calculating influence
[Strategy 5] Acc of expected label: 0.8797265625
calculating influence -- done
Use 11191 samples. Get 15429 labels. Ratio: 0.7253224447469052
Files already downloaded and verified
3255 originally labeled samples, 7936 new samples, and 151579 unlabeled samples. Total: 162770
 83.33% | time: 695.4s (393.0m) | step:   6357 | train acc: 1.000 | train loss: 0.000 |test acc: 0.879 (0.887, 0.867) | test eod gap: 0.0268
 83.33% | time:   1.5s (393.1m) | step:   6357 | train acc: 1.000 | train loss: 0.000 |val acc: 0.890 (0.904, 0.868) | val eod gap: 0.0358
begin calculating influence
[Strategy 5] Acc of expected label: 0.8823046875
calculating influence -- done
Use 11447 samples. Get 15846 labels. Ratio: 0.722390508645715
Files already downloaded and verified
3255 originally labeled samples, 8192 new samples, and 151323 unlabeled samples. Total: 162770
Epoch 10
 85.96% | time: 746.3s (405.5m) | step:   6558 | train acc: 1.000 | train loss: 0.000 |test acc: 0.877 (0.886, 0.862) | test eod gap: 0.0265
 85.96% | time:   1.4s (405.5m) | step:   6558 | train acc: 1.000 | train loss: 0.000 |val acc: 0.890 (0.899, 0.876) | val eod gap: 0.0329
begin calculating influence
[Strategy 5] Acc of expected label: 0.8784375
calculating influence -- done
Use 11703 samples. Get 16254 labels. Ratio: 0.7200073827980805
Files already downloaded and verified
3255 originally labeled samples, 8448 new samples, and 151067 unlabeled samples. Total: 162770
 88.58% | time: 749.4s (418.0m) | step:   6758 | train acc: 1.000 | train loss: 0.000 |test acc: 0.878 (0.886, 0.866) | test eod gap: 0.0276
 88.58% | time:   1.4s (418.0m) | step:   6758 | train acc: 1.000 | train loss: 0.000 |val acc: 0.882 (0.884, 0.879) | val eod gap: 0.0146
begin calculating influence
[Strategy 5] Acc of expected label: 0.88234375
calculating influence -- done
Use 11959 samples. Get 16592 labels. Ratio: 0.7207690453230472
Files already downloaded and verified
3255 originally labeled samples, 8704 new samples, and 150811 unlabeled samples. Total: 162770
 91.20% | time: 754.0s (430.6m) | step:   6958 | train acc: 1.000 | train loss: 0.001 |test acc: 0.879 (0.889, 0.864) | test eod gap: 0.0334
 91.20% | time:   1.4s (430.6m) | step:   6958 | train acc: 1.000 | train loss: 0.001 |val acc: 0.890 (0.894, 0.884) | val eod gap: 0.0224
begin calculating influence
[Strategy 5] Acc of expected label: 0.883515625
calculating influence -- done
Use 12215 samples. Get 16936 labels. Ratio: 0.7212446858762399
Files already downloaded and verified
3255 originally labeled samples, 8960 new samples, and 150555 unlabeled samples. Total: 162770
 91.66% | time: 696.8s (442.2m) | step:   6993 | train acc: 1.000 | train loss: 0.002 |test acc: 0.876 (0.882, 0.867) | test eod gap: 0.0303
 91.66% | time:   1.5s (442.3m) | step:   6993 | train acc: 1.000 | train loss: 0.002 |val acc: 0.880 (0.886, 0.871) | val eod gap: 0.0320
begin calculating influence
[Strategy 5] Acc of expected label: 0.87671875
calculating influence -- done
Use 12471 samples. Get 17312 labels. Ratio: 0.7203673752310537
Files already downloaded and verified
3255 originally labeled samples, 9216 new samples, and 150299 unlabeled samples. Total: 162770
Epoch 11
 94.30% | time: 750.7s (454.8m) | step:   7194 | train acc: 1.000 | train loss: 0.001 |test acc: 0.856 (0.871, 0.833) | test eod gap: 0.0188
 94.30% | time:   1.4s (454.8m) | step:   7194 | train acc: 1.000 | train loss: 0.001 |val acc: 0.857 (0.883, 0.816) | val eod gap: 0.0410
begin calculating influence
[Strategy 5] Acc of expected label: 0.8633984375
calculating influence -- done
Use 12727 samples. Get 17619 labels. Ratio: 0.7223451955275555
Files already downloaded and verified
3255 originally labeled samples, 9472 new samples, and 150043 unlabeled samples. Total: 162770
 96.92% | time: 753.3s (467.4m) | step:   7394 | train acc: 1.000 | train loss: 0.001 |test acc: 0.877 (0.884, 0.866) | test eod gap: 0.0347
 96.92% | time:   1.5s (467.4m) | step:   7394 | train acc: 1.000 | train loss: 0.001 |val acc: 0.888 (0.886, 0.891) | val eod gap: 0.0446
begin calculating influence
[Strategy 5] Acc of expected label: 0.8844921875
calculating influence -- done
Use 12983 samples. Get 17988 labels. Ratio: 0.7217589504113854
Files already downloaded and verified
3255 originally labeled samples, 9728 new samples, and 149787 unlabeled samples. Total: 162770
 99.54% | time: 754.2s (480.0m) | step:   7594 | train acc: 1.000 | train loss: 0.002 |test acc: 0.870 (0.884, 0.846) | test eod gap: 0.0254
 99.54% | time:   1.5s (480.0m) | step:   7594 | train acc: 1.000 | train loss: 0.002 |val acc: 0.870 (0.894, 0.834) | val eod gap: 0.0393
begin calculating influence
[Strategy 5] Acc of expected label: 0.8795703125
calculating influence -- done
Use 13239 samples. Get 18305 labels. Ratio: 0.7232450150232177
Files already downloaded and verified
3255 originally labeled samples, 9984 new samples, and 149531 unlabeled samples. Total: 162770
100.00% | time: 693.1s (491.5m) | step:   7629 | train acc: 1.000 | train loss: 0.001 |test acc: 0.860 (0.875, 0.834) | test eod gap: 0.0219
100.00% | time:   1.6s (491.6m) | step:   7629 | train acc: 1.000 | train loss: 0.001 |val acc: 0.868 (0.894, 0.829) | val eod gap: 0.0428
begin calculating influence
[Strategy 5] Acc of expected label: 0.8693359375
calculating influence -- done
Use 13495 samples. Get 18621 labels. Ratio: 0.7247194028247678
Files already downloaded and verified
3255 originally labeled samples, 10240 new samples, and 149275 unlabeled samples. Total: 162770
