Files already downloaded and verified
3255 originally labeled samples, 0 new samples, and 159515 unlabeled samples. Total: 162770
Files already downloaded and verified
1996 originally labeled samples, 0 new samples, and 17966 unlabeled samples. Total: 19962
Numer of layers 200
train net...
train with 162770 samples (with replacement) in one epoch
Epoch 0
  2.62% | time: 101.5s (  1.7m) | step:    200 | train acc: 0.977 | train loss: 0.059 |warm_t acc: 0.841 (0.855, 0.820) | warm_t eop gap: 0.0539
  2.62% | time:   6.2s (  1.8m) | step:    200 | train acc: 0.977 | train loss: 0.059 |warm_v acc: 0.845 (0.858, 0.823) | warm_v eop gap: 0.0374
  5.24% | time:  80.3s (  3.1m) | step:    400 | train acc: 1.000 | train loss: 0.000 |warm_t acc: 0.847 (0.860, 0.827) | warm_t eop gap: 0.0622
  5.24% | time:   1.2s (  3.2m) | step:    400 | train acc: 1.000 | train loss: 0.000 |warm_v acc: 0.857 (0.868, 0.839) | warm_v eop gap: 0.0469
  7.86% | time:  81.5s (  4.5m) | step:    600 | train acc: 1.000 | train loss: 0.000 |warm_t acc: 0.847 (0.859, 0.827) | warm_t eop gap: 0.0605
  7.86% | time:   1.3s (  4.5m) | step:    600 | train acc: 1.000 | train loss: 0.000 |warm_v acc: 0.854 (0.875, 0.820) | warm_v eop gap: 0.0792
  8.32% | time:  22.3s (  4.9m) | step:    635 | train acc: 1.000 | train loss: 0.000 |warm_t acc: 0.847 (0.859, 0.827) | warm_t eop gap: 0.0606
  8.32% | time:   1.3s (  4.9m) | step:    635 | train acc: 1.000 | train loss: 0.000 |warm_v acc: 0.854 (0.871, 0.829) | warm_v eop gap: 0.0627
Epoch 1
 10.95% | time:  82.4s (  6.3m) | step:    835 | train acc: 1.000 | train loss: 0.000 |warm_t acc: 0.847 (0.859, 0.828) | warm_t eop gap: 0.0601
 10.95% | time:   1.4s (  6.3m) | step:    835 | train acc: 1.000 | train loss: 0.000 |warm_v acc: 0.854 (0.881, 0.811) | warm_v eop gap: 0.0943
 13.57% | time:  81.9s (  7.7m) | step:   1035 | train acc: 1.000 | train loss: 0.000 |warm_t acc: 0.847 (0.859, 0.828) | warm_t eop gap: 0.0611
 13.57% | time:   1.4s (  7.7m) | step:   1035 | train acc: 1.000 | train loss: 0.000 |warm_v acc: 0.852 (0.867, 0.828) | warm_v eop gap: 0.0661
 16.19% | time:  79.9s (  9.0m) | step:   1235 | train acc: 1.000 | train loss: 0.000 |warm_t acc: 0.847 (0.859, 0.828) | warm_t eop gap: 0.0609
 16.19% | time:   1.5s (  9.1m) | step:   1235 | train acc: 1.000 | train loss: 0.000 |warm_v acc: 0.848 (0.867, 0.821) | warm_v eop gap: 0.0810
 16.65% | time:  22.0s (  9.4m) | step:   1270 | train acc: 1.000 | train loss: 0.000 |warm_t acc: 0.847 (0.859, 0.828) | warm_t eop gap: 0.0607
 16.65% | time:   1.6s (  9.5m) | step:   1270 | train acc: 1.000 | train loss: 0.000 |warm_v acc: 0.849 (0.861, 0.830) | warm_v eop gap: 0.0518
Epoch 2
 19.28% | time:  79.4s ( 10.8m) | step:   1471 | train acc: 1.000 | train loss: 0.000 |test acc: 0.847 (0.859, 0.828) | test eop gap: 0.0606
 19.28% | time:   1.2s ( 10.8m) | step:   1471 | train acc: 1.000 | train loss: 0.000 |val acc: 0.857 (0.874, 0.831) | val eop gap: 0.0841
begin calculating influence
selected layers: [Traced<ShapedArray(float32[768])>with<DynamicJaxprTrace(level=0/1)>, Traced<ShapedArray(float32[8,8,3,768])>with<DynamicJaxprTrace(level=0/1)>, Traced<ShapedArray(float32[2])>with<DynamicJaxprTrace(level=0/1)>, Traced<ShapedArray(float32[768,2])>with<DynamicJaxprTrace(level=0/1)>]
[Strategy 2] Acc of expected label: 0.848984375
calculating influence -- done
Use 3511 samples. Get 3672 labels. Ratio: 0.9561546840958606
Files already downloaded and verified
3255 originally labeled samples, 256 new samples, and 159259 unlabeled samples. Total: 162770
 21.90% | time: 774.0s ( 23.7m) | step:   1671 | train acc: 1.000 | train loss: 0.046 |test acc: 0.826 (0.841, 0.801) | test eop gap: 0.0066
 21.90% | time:   1.5s ( 23.7m) | step:   1671 | train acc: 1.000 | train loss: 0.046 |val acc: 0.845 (0.877, 0.796) | val eop gap: 0.0128
begin calculating influence
[Strategy 2] Acc of expected label: 0.8265625
calculating influence -- done
Use 3603 samples. Get 3781 labels. Ratio: 0.9529225072732082
Files already downloaded and verified
3255 originally labeled samples, 348 new samples, and 159167 unlabeled samples. Total: 162770
 24.52% | time: 757.9s ( 36.4m) | step:   1871 | train acc: 0.914 | train loss: 0.207 |test acc: 0.849 (0.862, 0.828) | test eop gap: 0.0249
 24.52% | time:   1.5s ( 36.4m) | step:   1871 | train acc: 0.914 | train loss: 0.207 |val acc: 0.872 (0.885, 0.851) | val eop gap: 0.0260
begin calculating influence
[Strategy 2] Acc of expected label: 0.852890625
calculating influence -- done
Use 3748 samples. Get 3945 labels. Ratio: 0.950063371356147
Files already downloaded and verified
3255 originally labeled samples, 493 new samples, and 159022 unlabeled samples. Total: 162770
 24.98% | time: 698.6s ( 48.0m) | step:   1906 | train acc: 0.902 | train loss: 0.233 |test acc: 0.862 (0.870, 0.849) | test eop gap: 0.0407
 24.98% | time:   1.2s ( 48.1m) | step:   1906 | train acc: 0.902 | train loss: 0.233 |val acc: 0.877 (0.889, 0.859) | val eop gap: 0.0561
begin calculating influence
[Strategy 2] Acc of expected label: 0.8675390625
calculating influence -- done
Use 4004 samples. Get 4359 labels. Ratio: 0.9185593025923376
Files already downloaded and verified
3255 originally labeled samples, 749 new samples, and 158766 unlabeled samples. Total: 162770
Epoch 3
 27.62% | time: 749.7s ( 60.5m) | step:   2107 | train acc: 0.961 | train loss: 0.098 |test acc: 0.864 (0.873, 0.850) | test eop gap: 0.0449
 27.62% | time:   1.4s ( 60.6m) | step:   2107 | train acc: 0.961 | train loss: 0.098 |val acc: 0.883 (0.897, 0.862) | val eop gap: 0.0491
begin calculating influence
[Strategy 2] Acc of expected label: 0.8671484375
calculating influence -- done
Use 4173 samples. Get 4574 labels. Ratio: 0.9123305640577175
Files already downloaded and verified
3255 originally labeled samples, 918 new samples, and 158597 unlabeled samples. Total: 162770
 30.24% | time: 751.2s ( 73.1m) | step:   2307 | train acc: 1.000 | train loss: 0.005 |test acc: 0.852 (0.864, 0.835) | test eop gap: 0.0443
 30.24% | time:   1.4s ( 73.1m) | step:   2307 | train acc: 1.000 | train loss: 0.005 |val acc: 0.868 (0.883, 0.845) | val eop gap: 0.0441
begin calculating influence
[Strategy 2] Acc of expected label: 0.855859375
calculating influence -- done
Use 4429 samples. Get 4928 labels. Ratio: 0.8987418831168831
Files already downloaded and verified
3255 originally labeled samples, 1174 new samples, and 158341 unlabeled samples. Total: 162770
 32.86% | time: 758.0s ( 85.7m) | step:   2507 | train acc: 1.000 | train loss: 0.001 |test acc: 0.861 (0.872, 0.844) | test eop gap: 0.0431
 32.86% | time:   1.4s ( 85.8m) | step:   2507 | train acc: 1.000 | train loss: 0.001 |val acc: 0.872 (0.881, 0.859) | val eop gap: 0.0235
begin calculating influence
[Strategy 2] Acc of expected label: 0.8631640625
calculating influence -- done
Use 4685 samples. Get 5235 labels. Ratio: 0.894937917860554
Files already downloaded and verified
3255 originally labeled samples, 1430 new samples, and 158085 unlabeled samples. Total: 162770
 33.32% | time: 701.2s ( 97.5m) | step:   2542 | train acc: 1.000 | train loss: 0.001 |test acc: 0.860 (0.872, 0.841) | test eop gap: 0.0454
 33.32% | time:   1.4s ( 97.5m) | step:   2542 | train acc: 1.000 | train loss: 0.001 |val acc: 0.863 (0.878, 0.838) | val eop gap: 0.0451
begin calculating influence
[Strategy 2] Acc of expected label: 0.863125
calculating influence -- done
Use 4941 samples. Get 5615 labels. Ratio: 0.8799643811219947
Files already downloaded and verified
3255 originally labeled samples, 1686 new samples, and 157829 unlabeled samples. Total: 162770
Epoch 4
 35.95% | time: 755.4s (110.1m) | step:   2743 | train acc: 1.000 | train loss: 0.002 |test acc: 0.863 (0.874, 0.847) | test eop gap: 0.0454
 35.95% | time:   1.5s (110.1m) | step:   2743 | train acc: 1.000 | train loss: 0.002 |val acc: 0.871 (0.886, 0.847) | val eop gap: 0.0460
begin calculating influence
[Strategy 2] Acc of expected label: 0.8662109375
calculating influence -- done
Use 5144 samples. Get 5888 labels. Ratio: 0.873641304347826
Files already downloaded and verified
3255 originally labeled samples, 1889 new samples, and 157626 unlabeled samples. Total: 162770
 38.58% | time: 747.2s (122.5m) | step:   2943 | train acc: 1.000 | train loss: 0.008 |test acc: 0.865 (0.874, 0.852) | test eop gap: 0.0406
 38.58% | time:   1.4s (122.6m) | step:   2943 | train acc: 1.000 | train loss: 0.008 |val acc: 0.880 (0.890, 0.863) | val eop gap: 0.0130
begin calculating influence
[Strategy 2] Acc of expected label: 0.8657421875
calculating influence -- done
Use 5400 samples. Get 6286 labels. Ratio: 0.8590518612790328
Files already downloaded and verified
3255 originally labeled samples, 2145 new samples, and 157370 unlabeled samples. Total: 162770
 41.20% | time: 755.5s (135.2m) | step:   3143 | train acc: 1.000 | train loss: 0.002 |test acc: 0.869 (0.877, 0.856) | test eop gap: 0.0457
 41.20% | time:   1.5s (135.2m) | step:   3143 | train acc: 1.000 | train loss: 0.002 |val acc: 0.876 (0.883, 0.864) | val eop gap: 0.0558
begin calculating influence
[Strategy 2] Acc of expected label: 0.8696875
calculating influence -- done
Use 5656 samples. Get 6743 labels. Ratio: 0.8387957882248257
Files already downloaded and verified
3255 originally labeled samples, 2401 new samples, and 157114 unlabeled samples. Total: 162770
 41.66% | time: 704.9s (146.9m) | step:   3178 | train acc: 0.988 | train loss: 0.041 |test acc: 0.861 (0.872, 0.844) | test eop gap: 0.0420
 41.66% | time:   1.6s (147.0m) | step:   3178 | train acc: 0.988 | train loss: 0.041 |val acc: 0.870 (0.885, 0.847) | val eop gap: 0.0314
begin calculating influence
[Strategy 2] Acc of expected label: 0.86359375
calculating influence -- done
Use 5912 samples. Get 7068 labels. Ratio: 0.8364459535936616
Files already downloaded and verified
3255 originally labeled samples, 2657 new samples, and 156858 unlabeled samples. Total: 162770
Epoch 5
 44.29% | time: 757.0s (159.6m) | step:   3379 | train acc: 1.000 | train loss: 0.000 |test acc: 0.864 (0.875, 0.847) | test eop gap: 0.0448
 44.29% | time:   1.4s (159.6m) | step:   3379 | train acc: 1.000 | train loss: 0.000 |val acc: 0.867 (0.880, 0.848) | val eop gap: 0.0327
begin calculating influence
[Strategy 2] Acc of expected label: 0.8690234375
calculating influence -- done
Use 6168 samples. Get 7428 labels. Ratio: 0.8303715670436187
Files already downloaded and verified
3255 originally labeled samples, 2913 new samples, and 156602 unlabeled samples. Total: 162770
 46.91% | time: 760.0s (172.3m) | step:   3579 | train acc: 1.000 | train loss: 0.002 |test acc: 0.870 (0.879, 0.855) | test eop gap: 0.0420
 46.91% | time:   1.2s (172.3m) | step:   3579 | train acc: 1.000 | train loss: 0.002 |val acc: 0.877 (0.881, 0.872) | val eop gap: 0.0042
begin calculating influence
[Strategy 2] Acc of expected label: 0.873125
calculating influence -- done
Use 6424 samples. Get 7735 labels. Ratio: 0.8305106658047835
Files already downloaded and verified
3255 originally labeled samples, 3169 new samples, and 156346 unlabeled samples. Total: 162770
 49.53% | time: 757.3s (184.9m) | step:   3779 | train acc: 1.000 | train loss: 0.002 |test acc: 0.861 (0.872, 0.844) | test eop gap: 0.0412
 49.53% | time:   1.4s (184.9m) | step:   3779 | train acc: 1.000 | train loss: 0.002 |val acc: 0.870 (0.880, 0.853) | val eop gap: 0.0577
begin calculating influence
[Strategy 2] Acc of expected label: 0.8686328125
calculating influence -- done
Use 6680 samples. Get 8038 labels. Ratio: 0.8310525006220453
Files already downloaded and verified
3255 originally labeled samples, 3425 new samples, and 156090 unlabeled samples. Total: 162770
 49.99% | time: 700.0s (196.6m) | step:   3814 | train acc: 1.000 | train loss: 0.003 |test acc: 0.871 (0.878, 0.860) | test eop gap: 0.0432
 49.99% | time:   1.3s (196.6m) | step:   3814 | train acc: 1.000 | train loss: 0.003 |val acc: 0.876 (0.878, 0.873) | val eop gap: 0.0234
begin calculating influence
[Strategy 2] Acc of expected label: 0.871875
calculating influence -- done
Use 6936 samples. Get 8442 labels. Ratio: 0.8216062544420754
Files already downloaded and verified
3255 originally labeled samples, 3681 new samples, and 155834 unlabeled samples. Total: 162770
Epoch 6
 52.62% | time: 746.3s (209.1m) | step:   4014 | train acc: 1.000 | train loss: 0.002 |test acc: 0.872 (0.882, 0.856) | test eop gap: 0.0397
 52.62% | time:   1.4s (209.1m) | step:   4014 | train acc: 1.000 | train loss: 0.002 |val acc: 0.871 (0.876, 0.863) | val eop gap: 0.0250
begin calculating influence
[Strategy 2] Acc of expected label: 0.8758203125
calculating influence -- done
Use 7192 samples. Get 8752 labels. Ratio: 0.8217550274223034
Files already downloaded and verified
3255 originally labeled samples, 3937 new samples, and 155578 unlabeled samples. Total: 162770
 55.24% | time: 754.0s (221.7m) | step:   4214 | train acc: 1.000 | train loss: 0.000 |test acc: 0.873 (0.882, 0.859) | test eop gap: 0.0380
 55.24% | time:   1.5s (221.7m) | step:   4214 | train acc: 1.000 | train loss: 0.000 |val acc: 0.876 (0.894, 0.849) | val eop gap: 0.0532
begin calculating influence
[Strategy 2] Acc of expected label: 0.8754296875
calculating influence -- done
Use 7448 samples. Get 9131 labels. Ratio: 0.815682838681415
Files already downloaded and verified
3255 originally labeled samples, 4193 new samples, and 155322 unlabeled samples. Total: 162770
 57.86% | time: 756.6s (234.3m) | step:   4414 | train acc: 1.000 | train loss: 0.006 |test acc: 0.872 (0.881, 0.858) | test eop gap: 0.0316
 57.86% | time:   1.5s (234.3m) | step:   4414 | train acc: 1.000 | train loss: 0.006 |val acc: 0.878 (0.883, 0.870) | val eop gap: 0.0019
begin calculating influence
[Strategy 2] Acc of expected label: 0.8752734375
calculating influence -- done
Use 7465 samples. Get 9149 labels. Ratio: 0.8159361678872008
Files already downloaded and verified
3255 originally labeled samples, 4210 new samples, and 155305 unlabeled samples. Total: 162770
 58.32% | time: 702.2s (246.0m) | step:   4449 | train acc: 1.000 | train loss: 0.001 |test acc: 0.872 (0.880, 0.858) | test eop gap: 0.0424
 58.32% | time:   1.3s (246.0m) | step:   4449 | train acc: 1.000 | train loss: 0.001 |val acc: 0.880 (0.883, 0.876) | val eop gap: 0.0088
begin calculating influence
[Strategy 2] Acc of expected label: 0.8755078125
calculating influence -- done
Use 7721 samples. Get 9561 labels. Ratio: 0.8075515113481854
Files already downloaded and verified
3255 originally labeled samples, 4466 new samples, and 155049 unlabeled samples. Total: 162770
Epoch 7
 60.95% | time: 754.1s (258.6m) | step:   4650 | train acc: 0.988 | train loss: 0.024 |test acc: 0.873 (0.882, 0.858) | test eop gap: 0.0607
 60.95% | time:   1.3s (258.6m) | step:   4650 | train acc: 0.988 | train loss: 0.024 |val acc: 0.882 (0.895, 0.862) | val eop gap: 0.0813
begin calculating influence
[Strategy 2] Acc of expected label: 0.873671875
calculating influence -- done
Use 7977 samples. Get 10055 labels. Ratio: 0.7933366484336151
Files already downloaded and verified
3255 originally labeled samples, 4722 new samples, and 154793 unlabeled samples. Total: 162770
 63.57% | time: 754.0s (271.2m) | step:   4850 | train acc: 1.000 | train loss: 0.001 |test acc: 0.873 (0.882, 0.859) | test eop gap: 0.0422
 63.57% | time:   1.5s (271.2m) | step:   4850 | train acc: 1.000 | train loss: 0.001 |val acc: 0.882 (0.885, 0.877) | val eop gap: 0.0050
begin calculating influence
[Strategy 2] Acc of expected label: 0.8769921875
calculating influence -- done
Use 8233 samples. Get 10420 labels. Ratio: 0.7901151631477927
Files already downloaded and verified
3255 originally labeled samples, 4978 new samples, and 154537 unlabeled samples. Total: 162770
 66.19% | time: 753.3s (283.8m) | step:   5050 | train acc: 0.996 | train loss: 0.009 |test acc: 0.872 (0.879, 0.862) | test eop gap: 0.0505
 66.19% | time:   1.4s (283.8m) | step:   5050 | train acc: 0.996 | train loss: 0.009 |val acc: 0.880 (0.885, 0.870) | val eop gap: 0.0305
begin calculating influence
[Strategy 2] Acc of expected label: 0.8758203125
calculating influence -- done
Use 8489 samples. Get 10822 labels. Ratio: 0.7844206246534836
Files already downloaded and verified
3255 originally labeled samples, 5234 new samples, and 154281 unlabeled samples. Total: 162770
 66.65% | time: 701.3s (295.5m) | step:   5085 | train acc: 0.992 | train loss: 0.020 |test acc: 0.878 (0.885, 0.866) | test eop gap: 0.0421
 66.65% | time:   1.3s (295.5m) | step:   5085 | train acc: 0.992 | train loss: 0.020 |val acc: 0.882 (0.882, 0.881) | val eop gap: 0.0023
begin calculating influence
[Strategy 2] Acc of expected label: 0.8787109375
calculating influence -- done
Use 8745 samples. Get 11227 labels. Ratio: 0.778925803865681
Files already downloaded and verified
3255 originally labeled samples, 5490 new samples, and 154025 unlabeled samples. Total: 162770
Epoch 8
 69.29% | time: 756.7s (308.1m) | step:   5286 | train acc: 1.000 | train loss: 0.000 |test acc: 0.878 (0.889, 0.860) | test eop gap: 0.0524
 69.29% | time:   1.5s (308.1m) | step:   5286 | train acc: 1.000 | train loss: 0.000 |val acc: 0.888 (0.893, 0.880) | val eop gap: 0.0189
begin calculating influence
[Strategy 2] Acc of expected label: 0.87671875
calculating influence -- done
Use 9001 samples. Get 11627 labels. Ratio: 0.7741463834179066
Files already downloaded and verified
3255 originally labeled samples, 5746 new samples, and 153769 unlabeled samples. Total: 162770
 71.91% | time: 755.2s (320.7m) | step:   5486 | train acc: 1.000 | train loss: 0.001 |test acc: 0.877 (0.885, 0.866) | test eop gap: 0.0323
 71.91% | time:   1.5s (320.8m) | step:   5486 | train acc: 1.000 | train loss: 0.001 |val acc: 0.883 (0.898, 0.859) | val eop gap: 0.0199
begin calculating influence
[Strategy 2] Acc of expected label: 0.8790625
calculating influence -- done
Use 9152 samples. Get 11802 labels. Ratio: 0.7754617861379427
Files already downloaded and verified
3255 originally labeled samples, 5897 new samples, and 153618 unlabeled samples. Total: 162770
 74.53% | time: 755.2s (333.3m) | step:   5686 | train acc: 1.000 | train loss: 0.000 |test acc: 0.878 (0.886, 0.865) | test eop gap: 0.0468
 74.53% | time:   1.4s (333.4m) | step:   5686 | train acc: 1.000 | train loss: 0.000 |val acc: 0.882 (0.889, 0.870) | val eop gap: 0.0339
begin calculating influence
[Strategy 2] Acc of expected label: 0.8801171875
calculating influence -- done
Use 9210 samples. Get 11886 labels. Ratio: 0.7748611812216053
Files already downloaded and verified
3255 originally labeled samples, 5955 new samples, and 153560 unlabeled samples. Total: 162770
 74.99% | time: 701.9s (345.1m) | step:   5721 | train acc: 1.000 | train loss: 0.000 |test acc: 0.876 (0.885, 0.860) | test eop gap: 0.0396
 74.99% | time:   1.3s (345.1m) | step:   5721 | train acc: 1.000 | train loss: 0.000 |val acc: 0.883 (0.896, 0.863) | val eop gap: 0.0467
begin calculating influence
[Strategy 2] Acc of expected label: 0.87859375
calculating influence -- done
Use 9276 samples. Get 11963 labels. Ratio: 0.7753907882638135
Files already downloaded and verified
3255 originally labeled samples, 6021 new samples, and 153494 unlabeled samples. Total: 162770
Epoch 9
 77.62% | time: 752.9s (357.6m) | step:   5922 | train acc: 0.996 | train loss: 0.007 |test acc: 0.880 (0.886, 0.871) | test eop gap: 0.0447
 77.62% | time:   1.6s (357.7m) | step:   5922 | train acc: 0.996 | train loss: 0.007 |val acc: 0.884 (0.898, 0.863) | val eop gap: 0.0755
begin calculating influence
[Strategy 2] Acc of expected label: 0.882265625
calculating influence -- done
Use 9532 samples. Get 12328 labels. Ratio: 0.77319922128488
Files already downloaded and verified
3255 originally labeled samples, 6277 new samples, and 153238 unlabeled samples. Total: 162770
 80.25% | time: 757.6s (370.3m) | step:   6122 | train acc: 1.000 | train loss: 0.000 |test acc: 0.880 (0.888, 0.868) | test eop gap: 0.0512
 80.25% | time:   1.5s (370.3m) | step:   6122 | train acc: 1.000 | train loss: 0.000 |val acc: 0.892 (0.899, 0.882) | val eop gap: 0.0517
begin calculating influence
[Strategy 2] Acc of expected label: 0.881875
calculating influence -- done
Use 9788 samples. Get 12658 labels. Ratio: 0.7732659187865382
Files already downloaded and verified
3255 originally labeled samples, 6533 new samples, and 152982 unlabeled samples. Total: 162770
 82.87% | time: 755.5s (382.9m) | step:   6322 | train acc: 1.000 | train loss: 0.001 |test acc: 0.876 (0.888, 0.857) | test eop gap: 0.0389
 82.87% | time:   1.5s (382.9m) | step:   6322 | train acc: 1.000 | train loss: 0.001 |val acc: 0.882 (0.887, 0.874) | val eop gap: 0.0060
begin calculating influence
[Strategy 2] Acc of expected label: 0.8846484375
calculating influence -- done
Use 9907 samples. Get 12785 labels. Ratio: 0.7748924520922956
Files already downloaded and verified
3255 originally labeled samples, 6652 new samples, and 152863 unlabeled samples. Total: 162770
 83.33% | time: 702.1s (394.6m) | step:   6357 | train acc: 1.000 | train loss: 0.001 |test acc: 0.875 (0.887, 0.856) | test eop gap: 0.0378
 83.33% | time:   1.3s (394.7m) | step:   6357 | train acc: 1.000 | train loss: 0.001 |val acc: 0.882 (0.900, 0.851) | val eop gap: 0.0428
begin calculating influence
[Strategy 2] Acc of expected label: 0.880703125
calculating influence -- done
Use 10054 samples. Get 12953 labels. Ratio: 0.7761908438199645
Files already downloaded and verified
3255 originally labeled samples, 6799 new samples, and 152716 unlabeled samples. Total: 162770
Epoch 10
 85.96% | time: 748.9s (407.1m) | step:   6558 | train acc: 1.000 | train loss: 0.000 |test acc: 0.878 (0.888, 0.863) | test eop gap: 0.0451
 85.96% | time:   1.5s (407.2m) | step:   6558 | train acc: 1.000 | train loss: 0.000 |val acc: 0.884 (0.892, 0.872) | val eop gap: 0.0398
begin calculating influence
[Strategy 2] Acc of expected label: 0.879609375
calculating influence -- done
Use 10310 samples. Get 13330 labels. Ratio: 0.77344336084021
Files already downloaded and verified
3255 originally labeled samples, 7055 new samples, and 152460 unlabeled samples. Total: 162770
 88.58% | time: 749.9s (419.7m) | step:   6758 | train acc: 0.965 | train loss: 0.054 |test acc: 0.877 (0.886, 0.863) | test eop gap: 0.0427
 88.58% | time:   1.4s (419.7m) | step:   6758 | train acc: 0.965 | train loss: 0.054 |val acc: 0.893 (0.895, 0.889) | val eop gap: 0.0018
begin calculating influence
[Strategy 2] Acc of expected label: 0.8807421875
calculating influence -- done
Use 10566 samples. Get 13680 labels. Ratio: 0.7723684210526316
Files already downloaded and verified
3255 originally labeled samples, 7311 new samples, and 152204 unlabeled samples. Total: 162770
 91.20% | time: 748.4s (432.2m) | step:   6958 | train acc: 1.000 | train loss: 0.000 |test acc: 0.883 (0.890, 0.870) | test eop gap: 0.0470
 91.20% | time:   1.5s (432.2m) | step:   6958 | train acc: 1.000 | train loss: 0.000 |val acc: 0.894 (0.902, 0.881) | val eop gap: 0.0483
begin calculating influence
[Strategy 2] Acc of expected label: 0.8848046875
calculating influence -- done
Use 10822 samples. Get 14090 labels. Ratio: 0.7680624556422995
Files already downloaded and verified
3255 originally labeled samples, 7567 new samples, and 151948 unlabeled samples. Total: 162770
 91.66% | time: 696.7s (443.8m) | step:   6993 | train acc: 1.000 | train loss: 0.000 |test acc: 0.879 (0.889, 0.864) | test eop gap: 0.0346
 91.66% | time:   1.5s (443.8m) | step:   6993 | train acc: 1.000 | train loss: 0.000 |val acc: 0.880 (0.889, 0.865) | val eop gap: 0.0131
begin calculating influence
[Strategy 2] Acc of expected label: 0.883515625
calculating influence -- done
Use 11078 samples. Get 14393 labels. Ratio: 0.7696797054123532
Files already downloaded and verified
3255 originally labeled samples, 7823 new samples, and 151692 unlabeled samples. Total: 162770
Epoch 11
 94.30% | time: 746.0s (456.2m) | step:   7194 | train acc: 1.000 | train loss: 0.002 |test acc: 0.880 (0.889, 0.865) | test eop gap: 0.0412
 94.30% | time:   1.5s (456.3m) | step:   7194 | train acc: 1.000 | train loss: 0.002 |val acc: 0.887 (0.895, 0.873) | val eop gap: 0.0212
begin calculating influence
[Strategy 2] Acc of expected label: 0.883359375
calculating influence -- done
Use 11334 samples. Get 14718 labels. Ratio: 0.7700774561761109
Files already downloaded and verified
3255 originally labeled samples, 8079 new samples, and 151436 unlabeled samples. Total: 162770
 96.92% | time: 754.8s (468.9m) | step:   7394 | train acc: 1.000 | train loss: 0.002 |test acc: 0.878 (0.886, 0.865) | test eop gap: 0.0343
 96.92% | time:   1.6s (468.9m) | step:   7394 | train acc: 1.000 | train loss: 0.002 |val acc: 0.883 (0.891, 0.871) | val eop gap: 0.0151
begin calculating influence
[Strategy 2] Acc of expected label: 0.880546875
calculating influence -- done
Use 11590 samples. Get 15071 labels. Ratio: 0.7690266073916794
Files already downloaded and verified
3255 originally labeled samples, 8335 new samples, and 151180 unlabeled samples. Total: 162770
 99.54% | time: 756.1s (481.5m) | step:   7594 | train acc: 1.000 | train loss: 0.001 |test acc: 0.879 (0.888, 0.864) | test eop gap: 0.0508
 99.54% | time:   1.5s (481.5m) | step:   7594 | train acc: 1.000 | train loss: 0.001 |val acc: 0.890 (0.897, 0.879) | val eop gap: 0.0190
begin calculating influence
[Strategy 2] Acc of expected label: 0.8837109375
calculating influence -- done
Use 11846 samples. Get 15361 labels. Ratio: 0.7711737517088731
Files already downloaded and verified
3255 originally labeled samples, 8591 new samples, and 150924 unlabeled samples. Total: 162770
100.00% | time: 701.3s (493.2m) | step:   7629 | train acc: 1.000 | train loss: 0.000 |test acc: 0.883 (0.890, 0.872) | test eop gap: 0.0368
100.00% | time:   1.5s (493.2m) | step:   7629 | train acc: 1.000 | train loss: 0.000 |val acc: 0.888 (0.894, 0.879) | val eop gap: 0.0355
begin calculating influence
[Strategy 2] Acc of expected label: 0.885703125
calculating influence -- done
Use 12102 samples. Get 15697 labels. Ratio: 0.770975345607441
Files already downloaded and verified
3255 originally labeled samples, 8847 new samples, and 150668 unlabeled samples. Total: 162770
