Files already downloaded and verified
3255 originally labeled samples, 0 new samples, and 159515 unlabeled samples. Total: 162770
Files already downloaded and verified
1996 originally labeled samples, 0 new samples, and 17966 unlabeled samples. Total: 19962
Numer of layers 200
train net...
train with 162770 samples (with replacement) in one epoch
Epoch 0
  2.62% | time:  99.8s (  1.7m) | step:    200 | train acc: 0.977 | train loss: 0.059 |warm_t acc: 0.841 (0.855, 0.820) | warm_t dp gap: 0.1254
  2.62% | time:   5.0s (  1.7m) | step:    200 | train acc: 0.977 | train loss: 0.059 |warm_v acc: 0.845 (0.858, 0.823) | warm_v dp gap: 0.1389
  5.24% | time:  81.9s (  3.1m) | step:    400 | train acc: 1.000 | train loss: 0.000 |warm_t acc: 0.847 (0.860, 0.827) | warm_t dp gap: 0.1304
  5.24% | time:   1.3s (  3.1m) | step:    400 | train acc: 1.000 | train loss: 0.000 |warm_v acc: 0.857 (0.868, 0.839) | warm_v dp gap: 0.1455
  7.86% | time:  81.5s (  4.5m) | step:    600 | train acc: 1.000 | train loss: 0.000 |warm_t acc: 0.847 (0.859, 0.827) | warm_t dp gap: 0.1301
  7.86% | time:   1.4s (  4.5m) | step:    600 | train acc: 1.000 | train loss: 0.000 |warm_v acc: 0.854 (0.875, 0.820) | warm_v dp gap: 0.1412
  8.32% | time:  23.1s (  4.9m) | step:    635 | train acc: 1.000 | train loss: 0.000 |warm_t acc: 0.847 (0.859, 0.827) | warm_t dp gap: 0.1299
  8.32% | time:   1.4s (  4.9m) | step:    635 | train acc: 1.000 | train loss: 0.000 |warm_v acc: 0.854 (0.871, 0.829) | warm_v dp gap: 0.1376
Epoch 1
 10.95% | time:  81.4s (  6.3m) | step:    835 | train acc: 1.000 | train loss: 0.000 |warm_t acc: 0.847 (0.859, 0.828) | warm_t dp gap: 0.1302
 10.95% | time:   1.5s (  6.3m) | step:    835 | train acc: 1.000 | train loss: 0.000 |warm_v acc: 0.854 (0.881, 0.811) | warm_v dp gap: 0.1445
 13.57% | time:  80.8s (  7.7m) | step:   1035 | train acc: 1.000 | train loss: 0.000 |warm_t acc: 0.847 (0.859, 0.828) | warm_t dp gap: 0.1313
 13.57% | time:   1.5s (  7.7m) | step:   1035 | train acc: 1.000 | train loss: 0.000 |warm_v acc: 0.852 (0.867, 0.828) | warm_v dp gap: 0.1473
 16.19% | time:  79.5s (  9.0m) | step:   1235 | train acc: 1.000 | train loss: 0.000 |warm_t acc: 0.847 (0.859, 0.828) | warm_t dp gap: 0.1310
 16.19% | time:   1.4s (  9.0m) | step:   1235 | train acc: 1.000 | train loss: 0.000 |warm_v acc: 0.848 (0.867, 0.821) | warm_v dp gap: 0.1596
 16.65% | time:  20.8s (  9.4m) | step:   1270 | train acc: 1.000 | train loss: 0.000 |warm_t acc: 0.847 (0.859, 0.828) | warm_t dp gap: 0.1310
 16.65% | time:   1.4s (  9.4m) | step:   1270 | train acc: 1.000 | train loss: 0.000 |warm_v acc: 0.849 (0.861, 0.830) | warm_v dp gap: 0.1446
Epoch 2
 19.28% | time:  78.7s ( 10.7m) | step:   1471 | train acc: 1.000 | train loss: 0.000 |test acc: 0.847 (0.859, 0.828) | test dp gap: 0.1309
 19.28% | time:   1.3s ( 10.7m) | step:   1471 | train acc: 1.000 | train loss: 0.000 |val acc: 0.857 (0.874, 0.831) | val dp gap: 0.1668
begin calculating influence
selected layers: [Traced<ShapedArray(float32[768])>with<DynamicJaxprTrace(level=0/1)>, Traced<ShapedArray(float32[8,8,3,768])>with<DynamicJaxprTrace(level=0/1)>, Traced<ShapedArray(float32[2])>with<DynamicJaxprTrace(level=0/1)>, Traced<ShapedArray(float32[768,2])>with<DynamicJaxprTrace(level=0/1)>]
[Strategy 5] Acc of expected label: 0.848984375
calculating influence -- done
Use 3511 samples. Get 3711 labels. Ratio: 0.9461061708434384
Files already downloaded and verified
3255 originally labeled samples, 256 new samples, and 159259 unlabeled samples. Total: 162770
 21.90% | time: 748.6s ( 23.2m) | step:   1671 | train acc: 0.984 | train loss: 0.069 |test acc: 0.850 (0.855, 0.841) | test dp gap: 0.0996
 21.90% | time:   1.4s ( 23.2m) | step:   1671 | train acc: 0.984 | train loss: 0.069 |val acc: 0.857 (0.876, 0.829) | val dp gap: 0.1395
begin calculating influence
[Strategy 5] Acc of expected label: 0.8511328125
calculating influence -- done
Use 3767 samples. Get 4212 labels. Ratio: 0.894349477682811
Files already downloaded and verified
3255 originally labeled samples, 512 new samples, and 159003 unlabeled samples. Total: 162770
 24.52% | time: 737.0s ( 35.5m) | step:   1871 | train acc: 1.000 | train loss: 0.000 |test acc: 0.728 (0.774, 0.655) | test dp gap: 0.0253
 24.52% | time:   1.4s ( 35.5m) | step:   1871 | train acc: 1.000 | train loss: 0.000 |val acc: 0.734 (0.792, 0.639) | val dp gap: 0.0005
begin calculating influence
[Strategy 5] Acc of expected label: 0.7226953125
calculating influence -- done
Use 4023 samples. Get 4492 labels. Ratio: 0.8955921638468388
Files already downloaded and verified
3255 originally labeled samples, 768 new samples, and 158747 unlabeled samples. Total: 162770
 24.98% | time: 678.9s ( 46.8m) | step:   1906 | train acc: 1.000 | train loss: 0.010 |test acc: 0.781 (0.819, 0.720) | test dp gap: 0.0012
 24.98% | time:   1.4s ( 46.9m) | step:   1906 | train acc: 1.000 | train loss: 0.010 |val acc: 0.789 (0.844, 0.704) | val dp gap: 0.0152
begin calculating influence
[Strategy 5] Acc of expected label: 0.7728125
calculating influence -- done
Use 4279 samples. Get 4825 labels. Ratio: 0.886839378238342
Files already downloaded and verified
3255 originally labeled samples, 1024 new samples, and 158491 unlabeled samples. Total: 162770
Epoch 3
 27.62% | time: 731.5s ( 59.1m) | step:   2107 | train acc: 1.000 | train loss: 0.010 |test acc: 0.803 (0.837, 0.749) | test dp gap: 0.0345
 27.62% | time:   1.4s ( 59.1m) | step:   2107 | train acc: 1.000 | train loss: 0.010 |val acc: 0.817 (0.866, 0.740) | val dp gap: 0.0748
begin calculating influence
[Strategy 5] Acc of expected label: 0.80015625
calculating influence -- done
Use 4318 samples. Get 4869 labels. Ratio: 0.8868350790716779
Files already downloaded and verified
3255 originally labeled samples, 1063 new samples, and 158452 unlabeled samples. Total: 162770
 30.24% | time: 727.6s ( 71.2m) | step:   2307 | train acc: 1.000 | train loss: 0.001 |test acc: 0.821 (0.849, 0.776) | test dp gap: 0.0345
 30.24% | time:   1.4s ( 71.2m) | step:   2307 | train acc: 1.000 | train loss: 0.001 |val acc: 0.836 (0.872, 0.778) | val dp gap: 0.0483
begin calculating influence
[Strategy 5] Acc of expected label: 0.815859375
calculating influence -- done
Use 4574 samples. Get 5211 labels. Ratio: 0.8777585876031472
Files already downloaded and verified
3255 originally labeled samples, 1319 new samples, and 158196 unlabeled samples. Total: 162770
 32.86% | time: 736.8s ( 83.5m) | step:   2507 | train acc: 1.000 | train loss: 0.001 |test acc: 0.835 (0.856, 0.801) | test dp gap: 0.0510
 32.86% | time:   1.4s ( 83.5m) | step:   2507 | train acc: 1.000 | train loss: 0.001 |val acc: 0.843 (0.876, 0.794) | val dp gap: 0.1071
begin calculating influence
[Strategy 5] Acc of expected label: 0.8386328125
calculating influence -- done
Use 4614 samples. Get 5259 labels. Ratio: 0.8773531089560753
Files already downloaded and verified
3255 originally labeled samples, 1359 new samples, and 158156 unlabeled samples. Total: 162770
 33.32% | time: 679.4s ( 94.9m) | step:   2542 | train acc: 1.000 | train loss: 0.001 |test acc: 0.834 (0.856, 0.799) | test dp gap: 0.0481
 33.32% | time:   1.4s ( 94.9m) | step:   2542 | train acc: 1.000 | train loss: 0.001 |val acc: 0.852 (0.873, 0.818) | val dp gap: 0.0746
begin calculating influence
[Strategy 5] Acc of expected label: 0.8333984375
calculating influence -- done
Use 4870 samples. Get 5605 labels. Ratio: 0.8688670829616414
Files already downloaded and verified
3255 originally labeled samples, 1615 new samples, and 157900 unlabeled samples. Total: 162770
Epoch 4
 35.95% | time: 731.3s (107.1m) | step:   2743 | train acc: 1.000 | train loss: 0.003 |test acc: 0.840 (0.856, 0.815) | test dp gap: 0.0553
 35.95% | time:   1.3s (107.1m) | step:   2743 | train acc: 1.000 | train loss: 0.003 |val acc: 0.848 (0.879, 0.796) | val dp gap: 0.0887
begin calculating influence
[Strategy 5] Acc of expected label: 0.8402734375
calculating influence -- done
Use 4887 samples. Get 5629 labels. Ratio: 0.8681826256883993
Files already downloaded and verified
3255 originally labeled samples, 1632 new samples, and 157883 unlabeled samples. Total: 162770
 38.58% | time: 735.8s (119.4m) | step:   2943 | train acc: 1.000 | train loss: 0.000 |test acc: 0.843 (0.859, 0.816) | test dp gap: 0.0596
 38.58% | time:   1.3s (119.4m) | step:   2943 | train acc: 1.000 | train loss: 0.000 |val acc: 0.861 (0.878, 0.834) | val dp gap: 0.0995
begin calculating influence
[Strategy 5] Acc of expected label: 0.84515625
calculating influence -- done
Use 4907 samples. Get 5657 labels. Ratio: 0.867420894467032
Files already downloaded and verified
3255 originally labeled samples, 1652 new samples, and 157863 unlabeled samples. Total: 162770
 41.20% | time: 734.6s (131.6m) | step:   3143 | train acc: 1.000 | train loss: 0.000 |test acc: 0.842 (0.858, 0.817) | test dp gap: 0.0576
 41.20% | time:   1.2s (131.6m) | step:   3143 | train acc: 1.000 | train loss: 0.000 |val acc: 0.848 (0.878, 0.798) | val dp gap: 0.0814
begin calculating influence
[Strategy 5] Acc of expected label: 0.8401171875
calculating influence -- done
Use 5136 samples. Get 5947 labels. Ratio: 0.8636287203632084
Files already downloaded and verified
3255 originally labeled samples, 1881 new samples, and 157634 unlabeled samples. Total: 162770
 41.66% | time: 677.2s (142.9m) | step:   3178 | train acc: 0.992 | train loss: 0.013 |test acc: 0.850 (0.862, 0.831) | test dp gap: 0.0696
 41.66% | time:   1.3s (143.0m) | step:   3178 | train acc: 0.992 | train loss: 0.013 |val acc: 0.865 (0.881, 0.840) | val dp gap: 0.0960
begin calculating influence
[Strategy 5] Acc of expected label: 0.854453125
calculating influence -- done
Use 5392 samples. Get 6419 labels. Ratio: 0.8400062315002337
Files already downloaded and verified
3255 originally labeled samples, 2137 new samples, and 157378 unlabeled samples. Total: 162770
Epoch 5
 44.29% | time: 729.6s (155.1m) | step:   3379 | train acc: 0.996 | train loss: 0.021 |test acc: 0.834 (0.860, 0.793) | test dp gap: 0.0473
 44.29% | time:   1.1s (155.1m) | step:   3379 | train acc: 0.996 | train loss: 0.021 |val acc: 0.840 (0.873, 0.786) | val dp gap: 0.0523
begin calculating influence
[Strategy 5] Acc of expected label: 0.83421875
calculating influence -- done
Use 5464 samples. Get 6515 labels. Ratio: 0.8386799693016117
Files already downloaded and verified
3255 originally labeled samples, 2209 new samples, and 157306 unlabeled samples. Total: 162770
 46.91% | time: 735.2s (167.4m) | step:   3579 | train acc: 1.000 | train loss: 0.008 |test acc: 0.845 (0.865, 0.813) | test dp gap: 0.0629
 46.91% | time:   1.5s (167.4m) | step:   3579 | train acc: 1.000 | train loss: 0.008 |val acc: 0.848 (0.878, 0.802) | val dp gap: 0.0942
begin calculating influence
[Strategy 5] Acc of expected label: 0.845625
calculating influence -- done
Use 5467 samples. Get 6520 labels. Ratio: 0.8384969325153374
Files already downloaded and verified
3255 originally labeled samples, 2212 new samples, and 157303 unlabeled samples. Total: 162770
 49.53% | time: 726.0s (179.5m) | step:   3779 | train acc: 0.996 | train loss: 0.010 |test acc: 0.849 (0.868, 0.820) | test dp gap: 0.0713
 49.53% | time:   1.4s (179.5m) | step:   3779 | train acc: 0.996 | train loss: 0.010 |val acc: 0.850 (0.872, 0.814) | val dp gap: 0.0977
begin calculating influence
[Strategy 5] Acc of expected label: 0.848046875
calculating influence -- done
Use 5467 samples. Get 6521 labels. Ratio: 0.8383683484128202
Files already downloaded and verified
3255 originally labeled samples, 2212 new samples, and 157303 unlabeled samples. Total: 162770
 49.99% | time: 675.3s (190.8m) | step:   3814 | train acc: 1.000 | train loss: 0.002 |test acc: 0.839 (0.860, 0.805) | test dp gap: 0.0529
 49.99% | time:   1.4s (190.8m) | step:   3814 | train acc: 1.000 | train loss: 0.002 |val acc: 0.848 (0.887, 0.787) | val dp gap: 0.0901
begin calculating influence
[Strategy 5] Acc of expected label: 0.8424609375
calculating influence -- done
Use 5467 samples. Get 6521 labels. Ratio: 0.8383683484128202
Files already downloaded and verified
3255 originally labeled samples, 2212 new samples, and 157303 unlabeled samples. Total: 162770
Epoch 6
 52.62% | time: 731.3s (203.0m) | step:   4014 | train acc: 1.000 | train loss: 0.004 |test acc: 0.843 (0.863, 0.812) | test dp gap: 0.0624
 52.62% | time:   1.4s (203.0m) | step:   4014 | train acc: 1.000 | train loss: 0.004 |val acc: 0.847 (0.882, 0.792) | val dp gap: 0.0729
begin calculating influence
[Strategy 5] Acc of expected label: 0.8446484375
calculating influence -- done
Use 5469 samples. Get 6522 labels. Ratio: 0.8385464581416743
Files already downloaded and verified
3255 originally labeled samples, 2214 new samples, and 157301 unlabeled samples. Total: 162770
 55.24% | time: 729.8s (215.2m) | step:   4214 | train acc: 0.996 | train loss: 0.015 |test acc: 0.861 (0.869, 0.850) | test dp gap: 0.0909
 55.24% | time:   1.4s (215.2m) | step:   4214 | train acc: 0.996 | train loss: 0.015 |val acc: 0.865 (0.869, 0.857) | val dp gap: 0.1093
begin calculating influence
[Strategy 5] Acc of expected label: 0.86140625
calculating influence -- done
Use 5725 samples. Get 7056 labels. Ratio: 0.8113662131519275
Files already downloaded and verified
3255 originally labeled samples, 2470 new samples, and 157045 unlabeled samples. Total: 162770
 57.86% | time: 730.5s (227.4m) | step:   4414 | train acc: 1.000 | train loss: 0.000 |test acc: 0.837 (0.861, 0.799) | test dp gap: 0.0552
 57.86% | time:   1.4s (227.4m) | step:   4414 | train acc: 1.000 | train loss: 0.000 |val acc: 0.852 (0.888, 0.795) | val dp gap: 0.0466
begin calculating influence
[Strategy 5] Acc of expected label: 0.8382421875
calculating influence -- done
Use 5739 samples. Get 7074 labels. Ratio: 0.8112807463952502
Files already downloaded and verified
3255 originally labeled samples, 2484 new samples, and 157031 unlabeled samples. Total: 162770
 58.32% | time: 676.1s (238.7m) | step:   4449 | train acc: 1.000 | train loss: 0.005 |test acc: 0.839 (0.862, 0.801) | test dp gap: 0.0524
 58.32% | time:   1.4s (238.7m) | step:   4449 | train acc: 1.000 | train loss: 0.005 |val acc: 0.842 (0.876, 0.788) | val dp gap: 0.0575
begin calculating influence
[Strategy 5] Acc of expected label: 0.8353515625
calculating influence -- done
Use 5787 samples. Get 7135 labels. Ratio: 0.8110721793973371
Files already downloaded and verified
3255 originally labeled samples, 2532 new samples, and 156983 unlabeled samples. Total: 162770
Epoch 7
 60.95% | time: 730.5s (250.9m) | step:   4650 | train acc: 1.000 | train loss: 0.000 |test acc: 0.839 (0.863, 0.800) | test dp gap: 0.0502
 60.95% | time:   1.5s (250.9m) | step:   4650 | train acc: 1.000 | train loss: 0.000 |val acc: 0.847 (0.880, 0.794) | val dp gap: 0.0875
begin calculating influence
[Strategy 5] Acc of expected label: 0.8409765625
calculating influence -- done
Use 5806 samples. Get 7162 labels. Ratio: 0.8106674113376152
Files already downloaded and verified
3255 originally labeled samples, 2551 new samples, and 156964 unlabeled samples. Total: 162770
 63.57% | time: 732.0s (263.1m) | step:   4850 | train acc: 1.000 | train loss: 0.009 |test acc: 0.863 (0.876, 0.842) | test dp gap: 0.0927
 63.57% | time:   1.4s (263.1m) | step:   4850 | train acc: 1.000 | train loss: 0.009 |val acc: 0.862 (0.881, 0.831) | val dp gap: 0.1164
begin calculating influence
[Strategy 5] Acc of expected label: 0.86296875
calculating influence -- done
Use 5824 samples. Get 7185 labels. Ratio: 0.8105775922059847
Files already downloaded and verified
3255 originally labeled samples, 2569 new samples, and 156946 unlabeled samples. Total: 162770
 66.19% | time: 720.1s (275.1m) | step:   5050 | train acc: 1.000 | train loss: 0.000 |test acc: 0.842 (0.864, 0.807) | test dp gap: 0.0609
 66.19% | time:   1.6s (275.1m) | step:   5050 | train acc: 1.000 | train loss: 0.000 |val acc: 0.846 (0.884, 0.789) | val dp gap: 0.0589
begin calculating influence
[Strategy 5] Acc of expected label: 0.843671875
calculating influence -- done
Use 6080 samples. Get 7604 labels. Ratio: 0.7995791688584956
Files already downloaded and verified
3255 originally labeled samples, 2825 new samples, and 156690 unlabeled samples. Total: 162770
 66.65% | time: 676.0s (286.4m) | step:   5085 | train acc: 1.000 | train loss: 0.002 |test acc: 0.853 (0.870, 0.826) | test dp gap: 0.0673
 66.65% | time:   1.3s (286.4m) | step:   5085 | train acc: 1.000 | train loss: 0.002 |val acc: 0.861 (0.892, 0.814) | val dp gap: 0.0702
begin calculating influence
[Strategy 5] Acc of expected label: 0.8522265625
calculating influence -- done
Use 6336 samples. Get 8031 labels. Ratio: 0.7889428464699291
Files already downloaded and verified
3255 originally labeled samples, 3081 new samples, and 156434 unlabeled samples. Total: 162770
Epoch 8
 69.29% | time: 726.7s (298.5m) | step:   5286 | train acc: 1.000 | train loss: 0.002 |test acc: 0.859 (0.873, 0.838) | test dp gap: 0.0712
 69.29% | time:   1.5s (298.6m) | step:   5286 | train acc: 1.000 | train loss: 0.002 |val acc: 0.863 (0.887, 0.824) | val dp gap: 0.1036
begin calculating influence
[Strategy 5] Acc of expected label: 0.8584375
calculating influence -- done
Use 6592 samples. Get 8368 labels. Ratio: 0.7877629063097514
Files already downloaded and verified
3255 originally labeled samples, 3337 new samples, and 156178 unlabeled samples. Total: 162770
 71.91% | time: 729.6s (310.7m) | step:   5486 | train acc: 1.000 | train loss: 0.004 |test acc: 0.865 (0.877, 0.845) | test dp gap: 0.0798
 71.91% | time:   1.5s (310.8m) | step:   5486 | train acc: 1.000 | train loss: 0.004 |val acc: 0.872 (0.888, 0.846) | val dp gap: 0.0912
begin calculating influence
[Strategy 5] Acc of expected label: 0.8637890625
calculating influence -- done
Use 6602 samples. Get 8382 labels. Ratio: 0.7876401813409687
Files already downloaded and verified
3255 originally labeled samples, 3347 new samples, and 156168 unlabeled samples. Total: 162770
 74.53% | time: 728.9s (322.9m) | step:   5686 | train acc: 1.000 | train loss: 0.000 |test acc: 0.863 (0.877, 0.842) | test dp gap: 0.0769
 74.53% | time:   1.6s (322.9m) | step:   5686 | train acc: 1.000 | train loss: 0.000 |val acc: 0.863 (0.883, 0.830) | val dp gap: 0.1072
begin calculating influence
[Strategy 5] Acc of expected label: 0.864296875
calculating influence -- done
Use 6701 samples. Get 8507 labels. Ratio: 0.7877042435641237
Files already downloaded and verified
3255 originally labeled samples, 3446 new samples, and 156069 unlabeled samples. Total: 162770
 74.99% | time: 678.6s (334.2m) | step:   5721 | train acc: 0.996 | train loss: 0.008 |test acc: 0.863 (0.877, 0.841) | test dp gap: 0.0840
 74.99% | time:   1.3s (334.3m) | step:   5721 | train acc: 0.996 | train loss: 0.008 |val acc: 0.876 (0.898, 0.840) | val dp gap: 0.0959
begin calculating influence
[Strategy 5] Acc of expected label: 0.8648046875
calculating influence -- done
Use 6805 samples. Get 8641 labels. Ratio: 0.787524592061104
Files already downloaded and verified
3255 originally labeled samples, 3550 new samples, and 155965 unlabeled samples. Total: 162770
Epoch 9
 77.62% | time: 723.1s (346.3m) | step:   5922 | train acc: 1.000 | train loss: 0.001 |test acc: 0.865 (0.878, 0.844) | test dp gap: 0.0813
 77.62% | time:   1.5s (346.3m) | step:   5922 | train acc: 1.000 | train loss: 0.001 |val acc: 0.863 (0.893, 0.816) | val dp gap: 0.1178
begin calculating influence
[Strategy 5] Acc of expected label: 0.8682421875
calculating influence -- done
Use 6808 samples. Get 8645 labels. Ratio: 0.7875072296124928
Files already downloaded and verified
3255 originally labeled samples, 3553 new samples, and 155962 unlabeled samples. Total: 162770
 80.25% | time: 727.4s (358.5m) | step:   6122 | train acc: 1.000 | train loss: 0.000 |test acc: 0.866 (0.879, 0.846) | test dp gap: 0.0828
 80.25% | time:   1.5s (358.5m) | step:   6122 | train acc: 1.000 | train loss: 0.000 |val acc: 0.872 (0.887, 0.846) | val dp gap: 0.1011
begin calculating influence
[Strategy 5] Acc of expected label: 0.8654296875
calculating influence -- done
Use 6857 samples. Get 8709 labels. Ratio: 0.7873464232403261
Files already downloaded and verified
3255 originally labeled samples, 3602 new samples, and 155913 unlabeled samples. Total: 162770
 82.87% | time: 735.2s (370.7m) | step:   6322 | train acc: 1.000 | train loss: 0.003 |test acc: 0.867 (0.880, 0.847) | test dp gap: 0.0904
 82.87% | time:   1.4s (370.8m) | step:   6322 | train acc: 1.000 | train loss: 0.003 |val acc: 0.874 (0.891, 0.847) | val dp gap: 0.1243
begin calculating influence
[Strategy 5] Acc of expected label: 0.86390625
calculating influence -- done
Use 6861 samples. Get 8714 labels. Ratio: 0.7873536837273353
Files already downloaded and verified
3255 originally labeled samples, 3606 new samples, and 155909 unlabeled samples. Total: 162770
 83.33% | time: 675.8s (382.0m) | step:   6357 | train acc: 1.000 | train loss: 0.001 |test acc: 0.868 (0.879, 0.851) | test dp gap: 0.0876
 83.33% | time:   1.3s (382.0m) | step:   6357 | train acc: 1.000 | train loss: 0.001 |val acc: 0.878 (0.904, 0.837) | val dp gap: 0.0850
begin calculating influence
[Strategy 5] Acc of expected label: 0.868203125
calculating influence -- done
Use 6927 samples. Get 8803 labels. Ratio: 0.7868908326706805
Files already downloaded and verified
3255 originally labeled samples, 3672 new samples, and 155843 unlabeled samples. Total: 162770
Epoch 10
 85.96% | time: 725.7s (394.1m) | step:   6558 | train acc: 1.000 | train loss: 0.001 |test acc: 0.869 (0.881, 0.849) | test dp gap: 0.0891
 85.96% | time:   1.5s (394.2m) | step:   6558 | train acc: 1.000 | train loss: 0.001 |val acc: 0.876 (0.894, 0.848) | val dp gap: 0.1094
begin calculating influence
calculating influence -- done
length of new labels 61
Use 6927+61 = 6988 samples.
Files already downloaded and verified
3255 originally labeled samples, 3733 new samples, and 155782 unlabeled samples. Total: 162770
 88.58% | time: 731.0s (406.4m) | step:   6758 | train acc: 1.000 | train loss: 0.002 |test acc: 0.869 (0.881, 0.849) | test dp gap: 0.0851
 88.58% | time:   1.4s (406.4m) | step:   6758 | train acc: 1.000 | train loss: 0.002 |val acc: 0.874 (0.893, 0.844) | val dp gap: 0.1078
begin calculating influence
calculating influence -- done
length of new labels 92
Use 6927+92 = 7019 samples.
Files already downloaded and verified
3255 originally labeled samples, 3764 new samples, and 155751 unlabeled samples. Total: 162770
 91.20% | time: 725.8s (418.5m) | step:   6958 | train acc: 1.000 | train loss: 0.004 |test acc: 0.868 (0.880, 0.849) | test dp gap: 0.0895
 91.20% | time:   1.6s (418.5m) | step:   6958 | train acc: 1.000 | train loss: 0.004 |val acc: 0.865 (0.881, 0.841) | val dp gap: 0.1218
begin calculating influence
calculating influence -- done
length of new labels 98
Use 6927+98 = 7025 samples.
Files already downloaded and verified
3255 originally labeled samples, 3770 new samples, and 155745 unlabeled samples. Total: 162770
 91.66% | time: 674.8s (429.7m) | step:   6993 | train acc: 1.000 | train loss: 0.002 |test acc: 0.870 (0.880, 0.854) | test dp gap: 0.0842
 91.66% | time:   1.5s (429.8m) | step:   6993 | train acc: 1.000 | train loss: 0.002 |val acc: 0.869 (0.890, 0.837) | val dp gap: 0.1206
begin calculating influence
calculating influence -- done
length of new labels 330
Use 6927+330 = 7257 samples.
Files already downloaded and verified
3255 originally labeled samples, 4002 new samples, and 155513 unlabeled samples. Total: 162770
Epoch 11
 94.30% | time: 722.1s (441.8m) | step:   7194 | train acc: 1.000 | train loss: 0.000 |test acc: 0.868 (0.882, 0.845) | test dp gap: 0.0865
 94.30% | time:   1.4s (441.8m) | step:   7194 | train acc: 1.000 | train loss: 0.000 |val acc: 0.874 (0.900, 0.834) | val dp gap: 0.1146
begin calculating influence
calculating influence -- done
length of new labels 331
Use 6927+331 = 7258 samples.
Files already downloaded and verified
3255 originally labeled samples, 4003 new samples, and 155512 unlabeled samples. Total: 162770
 96.92% | time: 726.3s (453.9m) | step:   7394 | train acc: 1.000 | train loss: 0.002 |test acc: 0.867 (0.880, 0.845) | test dp gap: 0.0821
 96.92% | time:   1.4s (454.0m) | step:   7394 | train acc: 1.000 | train loss: 0.002 |val acc: 0.877 (0.905, 0.834) | val dp gap: 0.1039
begin calculating influence
calculating influence -- done
length of new labels 505
Use 6927+505 = 7432 samples.
Files already downloaded and verified
3255 originally labeled samples, 4177 new samples, and 155338 unlabeled samples. Total: 162770
 99.54% | time: 728.4s (466.1m) | step:   7594 | train acc: 1.000 | train loss: 0.001 |test acc: 0.864 (0.879, 0.839) | test dp gap: 0.0783
 99.54% | time:   1.4s (466.1m) | step:   7594 | train acc: 1.000 | train loss: 0.001 |val acc: 0.877 (0.894, 0.851) | val dp gap: 0.0939
begin calculating influence
calculating influence -- done
length of new labels 509
Use 6927+509 = 7436 samples.
Files already downloaded and verified
3255 originally labeled samples, 4181 new samples, and 155334 unlabeled samples. Total: 162770
100.00% | time: 673.9s (477.4m) | step:   7629 | train acc: 1.000 | train loss: 0.002 |test acc: 0.867 (0.880, 0.848) | test dp gap: 0.0846
100.00% | time:   1.4s (477.4m) | step:   7629 | train acc: 1.000 | train loss: 0.002 |val acc: 0.870 (0.888, 0.841) | val dp gap: 0.1273
begin calculating influence
calculating influence -- done
length of new labels 601
Use 6927+601 = 7528 samples.
Files already downloaded and verified
3255 originally labeled samples, 4273 new samples, and 155242 unlabeled samples. Total: 162770
