Files already downloaded and verified
3255 originally labeled samples, 0 new samples, and 159515 unlabeled samples. Total: 162770
Files already downloaded and verified
1996 originally labeled samples, 0 new samples, and 17966 unlabeled samples. Total: 19962
Numer of layers 200
train net...
train with 162770 samples (with replacement) in one epoch
Epoch 0
  2.62% | time:  96.1s (  1.6m) | step:    200 | train acc: 0.977 | train loss: 0.059 |warm_t acc: 0.841 (0.855, 0.820) | warm_t eod gap: 0.0345
  2.62% | time:   5.2s (  1.7m) | step:    200 | train acc: 0.977 | train loss: 0.059 |warm_v acc: 0.845 (0.858, 0.823) | warm_v eod gap: 0.0321
  5.24% | time:  79.5s (  3.0m) | step:    400 | train acc: 1.000 | train loss: 0.000 |warm_t acc: 0.847 (0.860, 0.827) | warm_t eod gap: 0.0391
  5.24% | time:   1.4s (  3.0m) | step:    400 | train acc: 1.000 | train loss: 0.000 |warm_v acc: 0.857 (0.868, 0.839) | warm_v eod gap: 0.0290
  7.86% | time:  79.5s (  4.4m) | step:    600 | train acc: 1.000 | train loss: 0.000 |warm_t acc: 0.847 (0.859, 0.827) | warm_t eod gap: 0.0376
  7.86% | time:   1.3s (  4.4m) | step:    600 | train acc: 1.000 | train loss: 0.000 |warm_v acc: 0.854 (0.875, 0.820) | warm_v eod gap: 0.0584
  8.32% | time:  21.1s (  4.7m) | step:    635 | train acc: 1.000 | train loss: 0.000 |warm_t acc: 0.847 (0.859, 0.827) | warm_t eod gap: 0.0380
  8.32% | time:   1.4s (  4.8m) | step:    635 | train acc: 1.000 | train loss: 0.000 |warm_v acc: 0.854 (0.871, 0.829) | warm_v eod gap: 0.0463
Epoch 1
 10.95% | time:  78.7s (  6.1m) | step:    835 | train acc: 1.000 | train loss: 0.000 |warm_t acc: 0.847 (0.859, 0.828) | warm_t eod gap: 0.0373
 10.95% | time:   1.4s (  6.1m) | step:    835 | train acc: 1.000 | train loss: 0.000 |warm_v acc: 0.854 (0.881, 0.811) | warm_v eod gap: 0.0723
 13.57% | time:  78.1s (  7.4m) | step:   1035 | train acc: 1.000 | train loss: 0.000 |warm_t acc: 0.847 (0.859, 0.828) | warm_t eod gap: 0.0372
 13.57% | time:   1.5s (  7.4m) | step:   1035 | train acc: 1.000 | train loss: 0.000 |warm_v acc: 0.852 (0.867, 0.828) | warm_v eod gap: 0.0414
 16.19% | time:  77.7s (  8.7m) | step:   1235 | train acc: 1.000 | train loss: 0.000 |warm_t acc: 0.847 (0.859, 0.828) | warm_t eod gap: 0.0374
 16.19% | time:   1.1s (  8.7m) | step:   1235 | train acc: 1.000 | train loss: 0.000 |warm_v acc: 0.848 (0.867, 0.821) | warm_v eod gap: 0.0477
 16.65% | time:  23.7s (  9.1m) | step:   1270 | train acc: 1.000 | train loss: 0.000 |warm_t acc: 0.847 (0.859, 0.828) | warm_t eod gap: 0.0373
 16.65% | time:   1.4s (  9.2m) | step:   1270 | train acc: 1.000 | train loss: 0.000 |warm_v acc: 0.849 (0.861, 0.830) | warm_v eod gap: 0.0334
Epoch 2
 19.28% | time:  73.7s ( 10.4m) | step:   1471 | train acc: 1.000 | train loss: 0.000 |test acc: 0.847 (0.859, 0.828) | test eod gap: 0.0372
 19.28% | time:   1.2s ( 10.4m) | step:   1471 | train acc: 1.000 | train loss: 0.000 |val acc: 0.857 (0.874, 0.831) | val eod gap: 0.0482
begin calculating influence
selected layers: [Traced<ShapedArray(float32[768])>with<DynamicJaxprTrace(level=0/1)>, Traced<ShapedArray(float32[8,8,3,768])>with<DynamicJaxprTrace(level=0/1)>, Traced<ShapedArray(float32[2])>with<DynamicJaxprTrace(level=0/1)>, Traced<ShapedArray(float32[768,2])>with<DynamicJaxprTrace(level=0/1)>]
[Strategy 5] Acc of expected label: 0.848984375
calculating influence -- done
Use 3511 samples. Get 3648 labels. Ratio: 0.9624451754385965
Files already downloaded and verified
3255 originally labeled samples, 256 new samples, and 159259 unlabeled samples. Total: 162770
 21.90% | time: 738.2s ( 22.7m) | step:   1671 | train acc: 0.996 | train loss: 0.072 |test acc: 0.857 (0.862, 0.849) | test eod gap: 0.0311
 21.90% | time:   1.4s ( 22.7m) | step:   1671 | train acc: 0.996 | train loss: 0.072 |val acc: 0.865 (0.884, 0.836) | val eod gap: 0.0677
begin calculating influence
[Strategy 5] Acc of expected label: 0.8527734375
calculating influence -- done
Use 3767 samples. Get 4052 labels. Ratio: 0.9296643632773939
Files already downloaded and verified
3255 originally labeled samples, 512 new samples, and 159003 unlabeled samples. Total: 162770
 24.52% | time: 725.2s ( 34.8m) | step:   1871 | train acc: 0.953 | train loss: 0.115 |test acc: 0.845 (0.858, 0.823) | test eod gap: 0.0219
 24.52% | time:   1.6s ( 34.8m) | step:   1871 | train acc: 0.953 | train loss: 0.115 |val acc: 0.861 (0.877, 0.836) | val eod gap: 0.0203
begin calculating influence
[Strategy 5] Acc of expected label: 0.847890625
calculating influence -- done
Use 4023 samples. Get 4385 labels. Ratio: 0.9174458380843785
Files already downloaded and verified
3255 originally labeled samples, 768 new samples, and 158747 unlabeled samples. Total: 162770
 24.98% | time: 659.1s ( 45.8m) | step:   1906 | train acc: 0.996 | train loss: 0.012 |test acc: 0.852 (0.864, 0.833) | test eod gap: 0.0272
 24.98% | time:   1.2s ( 45.8m) | step:   1906 | train acc: 0.996 | train loss: 0.012 |val acc: 0.864 (0.886, 0.829) | val eod gap: 0.0418
begin calculating influence
[Strategy 5] Acc of expected label: 0.8553125
calculating influence -- done
Use 4279 samples. Get 4751 labels. Ratio: 0.9006524942117449
Files already downloaded and verified
3255 originally labeled samples, 1024 new samples, and 158491 unlabeled samples. Total: 162770
Epoch 3
 27.62% | time: 727.5s ( 58.0m) | step:   2107 | train acc: 1.000 | train loss: 0.013 |test acc: 0.866 (0.874, 0.852) | test eod gap: 0.0233
 27.62% | time:   1.2s ( 58.0m) | step:   2107 | train acc: 1.000 | train loss: 0.013 |val acc: 0.880 (0.885, 0.873) | val eod gap: 0.0108
begin calculating influence
[Strategy 5] Acc of expected label: 0.8690625
calculating influence -- done
Use 4535 samples. Get 5174 labels. Ratio: 0.8764978739853112
Files already downloaded and verified
3255 originally labeled samples, 1280 new samples, and 158235 unlabeled samples. Total: 162770
 30.24% | time: 728.2s ( 70.1m) | step:   2307 | train acc: 1.000 | train loss: 0.003 |test acc: 0.868 (0.875, 0.857) | test eod gap: 0.0276
 30.24% | time:   1.3s ( 70.1m) | step:   2307 | train acc: 1.000 | train loss: 0.003 |val acc: 0.882 (0.890, 0.869) | val eod gap: 0.0304
begin calculating influence
[Strategy 5] Acc of expected label: 0.8669140625
calculating influence -- done
Use 4791 samples. Get 5597 labels. Ratio: 0.8559942826514204
Files already downloaded and verified
3255 originally labeled samples, 1536 new samples, and 157979 unlabeled samples. Total: 162770
 32.86% | time: 724.5s ( 82.2m) | step:   2507 | train acc: 1.000 | train loss: 0.003 |test acc: 0.868 (0.878, 0.852) | test eod gap: 0.0273
 32.86% | time:   1.4s ( 82.2m) | step:   2507 | train acc: 1.000 | train loss: 0.003 |val acc: 0.882 (0.892, 0.864) | val eod gap: 0.0273
begin calculating influence
[Strategy 5] Acc of expected label: 0.8690625
calculating influence -- done
Use 5047 samples. Get 6023 labels. Ratio: 0.8379545077204051
Files already downloaded and verified
3255 originally labeled samples, 1792 new samples, and 157723 unlabeled samples. Total: 162770
 33.32% | time: 659.5s ( 93.2m) | step:   2542 | train acc: 1.000 | train loss: 0.005 |test acc: 0.872 (0.880, 0.859) | test eod gap: 0.0277
 33.32% | time:   1.3s ( 93.3m) | step:   2542 | train acc: 1.000 | train loss: 0.005 |val acc: 0.882 (0.887, 0.875) | val eod gap: 0.0160
begin calculating influence
[Strategy 5] Acc of expected label: 0.8728515625
calculating influence -- done
Use 5303 samples. Get 6496 labels. Ratio: 0.8163485221674877
Files already downloaded and verified
3255 originally labeled samples, 2048 new samples, and 157467 unlabeled samples. Total: 162770
Epoch 4
 35.95% | time: 716.7s (105.2m) | step:   2743 | train acc: 1.000 | train loss: 0.005 |test acc: 0.874 (0.882, 0.861) | test eod gap: 0.0213
 35.95% | time:   1.3s (105.2m) | step:   2743 | train acc: 1.000 | train loss: 0.005 |val acc: 0.889 (0.898, 0.874) | val eod gap: 0.0215
begin calculating influence
[Strategy 5] Acc of expected label: 0.874375
calculating influence -- done
Use 5559 samples. Get 6914 labels. Ratio: 0.8040208273069135
Files already downloaded and verified
3255 originally labeled samples, 2304 new samples, and 157211 unlabeled samples. Total: 162770
 38.58% | time: 715.5s (117.1m) | step:   2943 | train acc: 1.000 | train loss: 0.015 |test acc: 0.875 (0.884, 0.861) | test eod gap: 0.0305
 38.58% | time:   1.4s (117.2m) | step:   2943 | train acc: 1.000 | train loss: 0.015 |val acc: 0.876 (0.891, 0.854) | val eod gap: 0.0455
begin calculating influence
[Strategy 5] Acc of expected label: 0.8794140625
calculating influence -- done
Use 5815 samples. Get 7352 labels. Ratio: 0.7909412404787813
Files already downloaded and verified
3255 originally labeled samples, 2560 new samples, and 156955 unlabeled samples. Total: 162770
 41.20% | time: 726.7s (129.3m) | step:   3143 | train acc: 0.996 | train loss: 0.009 |test acc: 0.876 (0.886, 0.861) | test eod gap: 0.0279
 41.20% | time:   1.4s (129.3m) | step:   3143 | train acc: 0.996 | train loss: 0.009 |val acc: 0.887 (0.895, 0.876) | val eod gap: 0.0232
begin calculating influence
[Strategy 5] Acc of expected label: 0.87828125
calculating influence -- done
Use 6071 samples. Get 7779 labels. Ratio: 0.7804345031495051
Files already downloaded and verified
3255 originally labeled samples, 2816 new samples, and 156699 unlabeled samples. Total: 162770
 41.66% | time: 660.2s (140.3m) | step:   3178 | train acc: 0.934 | train loss: 0.173 |test acc: 0.879 (0.891, 0.862) | test eod gap: 0.0290
 41.66% | time:   1.4s (140.3m) | step:   3178 | train acc: 0.934 | train loss: 0.173 |val acc: 0.895 (0.901, 0.886) | val eod gap: 0.0125
begin calculating influence
[Strategy 5] Acc of expected label: 0.882734375
calculating influence -- done
Use 6327 samples. Get 8152 labels. Ratio: 0.7761285574092247
Files already downloaded and verified
3255 originally labeled samples, 3072 new samples, and 156443 unlabeled samples. Total: 162770
Epoch 5
 44.29% | time: 713.9s (152.2m) | step:   3379 | train acc: 0.996 | train loss: 0.020 |test acc: 0.878 (0.886, 0.865) | test eod gap: 0.0252
 44.29% | time:   1.5s (152.3m) | step:   3379 | train acc: 0.996 | train loss: 0.020 |val acc: 0.893 (0.909, 0.868) | val eod gap: 0.0434
begin calculating influence
[Strategy 5] Acc of expected label: 0.8834375
calculating influence -- done
Use 6583 samples. Get 8558 labels. Ratio: 0.7692217807899042
Files already downloaded and verified
3255 originally labeled samples, 3328 new samples, and 156187 unlabeled samples. Total: 162770
 46.91% | time: 713.9s (164.2m) | step:   3579 | train acc: 0.996 | train loss: 0.021 |test acc: 0.878 (0.887, 0.862) | test eod gap: 0.0269
 46.91% | time:   1.4s (164.2m) | step:   3579 | train acc: 0.996 | train loss: 0.021 |val acc: 0.895 (0.909, 0.871) | val eod gap: 0.0367
begin calculating influence
[Strategy 5] Acc of expected label: 0.8792578125
calculating influence -- done
Use 6839 samples. Get 9006 labels. Ratio: 0.7593826337996891
Files already downloaded and verified
3255 originally labeled samples, 3584 new samples, and 155931 unlabeled samples. Total: 162770
 49.53% | time: 714.4s (176.1m) | step:   3779 | train acc: 1.000 | train loss: 0.004 |test acc: 0.876 (0.885, 0.864) | test eod gap: 0.0209
 49.53% | time:   1.4s (176.1m) | step:   3779 | train acc: 1.000 | train loss: 0.004 |val acc: 0.889 (0.898, 0.875) | val eod gap: 0.0189
begin calculating influence
[Strategy 5] Acc of expected label: 0.8815625
calculating influence -- done
Use 7095 samples. Get 9395 labels. Ratio: 0.7551889302820649
Files already downloaded and verified
3255 originally labeled samples, 3840 new samples, and 155675 unlabeled samples. Total: 162770
 49.99% | time: 663.0s (187.2m) | step:   3814 | train acc: 1.000 | train loss: 0.004 |test acc: 0.881 (0.889, 0.868) | test eod gap: 0.0252
 49.99% | time:   1.5s (187.2m) | step:   3814 | train acc: 1.000 | train loss: 0.004 |val acc: 0.894 (0.906, 0.875) | val eod gap: 0.0315
begin calculating influence
[Strategy 5] Acc of expected label: 0.8828515625
calculating influence -- done
Use 7321 samples. Get 9711 labels. Ratio: 0.75388734424879
Files already downloaded and verified
3255 originally labeled samples, 4066 new samples, and 155449 unlabeled samples. Total: 162770
Epoch 6
 52.62% | time: 708.9s (199.0m) | step:   4014 | train acc: 1.000 | train loss: 0.004 |test acc: 0.879 (0.888, 0.866) | test eod gap: 0.0250
 52.62% | time:   1.4s (199.0m) | step:   4014 | train acc: 1.000 | train loss: 0.004 |val acc: 0.903 (0.909, 0.893) | val eod gap: 0.0213
begin calculating influence
[Strategy 5] Acc of expected label: 0.884140625
calculating influence -- done
Use 7577 samples. Get 10084 labels. Ratio: 0.7513883379611266
Files already downloaded and verified
3255 originally labeled samples, 4322 new samples, and 155193 unlabeled samples. Total: 162770
 55.24% | time: 714.3s (210.9m) | step:   4214 | train acc: 1.000 | train loss: 0.005 |test acc: 0.881 (0.888, 0.869) | test eod gap: 0.0235
 55.24% | time:   1.4s (211.0m) | step:   4214 | train acc: 1.000 | train loss: 0.005 |val acc: 0.898 (0.910, 0.881) | val eod gap: 0.0325
begin calculating influence
[Strategy 5] Acc of expected label: 0.881875
calculating influence -- done
Use 7833 samples. Get 10519 labels. Ratio: 0.74465253351079
Files already downloaded and verified
3255 originally labeled samples, 4578 new samples, and 154937 unlabeled samples. Total: 162770
 57.86% | time: 715.3s (222.9m) | step:   4414 | train acc: 0.996 | train loss: 0.012 |test acc: 0.882 (0.891, 0.868) | test eod gap: 0.0279
 57.86% | time:   1.4s (222.9m) | step:   4414 | train acc: 0.996 | train loss: 0.012 |val acc: 0.893 (0.905, 0.875) | val eod gap: 0.0344
begin calculating influence
[Strategy 5] Acc of expected label: 0.886640625
calculating influence -- done
Use 8089 samples. Get 10852 labels. Ratio: 0.7453925543678585
Files already downloaded and verified
3255 originally labeled samples, 4834 new samples, and 154681 unlabeled samples. Total: 162770
 58.32% | time: 664.2s (234.0m) | step:   4449 | train acc: 0.996 | train loss: 0.009 |test acc: 0.881 (0.887, 0.872) | test eod gap: 0.0246
 58.32% | time:   1.6s (234.0m) | step:   4449 | train acc: 0.996 | train loss: 0.009 |val acc: 0.898 (0.902, 0.892) | val eod gap: 0.0180
begin calculating influence
[Strategy 5] Acc of expected label: 0.8821875
calculating influence -- done
Use 8345 samples. Get 11207 labels. Ratio: 0.7446238957794236
Files already downloaded and verified
3255 originally labeled samples, 5090 new samples, and 154425 unlabeled samples. Total: 162770
Epoch 7
 60.95% | time: 711.5s (245.9m) | step:   4650 | train acc: 1.000 | train loss: 0.003 |test acc: 0.882 (0.892, 0.868) | test eod gap: 0.0278
 60.95% | time:   1.5s (245.9m) | step:   4650 | train acc: 1.000 | train loss: 0.003 |val acc: 0.894 (0.905, 0.877) | val eod gap: 0.0319
begin calculating influence
[Strategy 5] Acc of expected label: 0.8866015625
calculating influence -- done
Use 8601 samples. Get 11639 labels. Ratio: 0.7389810121144428
Files already downloaded and verified
3255 originally labeled samples, 5346 new samples, and 154169 unlabeled samples. Total: 162770
 63.57% | time: 718.6s (257.9m) | step:   4850 | train acc: 1.000 | train loss: 0.002 |test acc: 0.881 (0.890, 0.869) | test eod gap: 0.0285
 63.57% | time:   1.4s (257.9m) | step:   4850 | train acc: 1.000 | train loss: 0.002 |val acc: 0.898 (0.900, 0.894) | val eod gap: 0.0146
begin calculating influence
[Strategy 5] Acc of expected label: 0.884296875
calculating influence -- done
Use 8857 samples. Get 12083 labels. Ratio: 0.7330133245055036
Files already downloaded and verified
3255 originally labeled samples, 5602 new samples, and 153913 unlabeled samples. Total: 162770
 66.19% | time: 718.4s (269.9m) | step:   5050 | train acc: 0.992 | train loss: 0.009 |test acc: 0.880 (0.888, 0.868) | test eod gap: 0.0298
 66.19% | time:   1.2s (269.9m) | step:   5050 | train acc: 0.992 | train loss: 0.009 |val acc: 0.901 (0.906, 0.893) | val eod gap: 0.0227
begin calculating influence
[Strategy 5] Acc of expected label: 0.8847265625
calculating influence -- done
Use 9113 samples. Get 12455 labels. Ratio: 0.7316740264953834
Files already downloaded and verified
3255 originally labeled samples, 5858 new samples, and 153657 unlabeled samples. Total: 162770
 66.65% | time: 661.3s (280.9m) | step:   5085 | train acc: 1.000 | train loss: 0.002 |test acc: 0.882 (0.890, 0.869) | test eod gap: 0.0259
 66.65% | time:   1.4s (280.9m) | step:   5085 | train acc: 1.000 | train loss: 0.002 |val acc: 0.905 (0.916, 0.887) | val eod gap: 0.0374
begin calculating influence
[Strategy 5] Acc of expected label: 0.8873046875
calculating influence -- done
Use 9369 samples. Get 12939 labels. Ratio: 0.7240899605842801
Files already downloaded and verified
3255 originally labeled samples, 6114 new samples, and 153401 unlabeled samples. Total: 162770
Epoch 8
 69.29% | time: 714.2s (292.8m) | step:   5286 | train acc: 1.000 | train loss: 0.002 |test acc: 0.880 (0.888, 0.869) | test eod gap: 0.0225
 69.29% | time:   1.5s (292.8m) | step:   5286 | train acc: 1.000 | train loss: 0.002 |val acc: 0.900 (0.907, 0.889) | val eod gap: 0.0231
begin calculating influence
[Strategy 5] Acc of expected label: 0.8820703125
calculating influence -- done
Use 9625 samples. Get 13355 labels. Ratio: 0.7207038562336203
Files already downloaded and verified
3255 originally labeled samples, 6370 new samples, and 153145 unlabeled samples. Total: 162770
 71.91% | time: 713.7s (304.7m) | step:   5486 | train acc: 1.000 | train loss: 0.002 |test acc: 0.885 (0.894, 0.872) | test eod gap: 0.0315
 71.91% | time:   1.4s (304.8m) | step:   5486 | train acc: 1.000 | train loss: 0.002 |val acc: 0.893 (0.899, 0.883) | val eod gap: 0.0299
begin calculating influence
[Strategy 5] Acc of expected label: 0.8885546875
calculating influence -- done
Use 9881 samples. Get 13695 labels. Ratio: 0.7215041986126324
Files already downloaded and verified
3255 originally labeled samples, 6626 new samples, and 152889 unlabeled samples. Total: 162770
 74.53% | time: 712.3s (316.6m) | step:   5686 | train acc: 0.996 | train loss: 0.007 |test acc: 0.885 (0.893, 0.871) | test eod gap: 0.0253
 74.53% | time:   1.5s (316.7m) | step:   5686 | train acc: 0.996 | train loss: 0.007 |val acc: 0.902 (0.903, 0.900) | val eod gap: 0.0215
begin calculating influence
[Strategy 5] Acc of expected label: 0.8859765625
calculating influence -- done
Use 10137 samples. Get 14094 labels. Ratio: 0.7192422307364836
Files already downloaded and verified
3255 originally labeled samples, 6882 new samples, and 152633 unlabeled samples. Total: 162770
 74.99% | time: 658.0s (327.6m) | step:   5721 | train acc: 0.969 | train loss: 0.070 |test acc: 0.881 (0.888, 0.870) | test eod gap: 0.0273
 74.99% | time:   1.3s (327.6m) | step:   5721 | train acc: 0.969 | train loss: 0.070 |val acc: 0.897 (0.898, 0.896) | val eod gap: 0.0292
begin calculating influence
[Strategy 5] Acc of expected label: 0.8869140625
calculating influence -- done
Use 10393 samples. Get 14470 labels. Ratio: 0.7182446440912232
Files already downloaded and verified
3255 originally labeled samples, 7138 new samples, and 152377 unlabeled samples. Total: 162770
Epoch 9
 77.62% | time: 714.0s (339.5m) | step:   5922 | train acc: 1.000 | train loss: 0.000 |test acc: 0.886 (0.892, 0.875) | test eod gap: 0.0238
 77.62% | time:   1.5s (339.6m) | step:   5922 | train acc: 1.000 | train loss: 0.000 |val acc: 0.900 (0.899, 0.903) | val eod gap: 0.0167
begin calculating influence
[Strategy 5] Acc of expected label: 0.8891015625
calculating influence -- done
Use 10649 samples. Get 14860 labels. Ratio: 0.716621803499327
Files already downloaded and verified
3255 originally labeled samples, 7394 new samples, and 152121 unlabeled samples. Total: 162770
 80.25% | time: 714.5s (351.5m) | step:   6122 | train acc: 1.000 | train loss: 0.001 |test acc: 0.886 (0.894, 0.874) | test eod gap: 0.0213
 80.25% | time:   1.5s (351.5m) | step:   6122 | train acc: 1.000 | train loss: 0.001 |val acc: 0.906 (0.912, 0.896) | val eod gap: 0.0167
begin calculating influence
[Strategy 5] Acc of expected label: 0.8896484375
calculating influence -- done
Use 10905 samples. Get 15202 labels. Ratio: 0.7173398237074069
Files already downloaded and verified
3255 originally labeled samples, 7650 new samples, and 151865 unlabeled samples. Total: 162770
 82.87% | time: 713.9s (363.4m) | step:   6322 | train acc: 0.996 | train loss: 0.012 |test acc: 0.886 (0.894, 0.873) | test eod gap: 0.0242
 82.87% | time:   1.4s (363.4m) | step:   6322 | train acc: 0.996 | train loss: 0.012 |val acc: 0.900 (0.913, 0.881) | val eod gap: 0.0338
begin calculating influence
[Strategy 5] Acc of expected label: 0.8937109375
calculating influence -- done
Use 11161 samples. Get 15575 labels. Ratio: 0.7165971107544141
Files already downloaded and verified
3255 originally labeled samples, 7906 new samples, and 151609 unlabeled samples. Total: 162770
 83.33% | time: 657.3s (374.4m) | step:   6357 | train acc: 0.996 | train loss: 0.016 |test acc: 0.887 (0.894, 0.875) | test eod gap: 0.0271
 83.33% | time:   1.5s (374.4m) | step:   6357 | train acc: 0.996 | train loss: 0.016 |val acc: 0.906 (0.913, 0.894) | val eod gap: 0.0244
begin calculating influence
[Strategy 5] Acc of expected label: 0.8898046875
calculating influence -- done
Use 11417 samples. Get 16018 labels. Ratio: 0.7127606442751904
Files already downloaded and verified
3255 originally labeled samples, 8162 new samples, and 151353 unlabeled samples. Total: 162770
Epoch 10
 85.96% | time: 712.7s (386.3m) | step:   6558 | train acc: 1.000 | train loss: 0.001 |test acc: 0.885 (0.895, 0.871) | test eod gap: 0.0277
 85.96% | time:   1.5s (386.3m) | step:   6558 | train acc: 1.000 | train loss: 0.001 |val acc: 0.895 (0.902, 0.884) | val eod gap: 0.0315
begin calculating influence
calculating influence -- done
length of new labels 256
Use 11417+256 = 11673 samples.
Files already downloaded and verified
3255 originally labeled samples, 8418 new samples, and 151097 unlabeled samples. Total: 162770
 88.58% | time: 716.3s (398.2m) | step:   6758 | train acc: 0.996 | train loss: 0.007 |test acc: 0.884 (0.892, 0.870) | test eod gap: 0.0254
 88.58% | time:   1.4s (398.3m) | step:   6758 | train acc: 0.996 | train loss: 0.007 |val acc: 0.899 (0.899, 0.898) | val eod gap: 0.0137
begin calculating influence
calculating influence -- done
length of new labels 512
Use 11417+512 = 11929 samples.
Files already downloaded and verified
3255 originally labeled samples, 8674 new samples, and 150841 unlabeled samples. Total: 162770
 91.20% | time: 710.3s (410.1m) | step:   6958 | train acc: 0.996 | train loss: 0.007 |test acc: 0.885 (0.892, 0.874) | test eod gap: 0.0236
 91.20% | time:   1.4s (410.1m) | step:   6958 | train acc: 0.996 | train loss: 0.007 |val acc: 0.902 (0.901, 0.904) | val eod gap: 0.0052
begin calculating influence
calculating influence -- done
length of new labels 768
Use 11417+768 = 12185 samples.
Files already downloaded and verified
3255 originally labeled samples, 8930 new samples, and 150585 unlabeled samples. Total: 162770
 91.66% | time: 657.2s (421.1m) | step:   6993 | train acc: 0.984 | train loss: 0.034 |test acc: 0.886 (0.894, 0.874) | test eod gap: 0.0225
 91.66% | time:   1.5s (421.1m) | step:   6993 | train acc: 0.984 | train loss: 0.034 |val acc: 0.904 (0.913, 0.890) | val eod gap: 0.0269
begin calculating influence
calculating influence -- done
length of new labels 1024
Use 11417+1024 = 12441 samples.
Files already downloaded and verified
3255 originally labeled samples, 9186 new samples, and 150329 unlabeled samples. Total: 162770
Epoch 11
 94.30% | time: 712.7s (433.0m) | step:   7194 | train acc: 1.000 | train loss: 0.002 |test acc: 0.887 (0.895, 0.874) | test eod gap: 0.0264
 94.30% | time:   1.4s (433.0m) | step:   7194 | train acc: 1.000 | train loss: 0.002 |val acc: 0.906 (0.915, 0.893) | val eod gap: 0.0383
begin calculating influence
calculating influence -- done
length of new labels 1280
Use 11417+1280 = 12697 samples.
Files already downloaded and verified
3255 originally labeled samples, 9442 new samples, and 150073 unlabeled samples. Total: 162770
 96.92% | time: 713.8s (444.9m) | step:   7394 | train acc: 0.996 | train loss: 0.009 |test acc: 0.884 (0.891, 0.873) | test eod gap: 0.0297
 96.92% | time:   1.4s (444.9m) | step:   7394 | train acc: 0.996 | train loss: 0.009 |val acc: 0.908 (0.906, 0.910) | val eod gap: 0.0298
begin calculating influence
calculating influence -- done
length of new labels 1536
Use 11417+1536 = 12953 samples.
Files already downloaded and verified
3255 originally labeled samples, 9698 new samples, and 149817 unlabeled samples. Total: 162770
 99.54% | time: 714.8s (456.8m) | step:   7594 | train acc: 0.992 | train loss: 0.038 |test acc: 0.885 (0.892, 0.874) | test eod gap: 0.0213
 99.54% | time:   1.4s (456.9m) | step:   7594 | train acc: 0.992 | train loss: 0.038 |val acc: 0.903 (0.913, 0.888) | val eod gap: 0.0275
begin calculating influence
calculating influence -- done
length of new labels 1792
Use 11417+1792 = 13209 samples.
Files already downloaded and verified
3255 originally labeled samples, 9954 new samples, and 149561 unlabeled samples. Total: 162770
100.00% | time: 660.8s (467.9m) | step:   7629 | train acc: 0.996 | train loss: 0.011 |test acc: 0.884 (0.889, 0.877) | test eod gap: 0.0195
100.00% | time:   1.4s (467.9m) | step:   7629 | train acc: 0.996 | train loss: 0.011 |val acc: 0.913 (0.920, 0.902) | val eod gap: 0.0276
begin calculating influence
calculating influence -- done
length of new labels 2048
Use 11417+2048 = 13465 samples.
Files already downloaded and verified
3255 originally labeled samples, 10210 new samples, and 149305 unlabeled samples. Total: 162770
