Files already downloaded and verified
3255 originally labeled samples, 0 new samples, and 159515 unlabeled samples. Total: 162770
Files already downloaded and verified
1996 originally labeled samples, 0 new samples, and 17966 unlabeled samples. Total: 19962
Numer of layers 200
train net...
train with 162770 samples (with replacement) in one epoch
Epoch 0
  2.62% | time:  98.8s (  1.6m) | step:    200 | train acc: 0.977 | train loss: 0.067 |warm_t acc: 0.843 (0.857, 0.820) | warm_t eop gap: 0.0672
  2.62% | time:   6.3s (  1.8m) | step:    200 | train acc: 0.977 | train loss: 0.067 |warm_v acc: 0.853 (0.865, 0.833) | warm_v eop gap: 0.0354
  5.24% | time:  78.2s (  3.1m) | step:    400 | train acc: 1.000 | train loss: 0.000 |warm_t acc: 0.848 (0.861, 0.827) | warm_t eop gap: 0.0602
  5.24% | time:   1.4s (  3.1m) | step:    400 | train acc: 1.000 | train loss: 0.000 |warm_v acc: 0.859 (0.873, 0.836) | warm_v eop gap: 0.0481
  7.86% | time:  78.8s (  4.4m) | step:    600 | train acc: 1.000 | train loss: 0.000 |warm_t acc: 0.847 (0.861, 0.826) | warm_t eop gap: 0.0605
  7.86% | time:   1.1s (  4.4m) | step:    600 | train acc: 1.000 | train loss: 0.000 |warm_v acc: 0.857 (0.876, 0.825) | warm_v eop gap: 0.0494
  8.32% | time:  19.0s (  4.7m) | step:    635 | train acc: 1.000 | train loss: 0.000 |warm_t acc: 0.848 (0.861, 0.826) | warm_t eop gap: 0.0608
  8.32% | time:   1.4s (  4.8m) | step:    635 | train acc: 1.000 | train loss: 0.000 |warm_v acc: 0.860 (0.875, 0.837) | warm_v eop gap: 0.0463
Epoch 1
 10.95% | time:  79.3s (  6.1m) | step:    835 | train acc: 1.000 | train loss: 0.000 |warm_t acc: 0.848 (0.861, 0.826) | warm_t eop gap: 0.0612
 10.95% | time:   1.4s (  6.1m) | step:    835 | train acc: 1.000 | train loss: 0.000 |warm_v acc: 0.861 (0.886, 0.820) | warm_v eop gap: 0.0743
 13.57% | time:  79.4s (  7.4m) | step:   1035 | train acc: 1.000 | train loss: 0.000 |warm_t acc: 0.847 (0.861, 0.826) | warm_t eop gap: 0.0607
 13.57% | time:   1.4s (  7.4m) | step:   1035 | train acc: 1.000 | train loss: 0.000 |warm_v acc: 0.854 (0.867, 0.833) | warm_v eop gap: 0.0413
 16.19% | time:  78.5s (  8.8m) | step:   1235 | train acc: 1.000 | train loss: 0.000 |warm_t acc: 0.847 (0.861, 0.826) | warm_t eop gap: 0.0607
 16.19% | time:   1.4s (  8.8m) | step:   1235 | train acc: 1.000 | train loss: 0.000 |warm_v acc: 0.854 (0.873, 0.825) | warm_v eop gap: 0.0590
 16.65% | time:  19.4s (  9.1m) | step:   1270 | train acc: 1.000 | train loss: 0.000 |warm_t acc: 0.847 (0.861, 0.826) | warm_t eop gap: 0.0601
 16.65% | time:   1.3s (  9.1m) | step:   1270 | train acc: 1.000 | train loss: 0.000 |warm_v acc: 0.854 (0.867, 0.832) | warm_v eop gap: 0.0319
Epoch 2
 19.28% | time:  78.4s ( 10.4m) | step:   1471 | train acc: 1.000 | train loss: 0.000 |test acc: 0.847 (0.861, 0.826) | test eop gap: 0.0603
 19.28% | time:   1.1s ( 10.4m) | step:   1471 | train acc: 1.000 | train loss: 0.000 |val acc: 0.861 (0.877, 0.835) | val eop gap: 0.0578
begin calculating influence
selected layers: [Traced<ShapedArray(float32[768])>with<DynamicJaxprTrace(level=0/1)>, Traced<ShapedArray(float32[8,8,3,768])>with<DynamicJaxprTrace(level=0/1)>, Traced<ShapedArray(float32[2])>with<DynamicJaxprTrace(level=0/1)>, Traced<ShapedArray(float32[768,2])>with<DynamicJaxprTrace(level=0/1)>]
[Strategy 2] Acc of expected label: 0.84875
calculating influence -- done
Use 3511 samples. Get 3640 labels. Ratio: 0.9645604395604396
Files already downloaded and verified
3255 originally labeled samples, 256 new samples, and 159259 unlabeled samples. Total: 162770
 21.90% | time: 756.1s ( 23.0m) | step:   1671 | train acc: 0.938 | train loss: 0.117 |test acc: 0.863 (0.873, 0.847) | test eop gap: 0.0446
 21.90% | time:   1.3s ( 23.1m) | step:   1671 | train acc: 0.938 | train loss: 0.117 |val acc: 0.861 (0.875, 0.838) | val eop gap: 0.0707
begin calculating influence
[Strategy 2] Acc of expected label: 0.8669140625
calculating influence -- done
Use 3767 samples. Get 4057 labels. Ratio: 0.9285186098102046
Files already downloaded and verified
3255 originally labeled samples, 512 new samples, and 159003 unlabeled samples. Total: 162770
 24.52% | time: 741.4s ( 35.4m) | step:   1871 | train acc: 1.000 | train loss: 0.005 |test acc: 0.859 (0.869, 0.843) | test eop gap: 0.0520
 24.52% | time:   1.7s ( 35.4m) | step:   1871 | train acc: 1.000 | train loss: 0.005 |val acc: 0.880 (0.890, 0.863) | val eop gap: 0.0655
begin calculating influence
[Strategy 2] Acc of expected label: 0.862421875
calculating influence -- done
Use 4023 samples. Get 4540 labels. Ratio: 0.8861233480176212
Files already downloaded and verified
3255 originally labeled samples, 768 new samples, and 158747 unlabeled samples. Total: 162770
 24.98% | time: 688.1s ( 46.9m) | step:   1906 | train acc: 0.961 | train loss: 0.092 |test acc: 0.862 (0.872, 0.848) | test eop gap: 0.0423
 24.98% | time:   1.4s ( 46.9m) | step:   1906 | train acc: 0.961 | train loss: 0.092 |val acc: 0.874 (0.885, 0.857) | val eop gap: 0.0378
begin calculating influence
[Strategy 2] Acc of expected label: 0.864765625
calculating influence -- done
Use 4279 samples. Get 4959 labels. Ratio: 0.8628755797539827
Files already downloaded and verified
3255 originally labeled samples, 1024 new samples, and 158491 unlabeled samples. Total: 162770
Epoch 3
 27.62% | time: 737.7s ( 59.2m) | step:   2107 | train acc: 1.000 | train loss: 0.002 |test acc: 0.859 (0.872, 0.839) | test eop gap: 0.0388
 27.62% | time:   1.4s ( 59.3m) | step:   2107 | train acc: 1.000 | train loss: 0.002 |val acc: 0.877 (0.893, 0.852) | val eop gap: 0.0054
begin calculating influence
[Strategy 2] Acc of expected label: 0.8596875
calculating influence -- done
Use 4426 samples. Get 5140 labels. Ratio: 0.8610894941634242
Files already downloaded and verified
3255 originally labeled samples, 1171 new samples, and 158344 unlabeled samples. Total: 162770
 30.24% | time: 748.7s ( 71.7m) | step:   2307 | train acc: 1.000 | train loss: 0.000 |test acc: 0.861 (0.874, 0.841) | test eop gap: 0.0396
 30.24% | time:   1.3s ( 71.8m) | step:   2307 | train acc: 1.000 | train loss: 0.000 |val acc: 0.868 (0.889, 0.837) | val eop gap: 0.0479
begin calculating influence
[Strategy 2] Acc of expected label: 0.8687109375
calculating influence -- done
Use 4682 samples. Get 5534 labels. Ratio: 0.8460426454644019
Files already downloaded and verified
3255 originally labeled samples, 1427 new samples, and 158088 unlabeled samples. Total: 162770
 32.86% | time: 753.4s ( 84.3m) | step:   2507 | train acc: 0.984 | train loss: 0.051 |test acc: 0.857 (0.865, 0.843) | test eop gap: 0.0291
 32.86% | time:   1.2s ( 84.3m) | step:   2507 | train acc: 0.984 | train loss: 0.051 |val acc: 0.867 (0.878, 0.849) | val eop gap: 0.0455
begin calculating influence
[Strategy 2] Acc of expected label: 0.8594140625
calculating influence -- done
Use 4938 samples. Get 6052 labels. Ratio: 0.8159286186384667
Files already downloaded and verified
3255 originally labeled samples, 1683 new samples, and 157832 unlabeled samples. Total: 162770
 33.32% | time: 697.2s ( 96.0m) | step:   2542 | train acc: 1.000 | train loss: 0.004 |test acc: 0.865 (0.877, 0.848) | test eop gap: 0.0358
 33.32% | time:   1.4s ( 96.0m) | step:   2542 | train acc: 1.000 | train loss: 0.004 |val acc: 0.880 (0.895, 0.856) | val eop gap: 0.0496
begin calculating influence
[Strategy 2] Acc of expected label: 0.8675390625
calculating influence -- done
Use 5194 samples. Get 6523 labels. Ratio: 0.7962593898512954
Files already downloaded and verified
3255 originally labeled samples, 1939 new samples, and 157576 unlabeled samples. Total: 162770
Epoch 4
 35.95% | time: 740.9s (108.3m) | step:   2743 | train acc: 1.000 | train loss: 0.006 |test acc: 0.858 (0.867, 0.844) | test eop gap: 0.0186
 35.95% | time:   1.2s (108.4m) | step:   2743 | train acc: 1.000 | train loss: 0.006 |val acc: 0.875 (0.894, 0.845) | val eop gap: 0.0472
begin calculating influence
[Strategy 2] Acc of expected label: 0.8602734375
calculating influence -- done
Use 5450 samples. Get 6931 labels. Ratio: 0.7863223200115423
Files already downloaded and verified
3255 originally labeled samples, 2195 new samples, and 157320 unlabeled samples. Total: 162770
 38.58% | time: 733.7s (120.6m) | step:   2943 | train acc: 1.000 | train loss: 0.012 |test acc: 0.844 (0.859, 0.819) | test eop gap: 0.0343
 38.58% | time:   1.4s (120.6m) | step:   2943 | train acc: 1.000 | train loss: 0.012 |val acc: 0.859 (0.886, 0.816) | val eop gap: 0.0637
begin calculating influence
[Strategy 2] Acc of expected label: 0.848828125
calculating influence -- done
Use 5706 samples. Get 7244 labels. Ratio: 0.7876863611264495
Files already downloaded and verified
3255 originally labeled samples, 2451 new samples, and 157064 unlabeled samples. Total: 162770
 41.20% | time: 733.4s (132.8m) | step:   3143 | train acc: 1.000 | train loss: 0.000 |test acc: 0.858 (0.869, 0.839) | test eop gap: 0.0154
 41.20% | time:   1.3s (132.8m) | step:   3143 | train acc: 1.000 | train loss: 0.000 |val acc: 0.867 (0.893, 0.828) | val eop gap: 0.0515
begin calculating influence
[Strategy 2] Acc of expected label: 0.8584765625
calculating influence -- done
Use 5962 samples. Get 7576 labels. Ratio: 0.7869588173178458
Files already downloaded and verified
3255 originally labeled samples, 2707 new samples, and 156808 unlabeled samples. Total: 162770
 41.66% | time: 673.0s (144.1m) | step:   3178 | train acc: 1.000 | train loss: 0.001 |test acc: 0.855 (0.871, 0.830) | test eop gap: 0.0182
 41.66% | time:   1.4s (144.1m) | step:   3178 | train acc: 1.000 | train loss: 0.001 |val acc: 0.862 (0.881, 0.833) | val eop gap: 0.0125
begin calculating influence
[Strategy 2] Acc of expected label: 0.8569921875
calculating influence -- done
Use 6218 samples. Get 7930 labels. Ratio: 0.7841109709962168
Files already downloaded and verified
3255 originally labeled samples, 2963 new samples, and 156552 unlabeled samples. Total: 162770
Epoch 5
 44.29% | time: 739.3s (156.4m) | step:   3379 | train acc: 1.000 | train loss: 0.000 |test acc: 0.871 (0.880, 0.858) | test eop gap: 0.0383
 44.29% | time:   1.4s (156.4m) | step:   3379 | train acc: 1.000 | train loss: 0.000 |val acc: 0.880 (0.896, 0.856) | val eop gap: 0.0385
begin calculating influence
[Strategy 2] Acc of expected label: 0.873125
calculating influence -- done
Use 6474 samples. Get 8404 labels. Ratio: 0.7703474535935269
Files already downloaded and verified
3255 originally labeled samples, 3219 new samples, and 156296 unlabeled samples. Total: 162770
 46.91% | time: 731.3s (168.6m) | step:   3579 | train acc: 1.000 | train loss: 0.004 |test acc: 0.850 (0.865, 0.825) | test eop gap: 0.0283
 46.91% | time:   1.4s (168.6m) | step:   3579 | train acc: 1.000 | train loss: 0.004 |val acc: 0.858 (0.885, 0.815) | val eop gap: 0.0539
begin calculating influence
[Strategy 2] Acc of expected label: 0.8558203125
calculating influence -- done
Use 6730 samples. Get 8707 labels. Ratio: 0.7729413115883772
Files already downloaded and verified
3255 originally labeled samples, 3475 new samples, and 156040 unlabeled samples. Total: 162770
 49.53% | time: 733.6s (180.9m) | step:   3779 | train acc: 1.000 | train loss: 0.000 |test acc: 0.863 (0.875, 0.842) | test eop gap: 0.0283
 49.53% | time:   1.5s (180.9m) | step:   3779 | train acc: 1.000 | train loss: 0.000 |val acc: 0.876 (0.897, 0.844) | val eop gap: 0.0270
begin calculating influence
[Strategy 2] Acc of expected label: 0.8666015625
calculating influence -- done
Use 6986 samples. Get 9101 labels. Ratio: 0.7676079551697615
Files already downloaded and verified
3255 originally labeled samples, 3731 new samples, and 155784 unlabeled samples. Total: 162770
 49.99% | time: 665.9s (192.0m) | step:   3814 | train acc: 1.000 | train loss: 0.004 |test acc: 0.865 (0.875, 0.849) | test eop gap: 0.0256
 49.99% | time:   1.4s (192.0m) | step:   3814 | train acc: 1.000 | train loss: 0.004 |val acc: 0.880 (0.901, 0.846) | val eop gap: 0.0491
begin calculating influence
[Strategy 2] Acc of expected label: 0.8682421875
calculating influence -- done
Use 7242 samples. Get 9431 labels. Ratio: 0.76789311843919
Files already downloaded and verified
3255 originally labeled samples, 3987 new samples, and 155528 unlabeled samples. Total: 162770
Epoch 6
 52.62% | time: 738.8s (204.3m) | step:   4014 | train acc: 1.000 | train loss: 0.001 |test acc: 0.864 (0.876, 0.843) | test eop gap: 0.0339
 52.62% | time:   1.5s (204.4m) | step:   4014 | train acc: 1.000 | train loss: 0.001 |val acc: 0.865 (0.886, 0.831) | val eop gap: 0.0615
begin calculating influence
[Strategy 2] Acc of expected label: 0.8650390625
calculating influence -- done
Use 7498 samples. Get 9733 labels. Ratio: 0.7703688482482277
Files already downloaded and verified
3255 originally labeled samples, 4243 new samples, and 155272 unlabeled samples. Total: 162770
 55.24% | time: 737.1s (216.6m) | step:   4214 | train acc: 1.000 | train loss: 0.001 |test acc: 0.871 (0.878, 0.860) | test eop gap: 0.0330
 55.24% | time:   1.4s (216.7m) | step:   4214 | train acc: 1.000 | train loss: 0.001 |val acc: 0.880 (0.893, 0.860) | val eop gap: 0.0374
begin calculating influence
[Strategy 2] Acc of expected label: 0.87625
calculating influence -- done
Use 7754 samples. Get 10165 labels. Ratio: 0.7628135759960649
Files already downloaded and verified
3255 originally labeled samples, 4499 new samples, and 155016 unlabeled samples. Total: 162770
 57.86% | time: 743.3s (229.1m) | step:   4414 | train acc: 1.000 | train loss: 0.001 |test acc: 0.877 (0.885, 0.864) | test eop gap: 0.0268
 57.86% | time:   1.5s (229.1m) | step:   4414 | train acc: 1.000 | train loss: 0.001 |val acc: 0.889 (0.904, 0.867) | val eop gap: 0.0571
begin calculating influence
[Strategy 2] Acc of expected label: 0.8772265625
calculating influence -- done
Use 8010 samples. Get 10614 labels. Ratio: 0.7546636517806671
Files already downloaded and verified
3255 originally labeled samples, 4755 new samples, and 154760 unlabeled samples. Total: 162770
 58.32% | time: 688.5s (240.6m) | step:   4449 | train acc: 1.000 | train loss: 0.001 |test acc: 0.874 (0.882, 0.861) | test eop gap: 0.0379
 58.32% | time:   1.5s (240.6m) | step:   4449 | train acc: 1.000 | train loss: 0.001 |val acc: 0.875 (0.886, 0.857) | val eop gap: 0.0573
begin calculating influence
[Strategy 2] Acc of expected label: 0.8730859375
calculating influence -- done
Use 8266 samples. Get 11099 labels. Ratio: 0.7447517794395891
Files already downloaded and verified
3255 originally labeled samples, 5011 new samples, and 154504 unlabeled samples. Total: 162770
Epoch 7
 60.95% | time: 744.5s (253.0m) | step:   4650 | train acc: 1.000 | train loss: 0.007 |test acc: 0.863 (0.867, 0.856) | test eop gap: 0.0426
 60.95% | time:   1.5s (253.0m) | step:   4650 | train acc: 1.000 | train loss: 0.007 |val acc: 0.870 (0.879, 0.857) | val eop gap: 0.0407
begin calculating influence
[Strategy 2] Acc of expected label: 0.866484375
calculating influence -- done
Use 8522 samples. Get 11614 labels. Ratio: 0.7337695884277596
Files already downloaded and verified
3255 originally labeled samples, 5267 new samples, and 154248 unlabeled samples. Total: 162770
 63.57% | time: 743.0s (265.4m) | step:   4850 | train acc: 1.000 | train loss: 0.001 |test acc: 0.864 (0.876, 0.845) | test eop gap: 0.0225
 63.57% | time:   1.4s (265.4m) | step:   4850 | train acc: 1.000 | train loss: 0.001 |val acc: 0.876 (0.895, 0.848) | val eop gap: 0.0599
begin calculating influence
[Strategy 2] Acc of expected label: 0.865703125
calculating influence -- done
Use 8778 samples. Get 11989 labels. Ratio: 0.7321711568938193
Files already downloaded and verified
3255 originally labeled samples, 5523 new samples, and 153992 unlabeled samples. Total: 162770
 66.19% | time: 744.9s (277.8m) | step:   5050 | train acc: 1.000 | train loss: 0.005 |test acc: 0.839 (0.856, 0.811) | test eop gap: 0.0159
 66.19% | time:   1.4s (277.9m) | step:   5050 | train acc: 1.000 | train loss: 0.005 |val acc: 0.842 (0.874, 0.793) | val eop gap: 0.0430
begin calculating influence
[Strategy 2] Acc of expected label: 0.8361328125
calculating influence -- done
Use 9034 samples. Get 12267 labels. Ratio: 0.7364473791473057
Files already downloaded and verified
3255 originally labeled samples, 5779 new samples, and 153736 unlabeled samples. Total: 162770
 66.65% | time: 675.3s (289.1m) | step:   5085 | train acc: 1.000 | train loss: 0.001 |test acc: 0.864 (0.878, 0.842) | test eop gap: 0.0127
 66.65% | time:   1.5s (289.1m) | step:   5085 | train acc: 1.000 | train loss: 0.001 |val acc: 0.876 (0.907, 0.828) | val eop gap: 0.0633
begin calculating influence
[Strategy 2] Acc of expected label: 0.8655859375
calculating influence -- done
Use 9290 samples. Get 12615 labels. Ratio: 0.7364248910027745
Files already downloaded and verified
3255 originally labeled samples, 6035 new samples, and 153480 unlabeled samples. Total: 162770
Epoch 8
 69.29% | time: 734.9s (301.4m) | step:   5286 | train acc: 1.000 | train loss: 0.000 |test acc: 0.862 (0.876, 0.839) | test eop gap: 0.0149
 69.29% | time:   1.5s (301.4m) | step:   5286 | train acc: 1.000 | train loss: 0.000 |val acc: 0.867 (0.885, 0.839) | val eop gap: 0.0087
begin calculating influence
[Strategy 2] Acc of expected label: 0.8694921875
calculating influence -- done
Use 9546 samples. Get 12961 labels. Ratio: 0.7365172440398118
Files already downloaded and verified
3255 originally labeled samples, 6291 new samples, and 153224 unlabeled samples. Total: 162770
 71.91% | time: 734.9s (313.7m) | step:   5486 | train acc: 0.996 | train loss: 0.013 |test acc: 0.873 (0.876, 0.867) | test eop gap: 0.0369
 71.91% | time:   1.4s (313.7m) | step:   5486 | train acc: 0.996 | train loss: 0.013 |val acc: 0.880 (0.892, 0.862) | val eop gap: 0.0924
begin calculating influence
[Strategy 2] Acc of expected label: 0.8719921875
calculating influence -- done
Use 9802 samples. Get 13361 labels. Ratio: 0.7336277224758626
Files already downloaded and verified
3255 originally labeled samples, 6547 new samples, and 152968 unlabeled samples. Total: 162770
 74.53% | time: 736.4s (326.0m) | step:   5686 | train acc: 1.000 | train loss: 0.000 |test acc: 0.872 (0.885, 0.852) | test eop gap: 0.0135
 74.53% | time:   1.4s (326.0m) | step:   5686 | train acc: 1.000 | train loss: 0.000 |val acc: 0.884 (0.906, 0.850) | val eop gap: 0.0305
begin calculating influence
[Strategy 2] Acc of expected label: 0.8740234375
calculating influence -- done
Use 10058 samples. Get 13714 labels. Ratio: 0.7334111127315153
Files already downloaded and verified
3255 originally labeled samples, 6803 new samples, and 152712 unlabeled samples. Total: 162770
 74.99% | time: 675.0s (337.2m) | step:   5721 | train acc: 1.000 | train loss: 0.000 |test acc: 0.874 (0.884, 0.860) | test eop gap: 0.0102
 74.99% | time:   1.5s (337.3m) | step:   5721 | train acc: 1.000 | train loss: 0.000 |val acc: 0.882 (0.903, 0.848) | val eop gap: 0.0240
begin calculating influence
[Strategy 2] Acc of expected label: 0.8764453125
calculating influence -- done
Use 10245 samples. Get 13977 labels. Ratio: 0.7329899119982829
Files already downloaded and verified
3255 originally labeled samples, 6990 new samples, and 152525 unlabeled samples. Total: 162770
Epoch 9
 77.62% | time: 738.1s (349.6m) | step:   5922 | train acc: 0.992 | train loss: 0.016 |test acc: 0.862 (0.878, 0.836) | test eop gap: 0.0056
 77.62% | time:   1.5s (349.6m) | step:   5922 | train acc: 0.992 | train loss: 0.016 |val acc: 0.871 (0.905, 0.817) | val eop gap: 0.0297
begin calculating influence
[Strategy 2] Acc of expected label: 0.8598046875
calculating influence -- done
Use 10501 samples. Get 14340 labels. Ratio: 0.7322873082287308
Files already downloaded and verified
3255 originally labeled samples, 7246 new samples, and 152269 unlabeled samples. Total: 162770
 80.25% | time: 741.9s (361.9m) | step:   6122 | train acc: 1.000 | train loss: 0.000 |test acc: 0.872 (0.883, 0.856) | test eop gap: 0.0135
 80.25% | time:   1.3s (362.0m) | step:   6122 | train acc: 1.000 | train loss: 0.000 |val acc: 0.885 (0.902, 0.858) | val eop gap: 0.0243
begin calculating influence
[Strategy 2] Acc of expected label: 0.8703515625
calculating influence -- done
Use 10757 samples. Get 14752 labels. Ratio: 0.7291892624728851
Files already downloaded and verified
3255 originally labeled samples, 7502 new samples, and 152013 unlabeled samples. Total: 162770
 82.87% | time: 750.8s (374.5m) | step:   6322 | train acc: 1.000 | train loss: 0.003 |test acc: 0.875 (0.880, 0.867) | test eop gap: 0.0164
 82.87% | time:   1.5s (374.5m) | step:   6322 | train acc: 1.000 | train loss: 0.003 |val acc: 0.881 (0.890, 0.866) | val eop gap: 0.0230
begin calculating influence
[Strategy 2] Acc of expected label: 0.8789453125
calculating influence -- done
Use 11013 samples. Get 15200 labels. Ratio: 0.7245394736842106
Files already downloaded and verified
3255 originally labeled samples, 7758 new samples, and 151757 unlabeled samples. Total: 162770
 83.33% | time: 691.7s (386.0m) | step:   6357 | train acc: 1.000 | train loss: 0.000 |test acc: 0.879 (0.886, 0.867) | test eop gap: 0.0160
 83.33% | time:   1.6s (386.1m) | step:   6357 | train acc: 1.000 | train loss: 0.000 |val acc: 0.889 (0.902, 0.870) | val eop gap: 0.0413
begin calculating influence
[Strategy 2] Acc of expected label: 0.88015625
calculating influence -- done
Use 11269 samples. Get 15599 labels. Ratio: 0.7224181037245977
Files already downloaded and verified
3255 originally labeled samples, 8014 new samples, and 151501 unlabeled samples. Total: 162770
Epoch 10
 85.96% | time: 752.5s (398.6m) | step:   6558 | train acc: 1.000 | train loss: 0.000 |test acc: 0.873 (0.887, 0.851) | test eop gap: 0.0166
 85.96% | time:   1.5s (398.6m) | step:   6558 | train acc: 1.000 | train loss: 0.000 |val acc: 0.883 (0.898, 0.860) | val eop gap: 0.0350
begin calculating influence
[Strategy 2] Acc of expected label: 0.87765625
calculating influence -- done
Use 11525 samples. Get 15967 labels. Ratio: 0.7218012150059497
Files already downloaded and verified
3255 originally labeled samples, 8270 new samples, and 151245 unlabeled samples. Total: 162770
 88.58% | time: 749.7s (411.1m) | step:   6758 | train acc: 1.000 | train loss: 0.000 |test acc: 0.877 (0.885, 0.863) | test eop gap: 0.0034
 88.58% | time:   1.6s (411.2m) | step:   6758 | train acc: 1.000 | train loss: 0.000 |val acc: 0.890 (0.908, 0.863) | val eop gap: 0.0537
begin calculating influence
[Strategy 2] Acc of expected label: 0.8785546875
calculating influence -- done
Use 11781 samples. Get 16318 labels. Ratio: 0.7219634759161662
Files already downloaded and verified
3255 originally labeled samples, 8526 new samples, and 150989 unlabeled samples. Total: 162770
 91.20% | time: 736.4s (423.4m) | step:   6958 | train acc: 1.000 | train loss: 0.000 |test acc: 0.874 (0.886, 0.855) | test eop gap: 0.0199
 91.20% | time:   1.6s (423.4m) | step:   6958 | train acc: 1.000 | train loss: 0.000 |val acc: 0.880 (0.898, 0.852) | val eop gap: 0.0366
begin calculating influence
[Strategy 2] Acc of expected label: 0.8794140625
calculating influence -- done
Use 12037 samples. Get 16671 labels. Ratio: 0.7220322716093815
Files already downloaded and verified
3255 originally labeled samples, 8782 new samples, and 150733 unlabeled samples. Total: 162770
 91.66% | time: 677.7s (434.7m) | step:   6993 | train acc: 1.000 | train loss: 0.001 |test acc: 0.862 (0.879, 0.836) | test eop gap: 0.0075
 91.66% | time:   1.7s (434.8m) | step:   6993 | train acc: 1.000 | train loss: 0.001 |val acc: 0.870 (0.888, 0.841) | val eop gap: 0.0301
begin calculating influence
[Strategy 2] Acc of expected label: 0.868515625
calculating influence -- done
Use 12293 samples. Get 17019 labels. Ratio: 0.7223103590105177
Files already downloaded and verified
3255 originally labeled samples, 9038 new samples, and 150477 unlabeled samples. Total: 162770
Epoch 11
 94.30% | time: 746.4s (447.2m) | step:   7194 | train acc: 0.996 | train loss: 0.005 |test acc: 0.876 (0.879, 0.871) | test eop gap: 0.0124
 94.30% | time:   1.3s (447.2m) | step:   7194 | train acc: 0.996 | train loss: 0.005 |val acc: 0.891 (0.895, 0.886) | val eop gap: 0.0391
begin calculating influence
[Strategy 2] Acc of expected label: 0.879375
calculating influence -- done
Use 12549 samples. Get 17377 labels. Ratio: 0.7221614778155032
Files already downloaded and verified
3255 originally labeled samples, 9294 new samples, and 150221 unlabeled samples. Total: 162770
 96.92% | time: 735.8s (459.5m) | step:   7394 | train acc: 1.000 | train loss: 0.000 |test acc: 0.876 (0.889, 0.856) | test eop gap: 0.0159
 96.92% | time:   1.6s (459.5m) | step:   7394 | train acc: 1.000 | train loss: 0.000 |val acc: 0.886 (0.904, 0.858) | val eop gap: 0.0238
begin calculating influence
[Strategy 2] Acc of expected label: 0.879609375
calculating influence -- done
Use 12805 samples. Get 17754 labels. Ratio: 0.7212459164132027
Files already downloaded and verified
3255 originally labeled samples, 9550 new samples, and 149965 unlabeled samples. Total: 162770
 99.54% | time: 739.2s (471.8m) | step:   7594 | train acc: 0.992 | train loss: 0.020 |test acc: 0.847 (0.862, 0.821) | test eop gap: 0.0115
 99.54% | time:   1.3s (471.9m) | step:   7594 | train acc: 0.992 | train loss: 0.020 |val acc: 0.846 (0.868, 0.813) | val eop gap: 0.0273
begin calculating influence
[Strategy 2] Acc of expected label: 0.856796875
calculating influence -- done
Use 13061 samples. Get 18073 labels. Ratio: 0.7226802412438444
Files already downloaded and verified
3255 originally labeled samples, 9806 new samples, and 149709 unlabeled samples. Total: 162770
100.00% | time: 681.2s (483.2m) | step:   7629 | train acc: 1.000 | train loss: 0.003 |test acc: 0.874 (0.889, 0.851) | test eop gap: 0.0130
100.00% | time:   1.5s (483.2m) | step:   7629 | train acc: 1.000 | train loss: 0.003 |val acc: 0.876 (0.899, 0.841) | val eop gap: 0.0236
begin calculating influence
[Strategy 2] Acc of expected label: 0.8760546875
calculating influence -- done
Use 13237 samples. Get 18276 labels. Ratio: 0.7242832129568834
Files already downloaded and verified
3255 originally labeled samples, 9982 new samples, and 149533 unlabeled samples. Total: 162770
