Files already downloaded and verified
3255 originally labeled samples, 0 new samples, and 159515 unlabeled samples. Total: 162770
Files already downloaded and verified
1996 originally labeled samples, 0 new samples, and 17966 unlabeled samples. Total: 19962
Numer of layers 200
train net...
train with 162770 samples (with replacement) in one epoch
Epoch 0
  2.62% | time:  99.2s (  1.7m) | step:    200 | train acc: 0.977 | train loss: 0.059 |warm_t acc: 0.841 (0.855, 0.820) | warm_t eod gap: 0.0345
  2.62% | time:   6.3s (  1.8m) | step:    200 | train acc: 0.977 | train loss: 0.059 |warm_v acc: 0.845 (0.858, 0.823) | warm_v eod gap: 0.0321
  5.24% | time:  78.7s (  3.1m) | step:    400 | train acc: 1.000 | train loss: 0.000 |warm_t acc: 0.847 (0.860, 0.827) | warm_t eod gap: 0.0391
  5.24% | time:   1.6s (  3.1m) | step:    400 | train acc: 1.000 | train loss: 0.000 |warm_v acc: 0.857 (0.868, 0.839) | warm_v eod gap: 0.0290
  7.86% | time:  76.7s (  4.4m) | step:    600 | train acc: 1.000 | train loss: 0.000 |warm_t acc: 0.847 (0.859, 0.827) | warm_t eod gap: 0.0376
  7.86% | time:   1.1s (  4.4m) | step:    600 | train acc: 1.000 | train loss: 0.000 |warm_v acc: 0.854 (0.875, 0.820) | warm_v eod gap: 0.0584
  8.32% | time:  21.0s (  4.7m) | step:    635 | train acc: 1.000 | train loss: 0.000 |warm_t acc: 0.847 (0.859, 0.827) | warm_t eod gap: 0.0380
  8.32% | time:   1.4s (  4.8m) | step:    635 | train acc: 1.000 | train loss: 0.000 |warm_v acc: 0.854 (0.871, 0.829) | warm_v eod gap: 0.0463
Epoch 1
 10.95% | time:  78.1s (  6.1m) | step:    835 | train acc: 1.000 | train loss: 0.000 |warm_t acc: 0.847 (0.859, 0.828) | warm_t eod gap: 0.0373
 10.95% | time:   1.5s (  6.1m) | step:    835 | train acc: 1.000 | train loss: 0.000 |warm_v acc: 0.854 (0.881, 0.811) | warm_v eod gap: 0.0723
 13.57% | time:  78.4s (  7.4m) | step:   1035 | train acc: 1.000 | train loss: 0.000 |warm_t acc: 0.847 (0.859, 0.828) | warm_t eod gap: 0.0372
 13.57% | time:   1.6s (  7.4m) | step:   1035 | train acc: 1.000 | train loss: 0.000 |warm_v acc: 0.852 (0.867, 0.828) | warm_v eod gap: 0.0414
 16.19% | time:  77.4s (  8.7m) | step:   1235 | train acc: 1.000 | train loss: 0.000 |warm_t acc: 0.847 (0.859, 0.828) | warm_t eod gap: 0.0374
 16.19% | time:   1.4s (  8.7m) | step:   1235 | train acc: 1.000 | train loss: 0.000 |warm_v acc: 0.848 (0.867, 0.821) | warm_v eod gap: 0.0477
 16.65% | time:  22.7s (  9.1m) | step:   1270 | train acc: 1.000 | train loss: 0.000 |warm_t acc: 0.847 (0.859, 0.828) | warm_t eod gap: 0.0373
 16.65% | time:   1.5s (  9.1m) | step:   1270 | train acc: 1.000 | train loss: 0.000 |warm_v acc: 0.849 (0.861, 0.830) | warm_v eod gap: 0.0334
Epoch 2
 19.28% | time:  73.1s ( 10.4m) | step:   1471 | train acc: 1.000 | train loss: 0.000 |test acc: 0.847 (0.859, 0.828) | test eod gap: 0.0372
 19.28% | time:   1.3s ( 10.4m) | step:   1471 | train acc: 1.000 | train loss: 0.000 |val acc: 0.857 (0.874, 0.831) | val eod gap: 0.0482
begin calculating influence
selected layers: [Traced<ShapedArray(float32[768])>with<DynamicJaxprTrace(level=0/1)>, Traced<ShapedArray(float32[8,8,3,768])>with<DynamicJaxprTrace(level=0/1)>, Traced<ShapedArray(float32[2])>with<DynamicJaxprTrace(level=0/1)>, Traced<ShapedArray(float32[768,2])>with<DynamicJaxprTrace(level=0/1)>]
[Strategy 5] Acc of expected label: 0.848984375
calculating influence -- done
Use 3511 samples. Get 3648 labels. Ratio: 0.9624451754385965
Files already downloaded and verified
3255 originally labeled samples, 256 new samples, and 159259 unlabeled samples. Total: 162770
 21.90% | time: 786.7s ( 23.5m) | step:   1671 | train acc: 0.988 | train loss: 0.051 |test acc: 0.574 (0.577, 0.568) | test eod gap: 0.0313
 21.90% | time:   1.3s ( 23.5m) | step:   1671 | train acc: 0.988 | train loss: 0.051 |val acc: 0.581 (0.600, 0.554) | val eod gap: 0.0411
begin calculating influence
[Strategy 5] Acc of expected label: 0.567734375
calculating influence -- done
Use 3767 samples. Get 4090 labels. Ratio: 0.9210268948655257
Files already downloaded and verified
3255 originally labeled samples, 512 new samples, and 159003 unlabeled samples. Total: 162770
 24.52% | time: 739.6s ( 35.8m) | step:   1871 | train acc: 1.000 | train loss: 0.011 |test acc: 0.756 (0.774, 0.727) | test eod gap: 0.0190
 24.52% | time:   1.5s ( 35.9m) | step:   1871 | train acc: 1.000 | train loss: 0.011 |val acc: 0.770 (0.814, 0.700) | val eod gap: 0.0848
begin calculating influence
[Strategy 5] Acc of expected label: 0.7548046875
calculating influence -- done
Use 4023 samples. Get 4474 labels. Ratio: 0.8991953509164059
Files already downloaded and verified
3255 originally labeled samples, 768 new samples, and 158747 unlabeled samples. Total: 162770
 24.98% | time: 679.8s ( 47.2m) | step:   1906 | train acc: 0.996 | train loss: 0.036 |test acc: 0.799 (0.803, 0.792) | test eod gap: 0.0313
 24.98% | time:   1.5s ( 47.2m) | step:   1906 | train acc: 0.996 | train loss: 0.036 |val acc: 0.812 (0.814, 0.810) | val eod gap: 0.0235
begin calculating influence
[Strategy 5] Acc of expected label: 0.8010546875
calculating influence -- done
Use 4279 samples. Get 4856 labels. Ratio: 0.8811779242174629
Files already downloaded and verified
3255 originally labeled samples, 1024 new samples, and 158491 unlabeled samples. Total: 162770
Epoch 3
 27.62% | time: 737.2s ( 59.5m) | step:   2107 | train acc: 1.000 | train loss: 0.009 |test acc: 0.835 (0.843, 0.823) | test eod gap: 0.0156
 27.62% | time:   1.4s ( 59.5m) | step:   2107 | train acc: 1.000 | train loss: 0.009 |val acc: 0.854 (0.865, 0.838) | val eod gap: 0.0166
begin calculating influence
[Strategy 5] Acc of expected label: 0.836015625
calculating influence -- done
Use 4301 samples. Get 4879 labels. Ratio: 0.8815331010452961
Files already downloaded and verified
3255 originally labeled samples, 1046 new samples, and 158469 unlabeled samples. Total: 162770
 30.24% | time: 739.0s ( 71.8m) | step:   2307 | train acc: 1.000 | train loss: 0.007 |test acc: 0.837 (0.848, 0.819) | test eod gap: 0.0215
 30.24% | time:   1.4s ( 71.9m) | step:   2307 | train acc: 1.000 | train loss: 0.007 |val acc: 0.863 (0.877, 0.841) | val eod gap: 0.0239
begin calculating influence
[Strategy 5] Acc of expected label: 0.836953125
calculating influence -- done
Use 4557 samples. Get 5274 labels. Ratio: 0.8640500568828214
Files already downloaded and verified
3255 originally labeled samples, 1302 new samples, and 158213 unlabeled samples. Total: 162770
 32.86% | time: 735.0s ( 84.1m) | step:   2507 | train acc: 1.000 | train loss: 0.004 |test acc: 0.854 (0.862, 0.840) | test eod gap: 0.0293
 32.86% | time:   1.4s ( 84.1m) | step:   2507 | train acc: 1.000 | train loss: 0.004 |val acc: 0.876 (0.884, 0.861) | val eod gap: 0.0421
begin calculating influence
[Strategy 5] Acc of expected label: 0.85703125
calculating influence -- done
Use 4813 samples. Get 5741 labels. Ratio: 0.8383556871625153
Files already downloaded and verified
3255 originally labeled samples, 1558 new samples, and 157957 unlabeled samples. Total: 162770
 33.32% | time: 676.0s ( 95.4m) | step:   2542 | train acc: 0.996 | train loss: 0.035 |test acc: 0.862 (0.870, 0.850) | test eod gap: 0.0219
 33.32% | time:   1.4s ( 95.4m) | step:   2542 | train acc: 0.996 | train loss: 0.035 |val acc: 0.879 (0.886, 0.867) | val eod gap: 0.0189
begin calculating influence
[Strategy 5] Acc of expected label: 0.8583984375
calculating influence -- done
Use 5069 samples. Get 6066 labels. Ratio: 0.8356412792614573
Files already downloaded and verified
3255 originally labeled samples, 1814 new samples, and 157701 unlabeled samples. Total: 162770
Epoch 4
 35.95% | time: 733.7s (107.7m) | step:   2743 | train acc: 1.000 | train loss: 0.004 |test acc: 0.862 (0.867, 0.853) | test eod gap: 0.0272
 35.95% | time:   1.3s (107.7m) | step:   2743 | train acc: 1.000 | train loss: 0.004 |val acc: 0.872 (0.883, 0.855) | val eod gap: 0.0392
begin calculating influence
[Strategy 5] Acc of expected label: 0.8614453125
calculating influence -- done
Use 5325 samples. Get 6465 labels. Ratio: 0.8236658932714617
Files already downloaded and verified
3255 originally labeled samples, 2070 new samples, and 157445 unlabeled samples. Total: 162770
 38.58% | time: 732.8s (119.9m) | step:   2943 | train acc: 1.000 | train loss: 0.006 |test acc: 0.869 (0.876, 0.858) | test eod gap: 0.0176
 38.58% | time:   1.4s (119.9m) | step:   2943 | train acc: 1.000 | train loss: 0.006 |val acc: 0.872 (0.888, 0.847) | val eod gap: 0.0411
begin calculating influence
[Strategy 5] Acc of expected label: 0.8600390625
calculating influence -- done
Use 5581 samples. Get 6850 labels. Ratio: 0.8147445255474453
Files already downloaded and verified
3255 originally labeled samples, 2326 new samples, and 157189 unlabeled samples. Total: 162770
 41.20% | time: 735.6s (132.2m) | step:   3143 | train acc: 1.000 | train loss: 0.005 |test acc: 0.868 (0.872, 0.863) | test eod gap: 0.0152
 41.20% | time:   1.4s (132.2m) | step:   3143 | train acc: 1.000 | train loss: 0.005 |val acc: 0.873 (0.879, 0.865) | val eod gap: 0.0162
begin calculating influence
[Strategy 5] Acc of expected label: 0.865546875
calculating influence -- done
Use 5837 samples. Get 7306 labels. Ratio: 0.798932384341637
Files already downloaded and verified
3255 originally labeled samples, 2582 new samples, and 156933 unlabeled samples. Total: 162770
 41.66% | time: 676.5s (143.5m) | step:   3178 | train acc: 1.000 | train loss: 0.010 |test acc: 0.864 (0.876, 0.846) | test eod gap: 0.0214
 41.66% | time:   1.4s (143.5m) | step:   3178 | train acc: 1.000 | train loss: 0.010 |val acc: 0.871 (0.889, 0.843) | val eod gap: 0.0365
begin calculating influence
[Strategy 5] Acc of expected label: 0.860625
calculating influence -- done
Use 6093 samples. Get 7712 labels. Ratio: 0.7900674273858921
Files already downloaded and verified
3255 originally labeled samples, 2838 new samples, and 156677 unlabeled samples. Total: 162770
Epoch 5
 44.29% | time: 732.8s (155.7m) | step:   3379 | train acc: 1.000 | train loss: 0.005 |test acc: 0.869 (0.877, 0.856) | test eod gap: 0.0270
 44.29% | time:   1.4s (155.7m) | step:   3379 | train acc: 1.000 | train loss: 0.005 |val acc: 0.876 (0.877, 0.873) | val eod gap: 0.0280
begin calculating influence
[Strategy 5] Acc of expected label: 0.8691015625
calculating influence -- done
Use 6280 samples. Get 8010 labels. Ratio: 0.784019975031211
Files already downloaded and verified
3255 originally labeled samples, 3025 new samples, and 156490 unlabeled samples. Total: 162770
 46.91% | time: 733.7s (168.0m) | step:   3579 | train acc: 1.000 | train loss: 0.006 |test acc: 0.873 (0.880, 0.860) | test eod gap: 0.0293
 46.91% | time:   1.3s (168.0m) | step:   3579 | train acc: 1.000 | train loss: 0.006 |val acc: 0.879 (0.887, 0.867) | val eod gap: 0.0405
begin calculating influence
[Strategy 5] Acc of expected label: 0.8762109375
calculating influence -- done
Use 6536 samples. Get 8500 labels. Ratio: 0.7689411764705882
Files already downloaded and verified
3255 originally labeled samples, 3281 new samples, and 156234 unlabeled samples. Total: 162770
 49.53% | time: 735.4s (180.2m) | step:   3779 | train acc: 0.965 | train loss: 0.092 |test acc: 0.874 (0.881, 0.864) | test eod gap: 0.0208
 49.53% | time:   1.3s (180.3m) | step:   3779 | train acc: 0.965 | train loss: 0.092 |val acc: 0.887 (0.889, 0.883) | val eod gap: 0.0181
begin calculating influence
[Strategy 5] Acc of expected label: 0.8741796875
calculating influence -- done
Use 6792 samples. Get 8991 labels. Ratio: 0.755422088755422
Files already downloaded and verified
3255 originally labeled samples, 3537 new samples, and 155978 unlabeled samples. Total: 162770
 49.99% | time: 675.8s (191.5m) | step:   3814 | train acc: 1.000 | train loss: 0.006 |test acc: 0.871 (0.879, 0.859) | test eod gap: 0.0328
 49.99% | time:   1.4s (191.6m) | step:   3814 | train acc: 1.000 | train loss: 0.006 |val acc: 0.874 (0.876, 0.871) | val eod gap: 0.0326
begin calculating influence
[Strategy 5] Acc of expected label: 0.871328125
calculating influence -- done
Use 7048 samples. Get 9400 labels. Ratio: 0.7497872340425532
Files already downloaded and verified
3255 originally labeled samples, 3793 new samples, and 155722 unlabeled samples. Total: 162770
Epoch 6
 52.62% | time: 737.2s (203.8m) | step:   4014 | train acc: 1.000 | train loss: 0.004 |test acc: 0.874 (0.882, 0.861) | test eod gap: 0.0215
 52.62% | time:   1.4s (203.9m) | step:   4014 | train acc: 1.000 | train loss: 0.004 |val acc: 0.875 (0.879, 0.868) | val eod gap: 0.0367
begin calculating influence
[Strategy 5] Acc of expected label: 0.876953125
calculating influence -- done
Use 7304 samples. Get 9787 labels. Ratio: 0.7462961070808215
Files already downloaded and verified
3255 originally labeled samples, 4049 new samples, and 155466 unlabeled samples. Total: 162770
 55.24% | time: 737.1s (216.2m) | step:   4214 | train acc: 1.000 | train loss: 0.004 |test acc: 0.878 (0.886, 0.866) | test eod gap: 0.0218
 55.24% | time:   1.4s (216.2m) | step:   4214 | train acc: 1.000 | train loss: 0.004 |val acc: 0.893 (0.901, 0.880) | val eod gap: 0.0187
begin calculating influence
[Strategy 5] Acc of expected label: 0.8771875
calculating influence -- done
Use 7560 samples. Get 10179 labels. Ratio: 0.7427055702917772
Files already downloaded and verified
3255 originally labeled samples, 4305 new samples, and 155210 unlabeled samples. Total: 162770
 57.86% | time: 736.4s (228.4m) | step:   4414 | train acc: 1.000 | train loss: 0.001 |test acc: 0.880 (0.886, 0.870) | test eod gap: 0.0203
 57.86% | time:   1.4s (228.5m) | step:   4414 | train acc: 1.000 | train loss: 0.001 |val acc: 0.883 (0.897, 0.863) | val eod gap: 0.0372
begin calculating influence
[Strategy 5] Acc of expected label: 0.875390625
calculating influence -- done
Use 7816 samples. Get 10648 labels. Ratio: 0.7340345604808415
Files already downloaded and verified
3255 originally labeled samples, 4561 new samples, and 154954 unlabeled samples. Total: 162770
 58.32% | time: 677.7s (239.8m) | step:   4449 | train acc: 0.996 | train loss: 0.010 |test acc: 0.878 (0.884, 0.869) | test eod gap: 0.0194
 58.32% | time:   1.4s (239.8m) | step:   4449 | train acc: 0.996 | train loss: 0.010 |val acc: 0.896 (0.905, 0.881) | val eod gap: 0.0293
begin calculating influence
[Strategy 5] Acc of expected label: 0.8781640625
calculating influence -- done
Use 8072 samples. Get 11088 labels. Ratio: 0.727994227994228
Files already downloaded and verified
3255 originally labeled samples, 4817 new samples, and 154698 unlabeled samples. Total: 162770
Epoch 7
 60.95% | time: 733.7s (252.0m) | step:   4650 | train acc: 1.000 | train loss: 0.000 |test acc: 0.880 (0.886, 0.871) | test eod gap: 0.0218
 60.95% | time:   1.3s (252.0m) | step:   4650 | train acc: 1.000 | train loss: 0.000 |val acc: 0.887 (0.894, 0.876) | val eod gap: 0.0377
begin calculating influence
[Strategy 5] Acc of expected label: 0.8769921875
calculating influence -- done
Use 8328 samples. Get 11497 labels. Ratio: 0.724362877272332
Files already downloaded and verified
3255 originally labeled samples, 5073 new samples, and 154442 unlabeled samples. Total: 162770
 63.57% | time: 736.9s (264.3m) | step:   4850 | train acc: 0.996 | train loss: 0.012 |test acc: 0.878 (0.884, 0.868) | test eod gap: 0.0204
 63.57% | time:   1.4s (264.3m) | step:   4850 | train acc: 0.996 | train loss: 0.012 |val acc: 0.891 (0.891, 0.891) | val eod gap: 0.0389
begin calculating influence
[Strategy 5] Acc of expected label: 0.8801171875
calculating influence -- done
Use 8584 samples. Get 11915 labels. Ratio: 0.7204364246747796
Files already downloaded and verified
3255 originally labeled samples, 5329 new samples, and 154186 unlabeled samples. Total: 162770
 66.19% | time: 731.6s (276.5m) | step:   5050 | train acc: 1.000 | train loss: 0.003 |test acc: 0.879 (0.885, 0.871) | test eod gap: 0.0246
 66.19% | time:   1.3s (276.6m) | step:   5050 | train acc: 1.000 | train loss: 0.003 |val acc: 0.882 (0.884, 0.880) | val eod gap: 0.0235
begin calculating influence
[Strategy 5] Acc of expected label: 0.877265625
calculating influence -- done
Use 8840 samples. Get 12288 labels. Ratio: 0.7194010416666666
Files already downloaded and verified
3255 originally labeled samples, 5585 new samples, and 153930 unlabeled samples. Total: 162770
 66.65% | time: 675.1s (287.8m) | step:   5085 | train acc: 1.000 | train loss: 0.001 |test acc: 0.882 (0.891, 0.869) | test eod gap: 0.0259
 66.65% | time:   1.6s (287.8m) | step:   5085 | train acc: 1.000 | train loss: 0.001 |val acc: 0.896 (0.899, 0.891) | val eod gap: 0.0089
begin calculating influence
[Strategy 5] Acc of expected label: 0.8834765625
calculating influence -- done
Use 9096 samples. Get 12761 labels. Ratio: 0.7127968027584045
Files already downloaded and verified
3255 originally labeled samples, 5841 new samples, and 153674 unlabeled samples. Total: 162770
Epoch 8
 69.29% | time: 735.4s (300.1m) | step:   5286 | train acc: 1.000 | train loss: 0.003 |test acc: 0.884 (0.890, 0.874) | test eod gap: 0.0236
 69.29% | time:   1.3s (300.1m) | step:   5286 | train acc: 1.000 | train loss: 0.003 |val acc: 0.901 (0.907, 0.891) | val eod gap: 0.0260
begin calculating influence
[Strategy 5] Acc of expected label: 0.8807421875
calculating influence -- done
Use 9352 samples. Get 13160 labels. Ratio: 0.7106382978723405
Files already downloaded and verified
3255 originally labeled samples, 6097 new samples, and 153418 unlabeled samples. Total: 162770
 71.91% | time: 732.4s (312.3m) | step:   5486 | train acc: 1.000 | train loss: 0.005 |test acc: 0.880 (0.887, 0.869) | test eod gap: 0.0198
 71.91% | time:   1.3s (312.3m) | step:   5486 | train acc: 1.000 | train loss: 0.005 |val acc: 0.895 (0.905, 0.879) | val eod gap: 0.0255
begin calculating influence
[Strategy 5] Acc of expected label: 0.88375
calculating influence -- done
Use 9608 samples. Get 13502 labels. Ratio: 0.7115982817360391
Files already downloaded and verified
3255 originally labeled samples, 6353 new samples, and 153162 unlabeled samples. Total: 162770
 74.53% | time: 734.7s (324.6m) | step:   5686 | train acc: 1.000 | train loss: 0.001 |test acc: 0.885 (0.891, 0.875) | test eod gap: 0.0216
 74.53% | time:   1.4s (324.6m) | step:   5686 | train acc: 1.000 | train loss: 0.001 |val acc: 0.896 (0.903, 0.884) | val eod gap: 0.0278
begin calculating influence
[Strategy 5] Acc of expected label: 0.8877734375
calculating influence -- done
Use 9864 samples. Get 13888 labels. Ratio: 0.7102534562211982
Files already downloaded and verified
3255 originally labeled samples, 6609 new samples, and 152906 unlabeled samples. Total: 162770
 74.99% | time: 676.3s (335.9m) | step:   5721 | train acc: 0.988 | train loss: 0.034 |test acc: 0.882 (0.888, 0.873) | test eod gap: 0.0264
 74.99% | time:   1.4s (335.9m) | step:   5721 | train acc: 0.988 | train loss: 0.034 |val acc: 0.895 (0.898, 0.891) | val eod gap: 0.0230
begin calculating influence
[Strategy 5] Acc of expected label: 0.88734375
calculating influence -- done
Use 10120 samples. Get 14294 labels. Ratio: 0.7079893661676228
Files already downloaded and verified
3255 originally labeled samples, 6865 new samples, and 152650 unlabeled samples. Total: 162770
Epoch 9
 77.62% | time: 734.5s (348.2m) | step:   5922 | train acc: 0.996 | train loss: 0.016 |test acc: 0.880 (0.889, 0.868) | test eod gap: 0.0226
 77.62% | time:   1.5s (348.2m) | step:   5922 | train acc: 0.996 | train loss: 0.016 |val acc: 0.900 (0.904, 0.893) | val eod gap: 0.0098
begin calculating influence
[Strategy 5] Acc of expected label: 0.8844921875
calculating influence -- done
Use 10376 samples. Get 14674 labels. Ratio: 0.7071009949570669
Files already downloaded and verified
3255 originally labeled samples, 7121 new samples, and 152394 unlabeled samples. Total: 162770
 80.25% | time: 732.4s (360.4m) | step:   6122 | train acc: 1.000 | train loss: 0.001 |test acc: 0.884 (0.892, 0.871) | test eod gap: 0.0251
 80.25% | time:   1.4s (360.4m) | step:   6122 | train acc: 1.000 | train loss: 0.001 |val acc: 0.898 (0.899, 0.896) | val eod gap: 0.0108
begin calculating influence
[Strategy 5] Acc of expected label: 0.8875
calculating influence -- done
Use 10632 samples. Get 15070 labels. Ratio: 0.7055076310550763
Files already downloaded and verified
3255 originally labeled samples, 7377 new samples, and 152138 unlabeled samples. Total: 162770
 82.87% | time: 731.1s (372.6m) | step:   6322 | train acc: 1.000 | train loss: 0.001 |test acc: 0.884 (0.891, 0.873) | test eod gap: 0.0220
 82.87% | time:   1.4s (372.6m) | step:   6322 | train acc: 1.000 | train loss: 0.001 |val acc: 0.900 (0.909, 0.887) | val eod gap: 0.0270
begin calculating influence
[Strategy 5] Acc of expected label: 0.88859375
calculating influence -- done
Use 10888 samples. Get 15470 labels. Ratio: 0.703813833225598
Files already downloaded and verified
3255 originally labeled samples, 7633 new samples, and 151882 unlabeled samples. Total: 162770
 83.33% | time: 669.4s (383.8m) | step:   6357 | train acc: 0.996 | train loss: 0.044 |test acc: 0.881 (0.889, 0.868) | test eod gap: 0.0189
 83.33% | time:   1.4s (383.8m) | step:   6357 | train acc: 0.996 | train loss: 0.044 |val acc: 0.893 (0.903, 0.877) | val eod gap: 0.0259
begin calculating influence
[Strategy 5] Acc of expected label: 0.88921875
calculating influence -- done
Use 11144 samples. Get 15855 labels. Ratio: 0.7028697571743929
Files already downloaded and verified
3255 originally labeled samples, 7889 new samples, and 151626 unlabeled samples. Total: 162770
Epoch 10
 85.96% | time: 731.5s (396.0m) | step:   6558 | train acc: 1.000 | train loss: 0.003 |test acc: 0.884 (0.891, 0.872) | test eod gap: 0.0257
 85.96% | time:   1.4s (396.0m) | step:   6558 | train acc: 1.000 | train loss: 0.003 |val acc: 0.898 (0.898, 0.898) | val eod gap: 0.0177
begin calculating influence
[Strategy 5] Acc of expected label: 0.889453125
calculating influence -- done
Use 11400 samples. Get 16227 labels. Ratio: 0.7025328156775744
Files already downloaded and verified
3255 originally labeled samples, 8145 new samples, and 151370 unlabeled samples. Total: 162770
 88.58% | time: 729.5s (408.2m) | step:   6758 | train acc: 0.996 | train loss: 0.009 |test acc: 0.884 (0.893, 0.870) | test eod gap: 0.0258
 88.58% | time:   1.3s (408.2m) | step:   6758 | train acc: 0.996 | train loss: 0.009 |val acc: 0.897 (0.905, 0.884) | val eod gap: 0.0275
begin calculating influence
[Strategy 5] Acc of expected label: 0.888984375
calculating influence -- done
Use 11656 samples. Get 16591 labels. Ratio: 0.7025495750708215
Files already downloaded and verified
3255 originally labeled samples, 8401 new samples, and 151114 unlabeled samples. Total: 162770
 91.20% | time: 730.6s (420.4m) | step:   6958 | train acc: 1.000 | train loss: 0.005 |test acc: 0.886 (0.895, 0.872) | test eod gap: 0.0258
 91.20% | time:   1.3s (420.4m) | step:   6958 | train acc: 1.000 | train loss: 0.005 |val acc: 0.911 (0.915, 0.904) | val eod gap: 0.0180
begin calculating influence
[Strategy 5] Acc of expected label: 0.8912890625
calculating influence -- done
Use 11912 samples. Get 16958 labels. Ratio: 0.7024413256280222
Files already downloaded and verified
3255 originally labeled samples, 8657 new samples, and 150858 unlabeled samples. Total: 162770
 91.66% | time: 677.2s (431.7m) | step:   6993 | train acc: 0.992 | train loss: 0.024 |test acc: 0.885 (0.893, 0.873) | test eod gap: 0.0270
 91.66% | time:   1.4s (431.7m) | step:   6993 | train acc: 0.992 | train loss: 0.024 |val acc: 0.898 (0.896, 0.901) | val eod gap: 0.0198
begin calculating influence
[Strategy 5] Acc of expected label: 0.8871484375
calculating influence -- done
Use 12168 samples. Get 17425 labels. Ratio: 0.6983070301291249
Files already downloaded and verified
3255 originally labeled samples, 8913 new samples, and 150602 unlabeled samples. Total: 162770
Epoch 11
 94.30% | time: 730.6s (443.9m) | step:   7194 | train acc: 1.000 | train loss: 0.006 |test acc: 0.885 (0.894, 0.871) | test eod gap: 0.0217
 94.30% | time:   1.4s (443.9m) | step:   7194 | train acc: 1.000 | train loss: 0.006 |val acc: 0.900 (0.903, 0.895) | val eod gap: 0.0055
begin calculating influence
[Strategy 5] Acc of expected label: 0.8866015625
calculating influence -- done
Use 12424 samples. Get 17769 labels. Ratio: 0.699195227643649
Files already downloaded and verified
3255 originally labeled samples, 9169 new samples, and 150346 unlabeled samples. Total: 162770
 96.92% | time: 728.8s (456.0m) | step:   7394 | train acc: 1.000 | train loss: 0.002 |test acc: 0.886 (0.892, 0.876) | test eod gap: 0.0239
 96.92% | time:   1.6s (456.1m) | step:   7394 | train acc: 1.000 | train loss: 0.002 |val acc: 0.902 (0.899, 0.906) | val eod gap: 0.0301
begin calculating influence
[Strategy 5] Acc of expected label: 0.8933984375
calculating influence -- done
Use 12680 samples. Get 18161 labels. Ratio: 0.6981994383569187
Files already downloaded and verified
3255 originally labeled samples, 9425 new samples, and 150090 unlabeled samples. Total: 162770
 99.54% | time: 730.8s (468.3m) | step:   7594 | train acc: 0.992 | train loss: 0.011 |test acc: 0.884 (0.891, 0.874) | test eod gap: 0.0230
 99.54% | time:   1.3s (468.3m) | step:   7594 | train acc: 0.992 | train loss: 0.011 |val acc: 0.900 (0.898, 0.902) | val eod gap: 0.0412
begin calculating influence
[Strategy 5] Acc of expected label: 0.8909765625
calculating influence -- done
Use 12936 samples. Get 18447 labels. Ratio: 0.7012522361359571
Files already downloaded and verified
3255 originally labeled samples, 9681 new samples, and 149834 unlabeled samples. Total: 162770
100.00% | time: 676.0s (479.5m) | step:   7629 | train acc: 0.996 | train loss: 0.014 |test acc: 0.884 (0.892, 0.873) | test eod gap: 0.0172
100.00% | time:   1.5s (479.6m) | step:   7629 | train acc: 0.996 | train loss: 0.014 |val acc: 0.898 (0.904, 0.890) | val eod gap: 0.0181
begin calculating influence
[Strategy 5] Acc of expected label: 0.89046875
calculating influence -- done
Use 13192 samples. Get 18827 labels. Ratio: 0.7006958092101768
Files already downloaded and verified
3255 originally labeled samples, 9937 new samples, and 149578 unlabeled samples. Total: 162770
