Files already downloaded and verified
3255 labeled samples and 159515 unlabeled samples. Total: 162770
Files already downloaded and verified
1996 labeled samples and 17966 unlabeled samples. Total: 19962
Numer of layers 200
train net...
train with 162770 samples (with replacement) in one epoch
Epoch 0
  2.62% | time:  95.9s (  1.6m) | step:    200 | train acc: 0.832 | train loss: 0.394 |warm_t acc: 0.756 (0.783, 0.713) | warm_t dp gap: 0.0505
  2.62% | time:   5.2s (  1.7m) | step:    200 | train acc: 0.832 | train loss: 0.394 |warm_v acc: 0.760 (0.792, 0.706) | warm_v dp gap: 0.0624
  5.24% | time:  78.1s (  3.0m) | step:    400 | train acc: 0.809 | train loss: 0.829 |warm_t acc: 0.654 (0.676, 0.618) | warm_t dp gap: 0.0295
  5.24% | time:   1.2s (  3.0m) | step:    400 | train acc: 0.809 | train loss: 0.829 |warm_v acc: 0.663 (0.680, 0.635) | warm_v dp gap: 0.0405
  7.86% | time:  78.8s (  4.3m) | step:    600 | train acc: 1.000 | train loss: 0.005 |warm_t acc: 0.735 (0.756, 0.702) | warm_t dp gap: 0.0257
  7.86% | time:   1.1s (  4.3m) | step:    600 | train acc: 1.000 | train loss: 0.005 |warm_v acc: 0.713 (0.736, 0.676) | warm_v dp gap: 0.0068
  8.32% | time:  19.1s (  4.7m) | step:    635 | train acc: 0.996 | train loss: 0.022 |warm_t acc: 0.736 (0.759, 0.698) | warm_t dp gap: 0.0257
  8.32% | time:   1.5s (  4.7m) | step:    635 | train acc: 0.996 | train loss: 0.022 |warm_v acc: 0.729 (0.766, 0.672) | warm_v dp gap: 0.0684
Epoch 1
 10.95% | time:  78.8s (  6.0m) | step:    835 | train acc: 0.996 | train loss: 0.023 |warm_t acc: 0.719 (0.745, 0.678) | warm_t dp gap: 0.0366
 10.95% | time:   1.2s (  6.0m) | step:    835 | train acc: 0.996 | train loss: 0.023 |warm_v acc: 0.704 (0.718, 0.682) | warm_v dp gap: 0.0180
 13.57% | time:  77.7s (  7.3m) | step:   1035 | train acc: 1.000 | train loss: 0.000 |warm_t acc: 0.743 (0.773, 0.696) | warm_t dp gap: 0.0479
 13.57% | time:   1.4s (  7.3m) | step:   1035 | train acc: 1.000 | train loss: 0.000 |warm_v acc: 0.725 (0.768, 0.656) | warm_v dp gap: 0.0630
 16.19% | time:  77.7s (  8.6m) | step:   1235 | train acc: 1.000 | train loss: 0.000 |warm_t acc: 0.743 (0.773, 0.696) | warm_t dp gap: 0.0480
 16.19% | time:   1.2s (  8.6m) | step:   1235 | train acc: 1.000 | train loss: 0.000 |warm_v acc: 0.726 (0.763, 0.671) | warm_v dp gap: 0.0364
 16.65% | time:  19.4s (  9.0m) | step:   1270 | train acc: 1.000 | train loss: 0.000 |warm_t acc: 0.743 (0.773, 0.695) | warm_t dp gap: 0.0483
 16.65% | time:   1.3s (  9.0m) | step:   1270 | train acc: 1.000 | train loss: 0.000 |warm_v acc: 0.738 (0.777, 0.677) | warm_v dp gap: 0.0437
Epoch 2
 19.28% | time:  77.4s ( 10.3m) | step:   1471 | train acc: 1.000 | train loss: 0.000 |test acc: 0.743 (0.773, 0.695) | test dp gap: 0.0482
 19.28% | time:   1.1s ( 10.3m) | step:   1471 | train acc: 1.000 | train loss: 0.000 |val acc: 0.730 (0.770, 0.664) | val dp gap: 0.0397
begin calculating influence
selected layers: [Traced<ShapedArray(float32[768])>with<DynamicJaxprTrace(level=0/1)>, Traced<ShapedArray(float32[8,8,3,768])>with<DynamicJaxprTrace(level=0/1)>, Traced<ShapedArray(float32[2])>with<DynamicJaxprTrace(level=0/1)>, Traced<ShapedArray(float32[768,2])>with<DynamicJaxprTrace(level=0/1)>]
calculating influence -- done
length of new labels 256
Use 3255+256 = 3511 samples.
Files already downloaded and verified
3511 labeled samples and 159259 unlabeled samples. Total: 162770
 21.90% | time: 751.0s ( 22.8m) | step:   1671 | train acc: 1.000 | train loss: 0.000 |test acc: 0.727 (0.754, 0.683) | test dp gap: 0.0222
 21.90% | time:   1.3s ( 22.8m) | step:   1671 | train acc: 1.000 | train loss: 0.000 |val acc: 0.711 (0.750, 0.650) | val dp gap: 0.0286
begin calculating influence
calculating influence -- done
length of new labels 512
Use 3255+512 = 3767 samples.
Files already downloaded and verified
3767 labeled samples and 159003 unlabeled samples. Total: 162770
 24.52% | time: 722.4s ( 34.9m) | step:   1871 | train acc: 1.000 | train loss: 0.000 |test acc: 0.703 (0.722, 0.674) | test dp gap: 0.0012
 24.52% | time:   1.4s ( 34.9m) | step:   1871 | train acc: 1.000 | train loss: 0.000 |val acc: 0.693 (0.717, 0.656) | val dp gap: 0.0229
begin calculating influence
[Strategy 5] Acc of expected label: 0.704609375
calculating influence -- done
Use 4023 samples. Get 3665 labels. Ratio: 1.097680763983629
Files already downloaded and verified
4023 labeled samples and 158747 unlabeled samples. Total: 162770
 24.98% | time: 668.7s ( 46.0m) | step:   1906 | train acc: 1.000 | train loss: 0.010 |test acc: 0.702 (0.720, 0.674) | test dp gap: 0.0031
 24.98% | time:   1.2s ( 46.1m) | step:   1906 | train acc: 1.000 | train loss: 0.010 |val acc: 0.684 (0.712, 0.639) | val dp gap: 0.0271
begin calculating influence
[Strategy 5] Acc of expected label: 0.6971484375
calculating influence -- done
Use 4279 samples. Get 4001 labels. Ratio: 1.0694826293426642
Files already downloaded and verified
4279 labeled samples and 158491 unlabeled samples. Total: 162770
Epoch 3
 27.62% | time: 720.7s ( 58.1m) | step:   2107 | train acc: 1.000 | train loss: 0.000 |test acc: 0.707 (0.720, 0.686) | test dp gap: 0.0217
 27.62% | time:   1.4s ( 58.1m) | step:   2107 | train acc: 1.000 | train loss: 0.000 |val acc: 0.687 (0.707, 0.656) | val dp gap: 0.0215
begin calculating influence
[Strategy 5] Acc of expected label: 0.71015625
calculating influence -- done
Use 4535 samples. Get 4509 labels. Ratio: 1.0057662452872034
Files already downloaded and verified
4535 labeled samples and 158235 unlabeled samples. Total: 162770
 30.24% | time: 726.1s ( 70.2m) | step:   2307 | train acc: 1.000 | train loss: 0.000 |test acc: 0.724 (0.743, 0.692) | test dp gap: 0.0101
 30.24% | time:   1.4s ( 70.2m) | step:   2307 | train acc: 1.000 | train loss: 0.000 |val acc: 0.712 (0.745, 0.660) | val dp gap: 0.0063
begin calculating influence
calculating influence -- done
length of new labels 768
Use 4023+768 = 4791 samples.
Files already downloaded and verified
4791 labeled samples and 157979 unlabeled samples. Total: 162770
 32.86% | time: 730.8s ( 82.4m) | step:   2507 | train acc: 1.000 | train loss: 0.002 |test acc: 0.704 (0.716, 0.684) | test dp gap: 0.0187
 32.86% | time:   1.4s ( 82.4m) | step:   2507 | train acc: 1.000 | train loss: 0.002 |val acc: 0.688 (0.723, 0.636) | val dp gap: 0.0053
begin calculating influence
[Strategy 5] Acc of expected label: 0.705
calculating influence -- done
Use 5047 samples. Get 5441 labels. Ratio: 0.9275868406542915
Files already downloaded and verified
5047 labeled samples and 157723 unlabeled samples. Total: 162770
 33.32% | time: 674.6s ( 93.7m) | step:   2542 | train acc: 0.992 | train loss: 0.025 |test acc: 0.660 (0.663, 0.654) | test dp gap: 0.0178
 33.32% | time:   1.4s ( 93.7m) | step:   2542 | train acc: 0.992 | train loss: 0.025 |val acc: 0.661 (0.685, 0.622) | val dp gap: 0.0200
begin calculating influence
[Strategy 5] Acc of expected label: 0.6628515625
calculating influence -- done
Use 5303 samples. Get 5768 labels. Ratio: 0.919382801664355
Files already downloaded and verified
5303 labeled samples and 157467 unlabeled samples. Total: 162770
Epoch 4
 35.95% | time: 724.5s (105.8m) | step:   2743 | train acc: 1.000 | train loss: 0.000 |test acc: 0.706 (0.721, 0.683) | test dp gap: 0.0083
 35.95% | time:   1.4s (105.8m) | step:   2743 | train acc: 1.000 | train loss: 0.000 |val acc: 0.689 (0.725, 0.632) | val dp gap: 0.0559
begin calculating influence
[Strategy 5] Acc of expected label: 0.7048046875
calculating influence -- done
Use 5559 samples. Get 6203 labels. Ratio: 0.8961792680960825
Files already downloaded and verified
5559 labeled samples and 157211 unlabeled samples. Total: 162770
 38.58% | time: 724.9s (117.9m) | step:   2943 | train acc: 1.000 | train loss: 0.005 |test acc: 0.713 (0.728, 0.689) | test dp gap: 0.0149
 38.58% | time:   1.6s (117.9m) | step:   2943 | train acc: 1.000 | train loss: 0.005 |val acc: 0.706 (0.730, 0.666) | val dp gap: 0.0123
begin calculating influence
[Strategy 5] Acc of expected label: 0.71609375
calculating influence -- done
Use 5815 samples. Get 6636 labels. Ratio: 0.8762808921036769
Files already downloaded and verified
5815 labeled samples and 156955 unlabeled samples. Total: 162770
 41.20% | time: 725.5s (130.0m) | step:   3143 | train acc: 1.000 | train loss: 0.003 |test acc: 0.717 (0.733, 0.692) | test dp gap: 0.0102
 41.20% | time:   1.4s (130.0m) | step:   3143 | train acc: 1.000 | train loss: 0.003 |val acc: 0.707 (0.744, 0.652) | val dp gap: 0.0261
begin calculating influence
[Strategy 5] Acc of expected label: 0.714453125
calculating influence -- done
Use 6017 samples. Get 7422 labels. Ratio: 0.8106979250875774
Files already downloaded and verified
6017 labeled samples and 156753 unlabeled samples. Total: 162770
 41.66% | time: 669.2s (141.2m) | step:   3178 | train acc: 1.000 | train loss: 0.003 |test acc: 0.697 (0.715, 0.668) | test dp gap: 0.0028
 41.66% | time:   1.4s (141.2m) | step:   3178 | train acc: 1.000 | train loss: 0.003 |val acc: 0.698 (0.729, 0.647) | val dp gap: 0.0154
begin calculating influence
[Strategy 5] Acc of expected label: 0.6934765625
calculating influence -- done
Use 6273 samples. Get 7780 labels. Ratio: 0.8062982005141388
Files already downloaded and verified
6273 labeled samples and 156497 unlabeled samples. Total: 162770
Epoch 5
 44.29% | time: 726.7s (153.3m) | step:   3379 | train acc: 1.000 | train loss: 0.000 |test acc: 0.716 (0.735, 0.685) | test dp gap: 0.0046
 44.29% | time:   1.5s (153.3m) | step:   3379 | train acc: 1.000 | train loss: 0.000 |val acc: 0.715 (0.737, 0.679) | val dp gap: 0.0097
begin calculating influence
calculating influence -- done
length of new labels 1024
Use 5505+1024 = 6529 samples.
Files already downloaded and verified
6529 labeled samples and 156241 unlabeled samples. Total: 162770
 46.91% | time: 724.2s (165.4m) | step:   3579 | train acc: 1.000 | train loss: 0.006 |test acc: 0.697 (0.710, 0.676) | test dp gap: 0.0035
 46.91% | time:   1.4s (165.4m) | step:   3579 | train acc: 1.000 | train loss: 0.006 |val acc: 0.688 (0.714, 0.648) | val dp gap: 0.0310
begin calculating influence
[Strategy 5] Acc of expected label: 0.6973828125
calculating influence -- done
Use 6785 samples. Get 8126 labels. Ratio: 0.8349741570268274
Files already downloaded and verified
6785 labeled samples and 155985 unlabeled samples. Total: 162770
 49.53% | time: 729.8s (177.6m) | step:   3779 | train acc: 1.000 | train loss: 0.000 |test acc: 0.706 (0.721, 0.683) | test dp gap: 0.0128
 49.53% | time:   1.4s (177.6m) | step:   3779 | train acc: 1.000 | train loss: 0.000 |val acc: 0.691 (0.709, 0.663) | val dp gap: 0.0040
begin calculating influence
[Strategy 5] Acc of expected label: 0.7076171875
calculating influence -- done
Use 7041 samples. Get 8578 labels. Ratio: 0.820820704126836
Files already downloaded and verified
7041 labeled samples and 155729 unlabeled samples. Total: 162770
 49.99% | time: 669.8s (188.8m) | step:   3814 | train acc: 0.992 | train loss: 0.013 |test acc: 0.706 (0.722, 0.681) | test dp gap: 0.0168
 49.99% | time:   1.5s (188.8m) | step:   3814 | train acc: 0.992 | train loss: 0.013 |val acc: 0.697 (0.711, 0.675) | val dp gap: 0.0352
begin calculating influence
[Strategy 5] Acc of expected label: 0.708359375
calculating influence -- done
Use 7297 samples. Get 8919 labels. Ratio: 0.8181410472026012
Files already downloaded and verified
7297 labeled samples and 155473 unlabeled samples. Total: 162770
Epoch 6
 52.62% | time: 725.0s (200.9m) | step:   4014 | train acc: 1.000 | train loss: 0.000 |test acc: 0.727 (0.743, 0.700) | test dp gap: 0.0137
 52.62% | time:   1.5s (200.9m) | step:   4014 | train acc: 1.000 | train loss: 0.000 |val acc: 0.724 (0.755, 0.679) | val dp gap: 0.0010
begin calculating influence
calculating influence -- done
length of new labels 1280
Use 6273+1280 = 7553 samples.
Files already downloaded and verified
7553 labeled samples and 155217 unlabeled samples. Total: 162770
 55.24% | time: 725.6s (213.0m) | step:   4214 | train acc: 1.000 | train loss: 0.001 |test acc: 0.720 (0.734, 0.698) | test dp gap: 0.0148
 55.24% | time:   1.5s (213.0m) | step:   4214 | train acc: 1.000 | train loss: 0.001 |val acc: 0.723 (0.754, 0.675) | val dp gap: 0.0209
begin calculating influence
calculating influence -- done
length of new labels 1536
Use 6273+1536 = 7809 samples.
Files already downloaded and verified
7809 labeled samples and 154961 unlabeled samples. Total: 162770
 57.86% | time: 725.7s (225.1m) | step:   4414 | train acc: 0.996 | train loss: 0.012 |test acc: 0.699 (0.709, 0.682) | test dp gap: 0.0132
 57.86% | time:   1.4s (225.1m) | step:   4414 | train acc: 0.996 | train loss: 0.012 |val acc: 0.682 (0.705, 0.645) | val dp gap: 0.0164
begin calculating influence
[Strategy 5] Acc of expected label: 0.705
calculating influence -- done
Use 8065 samples. Get 9305 labels. Ratio: 0.8667383127350886
Files already downloaded and verified
8065 labeled samples and 154705 unlabeled samples. Total: 162770
 58.32% | time: 668.3s (236.3m) | step:   4449 | train acc: 0.992 | train loss: 0.027 |test acc: 0.715 (0.733, 0.686) | test dp gap: 0.0007
 58.32% | time:   1.3s (236.3m) | step:   4449 | train acc: 0.992 | train loss: 0.027 |val acc: 0.694 (0.737, 0.625) | val dp gap: 0.0078
begin calculating influence
[Strategy 5] Acc of expected label: 0.7219140625
calculating influence -- done
Use 8321 samples. Get 10214 labels. Ratio: 0.8146661445075387
Files already downloaded and verified
8321 labeled samples and 154449 unlabeled samples. Total: 162770
Epoch 7
 60.95% | time: 724.2s (248.4m) | step:   4650 | train acc: 1.000 | train loss: 0.001 |test acc: 0.703 (0.721, 0.675) | test dp gap: 0.0080
 60.95% | time:   1.4s (248.4m) | step:   4650 | train acc: 1.000 | train loss: 0.001 |val acc: 0.685 (0.701, 0.661) | val dp gap: 0.0367
begin calculating influence
[Strategy 5] Acc of expected label: 0.704296875
calculating influence -- done
Use 8577 samples. Get 10579 labels. Ratio: 0.8107571604121373
Files already downloaded and verified
8577 labeled samples and 154193 unlabeled samples. Total: 162770
 63.57% | time: 724.9s (260.5m) | step:   4850 | train acc: 1.000 | train loss: 0.000 |test acc: 0.697 (0.709, 0.677) | test dp gap: 0.0081
 63.57% | time:   1.5s (260.5m) | step:   4850 | train acc: 1.000 | train loss: 0.000 |val acc: 0.692 (0.714, 0.657) | val dp gap: 0.0098
begin calculating influence
[Strategy 5] Acc of expected label: 0.69765625
calculating influence -- done
Use 8833 samples. Get 10939 labels. Ratio: 0.8074778316116646
Files already downloaded and verified
8833 labeled samples and 153937 unlabeled samples. Total: 162770
 66.19% | time: 724.3s (272.6m) | step:   5050 | train acc: 1.000 | train loss: 0.000 |test acc: 0.714 (0.732, 0.685) | test dp gap: 0.0060
 66.19% | time:   1.6s (272.6m) | step:   5050 | train acc: 1.000 | train loss: 0.000 |val acc: 0.695 (0.729, 0.640) | val dp gap: 0.0216
begin calculating influence
[Strategy 5] Acc of expected label: 0.7140625
calculating influence -- done
Use 9089 samples. Get 11279 labels. Ratio: 0.805833850518663
Files already downloaded and verified
9089 labeled samples and 153681 unlabeled samples. Total: 162770
 66.65% | time: 668.9s (283.8m) | step:   5085 | train acc: 1.000 | train loss: 0.003 |test acc: 0.728 (0.747, 0.697) | test dp gap: 0.0002
 66.65% | time:   1.4s (283.8m) | step:   5085 | train acc: 1.000 | train loss: 0.003 |val acc: 0.715 (0.750, 0.660) | val dp gap: 0.0158
begin calculating influence
calculating influence -- done
length of new labels 1792
Use 7553+1792 = 9345 samples.
Files already downloaded and verified
9345 labeled samples and 153425 unlabeled samples. Total: 162770
Epoch 8
 69.29% | time: 724.6s (295.9m) | step:   5286 | train acc: 1.000 | train loss: 0.001 |test acc: 0.710 (0.727, 0.682) | test dp gap: 0.0037
 69.29% | time:   1.4s (295.9m) | step:   5286 | train acc: 1.000 | train loss: 0.001 |val acc: 0.691 (0.725, 0.638) | val dp gap: 0.0007
begin calculating influence
[Strategy 5] Acc of expected label: 0.7151953125
calculating influence -- done
Use 9601 samples. Get 12128 labels. Ratio: 0.7916391820580475
Files already downloaded and verified
9601 labeled samples and 153169 unlabeled samples. Total: 162770
 71.91% | time: 726.3s (308.0m) | step:   5486 | train acc: 1.000 | train loss: 0.000 |test acc: 0.706 (0.719, 0.685) | test dp gap: 0.0142
 71.91% | time:   1.5s (308.0m) | step:   5486 | train acc: 1.000 | train loss: 0.000 |val acc: 0.695 (0.714, 0.663) | val dp gap: 0.0166
begin calculating influence
[Strategy 5] Acc of expected label: 0.708828125
calculating influence -- done
Use 9857 samples. Get 12479 labels. Ratio: 0.7898870101770975
Files already downloaded and verified
9857 labeled samples and 152913 unlabeled samples. Total: 162770
 74.53% | time: 726.1s (320.1m) | step:   5686 | train acc: 1.000 | train loss: 0.004 |test acc: 0.714 (0.730, 0.689) | test dp gap: 0.0062
 74.53% | time:   1.4s (320.1m) | step:   5686 | train acc: 1.000 | train loss: 0.004 |val acc: 0.699 (0.730, 0.652) | val dp gap: 0.0091
begin calculating influence
[Strategy 5] Acc of expected label: 0.7123046875
calculating influence -- done
Use 10113 samples. Get 13215 labels. Ratio: 0.765266742338252
Files already downloaded and verified
10113 labeled samples and 152657 unlabeled samples. Total: 162770
 74.99% | time: 668.5s (331.3m) | step:   5721 | train acc: 1.000 | train loss: 0.003 |test acc: 0.697 (0.711, 0.674) | test dp gap: 0.0024
 74.99% | time:   1.4s (331.3m) | step:   5721 | train acc: 1.000 | train loss: 0.003 |val acc: 0.700 (0.723, 0.663) | val dp gap: 0.0050
begin calculating influence
[Strategy 5] Acc of expected label: 0.7003515625
calculating influence -- done
Use 10369 samples. Get 13541 labels. Ratio: 0.7657484676168673
Files already downloaded and verified
10369 labeled samples and 152401 unlabeled samples. Total: 162770
Epoch 9
 77.62% | time: 727.8s (343.4m) | step:   5922 | train acc: 1.000 | train loss: 0.002 |test acc: 0.693 (0.706, 0.673) | test dp gap: 0.0019
 77.62% | time:   1.5s (343.5m) | step:   5922 | train acc: 1.000 | train loss: 0.002 |val acc: 0.686 (0.702, 0.661) | val dp gap: 0.0151
begin calculating influence
[Strategy 5] Acc of expected label: 0.6920703125
calculating influence -- done
Use 10625 samples. Get 13968 labels. Ratio: 0.7606672394043528
Files already downloaded and verified
10625 labeled samples and 152145 unlabeled samples. Total: 162770
 80.25% | time: 729.6s (355.6m) | step:   6122 | train acc: 0.996 | train loss: 0.006 |test acc: 0.704 (0.722, 0.676) | test dp gap: 0.0364
 80.25% | time:   1.5s (355.6m) | step:   6122 | train acc: 0.996 | train loss: 0.006 |val acc: 0.705 (0.731, 0.664) | val dp gap: 0.0646
begin calculating influence
[Strategy 5] Acc of expected label: 0.701953125
calculating influence -- done
Use 10881 samples. Get 14307 labels. Ratio: 0.76053680016775
Files already downloaded and verified
10881 labeled samples and 151889 unlabeled samples. Total: 162770
 82.87% | time: 728.7s (367.8m) | step:   6322 | train acc: 0.996 | train loss: 0.004 |test acc: 0.712 (0.730, 0.685) | test dp gap: 0.0032
 82.87% | time:   1.4s (367.8m) | step:   6322 | train acc: 0.996 | train loss: 0.004 |val acc: 0.730 (0.753, 0.695) | val dp gap: 0.0342
begin calculating influence
calculating influence -- done
length of new labels 2048
Use 9089+2048 = 11137 samples.
Files already downloaded and verified
11137 labeled samples and 151633 unlabeled samples. Total: 162770
 83.33% | time: 670.5s (379.0m) | step:   6357 | train acc: 0.973 | train loss: 0.087 |test acc: 0.722 (0.742, 0.689) | test dp gap: 0.0132
 83.33% | time:   1.4s (379.0m) | step:   6357 | train acc: 0.973 | train loss: 0.087 |val acc: 0.726 (0.750, 0.688) | val dp gap: 0.0225
begin calculating influence
calculating influence -- done
length of new labels 2304
Use 9089+2304 = 11393 samples.
Files already downloaded and verified
11393 labeled samples and 151377 unlabeled samples. Total: 162770
Epoch 10
 85.96% | time: 728.0s (391.1m) | step:   6558 | train acc: 1.000 | train loss: 0.002 |test acc: 0.707 (0.726, 0.677) | test dp gap: 0.0252
 85.96% | time:   1.5s (391.2m) | step:   6558 | train acc: 1.000 | train loss: 0.002 |val acc: 0.701 (0.728, 0.658) | val dp gap: 0.0267
begin calculating influence
[Strategy 5] Acc of expected label: 0.7044921875
calculating influence -- done
Use 11649 samples. Get 14759 labels. Ratio: 0.7892811166068162
Files already downloaded and verified
11649 labeled samples and 151121 unlabeled samples. Total: 162770
 88.58% | time: 728.2s (403.3m) | step:   6758 | train acc: 0.992 | train loss: 0.031 |test acc: 0.713 (0.731, 0.685) | test dp gap: 0.0173
 88.58% | time:   1.5s (403.3m) | step:   6758 | train acc: 0.992 | train loss: 0.031 |val acc: 0.715 (0.749, 0.664) | val dp gap: 0.0349
begin calculating influence
calculating influence -- done
length of new labels 2560
Use 9345+2560 = 11905 samples.
Files already downloaded and verified
11905 labeled samples and 150865 unlabeled samples. Total: 162770
 91.20% | time: 729.6s (415.5m) | step:   6958 | train acc: 1.000 | train loss: 0.001 |test acc: 0.695 (0.708, 0.675) | test dp gap: 0.0114
 91.20% | time:   1.5s (415.5m) | step:   6958 | train acc: 1.000 | train loss: 0.001 |val acc: 0.691 (0.703, 0.673) | val dp gap: 0.0187
begin calculating influence
[Strategy 5] Acc of expected label: 0.7039453125
calculating influence -- done
Use 12161 samples. Get 15169 labels. Ratio: 0.8017008372338321
Files already downloaded and verified
12161 labeled samples and 150609 unlabeled samples. Total: 162770
 91.66% | time: 670.7s (426.7m) | step:   6993 | train acc: 0.996 | train loss: 0.011 |test acc: 0.724 (0.745, 0.689) | test dp gap: 0.0210
 91.66% | time:   1.5s (426.7m) | step:   6993 | train acc: 0.996 | train loss: 0.011 |val acc: 0.715 (0.735, 0.685) | val dp gap: 0.0209
begin calculating influence
calculating influence -- done
length of new labels 2816
Use 9601+2816 = 12417 samples.
Files already downloaded and verified
12417 labeled samples and 150353 unlabeled samples. Total: 162770
Epoch 11
 94.30% | time: 728.7s (438.9m) | step:   7194 | train acc: 1.000 | train loss: 0.000 |test acc: 0.683 (0.695, 0.664) | test dp gap: 0.0035
 94.30% | time:   1.5s (438.9m) | step:   7194 | train acc: 1.000 | train loss: 0.000 |val acc: 0.693 (0.691, 0.696) | val dp gap: 0.0373
begin calculating influence
[Strategy 5] Acc of expected label: 0.6886328125
calculating influence -- done
Use 12673 samples. Get 15508 labels. Ratio: 0.8171911271601754
Files already downloaded and verified
12673 labeled samples and 150097 unlabeled samples. Total: 162770
 96.92% | time: 728.4s (451.0m) | step:   7394 | train acc: 0.996 | train loss: 0.010 |test acc: 0.708 (0.726, 0.678) | test dp gap: 0.0152
 96.92% | time:   1.5s (451.1m) | step:   7394 | train acc: 0.996 | train loss: 0.010 |val acc: 0.713 (0.731, 0.684) | val dp gap: 0.0210
begin calculating influence
calculating influence -- done
length of new labels 3072
Use 9857+3072 = 12929 samples.
Files already downloaded and verified
12929 labeled samples and 149841 unlabeled samples. Total: 162770
 99.54% | time: 731.1s (463.2m) | step:   7594 | train acc: 1.000 | train loss: 0.003 |test acc: 0.694 (0.713, 0.664) | test dp gap: 0.0165
 99.54% | time:   1.4s (463.3m) | step:   7594 | train acc: 1.000 | train loss: 0.003 |val acc: 0.702 (0.727, 0.664) | val dp gap: 0.0315
begin calculating influence
[Strategy 5] Acc of expected label: 0.7042578125
calculating influence -- done
Use 13185 samples. Get 16016 labels. Ratio: 0.8232392607392608
Files already downloaded and verified
13185 labeled samples and 149585 unlabeled samples. Total: 162770
100.00% | time: 673.5s (474.5m) | step:   7629 | train acc: 0.996 | train loss: 0.004 |test acc: 0.697 (0.713, 0.671) | test dp gap: 0.0089
100.00% | time:   1.5s (474.5m) | step:   7629 | train acc: 0.996 | train loss: 0.004 |val acc: 0.702 (0.721, 0.672) | val dp gap: 0.0213
begin calculating influence
[Strategy 5] Acc of expected label: 0.707265625
calculating influence -- done
Use 13441 samples. Get 16568 labels. Ratio: 0.8112626750362144
Files already downloaded and verified
13441 labeled samples and 149329 unlabeled samples. Total: 162770
