Files already downloaded and verified
3255 labeled samples and 159515 unlabeled samples. Total: 162770
Files already downloaded and verified
1996 labeled samples and 17966 unlabeled samples. Total: 19962
Numer of layers 200
train net...
train with 162770 samples (with replacement) in one epoch
Epoch 0
  2.62% | time:  95.0s (  1.6m) | step:    200 | train acc: 0.832 | train loss: 0.394 |warm_t acc: 0.756 (0.783, 0.713) | warm_t eop gap: 0.0951
  2.62% | time:   4.6s (  1.7m) | step:    200 | train acc: 0.832 | train loss: 0.394 |warm_v acc: 0.760 (0.792, 0.706) | warm_v eop gap: 0.0907
  5.24% | time:  76.8s (  2.9m) | step:    400 | train acc: 0.809 | train loss: 0.829 |warm_t acc: 0.654 (0.676, 0.618) | warm_t eop gap: 0.0286
  5.24% | time:   1.2s (  3.0m) | step:    400 | train acc: 0.809 | train loss: 0.829 |warm_v acc: 0.663 (0.680, 0.635) | warm_v eop gap: 0.1054
  7.86% | time:  78.7s (  4.3m) | step:    600 | train acc: 1.000 | train loss: 0.005 |warm_t acc: 0.735 (0.756, 0.702) | warm_t eop gap: 0.0537
  7.86% | time:   1.1s (  4.3m) | step:    600 | train acc: 1.000 | train loss: 0.005 |warm_v acc: 0.713 (0.736, 0.676) | warm_v eop gap: 0.0141
  8.32% | time:  20.3s (  4.6m) | step:    635 | train acc: 0.996 | train loss: 0.022 |warm_t acc: 0.736 (0.759, 0.698) | warm_t eop gap: 0.0362
  8.32% | time:   1.3s (  4.7m) | step:    635 | train acc: 0.996 | train loss: 0.022 |warm_v acc: 0.729 (0.766, 0.672) | warm_v eop gap: 0.0696
Epoch 1
 10.95% | time:  77.3s (  5.9m) | step:    835 | train acc: 0.996 | train loss: 0.023 |warm_t acc: 0.719 (0.745, 0.678) | warm_t eop gap: 0.0408
 10.95% | time:   1.1s (  6.0m) | step:    835 | train acc: 0.996 | train loss: 0.023 |warm_v acc: 0.704 (0.718, 0.682) | warm_v eop gap: 0.0773
 13.57% | time:  76.5s (  7.2m) | step:   1035 | train acc: 1.000 | train loss: 0.000 |warm_t acc: 0.743 (0.773, 0.696) | warm_t eop gap: 0.0626
 13.57% | time:   1.4s (  7.3m) | step:   1035 | train acc: 1.000 | train loss: 0.000 |warm_v acc: 0.725 (0.768, 0.656) | warm_v eop gap: 0.0434
 16.19% | time:  75.3s (  8.5m) | step:   1235 | train acc: 1.000 | train loss: 0.000 |warm_t acc: 0.743 (0.773, 0.696) | warm_t eop gap: 0.0629
 16.19% | time:   1.5s (  8.5m) | step:   1235 | train acc: 1.000 | train loss: 0.000 |warm_v acc: 0.726 (0.763, 0.671) | warm_v eop gap: 0.0042
 16.65% | time:  21.1s (  8.9m) | step:   1270 | train acc: 1.000 | train loss: 0.000 |warm_t acc: 0.743 (0.773, 0.695) | warm_t eop gap: 0.0634
 16.65% | time:   1.3s (  8.9m) | step:   1270 | train acc: 1.000 | train loss: 0.000 |warm_v acc: 0.738 (0.777, 0.677) | warm_v eop gap: 0.0148
Epoch 2
 19.28% | time:  75.1s ( 10.2m) | step:   1471 | train acc: 1.000 | train loss: 0.000 |test acc: 0.743 (0.773, 0.695) | test eop gap: 0.0635
 19.28% | time:   1.4s ( 10.2m) | step:   1471 | train acc: 1.000 | train loss: 0.000 |val acc: 0.730 (0.770, 0.664) | val eop gap: 0.0124
begin calculating influence
selected layers: [Traced<ShapedArray(float32[768])>with<DynamicJaxprTrace(level=0/1)>, Traced<ShapedArray(float32[8,8,3,768])>with<DynamicJaxprTrace(level=0/1)>, Traced<ShapedArray(float32[2])>with<DynamicJaxprTrace(level=0/1)>, Traced<ShapedArray(float32[768,2])>with<DynamicJaxprTrace(level=0/1)>]
calculating influence -- done
length of new labels 129
Use 3255+129 = 3384 samples.
Files already downloaded and verified
3384 labeled samples and 159386 unlabeled samples. Total: 162770
 21.90% | time: 720.3s ( 22.2m) | step:   1671 | train acc: 1.000 | train loss: 0.000 |test acc: 0.731 (0.758, 0.689) | test eop gap: 0.0516
 21.90% | time:   1.7s ( 22.2m) | step:   1671 | train acc: 1.000 | train loss: 0.000 |val acc: 0.709 (0.750, 0.645) | val eop gap: 0.0205
begin calculating influence
[Strategy 2] Acc of expected label: 0.733359375
calculating influence -- done
Use 3640 samples. Get 4295 labels. Ratio: 0.8474970896391153
Files already downloaded and verified
3640 labeled samples and 159130 unlabeled samples. Total: 162770
 24.52% | time: 719.0s ( 34.2m) | step:   1871 | train acc: 1.000 | train loss: 0.001 |test acc: 0.720 (0.749, 0.673) | test eop gap: 0.0428
 24.52% | time:   1.4s ( 34.2m) | step:   1871 | train acc: 1.000 | train loss: 0.001 |val acc: 0.703 (0.730, 0.662) | val eop gap: 0.0100
begin calculating influence
[Strategy 2] Acc of expected label: 0.71609375
calculating influence -- done
Use 3896 samples. Get 4952 labels. Ratio: 0.7867528271405493
Files already downloaded and verified
3896 labeled samples and 158874 unlabeled samples. Total: 162770
 24.98% | time: 673.7s ( 45.5m) | step:   1906 | train acc: 1.000 | train loss: 0.002 |test acc: 0.714 (0.742, 0.670) | test eop gap: 0.0220
 24.98% | time:   1.7s ( 45.5m) | step:   1906 | train acc: 1.000 | train loss: 0.002 |val acc: 0.698 (0.733, 0.642) | val eop gap: 0.0133
begin calculating influence
[Strategy 2] Acc of expected label: 0.71921875
calculating influence -- done
Use 4152 samples. Get 5792 labels. Ratio: 0.7168508287292817
Files already downloaded and verified
4152 labeled samples and 158618 unlabeled samples. Total: 162770
Epoch 3
 27.62% | time: 714.4s ( 57.4m) | step:   2107 | train acc: 1.000 | train loss: 0.000 |test acc: 0.705 (0.731, 0.663) | test eop gap: 0.0619
 27.62% | time:   1.4s ( 57.4m) | step:   2107 | train acc: 1.000 | train loss: 0.000 |val acc: 0.685 (0.731, 0.614) | val eop gap: 0.0043
begin calculating influence
[Strategy 2] Acc of expected label: 0.7019140625
calculating influence -- done
Use 4408 samples. Get 6224 labels. Ratio: 0.7082262210796915
Files already downloaded and verified
4408 labeled samples and 158362 unlabeled samples. Total: 162770
 30.24% | time: 727.7s ( 69.5m) | step:   2307 | train acc: 1.000 | train loss: 0.000 |test acc: 0.719 (0.745, 0.678) | test eop gap: 0.0503
 30.24% | time:   1.4s ( 69.6m) | step:   2307 | train acc: 1.000 | train loss: 0.000 |val acc: 0.714 (0.758, 0.643) | val eop gap: 0.0216
begin calculating influence
calculating influence -- done
length of new labels 385
Use 4279+385 = 4664 samples.
Files already downloaded and verified
4664 labeled samples and 158106 unlabeled samples. Total: 162770
 32.86% | time: 728.9s ( 81.7m) | step:   2507 | train acc: 1.000 | train loss: 0.000 |test acc: 0.699 (0.727, 0.656) | test eop gap: 0.0833
 32.86% | time:   1.4s ( 81.7m) | step:   2507 | train acc: 1.000 | train loss: 0.000 |val acc: 0.697 (0.741, 0.631) | val eop gap: 0.0263
begin calculating influence
[Strategy 2] Acc of expected label: 0.6997265625
calculating influence -- done
Use 4920 samples. Get 6557 labels. Ratio: 0.750343144730822
Files already downloaded and verified
4920 labeled samples and 157850 unlabeled samples. Total: 162770
 33.32% | time: 673.0s ( 93.0m) | step:   2542 | train acc: 1.000 | train loss: 0.005 |test acc: 0.719 (0.743, 0.679) | test eop gap: 0.0635
 33.32% | time:   1.4s ( 93.0m) | step:   2542 | train acc: 1.000 | train loss: 0.005 |val acc: 0.725 (0.766, 0.660) | val eop gap: 0.0073
begin calculating influence
calculating influence -- done
length of new labels 641
Use 4535+641 = 5176 samples.
Files already downloaded and verified
5176 labeled samples and 157594 unlabeled samples. Total: 162770
Epoch 4
 35.95% | time: 725.0s (105.1m) | step:   2743 | train acc: 1.000 | train loss: 0.001 |test acc: 0.694 (0.716, 0.660) | test eop gap: 0.1159
 35.95% | time:   1.4s (105.1m) | step:   2743 | train acc: 1.000 | train loss: 0.001 |val acc: 0.674 (0.716, 0.611) | val eop gap: 0.0157
begin calculating influence
[Strategy 2] Acc of expected label: 0.6952734375
calculating influence -- done
Use 5432 samples. Get 6893 labels. Ratio: 0.7880458436094588
Files already downloaded and verified
5432 labeled samples and 157338 unlabeled samples. Total: 162770
 38.58% | time: 724.1s (117.2m) | step:   2943 | train acc: 1.000 | train loss: 0.000 |test acc: 0.714 (0.737, 0.678) | test eop gap: 0.0939
 38.58% | time:   1.4s (117.2m) | step:   2943 | train acc: 1.000 | train loss: 0.000 |val acc: 0.704 (0.742, 0.642) | val eop gap: 0.0010
begin calculating influence
[Strategy 2] Acc of expected label: 0.708203125
calculating influence -- done
Use 5688 samples. Get 7337 labels. Ratio: 0.7752487392667303
Files already downloaded and verified
5688 labeled samples and 157082 unlabeled samples. Total: 162770
 41.20% | time: 723.8s (129.2m) | step:   3143 | train acc: 0.996 | train loss: 0.012 |test acc: 0.722 (0.746, 0.685) | test eop gap: 0.0696
 41.20% | time:   1.4s (129.3m) | step:   3143 | train acc: 0.996 | train loss: 0.012 |val acc: 0.713 (0.747, 0.662) | val eop gap: 0.0086
begin calculating influence
calculating influence -- done
length of new labels 897
Use 5047+897 = 5944 samples.
Files already downloaded and verified
5944 labeled samples and 156826 unlabeled samples. Total: 162770
 41.66% | time: 670.4s (140.4m) | step:   3178 | train acc: 0.992 | train loss: 0.035 |test acc: 0.663 (0.682, 0.634) | test eop gap: 0.0891
 41.66% | time:   1.4s (140.5m) | step:   3178 | train acc: 0.992 | train loss: 0.035 |val acc: 0.638 (0.664, 0.597) | val eop gap: 0.0153
begin calculating influence
[Strategy 2] Acc of expected label: 0.6658984375
calculating influence -- done
Use 6200 samples. Get 7653 labels. Ratio: 0.8101398144518489
Files already downloaded and verified
6200 labeled samples and 156570 unlabeled samples. Total: 162770
Epoch 5
 44.29% | time: 720.0s (152.5m) | step:   3379 | train acc: 1.000 | train loss: 0.000 |test acc: 0.712 (0.732, 0.681) | test eop gap: 0.0697
 44.29% | time:   1.4s (152.5m) | step:   3379 | train acc: 1.000 | train loss: 0.000 |val acc: 0.721 (0.750, 0.672) | val eop gap: 0.0557
begin calculating influence
calculating influence -- done
length of new labels 1153
Use 5303+1153 = 6456 samples.
Files already downloaded and verified
6456 labeled samples and 156314 unlabeled samples. Total: 162770
 46.91% | time: 724.2s (164.6m) | step:   3579 | train acc: 1.000 | train loss: 0.002 |test acc: 0.708 (0.728, 0.676) | test eop gap: 0.0847
 46.91% | time:   1.5s (164.6m) | step:   3579 | train acc: 1.000 | train loss: 0.002 |val acc: 0.708 (0.732, 0.671) | val eop gap: 0.0369
begin calculating influence
[Strategy 2] Acc of expected label: 0.70953125
calculating influence -- done
Use 6712 samples. Get 8215 labels. Ratio: 0.8170419963481437
Files already downloaded and verified
6712 labeled samples and 156058 unlabeled samples. Total: 162770
 49.53% | time: 730.2s (176.7m) | step:   3779 | train acc: 1.000 | train loss: 0.000 |test acc: 0.713 (0.737, 0.675) | test eop gap: 0.1000
 49.53% | time:   1.5s (176.8m) | step:   3779 | train acc: 1.000 | train loss: 0.000 |val acc: 0.701 (0.726, 0.661) | val eop gap: 0.1320
begin calculating influence
[Strategy 2] Acc of expected label: 0.7128515625
calculating influence -- done
Use 6968 samples. Get 8590 labels. Ratio: 0.8111757857974389
Files already downloaded and verified
6968 labeled samples and 155802 unlabeled samples. Total: 162770
 49.99% | time: 677.1s (188.1m) | step:   3814 | train acc: 1.000 | train loss: 0.001 |test acc: 0.742 (0.769, 0.699) | test eop gap: 0.0556
 49.99% | time:   1.5s (188.1m) | step:   3814 | train acc: 1.000 | train loss: 0.001 |val acc: 0.750 (0.775, 0.709) | val eop gap: 0.0652
begin calculating influence
calculating influence -- done
length of new labels 1409
Use 5815+1409 = 7224 samples.
Files already downloaded and verified
7224 labeled samples and 155546 unlabeled samples. Total: 162770
Epoch 6
 52.62% | time: 732.1s (200.3m) | step:   4014 | train acc: 1.000 | train loss: 0.001 |test acc: 0.716 (0.742, 0.676) | test eop gap: 0.0896
 52.62% | time:   1.3s (200.3m) | step:   4014 | train acc: 1.000 | train loss: 0.001 |val acc: 0.707 (0.750, 0.643) | val eop gap: 0.0027
begin calculating influence
[Strategy 2] Acc of expected label: 0.7220703125
calculating influence -- done
Use 7480 samples. Get 9383 labels. Ratio: 0.7971864009378663
Files already downloaded and verified
7480 labeled samples and 155290 unlabeled samples. Total: 162770
 55.24% | time: 731.9s (212.5m) | step:   4214 | train acc: 1.000 | train loss: 0.000 |test acc: 0.692 (0.713, 0.659) | test eop gap: 0.1022
 55.24% | time:   1.5s (212.5m) | step:   4214 | train acc: 1.000 | train loss: 0.000 |val acc: 0.695 (0.726, 0.645) | val eop gap: 0.0103
begin calculating influence
[Strategy 2] Acc of expected label: 0.6965234375
calculating influence -- done
Use 7736 samples. Get 9764 labels. Ratio: 0.7922982384268742
Files already downloaded and verified
7736 labeled samples and 155034 unlabeled samples. Total: 162770
 57.86% | time: 730.2s (224.7m) | step:   4414 | train acc: 0.996 | train loss: 0.005 |test acc: 0.712 (0.735, 0.676) | test eop gap: 0.1147
 57.86% | time:   1.4s (224.7m) | step:   4414 | train acc: 0.996 | train loss: 0.005 |val acc: 0.719 (0.758, 0.658) | val eop gap: 0.0668
begin calculating influence
calculating influence -- done
length of new labels 1665
Use 6327+1665 = 7992 samples.
Files already downloaded and verified
7992 labeled samples and 154778 unlabeled samples. Total: 162770
 58.32% | time: 673.9s (236.0m) | step:   4449 | train acc: 0.988 | train loss: 0.030 |test acc: 0.688 (0.707, 0.657) | test eop gap: 0.0735
 58.32% | time:   1.5s (236.0m) | step:   4449 | train acc: 0.988 | train loss: 0.030 |val acc: 0.681 (0.710, 0.634) | val eop gap: 0.0016
begin calculating influence
[Strategy 2] Acc of expected label: 0.6926953125
calculating influence -- done
Use 8248 samples. Get 10070 labels. Ratio: 0.8190665342601787
Files already downloaded and verified
8248 labeled samples and 154522 unlabeled samples. Total: 162770
Epoch 7
 60.95% | time: 730.1s (248.1m) | step:   4650 | train acc: 1.000 | train loss: 0.000 |test acc: 0.701 (0.720, 0.671) | test eop gap: 0.0825
 60.95% | time:   1.4s (248.2m) | step:   4650 | train acc: 1.000 | train loss: 0.000 |val acc: 0.701 (0.733, 0.653) | val eop gap: 0.0684
begin calculating influence
[Strategy 2] Acc of expected label: 0.707578125
calculating influence -- done
Use 8504 samples. Get 10424 labels. Ratio: 0.8158096699923254
Files already downloaded and verified
8504 labeled samples and 154266 unlabeled samples. Total: 162770
 63.57% | time: 731.5s (260.4m) | step:   4850 | train acc: 1.000 | train loss: 0.007 |test acc: 0.713 (0.735, 0.678) | test eop gap: 0.0907
 63.57% | time:   1.4s (260.4m) | step:   4850 | train acc: 1.000 | train loss: 0.007 |val acc: 0.725 (0.757, 0.675) | val eop gap: 0.0283
begin calculating influence
calculating influence -- done
length of new labels 1921
Use 6839+1921 = 8760 samples.
Files already downloaded and verified
8760 labeled samples and 154010 unlabeled samples. Total: 162770
 66.19% | time: 732.0s (272.6m) | step:   5050 | train acc: 1.000 | train loss: 0.000 |test acc: 0.705 (0.725, 0.673) | test eop gap: 0.0930
 66.19% | time:   1.5s (272.6m) | step:   5050 | train acc: 1.000 | train loss: 0.000 |val acc: 0.707 (0.747, 0.644) | val eop gap: 0.0245
begin calculating influence
[Strategy 2] Acc of expected label: 0.711953125
calculating influence -- done
Use 9016 samples. Get 11048 labels. Ratio: 0.8160753077480087
Files already downloaded and verified
9016 labeled samples and 153754 unlabeled samples. Total: 162770
 66.65% | time: 673.3s (283.8m) | step:   5085 | train acc: 0.992 | train loss: 0.013 |test acc: 0.703 (0.722, 0.673) | test eop gap: 0.1221
 66.65% | time:   1.6s (283.9m) | step:   5085 | train acc: 0.992 | train loss: 0.013 |val acc: 0.712 (0.750, 0.650) | val eop gap: 0.0156
begin calculating influence
calculating influence -- done
length of new labels 2177
Use 7095+2177 = 9272 samples.
Files already downloaded and verified
9272 labeled samples and 153498 unlabeled samples. Total: 162770
Epoch 8
 69.29% | time: 730.0s (296.0m) | step:   5286 | train acc: 0.996 | train loss: 0.006 |test acc: 0.715 (0.735, 0.683) | test eop gap: 0.0714
 69.29% | time:   1.5s (296.1m) | step:   5286 | train acc: 0.996 | train loss: 0.006 |val acc: 0.703 (0.744, 0.641) | val eop gap: 0.0156
begin calculating influence
[Strategy 2] Acc of expected label: 0.7168359375
calculating influence -- done
Use 9528 samples. Get 11667 labels. Ratio: 0.8166623810748265
Files already downloaded and verified
9528 labeled samples and 153242 unlabeled samples. Total: 162770
 71.91% | time: 731.1s (308.2m) | step:   5486 | train acc: 0.992 | train loss: 0.013 |test acc: 0.713 (0.737, 0.675) | test eop gap: 0.0675
 71.91% | time:   1.4s (308.3m) | step:   5486 | train acc: 0.992 | train loss: 0.013 |val acc: 0.716 (0.741, 0.677) | val eop gap: 0.0570
begin calculating influence
calculating influence -- done
length of new labels 2433
Use 7351+2433 = 9784 samples.
Files already downloaded and verified
9784 labeled samples and 152986 unlabeled samples. Total: 162770
 74.53% | time: 730.5s (320.4m) | step:   5686 | train acc: 1.000 | train loss: 0.001 |test acc: 0.693 (0.710, 0.665) | test eop gap: 0.0876
 74.53% | time:   1.5s (320.5m) | step:   5686 | train acc: 1.000 | train loss: 0.001 |val acc: 0.693 (0.736, 0.626) | val eop gap: 0.0589
begin calculating influence
[Strategy 2] Acc of expected label: 0.7017578125
calculating influence -- done
Use 10040 samples. Get 12006 labels. Ratio: 0.836248542395469
Files already downloaded and verified
10040 labeled samples and 152730 unlabeled samples. Total: 162770
 74.99% | time: 671.6s (331.7m) | step:   5721 | train acc: 1.000 | train loss: 0.002 |test acc: 0.721 (0.742, 0.688) | test eop gap: 0.0794
 74.99% | time:   1.5s (331.7m) | step:   5721 | train acc: 1.000 | train loss: 0.002 |val acc: 0.726 (0.767, 0.662) | val eop gap: 0.0013
begin calculating influence
calculating influence -- done
length of new labels 2689
Use 7607+2689 = 10296 samples.
Files already downloaded and verified
10296 labeled samples and 152474 unlabeled samples. Total: 162770
Epoch 9
 77.62% | time: 726.8s (343.8m) | step:   5922 | train acc: 1.000 | train loss: 0.002 |test acc: 0.698 (0.718, 0.666) | test eop gap: 0.0810
 77.62% | time:   1.4s (343.8m) | step:   5922 | train acc: 1.000 | train loss: 0.002 |val acc: 0.704 (0.733, 0.658) | val eop gap: 0.0850
begin calculating influence
[Strategy 2] Acc of expected label: 0.702421875
calculating influence -- done
Use 10552 samples. Get 12433 labels. Ratio: 0.8487090806724041
Files already downloaded and verified
10552 labeled samples and 152218 unlabeled samples. Total: 162770
 80.25% | time: 715.1s (355.7m) | step:   6122 | train acc: 0.996 | train loss: 0.020 |test acc: 0.690 (0.708, 0.660) | test eop gap: 0.0718
 80.25% | time:   1.4s (355.8m) | step:   6122 | train acc: 0.996 | train loss: 0.020 |val acc: 0.697 (0.722, 0.657) | val eop gap: 0.0229
begin calculating influence
[Strategy 2] Acc of expected label: 0.7003515625
calculating influence -- done
Use 10808 samples. Get 13135 labels. Ratio: 0.8228397411496003
Files already downloaded and verified
10808 labeled samples and 151962 unlabeled samples. Total: 162770
 82.87% | time: 714.0s (367.7m) | step:   6322 | train acc: 1.000 | train loss: 0.001 |test acc: 0.692 (0.712, 0.661) | test eop gap: 0.0638
 82.87% | time:   1.5s (367.7m) | step:   6322 | train acc: 1.000 | train loss: 0.001 |val acc: 0.689 (0.719, 0.642) | val eop gap: 0.0378
begin calculating influence
[Strategy 2] Acc of expected label: 0.7001953125
calculating influence -- done
Use 11064 samples. Get 13457 labels. Ratio: 0.8221743330608605
Files already downloaded and verified
11064 labeled samples and 151706 unlabeled samples. Total: 162770
 83.33% | time: 656.2s (378.6m) | step:   6357 | train acc: 0.992 | train loss: 0.020 |test acc: 0.716 (0.739, 0.680) | test eop gap: 0.1036
 83.33% | time:   1.4s (378.6m) | step:   6357 | train acc: 0.992 | train loss: 0.020 |val acc: 0.725 (0.757, 0.676) | val eop gap: 0.0203
begin calculating influence
calculating influence -- done
length of new labels 2945
Use 8375+2945 = 11320 samples.
Files already downloaded and verified
11320 labeled samples and 151450 unlabeled samples. Total: 162770
Epoch 10
 85.96% | time: 712.3s (390.5m) | step:   6558 | train acc: 0.996 | train loss: 0.004 |test acc: 0.698 (0.717, 0.667) | test eop gap: 0.0893
 85.96% | time:   1.6s (390.5m) | step:   6558 | train acc: 0.996 | train loss: 0.004 |val acc: 0.685 (0.712, 0.641) | val eop gap: 0.0508
begin calculating influence
[Strategy 2] Acc of expected label: 0.70375
calculating influence -- done
Use 11576 samples. Get 14018 labels. Ratio: 0.8257954059066914
Files already downloaded and verified
11576 labeled samples and 151194 unlabeled samples. Total: 162770
 88.58% | time: 710.6s (402.4m) | step:   6758 | train acc: 0.996 | train loss: 0.007 |test acc: 0.693 (0.714, 0.658) | test eop gap: 0.0941
 88.58% | time:   1.4s (402.4m) | step:   6758 | train acc: 0.996 | train loss: 0.007 |val acc: 0.697 (0.730, 0.648) | val eop gap: 0.0373
begin calculating influence
[Strategy 2] Acc of expected label: 0.6965234375
calculating influence -- done
Use 11832 samples. Get 14340 labels. Ratio: 0.8251046025104602
Files already downloaded and verified
11832 labeled samples and 150938 unlabeled samples. Total: 162770
 91.20% | time: 725.5s (414.5m) | step:   6958 | train acc: 0.992 | train loss: 0.014 |test acc: 0.696 (0.708, 0.675) | test eop gap: 0.0832
 91.20% | time:   1.4s (414.5m) | step:   6958 | train acc: 0.992 | train loss: 0.014 |val acc: 0.699 (0.728, 0.653) | val eop gap: 0.0017
begin calculating influence
[Strategy 2] Acc of expected label: 0.69796875
calculating influence -- done
Use 12088 samples. Get 14900 labels. Ratio: 0.8112751677852349
Files already downloaded and verified
12088 labeled samples and 150682 unlabeled samples. Total: 162770
 91.66% | time: 652.5s (425.4m) | step:   6993 | train acc: 0.992 | train loss: 0.016 |test acc: 0.700 (0.719, 0.669) | test eop gap: 0.0519
 91.66% | time:   1.5s (425.4m) | step:   6993 | train acc: 0.992 | train loss: 0.016 |val acc: 0.709 (0.738, 0.665) | val eop gap: 0.0180
begin calculating influence
[Strategy 2] Acc of expected label: 0.7059375
calculating influence -- done
Use 12344 samples. Get 15282 labels. Ratio: 0.8077476770056276
Files already downloaded and verified
12344 labeled samples and 150426 unlabeled samples. Total: 162770
Epoch 11
 94.30% | time: 714.6s (437.3m) | step:   7194 | train acc: 1.000 | train loss: 0.001 |test acc: 0.711 (0.733, 0.675) | test eop gap: 0.0802
 94.30% | time:   1.5s (437.4m) | step:   7194 | train acc: 1.000 | train loss: 0.001 |val acc: 0.714 (0.744, 0.668) | val eop gap: 0.0353
begin calculating influence
calculating influence -- done
length of new labels 3201
Use 9399+3201 = 12600 samples.
Files already downloaded and verified
12600 labeled samples and 150170 unlabeled samples. Total: 162770
 96.92% | time: 729.2s (449.5m) | step:   7394 | train acc: 0.996 | train loss: 0.008 |test acc: 0.700 (0.722, 0.667) | test eop gap: 0.0983
 96.92% | time:   1.4s (449.5m) | step:   7394 | train acc: 0.996 | train loss: 0.008 |val acc: 0.712 (0.739, 0.669) | val eop gap: 0.0427
begin calculating influence
calculating influence -- done
length of new labels 3457
Use 9399+3457 = 12856 samples.
Files already downloaded and verified
12856 labeled samples and 149914 unlabeled samples. Total: 162770
 99.54% | time: 708.9s (461.3m) | step:   7594 | train acc: 1.000 | train loss: 0.004 |test acc: 0.691 (0.712, 0.658) | test eop gap: 0.0690
 99.54% | time:   1.4s (461.4m) | step:   7594 | train acc: 1.000 | train loss: 0.004 |val acc: 0.711 (0.736, 0.671) | val eop gap: 0.0104
begin calculating influence
calculating influence -- done
length of new labels 3713
Use 9399+3713 = 13112 samples.
Files already downloaded and verified
13112 labeled samples and 149658 unlabeled samples. Total: 162770
100.00% | time: 666.2s (472.5m) | step:   7629 | train acc: 1.000 | train loss: 0.002 |test acc: 0.703 (0.723, 0.672) | test eop gap: 0.0717
100.00% | time:   1.5s (472.5m) | step:   7629 | train acc: 1.000 | train loss: 0.002 |val acc: 0.710 (0.735, 0.667) | val eop gap: 0.0602
begin calculating influence
[Strategy 2] Acc of expected label: 0.71
calculating influence -- done
Use 13368 samples. Get 15715 labels. Ratio: 0.85065224307986
Files already downloaded and verified
13368 labeled samples and 149402 unlabeled samples. Total: 162770
