Files already downloaded and verified
3255 labeled samples and 159515 unlabeled samples. Total: 162770
Files already downloaded and verified
1996 labeled samples and 17966 unlabeled samples. Total: 19962
Numer of layers 200
train net...
train with 162770 samples (with replacement) in one epoch
Epoch 0
  2.62% | time: 103.0s (  1.7m) | step:    200 | train acc: 0.832 | train loss: 0.394 |warm_t acc: 0.756 (0.783, 0.713) | warm_t eod gap: 0.0643
  2.62% | time:   6.5s (  1.8m) | step:    200 | train acc: 0.832 | train loss: 0.394 |warm_v acc: 0.760 (0.792, 0.706) | warm_v eod gap: 0.0710
  5.24% | time:  82.1s (  3.2m) | step:    400 | train acc: 0.969 | train loss: 0.099 |warm_t acc: 0.702 (0.726, 0.664) | warm_t eod gap: 0.0569
  5.24% | time:   1.4s (  3.2m) | step:    400 | train acc: 0.969 | train loss: 0.099 |warm_v acc: 0.700 (0.729, 0.653) | warm_v eod gap: 0.0834
  7.86% | time:  80.3s (  4.6m) | step:    600 | train acc: 0.758 | train loss: 0.591 |warm_t acc: 0.761 (0.788, 0.719) | warm_t eod gap: 0.0236
  7.86% | time:   1.4s (  4.6m) | step:    600 | train acc: 0.758 | train loss: 0.591 |warm_v acc: 0.754 (0.786, 0.703) | warm_v eod gap: 0.0035
  8.32% | time:  22.1s (  4.9m) | step:    635 | train acc: 0.793 | train loss: 0.568 |warm_t acc: 0.663 (0.671, 0.651) | warm_t eod gap: 0.0212
  8.32% | time:   1.4s (  5.0m) | step:    635 | train acc: 0.793 | train loss: 0.568 |warm_v acc: 0.658 (0.672, 0.636) | warm_v eod gap: 0.0467
Epoch 1
 10.95% | time:  80.1s (  6.3m) | step:    835 | train acc: 0.793 | train loss: 0.617 |warm_t acc: 0.740 (0.763, 0.702) | warm_t eod gap: 0.0450
 10.95% | time:   1.4s (  6.3m) | step:    835 | train acc: 0.793 | train loss: 0.617 |warm_v acc: 0.746 (0.763, 0.719) | warm_v eod gap: 0.0369
 13.57% | time:  79.9s (  7.7m) | step:   1035 | train acc: 0.969 | train loss: 0.103 |warm_t acc: 0.773 (0.805, 0.723) | warm_t eod gap: 0.0244
 13.57% | time:   1.4s (  7.7m) | step:   1035 | train acc: 0.969 | train loss: 0.103 |warm_v acc: 0.760 (0.799, 0.699) | warm_v eod gap: 0.0381
 16.19% | time:  77.7s (  9.0m) | step:   1235 | train acc: 0.809 | train loss: 0.465 |warm_t acc: 0.709 (0.726, 0.682) | warm_t eod gap: 0.0301
 16.19% | time:   1.4s (  9.0m) | step:   1235 | train acc: 0.809 | train loss: 0.465 |warm_v acc: 0.682 (0.714, 0.636) | warm_v eod gap: 0.0338
 16.65% | time:  22.7s (  9.4m) | step:   1270 | train acc: 0.875 | train loss: 0.317 |warm_t acc: 0.788 (0.820, 0.737) | warm_t eod gap: 0.0071
 16.65% | time:   1.4s (  9.4m) | step:   1270 | train acc: 0.875 | train loss: 0.317 |warm_v acc: 0.781 (0.813, 0.729) | warm_v eod gap: 0.0036
Epoch 2
 19.28% | time:  73.8s ( 10.6m) | step:   1471 | train acc: 0.898 | train loss: 0.308 |test acc: 0.724 (0.756, 0.673) | test eod gap: 0.0572
 19.28% | time:   1.3s ( 10.7m) | step:   1471 | train acc: 0.898 | train loss: 0.308 |val acc: 0.710 (0.746, 0.652) | val eod gap: 0.0548
begin calculating influence
selected layers: [Traced<ShapedArray(float32[768])>with<DynamicJaxprTrace(level=0/1)>, Traced<ShapedArray(float32[8,8,3,768])>with<DynamicJaxprTrace(level=0/1)>, Traced<ShapedArray(float32[2])>with<DynamicJaxprTrace(level=0/1)>, Traced<ShapedArray(float32[768,2])>with<DynamicJaxprTrace(level=0/1)>]
calculating influence -- done
length of new labels 256
Use 3255+256 = 3511 samples.
Files already downloaded and verified
3511 labeled samples and 159259 unlabeled samples. Total: 162770
 21.90% | time: 756.8s ( 23.3m) | step:   1671 | train acc: 1.000 | train loss: 0.002 |test acc: 0.706 (0.730, 0.667) | test eod gap: 0.0275
 21.90% | time:   1.5s ( 23.3m) | step:   1671 | train acc: 1.000 | train loss: 0.002 |val acc: 0.704 (0.736, 0.655) | val eod gap: 0.0154
begin calculating influence
calculating influence -- done
length of new labels 512
Use 3255+512 = 3767 samples.
Files already downloaded and verified
3767 labeled samples and 159003 unlabeled samples. Total: 162770
 24.52% | time: 739.0s ( 35.6m) | step:   1871 | train acc: 0.996 | train loss: 0.007 |test acc: 0.694 (0.718, 0.657) | test eod gap: 0.0295
 24.52% | time:   1.4s ( 35.6m) | step:   1871 | train acc: 0.996 | train loss: 0.007 |val acc: 0.684 (0.714, 0.639) | val eod gap: 0.0279
begin calculating influence
calculating influence -- done
Use 4023 samples. Get 3511 labels. Ratio: 1.1458273996012531
Files already downloaded and verified
4023 labeled samples and 158747 unlabeled samples. Total: 162770
 24.98% | time: 677.7s ( 46.9m) | step:   1906 | train acc: 0.742 | train loss: 0.546 |test acc: 0.788 (0.820, 0.738) | test eod gap: 0.0047
 24.98% | time:   1.5s ( 47.0m) | step:   1906 | train acc: 0.742 | train loss: 0.546 |val acc: 0.772 (0.812, 0.708) | val eod gap: 0.0086
begin calculating influence
calculating influence -- done
length of new labels 768
Use 3511+768 = 4279 samples.
Files already downloaded and verified
4279 labeled samples and 158491 unlabeled samples. Total: 162770
Epoch 3
 27.62% | time: 742.5s ( 59.3m) | step:   2107 | train acc: 0.973 | train loss: 0.097 |test acc: 0.683 (0.702, 0.654) | test eod gap: 0.0228
 27.62% | time:   1.4s ( 59.4m) | step:   2107 | train acc: 0.973 | train loss: 0.097 |val acc: 0.680 (0.698, 0.652) | val eod gap: 0.0112
begin calculating influence
calculating influence -- done
Use 4535 samples. Get 3767 labels. Ratio: 1.2038757632067958
Files already downloaded and verified
4535 labeled samples and 158235 unlabeled samples. Total: 162770
 30.24% | time: 738.0s ( 71.7m) | step:   2307 | train acc: 0.996 | train loss: 0.022 |test acc: 0.707 (0.728, 0.673) | test eod gap: 0.0185
 30.24% | time:   1.4s ( 71.7m) | step:   2307 | train acc: 0.996 | train loss: 0.022 |val acc: 0.701 (0.726, 0.662) | val eod gap: 0.0089
begin calculating influence
calculating influence -- done
length of new labels 1024
Use 3767+1024 = 4791 samples.
Files already downloaded and verified
4791 labeled samples and 157979 unlabeled samples. Total: 162770
 32.86% | time: 731.2s ( 83.9m) | step:   2507 | train acc: 1.000 | train loss: 0.001 |test acc: 0.697 (0.722, 0.659) | test eod gap: 0.0258
 32.86% | time:   1.4s ( 83.9m) | step:   2507 | train acc: 1.000 | train loss: 0.001 |val acc: 0.706 (0.725, 0.677) | val eod gap: 0.0060
begin calculating influence
calculating influence -- done
length of new labels 1280
Use 3767+1280 = 5047 samples.
Files already downloaded and verified
5047 labeled samples and 157723 unlabeled samples. Total: 162770
 33.32% | time: 677.9s ( 95.2m) | step:   2542 | train acc: 0.977 | train loss: 0.090 |test acc: 0.702 (0.729, 0.661) | test eod gap: 0.0372
 33.32% | time:   1.4s ( 95.2m) | step:   2542 | train acc: 0.977 | train loss: 0.090 |val acc: 0.714 (0.736, 0.679) | val eod gap: 0.0570
begin calculating influence
calculating influence -- done
length of new labels 1536
Use 3767+1536 = 5303 samples.
Files already downloaded and verified
5303 labeled samples and 157467 unlabeled samples. Total: 162770
Epoch 4
 35.95% | time: 736.2s (107.5m) | step:   2743 | train acc: 1.000 | train loss: 0.001 |test acc: 0.681 (0.701, 0.649) | test eod gap: 0.0413
 35.95% | time:   1.4s (107.5m) | step:   2743 | train acc: 1.000 | train loss: 0.001 |val acc: 0.682 (0.694, 0.662) | val eod gap: 0.0260
begin calculating influence
calculating influence -- done
Use 5559 samples. Get 4023 labels. Ratio: 1.3818046234153616
Files already downloaded and verified
5559 labeled samples and 157211 unlabeled samples. Total: 162770
 38.58% | time: 732.7s (119.7m) | step:   2943 | train acc: 1.000 | train loss: 0.000 |test acc: 0.689 (0.711, 0.653) | test eod gap: 0.0348
 38.58% | time:   1.6s (119.7m) | step:   2943 | train acc: 1.000 | train loss: 0.000 |val acc: 0.690 (0.709, 0.659) | val eod gap: 0.0205
begin calculating influence
calculating influence -- done
Use 5815 samples. Get 4279 labels. Ratio: 1.3589623743865389
Files already downloaded and verified
5815 labeled samples and 156955 unlabeled samples. Total: 162770
 41.20% | time: 739.0s (132.1m) | step:   3143 | train acc: 1.000 | train loss: 0.000 |test acc: 0.690 (0.713, 0.655) | test eod gap: 0.0375
 41.20% | time:   1.4s (132.1m) | step:   3143 | train acc: 1.000 | train loss: 0.000 |val acc: 0.692 (0.706, 0.672) | val eod gap: 0.0430
begin calculating influence
calculating influence -- done
length of new labels 1792
Use 4279+1792 = 6071 samples.
Files already downloaded and verified
6071 labeled samples and 156699 unlabeled samples. Total: 162770
 41.66% | time: 676.7s (143.4m) | step:   3178 | train acc: 0.977 | train loss: 0.075 |test acc: 0.662 (0.683, 0.628) | test eod gap: 0.0342
 41.66% | time:   1.4s (143.4m) | step:   3178 | train acc: 0.977 | train loss: 0.075 |val acc: 0.672 (0.695, 0.636) | val eod gap: 0.0141
begin calculating influence
calculating influence -- done
Use 6327 samples. Get 4535 labels. Ratio: 1.395148842337376
Files already downloaded and verified
6327 labeled samples and 156443 unlabeled samples. Total: 162770
Epoch 5
 44.29% | time: 737.0s (155.7m) | step:   3379 | train acc: 1.000 | train loss: 0.000 |test acc: 0.696 (0.716, 0.664) | test eod gap: 0.0369
 44.29% | time:   1.4s (155.7m) | step:   3379 | train acc: 1.000 | train loss: 0.000 |val acc: 0.703 (0.720, 0.675) | val eod gap: 0.0107
begin calculating influence
calculating influence -- done
length of new labels 2048
Use 4535+2048 = 6583 samples.
Files already downloaded and verified
6583 labeled samples and 156187 unlabeled samples. Total: 162770
 46.91% | time: 738.0s (168.0m) | step:   3579 | train acc: 1.000 | train loss: 0.001 |test acc: 0.682 (0.700, 0.652) | test eod gap: 0.0310
 46.91% | time:   1.4s (168.0m) | step:   3579 | train acc: 1.000 | train loss: 0.001 |val acc: 0.689 (0.702, 0.669) | val eod gap: 0.0111
begin calculating influence
calculating influence -- done
Use 6839 samples. Get 4791 labels. Ratio: 1.42746816948445
Files already downloaded and verified
6839 labeled samples and 155931 unlabeled samples. Total: 162770
 49.53% | time: 734.6s (180.3m) | step:   3779 | train acc: 1.000 | train loss: 0.001 |test acc: 0.691 (0.712, 0.658) | test eod gap: 0.0354
 49.53% | time:   1.4s (180.3m) | step:   3779 | train acc: 1.000 | train loss: 0.001 |val acc: 0.689 (0.708, 0.659) | val eod gap: 0.0331
begin calculating influence
calculating influence -- done
Use 7095 samples. Get 5047 labels. Ratio: 1.4057856152169605
Files already downloaded and verified
7095 labeled samples and 155675 unlabeled samples. Total: 162770
 49.99% | time: 673.8s (191.5m) | step:   3814 | train acc: 0.980 | train loss: 0.140 |test acc: 0.678 (0.694, 0.653) | test eod gap: 0.0576
 49.99% | time:   1.3s (191.5m) | step:   3814 | train acc: 0.980 | train loss: 0.140 |val acc: 0.674 (0.701, 0.632) | val eod gap: 0.0381
begin calculating influence
calculating influence -- done
Use 7351 samples. Get 5303 labels. Ratio: 1.386196492551386
Files already downloaded and verified
7351 labeled samples and 155419 unlabeled samples. Total: 162770
Epoch 6
 52.62% | time: 735.0s (203.8m) | step:   4014 | train acc: 1.000 | train loss: 0.001 |test acc: 0.690 (0.713, 0.655) | test eod gap: 0.0421
 52.62% | time:   1.3s (203.8m) | step:   4014 | train acc: 1.000 | train loss: 0.001 |val acc: 0.671 (0.695, 0.635) | val eod gap: 0.0330
begin calculating influence
calculating influence -- done
Use 7607 samples. Get 5559 labels. Ratio: 1.3684115848174132
Files already downloaded and verified
7607 labeled samples and 155163 unlabeled samples. Total: 162770
 55.24% | time: 736.2s (216.1m) | step:   4214 | train acc: 1.000 | train loss: 0.001 |test acc: 0.684 (0.705, 0.651) | test eod gap: 0.0475
 55.24% | time:   1.4s (216.1m) | step:   4214 | train acc: 1.000 | train loss: 0.001 |val acc: 0.672 (0.701, 0.626) | val eod gap: 0.0235
begin calculating influence
calculating influence -- done
Use 7863 samples. Get 5815 labels. Ratio: 1.3521926053310405
Files already downloaded and verified
7863 labeled samples and 154907 unlabeled samples. Total: 162770
 57.86% | time: 737.3s (228.4m) | step:   4414 | train acc: 1.000 | train loss: 0.000 |test acc: 0.698 (0.720, 0.663) | test eod gap: 0.0456
 57.86% | time:   1.5s (228.4m) | step:   4414 | train acc: 1.000 | train loss: 0.000 |val acc: 0.695 (0.727, 0.647) | val eod gap: 0.0213
begin calculating influence
calculating influence -- done
length of new labels 2304
Use 5815+2304 = 8119 samples.
Files already downloaded and verified
8119 labeled samples and 154651 unlabeled samples. Total: 162770
 58.32% | time: 676.6s (239.7m) | step:   4449 | train acc: 0.961 | train loss: 0.131 |test acc: 0.645 (0.661, 0.618) | test eod gap: 0.0376
 58.32% | time:   1.4s (239.7m) | step:   4449 | train acc: 0.961 | train loss: 0.131 |val acc: 0.620 (0.633, 0.598) | val eod gap: 0.0163
begin calculating influence
calculating influence -- done
Use 8375 samples. Get 6071 labels. Ratio: 1.3795091418217758
Files already downloaded and verified
8375 labeled samples and 154395 unlabeled samples. Total: 162770
Epoch 7
 60.95% | time: 736.5s (252.0m) | step:   4650 | train acc: 1.000 | train loss: 0.000 |test acc: 0.696 (0.716, 0.664) | test eod gap: 0.0369
 60.95% | time:   1.4s (252.0m) | step:   4650 | train acc: 1.000 | train loss: 0.000 |val acc: 0.688 (0.712, 0.651) | val eod gap: 0.0238
begin calculating influence
calculating influence -- done
Use 8631 samples. Get 6327 labels. Ratio: 1.364153627311522
Files already downloaded and verified
8631 labeled samples and 154139 unlabeled samples. Total: 162770
 63.57% | time: 738.1s (264.3m) | step:   4850 | train acc: 1.000 | train loss: 0.000 |test acc: 0.693 (0.712, 0.662) | test eod gap: 0.0293
 63.57% | time:   1.4s (264.3m) | step:   4850 | train acc: 1.000 | train loss: 0.000 |val acc: 0.691 (0.720, 0.645) | val eod gap: 0.0288
begin calculating influence
calculating influence -- done
length of new labels 2560
Use 6327+2560 = 8887 samples.
Files already downloaded and verified
8887 labeled samples and 153883 unlabeled samples. Total: 162770
 66.19% | time: 736.8s (276.6m) | step:   5050 | train acc: 1.000 | train loss: 0.001 |test acc: 0.695 (0.717, 0.659) | test eod gap: 0.0292
 66.19% | time:   1.4s (276.6m) | step:   5050 | train acc: 1.000 | train loss: 0.001 |val acc: 0.686 (0.723, 0.627) | val eod gap: 0.0256
begin calculating influence
calculating influence -- done
Use 9143 samples. Get 6583 labels. Ratio: 1.3888804496430198
Files already downloaded and verified
9143 labeled samples and 153627 unlabeled samples. Total: 162770
 66.65% | time: 681.3s (288.0m) | step:   5085 | train acc: 0.988 | train loss: 0.101 |test acc: 0.704 (0.730, 0.665) | test eod gap: 0.0338
 66.65% | time:   1.4s (288.0m) | step:   5085 | train acc: 0.988 | train loss: 0.101 |val acc: 0.710 (0.742, 0.659) | val eod gap: 0.0647
begin calculating influence
calculating influence -- done
length of new labels 2816
Use 6583+2816 = 9399 samples.
Files already downloaded and verified
9399 labeled samples and 153371 unlabeled samples. Total: 162770
Epoch 8
 69.29% | time: 740.6s (300.4m) | step:   5286 | train acc: 1.000 | train loss: 0.000 |test acc: 0.692 (0.717, 0.651) | test eod gap: 0.0506
 69.29% | time:   1.5s (300.4m) | step:   5286 | train acc: 1.000 | train loss: 0.000 |val acc: 0.690 (0.710, 0.660) | val eod gap: 0.0677
begin calculating influence
calculating influence -- done
Use 9655 samples. Get 6839 labels. Ratio: 1.4117561046936686
Files already downloaded and verified
9655 labeled samples and 153115 unlabeled samples. Total: 162770
 71.91% | time: 738.8s (312.7m) | step:   5486 | train acc: 1.000 | train loss: 0.000 |test acc: 0.699 (0.722, 0.661) | test eod gap: 0.0342
 71.91% | time:   1.6s (312.7m) | step:   5486 | train acc: 1.000 | train loss: 0.000 |val acc: 0.706 (0.728, 0.670) | val eod gap: 0.0747
begin calculating influence
calculating influence -- done
length of new labels 3072
Use 6839+3072 = 9911 samples.
Files already downloaded and verified
9911 labeled samples and 152859 unlabeled samples. Total: 162770
 74.53% | time: 737.7s (325.0m) | step:   5686 | train acc: 1.000 | train loss: 0.002 |test acc: 0.699 (0.720, 0.666) | test eod gap: 0.0249
 74.53% | time:   1.4s (325.0m) | step:   5686 | train acc: 1.000 | train loss: 0.002 |val acc: 0.701 (0.732, 0.654) | val eod gap: 0.0213
begin calculating influence
calculating influence -- done
length of new labels 3328
Use 6839+3328 = 10167 samples.
Files already downloaded and verified
10167 labeled samples and 152603 unlabeled samples. Total: 162770
 74.99% | time: 677.4s (336.3m) | step:   5721 | train acc: 0.988 | train loss: 0.074 |test acc: 0.614 (0.630, 0.589) | test eod gap: 0.0370
 74.99% | time:   1.6s (336.4m) | step:   5721 | train acc: 0.988 | train loss: 0.074 |val acc: 0.634 (0.639, 0.627) | val eod gap: 0.0501
begin calculating influence
calculating influence -- done
Use 10423 samples. Get 7095 labels. Ratio: 1.4690627202255109
Files already downloaded and verified
10423 labeled samples and 152347 unlabeled samples. Total: 162770
Epoch 9
 77.62% | time: 738.6s (348.7m) | step:   5922 | train acc: 1.000 | train loss: 0.001 |test acc: 0.683 (0.703, 0.650) | test eod gap: 0.0437
 77.62% | time:   1.5s (348.7m) | step:   5922 | train acc: 1.000 | train loss: 0.001 |val acc: 0.688 (0.718, 0.640) | val eod gap: 0.0191
begin calculating influence
calculating influence -- done
Use 10679 samples. Get 7351 labels. Ratio: 1.4527275200652972
Files already downloaded and verified
10679 labeled samples and 152091 unlabeled samples. Total: 162770
 80.25% | time: 737.0s (361.0m) | step:   6122 | train acc: 1.000 | train loss: 0.001 |test acc: 0.677 (0.704, 0.634) | test eod gap: 0.0674
 80.25% | time:   1.4s (361.0m) | step:   6122 | train acc: 1.000 | train loss: 0.001 |val acc: 0.692 (0.716, 0.654) | val eod gap: 0.0397
begin calculating influence
calculating influence -- done
length of new labels 3584
Use 7351+3584 = 10935 samples.
Files already downloaded and verified
10935 labeled samples and 151835 unlabeled samples. Total: 162770
 82.87% | time: 737.3s (373.3m) | step:   6322 | train acc: 1.000 | train loss: 0.001 |test acc: 0.688 (0.712, 0.649) | test eod gap: 0.0464
 82.87% | time:   1.4s (373.3m) | step:   6322 | train acc: 1.000 | train loss: 0.001 |val acc: 0.691 (0.714, 0.657) | val eod gap: 0.0686
begin calculating influence
calculating influence -- done
length of new labels 3840
Use 7351+3840 = 11191 samples.
Files already downloaded and verified
11191 labeled samples and 151579 unlabeled samples. Total: 162770
 83.33% | time: 678.9s (384.6m) | step:   6357 | train acc: 0.969 | train loss: 0.120 |test acc: 0.644 (0.665, 0.612) | test eod gap: 0.0676
 83.33% | time:   1.4s (384.6m) | step:   6357 | train acc: 0.969 | train loss: 0.120 |val acc: 0.648 (0.680, 0.598) | val eod gap: 0.0669
begin calculating influence
calculating influence -- done
Use 11447 samples. Get 7607 labels. Ratio: 1.5047982121729986
Files already downloaded and verified
11447 labeled samples and 151323 unlabeled samples. Total: 162770
Epoch 10
 85.96% | time: 738.9s (397.0m) | step:   6558 | train acc: 1.000 | train loss: 0.000 |test acc: 0.686 (0.708, 0.652) | test eod gap: 0.0510
 85.96% | time:   1.5s (397.0m) | step:   6558 | train acc: 1.000 | train loss: 0.000 |val acc: 0.693 (0.724, 0.643) | val eod gap: 0.0851
begin calculating influence
calculating influence -- done
length of new labels 4096
Use 7607+4096 = 11703 samples.
Files already downloaded and verified
11703 labeled samples and 151067 unlabeled samples. Total: 162770
 88.58% | time: 736.1s (409.3m) | step:   6758 | train acc: 1.000 | train loss: 0.001 |test acc: 0.684 (0.708, 0.646) | test eod gap: 0.0601
 88.58% | time:   1.4s (409.3m) | step:   6758 | train acc: 1.000 | train loss: 0.001 |val acc: 0.688 (0.706, 0.661) | val eod gap: 0.0850
begin calculating influence
calculating influence -- done
Use 11959 samples. Get 7863 labels. Ratio: 1.5209207681546484
Files already downloaded and verified
11959 labeled samples and 150811 unlabeled samples. Total: 162770
 91.20% | time: 737.5s (421.6m) | step:   6958 | train acc: 1.000 | train loss: 0.001 |test acc: 0.681 (0.707, 0.639) | test eod gap: 0.0493
 91.20% | time:   1.4s (421.6m) | step:   6958 | train acc: 1.000 | train loss: 0.001 |val acc: 0.679 (0.695, 0.655) | val eod gap: 0.0925
begin calculating influence
calculating influence -- done
Use 12215 samples. Get 8119 labels. Ratio: 1.5044956275403374
Files already downloaded and verified
12215 labeled samples and 150555 unlabeled samples. Total: 162770
 91.66% | time: 679.3s (432.9m) | step:   6993 | train acc: 0.992 | train loss: 0.027 |test acc: 0.659 (0.671, 0.639) | test eod gap: 0.0372
 91.66% | time:   1.4s (432.9m) | step:   6993 | train acc: 0.992 | train loss: 0.027 |val acc: 0.649 (0.658, 0.635) | val eod gap: 0.0914
begin calculating influence
calculating influence -- done
Use 12471 samples. Get 8375 labels. Ratio: 1.4890746268656716
Files already downloaded and verified
12471 labeled samples and 150299 unlabeled samples. Total: 162770
Epoch 11
 94.30% | time: 738.3s (445.2m) | step:   7194 | train acc: 1.000 | train loss: 0.003 |test acc: 0.685 (0.711, 0.643) | test eod gap: 0.0445
 94.30% | time:   1.4s (445.3m) | step:   7194 | train acc: 1.000 | train loss: 0.003 |val acc: 0.698 (0.716, 0.669) | val eod gap: 0.1004
begin calculating influence
calculating influence -- done
length of new labels 4352
Use 8375+4352 = 12727 samples.
Files already downloaded and verified
12727 labeled samples and 150043 unlabeled samples. Total: 162770
 96.92% | time: 738.1s (457.6m) | step:   7394 | train acc: 0.996 | train loss: 0.019 |test acc: 0.709 (0.734, 0.668) | test eod gap: 0.0463
 96.92% | time:   1.3s (457.6m) | step:   7394 | train acc: 0.996 | train loss: 0.019 |val acc: 0.703 (0.720, 0.677) | val eod gap: 0.0705
begin calculating influence
calculating influence -- done
length of new labels 4608
Use 8375+4608 = 12983 samples.
Files already downloaded and verified
12983 labeled samples and 149787 unlabeled samples. Total: 162770
 99.54% | time: 737.6s (469.9m) | step:   7594 | train acc: 1.000 | train loss: 0.001 |test acc: 0.674 (0.696, 0.638) | test eod gap: 0.0424
 99.54% | time:   1.5s (469.9m) | step:   7594 | train acc: 1.000 | train loss: 0.001 |val acc: 0.687 (0.705, 0.658) | val eod gap: 0.0751
begin calculating influence
calculating influence -- done
Use 13239 samples. Get 8631 labels. Ratio: 1.5338894681960376
Files already downloaded and verified
13239 labeled samples and 149531 unlabeled samples. Total: 162770
100.00% | time: 679.1s (481.2m) | step:   7629 | train acc: 1.000 | train loss: 0.001 |test acc: 0.676 (0.698, 0.641) | test eod gap: 0.0368
100.00% | time:   1.4s (481.3m) | step:   7629 | train acc: 1.000 | train loss: 0.001 |val acc: 0.670 (0.689, 0.638) | val eod gap: 0.0853
begin calculating influence
calculating influence -- done
Use 13495 samples. Get 8887 labels. Ratio: 1.5185101834139754
Files already downloaded and verified
13495 labeled samples and 149275 unlabeled samples. Total: 162770
