Files already downloaded and verified
3255 originally labeled samples, 0 new samples, and 159515 unlabeled samples. Total: 162770
Files already downloaded and verified
1996 originally labeled samples, 0 new samples, and 17966 unlabeled samples. Total: 19962
Numer of layers 200
train net...
train with 162770 samples (with replacement) in one epoch
Epoch 0
  2.62% | time:  91.6s (  1.5m) | step:    200 | train acc: 0.926 | train loss: 0.190 |warm_t acc: 0.775 (0.826, 0.695) | warm_t eop gap: 0.0604
  2.62% | time:   4.7s (  1.6m) | step:    200 | train acc: 0.926 | train loss: 0.190 |warm_v acc: 0.783 (0.832, 0.701) | warm_v eop gap: 0.0689
  5.24% | time:  76.6s (  2.9m) | step:    400 | train acc: 0.770 | train loss: 0.491 |warm_t acc: 0.757 (0.827, 0.645) | warm_t eop gap: 0.0354
  5.24% | time:   1.2s (  2.9m) | step:    400 | train acc: 0.770 | train loss: 0.491 |warm_v acc: 0.772 (0.833, 0.675) | warm_v eop gap: 0.0391
  7.86% | time:  78.2s (  4.2m) | step:    600 | train acc: 0.898 | train loss: 0.223 |warm_t acc: 0.765 (0.814, 0.687) | warm_t eop gap: 0.1042
  7.86% | time:   1.1s (  4.2m) | step:    600 | train acc: 0.898 | train loss: 0.223 |warm_v acc: 0.764 (0.816, 0.679) | warm_v eop gap: 0.1102
  8.32% | time:  19.9s (  4.6m) | step:    635 | train acc: 0.969 | train loss: 0.116 |warm_t acc: 0.751 (0.796, 0.679) | warm_t eop gap: 0.1213
  8.32% | time:   1.1s (  4.6m) | step:    635 | train acc: 0.969 | train loss: 0.116 |warm_v acc: 0.751 (0.796, 0.682) | warm_v eop gap: 0.1211
Epoch 1
 10.95% | time:  75.6s (  5.8m) | step:    835 | train acc: 0.871 | train loss: 0.321 |warm_t acc: 0.775 (0.832, 0.685) | warm_t eop gap: 0.0733
 10.95% | time:   1.3s (  5.9m) | step:    835 | train acc: 0.871 | train loss: 0.321 |warm_v acc: 0.791 (0.849, 0.699) | warm_v eop gap: 0.0756
 13.57% | time:  77.2s (  7.1m) | step:   1035 | train acc: 0.969 | train loss: 0.090 |warm_t acc: 0.750 (0.798, 0.672) | warm_t eop gap: 0.1344
 13.57% | time:   1.3s (  7.2m) | step:   1035 | train acc: 0.969 | train loss: 0.090 |warm_v acc: 0.761 (0.801, 0.698) | warm_v eop gap: 0.1083
 16.19% | time:  74.4s (  8.4m) | step:   1235 | train acc: 1.000 | train loss: 0.000 |warm_t acc: 0.755 (0.806, 0.674) | warm_t eop gap: 0.1168
 16.19% | time:   1.5s (  8.4m) | step:   1235 | train acc: 1.000 | train loss: 0.000 |warm_v acc: 0.763 (0.812, 0.691) | warm_v eop gap: 0.1026
 16.65% | time:  22.2s (  8.8m) | step:   1270 | train acc: 1.000 | train loss: 0.000 |warm_t acc: 0.755 (0.806, 0.673) | warm_t eop gap: 0.1170
 16.65% | time:   1.2s (  8.8m) | step:   1270 | train acc: 1.000 | train loss: 0.000 |warm_v acc: 0.775 (0.815, 0.711) | warm_v eop gap: 0.0879
Epoch 2
 19.28% | time:  75.5s ( 10.1m) | step:   1471 | train acc: 1.000 | train loss: 0.000 |test acc: 0.755 (0.806, 0.674) | test eop gap: 0.1177
 19.28% | time:   1.5s ( 10.1m) | step:   1471 | train acc: 1.000 | train loss: 0.000 |val acc: 0.776 (0.810, 0.721) | val eop gap: 0.0727
begin calculating influence
selected layers: [Traced<ShapedArray(float32[768])>with<DynamicJaxprTrace(level=0/1)>, Traced<ShapedArray(float32[8,8,3,768])>with<DynamicJaxprTrace(level=0/1)>, Traced<ShapedArray(float32[2])>with<DynamicJaxprTrace(level=0/1)>, Traced<ShapedArray(float32[768,2])>with<DynamicJaxprTrace(level=0/1)>]
[Strategy 5] Acc of expected label: 0.7698828125
calculating influence -- done
Use 3279 samples. Get 3295 labels. Ratio: 0.995144157814871
Files already downloaded and verified
3255 originally labeled samples, 24 new samples, and 159491 unlabeled samples. Total: 162770
 21.90% | time: 713.2s ( 22.0m) | step:   1671 | train acc: 1.000 | train loss: 0.008 |test acc: 0.762 (0.834, 0.648) | test eop gap: 0.0210
 21.90% | time:   1.4s ( 22.0m) | step:   1671 | train acc: 1.000 | train loss: 0.008 |val acc: 0.783 (0.861, 0.662) | val eop gap: 0.0309
begin calculating influence
[Strategy 5] Acc of expected label: 0.7816796875
calculating influence -- done
Use 3475 samples. Get 3568 labels. Ratio: 0.9739349775784754
Files already downloaded and verified
3255 originally labeled samples, 220 new samples, and 159295 unlabeled samples. Total: 162770
 24.52% | time: 731.3s ( 34.2m) | step:   1871 | train acc: 0.957 | train loss: 0.113 |test acc: 0.755 (0.808, 0.672) | test eop gap: 0.1272
 24.52% | time:   1.5s ( 34.2m) | step:   1871 | train acc: 0.957 | train loss: 0.113 |val acc: 0.755 (0.803, 0.680) | val eop gap: 0.1163
begin calculating influence
[Strategy 5] Acc of expected label: 0.771171875
calculating influence -- done
Use 3731 samples. Get 3927 labels. Ratio: 0.9500891265597148
Files already downloaded and verified
3255 originally labeled samples, 476 new samples, and 159039 unlabeled samples. Total: 162770
 24.98% | time: 672.3s ( 45.4m) | step:   1906 | train acc: 0.984 | train loss: 0.064 |test acc: 0.762 (0.820, 0.671) | test eop gap: 0.0948
 24.98% | time:   1.7s ( 45.5m) | step:   1906 | train acc: 0.984 | train loss: 0.064 |val acc: 0.770 (0.833, 0.668) | val eop gap: 0.1042
begin calculating influence
[Strategy 5] Acc of expected label: 0.77859375
calculating influence -- done
Use 3987 samples. Get 4300 labels. Ratio: 0.9272093023255814
Files already downloaded and verified
3255 originally labeled samples, 732 new samples, and 158783 unlabeled samples. Total: 162770
Epoch 3
 27.62% | time: 737.9s ( 57.8m) | step:   2107 | train acc: 1.000 | train loss: 0.004 |test acc: 0.761 (0.818, 0.671) | test eop gap: 0.0479
 27.62% | time:   1.4s ( 57.8m) | step:   2107 | train acc: 1.000 | train loss: 0.004 |val acc: 0.768 (0.828, 0.679) | val eop gap: 0.0415
begin calculating influence
[Strategy 5] Acc of expected label: 0.7819921875
calculating influence -- done
Use 4243 samples. Get 4690 labels. Ratio: 0.9046908315565032
Files already downloaded and verified
3255 originally labeled samples, 988 new samples, and 158527 unlabeled samples. Total: 162770
 30.24% | time: 738.8s ( 70.1m) | step:   2307 | train acc: 1.000 | train loss: 0.001 |test acc: 0.768 (0.841, 0.651) | test eop gap: 0.0134
 30.24% | time:   1.3s ( 70.1m) | step:   2307 | train acc: 1.000 | train loss: 0.001 |val acc: 0.779 (0.844, 0.676) | val eop gap: 0.0186
begin calculating influence
[Strategy 5] Acc of expected label: 0.78640625
calculating influence -- done
Use 4370 samples. Get 4882 labels. Ratio: 0.8951249487914789
Files already downloaded and verified
3255 originally labeled samples, 1115 new samples, and 158400 unlabeled samples. Total: 162770
 32.86% | time: 735.4s ( 82.4m) | step:   2507 | train acc: 1.000 | train loss: 0.001 |test acc: 0.773 (0.831, 0.679) | test eop gap: 0.0439
 32.86% | time:   1.3s ( 82.4m) | step:   2507 | train acc: 1.000 | train loss: 0.001 |val acc: 0.776 (0.833, 0.687) | val eop gap: 0.0294
begin calculating influence
[Strategy 5] Acc of expected label: 0.7933203125
calculating influence -- done
Use 4506 samples. Get 5132 labels. Ratio: 0.8780202650038971
Files already downloaded and verified
3255 originally labeled samples, 1251 new samples, and 158264 unlabeled samples. Total: 162770
 33.32% | time: 680.2s ( 93.7m) | step:   2542 | train acc: 1.000 | train loss: 0.010 |test acc: 0.759 (0.816, 0.669) | test eop gap: 0.0604
 33.32% | time:   1.4s ( 93.8m) | step:   2542 | train acc: 1.000 | train loss: 0.010 |val acc: 0.766 (0.812, 0.693) | val eop gap: 0.0154
begin calculating influence
[Strategy 5] Acc of expected label: 0.78328125
calculating influence -- done
Use 4762 samples. Get 5567 labels. Ratio: 0.8553978803664452
Files already downloaded and verified
3255 originally labeled samples, 1507 new samples, and 158008 unlabeled samples. Total: 162770
Epoch 4
 35.95% | time: 732.7s (106.0m) | step:   2743 | train acc: 1.000 | train loss: 0.001 |test acc: 0.772 (0.833, 0.676) | test eop gap: 0.0525
 35.95% | time:   1.3s (106.0m) | step:   2743 | train acc: 1.000 | train loss: 0.001 |val acc: 0.783 (0.835, 0.702) | val eop gap: 0.0391
begin calculating influence
[Strategy 5] Acc of expected label: 0.793671875
calculating influence -- done
Use 4842 samples. Get 5711 labels. Ratio: 0.8478375065662757
Files already downloaded and verified
3255 originally labeled samples, 1587 new samples, and 157928 unlabeled samples. Total: 162770
 38.58% | time: 731.7s (118.2m) | step:   2943 | train acc: 1.000 | train loss: 0.007 |test acc: 0.762 (0.809, 0.688) | test eop gap: 0.0923
 38.58% | time:   1.4s (118.2m) | step:   2943 | train acc: 1.000 | train loss: 0.007 |val acc: 0.770 (0.820, 0.686) | val eop gap: 0.1048
begin calculating influence
[Strategy 5] Acc of expected label: 0.772109375
calculating influence -- done
Use 5098 samples. Get 6111 labels. Ratio: 0.8342333496972673
Files already downloaded and verified
3255 originally labeled samples, 1843 new samples, and 157672 unlabeled samples. Total: 162770
 41.20% | time: 736.3s (130.5m) | step:   3143 | train acc: 0.996 | train loss: 0.005 |test acc: 0.774 (0.833, 0.679) | test eop gap: 0.0529
 41.20% | time:   1.4s (130.5m) | step:   3143 | train acc: 0.996 | train loss: 0.005 |val acc: 0.790 (0.845, 0.704) | val eop gap: 0.0330
begin calculating influence
[Strategy 5] Acc of expected label: 0.787109375
calculating influence -- done
Use 5150 samples. Get 6193 labels. Ratio: 0.8315840465041175
Files already downloaded and verified
3255 originally labeled samples, 1895 new samples, and 157620 unlabeled samples. Total: 162770
 41.66% | time: 674.8s (141.7m) | step:   3178 | train acc: 1.000 | train loss: 0.003 |test acc: 0.771 (0.828, 0.680) | test eop gap: 0.0790
 41.66% | time:   1.2s (141.8m) | step:   3178 | train acc: 1.000 | train loss: 0.003 |val acc: 0.791 (0.842, 0.711) | val eop gap: 0.0830
begin calculating influence
[Strategy 5] Acc of expected label: 0.7888671875
calculating influence -- done
Use 5227 samples. Get 6311 labels. Ratio: 0.8282364126128982
Files already downloaded and verified
3255 originally labeled samples, 1972 new samples, and 157543 unlabeled samples. Total: 162770
Epoch 5
 44.29% | time: 728.2s (153.9m) | step:   3379 | train acc: 0.996 | train loss: 0.009 |test acc: 0.768 (0.822, 0.683) | test eop gap: 0.0687
 44.29% | time:   1.6s (153.9m) | step:   3379 | train acc: 0.996 | train loss: 0.009 |val acc: 0.778 (0.829, 0.697) | val eop gap: 0.0489
begin calculating influence
[Strategy 5] Acc of expected label: 0.784296875
calculating influence -- done
Use 5462 samples. Get 6711 labels. Ratio: 0.813887647146476
Files already downloaded and verified
3255 originally labeled samples, 2207 new samples, and 157308 unlabeled samples. Total: 162770
 46.91% | time: 730.8s (166.1m) | step:   3579 | train acc: 1.000 | train loss: 0.004 |test acc: 0.762 (0.817, 0.675) | test eop gap: 0.0551
 46.91% | time:   1.4s (166.1m) | step:   3579 | train acc: 1.000 | train loss: 0.004 |val acc: 0.781 (0.829, 0.704) | val eop gap: 0.0509
begin calculating influence
[Strategy 5] Acc of expected label: 0.7835546875
calculating influence -- done
Use 5617 samples. Get 7078 labels. Ratio: 0.7935857586888951
Files already downloaded and verified
3255 originally labeled samples, 2362 new samples, and 157153 unlabeled samples. Total: 162770
 49.53% | time: 732.3s (178.3m) | step:   3779 | train acc: 1.000 | train loss: 0.001 |test acc: 0.761 (0.810, 0.682) | test eop gap: 0.0773
 49.53% | time:   1.4s (178.4m) | step:   3779 | train acc: 1.000 | train loss: 0.001 |val acc: 0.775 (0.816, 0.711) | val eop gap: 0.0701
begin calculating influence
[Strategy 5] Acc of expected label: 0.7776953125
calculating influence -- done
Use 5873 samples. Get 7613 labels. Ratio: 0.7714435833442795
Files already downloaded and verified
3255 originally labeled samples, 2618 new samples, and 156897 unlabeled samples. Total: 162770
 49.99% | time: 672.5s (189.6m) | step:   3814 | train acc: 0.996 | train loss: 0.012 |test acc: 0.768 (0.823, 0.682) | test eop gap: 0.0511
 49.99% | time:   1.5s (189.6m) | step:   3814 | train acc: 0.996 | train loss: 0.012 |val acc: 0.782 (0.833, 0.705) | val eop gap: 0.0255
begin calculating influence
[Strategy 5] Acc of expected label: 0.78546875
calculating influence -- done
Use 6038 samples. Get 7894 labels. Ratio: 0.7648847225741069
Files already downloaded and verified
3255 originally labeled samples, 2783 new samples, and 156732 unlabeled samples. Total: 162770
Epoch 6
 52.62% | time: 725.0s (201.7m) | step:   4014 | train acc: 1.000 | train loss: 0.002 |test acc: 0.762 (0.817, 0.675) | test eop gap: 0.0585
 52.62% | time:   1.4s (201.7m) | step:   4014 | train acc: 1.000 | train loss: 0.002 |val acc: 0.769 (0.823, 0.681) | val eop gap: 0.0537
begin calculating influence
[Strategy 5] Acc of expected label: 0.78109375
calculating influence -- done
Use 6085 samples. Get 7968 labels. Ratio: 0.763679718875502
Files already downloaded and verified
3255 originally labeled samples, 2830 new samples, and 156685 unlabeled samples. Total: 162770
 55.24% | time: 724.2s (213.8m) | step:   4214 | train acc: 1.000 | train loss: 0.000 |test acc: 0.759 (0.806, 0.684) | test eop gap: 0.0589
 55.24% | time:   1.5s (213.8m) | step:   4214 | train acc: 1.000 | train loss: 0.000 |val acc: 0.756 (0.806, 0.677) | val eop gap: 0.0582
begin calculating influence
[Strategy 5] Acc of expected label: 0.776484375
calculating influence -- done
Use 6341 samples. Get 8833 labels. Ratio: 0.7178761462696706
Files already downloaded and verified
3255 originally labeled samples, 3086 new samples, and 156429 unlabeled samples. Total: 162770
 57.86% | time: 731.5s (226.0m) | step:   4414 | train acc: 1.000 | train loss: 0.003 |test acc: 0.756 (0.810, 0.672) | test eop gap: 0.0557
 57.86% | time:   1.5s (226.0m) | step:   4414 | train acc: 1.000 | train loss: 0.003 |val acc: 0.770 (0.814, 0.702) | val eop gap: 0.0281
begin calculating influence
[Strategy 5] Acc of expected label: 0.7775
calculating influence -- done
Use 6417 samples. Get 8997 labels. Ratio: 0.7132377459153051
Files already downloaded and verified
3255 originally labeled samples, 3162 new samples, and 156353 unlabeled samples. Total: 162770
 58.32% | time: 676.9s (237.3m) | step:   4449 | train acc: 0.996 | train loss: 0.009 |test acc: 0.753 (0.800, 0.677) | test eop gap: 0.0664
 58.32% | time:   1.2s (237.3m) | step:   4449 | train acc: 0.996 | train loss: 0.009 |val acc: 0.759 (0.792, 0.705) | val eop gap: 0.0337
begin calculating influence
[Strategy 5] Acc of expected label: 0.767421875
calculating influence -- done
Use 6643 samples. Get 9344 labels. Ratio: 0.7109375
Files already downloaded and verified
3255 originally labeled samples, 3388 new samples, and 156127 unlabeled samples. Total: 162770
Epoch 7
 60.95% | time: 721.9s (249.3m) | step:   4650 | train acc: 1.000 | train loss: 0.005 |test acc: 0.753 (0.801, 0.676) | test eop gap: 0.0720
 60.95% | time:   1.4s (249.4m) | step:   4650 | train acc: 1.000 | train loss: 0.005 |val acc: 0.753 (0.798, 0.680) | val eop gap: 0.0627
begin calculating influence
[Strategy 5] Acc of expected label: 0.770625
calculating influence -- done
Use 6899 samples. Get 9696 labels. Ratio: 0.7115305280528053
Files already downloaded and verified
3255 originally labeled samples, 3644 new samples, and 155871 unlabeled samples. Total: 162770
 63.57% | time: 727.1s (261.5m) | step:   4850 | train acc: 1.000 | train loss: 0.001 |test acc: 0.771 (0.821, 0.691) | test eop gap: 0.0560
 63.57% | time:   1.4s (261.5m) | step:   4850 | train acc: 1.000 | train loss: 0.001 |val acc: 0.777 (0.825, 0.703) | val eop gap: 0.0463
begin calculating influence
[Strategy 5] Acc of expected label: 0.79171875
calculating influence -- done
Use 7155 samples. Get 10263 labels. Ratio: 0.6971645717626425
Files already downloaded and verified
3255 originally labeled samples, 3900 new samples, and 155615 unlabeled samples. Total: 162770
 66.19% | time: 725.9s (273.6m) | step:   5050 | train acc: 0.988 | train loss: 0.022 |test acc: 0.771 (0.821, 0.691) | test eop gap: 0.0637
 66.19% | time:   1.5s (273.6m) | step:   5050 | train acc: 0.988 | train loss: 0.022 |val acc: 0.768 (0.816, 0.686) | val eop gap: 0.0659
begin calculating influence
[Strategy 5] Acc of expected label: 0.7911328125
calculating influence -- done
Use 7217 samples. Get 10375 labels. Ratio: 0.6956144578313253
Files already downloaded and verified
3255 originally labeled samples, 3962 new samples, and 155553 unlabeled samples. Total: 162770
 66.65% | time: 683.0s (285.0m) | step:   5085 | train acc: 0.992 | train loss: 0.028 |test acc: 0.762 (0.805, 0.694) | test eop gap: 0.0673
 66.65% | time:   1.2s (285.0m) | step:   5085 | train acc: 0.992 | train loss: 0.028 |val acc: 0.766 (0.807, 0.700) | val eop gap: 0.0668
begin calculating influence
[Strategy 5] Acc of expected label: 0.77734375
calculating influence -- done
Use 7473 samples. Get 11073 labels. Ratio: 0.6748848550528312
Files already downloaded and verified
3255 originally labeled samples, 4218 new samples, and 155297 unlabeled samples. Total: 162770
Epoch 8
 69.29% | time: 730.0s (297.2m) | step:   5286 | train acc: 0.996 | train loss: 0.012 |test acc: 0.750 (0.794, 0.679) | test eop gap: 0.0683
 69.29% | time:   1.3s (297.2m) | step:   5286 | train acc: 0.996 | train loss: 0.012 |val acc: 0.746 (0.787, 0.683) | val eop gap: 0.0723
begin calculating influence
[Strategy 5] Acc of expected label: 0.7616015625
calculating influence -- done
Use 7729 samples. Get 11447 labels. Ratio: 0.6751987420284791
Files already downloaded and verified
3255 originally labeled samples, 4474 new samples, and 155041 unlabeled samples. Total: 162770
 71.91% | time: 727.9s (309.4m) | step:   5486 | train acc: 1.000 | train loss: 0.000 |test acc: 0.767 (0.817, 0.688) | test eop gap: 0.0625
 71.91% | time:   1.5s (309.4m) | step:   5486 | train acc: 1.000 | train loss: 0.000 |val acc: 0.771 (0.811, 0.710) | val eop gap: 0.0426
begin calculating influence
[Strategy 5] Acc of expected label: 0.786484375
calculating influence -- done
Use 7753 samples. Get 11498 labels. Ratio: 0.6742911810749695
Files already downloaded and verified
3255 originally labeled samples, 4498 new samples, and 155017 unlabeled samples. Total: 162770
 74.53% | time: 730.7s (321.6m) | step:   5686 | train acc: 1.000 | train loss: 0.000 |test acc: 0.770 (0.816, 0.695) | test eop gap: 0.0546
 74.53% | time:   1.5s (321.6m) | step:   5686 | train acc: 1.000 | train loss: 0.000 |val acc: 0.755 (0.795, 0.694) | val eop gap: 0.0420
begin calculating influence
[Strategy 5] Acc of expected label: 0.7856640625
calculating influence -- done
Use 7825 samples. Get 11665 labels. Ratio: 0.6708101157308187
Files already downloaded and verified
3255 originally labeled samples, 4570 new samples, and 154945 unlabeled samples. Total: 162770
 74.99% | time: 675.1s (332.8m) | step:   5721 | train acc: 0.996 | train loss: 0.007 |test acc: 0.766 (0.810, 0.695) | test eop gap: 0.0636
 74.99% | time:   1.3s (332.9m) | step:   5721 | train acc: 0.996 | train loss: 0.007 |val acc: 0.777 (0.806, 0.732) | val eop gap: 0.0311
begin calculating influence
[Strategy 5] Acc of expected label: 0.777109375
calculating influence -- done
Use 7965 samples. Get 11867 labels. Ratio: 0.6711890115446195
Files already downloaded and verified
3255 originally labeled samples, 4710 new samples, and 154805 unlabeled samples. Total: 162770
Epoch 9
 77.62% | time: 736.0s (345.1m) | step:   5922 | train acc: 1.000 | train loss: 0.001 |test acc: 0.761 (0.808, 0.687) | test eop gap: 0.0611
 77.62% | time:   1.4s (345.2m) | step:   5922 | train acc: 1.000 | train loss: 0.001 |val acc: 0.772 (0.818, 0.700) | val eop gap: 0.0606
begin calculating influence
[Strategy 5] Acc of expected label: 0.7737109375
calculating influence -- done
Use 8199 samples. Get 12241 labels. Ratio: 0.6697982190997468
Files already downloaded and verified
3255 originally labeled samples, 4944 new samples, and 154571 unlabeled samples. Total: 162770
 80.25% | time: 726.5s (357.3m) | step:   6122 | train acc: 1.000 | train loss: 0.000 |test acc: 0.768 (0.813, 0.696) | test eop gap: 0.0638
 80.25% | time:   1.5s (357.3m) | step:   6122 | train acc: 1.000 | train loss: 0.000 |val acc: 0.778 (0.819, 0.714) | val eop gap: 0.0673
begin calculating influence
[Strategy 5] Acc of expected label: 0.7813671875
calculating influence -- done
Use 8251 samples. Get 12335 labels. Ratio: 0.6689096068098905
Files already downloaded and verified
3255 originally labeled samples, 4996 new samples, and 154519 unlabeled samples. Total: 162770
 82.87% | time: 725.3s (369.4m) | step:   6322 | train acc: 1.000 | train loss: 0.003 |test acc: 0.760 (0.806, 0.688) | test eop gap: 0.0652
 82.87% | time:   1.4s (369.4m) | step:   6322 | train acc: 1.000 | train loss: 0.003 |val acc: 0.790 (0.821, 0.739) | val eop gap: 0.0441
begin calculating influence
[Strategy 5] Acc of expected label: 0.7785546875
calculating influence -- done
Use 8353 samples. Get 12628 labels. Ratio: 0.6614665821982895
Files already downloaded and verified
3255 originally labeled samples, 5098 new samples, and 154417 unlabeled samples. Total: 162770
 83.33% | time: 674.8s (380.6m) | step:   6357 | train acc: 0.992 | train loss: 0.012 |test acc: 0.760 (0.809, 0.683) | test eop gap: 0.0611
 83.33% | time:   1.4s (380.7m) | step:   6357 | train acc: 0.992 | train loss: 0.012 |val acc: 0.783 (0.825, 0.716) | val eop gap: 0.0502
begin calculating influence
[Strategy 5] Acc of expected label: 0.77546875
calculating influence -- done
Use 8609 samples. Get 13331 labels. Ratio: 0.6457880129022578
Files already downloaded and verified
3255 originally labeled samples, 5354 new samples, and 154161 unlabeled samples. Total: 162770
Epoch 10
 85.96% | time: 718.3s (392.6m) | step:   6558 | train acc: 1.000 | train loss: 0.001 |test acc: 0.761 (0.808, 0.686) | test eop gap: 0.0693
 85.96% | time:   1.5s (392.7m) | step:   6558 | train acc: 1.000 | train loss: 0.001 |val acc: 0.777 (0.807, 0.729) | val eop gap: 0.0288
begin calculating influence
calculating influence -- done
length of new labels 256
Use 8609+256 = 8865 samples.
Files already downloaded and verified
3255 originally labeled samples, 5610 new samples, and 153905 unlabeled samples. Total: 162770
 88.58% | time: 722.6s (404.7m) | step:   6758 | train acc: 1.000 | train loss: 0.000 |test acc: 0.756 (0.801, 0.685) | test eop gap: 0.0742
 88.58% | time:   1.4s (404.7m) | step:   6758 | train acc: 1.000 | train loss: 0.000 |val acc: 0.766 (0.795, 0.723) | val eop gap: 0.0367
begin calculating influence
calculating influence -- done
length of new labels 512
Use 8609+512 = 9121 samples.
Files already downloaded and verified
3255 originally labeled samples, 5866 new samples, and 153649 unlabeled samples. Total: 162770
 91.20% | time: 728.6s (416.9m) | step:   6958 | train acc: 1.000 | train loss: 0.001 |test acc: 0.757 (0.804, 0.683) | test eop gap: 0.0630
 91.20% | time:   1.5s (416.9m) | step:   6958 | train acc: 1.000 | train loss: 0.001 |val acc: 0.764 (0.794, 0.717) | val eop gap: 0.0443
begin calculating influence
calculating influence -- done
length of new labels 768
Use 8609+768 = 9377 samples.
Files already downloaded and verified
3255 originally labeled samples, 6122 new samples, and 153393 unlabeled samples. Total: 162770
 91.66% | time: 678.7s (428.2m) | step:   6993 | train acc: 0.988 | train loss: 0.042 |test acc: 0.769 (0.819, 0.691) | test eop gap: 0.0544
 91.66% | time:   1.5s (428.2m) | step:   6993 | train acc: 0.988 | train loss: 0.042 |val acc: 0.784 (0.827, 0.719) | val eop gap: 0.0330
begin calculating influence
calculating influence -- done
length of new labels 1024
Use 8609+1024 = 9633 samples.
Files already downloaded and verified
3255 originally labeled samples, 6378 new samples, and 153137 unlabeled samples. Total: 162770
Epoch 11
 94.30% | time: 714.6s (440.1m) | step:   7194 | train acc: 1.000 | train loss: 0.003 |test acc: 0.746 (0.788, 0.679) | test eop gap: 0.0594
 94.30% | time:   1.3s (440.2m) | step:   7194 | train acc: 1.000 | train loss: 0.003 |val acc: 0.758 (0.781, 0.723) | val eop gap: 0.0372
begin calculating influence
calculating influence -- done
length of new labels 1280
Use 8609+1280 = 9889 samples.
Files already downloaded and verified
3255 originally labeled samples, 6634 new samples, and 152881 unlabeled samples. Total: 162770
 96.92% | time: 731.2s (452.4m) | step:   7394 | train acc: 0.996 | train loss: 0.011 |test acc: 0.739 (0.780, 0.673) | test eop gap: 0.0554
 96.92% | time:   1.2s (452.4m) | step:   7394 | train acc: 0.996 | train loss: 0.011 |val acc: 0.745 (0.777, 0.697) | val eop gap: 0.0476
begin calculating influence
[Strategy 5] Acc of expected label: 0.7559765625
calculating influence -- done
Use 10145 samples. Get 13988 labels. Ratio: 0.7252645124392336
Files already downloaded and verified
3255 originally labeled samples, 6890 new samples, and 152625 unlabeled samples. Total: 162770
 99.54% | time: 731.8s (464.6m) | step:   7594 | train acc: 0.988 | train loss: 0.016 |test acc: 0.747 (0.791, 0.678) | test eop gap: 0.0698
 99.54% | time:   1.2s (464.6m) | step:   7594 | train acc: 0.988 | train loss: 0.016 |val acc: 0.761 (0.800, 0.702) | val eop gap: 0.0656
begin calculating influence
calculating influence -- done
length of new labels 1536
Use 8865+1536 = 10401 samples.
Files already downloaded and verified
3255 originally labeled samples, 7146 new samples, and 152369 unlabeled samples. Total: 162770
100.00% | time: 677.3s (475.9m) | step:   7629 | train acc: 0.984 | train loss: 0.031 |test acc: 0.713 (0.747, 0.660) | test eop gap: 0.0476
100.00% | time:   1.4s (475.9m) | step:   7629 | train acc: 0.984 | train loss: 0.031 |val acc: 0.727 (0.743, 0.702) | val eop gap: 0.0069
begin calculating influence
[Strategy 5] Acc of expected label: 0.730234375
calculating influence -- done
Use 10657 samples. Get 14349 labels. Ratio: 0.7426998397100844
Files already downloaded and verified
3255 originally labeled samples, 7402 new samples, and 152113 unlabeled samples. Total: 162770
