Files already downloaded and verified
3255 originally labeled samples, 0 new samples, and 1281167 unlabeled samples. Total: 1284422
Files already downloaded and verified
1996 originally labeled samples, 0 new samples, and 17966 unlabeled samples. Total: 19962
Numer of layers 200
train net...
train with 162770 samples (with replacement) in one epoch
Epoch 0
  2.62% | time:  97.9s (  1.6m) | step:    200 | train acc: 0.926 | train loss: 0.190 |warm_t acc: 0.775 (0.826, 0.695) | warm_t eop gap: 0.0604
  2.62% | time:   4.6s (  1.7m) | step:    200 | train acc: 0.926 | train loss: 0.190 |warm_v acc: 0.783 (0.832, 0.701) | warm_v eop gap: 0.0689
  5.24% | time:  84.5s (  3.1m) | step:    400 | train acc: 0.770 | train loss: 0.491 |warm_t acc: 0.757 (0.827, 0.645) | warm_t eop gap: 0.0354
  5.24% | time:   1.4s (  3.1m) | step:    400 | train acc: 0.770 | train loss: 0.491 |warm_v acc: 0.772 (0.833, 0.675) | warm_v eop gap: 0.0391
  7.86% | time:  83.2s (  4.5m) | step:    600 | train acc: 0.898 | train loss: 0.223 |warm_t acc: 0.765 (0.814, 0.687) | warm_t eop gap: 0.1042
  7.86% | time:   1.4s (  4.6m) | step:    600 | train acc: 0.898 | train loss: 0.223 |warm_v acc: 0.764 (0.816, 0.679) | warm_v eop gap: 0.1102
  8.32% | time:  21.9s (  4.9m) | step:    635 | train acc: 0.969 | train loss: 0.116 |warm_t acc: 0.751 (0.796, 0.679) | warm_t eop gap: 0.1213
  8.32% | time:   1.4s (  4.9m) | step:    635 | train acc: 0.969 | train loss: 0.116 |warm_v acc: 0.751 (0.796, 0.682) | warm_v eop gap: 0.1211
Epoch 1
 10.95% | time:  83.4s (  6.3m) | step:    835 | train acc: 0.871 | train loss: 0.321 |warm_t acc: 0.775 (0.832, 0.685) | warm_t eop gap: 0.0733
 10.95% | time:   1.4s (  6.4m) | step:    835 | train acc: 0.871 | train loss: 0.321 |warm_v acc: 0.791 (0.849, 0.699) | warm_v eop gap: 0.0756
 13.57% | time:  82.6s (  7.7m) | step:   1035 | train acc: 0.969 | train loss: 0.090 |warm_t acc: 0.750 (0.798, 0.672) | warm_t eop gap: 0.1344
 13.57% | time:   1.5s (  7.8m) | step:   1035 | train acc: 0.969 | train loss: 0.090 |warm_v acc: 0.761 (0.801, 0.698) | warm_v eop gap: 0.1083
 16.19% | time:  80.7s (  9.1m) | step:   1235 | train acc: 1.000 | train loss: 0.000 |warm_t acc: 0.755 (0.806, 0.674) | warm_t eop gap: 0.1168
 16.19% | time:   1.5s (  9.1m) | step:   1235 | train acc: 1.000 | train loss: 0.000 |warm_v acc: 0.763 (0.812, 0.691) | warm_v eop gap: 0.1026
 16.65% | time:  24.2s (  9.5m) | step:   1270 | train acc: 1.000 | train loss: 0.000 |warm_t acc: 0.755 (0.806, 0.673) | warm_t eop gap: 0.1170
 16.65% | time:   1.4s (  9.6m) | step:   1270 | train acc: 1.000 | train loss: 0.000 |warm_v acc: 0.775 (0.815, 0.711) | warm_v eop gap: 0.0879
Epoch 2
 19.28% | time:  74.5s ( 10.8m) | step:   1471 | train acc: 1.000 | train loss: 0.000 |test acc: 0.755 (0.806, 0.674) | test eop gap: 0.1177
 19.28% | time:   1.2s ( 10.8m) | step:   1471 | train acc: 1.000 | train loss: 0.000 |val acc: 0.776 (0.810, 0.721) | val eop gap: 0.0727
begin calculating influence
selected layers: [Traced<ShapedArray(float32[768])>with<DynamicJaxprTrace(level=0/1)>, Traced<ShapedArray(float32[8,8,3,768])>with<DynamicJaxprTrace(level=0/1)>, Traced<ShapedArray(float32[2])>with<DynamicJaxprTrace(level=0/1)>, Traced<ShapedArray(float32[768,2])>with<DynamicJaxprTrace(level=0/1)>]
calculating influence -- done
length of new labels 256
Use 3255+256 = 3511 samples.
Files already downloaded and verified
3255 originally labeled samples, 256 new samples, and 1280911 unlabeled samples. Total: 1284422
 21.90% | time: 807.9s ( 24.3m) | step:   1671 | train acc: 0.992 | train loss: 0.025 |test acc: 0.752 (0.796, 0.680) | test eop gap: 0.1120
 21.90% | time:   1.4s ( 24.3m) | step:   1671 | train acc: 0.992 | train loss: 0.025 |val acc: 0.761 (0.801, 0.700) | val eop gap: 0.0985
begin calculating influence
calculating influence -- done
length of new labels 512
Use 3255+512 = 3767 samples.
Files already downloaded and verified
3255 originally labeled samples, 512 new samples, and 1280655 unlabeled samples. Total: 1284422
 24.52% | time: 831.7s ( 38.2m) | step:   1871 | train acc: 0.996 | train loss: 0.008 |test acc: 0.733 (0.789, 0.643) | test eop gap: 0.0941
 24.52% | time:   1.3s ( 38.2m) | step:   1871 | train acc: 0.996 | train loss: 0.008 |val acc: 0.749 (0.797, 0.675) | val eop gap: 0.0503
begin calculating influence
calculating influence -- done
length of new labels 768
Use 3255+768 = 4023 samples.
Files already downloaded and verified
3255 originally labeled samples, 768 new samples, and 1280399 unlabeled samples. Total: 1284422
 24.98% | time: 711.3s ( 50.0m) | step:   1906 | train acc: 1.000 | train loss: 0.004 |test acc: 0.762 (0.817, 0.675) | test eop gap: 0.0748
 24.98% | time:   1.2s ( 50.1m) | step:   1906 | train acc: 1.000 | train loss: 0.004 |val acc: 0.767 (0.828, 0.670) | val eop gap: 0.0918
begin calculating influence
calculating influence -- done
length of new labels 816
Use 3255+816 = 4071 samples.
Files already downloaded and verified
3255 originally labeled samples, 816 new samples, and 1280351 unlabeled samples. Total: 1284422
Epoch 3
 27.62% | time: 803.1s ( 63.4m) | step:   2107 | train acc: 1.000 | train loss: 0.005 |test acc: 0.766 (0.821, 0.678) | test eop gap: 0.0659
 27.62% | time:   1.3s ( 63.5m) | step:   2107 | train acc: 1.000 | train loss: 0.005 |val acc: 0.782 (0.836, 0.697) | val eop gap: 0.0620
begin calculating influence
calculating influence -- done
length of new labels 1072
Use 3255+1072 = 4327 samples.
Files already downloaded and verified
3255 originally labeled samples, 1072 new samples, and 1280095 unlabeled samples. Total: 1284422
 30.24% | time: 795.5s ( 76.7m) | step:   2307 | train acc: 1.000 | train loss: 0.001 |test acc: 0.755 (0.809, 0.668) | test eop gap: 0.0873
 30.24% | time:   1.3s ( 76.7m) | step:   2307 | train acc: 1.000 | train loss: 0.001 |val acc: 0.759 (0.818, 0.670) | val eop gap: 0.1022
begin calculating influence
calculating influence -- done
length of new labels 1328
Use 3255+1328 = 4583 samples.
Files already downloaded and verified
3255 originally labeled samples, 1328 new samples, and 1279839 unlabeled samples. Total: 1284422
 32.86% | time: 794.8s ( 90.0m) | step:   2507 | train acc: 1.000 | train loss: 0.002 |test acc: 0.760 (0.834, 0.644) | test eop gap: 0.0369
 32.86% | time:   1.2s ( 90.0m) | step:   2507 | train acc: 1.000 | train loss: 0.002 |val acc: 0.776 (0.835, 0.681) | val eop gap: 0.0217
begin calculating influence
calculating influence -- done
length of new labels 1582
Use 3255+1582 = 4837 samples.
Files already downloaded and verified
3255 originally labeled samples, 1582 new samples, and 1279585 unlabeled samples. Total: 1284422
 33.32% | time: 684.5s (101.4m) | step:   2542 | train acc: 0.988 | train loss: 0.025 |test acc: 0.746 (0.802, 0.657) | test eop gap: 0.0811
 33.32% | time:   1.2s (101.4m) | step:   2542 | train acc: 0.988 | train loss: 0.025 |val acc: 0.767 (0.810, 0.701) | val eop gap: 0.0382
begin calculating influence
calculating influence -- done
length of new labels 1838
Use 3255+1838 = 5093 samples.
Files already downloaded and verified
3255 originally labeled samples, 1838 new samples, and 1279329 unlabeled samples. Total: 1284422
Epoch 4
 35.95% | time: 743.6s (113.8m) | step:   2743 | train acc: 1.000 | train loss: 0.001 |test acc: 0.742 (0.791, 0.664) | test eop gap: 0.1073
 35.95% | time:   1.2s (113.9m) | step:   2743 | train acc: 1.000 | train loss: 0.001 |val acc: 0.761 (0.800, 0.700) | val eop gap: 0.0770
begin calculating influence
calculating influence -- done
length of new labels 2094
Use 3255+2094 = 5349 samples.
Files already downloaded and verified
3255 originally labeled samples, 2094 new samples, and 1279073 unlabeled samples. Total: 1284422
 38.58% | time: 672.6s (125.1m) | step:   2943 | train acc: 1.000 | train loss: 0.001 |test acc: 0.745 (0.796, 0.665) | test eop gap: 0.0921
 38.58% | time:   1.3s (125.1m) | step:   2943 | train acc: 1.000 | train loss: 0.001 |val acc: 0.766 (0.813, 0.692) | val eop gap: 0.0783
begin calculating influence
calculating influence -- done
length of new labels 2350
Use 3255+2350 = 5605 samples.
Files already downloaded and verified
3255 originally labeled samples, 2350 new samples, and 1278817 unlabeled samples. Total: 1284422
 41.20% | time: 675.5s (136.3m) | step:   3143 | train acc: 1.000 | train loss: 0.001 |test acc: 0.739 (0.791, 0.656) | test eop gap: 0.1108
 41.20% | time:   1.3s (136.4m) | step:   3143 | train acc: 1.000 | train loss: 0.001 |val acc: 0.764 (0.817, 0.684) | val eop gap: 0.0963
begin calculating influence
calculating influence -- done
length of new labels 2606
Use 3255+2606 = 5861 samples.
Files already downloaded and verified
3255 originally labeled samples, 2606 new samples, and 1278561 unlabeled samples. Total: 1284422
 41.66% | time: 672.1s (147.6m) | step:   3178 | train acc: 0.996 | train loss: 0.008 |test acc: 0.754 (0.808, 0.667) | test eop gap: 0.0819
 41.66% | time:   1.7s (147.6m) | step:   3178 | train acc: 0.996 | train loss: 0.008 |val acc: 0.771 (0.825, 0.688) | val eop gap: 0.0667
begin calculating influence
calculating influence -- done
length of new labels 2862
Use 3255+2862 = 6117 samples.
Files already downloaded and verified
3255 originally labeled samples, 2862 new samples, and 1278305 unlabeled samples. Total: 1284422
Epoch 5
 44.29% | time: 778.1s (160.6m) | step:   3379 | train acc: 1.000 | train loss: 0.002 |test acc: 0.765 (0.823, 0.672) | test eop gap: 0.0622
 44.29% | time:   1.5s (160.6m) | step:   3379 | train acc: 1.000 | train loss: 0.002 |val acc: 0.790 (0.839, 0.714) | val eop gap: 0.0500
begin calculating influence
calculating influence -- done
length of new labels 3118
Use 3255+3118 = 6373 samples.
Files already downloaded and verified
3255 originally labeled samples, 3118 new samples, and 1278049 unlabeled samples. Total: 1284422
 46.91% | time: 717.6s (172.6m) | step:   3579 | train acc: 1.000 | train loss: 0.001 |test acc: 0.748 (0.804, 0.660) | test eop gap: 0.0718
 46.91% | time:   1.5s (172.6m) | step:   3579 | train acc: 1.000 | train loss: 0.001 |val acc: 0.770 (0.808, 0.711) | val eop gap: 0.0452
begin calculating influence
calculating influence -- done
length of new labels 3374
Use 3255+3374 = 6629 samples.
Files already downloaded and verified
3255 originally labeled samples, 3374 new samples, and 1277793 unlabeled samples. Total: 1284422
 49.53% | time: 744.7s (185.0m) | step:   3779 | train acc: 1.000 | train loss: 0.002 |test acc: 0.753 (0.807, 0.668) | test eop gap: 0.0799
 49.53% | time:   1.4s (185.0m) | step:   3779 | train acc: 1.000 | train loss: 0.002 |val acc: 0.779 (0.820, 0.715) | val eop gap: 0.0516
begin calculating influence
calculating influence -- done
length of new labels 3630
Use 3255+3630 = 6885 samples.
Files already downloaded and verified
3255 originally labeled samples, 3630 new samples, and 1277537 unlabeled samples. Total: 1284422
 49.99% | time: 674.6s (196.3m) | step:   3814 | train acc: 0.992 | train loss: 0.018 |test acc: 0.737 (0.787, 0.658) | test eop gap: 0.0708
 49.99% | time:   1.4s (196.3m) | step:   3814 | train acc: 0.992 | train loss: 0.018 |val acc: 0.747 (0.781, 0.697) | val eop gap: 0.0234
begin calculating influence
calculating influence -- done
length of new labels 3886
Use 3255+3886 = 7141 samples.
Files already downloaded and verified
3255 originally labeled samples, 3886 new samples, and 1277281 unlabeled samples. Total: 1284422
Epoch 6
 52.62% | time: 778.3s (209.2m) | step:   4014 | train acc: 1.000 | train loss: 0.001 |test acc: 0.746 (0.797, 0.667) | test eop gap: 0.0901
 52.62% | time:   1.5s (209.3m) | step:   4014 | train acc: 1.000 | train loss: 0.001 |val acc: 0.773 (0.809, 0.719) | val eop gap: 0.0543
begin calculating influence
calculating influence -- done
length of new labels 4142
Use 3255+4142 = 7397 samples.
Files already downloaded and verified
3255 originally labeled samples, 4142 new samples, and 1277025 unlabeled samples. Total: 1284422
 55.24% | time: 756.2s (221.9m) | step:   4214 | train acc: 1.000 | train loss: 0.000 |test acc: 0.743 (0.791, 0.666) | test eop gap: 0.0859
 55.24% | time:   1.5s (221.9m) | step:   4214 | train acc: 1.000 | train loss: 0.000 |val acc: 0.776 (0.807, 0.726) | val eop gap: 0.0350
begin calculating influence
calculating influence -- done
length of new labels 4398
Use 3255+4398 = 7653 samples.
Files already downloaded and verified
3255 originally labeled samples, 4398 new samples, and 1276769 unlabeled samples. Total: 1284422
 57.86% | time: 763.0s (234.6m) | step:   4414 | train acc: 1.000 | train loss: 0.001 |test acc: 0.739 (0.787, 0.663) | test eop gap: 0.0944
 57.86% | time:   1.4s (234.6m) | step:   4414 | train acc: 1.000 | train loss: 0.001 |val acc: 0.772 (0.815, 0.705) | val eop gap: 0.0591
begin calculating influence
calculating influence -- done
length of new labels 4654
Use 3255+4654 = 7909 samples.
Files already downloaded and verified
3255 originally labeled samples, 4654 new samples, and 1276513 unlabeled samples. Total: 1284422
 58.32% | time: 693.4s (246.2m) | step:   4449 | train acc: 0.992 | train loss: 0.014 |test acc: 0.748 (0.799, 0.668) | test eop gap: 0.0833
 58.32% | time:   1.3s (246.2m) | step:   4449 | train acc: 0.992 | train loss: 0.014 |val acc: 0.772 (0.818, 0.701) | val eop gap: 0.0553
begin calculating influence
calculating influence -- done
length of new labels 4910
Use 3255+4910 = 8165 samples.
Files already downloaded and verified
3255 originally labeled samples, 4910 new samples, and 1276257 unlabeled samples. Total: 1284422
Epoch 7
 60.95% | time: 788.1s (259.4m) | step:   4650 | train acc: 1.000 | train loss: 0.001 |test acc: 0.731 (0.778, 0.658) | test eop gap: 0.1098
 60.95% | time:   1.3s (259.4m) | step:   4650 | train acc: 1.000 | train loss: 0.001 |val acc: 0.742 (0.778, 0.683) | val eop gap: 0.0741
begin calculating influence
calculating influence -- done
length of new labels 5166
Use 3255+5166 = 8421 samples.
Files already downloaded and verified
3255 originally labeled samples, 5166 new samples, and 1276001 unlabeled samples. Total: 1284422
 63.57% | time: 780.8s (272.4m) | step:   4850 | train acc: 0.996 | train loss: 0.007 |test acc: 0.734 (0.782, 0.658) | test eop gap: 0.1090
 63.57% | time:   1.4s (272.4m) | step:   4850 | train acc: 0.996 | train loss: 0.007 |val acc: 0.757 (0.792, 0.702) | val eop gap: 0.0551
begin calculating influence
calculating influence -- done
length of new labels 5422
Use 3255+5422 = 8677 samples.
Files already downloaded and verified
3255 originally labeled samples, 5422 new samples, and 1275745 unlabeled samples. Total: 1284422
 66.19% | time: 787.1s (285.5m) | step:   5050 | train acc: 0.996 | train loss: 0.010 |test acc: 0.732 (0.780, 0.655) | test eop gap: 0.1037
 66.19% | time:   1.5s (285.6m) | step:   5050 | train acc: 0.996 | train loss: 0.010 |val acc: 0.738 (0.783, 0.664) | val eop gap: 0.0987
begin calculating influence
calculating influence -- done
length of new labels 5678
Use 3255+5678 = 8933 samples.
Files already downloaded and verified
3255 originally labeled samples, 5678 new samples, and 1275489 unlabeled samples. Total: 1284422
 66.65% | time: 683.6s (296.9m) | step:   5085 | train acc: 0.977 | train loss: 0.073 |test acc: 0.746 (0.800, 0.660) | test eop gap: 0.0761
 66.65% | time:   1.1s (297.0m) | step:   5085 | train acc: 0.977 | train loss: 0.073 |val acc: 0.763 (0.816, 0.681) | val eop gap: 0.0397
begin calculating influence
calculating influence -- done
length of new labels 5934
Use 3255+5934 = 9189 samples.
Files already downloaded and verified
3255 originally labeled samples, 5934 new samples, and 1275233 unlabeled samples. Total: 1284422
Epoch 8
 69.29% | time: 776.1s (309.9m) | step:   5286 | train acc: 1.000 | train loss: 0.001 |test acc: 0.734 (0.786, 0.651) | test eop gap: 0.1065
 69.29% | time:   1.3s (309.9m) | step:   5286 | train acc: 1.000 | train loss: 0.001 |val acc: 0.763 (0.794, 0.712) | val eop gap: 0.0403
begin calculating influence
calculating influence -- done
length of new labels 6190
Use 3255+6190 = 9445 samples.
Files already downloaded and verified
3255 originally labeled samples, 6190 new samples, and 1274977 unlabeled samples. Total: 1284422
 71.91% | time: 810.7s (323.4m) | step:   5486 | train acc: 0.992 | train loss: 0.021 |test acc: 0.742 (0.797, 0.655) | test eop gap: 0.1014
 71.91% | time:   1.4s (323.5m) | step:   5486 | train acc: 0.992 | train loss: 0.021 |val acc: 0.770 (0.808, 0.709) | val eop gap: 0.0636
begin calculating influence
calculating influence -- done
length of new labels 6446
Use 3255+6446 = 9701 samples.
Files already downloaded and verified
3255 originally labeled samples, 6446 new samples, and 1274721 unlabeled samples. Total: 1284422
 74.53% | time: 816.4s (337.1m) | step:   5686 | train acc: 0.996 | train loss: 0.017 |test acc: 0.733 (0.781, 0.658) | test eop gap: 0.0944
 74.53% | time:   1.3s (337.1m) | step:   5686 | train acc: 0.996 | train loss: 0.017 |val acc: 0.748 (0.781, 0.698) | val eop gap: 0.0420
begin calculating influence
calculating influence -- done
length of new labels 6702
Use 3255+6702 = 9957 samples.
Files already downloaded and verified
3255 originally labeled samples, 6702 new samples, and 1274465 unlabeled samples. Total: 1284422
 74.99% | time: 686.9s (348.5m) | step:   5721 | train acc: 0.996 | train loss: 0.015 |test acc: 0.742 (0.793, 0.660) | test eop gap: 0.1040
 74.99% | time:   1.2s (348.6m) | step:   5721 | train acc: 0.996 | train loss: 0.015 |val acc: 0.762 (0.811, 0.686) | val eop gap: 0.0660
begin calculating influence
calculating influence -- done
length of new labels 6958
Use 3255+6958 = 10213 samples.
Files already downloaded and verified
3255 originally labeled samples, 6958 new samples, and 1274209 unlabeled samples. Total: 1284422
Epoch 9
 77.62% | time: 772.0s (361.4m) | step:   5922 | train acc: 1.000 | train loss: 0.001 |test acc: 0.748 (0.804, 0.658) | test eop gap: 0.0907
 77.62% | time:   1.2s (361.4m) | step:   5922 | train acc: 1.000 | train loss: 0.001 |val acc: 0.770 (0.811, 0.706) | val eop gap: 0.0570
begin calculating influence
calculating influence -- done
length of new labels 7214
Use 3255+7214 = 10469 samples.
Files already downloaded and verified
3255 originally labeled samples, 7214 new samples, and 1273953 unlabeled samples. Total: 1284422
 80.25% | time: 798.9s (374.8m) | step:   6122 | train acc: 0.996 | train loss: 0.009 |test acc: 0.743 (0.797, 0.657) | test eop gap: 0.0831
 80.25% | time:   1.5s (374.8m) | step:   6122 | train acc: 0.996 | train loss: 0.009 |val acc: 0.768 (0.801, 0.715) | val eop gap: 0.0431
begin calculating influence
calculating influence -- done
length of new labels 7470
Use 3255+7470 = 10725 samples.
Files already downloaded and verified
3255 originally labeled samples, 7470 new samples, and 1273697 unlabeled samples. Total: 1284422
 82.87% | time: 803.0s (388.2m) | step:   6322 | train acc: 0.988 | train loss: 0.018 |test acc: 0.732 (0.779, 0.657) | test eop gap: 0.1003
 82.87% | time:   1.6s (388.2m) | step:   6322 | train acc: 0.988 | train loss: 0.018 |val acc: 0.753 (0.778, 0.713) | val eop gap: 0.0383
begin calculating influence
calculating influence -- done
length of new labels 7726
Use 3255+7726 = 10981 samples.
Files already downloaded and verified
3255 originally labeled samples, 7726 new samples, and 1273441 unlabeled samples. Total: 1284422
 83.33% | time: 685.8s (399.6m) | step:   6357 | train acc: 0.988 | train loss: 0.030 |test acc: 0.745 (0.799, 0.660) | test eop gap: 0.0786
 83.33% | time:   1.5s (399.6m) | step:   6357 | train acc: 0.988 | train loss: 0.030 |val acc: 0.766 (0.800, 0.712) | val eop gap: 0.0030
begin calculating influence
calculating influence -- done
length of new labels 7982
Use 3255+7982 = 11237 samples.
Files already downloaded and verified
3255 originally labeled samples, 7982 new samples, and 1273185 unlabeled samples. Total: 1284422
Epoch 10
 85.96% | time: 748.9s (412.1m) | step:   6558 | train acc: 1.000 | train loss: 0.005 |test acc: 0.738 (0.788, 0.659) | test eop gap: 0.0878
 85.96% | time:   1.5s (412.2m) | step:   6558 | train acc: 1.000 | train loss: 0.005 |val acc: 0.749 (0.788, 0.685) | val eop gap: 0.0545
begin calculating influence
calculating influence -- done
length of new labels 8238
Use 3255+8238 = 11493 samples.
Files already downloaded and verified
3255 originally labeled samples, 8238 new samples, and 1272929 unlabeled samples. Total: 1284422
 88.58% | time: 774.2s (425.1m) | step:   6758 | train acc: 0.984 | train loss: 0.032 |test acc: 0.731 (0.783, 0.648) | test eop gap: 0.1066
 88.58% | time:   1.3s (425.1m) | step:   6758 | train acc: 0.984 | train loss: 0.032 |val acc: 0.751 (0.787, 0.696) | val eop gap: 0.0486
begin calculating influence
calculating influence -- done
length of new labels 8494
Use 3255+8494 = 11749 samples.
Files already downloaded and verified
3255 originally labeled samples, 8494 new samples, and 1272673 unlabeled samples. Total: 1284422
 91.20% | time: 787.5s (438.2m) | step:   6958 | train acc: 0.996 | train loss: 0.009 |test acc: 0.734 (0.782, 0.657) | test eop gap: 0.0918
 91.20% | time:   1.4s (438.2m) | step:   6958 | train acc: 0.996 | train loss: 0.009 |val acc: 0.753 (0.792, 0.691) | val eop gap: 0.0572
begin calculating influence
calculating influence -- done
length of new labels 8750
Use 3255+8750 = 12005 samples.
Files already downloaded and verified
3255 originally labeled samples, 8750 new samples, and 1272417 unlabeled samples. Total: 1284422
 91.66% | time: 641.0s (448.9m) | step:   6993 | train acc: 0.996 | train loss: 0.014 |test acc: 0.736 (0.786, 0.658) | test eop gap: 0.0878
 91.66% | time:   1.4s (448.9m) | step:   6993 | train acc: 0.996 | train loss: 0.014 |val acc: 0.767 (0.803, 0.710) | val eop gap: 0.0472
begin calculating influence
calculating influence -- done
length of new labels 9006
Use 3255+9006 = 12261 samples.
Files already downloaded and verified
3255 originally labeled samples, 9006 new samples, and 1272161 unlabeled samples. Total: 1284422
Epoch 11
 94.30% | time: 718.0s (460.9m) | step:   7194 | train acc: 1.000 | train loss: 0.001 |test acc: 0.749 (0.803, 0.664) | test eop gap: 0.0797
 94.30% | time:   1.5s (460.9m) | step:   7194 | train acc: 1.000 | train loss: 0.001 |val acc: 0.771 (0.798, 0.728) | val eop gap: 0.0046
begin calculating influence
calculating influence -- done
length of new labels 9262
Use 3255+9262 = 12517 samples.
Files already downloaded and verified
3255 originally labeled samples, 9262 new samples, and 1271905 unlabeled samples. Total: 1284422
 96.92% | time: 772.4s (473.8m) | step:   7394 | train acc: 0.980 | train loss: 0.056 |test acc: 0.728 (0.773, 0.655) | test eop gap: 0.0981
 96.92% | time:   1.7s (473.8m) | step:   7394 | train acc: 0.980 | train loss: 0.056 |val acc: 0.743 (0.770, 0.701) | val eop gap: 0.0560
begin calculating influence
calculating influence -- done
length of new labels 9518
Use 3255+9518 = 12773 samples.
Files already downloaded and verified
3255 originally labeled samples, 9518 new samples, and 1271649 unlabeled samples. Total: 1284422
 99.54% | time: 748.4s (486.3m) | step:   7594 | train acc: 1.000 | train loss: 0.007 |test acc: 0.745 (0.798, 0.662) | test eop gap: 0.0848
 99.54% | time:   1.5s (486.3m) | step:   7594 | train acc: 1.000 | train loss: 0.007 |val acc: 0.757 (0.804, 0.684) | val eop gap: 0.0498
begin calculating influence
calculating influence -- done
length of new labels 9774
Use 3255+9774 = 13029 samples.
Files already downloaded and verified
3255 originally labeled samples, 9774 new samples, and 1271393 unlabeled samples. Total: 1284422
100.00% | time: 449.3s (493.8m) | step:   7629 | train acc: 0.992 | train loss: 0.022 |test acc: 0.737 (0.786, 0.659) | test eop gap: 0.0831
100.00% | time:   1.4s (493.8m) | step:   7629 | train acc: 0.992 | train loss: 0.022 |val acc: 0.768 (0.798, 0.722) | val eop gap: 0.0265
begin calculating influence
calculating influence -- done
length of new labels 10030
Use 3255+10030 = 13285 samples.
Files already downloaded and verified
3255 originally labeled samples, 10030 new samples, and 1271137 unlabeled samples. Total: 1284422
