Files already downloaded and verified
3255 labeled samples and 159515 unlabeled samples. Total: 162770
Files already downloaded and verified
1996 labeled samples and 17966 unlabeled samples. Total: 19962
Numer of layers 200
train net...
train with 162770 samples (with replacement) in one epoch
Epoch 0
  2.62% | time:  97.2s (  1.6m) | step:    200 | train acc: 0.926 | train loss: 0.190 |warm_t acc: 0.775 (0.826, 0.695) | warm_t eod gap: 0.1474
  2.62% | time:   4.4s (  1.7m) | step:    200 | train acc: 0.926 | train loss: 0.190 |warm_v acc: 0.783 (0.832, 0.701) | warm_v eod gap: 0.1619
  5.24% | time:  79.8s (  3.0m) | step:    400 | train acc: 0.770 | train loss: 0.491 |warm_t acc: 0.757 (0.827, 0.645) | warm_t eod gap: 0.0801
  5.24% | time:   1.3s (  3.0m) | step:    400 | train acc: 0.770 | train loss: 0.491 |warm_v acc: 0.772 (0.833, 0.675) | warm_v eod gap: 0.1007
  7.86% | time:  79.7s (  4.4m) | step:    600 | train acc: 0.898 | train loss: 0.223 |warm_t acc: 0.765 (0.814, 0.687) | warm_t eod gap: 0.1981
  7.86% | time:   1.2s (  4.4m) | step:    600 | train acc: 0.898 | train loss: 0.223 |warm_v acc: 0.764 (0.816, 0.679) | warm_v eod gap: 0.2153
  8.32% | time:  20.5s (  4.7m) | step:    635 | train acc: 0.969 | train loss: 0.116 |warm_t acc: 0.751 (0.796, 0.679) | warm_t eod gap: 0.2076
  8.32% | time:   1.1s (  4.8m) | step:    635 | train acc: 0.969 | train loss: 0.116 |warm_v acc: 0.751 (0.796, 0.682) | warm_v eod gap: 0.2122
Epoch 1
 10.95% | time:  77.5s (  6.0m) | step:    835 | train acc: 0.871 | train loss: 0.321 |warm_t acc: 0.775 (0.832, 0.685) | warm_t eod gap: 0.1656
 10.95% | time:   1.4s (  6.1m) | step:    835 | train acc: 0.871 | train loss: 0.321 |warm_v acc: 0.791 (0.849, 0.699) | warm_v eod gap: 0.1720
 13.57% | time:  74.0s (  7.3m) | step:   1035 | train acc: 0.969 | train loss: 0.090 |warm_t acc: 0.750 (0.798, 0.672) | warm_t eod gap: 0.2171
 13.57% | time:   1.4s (  7.3m) | step:   1035 | train acc: 0.969 | train loss: 0.090 |warm_v acc: 0.761 (0.801, 0.698) | warm_v eod gap: 0.2179
 16.19% | time:  73.1s (  8.5m) | step:   1235 | train acc: 1.000 | train loss: 0.000 |warm_t acc: 0.755 (0.806, 0.674) | warm_t eod gap: 0.1946
 16.19% | time:   1.4s (  8.6m) | step:   1235 | train acc: 1.000 | train loss: 0.000 |warm_v acc: 0.763 (0.812, 0.691) | warm_v eod gap: 0.1929
 16.65% | time:  23.4s (  9.0m) | step:   1270 | train acc: 1.000 | train loss: 0.000 |warm_t acc: 0.755 (0.806, 0.673) | warm_t eod gap: 0.1936
 16.65% | time:   1.1s (  9.0m) | step:   1270 | train acc: 1.000 | train loss: 0.000 |warm_v acc: 0.775 (0.815, 0.711) | warm_v eod gap: 0.1956
Epoch 2
 19.28% | time:  72.3s ( 10.2m) | step:   1471 | train acc: 1.000 | train loss: 0.000 |test acc: 0.755 (0.806, 0.674) | test eod gap: 0.1953
 19.28% | time:   1.5s ( 10.2m) | step:   1471 | train acc: 1.000 | train loss: 0.000 |val acc: 0.776 (0.810, 0.721) | val eod gap: 0.1866
begin calculating influence
selected layers: [Traced<ShapedArray(float32[768])>with<DynamicJaxprTrace(level=0/1)>, Traced<ShapedArray(float32[8,8,3,768])>with<DynamicJaxprTrace(level=0/1)>, Traced<ShapedArray(float32[2])>with<DynamicJaxprTrace(level=0/1)>, Traced<ShapedArray(float32[768,2])>with<DynamicJaxprTrace(level=0/1)>]
calculating influence -- done
length of new labels 256
Use 3255+256 = 3511 samples.
Files already downloaded and verified
3511 labeled samples and 159259 unlabeled samples. Total: 162770
 21.90% | time: 735.8s ( 22.5m) | step:   1671 | train acc: 1.000 | train loss: 0.005 |test acc: 0.744 (0.793, 0.665) | test eod gap: 0.1966
 21.90% | time:   1.5s ( 22.5m) | step:   1671 | train acc: 1.000 | train loss: 0.005 |val acc: 0.768 (0.801, 0.716) | val eod gap: 0.2394
begin calculating influence
calculating influence -- done
length of new labels 512
Use 3255+512 = 3767 samples.
Files already downloaded and verified
3767 labeled samples and 159003 unlabeled samples. Total: 162770
 24.52% | time: 739.5s ( 34.8m) | step:   1871 | train acc: 1.000 | train loss: 0.005 |test acc: 0.740 (0.786, 0.667) | test eod gap: 0.1764
 24.52% | time:   1.3s ( 34.8m) | step:   1871 | train acc: 1.000 | train loss: 0.005 |val acc: 0.755 (0.798, 0.687) | val eod gap: 0.2077
begin calculating influence
[Strategy 5] Acc of expected label: 0.756015625
calculating influence -- done
Use 4023 samples. Get 3804 labels. Ratio: 1.0575709779179812
Files already downloaded and verified
4023 labeled samples and 158747 unlabeled samples. Total: 162770
 24.98% | time: 670.5s ( 46.0m) | step:   1906 | train acc: 0.996 | train loss: 0.025 |test acc: 0.734 (0.781, 0.659) | test eod gap: 0.1575
 24.98% | time:   1.6s ( 46.0m) | step:   1906 | train acc: 0.996 | train loss: 0.025 |val acc: 0.753 (0.790, 0.694) | val eod gap: 0.1484
begin calculating influence
[Strategy 5] Acc of expected label: 0.7502734375
calculating influence -- done
Use 4279 samples. Get 4357 labels. Ratio: 0.9820977736974983
Files already downloaded and verified
4279 labeled samples and 158491 unlabeled samples. Total: 162770
Epoch 3
 27.62% | time: 728.5s ( 58.2m) | step:   2107 | train acc: 1.000 | train loss: 0.001 |test acc: 0.748 (0.797, 0.671) | test eod gap: 0.1660
 27.62% | time:   1.4s ( 58.2m) | step:   2107 | train acc: 1.000 | train loss: 0.001 |val acc: 0.770 (0.817, 0.699) | val eod gap: 0.1781
begin calculating influence
calculating influence -- done
length of new labels 768
Use 3767+768 = 4535 samples.
Files already downloaded and verified
4535 labeled samples and 158235 unlabeled samples. Total: 162770
 30.24% | time: 732.9s ( 70.4m) | step:   2307 | train acc: 1.000 | train loss: 0.011 |test acc: 0.736 (0.784, 0.660) | test eod gap: 0.1458
 30.24% | time:   1.4s ( 70.4m) | step:   2307 | train acc: 1.000 | train loss: 0.011 |val acc: 0.741 (0.790, 0.662) | val eod gap: 0.1672
begin calculating influence
[Strategy 5] Acc of expected label: 0.7518359375
calculating influence -- done
Use 4791 samples. Get 4690 labels. Ratio: 1.0215351812366738
Files already downloaded and verified
4791 labeled samples and 157979 unlabeled samples. Total: 162770
 32.86% | time: 727.5s ( 82.6m) | step:   2507 | train acc: 1.000 | train loss: 0.000 |test acc: 0.740 (0.787, 0.665) | test eod gap: 0.1610
 32.86% | time:   1.7s ( 82.6m) | step:   2507 | train acc: 1.000 | train loss: 0.000 |val acc: 0.747 (0.795, 0.675) | val eod gap: 0.1915
begin calculating influence
[Strategy 5] Acc of expected label: 0.758203125
calculating influence -- done
Use 5047 samples. Get 5314 labels. Ratio: 0.9497553631915694
Files already downloaded and verified
5047 labeled samples and 157723 unlabeled samples. Total: 162770
 33.32% | time: 675.4s ( 93.9m) | step:   2542 | train acc: 1.000 | train loss: 0.006 |test acc: 0.743 (0.787, 0.673) | test eod gap: 0.1684
 33.32% | time:   1.4s ( 93.9m) | step:   2542 | train acc: 1.000 | train loss: 0.006 |val acc: 0.753 (0.799, 0.679) | val eod gap: 0.1551
begin calculating influence
[Strategy 5] Acc of expected label: 0.75671875
calculating influence -- done
Use 5303 samples. Get 5647 labels. Ratio: 0.9390826987781122
Files already downloaded and verified
5303 labeled samples and 157467 unlabeled samples. Total: 162770
Epoch 4
 35.95% | time: 730.9s (106.1m) | step:   2743 | train acc: 1.000 | train loss: 0.001 |test acc: 0.748 (0.795, 0.673) | test eod gap: 0.1538
 35.95% | time:   1.4s (106.1m) | step:   2743 | train acc: 1.000 | train loss: 0.001 |val acc: 0.746 (0.791, 0.677) | val eod gap: 0.1351
begin calculating influence
[Strategy 5] Acc of expected label: 0.7603125
calculating influence -- done
Use 5559 samples. Get 6119 labels. Ratio: 0.9084817780683118
Files already downloaded and verified
5559 labeled samples and 157211 unlabeled samples. Total: 162770
 38.58% | time: 734.5s (118.3m) | step:   2943 | train acc: 1.000 | train loss: 0.000 |test acc: 0.743 (0.793, 0.664) | test eod gap: 0.1589
 38.58% | time:   1.4s (118.3m) | step:   2943 | train acc: 1.000 | train loss: 0.000 |val acc: 0.757 (0.804, 0.680) | val eod gap: 0.1578
begin calculating influence
calculating influence -- done
length of new labels 1024
Use 4791+1024 = 5815 samples.
Files already downloaded and verified
5815 labeled samples and 156955 unlabeled samples. Total: 162770
 41.20% | time: 732.2s (130.5m) | step:   3143 | train acc: 1.000 | train loss: 0.002 |test acc: 0.748 (0.795, 0.673) | test eod gap: 0.1461
 41.20% | time:   1.4s (130.6m) | step:   3143 | train acc: 1.000 | train loss: 0.002 |val acc: 0.771 (0.819, 0.699) | val eod gap: 0.1393
begin calculating influence
calculating influence -- done
length of new labels 1280
Use 4791+1280 = 6071 samples.
Files already downloaded and verified
6071 labeled samples and 156699 unlabeled samples. Total: 162770
 41.66% | time: 674.5s (141.8m) | step:   3178 | train acc: 1.000 | train loss: 0.005 |test acc: 0.749 (0.799, 0.670) | test eod gap: 0.1469
 41.66% | time:   1.5s (141.8m) | step:   3178 | train acc: 1.000 | train loss: 0.005 |val acc: 0.768 (0.818, 0.688) | val eod gap: 0.0963
begin calculating influence
calculating influence -- done
length of new labels 1536
Use 4791+1536 = 6327 samples.
Files already downloaded and verified
6327 labeled samples and 156443 unlabeled samples. Total: 162770
Epoch 5
 44.29% | time: 731.7s (154.0m) | step:   3379 | train acc: 0.984 | train loss: 0.029 |test acc: 0.736 (0.778, 0.670) | test eod gap: 0.1324
 44.29% | time:   1.3s (154.1m) | step:   3379 | train acc: 0.984 | train loss: 0.029 |val acc: 0.745 (0.785, 0.679) | val eod gap: 0.1020
begin calculating influence
[Strategy 5] Acc of expected label: 0.7565625
calculating influence -- done
Use 6583 samples. Get 6540 labels. Ratio: 1.0065749235474006
Files already downloaded and verified
6583 labeled samples and 156187 unlabeled samples. Total: 162770
 46.91% | time: 732.6s (166.3m) | step:   3579 | train acc: 1.000 | train loss: 0.001 |test acc: 0.739 (0.783, 0.668) | test eod gap: 0.1135
 46.91% | time:   1.5s (166.3m) | step:   3579 | train acc: 1.000 | train loss: 0.001 |val acc: 0.755 (0.795, 0.691) | val eod gap: 0.0858
begin calculating influence
[Strategy 5] Acc of expected label: 0.7525390625
calculating influence -- done
Use 6839 samples. Get 7071 labels. Ratio: 0.9671899307028708
Files already downloaded and verified
6839 labeled samples and 155931 unlabeled samples. Total: 162770
 49.53% | time: 733.1s (178.5m) | step:   3779 | train acc: 0.992 | train loss: 0.014 |test acc: 0.728 (0.771, 0.660) | test eod gap: 0.1062
 49.53% | time:   1.4s (178.5m) | step:   3779 | train acc: 0.992 | train loss: 0.014 |val acc: 0.753 (0.781, 0.709) | val eod gap: 0.1007
begin calculating influence
[Strategy 5] Acc of expected label: 0.74203125
calculating influence -- done
Use 7095 samples. Get 7429 labels. Ratio: 0.9550410553237313
Files already downloaded and verified
7095 labeled samples and 155675 unlabeled samples. Total: 162770
 49.99% | time: 675.5s (189.8m) | step:   3814 | train acc: 0.980 | train loss: 0.049 |test acc: 0.748 (0.798, 0.669) | test eod gap: 0.1118
 49.99% | time:   1.5s (189.8m) | step:   3814 | train acc: 0.980 | train loss: 0.049 |val acc: 0.771 (0.810, 0.707) | val eod gap: 0.1083
begin calculating influence
calculating influence -- done
length of new labels 1792
Use 5559+1792 = 7351 samples.
Files already downloaded and verified
7351 labeled samples and 155419 unlabeled samples. Total: 162770
Epoch 6
 52.62% | time: 734.7s (202.1m) | step:   4014 | train acc: 1.000 | train loss: 0.000 |test acc: 0.734 (0.779, 0.662) | test eod gap: 0.1069
 52.62% | time:   1.5s (202.1m) | step:   4014 | train acc: 1.000 | train loss: 0.000 |val acc: 0.751 (0.793, 0.690) | val eod gap: 0.0470
begin calculating influence
[Strategy 5] Acc of expected label: 0.7523828125
calculating influence -- done
Use 7607 samples. Get 7843 labels. Ratio: 0.9699094734157848
Files already downloaded and verified
7607 labeled samples and 155163 unlabeled samples. Total: 162770
 55.24% | time: 731.0s (214.3m) | step:   4214 | train acc: 1.000 | train loss: 0.006 |test acc: 0.725 (0.767, 0.658) | test eod gap: 0.1013
 55.24% | time:   1.5s (214.3m) | step:   4214 | train acc: 1.000 | train loss: 0.006 |val acc: 0.745 (0.784, 0.683) | val eod gap: 0.0293
begin calculating influence
[Strategy 5] Acc of expected label: 0.749140625
calculating influence -- done
Use 7863 samples. Get 8196 labels. Ratio: 0.9593704245973645
Files already downloaded and verified
7863 labeled samples and 154907 unlabeled samples. Total: 162770
 57.86% | time: 725.7s (226.4m) | step:   4414 | train acc: 1.000 | train loss: 0.002 |test acc: 0.739 (0.785, 0.666) | test eod gap: 0.1044
 57.86% | time:   1.4s (226.4m) | step:   4414 | train acc: 1.000 | train loss: 0.002 |val acc: 0.762 (0.810, 0.688) | val eod gap: 0.1028
begin calculating influence
calculating influence -- done
length of new labels 2048
Use 6071+2048 = 8119 samples.
Files already downloaded and verified
8119 labeled samples and 154651 unlabeled samples. Total: 162770
 58.32% | time: 673.1s (237.6m) | step:   4449 | train acc: 0.996 | train loss: 0.014 |test acc: 0.742 (0.790, 0.664) | test eod gap: 0.0936
 58.32% | time:   1.4s (237.7m) | step:   4449 | train acc: 0.996 | train loss: 0.014 |val acc: 0.758 (0.810, 0.675) | val eod gap: 0.0782
begin calculating influence
calculating influence -- done
length of new labels 2304
Use 6071+2304 = 8375 samples.
Files already downloaded and verified
8375 labeled samples and 154395 unlabeled samples. Total: 162770
Epoch 7
 60.95% | time: 736.8s (249.9m) | step:   4650 | train acc: 1.000 | train loss: 0.002 |test acc: 0.736 (0.780, 0.666) | test eod gap: 0.1005
 60.95% | time:   1.4s (250.0m) | step:   4650 | train acc: 1.000 | train loss: 0.002 |val acc: 0.761 (0.799, 0.704) | val eod gap: 0.0796
begin calculating influence
calculating influence -- done
length of new labels 2560
Use 6071+2560 = 8631 samples.
Files already downloaded and verified
8631 labeled samples and 154139 unlabeled samples. Total: 162770
 63.57% | time: 730.9s (262.1m) | step:   4850 | train acc: 1.000 | train loss: 0.001 |test acc: 0.741 (0.786, 0.668) | test eod gap: 0.0929
 63.57% | time:   1.4s (262.2m) | step:   4850 | train acc: 1.000 | train loss: 0.001 |val acc: 0.759 (0.800, 0.694) | val eod gap: 0.0608
begin calculating influence
calculating influence -- done
length of new labels 2816
Use 6071+2816 = 8887 samples.
Files already downloaded and verified
8887 labeled samples and 153883 unlabeled samples. Total: 162770
 66.19% | time: 733.9s (274.4m) | step:   5050 | train acc: 0.996 | train loss: 0.010 |test acc: 0.736 (0.778, 0.668) | test eod gap: 0.1077
 66.19% | time:   1.5s (274.4m) | step:   5050 | train acc: 0.996 | train loss: 0.010 |val acc: 0.752 (0.777, 0.713) | val eod gap: 0.1115
begin calculating influence
[Strategy 5] Acc of expected label: 0.75421875
calculating influence -- done
Use 9143 samples. Get 8671 labels. Ratio: 1.054434321300888
Files already downloaded and verified
9143 labeled samples and 153627 unlabeled samples. Total: 162770
 66.65% | time: 673.8s (285.6m) | step:   5085 | train acc: 0.984 | train loss: 0.047 |test acc: 0.742 (0.785, 0.675) | test eod gap: 0.1221
 66.65% | time:   1.4s (285.7m) | step:   5085 | train acc: 0.984 | train loss: 0.047 |val acc: 0.777 (0.815, 0.718) | val eod gap: 0.0976
begin calculating influence
calculating influence -- done
length of new labels 3072
Use 6327+3072 = 9399 samples.
Files already downloaded and verified
9399 labeled samples and 153371 unlabeled samples. Total: 162770
Epoch 8
 69.29% | time: 731.3s (297.9m) | step:   5286 | train acc: 1.000 | train loss: 0.002 |test acc: 0.731 (0.774, 0.662) | test eod gap: 0.0946
 69.29% | time:   1.4s (297.9m) | step:   5286 | train acc: 1.000 | train loss: 0.002 |val acc: 0.752 (0.794, 0.688) | val eod gap: 0.0889
begin calculating influence
[Strategy 5] Acc of expected label: 0.7523046875
calculating influence -- done
Use 9655 samples. Get 9056 labels. Ratio: 1.0661439929328622
Files already downloaded and verified
9655 labeled samples and 153115 unlabeled samples. Total: 162770
 71.91% | time: 731.8s (310.1m) | step:   5486 | train acc: 1.000 | train loss: 0.005 |test acc: 0.735 (0.778, 0.667) | test eod gap: 0.0844
 71.91% | time:   1.3s (310.1m) | step:   5486 | train acc: 1.000 | train loss: 0.005 |val acc: 0.760 (0.799, 0.697) | val eod gap: 0.0768
begin calculating influence
calculating influence -- done
length of new labels 3328
Use 6583+3328 = 9911 samples.
Files already downloaded and verified
9911 labeled samples and 152859 unlabeled samples. Total: 162770
 74.53% | time: 733.6s (322.3m) | step:   5686 | train acc: 1.000 | train loss: 0.007 |test acc: 0.735 (0.779, 0.665) | test eod gap: 0.0994
 74.53% | time:   1.5s (322.4m) | step:   5686 | train acc: 1.000 | train loss: 0.007 |val acc: 0.763 (0.796, 0.712) | val eod gap: 0.0991
begin calculating influence
calculating influence -- done
length of new labels 3584
Use 6583+3584 = 10167 samples.
Files already downloaded and verified
10167 labeled samples and 152603 unlabeled samples. Total: 162770
 74.99% | time: 675.2s (333.6m) | step:   5721 | train acc: 1.000 | train loss: 0.013 |test acc: 0.750 (0.799, 0.671) | test eod gap: 0.0839
 74.99% | time:   1.4s (333.6m) | step:   5721 | train acc: 1.000 | train loss: 0.013 |val acc: 0.773 (0.816, 0.706) | val eod gap: 0.0704
begin calculating influence
calculating influence -- done
length of new labels 3840
Use 6583+3840 = 10423 samples.
Files already downloaded and verified
10423 labeled samples and 152347 unlabeled samples. Total: 162770
Epoch 9
 77.62% | time: 732.4s (345.8m) | step:   5922 | train acc: 0.996 | train loss: 0.007 |test acc: 0.730 (0.770, 0.667) | test eod gap: 0.0873
 77.62% | time:   1.5s (345.9m) | step:   5922 | train acc: 0.996 | train loss: 0.007 |val acc: 0.753 (0.787, 0.701) | val eod gap: 0.0515
begin calculating influence
[Strategy 5] Acc of expected label: 0.746796875
calculating influence -- done
Use 10679 samples. Get 9623 labels. Ratio: 1.1097370882261248
Files already downloaded and verified
10679 labeled samples and 152091 unlabeled samples. Total: 162770
 80.25% | time: 732.9s (358.1m) | step:   6122 | train acc: 0.988 | train loss: 0.037 |test acc: 0.717 (0.755, 0.655) | test eod gap: 0.0853
 80.25% | time:   1.5s (358.1m) | step:   6122 | train acc: 0.988 | train loss: 0.037 |val acc: 0.737 (0.769, 0.686) | val eod gap: 0.0943
begin calculating influence
[Strategy 5] Acc of expected label: 0.7427734375
calculating influence -- done
Use 10935 samples. Get 9965 labels. Ratio: 1.097340692423482
Files already downloaded and verified
10935 labeled samples and 151835 unlabeled samples. Total: 162770
 82.87% | time: 734.0s (370.3m) | step:   6322 | train acc: 0.996 | train loss: 0.008 |test acc: 0.739 (0.783, 0.668) | test eod gap: 0.0730
 82.87% | time:   1.5s (370.4m) | step:   6322 | train acc: 0.996 | train loss: 0.008 |val acc: 0.773 (0.810, 0.716) | val eod gap: 0.0828
begin calculating influence
calculating influence -- done
length of new labels 4096
Use 7095+4096 = 11191 samples.
Files already downloaded and verified
11191 labeled samples and 151579 unlabeled samples. Total: 162770
 83.33% | time: 680.6s (381.7m) | step:   6357 | train acc: 0.996 | train loss: 0.022 |test acc: 0.710 (0.742, 0.659) | test eod gap: 0.0557
 83.33% | time:   1.6s (381.7m) | step:   6357 | train acc: 0.996 | train loss: 0.022 |val acc: 0.725 (0.741, 0.699) | val eod gap: 0.0596
begin calculating influence
[Strategy 5] Acc of expected label: 0.7308984375
calculating influence -- done
Use 11447 samples. Get 10327 labels. Ratio: 1.1084535683160648
Files already downloaded and verified
11447 labeled samples and 151323 unlabeled samples. Total: 162770
Epoch 10
 85.96% | time: 734.7s (394.0m) | step:   6558 | train acc: 1.000 | train loss: 0.002 |test acc: 0.730 (0.768, 0.670) | test eod gap: 0.0829
 85.96% | time:   1.6s (394.0m) | step:   6558 | train acc: 1.000 | train loss: 0.002 |val acc: 0.766 (0.793, 0.723) | val eod gap: 0.0857
begin calculating influence
calculating influence -- done
length of new labels 4352
Use 7351+4352 = 11703 samples.
Files already downloaded and verified
11703 labeled samples and 151067 unlabeled samples. Total: 162770
 88.58% | time: 733.1s (406.2m) | step:   6758 | train acc: 0.996 | train loss: 0.011 |test acc: 0.724 (0.767, 0.656) | test eod gap: 0.0694
 88.58% | time:   1.4s (406.2m) | step:   6758 | train acc: 0.996 | train loss: 0.011 |val acc: 0.750 (0.782, 0.702) | val eod gap: 0.1015
begin calculating influence
[Strategy 5] Acc of expected label: 0.7513671875
calculating influence -- done
Use 11959 samples. Get 10765 labels. Ratio: 1.1109150023223409
Files already downloaded and verified
11959 labeled samples and 150811 unlabeled samples. Total: 162770
 91.20% | time: 732.7s (418.5m) | step:   6958 | train acc: 1.000 | train loss: 0.009 |test acc: 0.733 (0.774, 0.668) | test eod gap: 0.0719
 91.20% | time:   1.5s (418.5m) | step:   6958 | train acc: 1.000 | train loss: 0.009 |val acc: 0.761 (0.796, 0.706) | val eod gap: 0.0719
begin calculating influence
calculating influence -- done
length of new labels 4608
Use 7607+4608 = 12215 samples.
Files already downloaded and verified
12215 labeled samples and 150555 unlabeled samples. Total: 162770
 91.66% | time: 677.1s (429.8m) | step:   6993 | train acc: 1.000 | train loss: 0.005 |test acc: 0.710 (0.747, 0.649) | test eod gap: 0.0784
 91.66% | time:   1.6s (429.8m) | step:   6993 | train acc: 1.000 | train loss: 0.005 |val acc: 0.734 (0.756, 0.701) | val eod gap: 0.0309
begin calculating influence
[Strategy 5] Acc of expected label: 0.7293359375
calculating influence -- done
Use 12471 samples. Get 11092 labels. Ratio: 1.1243238369996393
Files already downloaded and verified
12471 labeled samples and 150299 unlabeled samples. Total: 162770
Epoch 11
 94.30% | time: 733.6s (442.0m) | step:   7194 | train acc: 0.996 | train loss: 0.005 |test acc: 0.727 (0.769, 0.659) | test eod gap: 0.0735
 94.30% | time:   1.5s (442.0m) | step:   7194 | train acc: 0.996 | train loss: 0.005 |val acc: 0.760 (0.791, 0.710) | val eod gap: 0.0754
begin calculating influence
calculating influence -- done
length of new labels 4864
Use 7863+4864 = 12727 samples.
Files already downloaded and verified
12727 labeled samples and 150043 unlabeled samples. Total: 162770
 96.92% | time: 733.7s (454.3m) | step:   7394 | train acc: 0.996 | train loss: 0.009 |test acc: 0.732 (0.774, 0.666) | test eod gap: 0.0740
 96.92% | time:   1.5s (454.3m) | step:   7394 | train acc: 0.996 | train loss: 0.009 |val acc: 0.758 (0.799, 0.694) | val eod gap: 0.0398
begin calculating influence
calculating influence -- done
length of new labels 5120
Use 7863+5120 = 12983 samples.
Files already downloaded and verified
12983 labeled samples and 149787 unlabeled samples. Total: 162770
 99.54% | time: 735.7s (466.6m) | step:   7594 | train acc: 0.996 | train loss: 0.008 |test acc: 0.734 (0.780, 0.661) | test eod gap: 0.0852
 99.54% | time:   1.5s (466.6m) | step:   7594 | train acc: 0.996 | train loss: 0.008 |val acc: 0.762 (0.788, 0.720) | val eod gap: 0.0932
begin calculating influence
calculating influence -- done
length of new labels 5376
Use 7863+5376 = 13239 samples.
Files already downloaded and verified
13239 labeled samples and 149531 unlabeled samples. Total: 162770
100.00% | time: 679.5s (477.9m) | step:   7629 | train acc: 0.996 | train loss: 0.016 |test acc: 0.730 (0.771, 0.665) | test eod gap: 0.0663
100.00% | time:   1.6s (477.9m) | step:   7629 | train acc: 0.996 | train loss: 0.016 |val acc: 0.777 (0.811, 0.722) | val eod gap: 0.0415
begin calculating influence
calculating influence -- done
length of new labels 5632
Use 7863+5632 = 13495 samples.
Files already downloaded and verified
13495 labeled samples and 149275 unlabeled samples. Total: 162770
