Files already downloaded and verified
3255 originally labeled samples, 0 new samples, and 159515 unlabeled samples. Total: 162770
Files already downloaded and verified
1996 originally labeled samples, 0 new samples, and 17966 unlabeled samples. Total: 19962
Numer of layers 200
train net...
train with 162770 samples (with replacement) in one epoch
Epoch 0
  2.62% | time:  99.3s (  1.7m) | step:    200 | train acc: 0.914 | train loss: 0.217 |warm_t acc: 0.773 (0.832, 0.678) | warm_t eop gap: 0.0508
  2.62% | time:   5.6s (  1.7m) | step:    200 | train acc: 0.914 | train loss: 0.217 |warm_v acc: 0.786 (0.839, 0.697) | warm_v eop gap: 0.0550
  5.24% | time:  78.5s (  3.1m) | step:    400 | train acc: 1.000 | train loss: 0.000 |warm_t acc: 0.766 (0.820, 0.680) | warm_t eop gap: 0.0974
  5.24% | time:   1.4s (  3.1m) | step:    400 | train acc: 1.000 | train loss: 0.000 |warm_v acc: 0.779 (0.825, 0.704) | warm_v eop gap: 0.1067
  7.86% | time:  78.7s (  4.4m) | step:    600 | train acc: 1.000 | train loss: 0.000 |warm_t acc: 0.765 (0.819, 0.680) | warm_t eop gap: 0.0978
  7.86% | time:   1.3s (  4.4m) | step:    600 | train acc: 1.000 | train loss: 0.000 |warm_v acc: 0.782 (0.832, 0.701) | warm_v eop gap: 0.1060
  8.32% | time:  22.4s (  4.8m) | step:    635 | train acc: 1.000 | train loss: 0.000 |warm_t acc: 0.765 (0.818, 0.681) | warm_t eop gap: 0.0979
  8.32% | time:   1.3s (  4.8m) | step:    635 | train acc: 1.000 | train loss: 0.000 |warm_v acc: 0.773 (0.816, 0.710) | warm_v eop gap: 0.1074
Epoch 1
 10.95% | time:  78.7s (  6.1m) | step:    835 | train acc: 1.000 | train loss: 0.000 |warm_t acc: 0.766 (0.819, 0.681) | warm_t eop gap: 0.0981
 10.95% | time:   1.2s (  6.1m) | step:    835 | train acc: 1.000 | train loss: 0.000 |warm_v acc: 0.785 (0.830, 0.712) | warm_v eop gap: 0.0934
 13.57% | time:  79.9s (  7.5m) | step:   1035 | train acc: 1.000 | train loss: 0.000 |warm_t acc: 0.765 (0.818, 0.681) | warm_t eop gap: 0.0976
 13.57% | time:   1.6s (  7.5m) | step:   1035 | train acc: 1.000 | train loss: 0.000 |warm_v acc: 0.788 (0.841, 0.705) | warm_v eop gap: 0.1139
 16.19% | time:  76.8s (  8.8m) | step:   1235 | train acc: 1.000 | train loss: 0.000 |warm_t acc: 0.765 (0.819, 0.681) | warm_t eop gap: 0.0974
 16.19% | time:   1.5s (  8.8m) | step:   1235 | train acc: 1.000 | train loss: 0.000 |warm_v acc: 0.776 (0.827, 0.702) | warm_v eop gap: 0.0933
 16.65% | time:  23.3s (  9.2m) | step:   1270 | train acc: 1.000 | train loss: 0.000 |warm_t acc: 0.765 (0.819, 0.681) | warm_t eop gap: 0.0971
 16.65% | time:   1.4s (  9.2m) | step:   1270 | train acc: 1.000 | train loss: 0.000 |warm_v acc: 0.786 (0.832, 0.713) | warm_v eop gap: 0.1049
Epoch 2
 19.28% | time:  69.2s ( 10.4m) | step:   1471 | train acc: 1.000 | train loss: 0.000 |test acc: 0.766 (0.819, 0.682) | test eop gap: 0.0970
 19.28% | time:   1.4s ( 10.4m) | step:   1471 | train acc: 1.000 | train loss: 0.000 |val acc: 0.783 (0.830, 0.707) | val eop gap: 0.1007
begin calculating influence
selected layers: [Traced<ShapedArray(float32[768])>with<DynamicJaxprTrace(level=0/1)>, Traced<ShapedArray(float32[8,8,3,768])>with<DynamicJaxprTrace(level=0/1)>, Traced<ShapedArray(float32[2])>with<DynamicJaxprTrace(level=0/1)>, Traced<ShapedArray(float32[768,2])>with<DynamicJaxprTrace(level=0/1)>]
[Strategy 2] Acc of expected label: 0.7775390625
calculating influence -- done
Use 3260 samples. Get 3270 labels. Ratio: 0.9969418960244648
Files already downloaded and verified
3255 originally labeled samples, 5 new samples, and 159510 unlabeled samples. Total: 162770
