Files already downloaded and verified
3255 labeled samples and 159515 unlabeled samples. Total: 162770
Files already downloaded and verified
1996 labeled samples and 17966 unlabeled samples. Total: 19962
Numer of layers 200
train net...
train with 162770 samples (with replacement) in one epoch
Epoch 0
  2.62% | time:  91.7s (  1.5m) | step:    200 | train acc: 0.926 | train loss: 0.190 |warm_t acc: 0.775 (0.826, 0.695) | warm_t eop gap: 0.0604
  2.62% | time:   4.0s (  1.6m) | step:    200 | train acc: 0.926 | train loss: 0.190 |warm_v acc: 0.783 (0.832, 0.701) | warm_v eop gap: 0.0689
  5.24% | time:  74.5s (  2.8m) | step:    400 | train acc: 0.770 | train loss: 0.491 |warm_t acc: 0.757 (0.827, 0.645) | warm_t eop gap: 0.0354
  5.24% | time:   1.1s (  2.9m) | step:    400 | train acc: 0.770 | train loss: 0.491 |warm_v acc: 0.772 (0.833, 0.675) | warm_v eop gap: 0.0391
  7.86% | time:  75.8s (  4.1m) | step:    600 | train acc: 0.898 | train loss: 0.223 |warm_t acc: 0.765 (0.814, 0.687) | warm_t eop gap: 0.1042
  7.86% | time:   1.4s (  4.1m) | step:    600 | train acc: 0.898 | train loss: 0.223 |warm_v acc: 0.764 (0.816, 0.679) | warm_v eop gap: 0.1102
  8.32% | time:  19.6s (  4.5m) | step:    635 | train acc: 0.969 | train loss: 0.116 |warm_t acc: 0.751 (0.796, 0.679) | warm_t eop gap: 0.1213
  8.32% | time:   1.4s (  4.5m) | step:    635 | train acc: 0.969 | train loss: 0.116 |warm_v acc: 0.751 (0.796, 0.682) | warm_v eop gap: 0.1211
Epoch 1
 10.95% | time:  73.3s (  5.7m) | step:    835 | train acc: 0.871 | train loss: 0.321 |warm_t acc: 0.775 (0.832, 0.685) | warm_t eop gap: 0.0733
 10.95% | time:   1.4s (  5.7m) | step:    835 | train acc: 0.871 | train loss: 0.321 |warm_v acc: 0.791 (0.849, 0.699) | warm_v eop gap: 0.0756
 13.57% | time:  74.6s (  7.0m) | step:   1035 | train acc: 0.969 | train loss: 0.090 |warm_t acc: 0.750 (0.798, 0.672) | warm_t eop gap: 0.1344
 13.57% | time:   1.4s (  7.0m) | step:   1035 | train acc: 0.969 | train loss: 0.090 |warm_v acc: 0.761 (0.801, 0.698) | warm_v eop gap: 0.1083
 16.19% | time:  74.7s (  8.2m) | step:   1235 | train acc: 1.000 | train loss: 0.000 |warm_t acc: 0.755 (0.806, 0.674) | warm_t eop gap: 0.1168
 16.19% | time:   1.4s (  8.3m) | step:   1235 | train acc: 1.000 | train loss: 0.000 |warm_v acc: 0.763 (0.812, 0.691) | warm_v eop gap: 0.1026
 16.65% | time:  22.8s (  8.7m) | step:   1270 | train acc: 1.000 | train loss: 0.000 |warm_t acc: 0.755 (0.806, 0.673) | warm_t eop gap: 0.1170
 16.65% | time:   1.1s (  8.7m) | step:   1270 | train acc: 1.000 | train loss: 0.000 |warm_v acc: 0.775 (0.815, 0.711) | warm_v eop gap: 0.0879
Epoch 2
 19.28% | time:  73.1s (  9.9m) | step:   1471 | train acc: 1.000 | train loss: 0.000 |test acc: 0.755 (0.806, 0.674) | test eop gap: 0.1177
 19.28% | time:   1.4s (  9.9m) | step:   1471 | train acc: 1.000 | train loss: 0.000 |val acc: 0.776 (0.810, 0.721) | val eop gap: 0.0727
begin calculating influence
selected layers: [Traced<ShapedArray(float32[768])>with<DynamicJaxprTrace(level=0/1)>, Traced<ShapedArray(float32[8,8,3,768])>with<DynamicJaxprTrace(level=0/1)>, Traced<ShapedArray(float32[2])>with<DynamicJaxprTrace(level=0/1)>, Traced<ShapedArray(float32[768,2])>with<DynamicJaxprTrace(level=0/1)>]
calculating influence -- done
length of new labels 40
Use 3255+40 = 3295 samples.
Files already downloaded and verified
3295 labeled samples and 159475 unlabeled samples. Total: 162770
 21.90% | time: 717.0s ( 21.9m) | step:   1671 | train acc: 1.000 | train loss: 0.000 |test acc: 0.756 (0.805, 0.678) | test eop gap: 0.1116
 21.90% | time:   1.4s ( 21.9m) | step:   1671 | train acc: 1.000 | train loss: 0.000 |val acc: 0.774 (0.816, 0.710) | val eop gap: 0.0813
begin calculating influence
calculating influence -- done
length of new labels 103
Use 3255+103 = 3358 samples.
Files already downloaded and verified
3358 labeled samples and 159412 unlabeled samples. Total: 162770
 24.52% | time: 724.7s ( 34.0m) | step:   1871 | train acc: 0.867 | train loss: 0.353 |test acc: 0.770 (0.820, 0.690) | test eop gap: 0.0937
 24.52% | time:   1.3s ( 34.0m) | step:   1871 | train acc: 0.867 | train loss: 0.353 |val acc: 0.773 (0.828, 0.688) | val eop gap: 0.0921
begin calculating influence
calculating influence -- done
length of new labels 359
Use 3255+359 = 3614 samples.
Files already downloaded and verified
3614 labeled samples and 159156 unlabeled samples. Total: 162770
 24.98% | time: 673.5s ( 45.2m) | step:   1906 | train acc: 0.934 | train loss: 0.202 |test acc: 0.766 (0.819, 0.681) | test eop gap: 0.0755
 24.98% | time:   1.5s ( 45.2m) | step:   1906 | train acc: 0.934 | train loss: 0.202 |val acc: 0.783 (0.835, 0.703) | val eop gap: 0.0800
begin calculating influence
calculating influence -- done
length of new labels 615
Use 3255+615 = 3870 samples.
Files already downloaded and verified
3870 labeled samples and 158900 unlabeled samples. Total: 162770
Epoch 3
 27.62% | time: 716.0s ( 57.2m) | step:   2107 | train acc: 0.980 | train loss: 0.089 |test acc: 0.760 (0.816, 0.672) | test eop gap: 0.0810
 27.62% | time:   1.4s ( 57.2m) | step:   2107 | train acc: 0.980 | train loss: 0.089 |val acc: 0.775 (0.836, 0.677) | val eop gap: 0.0933
begin calculating influence
calculating influence -- done
length of new labels 871
Use 3255+871 = 4126 samples.
Files already downloaded and verified
4126 labeled samples and 158644 unlabeled samples. Total: 162770
 30.24% | time: 726.0s ( 69.3m) | step:   2307 | train acc: 1.000 | train loss: 0.005 |test acc: 0.752 (0.804, 0.669) | test eop gap: 0.0892
 30.24% | time:   1.4s ( 69.3m) | step:   2307 | train acc: 1.000 | train loss: 0.005 |val acc: 0.771 (0.824, 0.688) | val eop gap: 0.1078
begin calculating influence
calculating influence -- done
length of new labels 1127
Use 3255+1127 = 4382 samples.
Files already downloaded and verified
4382 labeled samples and 158388 unlabeled samples. Total: 162770
 32.86% | time: 720.7s ( 81.3m) | step:   2507 | train acc: 1.000 | train loss: 0.004 |test acc: 0.754 (0.802, 0.677) | test eop gap: 0.0954
 32.86% | time:   1.4s ( 81.3m) | step:   2507 | train acc: 1.000 | train loss: 0.004 |val acc: 0.761 (0.802, 0.696) | val eop gap: 0.0889
begin calculating influence
calculating influence -- done
length of new labels 1180
Use 3255+1180 = 4435 samples.
Files already downloaded and verified
4435 labeled samples and 158335 unlabeled samples. Total: 162770
 33.32% | time: 667.4s ( 92.5m) | step:   2542 | train acc: 1.000 | train loss: 0.003 |test acc: 0.754 (0.802, 0.678) | test eop gap: 0.0873
 33.32% | time:   1.2s ( 92.5m) | step:   2542 | train acc: 1.000 | train loss: 0.003 |val acc: 0.753 (0.798, 0.685) | val eop gap: 0.0989
begin calculating influence
[Strategy 2] Acc of expected label: 0.7678125
calculating influence -- done
Use 4630 samples. Get 3654 labels. Ratio: 1.267104542966612
Files already downloaded and verified
4630 labeled samples and 158140 unlabeled samples. Total: 162770
Epoch 4
 35.95% | time: 719.6s (104.5m) | step:   2743 | train acc: 1.000 | train loss: 0.001 |test acc: 0.753 (0.800, 0.678) | test eop gap: 0.0950
 35.95% | time:   1.4s (104.5m) | step:   2743 | train acc: 1.000 | train loss: 0.001 |val acc: 0.761 (0.797, 0.706) | val eop gap: 0.0713
begin calculating influence
calculating influence -- done
length of new labels 1436
Use 3450+1436 = 4886 samples.
Files already downloaded and verified
4886 labeled samples and 157884 unlabeled samples. Total: 162770
 38.58% | time: 720.4s (116.5m) | step:   2943 | train acc: 1.000 | train loss: 0.002 |test acc: 0.750 (0.797, 0.676) | test eop gap: 0.0900
 38.58% | time:   1.4s (116.5m) | step:   2943 | train acc: 1.000 | train loss: 0.002 |val acc: 0.762 (0.800, 0.700) | val eop gap: 0.0956
begin calculating influence
calculating influence -- done
length of new labels 1692
Use 3450+1692 = 5142 samples.
Files already downloaded and verified
5142 labeled samples and 157628 unlabeled samples. Total: 162770
 41.20% | time: 721.8s (128.6m) | step:   3143 | train acc: 1.000 | train loss: 0.001 |test acc: 0.755 (0.801, 0.681) | test eop gap: 0.0801
 41.20% | time:   1.4s (128.6m) | step:   3143 | train acc: 1.000 | train loss: 0.001 |val acc: 0.758 (0.816, 0.668) | val eop gap: 0.0932
begin calculating influence
calculating influence -- done
length of new labels 1760
Use 3450+1760 = 5210 samples.
Files already downloaded and verified
5210 labeled samples and 157560 unlabeled samples. Total: 162770
 41.66% | time: 667.3s (139.7m) | step:   3178 | train acc: 0.996 | train loss: 0.011 |test acc: 0.748 (0.791, 0.680) | test eop gap: 0.0902
 41.66% | time:   1.2s (139.7m) | step:   3178 | train acc: 0.996 | train loss: 0.011 |val acc: 0.762 (0.805, 0.695) | val eop gap: 0.0936
begin calculating influence
calculating influence -- done
length of new labels 1899
Use 3450+1899 = 5349 samples.
Files already downloaded and verified
5349 labeled samples and 157421 unlabeled samples. Total: 162770
Epoch 5
 44.29% | time: 718.3s (151.7m) | step:   3379 | train acc: 1.000 | train loss: 0.001 |test acc: 0.752 (0.798, 0.678) | test eop gap: 0.0735
 44.29% | time:   1.4s (151.7m) | step:   3379 | train acc: 1.000 | train loss: 0.001 |val acc: 0.770 (0.808, 0.711) | val eop gap: 0.0532
begin calculating influence
calculating influence -- done
length of new labels 2155
Use 3450+2155 = 5605 samples.
Files already downloaded and verified
5605 labeled samples and 157165 unlabeled samples. Total: 162770
 46.91% | time: 721.0s (163.7m) | step:   3579 | train acc: 0.996 | train loss: 0.009 |test acc: 0.744 (0.785, 0.678) | test eop gap: 0.0918
 46.91% | time:   1.5s (163.8m) | step:   3579 | train acc: 0.996 | train loss: 0.009 |val acc: 0.746 (0.790, 0.680) | val eop gap: 0.1012
begin calculating influence
[Strategy 2] Acc of expected label: 0.7591015625
calculating influence -- done
Use 5861 samples. Get 4111 labels. Ratio: 1.4256871807346145
Files already downloaded and verified
5861 labeled samples and 156909 unlabeled samples. Total: 162770
 49.53% | time: 720.4s (175.8m) | step:   3779 | train acc: 1.000 | train loss: 0.000 |test acc: 0.748 (0.794, 0.675) | test eop gap: 0.0879
 49.53% | time:   1.5s (175.8m) | step:   3779 | train acc: 1.000 | train loss: 0.000 |val acc: 0.762 (0.793, 0.715) | val eop gap: 0.0468
begin calculating influence
calculating influence -- done
length of new labels 2411
Use 3706+2411 = 6117 samples.
Files already downloaded and verified
6117 labeled samples and 156653 unlabeled samples. Total: 162770
 49.99% | time: 667.8s (186.9m) | step:   3814 | train acc: 1.000 | train loss: 0.005 |test acc: 0.736 (0.780, 0.667) | test eop gap: 0.0918
 49.99% | time:   1.3s (187.0m) | step:   3814 | train acc: 1.000 | train loss: 0.005 |val acc: 0.742 (0.790, 0.668) | val eop gap: 0.0977
begin calculating influence
[Strategy 2] Acc of expected label: 0.747734375
calculating influence -- done
Use 6373 samples. Get 4482 labels. Ratio: 1.4219098616688979
Files already downloaded and verified
6373 labeled samples and 156397 unlabeled samples. Total: 162770
Epoch 6
 52.62% | time: 716.8s (198.9m) | step:   4014 | train acc: 1.000 | train loss: 0.002 |test acc: 0.752 (0.798, 0.679) | test eop gap: 0.0787
 52.62% | time:   1.4s (198.9m) | step:   4014 | train acc: 1.000 | train loss: 0.002 |val acc: 0.764 (0.804, 0.700) | val eop gap: 0.0560
begin calculating influence
calculating influence -- done
length of new labels 2667
Use 3962+2667 = 6629 samples.
Files already downloaded and verified
6629 labeled samples and 156141 unlabeled samples. Total: 162770
 55.24% | time: 721.9s (211.0m) | step:   4214 | train acc: 1.000 | train loss: 0.002 |test acc: 0.740 (0.781, 0.674) | test eop gap: 0.0867
 55.24% | time:   1.5s (211.0m) | step:   4214 | train acc: 1.000 | train loss: 0.002 |val acc: 0.753 (0.793, 0.690) | val eop gap: 0.0862
begin calculating influence
[Strategy 2] Acc of expected label: 0.755625
calculating influence -- done
Use 6885 samples. Get 4846 labels. Ratio: 1.4207593891869583
Files already downloaded and verified
6885 labeled samples and 155885 unlabeled samples. Total: 162770
 57.86% | time: 720.8s (223.0m) | step:   4414 | train acc: 0.996 | train loss: 0.012 |test acc: 0.747 (0.789, 0.682) | test eop gap: 0.0799
 57.86% | time:   1.4s (223.0m) | step:   4414 | train acc: 0.996 | train loss: 0.012 |val acc: 0.766 (0.796, 0.718) | val eop gap: 0.0676
begin calculating influence
calculating influence -- done
length of new labels 2923
Use 4218+2923 = 7141 samples.
Files already downloaded and verified
7141 labeled samples and 155629 unlabeled samples. Total: 162770
 58.32% | time: 668.0s (234.1m) | step:   4449 | train acc: 0.965 | train loss: 0.090 |test acc: 0.751 (0.796, 0.679) | test eop gap: 0.0678
 58.32% | time:   1.2s (234.2m) | step:   4449 | train acc: 0.965 | train loss: 0.090 |val acc: 0.766 (0.810, 0.699) | val eop gap: 0.0831
begin calculating influence
calculating influence -- done
length of new labels 3179
Use 4218+3179 = 7397 samples.
Files already downloaded and verified
7397 labeled samples and 155373 unlabeled samples. Total: 162770
Epoch 7
 60.95% | time: 717.6s (246.1m) | step:   4650 | train acc: 1.000 | train loss: 0.001 |test acc: 0.749 (0.792, 0.682) | test eop gap: 0.0746
 60.95% | time:   1.5s (246.2m) | step:   4650 | train acc: 1.000 | train loss: 0.001 |val acc: 0.758 (0.791, 0.707) | val eop gap: 0.0615
begin calculating influence
calculating influence -- done
length of new labels 3435
Use 4218+3435 = 7653 samples.
Files already downloaded and verified
7653 labeled samples and 155117 unlabeled samples. Total: 162770
 63.57% | time: 720.2s (258.2m) | step:   4850 | train acc: 1.000 | train loss: 0.000 |test acc: 0.743 (0.782, 0.681) | test eop gap: 0.0789
 63.57% | time:   1.4s (258.2m) | step:   4850 | train acc: 1.000 | train loss: 0.000 |val acc: 0.758 (0.776, 0.731) | val eop gap: 0.0282
begin calculating influence
calculating influence -- done
length of new labels 3691
Use 4218+3691 = 7909 samples.
Files already downloaded and verified
7909 labeled samples and 154861 unlabeled samples. Total: 162770
 66.19% | time: 720.9s (270.2m) | step:   5050 | train acc: 1.000 | train loss: 0.005 |test acc: 0.745 (0.786, 0.680) | test eop gap: 0.0739
 66.19% | time:   1.4s (270.2m) | step:   5050 | train acc: 1.000 | train loss: 0.005 |val acc: 0.770 (0.788, 0.742) | val eop gap: 0.0266
begin calculating influence
calculating influence -- done
length of new labels 3947
Use 4218+3947 = 8165 samples.
Files already downloaded and verified
8165 labeled samples and 154605 unlabeled samples. Total: 162770
 66.65% | time: 668.9s (281.4m) | step:   5085 | train acc: 0.988 | train loss: 0.016 |test acc: 0.752 (0.795, 0.684) | test eop gap: 0.0585
 66.65% | time:   1.4s (281.4m) | step:   5085 | train acc: 0.988 | train loss: 0.016 |val acc: 0.777 (0.801, 0.739) | val eop gap: 0.0237
begin calculating influence
calculating influence -- done
length of new labels 4203
Use 4218+4203 = 8421 samples.
Files already downloaded and verified
8421 labeled samples and 154349 unlabeled samples. Total: 162770
Epoch 8
 69.29% | time: 716.1s (293.3m) | step:   5286 | train acc: 1.000 | train loss: 0.001 |test acc: 0.742 (0.780, 0.680) | test eop gap: 0.0735
 69.29% | time:   1.4s (293.3m) | step:   5286 | train acc: 1.000 | train loss: 0.001 |val acc: 0.773 (0.789, 0.747) | val eop gap: 0.0315
begin calculating influence
calculating influence -- done
length of new labels 4459
Use 4218+4459 = 8677 samples.
Files already downloaded and verified
8677 labeled samples and 154093 unlabeled samples. Total: 162770
 71.91% | time: 723.1s (305.4m) | step:   5486 | train acc: 1.000 | train loss: 0.003 |test acc: 0.739 (0.779, 0.675) | test eop gap: 0.0699
 71.91% | time:   1.4s (305.4m) | step:   5486 | train acc: 1.000 | train loss: 0.003 |val acc: 0.761 (0.782, 0.730) | val eop gap: 0.0344
begin calculating influence
calculating influence -- done
length of new labels 4715
Use 4218+4715 = 8933 samples.
Files already downloaded and verified
8933 labeled samples and 153837 unlabeled samples. Total: 162770
 74.53% | time: 721.9s (317.5m) | step:   5686 | train acc: 1.000 | train loss: 0.008 |test acc: 0.738 (0.778, 0.673) | test eop gap: 0.0839
 74.53% | time:   1.4s (317.5m) | step:   5686 | train acc: 1.000 | train loss: 0.008 |val acc: 0.748 (0.770, 0.714) | val eop gap: 0.0238
begin calculating influence
[Strategy 2] Acc of expected label: 0.7516796875
calculating influence -- done
Use 9189 samples. Get 5416 labels. Ratio: 1.6966395864106352
Files already downloaded and verified
9189 labeled samples and 153581 unlabeled samples. Total: 162770
 74.99% | time: 668.3s (328.6m) | step:   5721 | train acc: 1.000 | train loss: 0.010 |test acc: 0.731 (0.771, 0.667) | test eop gap: 0.0846
 74.99% | time:   1.4s (328.6m) | step:   5721 | train acc: 1.000 | train loss: 0.010 |val acc: 0.751 (0.778, 0.709) | val eop gap: 0.0499
begin calculating influence
[Strategy 2] Acc of expected label: 0.748203125
calculating influence -- done
Use 9445 samples. Get 5814 labels. Ratio: 1.6245270037839696
Files already downloaded and verified
9445 labeled samples and 153325 unlabeled samples. Total: 162770
Epoch 9
 77.62% | time: 715.9s (340.6m) | step:   5922 | train acc: 1.000 | train loss: 0.004 |test acc: 0.749 (0.794, 0.679) | test eop gap: 0.0802
 77.62% | time:   1.4s (340.6m) | step:   5922 | train acc: 1.000 | train loss: 0.004 |val acc: 0.778 (0.801, 0.740) | val eop gap: 0.0202
begin calculating influence
calculating influence -- done
length of new labels 4971
Use 4730+4971 = 9701 samples.
Files already downloaded and verified
9701 labeled samples and 153069 unlabeled samples. Total: 162770
 80.25% | time: 721.7s (352.6m) | step:   6122 | train acc: 0.996 | train loss: 0.008 |test acc: 0.751 (0.793, 0.685) | test eop gap: 0.0709
 80.25% | time:   1.4s (352.6m) | step:   6122 | train acc: 0.996 | train loss: 0.008 |val acc: 0.775 (0.796, 0.742) | val eop gap: 0.0372
begin calculating influence
calculating influence -- done
length of new labels 5227
Use 4730+5227 = 9957 samples.
Files already downloaded and verified
9957 labeled samples and 152813 unlabeled samples. Total: 162770
 82.87% | time: 722.5s (364.7m) | step:   6322 | train acc: 1.000 | train loss: 0.002 |test acc: 0.733 (0.766, 0.680) | test eop gap: 0.0530
 82.87% | time:   1.4s (364.7m) | step:   6322 | train acc: 1.000 | train loss: 0.002 |val acc: 0.749 (0.766, 0.724) | val eop gap: 0.0029
begin calculating influence
[Strategy 2] Acc of expected label: 0.7419140625
calculating influence -- done
Use 10213 samples. Get 6139 labels. Ratio: 1.6636259977194983
Files already downloaded and verified
10213 labeled samples and 152557 unlabeled samples. Total: 162770
 83.33% | time: 668.7s (375.9m) | step:   6357 | train acc: 1.000 | train loss: 0.002 |test acc: 0.753 (0.795, 0.687) | test eop gap: 0.0550
 83.33% | time:   1.4s (375.9m) | step:   6357 | train acc: 1.000 | train loss: 0.002 |val acc: 0.764 (0.796, 0.715) | val eop gap: 0.0152
begin calculating influence
calculating influence -- done
length of new labels 5483
Use 4986+5483 = 10469 samples.
Files already downloaded and verified
10469 labeled samples and 152301 unlabeled samples. Total: 162770
Epoch 10
 85.96% | time: 716.0s (387.8m) | step:   6558 | train acc: 1.000 | train loss: 0.005 |test acc: 0.741 (0.783, 0.673) | test eop gap: 0.0700
 85.96% | time:   1.6s (387.8m) | step:   6558 | train acc: 1.000 | train loss: 0.005 |val acc: 0.757 (0.779, 0.722) | val eop gap: 0.0125
begin calculating influence
calculating influence -- done
length of new labels 5739
Use 4986+5739 = 10725 samples.
Files already downloaded and verified
10725 labeled samples and 152045 unlabeled samples. Total: 162770
 88.58% | time: 722.8s (399.9m) | step:   6758 | train acc: 0.996 | train loss: 0.013 |test acc: 0.732 (0.768, 0.674) | test eop gap: 0.0688
 88.58% | time:   1.4s (399.9m) | step:   6758 | train acc: 0.996 | train loss: 0.013 |val acc: 0.748 (0.766, 0.720) | val eop gap: 0.0225
begin calculating influence
[Strategy 2] Acc of expected label: 0.752265625
calculating influence -- done
Use 10981 samples. Get 6510 labels. Ratio: 1.68678955453149
Files already downloaded and verified
10981 labeled samples and 151789 unlabeled samples. Total: 162770
 91.20% | time: 721.6s (411.9m) | step:   6958 | train acc: 1.000 | train loss: 0.004 |test acc: 0.743 (0.781, 0.682) | test eop gap: 0.0662
 91.20% | time:   1.4s (412.0m) | step:   6958 | train acc: 1.000 | train loss: 0.004 |val acc: 0.759 (0.776, 0.733) | val eop gap: 0.0181
begin calculating influence
calculating influence -- done
length of new labels 5995
Use 5242+5995 = 11237 samples.
Files already downloaded and verified
11237 labeled samples and 151533 unlabeled samples. Total: 162770
 91.66% | time: 668.0s (423.1m) | step:   6993 | train acc: 0.996 | train loss: 0.009 |test acc: 0.747 (0.789, 0.680) | test eop gap: 0.0530
 91.66% | time:   1.5s (423.1m) | step:   6993 | train acc: 0.996 | train loss: 0.009 |val acc: 0.762 (0.785, 0.728) | val eop gap: 0.0102
begin calculating influence
calculating influence -- done
length of new labels 6251
Use 5242+6251 = 11493 samples.
Files already downloaded and verified
11493 labeled samples and 151277 unlabeled samples. Total: 162770
Epoch 11
 94.30% | time: 717.1s (435.1m) | step:   7194 | train acc: 0.996 | train loss: 0.010 |test acc: 0.738 (0.779, 0.673) | test eop gap: 0.0631
 94.30% | time:   1.4s (435.1m) | step:   7194 | train acc: 0.996 | train loss: 0.010 |val acc: 0.754 (0.769, 0.730) | val eop gap: 0.0021
begin calculating influence
[Strategy 2] Acc of expected label: 0.748671875
calculating influence -- done
Use 11749 samples. Get 6947 labels. Ratio: 1.6912336260256227
Files already downloaded and verified
11749 labeled samples and 151021 unlabeled samples. Total: 162770
 96.92% | time: 721.5s (447.1m) | step:   7394 | train acc: 0.996 | train loss: 0.013 |test acc: 0.734 (0.776, 0.669) | test eop gap: 0.0747
 96.92% | time:   1.5s (447.1m) | step:   7394 | train acc: 0.996 | train loss: 0.013 |val acc: 0.754 (0.766, 0.736) | val eop gap: 0.0033
begin calculating influence
[Strategy 2] Acc of expected label: 0.7540234375
calculating influence -- done
Use 12005 samples. Get 7314 labels. Ratio: 1.6413727098714794
Files already downloaded and verified
12005 labeled samples and 150765 unlabeled samples. Total: 162770
 99.54% | time: 722.4s (459.2m) | step:   7594 | train acc: 0.992 | train loss: 0.010 |test acc: 0.740 (0.780, 0.678) | test eop gap: 0.0588
 99.54% | time:   1.4s (459.2m) | step:   7594 | train acc: 0.992 | train loss: 0.010 |val acc: 0.753 (0.771, 0.727) | val eop gap: 0.0042
begin calculating influence
[Strategy 2] Acc of expected label: 0.759140625
calculating influence -- done
Use 12261 samples. Get 7671 labels. Ratio: 1.5983574501368791
Files already downloaded and verified
12261 labeled samples and 150509 unlabeled samples. Total: 162770
100.00% | time: 669.2s (470.4m) | step:   7629 | train acc: 0.992 | train loss: 0.014 |test acc: 0.753 (0.799, 0.681) | test eop gap: 0.0608
100.00% | time:   1.4s (470.4m) | step:   7629 | train acc: 0.992 | train loss: 0.014 |val acc: 0.763 (0.775, 0.745) | val eop gap: 0.0004
begin calculating influence
calculating influence -- done
length of new labels 6507
Use 6010+6507 = 12517 samples.
Files already downloaded and verified
12517 labeled samples and 150253 unlabeled samples. Total: 162770
