Files already downloaded and verified
3255 labeled samples and 159515 unlabeled samples. Total: 162770
Files already downloaded and verified
1996 labeled samples and 17966 unlabeled samples. Total: 19962
Numer of layers 200
train net...
train with 162770 samples (with replacement) in one epoch
Epoch 0
  2.62% | time:  99.2s (  1.7m) | step:    200 | train acc: 0.914 | train loss: 0.217 |warm_t acc: 0.773 (0.832, 0.678) | warm_t eop gap: 0.0508
  2.62% | time:   4.6s (  1.7m) | step:    200 | train acc: 0.914 | train loss: 0.217 |warm_v acc: 0.786 (0.839, 0.697) | warm_v eop gap: 0.0550
  5.24% | time:  83.3s (  3.1m) | step:    400 | train acc: 1.000 | train loss: 0.000 |warm_t acc: 0.766 (0.820, 0.680) | warm_t eop gap: 0.0974
  5.24% | time:   1.3s (  3.1m) | step:    400 | train acc: 1.000 | train loss: 0.000 |warm_v acc: 0.779 (0.825, 0.704) | warm_v eop gap: 0.1067
  7.86% | time:  83.3s (  4.5m) | step:    600 | train acc: 1.000 | train loss: 0.000 |warm_t acc: 0.765 (0.819, 0.680) | warm_t eop gap: 0.0978
  7.86% | time:   1.2s (  4.6m) | step:    600 | train acc: 1.000 | train loss: 0.000 |warm_v acc: 0.782 (0.832, 0.701) | warm_v eop gap: 0.1060
  8.32% | time:  22.3s (  4.9m) | step:    635 | train acc: 1.000 | train loss: 0.000 |warm_t acc: 0.765 (0.818, 0.681) | warm_t eop gap: 0.0979
  8.32% | time:   1.3s (  4.9m) | step:    635 | train acc: 1.000 | train loss: 0.000 |warm_v acc: 0.773 (0.816, 0.710) | warm_v eop gap: 0.1074
Epoch 1
 10.95% | time:  82.0s (  6.3m) | step:    835 | train acc: 1.000 | train loss: 0.000 |warm_t acc: 0.766 (0.819, 0.681) | warm_t eop gap: 0.0981
 10.95% | time:   1.5s (  6.3m) | step:    835 | train acc: 1.000 | train loss: 0.000 |warm_v acc: 0.785 (0.830, 0.712) | warm_v eop gap: 0.0934
 13.57% | time:  81.8s (  7.7m) | step:   1035 | train acc: 1.000 | train loss: 0.000 |warm_t acc: 0.765 (0.818, 0.681) | warm_t eop gap: 0.0976
 13.57% | time:   1.5s (  7.7m) | step:   1035 | train acc: 1.000 | train loss: 0.000 |warm_v acc: 0.788 (0.841, 0.705) | warm_v eop gap: 0.1139
 16.19% | time:  79.6s (  9.0m) | step:   1235 | train acc: 1.000 | train loss: 0.000 |warm_t acc: 0.765 (0.819, 0.681) | warm_t eop gap: 0.0974
 16.19% | time:   1.5s (  9.1m) | step:   1235 | train acc: 1.000 | train loss: 0.000 |warm_v acc: 0.776 (0.827, 0.702) | warm_v eop gap: 0.0933
 16.65% | time:  24.0s (  9.5m) | step:   1270 | train acc: 1.000 | train loss: 0.000 |warm_t acc: 0.765 (0.819, 0.681) | warm_t eop gap: 0.0971
 16.65% | time:   1.5s (  9.5m) | step:   1270 | train acc: 1.000 | train loss: 0.000 |warm_v acc: 0.786 (0.832, 0.713) | warm_v eop gap: 0.1049
Epoch 2
 19.28% | time:  74.2s ( 10.7m) | step:   1471 | train acc: 1.000 | train loss: 0.000 |test acc: 0.766 (0.819, 0.682) | test eop gap: 0.0970
 19.28% | time:   1.2s ( 10.8m) | step:   1471 | train acc: 1.000 | train loss: 0.000 |val acc: 0.783 (0.830, 0.707) | val eop gap: 0.1007
begin calculating influence
selected layers: [Traced<ShapedArray(float32[768])>with<DynamicJaxprTrace(level=0/1)>, Traced<ShapedArray(float32[8,8,3,768])>with<DynamicJaxprTrace(level=0/1)>, Traced<ShapedArray(float32[2])>with<DynamicJaxprTrace(level=0/1)>, Traced<ShapedArray(float32[768,2])>with<DynamicJaxprTrace(level=0/1)>]
calculating influence -- done
length of new labels 15
Use 3255+15 = 3270 samples.
Files already downloaded and verified
3270 labeled samples and 159500 unlabeled samples. Total: 162770
 21.90% | time: 782.1s ( 23.8m) | step:   1671 | train acc: 1.000 | train loss: 0.000 |test acc: 0.765 (0.819, 0.681) | test eop gap: 0.0920
 21.90% | time:   1.4s ( 23.8m) | step:   1671 | train acc: 1.000 | train loss: 0.000 |val acc: 0.779 (0.830, 0.700) | val eop gap: 0.1011
begin calculating influence
calculating influence -- done
length of new labels 40
Use 3255+40 = 3295 samples.
Files already downloaded and verified
3295 labeled samples and 159475 unlabeled samples. Total: 162770
 24.52% | time: 757.0s ( 36.4m) | step:   1871 | train acc: 0.973 | train loss: 0.076 |test acc: 0.766 (0.815, 0.688) | test eop gap: 0.1166
 24.52% | time:   1.5s ( 36.5m) | step:   1871 | train acc: 0.973 | train loss: 0.076 |val acc: 0.782 (0.828, 0.709) | val eop gap: 0.1002
begin calculating influence
calculating influence -- done
length of new labels 296
Use 3255+296 = 3551 samples.
Files already downloaded and verified
3551 labeled samples and 159219 unlabeled samples. Total: 162770
 24.98% | time: 694.5s ( 48.0m) | step:   1906 | train acc: 0.934 | train loss: 0.208 |test acc: 0.771 (0.822, 0.690) | test eop gap: 0.1106
 24.98% | time:   1.4s ( 48.1m) | step:   1906 | train acc: 0.934 | train loss: 0.208 |val acc: 0.785 (0.833, 0.711) | val eop gap: 0.0943
begin calculating influence
calculating influence -- done
length of new labels 552
Use 3255+552 = 3807 samples.
Files already downloaded and verified
3807 labeled samples and 158963 unlabeled samples. Total: 162770
Epoch 3
 27.62% | time: 753.5s ( 60.6m) | step:   2107 | train acc: 0.984 | train loss: 0.050 |test acc: 0.769 (0.823, 0.684) | test eop gap: 0.0920
 27.62% | time:   1.4s ( 60.6m) | step:   2107 | train acc: 0.984 | train loss: 0.050 |val acc: 0.770 (0.827, 0.682) | val eop gap: 0.0876
begin calculating influence
calculating influence -- done
length of new labels 554
Use 3255+554 = 3809 samples.
Files already downloaded and verified
3809 labeled samples and 158961 unlabeled samples. Total: 162770
 30.24% | time: 758.6s ( 73.3m) | step:   2307 | train acc: 1.000 | train loss: 0.000 |test acc: 0.769 (0.823, 0.683) | test eop gap: 0.1014
 30.24% | time:   1.4s ( 73.3m) | step:   2307 | train acc: 1.000 | train loss: 0.000 |val acc: 0.776 (0.832, 0.690) | val eop gap: 0.1044
begin calculating influence
calculating influence -- done
length of new labels 561
Use 3255+561 = 3816 samples.
Files already downloaded and verified
3816 labeled samples and 158954 unlabeled samples. Total: 162770
 32.86% | time: 761.4s ( 86.0m) | step:   2507 | train acc: 1.000 | train loss: 0.000 |test acc: 0.768 (0.821, 0.682) | test eop gap: 0.0985
 32.86% | time:   1.4s ( 86.0m) | step:   2507 | train acc: 1.000 | train loss: 0.000 |val acc: 0.773 (0.827, 0.690) | val eop gap: 0.0898
begin calculating influence
calculating influence -- done
length of new labels 577
Use 3255+577 = 3832 samples.
Files already downloaded and verified
3832 labeled samples and 158938 unlabeled samples. Total: 162770
 33.32% | time: 695.4s ( 97.6m) | step:   2542 | train acc: 1.000 | train loss: 0.000 |test acc: 0.768 (0.822, 0.684) | test eop gap: 0.0933
 33.32% | time:   1.4s ( 97.6m) | step:   2542 | train acc: 1.000 | train loss: 0.000 |val acc: 0.766 (0.819, 0.682) | val eop gap: 0.0841
begin calculating influence
calculating influence -- done
length of new labels 577
Use 3255+577 = 3832 samples.
Files already downloaded and verified
3832 labeled samples and 158938 unlabeled samples. Total: 162770
Epoch 4
 35.95% | time: 753.5s (110.2m) | step:   2743 | train acc: 1.000 | train loss: 0.000 |test acc: 0.768 (0.820, 0.684) | test eop gap: 0.0960
 35.95% | time:   1.4s (110.2m) | step:   2743 | train acc: 1.000 | train loss: 0.000 |val acc: 0.775 (0.824, 0.700) | val eop gap: 0.0743
begin calculating influence
calculating influence -- done
length of new labels 594
Use 3255+594 = 3849 samples.
Files already downloaded and verified
3849 labeled samples and 158921 unlabeled samples. Total: 162770
 38.58% | time: 752.9s (122.8m) | step:   2943 | train acc: 1.000 | train loss: 0.000 |test acc: 0.768 (0.820, 0.683) | test eop gap: 0.0953
 38.58% | time:   1.3s (122.8m) | step:   2943 | train acc: 1.000 | train loss: 0.000 |val acc: 0.783 (0.837, 0.695) | val eop gap: 0.0806
begin calculating influence
calculating influence -- done
length of new labels 599
Use 3255+599 = 3854 samples.
Files already downloaded and verified
3854 labeled samples and 158916 unlabeled samples. Total: 162770
 41.20% | time: 753.5s (135.3m) | step:   3143 | train acc: 1.000 | train loss: 0.000 |test acc: 0.767 (0.821, 0.682) | test eop gap: 0.0983
 41.20% | time:   1.3s (135.4m) | step:   3143 | train acc: 1.000 | train loss: 0.000 |val acc: 0.771 (0.829, 0.683) | val eop gap: 0.0911
begin calculating influence
calculating influence -- done
length of new labels 604
Use 3255+604 = 3859 samples.
Files already downloaded and verified
3859 labeled samples and 158911 unlabeled samples. Total: 162770
 41.66% | time: 694.6s (146.9m) | step:   3178 | train acc: 1.000 | train loss: 0.000 |test acc: 0.768 (0.821, 0.683) | test eop gap: 0.0977
 41.66% | time:   1.4s (147.0m) | step:   3178 | train acc: 1.000 | train loss: 0.000 |val acc: 0.769 (0.818, 0.691) | val eop gap: 0.0964
begin calculating influence
calculating influence -- done
length of new labels 610
Use 3255+610 = 3865 samples.
Files already downloaded and verified
3865 labeled samples and 158905 unlabeled samples. Total: 162770
Epoch 5
 44.29% | time: 755.2s (159.5m) | step:   3379 | train acc: 1.000 | train loss: 0.000 |test acc: 0.767 (0.820, 0.683) | test eop gap: 0.0982
 44.29% | time:   1.7s (159.6m) | step:   3379 | train acc: 1.000 | train loss: 0.000 |val acc: 0.766 (0.821, 0.683) | val eop gap: 0.0994
begin calculating influence
calculating influence -- done
length of new labels 611
Use 3255+611 = 3866 samples.
Files already downloaded and verified
3866 labeled samples and 158904 unlabeled samples. Total: 162770
 46.91% | time: 754.9s (172.2m) | step:   3579 | train acc: 1.000 | train loss: 0.000 |test acc: 0.767 (0.819, 0.683) | test eop gap: 0.0976
 46.91% | time:   1.4s (172.2m) | step:   3579 | train acc: 1.000 | train loss: 0.000 |val acc: 0.779 (0.838, 0.683) | val eop gap: 0.0979
begin calculating influence
calculating influence -- done
length of new labels 612
Use 3255+612 = 3867 samples.
Files already downloaded and verified
3867 labeled samples and 158903 unlabeled samples. Total: 162770
 49.53% | time: 755.0s (184.8m) | step:   3779 | train acc: 1.000 | train loss: 0.000 |test acc: 0.767 (0.820, 0.682) | test eop gap: 0.0981
 49.53% | time:   1.4s (184.8m) | step:   3779 | train acc: 1.000 | train loss: 0.000 |val acc: 0.775 (0.835, 0.682) | val eop gap: 0.0909
begin calculating influence
calculating influence -- done
length of new labels 615
Use 3255+615 = 3870 samples.
Files already downloaded and verified
3870 labeled samples and 158900 unlabeled samples. Total: 162770
 49.99% | time: 693.2s (196.3m) | step:   3814 | train acc: 1.000 | train loss: 0.000 |test acc: 0.767 (0.821, 0.682) | test eop gap: 0.0984
 49.99% | time:   1.4s (196.4m) | step:   3814 | train acc: 1.000 | train loss: 0.000 |val acc: 0.779 (0.827, 0.701) | val eop gap: 0.0859
begin calculating influence
calculating influence -- done
length of new labels 618
Use 3255+618 = 3873 samples.
Files already downloaded and verified
3873 labeled samples and 158897 unlabeled samples. Total: 162770
Epoch 6
 52.62% | time: 756.0s (209.0m) | step:   4014 | train acc: 1.000 | train loss: 0.000 |test acc: 0.767 (0.820, 0.684) | test eop gap: 0.0966
 52.62% | time:   1.4s (209.0m) | step:   4014 | train acc: 1.000 | train loss: 0.000 |val acc: 0.777 (0.831, 0.695) | val eop gap: 0.0809
begin calculating influence
calculating influence -- done
length of new labels 622
Use 3255+622 = 3877 samples.
Files already downloaded and verified
3877 labeled samples and 158893 unlabeled samples. Total: 162770
 55.24% | time: 756.4s (221.6m) | step:   4214 | train acc: 1.000 | train loss: 0.000 |test acc: 0.768 (0.821, 0.683) | test eop gap: 0.0972
 55.24% | time:   1.4s (221.6m) | step:   4214 | train acc: 1.000 | train loss: 0.000 |val acc: 0.792 (0.841, 0.709) | val eop gap: 0.0724
begin calculating influence
calculating influence -- done
length of new labels 623
Use 3255+623 = 3878 samples.
Files already downloaded and verified
3878 labeled samples and 158892 unlabeled samples. Total: 162770
 57.86% | time: 757.5s (234.2m) | step:   4414 | train acc: 1.000 | train loss: 0.000 |test acc: 0.768 (0.821, 0.683) | test eop gap: 0.0970
 57.86% | time:   1.4s (234.3m) | step:   4414 | train acc: 1.000 | train loss: 0.000 |val acc: 0.789 (0.841, 0.706) | val eop gap: 0.0801
begin calculating influence
calculating influence -- done
length of new labels 624
Use 3255+624 = 3879 samples.
Files already downloaded and verified
3879 labeled samples and 158891 unlabeled samples. Total: 162770
 58.32% | time: 694.3s (245.8m) | step:   4449 | train acc: 1.000 | train loss: 0.000 |test acc: 0.767 (0.821, 0.683) | test eop gap: 0.0973
 58.32% | time:   1.4s (245.9m) | step:   4449 | train acc: 1.000 | train loss: 0.000 |val acc: 0.782 (0.833, 0.702) | val eop gap: 0.0878
begin calculating influence
calculating influence -- done
length of new labels 632
Use 3255+632 = 3887 samples.
Files already downloaded and verified
3887 labeled samples and 158883 unlabeled samples. Total: 162770
Epoch 7
 60.95% | time: 756.1s (258.5m) | step:   4650 | train acc: 1.000 | train loss: 0.000 |test acc: 0.767 (0.820, 0.682) | test eop gap: 0.0956
 60.95% | time:   1.4s (258.5m) | step:   4650 | train acc: 1.000 | train loss: 0.000 |val acc: 0.783 (0.834, 0.702) | val eop gap: 0.0665
begin calculating influence
calculating influence -- done
length of new labels 633
Use 3255+633 = 3888 samples.
Files already downloaded and verified
3888 labeled samples and 158882 unlabeled samples. Total: 162770
 63.57% | time: 756.2s (271.1m) | step:   4850 | train acc: 1.000 | train loss: 0.000 |test acc: 0.766 (0.820, 0.681) | test eop gap: 0.0995
 63.57% | time:   1.4s (271.1m) | step:   4850 | train acc: 1.000 | train loss: 0.000 |val acc: 0.775 (0.822, 0.700) | val eop gap: 0.0896
begin calculating influence
calculating influence -- done
length of new labels 634
Use 3255+634 = 3889 samples.
Files already downloaded and verified
3889 labeled samples and 158881 unlabeled samples. Total: 162770
 66.19% | time: 755.3s (283.7m) | step:   5050 | train acc: 1.000 | train loss: 0.000 |test acc: 0.767 (0.820, 0.682) | test eop gap: 0.0983
 66.19% | time:   1.5s (283.7m) | step:   5050 | train acc: 1.000 | train loss: 0.000 |val acc: 0.777 (0.838, 0.683) | val eop gap: 0.1065
begin calculating influence
calculating influence -- done
length of new labels 636
Use 3255+636 = 3891 samples.
Files already downloaded and verified
3891 labeled samples and 158879 unlabeled samples. Total: 162770
 66.65% | time: 694.5s (295.3m) | step:   5085 | train acc: 0.707 | train loss: 1.340 |test acc: 0.764 (0.829, 0.661) | test eop gap: 0.0398
 66.65% | time:   1.4s (295.3m) | step:   5085 | train acc: 0.707 | train loss: 1.340 |val acc: 0.768 (0.835, 0.665) | val eop gap: 0.0353
begin calculating influence
calculating influence -- done
length of new labels 857
Use 3255+857 = 4112 samples.
Files already downloaded and verified
4112 labeled samples and 158658 unlabeled samples. Total: 162770
Epoch 8
 69.29% | time: 755.1s (307.9m) | step:   5286 | train acc: 1.000 | train loss: 0.001 |test acc: 0.769 (0.818, 0.692) | test eop gap: 0.0861
 69.29% | time:   1.4s (307.9m) | step:   5286 | train acc: 1.000 | train loss: 0.001 |val acc: 0.774 (0.817, 0.706) | val eop gap: 0.0805
begin calculating influence
calculating influence -- done
length of new labels 891
Use 3255+891 = 4146 samples.
Files already downloaded and verified
4146 labeled samples and 158624 unlabeled samples. Total: 162770
 71.91% | time: 755.7s (320.5m) | step:   5486 | train acc: 1.000 | train loss: 0.000 |test acc: 0.769 (0.817, 0.691) | test eop gap: 0.0870
 71.91% | time:   1.4s (320.6m) | step:   5486 | train acc: 1.000 | train loss: 0.000 |val acc: 0.762 (0.804, 0.697) | val eop gap: 0.0848
begin calculating influence
[Strategy 5] Acc of expected label: 0.777109375
calculating influence -- done
Use 4254 samples. Get 3436 labels. Ratio: 1.2380675203725262
Files already downloaded and verified
4254 labeled samples and 158516 unlabeled samples. Total: 162770
 74.53% | time: 755.8s (333.2m) | step:   5686 | train acc: 1.000 | train loss: 0.002 |test acc: 0.768 (0.819, 0.687) | test eop gap: 0.1031
 74.53% | time:   1.2s (333.2m) | step:   5686 | train acc: 1.000 | train loss: 0.002 |val acc: 0.762 (0.813, 0.683) | val eop gap: 0.0975
begin calculating influence
[Strategy 5] Acc of expected label: 0.7793359375
calculating influence -- done
Use 4267 samples. Get 3465 labels. Ratio: 1.2314574314574314
Files already downloaded and verified
4267 labeled samples and 158503 unlabeled samples. Total: 162770
 74.99% | time: 696.1s (344.8m) | step:   5721 | train acc: 1.000 | train loss: 0.002 |test acc: 0.767 (0.816, 0.688) | test eop gap: 0.0991
 74.99% | time:   1.5s (344.8m) | step:   5721 | train acc: 1.000 | train loss: 0.002 |val acc: 0.762 (0.804, 0.699) | val eop gap: 0.0777
begin calculating influence
[Strategy 5] Acc of expected label: 0.7715625
calculating influence -- done
Use 4371 samples. Get 3634 labels. Ratio: 1.2028068244358834
Files already downloaded and verified
4371 labeled samples and 158399 unlabeled samples. Total: 162770
Epoch 9
 77.62% | time: 754.2s (357.4m) | step:   5922 | train acc: 1.000 | train loss: 0.000 |test acc: 0.765 (0.814, 0.688) | test eop gap: 0.0942
 77.62% | time:   1.4s (357.4m) | step:   5922 | train acc: 1.000 | train loss: 0.000 |val acc: 0.768 (0.818, 0.684) | val eop gap: 0.1101
begin calculating influence
calculating influence -- done
length of new labels 1076
Use 3480+1076 = 4556 samples.
Files already downloaded and verified
4556 labeled samples and 158214 unlabeled samples. Total: 162770
 80.25% | time: 754.0s (370.0m) | step:   6122 | train acc: 0.992 | train loss: 0.016 |test acc: 0.765 (0.815, 0.685) | test eop gap: 0.0946
 80.25% | time:   1.4s (370.0m) | step:   6122 | train acc: 0.992 | train loss: 0.016 |val acc: 0.760 (0.797, 0.700) | val eop gap: 0.0712
begin calculating influence
[Strategy 5] Acc of expected label: 0.7744140625
calculating influence -- done
Use 4812 samples. Get 3995 labels. Ratio: 1.20450563204005
Files already downloaded and verified
4812 labeled samples and 157958 unlabeled samples. Total: 162770
 82.87% | time: 756.9s (382.6m) | step:   6322 | train acc: 1.000 | train loss: 0.000 |test acc: 0.766 (0.818, 0.684) | test eop gap: 0.0811
 82.87% | time:   1.5s (382.6m) | step:   6322 | train acc: 1.000 | train loss: 0.000 |val acc: 0.763 (0.808, 0.695) | val eop gap: 0.0759
begin calculating influence
[Strategy 5] Acc of expected label: 0.7781640625
calculating influence -- done
Use 4840 samples. Get 4049 labels. Ratio: 1.1953568782415411
Files already downloaded and verified
4840 labeled samples and 157930 unlabeled samples. Total: 162770
 83.33% | time: 694.8s (394.2m) | step:   6357 | train acc: 1.000 | train loss: 0.001 |test acc: 0.764 (0.817, 0.679) | test eop gap: 0.0864
 83.33% | time:   1.4s (394.2m) | step:   6357 | train acc: 1.000 | train loss: 0.001 |val acc: 0.770 (0.814, 0.700) | val eop gap: 0.0542
begin calculating influence
calculating influence -- done
length of new labels 1126
Use 3764+1126 = 4890 samples.
Files already downloaded and verified
4890 labeled samples and 157880 unlabeled samples. Total: 162770
Epoch 10
 85.96% | time: 754.2s (406.8m) | step:   6558 | train acc: 1.000 | train loss: 0.000 |test acc: 0.764 (0.816, 0.680) | test eop gap: 0.0907
 85.96% | time:   1.4s (406.8m) | step:   6558 | train acc: 1.000 | train loss: 0.000 |val acc: 0.764 (0.801, 0.708) | val eop gap: 0.0518
begin calculating influence
calculating influence -- done
length of new labels 1198
Use 3764+1198 = 4962 samples.
Files already downloaded and verified
4962 labeled samples and 157808 unlabeled samples. Total: 162770
 88.58% | time: 755.2s (419.4m) | step:   6758 | train acc: 1.000 | train loss: 0.000 |test acc: 0.760 (0.810, 0.682) | test eop gap: 0.0829
 88.58% | time:   1.4s (419.4m) | step:   6758 | train acc: 1.000 | train loss: 0.000 |val acc: 0.753 (0.791, 0.692) | val eop gap: 0.0686
begin calculating influence
[Strategy 5] Acc of expected label: 0.77359375
calculating influence -- done
Use 5015 samples. Get 4128 labels. Ratio: 1.214874031007752
Files already downloaded and verified
5015 labeled samples and 157755 unlabeled samples. Total: 162770
 91.20% | time: 756.2s (432.0m) | step:   6958 | train acc: 0.992 | train loss: 0.016 |test acc: 0.762 (0.810, 0.685) | test eop gap: 0.0959
 91.20% | time:   1.3s (432.0m) | step:   6958 | train acc: 0.992 | train loss: 0.016 |val acc: 0.758 (0.795, 0.699) | val eop gap: 0.0838
begin calculating influence
[Strategy 5] Acc of expected label: 0.7729296875
calculating influence -- done
Use 5077 samples. Get 4251 labels. Ratio: 1.1943072218301576
Files already downloaded and verified
5077 labeled samples and 157693 unlabeled samples. Total: 162770
 91.66% | time: 693.6s (443.6m) | step:   6993 | train acc: 0.996 | train loss: 0.008 |test acc: 0.756 (0.805, 0.677) | test eop gap: 0.0776
 91.66% | time:   1.5s (443.6m) | step:   6993 | train acc: 0.996 | train loss: 0.008 |val acc: 0.753 (0.797, 0.685) | val eop gap: 0.0635
begin calculating influence
[Strategy 5] Acc of expected label: 0.7670703125
calculating influence -- done
Use 5186 samples. Get 4432 labels. Ratio: 1.1701263537906137
Files already downloaded and verified
5186 labeled samples and 157584 unlabeled samples. Total: 162770
Epoch 11
 94.30% | time: 755.0s (456.2m) | step:   7194 | train acc: 1.000 | train loss: 0.000 |test acc: 0.769 (0.820, 0.689) | test eop gap: 0.0741
 94.30% | time:   1.4s (456.2m) | step:   7194 | train acc: 1.000 | train loss: 0.000 |val acc: 0.762 (0.818, 0.677) | val eop gap: 0.0869
begin calculating influence
[Strategy 5] Acc of expected label: 0.7815625
calculating influence -- done
Use 5192 samples. Get 4450 labels. Ratio: 1.1667415730337078
Files already downloaded and verified
5192 labeled samples and 157578 unlabeled samples. Total: 162770
 96.92% | time: 751.7s (468.8m) | step:   7394 | train acc: 1.000 | train loss: 0.000 |test acc: 0.770 (0.820, 0.690) | test eop gap: 0.0727
 96.92% | time:   1.5s (468.8m) | step:   7394 | train acc: 1.000 | train loss: 0.000 |val acc: 0.762 (0.813, 0.683) | val eop gap: 0.0597
begin calculating influence
[Strategy 5] Acc of expected label: 0.7827734375
calculating influence -- done
Use 5211 samples. Get 4484 labels. Ratio: 1.1621320249776985
Files already downloaded and verified
5211 labeled samples and 157559 unlabeled samples. Total: 162770
 99.54% | time: 748.7s (481.3m) | step:   7594 | train acc: 1.000 | train loss: 0.000 |test acc: 0.769 (0.820, 0.687) | test eop gap: 0.0749
 99.54% | time:   1.4s (481.3m) | step:   7594 | train acc: 1.000 | train loss: 0.000 |val acc: 0.772 (0.824, 0.694) | val eop gap: 0.0750
begin calculating influence
calculating influence -- done
length of new labels 1216
Use 4013+1216 = 5229 samples.
Files already downloaded and verified
5229 labeled samples and 157541 unlabeled samples. Total: 162770
100.00% | time: 613.5s (491.5m) | step:   7629 | train acc: 1.000 | train loss: 0.000 |test acc: 0.768 (0.819, 0.689) | test eop gap: 0.0696
100.00% | time:   1.3s (491.5m) | step:   7629 | train acc: 1.000 | train loss: 0.000 |val acc: 0.762 (0.794, 0.715) | val eop gap: 0.0531
begin calculating influence
[Strategy 5] Acc of expected label: 0.779609375
calculating influence -- done
Use 5241 samples. Get 4512 labels. Ratio: 1.1615691489361701
Files already downloaded and verified
5241 labeled samples and 157529 unlabeled samples. Total: 162770
