Files already downloaded and verified
3255 originally labeled samples, 0 new samples, and 1281167 unlabeled samples. Total: 1284422
Files already downloaded and verified
1996 originally labeled samples, 0 new samples, and 17966 unlabeled samples. Total: 19962
Numer of layers 200
train net...
train with 162770 samples (with replacement) in one epoch
Epoch 0
  2.62% | time:  93.3s (  1.6m) | step:    200 | train acc: 0.926 | train loss: 0.190 |warm_t acc: 0.775 (0.826, 0.695) | warm_t dp gap: 0.1482
  2.62% | time:   4.2s (  1.6m) | step:    200 | train acc: 0.926 | train loss: 0.190 |warm_v acc: 0.783 (0.832, 0.701) | warm_v dp gap: 0.1494
  5.24% | time:  80.1s (  3.0m) | step:    400 | train acc: 0.770 | train loss: 0.491 |warm_t acc: 0.757 (0.827, 0.645) | warm_t dp gap: 0.0744
  5.24% | time:   1.2s (  3.0m) | step:    400 | train acc: 0.770 | train loss: 0.491 |warm_v acc: 0.772 (0.833, 0.675) | warm_v dp gap: 0.0837
  7.86% | time:  78.9s (  4.3m) | step:    600 | train acc: 0.898 | train loss: 0.223 |warm_t acc: 0.765 (0.814, 0.687) | warm_t dp gap: 0.1977
  7.86% | time:   1.3s (  4.3m) | step:    600 | train acc: 0.898 | train loss: 0.223 |warm_v acc: 0.764 (0.816, 0.679) | warm_v dp gap: 0.1958
  8.32% | time:  20.5s (  4.7m) | step:    635 | train acc: 0.969 | train loss: 0.116 |warm_t acc: 0.751 (0.796, 0.679) | warm_t dp gap: 0.2150
  8.32% | time:   1.3s (  4.7m) | step:    635 | train acc: 0.969 | train loss: 0.116 |warm_v acc: 0.751 (0.796, 0.682) | warm_v dp gap: 0.2076
Epoch 1
 10.95% | time:  79.4s (  6.0m) | step:    835 | train acc: 0.871 | train loss: 0.321 |warm_t acc: 0.775 (0.832, 0.685) | warm_t dp gap: 0.1563
 10.95% | time:   1.3s (  6.0m) | step:    835 | train acc: 0.871 | train loss: 0.321 |warm_v acc: 0.791 (0.849, 0.699) | warm_v dp gap: 0.1567
 13.57% | time:  79.6s (  7.4m) | step:   1035 | train acc: 0.969 | train loss: 0.090 |warm_t acc: 0.750 (0.798, 0.672) | warm_t dp gap: 0.2241
 13.57% | time:   1.5s (  7.4m) | step:   1035 | train acc: 0.969 | train loss: 0.090 |warm_v acc: 0.761 (0.801, 0.698) | warm_v dp gap: 0.2063
 16.19% | time:  77.8s (  8.7m) | step:   1235 | train acc: 1.000 | train loss: 0.000 |warm_t acc: 0.755 (0.806, 0.674) | warm_t dp gap: 0.2015
 16.19% | time:   1.3s (  8.7m) | step:   1235 | train acc: 1.000 | train loss: 0.000 |warm_v acc: 0.763 (0.812, 0.691) | warm_v dp gap: 0.1888
 16.65% | time:  18.7s (  9.0m) | step:   1270 | train acc: 1.000 | train loss: 0.000 |warm_t acc: 0.755 (0.806, 0.673) | warm_t dp gap: 0.2010
 16.65% | time:   1.4s (  9.0m) | step:   1270 | train acc: 1.000 | train loss: 0.000 |warm_v acc: 0.775 (0.815, 0.711) | warm_v dp gap: 0.1800
Epoch 2
 19.28% | time:  78.8s ( 10.3m) | step:   1471 | train acc: 1.000 | train loss: 0.000 |test acc: 0.755 (0.806, 0.674) | test dp gap: 0.2027
 19.28% | time:   1.4s ( 10.4m) | step:   1471 | train acc: 1.000 | train loss: 0.000 |val acc: 0.776 (0.810, 0.721) | val dp gap: 0.1667
begin calculating influence
selected layers: [Traced<ShapedArray(float32[768])>with<DynamicJaxprTrace(level=0/1)>, Traced<ShapedArray(float32[8,8,3,768])>with<DynamicJaxprTrace(level=0/1)>, Traced<ShapedArray(float32[2])>with<DynamicJaxprTrace(level=0/1)>, Traced<ShapedArray(float32[768,2])>with<DynamicJaxprTrace(level=0/1)>]
calculating influence -- done
length of new labels 256
Use 3255+256 = 3511 samples.
Files already downloaded and verified
3255 originally labeled samples, 256 new samples, and 1280911 unlabeled samples. Total: 1284422
 21.90% | time: 790.2s ( 23.5m) | step:   1671 | train acc: 1.000 | train loss: 0.017 |test acc: 0.769 (0.829, 0.674) | test dp gap: 0.1246
 21.90% | time:   1.4s ( 23.6m) | step:   1671 | train acc: 1.000 | train loss: 0.017 |val acc: 0.782 (0.847, 0.682) | val dp gap: 0.1366
begin calculating influence
calculating influence -- done
length of new labels 512
Use 3255+512 = 3767 samples.
Files already downloaded and verified
3255 originally labeled samples, 512 new samples, and 1280655 unlabeled samples. Total: 1284422
 24.52% | time: 847.5s ( 37.7m) | step:   1871 | train acc: 1.000 | train loss: 0.000 |test acc: 0.564 (0.559, 0.573) | test dp gap: 0.0164
 24.52% | time:   1.5s ( 37.7m) | step:   1871 | train acc: 1.000 | train loss: 0.000 |val acc: 0.567 (0.550, 0.594) | val dp gap: 0.0524
begin calculating influence
calculating influence -- done
length of new labels 768
Use 3255+768 = 4023 samples.
Files already downloaded and verified
3255 originally labeled samples, 768 new samples, and 1280399 unlabeled samples. Total: 1284422
 24.98% | time: 687.2s ( 49.2m) | step:   1906 | train acc: 1.000 | train loss: 0.005 |test acc: 0.755 (0.842, 0.618) | test dp gap: 0.0028
 24.98% | time:   1.8s ( 49.2m) | step:   1906 | train acc: 1.000 | train loss: 0.005 |val acc: 0.781 (0.862, 0.656) | val dp gap: 0.0033
begin calculating influence
calculating influence -- done
length of new labels 790
Use 3255+790 = 4045 samples.
Files already downloaded and verified
3255 originally labeled samples, 790 new samples, and 1280377 unlabeled samples. Total: 1284422
Epoch 3
 27.62% | time: 817.3s ( 62.8m) | step:   2107 | train acc: 1.000 | train loss: 0.004 |test acc: 0.695 (0.738, 0.625) | test dp gap: 0.0675
 27.62% | time:   1.4s ( 62.8m) | step:   2107 | train acc: 1.000 | train loss: 0.004 |val acc: 0.708 (0.755, 0.635) | val dp gap: 0.1089
begin calculating influence
calculating influence -- done
length of new labels 1046
Use 3255+1046 = 4301 samples.
Files already downloaded and verified
3255 originally labeled samples, 1046 new samples, and 1280121 unlabeled samples. Total: 1284422
 30.24% | time: 822.0s ( 76.5m) | step:   2307 | train acc: 1.000 | train loss: 0.001 |test acc: 0.729 (0.784, 0.642) | test dp gap: 0.0735
 30.24% | time:   1.5s ( 76.6m) | step:   2307 | train acc: 1.000 | train loss: 0.001 |val acc: 0.742 (0.788, 0.667) | val dp gap: 0.0820
begin calculating influence
calculating influence -- done
length of new labels 1104
Use 3255+1104 = 4359 samples.
Files already downloaded and verified
3255 originally labeled samples, 1104 new samples, and 1280063 unlabeled samples. Total: 1284422
 32.86% | time: 820.9s ( 90.2m) | step:   2507 | train acc: 1.000 | train loss: 0.001 |test acc: 0.729 (0.780, 0.649) | test dp gap: 0.0754
 32.86% | time:   1.3s ( 90.3m) | step:   2507 | train acc: 1.000 | train loss: 0.001 |val acc: 0.734 (0.786, 0.649) | val dp gap: 0.0817
begin calculating influence
calculating influence -- done
length of new labels 1263
Use 3255+1263 = 4518 samples.
Files already downloaded and verified
3255 originally labeled samples, 1263 new samples, and 1279904 unlabeled samples. Total: 1284422
 33.32% | time: 708.0s (102.1m) | step:   2542 | train acc: 1.000 | train loss: 0.001 |test acc: 0.747 (0.804, 0.657) | test dp gap: 0.0698
 33.32% | time:   1.5s (102.1m) | step:   2542 | train acc: 1.000 | train loss: 0.001 |val acc: 0.748 (0.806, 0.661) | val dp gap: 0.0653
begin calculating influence
calculating influence -- done
length of new labels 1519
Use 3255+1519 = 4774 samples.
Files already downloaded and verified
3255 originally labeled samples, 1519 new samples, and 1279648 unlabeled samples. Total: 1284422
Epoch 4
 35.95% | time: 814.7s (115.7m) | step:   2743 | train acc: 1.000 | train loss: 0.004 |test acc: 0.744 (0.804, 0.649) | test dp gap: 0.0674
 35.95% | time:   1.4s (115.7m) | step:   2743 | train acc: 1.000 | train loss: 0.004 |val acc: 0.744 (0.803, 0.653) | val dp gap: 0.0550
begin calculating influence
calculating influence -- done
length of new labels 1775
Use 3255+1775 = 5030 samples.
Files already downloaded and verified
3255 originally labeled samples, 1775 new samples, and 1279392 unlabeled samples. Total: 1284422
 38.58% | time: 813.2s (129.2m) | step:   2943 | train acc: 1.000 | train loss: 0.001 |test acc: 0.750 (0.810, 0.654) | test dp gap: 0.0841
 38.58% | time:   1.4s (129.3m) | step:   2943 | train acc: 1.000 | train loss: 0.001 |val acc: 0.757 (0.806, 0.683) | val dp gap: 0.0611
begin calculating influence
calculating influence -- done
length of new labels 1782
Use 3255+1782 = 5037 samples.
Files already downloaded and verified
3255 originally labeled samples, 1782 new samples, and 1279385 unlabeled samples. Total: 1284422
 41.20% | time: 801.7s (142.6m) | step:   3143 | train acc: 1.000 | train loss: 0.000 |test acc: 0.748 (0.806, 0.655) | test dp gap: 0.0794
 41.20% | time:   1.3s (142.7m) | step:   3143 | train acc: 1.000 | train loss: 0.000 |val acc: 0.751 (0.806, 0.663) | val dp gap: 0.0507
begin calculating influence
calculating influence -- done
length of new labels 1865
Use 3255+1865 = 5120 samples.
Files already downloaded and verified
3255 originally labeled samples, 1865 new samples, and 1279302 unlabeled samples. Total: 1284422
 41.66% | time: 691.1s (154.2m) | step:   3178 | train acc: 1.000 | train loss: 0.001 |test acc: 0.715 (0.761, 0.642) | test dp gap: 0.0810
 41.66% | time:   1.6s (154.2m) | step:   3178 | train acc: 1.000 | train loss: 0.001 |val acc: 0.717 (0.759, 0.652) | val dp gap: 0.0442
begin calculating influence
calculating influence -- done
length of new labels 2121
Use 3255+2121 = 5376 samples.
Files already downloaded and verified
3255 originally labeled samples, 2121 new samples, and 1279046 unlabeled samples. Total: 1284422
Epoch 5
 44.29% | time: 803.2s (167.6m) | step:   3379 | train acc: 1.000 | train loss: 0.003 |test acc: 0.718 (0.764, 0.645) | test dp gap: 0.0931
 44.29% | time:   1.7s (167.6m) | step:   3379 | train acc: 1.000 | train loss: 0.003 |val acc: 0.714 (0.763, 0.635) | val dp gap: 0.0874
begin calculating influence
calculating influence -- done
length of new labels 2377
Use 3255+2377 = 5632 samples.
Files already downloaded and verified
3255 originally labeled samples, 2377 new samples, and 1278790 unlabeled samples. Total: 1284422
 46.91% | time: 782.6s (180.7m) | step:   3579 | train acc: 1.000 | train loss: 0.003 |test acc: 0.745 (0.796, 0.663) | test dp gap: 0.1114
 46.91% | time:   1.5s (180.7m) | step:   3579 | train acc: 1.000 | train loss: 0.003 |val acc: 0.749 (0.803, 0.666) | val dp gap: 0.0919
begin calculating influence
calculating influence -- done
length of new labels 2389
Use 3255+2389 = 5644 samples.
Files already downloaded and verified
3255 originally labeled samples, 2389 new samples, and 1278778 unlabeled samples. Total: 1284422
 49.53% | time: 783.4s (193.7m) | step:   3779 | train acc: 1.000 | train loss: 0.009 |test acc: 0.758 (0.815, 0.667) | test dp gap: 0.1106
 49.53% | time:   1.5s (193.8m) | step:   3779 | train acc: 1.000 | train loss: 0.009 |val acc: 0.763 (0.817, 0.677) | val dp gap: 0.1005
begin calculating influence
calculating influence -- done
length of new labels 2401
Use 3255+2401 = 5656 samples.
Files already downloaded and verified
3255 originally labeled samples, 2401 new samples, and 1278766 unlabeled samples. Total: 1284422
 49.99% | time: 689.4s (205.3m) | step:   3814 | train acc: 1.000 | train loss: 0.002 |test acc: 0.759 (0.817, 0.667) | test dp gap: 0.1009
 49.99% | time:   1.4s (205.3m) | step:   3814 | train acc: 1.000 | train loss: 0.002 |val acc: 0.768 (0.823, 0.685) | val dp gap: 0.0807
begin calculating influence
calculating influence -- done
length of new labels 2405
Use 3255+2405 = 5660 samples.
Files already downloaded and verified
3255 originally labeled samples, 2405 new samples, and 1278762 unlabeled samples. Total: 1284422
Epoch 6
 52.62% | time: 786.2s (218.4m) | step:   4014 | train acc: 0.996 | train loss: 0.010 |test acc: 0.762 (0.834, 0.648) | test dp gap: 0.0494
 52.62% | time:   1.3s (218.4m) | step:   4014 | train acc: 0.996 | train loss: 0.010 |val acc: 0.775 (0.844, 0.669) | val dp gap: 0.0382
begin calculating influence
calculating influence -- done
length of new labels 2661
Use 3255+2661 = 5916 samples.
Files already downloaded and verified
3255 originally labeled samples, 2661 new samples, and 1278506 unlabeled samples. Total: 1284422
 55.24% | time: 777.1s (231.4m) | step:   4214 | train acc: 1.000 | train loss: 0.011 |test acc: 0.669 (0.699, 0.620) | test dp gap: 0.1371
 55.24% | time:   1.4s (231.4m) | step:   4214 | train acc: 1.000 | train loss: 0.011 |val acc: 0.665 (0.694, 0.619) | val dp gap: 0.1218
begin calculating influence
calculating influence -- done
length of new labels 2917
Use 3255+2917 = 6172 samples.
Files already downloaded and verified
3255 originally labeled samples, 2917 new samples, and 1278250 unlabeled samples. Total: 1284422
 57.86% | time: 781.7s (244.4m) | step:   4414 | train acc: 1.000 | train loss: 0.000 |test acc: 0.750 (0.805, 0.663) | test dp gap: 0.1073
 57.86% | time:   1.3s (244.4m) | step:   4414 | train acc: 1.000 | train loss: 0.000 |val acc: 0.758 (0.799, 0.698) | val dp gap: 0.0985
begin calculating influence
calculating influence -- done
length of new labels 2968
Use 3255+2968 = 6223 samples.
Files already downloaded and verified
3255 originally labeled samples, 2968 new samples, and 1278199 unlabeled samples. Total: 1284422
 58.32% | time: 680.3s (255.8m) | step:   4449 | train acc: 1.000 | train loss: 0.002 |test acc: 0.763 (0.823, 0.668) | test dp gap: 0.0908
 58.32% | time:   1.3s (255.8m) | step:   4449 | train acc: 1.000 | train loss: 0.002 |val acc: 0.788 (0.832, 0.721) | val dp gap: 0.0780
begin calculating influence
calculating influence -- done
length of new labels 2975
Use 3255+2975 = 6230 samples.
Files already downloaded and verified
3255 originally labeled samples, 2975 new samples, and 1278192 unlabeled samples. Total: 1284422
Epoch 7
 60.95% | time: 802.9s (269.2m) | step:   4650 | train acc: 1.000 | train loss: 0.000 |test acc: 0.763 (0.829, 0.659) | test dp gap: 0.0755
 60.95% | time:   1.3s (269.2m) | step:   4650 | train acc: 1.000 | train loss: 0.000 |val acc: 0.794 (0.860, 0.691) | val dp gap: 0.0679
begin calculating influence
calculating influence -- done
length of new labels 2985
Use 3255+2985 = 6240 samples.
Files already downloaded and verified
3255 originally labeled samples, 2985 new samples, and 1278182 unlabeled samples. Total: 1284422
 63.57% | time: 815.5s (282.8m) | step:   4850 | train acc: 1.000 | train loss: 0.002 |test acc: 0.760 (0.826, 0.655) | test dp gap: 0.0829
 63.57% | time:   1.4s (282.8m) | step:   4850 | train acc: 1.000 | train loss: 0.002 |val acc: 0.785 (0.849, 0.685) | val dp gap: 0.0824
begin calculating influence
calculating influence -- done
length of new labels 2999
Use 3255+2999 = 6254 samples.
Files already downloaded and verified
3255 originally labeled samples, 2999 new samples, and 1278168 unlabeled samples. Total: 1284422
 66.19% | time: 800.9s (296.2m) | step:   5050 | train acc: 1.000 | train loss: 0.000 |test acc: 0.760 (0.819, 0.666) | test dp gap: 0.1185
 66.19% | time:   1.7s (296.2m) | step:   5050 | train acc: 1.000 | train loss: 0.000 |val acc: 0.771 (0.827, 0.681) | val dp gap: 0.1172
begin calculating influence
calculating influence -- done
length of new labels 2999
Use 3255+2999 = 6254 samples.
Files already downloaded and verified
3255 originally labeled samples, 2999 new samples, and 1278168 unlabeled samples. Total: 1284422
 66.65% | time: 671.5s (307.4m) | step:   5085 | train acc: 1.000 | train loss: 0.000 |test acc: 0.759 (0.819, 0.665) | test dp gap: 0.1204
 66.65% | time:   1.4s (307.4m) | step:   5085 | train acc: 1.000 | train loss: 0.000 |val acc: 0.770 (0.827, 0.679) | val dp gap: 0.1110
begin calculating influence
calculating influence -- done
length of new labels 3001
Use 3255+3001 = 6256 samples.
Files already downloaded and verified
3255 originally labeled samples, 3001 new samples, and 1278166 unlabeled samples. Total: 1284422
Epoch 8
 69.29% | time: 783.6s (320.5m) | step:   5286 | train acc: 1.000 | train loss: 0.002 |test acc: 0.755 (0.814, 0.662) | test dp gap: 0.1256
 69.29% | time:   1.5s (320.5m) | step:   5286 | train acc: 1.000 | train loss: 0.002 |val acc: 0.776 (0.838, 0.678) | val dp gap: 0.1354
begin calculating influence
calculating influence -- done
length of new labels 3002
Use 3255+3002 = 6257 samples.
Files already downloaded and verified
3255 originally labeled samples, 3002 new samples, and 1278165 unlabeled samples. Total: 1284422
 71.91% | time: 773.4s (333.4m) | step:   5486 | train acc: 1.000 | train loss: 0.001 |test acc: 0.764 (0.830, 0.659) | test dp gap: 0.0773
 71.91% | time:   1.5s (333.4m) | step:   5486 | train acc: 1.000 | train loss: 0.001 |val acc: 0.785 (0.855, 0.677) | val dp gap: 0.0742
begin calculating influence
calculating influence -- done
length of new labels 3101
Use 3255+3101 = 6356 samples.
Files already downloaded and verified
3255 originally labeled samples, 3101 new samples, and 1278066 unlabeled samples. Total: 1284422
 74.53% | time: 793.9s (346.6m) | step:   5686 | train acc: 1.000 | train loss: 0.000 |test acc: 0.766 (0.829, 0.664) | test dp gap: 0.0860
 74.53% | time:   1.5s (346.7m) | step:   5686 | train acc: 1.000 | train loss: 0.000 |val acc: 0.787 (0.857, 0.683) | val dp gap: 0.0810
begin calculating influence
calculating influence -- done
length of new labels 3146
Use 3255+3146 = 6401 samples.
Files already downloaded and verified
3255 originally labeled samples, 3146 new samples, and 1278021 unlabeled samples. Total: 1284422
 74.99% | time: 672.6s (357.9m) | step:   5721 | train acc: 1.000 | train loss: 0.001 |test acc: 0.685 (0.723, 0.625) | test dp gap: 0.1236
 74.99% | time:   1.4s (357.9m) | step:   5721 | train acc: 1.000 | train loss: 0.001 |val acc: 0.678 (0.714, 0.621) | val dp gap: 0.1028
begin calculating influence
calculating influence -- done
length of new labels 3402
Use 3255+3402 = 6657 samples.
Files already downloaded and verified
3255 originally labeled samples, 3402 new samples, and 1277765 unlabeled samples. Total: 1284422
Epoch 9
 77.62% | time: 773.7s (370.8m) | step:   5922 | train acc: 1.000 | train loss: 0.001 |test acc: 0.762 (0.836, 0.645) | test dp gap: 0.0462
 77.62% | time:   1.4s (370.8m) | step:   5922 | train acc: 1.000 | train loss: 0.001 |val acc: 0.778 (0.856, 0.655) | val dp gap: 0.0390
begin calculating influence
calculating influence -- done
length of new labels 3451
Use 3255+3451 = 6706 samples.
Files already downloaded and verified
3255 originally labeled samples, 3451 new samples, and 1277716 unlabeled samples. Total: 1284422
 80.25% | time: 780.9s (383.8m) | step:   6122 | train acc: 1.000 | train loss: 0.000 |test acc: 0.740 (0.794, 0.655) | test dp gap: 0.0939
 80.25% | time:   1.5s (383.8m) | step:   6122 | train acc: 1.000 | train loss: 0.000 |val acc: 0.737 (0.789, 0.656) | val dp gap: 0.0704
begin calculating influence
calculating influence -- done
length of new labels 3569
Use 3255+3569 = 6824 samples.
Files already downloaded and verified
3255 originally labeled samples, 3569 new samples, and 1277598 unlabeled samples. Total: 1284422
 82.87% | time: 768.8s (396.7m) | step:   6322 | train acc: 1.000 | train loss: 0.001 |test acc: 0.742 (0.798, 0.654) | test dp gap: 0.1273
 82.87% | time:   1.6s (396.7m) | step:   6322 | train acc: 1.000 | train loss: 0.001 |val acc: 0.763 (0.819, 0.676) | val dp gap: 0.1317
begin calculating influence
calculating influence -- done
length of new labels 3587
Use 3255+3587 = 6842 samples.
Files already downloaded and verified
3255 originally labeled samples, 3587 new samples, and 1277580 unlabeled samples. Total: 1284422
 83.33% | time: 662.9s (407.7m) | step:   6357 | train acc: 1.000 | train loss: 0.001 |test acc: 0.741 (0.795, 0.654) | test dp gap: 0.1123
 83.33% | time:   1.4s (407.8m) | step:   6357 | train acc: 1.000 | train loss: 0.001 |val acc: 0.747 (0.805, 0.658) | val dp gap: 0.1150
begin calculating influence
calculating influence -- done
length of new labels 3750
Use 3255+3750 = 7005 samples.
Files already downloaded and verified
3255 originally labeled samples, 3750 new samples, and 1277417 unlabeled samples. Total: 1284422
Epoch 10
 85.96% | time: 781.7s (420.8m) | step:   6558 | train acc: 1.000 | train loss: 0.001 |test acc: 0.750 (0.807, 0.660) | test dp gap: 0.1122
 85.96% | time:   1.3s (420.8m) | step:   6558 | train acc: 1.000 | train loss: 0.001 |val acc: 0.772 (0.819, 0.700) | val dp gap: 0.0887
begin calculating influence
calculating influence -- done
length of new labels 3750
Use 3255+3750 = 7005 samples.
Files already downloaded and verified
3255 originally labeled samples, 3750 new samples, and 1277417 unlabeled samples. Total: 1284422
 88.58% | time: 790.5s (434.0m) | step:   6758 | train acc: 1.000 | train loss: 0.001 |test acc: 0.704 (0.747, 0.635) | test dp gap: 0.1461
 88.58% | time:   1.5s (434.0m) | step:   6758 | train acc: 1.000 | train loss: 0.001 |val acc: 0.706 (0.752, 0.635) | val dp gap: 0.1421
begin calculating influence
calculating influence -- done
length of new labels 4006
Use 3255+4006 = 7261 samples.
Files already downloaded and verified
3255 originally labeled samples, 4006 new samples, and 1277161 unlabeled samples. Total: 1284422
 91.20% | time: 751.9s (446.5m) | step:   6958 | train acc: 1.000 | train loss: 0.005 |test acc: 0.736 (0.790, 0.651) | test dp gap: 0.1291
 91.20% | time:   1.3s (446.6m) | step:   6958 | train acc: 1.000 | train loss: 0.005 |val acc: 0.753 (0.798, 0.681) | val dp gap: 0.1157
begin calculating influence
calculating influence -- done
length of new labels 4194
Use 3255+4194 = 7449 samples.
Files already downloaded and verified
3255 originally labeled samples, 4194 new samples, and 1276973 unlabeled samples. Total: 1284422
 91.66% | time: 653.9s (457.5m) | step:   6993 | train acc: 1.000 | train loss: 0.002 |test acc: 0.729 (0.777, 0.654) | test dp gap: 0.1106
 91.66% | time:   1.4s (457.5m) | step:   6993 | train acc: 1.000 | train loss: 0.002 |val acc: 0.734 (0.770, 0.675) | val dp gap: 0.1038
begin calculating influence
calculating influence -- done
length of new labels 4450
Use 3255+4450 = 7705 samples.
Files already downloaded and verified
3255 originally labeled samples, 4450 new samples, and 1276717 unlabeled samples. Total: 1284422
Epoch 11
 94.30% | time: 792.1s (470.7m) | step:   7194 | train acc: 1.000 | train loss: 0.003 |test acc: 0.727 (0.780, 0.644) | test dp gap: 0.1073
 94.30% | time:   1.5s (470.7m) | step:   7194 | train acc: 1.000 | train loss: 0.003 |val acc: 0.738 (0.769, 0.686) | val dp gap: 0.0749
begin calculating influence
calculating influence -- done
length of new labels 4549
Use 3255+4549 = 7804 samples.
Files already downloaded and verified
3255 originally labeled samples, 4549 new samples, and 1276618 unlabeled samples. Total: 1284422
 96.92% | time: 778.2s (483.7m) | step:   7394 | train acc: 1.000 | train loss: 0.006 |test acc: 0.692 (0.737, 0.622) | test dp gap: 0.1345
 96.92% | time:   1.3s (483.7m) | step:   7394 | train acc: 1.000 | train loss: 0.006 |val acc: 0.680 (0.725, 0.613) | val dp gap: 0.1068
begin calculating influence
calculating influence -- done
length of new labels 4805
Use 3255+4805 = 8060 samples.
Files already downloaded and verified
3255 originally labeled samples, 4805 new samples, and 1276362 unlabeled samples. Total: 1284422
 99.54% | time: 724.3s (495.8m) | step:   7594 | train acc: 1.000 | train loss: 0.002 |test acc: 0.724 (0.777, 0.641) | test dp gap: 0.1095
 99.54% | time:   1.4s (495.8m) | step:   7594 | train acc: 1.000 | train loss: 0.002 |val acc: 0.747 (0.797, 0.671) | val dp gap: 0.0815
begin calculating influence
calculating influence -- done
length of new labels 5061
Use 3255+5061 = 8316 samples.
Files already downloaded and verified
3255 originally labeled samples, 5061 new samples, and 1276106 unlabeled samples. Total: 1284422
100.00% | time: 449.5s (503.3m) | step:   7629 | train acc: 0.996 | train loss: 0.019 |test acc: 0.737 (0.794, 0.645) | test dp gap: 0.0738
100.00% | time:   1.3s (503.3m) | step:   7629 | train acc: 0.996 | train loss: 0.019 |val acc: 0.752 (0.804, 0.670) | val dp gap: 0.0558
begin calculating influence
calculating influence -- done
length of new labels 5317
Use 3255+5317 = 8572 samples.
Files already downloaded and verified
3255 originally labeled samples, 5317 new samples, and 1275850 unlabeled samples. Total: 1284422
