Files already downloaded and verified
3255 labeled samples and 159515 unlabeled samples. Total: 162770
Files already downloaded and verified
1996 labeled samples and 17966 unlabeled samples. Total: 19962
Numer of layers 200
train net...
train with 162770 samples (with replacement) in one epoch
Epoch 0
  2.62% | time: 103.0s (  1.7m) | step:    200 | train acc: 0.926 | train loss: 0.190 |warm_t acc: 0.775 (0.826, 0.695) | warm_t eod gap: 0.1474
  2.62% | time:   6.2s (  1.8m) | step:    200 | train acc: 0.926 | train loss: 0.190 |warm_v acc: 0.783 (0.832, 0.701) | warm_v eod gap: 0.1619
  5.24% | time:  83.8s (  3.2m) | step:    400 | train acc: 0.770 | train loss: 0.491 |warm_t acc: 0.757 (0.827, 0.645) | warm_t eod gap: 0.0801
  5.24% | time:   1.3s (  3.2m) | step:    400 | train acc: 0.770 | train loss: 0.491 |warm_v acc: 0.772 (0.833, 0.675) | warm_v eod gap: 0.1007
  7.86% | time:  83.5s (  4.6m) | step:    600 | train acc: 0.898 | train loss: 0.223 |warm_t acc: 0.765 (0.814, 0.687) | warm_t eod gap: 0.1981
  7.86% | time:   1.3s (  4.7m) | step:    600 | train acc: 0.898 | train loss: 0.223 |warm_v acc: 0.764 (0.816, 0.679) | warm_v eod gap: 0.2153
  8.32% | time:  22.7s (  5.0m) | step:    635 | train acc: 0.969 | train loss: 0.116 |warm_t acc: 0.751 (0.796, 0.679) | warm_t eod gap: 0.2076
  8.32% | time:   1.2s (  5.1m) | step:    635 | train acc: 0.969 | train loss: 0.116 |warm_v acc: 0.751 (0.796, 0.682) | warm_v eod gap: 0.2122
Epoch 1
 10.95% | time:  83.5s (  6.4m) | step:    835 | train acc: 0.871 | train loss: 0.321 |warm_t acc: 0.775 (0.832, 0.685) | warm_t eod gap: 0.1656
 10.95% | time:   1.1s (  6.5m) | step:    835 | train acc: 0.871 | train loss: 0.321 |warm_v acc: 0.791 (0.849, 0.699) | warm_v eod gap: 0.1720
 13.57% | time:  82.4s (  7.8m) | step:   1035 | train acc: 0.969 | train loss: 0.090 |warm_t acc: 0.750 (0.798, 0.672) | warm_t eod gap: 0.2171
 13.57% | time:   1.2s (  7.9m) | step:   1035 | train acc: 0.969 | train loss: 0.090 |warm_v acc: 0.761 (0.801, 0.698) | warm_v eod gap: 0.2179
 16.19% | time:  80.9s (  9.2m) | step:   1235 | train acc: 1.000 | train loss: 0.000 |warm_t acc: 0.755 (0.806, 0.674) | warm_t eod gap: 0.1946
 16.19% | time:   1.3s (  9.2m) | step:   1235 | train acc: 1.000 | train loss: 0.000 |warm_v acc: 0.763 (0.812, 0.691) | warm_v eod gap: 0.1929
 16.65% | time:  18.9s (  9.5m) | step:   1270 | train acc: 1.000 | train loss: 0.000 |warm_t acc: 0.755 (0.806, 0.673) | warm_t eod gap: 0.1936
 16.65% | time:   1.2s (  9.6m) | step:   1270 | train acc: 1.000 | train loss: 0.000 |warm_v acc: 0.775 (0.815, 0.711) | warm_v eod gap: 0.1956
Epoch 2
 19.28% | time:  79.3s ( 10.9m) | step:   1471 | train acc: 1.000 | train loss: 0.000 |test acc: 0.755 (0.806, 0.674) | test eod gap: 0.1953
 19.28% | time:   1.5s ( 10.9m) | step:   1471 | train acc: 1.000 | train loss: 0.000 |val acc: 0.776 (0.810, 0.721) | val eod gap: 0.1866
begin calculating influence
selected layers: [Traced<ShapedArray(float32[768])>with<DynamicJaxprTrace(level=0/1)>, Traced<ShapedArray(float32[8,8,3,768])>with<DynamicJaxprTrace(level=0/1)>, Traced<ShapedArray(float32[2])>with<DynamicJaxprTrace(level=0/1)>, Traced<ShapedArray(float32[768,2])>with<DynamicJaxprTrace(level=0/1)>]
calculating influence -- done
length of new labels 256
Use 3255+256 = 3511 samples.
Files already downloaded and verified
3511 labeled samples and 159259 unlabeled samples. Total: 162770
 21.90% | time: 759.3s ( 23.6m) | step:   1671 | train acc: 0.965 | train loss: 0.103 |test acc: 0.746 (0.796, 0.666) | test eod gap: 0.2061
 21.90% | time:   1.5s ( 23.6m) | step:   1671 | train acc: 0.965 | train loss: 0.103 |val acc: 0.758 (0.802, 0.692) | val eod gap: 0.2520
begin calculating influence
calculating influence -- done
length of new labels 512
Use 3255+512 = 3767 samples.
Files already downloaded and verified
3767 labeled samples and 159003 unlabeled samples. Total: 162770
 24.52% | time: 753.9s ( 36.2m) | step:   1871 | train acc: 0.969 | train loss: 0.114 |test acc: 0.727 (0.780, 0.644) | test eod gap: 0.1759
 24.52% | time:   1.5s ( 36.2m) | step:   1871 | train acc: 0.969 | train loss: 0.114 |val acc: 0.731 (0.781, 0.654) | val eod gap: 0.2079
begin calculating influence
calculating influence -- done
Use 4023 samples. Get 3511 labels. Ratio: 1.1458273996012531
Files already downloaded and verified
4023 labeled samples and 158747 unlabeled samples. Total: 162770
 24.98% | time: 702.9s ( 47.9m) | step:   1906 | train acc: 0.992 | train loss: 0.045 |test acc: 0.732 (0.782, 0.652) | test eod gap: 0.1877
 24.98% | time:   1.5s ( 47.9m) | step:   1906 | train acc: 0.992 | train loss: 0.045 |val acc: 0.746 (0.792, 0.672) | val eod gap: 0.2024
begin calculating influence
calculating influence -- done
Use 4279 samples. Get 3767 labels. Ratio: 1.1359171754711972
Files already downloaded and verified
4279 labeled samples and 158491 unlabeled samples. Total: 162770
Epoch 3
 27.62% | time: 737.1s ( 60.2m) | step:   2107 | train acc: 1.000 | train loss: 0.001 |test acc: 0.735 (0.782, 0.661) | test eod gap: 0.1612
 27.62% | time:   1.4s ( 60.2m) | step:   2107 | train acc: 1.000 | train loss: 0.001 |val acc: 0.754 (0.797, 0.687) | val eod gap: 0.1642
begin calculating influence
calculating influence -- done
Use 4535 samples. Get 4023 labels. Ratio: 1.1272682078051206
Files already downloaded and verified
4535 labeled samples and 158235 unlabeled samples. Total: 162770
 30.24% | time: 763.2s ( 72.9m) | step:   2307 | train acc: 1.000 | train loss: 0.001 |test acc: 0.742 (0.788, 0.668) | test eod gap: 0.1624
 30.24% | time:   1.4s ( 73.0m) | step:   2307 | train acc: 1.000 | train loss: 0.001 |val acc: 0.756 (0.813, 0.665) | val eod gap: 0.1737
begin calculating influence
calculating influence -- done
Use 4791 samples. Get 4279 labels. Ratio: 1.119654124795513
Files already downloaded and verified
4791 labeled samples and 157979 unlabeled samples. Total: 162770
 32.86% | time: 766.8s ( 85.8m) | step:   2507 | train acc: 1.000 | train loss: 0.000 |test acc: 0.743 (0.789, 0.670) | test eod gap: 0.1648
 32.86% | time:   1.4s ( 85.8m) | step:   2507 | train acc: 1.000 | train loss: 0.000 |val acc: 0.755 (0.806, 0.677) | val eod gap: 0.1859
begin calculating influence
calculating influence -- done
Use 5047 samples. Get 4535 labels. Ratio: 1.1128996692392503
Files already downloaded and verified
5047 labeled samples and 157723 unlabeled samples. Total: 162770
 33.32% | time: 704.4s ( 97.5m) | step:   2542 | train acc: 0.996 | train loss: 0.011 |test acc: 0.739 (0.785, 0.666) | test eod gap: 0.1342
 33.32% | time:   1.4s ( 97.5m) | step:   2542 | train acc: 0.996 | train loss: 0.011 |val acc: 0.751 (0.780, 0.706) | val eod gap: 0.1244
begin calculating influence
calculating influence -- done
Use 5303 samples. Get 4791 labels. Ratio: 1.1068670423711124
Files already downloaded and verified
5303 labeled samples and 157467 unlabeled samples. Total: 162770
Epoch 4
 35.95% | time: 743.9s (109.9m) | step:   2743 | train acc: 1.000 | train loss: 0.001 |test acc: 0.747 (0.792, 0.677) | test eod gap: 0.1552
 35.95% | time:   1.4s (110.0m) | step:   2743 | train acc: 1.000 | train loss: 0.001 |val acc: 0.758 (0.811, 0.677) | val eod gap: 0.1197
begin calculating influence
calculating influence -- done
length of new labels 768
Use 4791+768 = 5559 samples.
Files already downloaded and verified
5559 labeled samples and 157211 unlabeled samples. Total: 162770
 38.58% | time: 741.6s (122.3m) | step:   2943 | train acc: 1.000 | train loss: 0.001 |test acc: 0.738 (0.782, 0.669) | test eod gap: 0.1545
 38.58% | time:   1.5s (122.3m) | step:   2943 | train acc: 1.000 | train loss: 0.001 |val acc: 0.762 (0.806, 0.690) | val eod gap: 0.1776
begin calculating influence
calculating influence -- done
length of new labels 1024
Use 4791+1024 = 5815 samples.
Files already downloaded and verified
5815 labeled samples and 156955 unlabeled samples. Total: 162770
 41.20% | time: 745.0s (134.8m) | step:   3143 | train acc: 1.000 | train loss: 0.000 |test acc: 0.733 (0.772, 0.670) | test eod gap: 0.1505
 41.20% | time:   1.4s (134.8m) | step:   3143 | train acc: 1.000 | train loss: 0.000 |val acc: 0.753 (0.793, 0.691) | val eod gap: 0.1342
begin calculating influence
calculating influence -- done
Use 6071 samples. Get 5047 labels. Ratio: 1.2028928076084804
Files already downloaded and verified
6071 labeled samples and 156699 unlabeled samples. Total: 162770
 41.66% | time: 682.5s (146.2m) | step:   3178 | train acc: 0.973 | train loss: 0.056 |test acc: 0.750 (0.796, 0.677) | test eod gap: 0.1391
 41.66% | time:   1.4s (146.2m) | step:   3178 | train acc: 0.973 | train loss: 0.056 |val acc: 0.766 (0.811, 0.695) | val eod gap: 0.1280
begin calculating influence
calculating influence -- done
length of new labels 1280
Use 5047+1280 = 6327 samples.
Files already downloaded and verified
6327 labeled samples and 156443 unlabeled samples. Total: 162770
Epoch 5
 44.29% | time: 752.0s (158.7m) | step:   3379 | train acc: 1.000 | train loss: 0.001 |test acc: 0.728 (0.772, 0.658) | test eod gap: 0.1406
 44.29% | time:   1.5s (158.7m) | step:   3379 | train acc: 1.000 | train loss: 0.001 |val acc: 0.737 (0.779, 0.667) | val eod gap: 0.1353
begin calculating influence
calculating influence -- done
Use 6583 samples. Get 5303 labels. Ratio: 1.2413728078446162
Files already downloaded and verified
6583 labeled samples and 156187 unlabeled samples. Total: 162770
 46.91% | time: 757.3s (171.4m) | step:   3579 | train acc: 1.000 | train loss: 0.003 |test acc: 0.733 (0.779, 0.659) | test eod gap: 0.1426
 46.91% | time:   1.4s (171.4m) | step:   3579 | train acc: 1.000 | train loss: 0.003 |val acc: 0.749 (0.774, 0.710) | val eod gap: 0.1457
begin calculating influence
calculating influence -- done
Use 6839 samples. Get 5559 labels. Ratio: 1.2302572405108831
Files already downloaded and verified
6839 labeled samples and 155931 unlabeled samples. Total: 162770
 49.53% | time: 761.0s (184.1m) | step:   3779 | train acc: 1.000 | train loss: 0.001 |test acc: 0.726 (0.772, 0.654) | test eod gap: 0.1524
 49.53% | time:   1.5s (184.1m) | step:   3779 | train acc: 1.000 | train loss: 0.001 |val acc: 0.742 (0.778, 0.683) | val eod gap: 0.1623
begin calculating influence
calculating influence -- done
Use 7095 samples. Get 5815 labels. Ratio: 1.2201203783319003
Files already downloaded and verified
7095 labeled samples and 155675 unlabeled samples. Total: 162770
 49.99% | time: 697.4s (195.7m) | step:   3814 | train acc: 0.980 | train loss: 0.086 |test acc: 0.690 (0.724, 0.636) | test eod gap: 0.1500
 49.99% | time:   1.3s (195.7m) | step:   3814 | train acc: 0.980 | train loss: 0.086 |val acc: 0.710 (0.739, 0.663) | val eod gap: 0.1345
begin calculating influence
calculating influence -- done
Use 7351 samples. Get 6071 labels. Ratio: 1.2108384121232088
Files already downloaded and verified
7351 labeled samples and 155419 unlabeled samples. Total: 162770
Epoch 6
 52.62% | time: 751.2s (208.3m) | step:   4014 | train acc: 1.000 | train loss: 0.000 |test acc: 0.737 (0.783, 0.663) | test eod gap: 0.1649
 52.62% | time:   1.4s (208.3m) | step:   4014 | train acc: 1.000 | train loss: 0.000 |val acc: 0.755 (0.800, 0.687) | val eod gap: 0.1456
begin calculating influence
calculating influence -- done
Use 7607 samples. Get 6327 labels. Ratio: 1.2023075707286233
Files already downloaded and verified
7607 labeled samples and 155163 unlabeled samples. Total: 162770
 55.24% | time: 757.7s (220.9m) | step:   4214 | train acc: 1.000 | train loss: 0.002 |test acc: 0.726 (0.771, 0.655) | test eod gap: 0.1665
 55.24% | time:   1.4s (220.9m) | step:   4214 | train acc: 1.000 | train loss: 0.002 |val acc: 0.727 (0.781, 0.643) | val eod gap: 0.1373
begin calculating influence
calculating influence -- done
Use 7863 samples. Get 6583 labels. Ratio: 1.19444022482151
Files already downloaded and verified
7863 labeled samples and 154907 unlabeled samples. Total: 162770
 57.86% | time: 759.4s (233.6m) | step:   4414 | train acc: 1.000 | train loss: 0.000 |test acc: 0.746 (0.794, 0.671) | test eod gap: 0.1449
 57.86% | time:   1.4s (233.6m) | step:   4414 | train acc: 1.000 | train loss: 0.000 |val acc: 0.756 (0.802, 0.685) | val eod gap: 0.1408
begin calculating influence
calculating influence -- done
Use 8119 samples. Get 6839 labels. Ratio: 1.1871618657698495
Files already downloaded and verified
8119 labeled samples and 154651 unlabeled samples. Total: 162770
 58.32% | time: 698.7s (245.3m) | step:   4449 | train acc: 0.980 | train loss: 0.104 |test acc: 0.734 (0.781, 0.659) | test eod gap: 0.1541
 58.32% | time:   1.5s (245.3m) | step:   4449 | train acc: 0.980 | train loss: 0.104 |val acc: 0.745 (0.785, 0.680) | val eod gap: 0.1194
begin calculating influence
calculating influence -- done
Use 8375 samples. Get 7095 labels. Ratio: 1.1804087385482733
Files already downloaded and verified
8375 labeled samples and 154395 unlabeled samples. Total: 162770
Epoch 7
 60.95% | time: 755.8s (257.9m) | step:   4650 | train acc: 1.000 | train loss: 0.000 |test acc: 0.746 (0.795, 0.667) | test eod gap: 0.1610
 60.95% | time:   1.5s (257.9m) | step:   4650 | train acc: 1.000 | train loss: 0.000 |val acc: 0.751 (0.794, 0.687) | val eod gap: 0.1524
begin calculating influence
calculating influence -- done
Use 8631 samples. Get 7351 labels. Ratio: 1.1741259692558836
Files already downloaded and verified
8631 labeled samples and 154139 unlabeled samples. Total: 162770
 63.57% | time: 758.8s (270.6m) | step:   4850 | train acc: 1.000 | train loss: 0.001 |test acc: 0.747 (0.795, 0.670) | test eod gap: 0.1506
 63.57% | time:   1.4s (270.6m) | step:   4850 | train acc: 1.000 | train loss: 0.001 |val acc: 0.762 (0.806, 0.694) | val eod gap: 0.1678
begin calculating influence
calculating influence -- done
length of new labels 1536
Use 7351+1536 = 8887 samples.
Files already downloaded and verified
8887 labeled samples and 153883 unlabeled samples. Total: 162770
 66.19% | time: 758.9s (283.2m) | step:   5050 | train acc: 1.000 | train loss: 0.001 |test acc: 0.739 (0.783, 0.670) | test eod gap: 0.1367
 66.19% | time:   1.4s (283.3m) | step:   5050 | train acc: 1.000 | train loss: 0.001 |val acc: 0.754 (0.798, 0.684) | val eod gap: 0.1331
begin calculating influence
calculating influence -- done
Use 9143 samples. Get 7607 labels. Ratio: 1.2019192848691995
Files already downloaded and verified
9143 labeled samples and 153627 unlabeled samples. Total: 162770
 66.65% | time: 700.9s (294.9m) | step:   5085 | train acc: 0.992 | train loss: 0.053 |test acc: 0.739 (0.788, 0.662) | test eod gap: 0.1486
 66.65% | time:   1.4s (295.0m) | step:   5085 | train acc: 0.992 | train loss: 0.053 |val acc: 0.751 (0.809, 0.657) | val eod gap: 0.1224
begin calculating influence
calculating influence -- done
Use 9399 samples. Get 7863 labels. Ratio: 1.1953452880579931
Files already downloaded and verified
9399 labeled samples and 153371 unlabeled samples. Total: 162770
Epoch 8
 69.29% | time: 762.1s (307.7m) | step:   5286 | train acc: 1.000 | train loss: 0.001 |test acc: 0.744 (0.791, 0.670) | test eod gap: 0.1504
 69.29% | time:   1.4s (307.7m) | step:   5286 | train acc: 1.000 | train loss: 0.001 |val acc: 0.755 (0.800, 0.686) | val eod gap: 0.1339
begin calculating influence
calculating influence -- done
Use 9655 samples. Get 8119 labels. Ratio: 1.1891858603276266
Files already downloaded and verified
9655 labeled samples and 153115 unlabeled samples. Total: 162770
 71.91% | time: 755.8s (320.3m) | step:   5486 | train acc: 0.996 | train loss: 0.004 |test acc: 0.741 (0.788, 0.667) | test eod gap: 0.1297
 71.91% | time:   1.4s (320.3m) | step:   5486 | train acc: 0.996 | train loss: 0.004 |val acc: 0.757 (0.794, 0.699) | val eod gap: 0.1140
begin calculating influence
calculating influence -- done
length of new labels 1792
Use 8119+1792 = 9911 samples.
Files already downloaded and verified
9911 labeled samples and 152859 unlabeled samples. Total: 162770
 74.53% | time: 758.2s (332.9m) | step:   5686 | train acc: 1.000 | train loss: 0.000 |test acc: 0.743 (0.790, 0.668) | test eod gap: 0.1552
 74.53% | time:   1.5s (333.0m) | step:   5686 | train acc: 1.000 | train loss: 0.000 |val acc: 0.729 (0.774, 0.659) | val eod gap: 0.1477
begin calculating influence
calculating influence -- done
Use 10167 samples. Get 8375 labels. Ratio: 1.2139701492537314
Files already downloaded and verified
10167 labeled samples and 152603 unlabeled samples. Total: 162770
 74.99% | time: 691.3s (344.5m) | step:   5721 | train acc: 0.992 | train loss: 0.013 |test acc: 0.734 (0.784, 0.654) | test eod gap: 0.1472
 74.99% | time:   1.5s (344.5m) | step:   5721 | train acc: 0.992 | train loss: 0.013 |val acc: 0.725 (0.770, 0.657) | val eod gap: 0.1368
begin calculating influence
calculating influence -- done
Use 10423 samples. Get 8631 labels. Ratio: 1.2076236820762367
Files already downloaded and verified
10423 labeled samples and 152347 unlabeled samples. Total: 162770
Epoch 9
 77.62% | time: 761.0s (357.2m) | step:   5922 | train acc: 1.000 | train loss: 0.000 |test acc: 0.740 (0.789, 0.662) | test eod gap: 0.1517
 77.62% | time:   1.5s (357.2m) | step:   5922 | train acc: 1.000 | train loss: 0.000 |val acc: 0.738 (0.785, 0.664) | val eod gap: 0.1773
begin calculating influence
calculating influence -- done
Use 10679 samples. Get 8887 labels. Ratio: 1.201642849105435
Files already downloaded and verified
10679 labeled samples and 152091 unlabeled samples. Total: 162770
 80.25% | time: 757.9s (369.8m) | step:   6122 | train acc: 1.000 | train loss: 0.000 |test acc: 0.742 (0.789, 0.666) | test eod gap: 0.1641
 80.25% | time:   1.4s (369.9m) | step:   6122 | train acc: 1.000 | train loss: 0.000 |val acc: 0.732 (0.787, 0.643) | val eod gap: 0.1262
begin calculating influence
calculating influence -- done
Use 10935 samples. Get 9143 labels. Ratio: 1.1959969375478507
Files already downloaded and verified
10935 labeled samples and 151835 unlabeled samples. Total: 162770
 82.87% | time: 758.2s (382.5m) | step:   6322 | train acc: 1.000 | train loss: 0.000 |test acc: 0.744 (0.790, 0.670) | test eod gap: 0.1519
 82.87% | time:   1.5s (382.5m) | step:   6322 | train acc: 1.000 | train loss: 0.000 |val acc: 0.740 (0.787, 0.667) | val eod gap: 0.1820
begin calculating influence
calculating influence -- done
Use 11191 samples. Get 9399 labels. Ratio: 1.1906585807000745
Files already downloaded and verified
11191 labeled samples and 151579 unlabeled samples. Total: 162770
 83.33% | time: 700.5s (394.2m) | step:   6357 | train acc: 0.980 | train loss: 0.037 |test acc: 0.734 (0.781, 0.658) | test eod gap: 0.1215
 83.33% | time:   1.5s (394.2m) | step:   6357 | train acc: 0.980 | train loss: 0.037 |val acc: 0.740 (0.783, 0.673) | val eod gap: 0.1443
begin calculating influence
calculating influence -- done
Use 11447 samples. Get 9655 labels. Ratio: 1.185603314344899
Files already downloaded and verified
11447 labeled samples and 151323 unlabeled samples. Total: 162770
Epoch 10
 85.96% | time: 759.6s (406.9m) | step:   6558 | train acc: 1.000 | train loss: 0.001 |test acc: 0.744 (0.792, 0.667) | test eod gap: 0.1708
 85.96% | time:   1.5s (406.9m) | step:   6558 | train acc: 1.000 | train loss: 0.001 |val acc: 0.748 (0.795, 0.673) | val eod gap: 0.1542
begin calculating influence
calculating influence -- done
Use 11703 samples. Get 9911 labels. Ratio: 1.1808092018968823
Files already downloaded and verified
11703 labeled samples and 151067 unlabeled samples. Total: 162770
 88.58% | time: 757.4s (419.5m) | step:   6758 | train acc: 1.000 | train loss: 0.001 |test acc: 0.747 (0.793, 0.673) | test eod gap: 0.1662
 88.58% | time:   1.5s (419.6m) | step:   6758 | train acc: 1.000 | train loss: 0.001 |val acc: 0.755 (0.794, 0.695) | val eod gap: 0.2248
begin calculating influence
calculating influence -- done
Use 11959 samples. Get 10167 labels. Ratio: 1.1762565161797973
Files already downloaded and verified
11959 labeled samples and 150811 unlabeled samples. Total: 162770
 91.20% | time: 758.4s (432.2m) | step:   6958 | train acc: 1.000 | train loss: 0.003 |test acc: 0.746 (0.794, 0.669) | test eod gap: 0.1491
 91.20% | time:   1.5s (432.2m) | step:   6958 | train acc: 1.000 | train loss: 0.003 |val acc: 0.751 (0.805, 0.668) | val eod gap: 0.1300
begin calculating influence
calculating influence -- done
Use 12215 samples. Get 10423 labels. Ratio: 1.1719274680993956
Files already downloaded and verified
12215 labeled samples and 150555 unlabeled samples. Total: 162770
 91.66% | time: 697.9s (443.9m) | step:   6993 | train acc: 0.992 | train loss: 0.055 |test acc: 0.728 (0.767, 0.664) | test eod gap: 0.1717
 91.66% | time:   1.5s (443.9m) | step:   6993 | train acc: 0.992 | train loss: 0.055 |val acc: 0.733 (0.781, 0.660) | val eod gap: 0.1604
begin calculating influence
calculating influence -- done
Use 12471 samples. Get 10679 labels. Ratio: 1.167805974342167
Files already downloaded and verified
12471 labeled samples and 150299 unlabeled samples. Total: 162770
Epoch 11
 94.30% | time: 757.9s (456.5m) | step:   7194 | train acc: 1.000 | train loss: 0.000 |test acc: 0.748 (0.799, 0.667) | test eod gap: 0.1664
 94.30% | time:   1.5s (456.5m) | step:   7194 | train acc: 1.000 | train loss: 0.000 |val acc: 0.747 (0.796, 0.669) | val eod gap: 0.1856
begin calculating influence
calculating influence -- done
Use 12727 samples. Get 10935 labels. Ratio: 1.1638774577046183
Files already downloaded and verified
12727 labeled samples and 150043 unlabeled samples. Total: 162770
 96.92% | time: 758.3s (469.2m) | step:   7394 | train acc: 1.000 | train loss: 0.004 |test acc: 0.746 (0.795, 0.667) | test eod gap: 0.1823
 96.92% | time:   1.6s (469.2m) | step:   7394 | train acc: 1.000 | train loss: 0.004 |val acc: 0.764 (0.810, 0.691) | val eod gap: 0.1678
begin calculating influence
calculating influence -- done
length of new labels 2048
Use 10935+2048 = 12983 samples.
Files already downloaded and verified
12983 labeled samples and 149787 unlabeled samples. Total: 162770
 99.54% | time: 757.9s (481.8m) | step:   7594 | train acc: 1.000 | train loss: 0.001 |test acc: 0.750 (0.798, 0.673) | test eod gap: 0.1718
 99.54% | time:   1.4s (481.9m) | step:   7594 | train acc: 1.000 | train loss: 0.001 |val acc: 0.743 (0.801, 0.653) | val eod gap: 0.1709
begin calculating influence
calculating influence -- done
Use 13239 samples. Get 11191 labels. Ratio: 1.1830041998034135
Files already downloaded and verified
13239 labeled samples and 149531 unlabeled samples. Total: 162770
100.00% | time: 701.6s (493.6m) | step:   7629 | train acc: 1.000 | train loss: 0.001 |test acc: 0.749 (0.795, 0.677) | test eod gap: 0.1751
100.00% | time:   1.4s (493.6m) | step:   7629 | train acc: 1.000 | train loss: 0.001 |val acc: 0.766 (0.813, 0.690) | val eod gap: 0.1719
begin calculating influence
calculating influence -- done
length of new labels 2304
Use 11191+2304 = 13495 samples.
Files already downloaded and verified
13495 labeled samples and 149275 unlabeled samples. Total: 162770
