Files already downloaded and verified
3255 labeled samples and 159515 unlabeled samples. Total: 162770
Files already downloaded and verified
1996 labeled samples and 17966 unlabeled samples. Total: 19962
Numer of layers 62
train net...
Epoch 0
  2.53% | time:  89.5s (  1.5m) | step:    200 | train acc: 1.000 | train loss: 0.000 |test acc: 0.726 (0.710, 0.750) | test eop gap: 0.2827
begin calculating influence
selected layers: [Traced<ShapedArray(float32[2])>with<DynamicJaxprTrace(level=0/1)>, Traced<ShapedArray(float32[512,2])>with<DynamicJaxprTrace(level=0/1)>]
selected layers: [Traced<ShapedArray(float32[2])>with<DynamicJaxprTrace(level=0/1)>, Traced<ShapedArray(float32[512,2])>with<DynamicJaxprTrace(level=0/1)>]
calculating influence -- done
  2.53% | time:  36.3s (  2.1m) | step:    200 | train acc: 1.000 | train loss: 0.000 |val acc: 0.725 (0.712, 0.745) | val eop gap: 0.2582
Files already downloaded and verified
3511 labeled samples and 159259 unlabeled samples. Total: 162770
Use 3511 samples. Get 3511 labels. Ratio: 1.0
  5.05% | time:  53.0s (  3.0m) | step:    400 | train acc: 1.000 | train loss: 0.000 |test acc: 0.732 (0.711, 0.765) | test eop gap: 0.2765
begin calculating influence
calculating influence -- done
  5.05% | time:  17.7s (  3.3m) | step:    400 | train acc: 1.000 | train loss: 0.000 |val acc: 0.729 (0.714, 0.753) | val eop gap: 0.2877
Files already downloaded and verified
3767 labeled samples and 159003 unlabeled samples. Total: 162770
Use 3767 samples. Get 3767 labels. Ratio: 1.0
  7.58% | time:  52.8s (  4.2m) | step:    600 | train acc: 1.000 | train loss: 0.000 |test acc: 0.735 (0.719, 0.760) | test eop gap: 0.3003
begin calculating influence
calculating influence -- done
  7.58% | time:  19.6s (  4.5m) | step:    600 | train acc: 1.000 | train loss: 0.000 |val acc: 0.731 (0.710, 0.764) | val eop gap: 0.2830
Files already downloaded and verified
4023 labeled samples and 158747 unlabeled samples. Total: 162770
Use 4023 samples. Get 4023 labels. Ratio: 1.0
Epoch 1
 12.52% | time:  84.3s (  5.9m) | step:    991 | train acc: 1.000 | train loss: 0.000 |test acc: 0.737 (0.718, 0.767) | test eop gap: 0.2925
begin calculating influence
calculating influence -- done
 12.52% | time:  20.4s (  6.2m) | step:    991 | train acc: 1.000 | train loss: 0.000 |val acc: 0.731 (0.720, 0.748) | val eop gap: 0.3491
Files already downloaded and verified
4279 labeled samples and 158491 unlabeled samples. Total: 162770
Use 4279 samples. Get 4279 labels. Ratio: 1.0
 15.05% | time:  51.9s (  7.1m) | step:   1191 | train acc: 1.000 | train loss: 0.000 |test acc: 0.732 (0.712, 0.764) | test eop gap: 0.2886
begin calculating influence
calculating influence -- done
 15.05% | time:  17.6s (  7.4m) | step:   1191 | train acc: 1.000 | train loss: 0.000 |val acc: 0.733 (0.725, 0.745) | val eop gap: 0.3146
Files already downloaded and verified
4535 labeled samples and 158235 unlabeled samples. Total: 162770
Use 4535 samples. Get 4535 labels. Ratio: 1.0
 17.58% | time:  52.4s (  8.3m) | step:   1391 | train acc: 1.000 | train loss: 0.000 |test acc: 0.737 (0.720, 0.764) | test eop gap: 0.2983
begin calculating influence
calculating influence -- done
 17.58% | time:  17.9s (  8.6m) | step:   1391 | train acc: 1.000 | train loss: 0.000 |val acc: 0.726 (0.715, 0.744) | val eop gap: 0.3125
Files already downloaded and verified
4791 labeled samples and 157979 unlabeled samples. Total: 162770
Use 4791 samples. Get 4791 labels. Ratio: 1.0
Epoch 2
 22.52% | time:  82.2s (  9.9m) | step:   1782 | train acc: 1.000 | train loss: 0.000 |test acc: 0.741 (0.725, 0.767) | test eop gap: 0.2826
begin calculating influence
calculating influence -- done
 22.52% | time:  19.8s ( 10.3m) | step:   1782 | train acc: 1.000 | train loss: 0.000 |val acc: 0.733 (0.725, 0.745) | val eop gap: 0.3142
Files already downloaded and verified
5047 labeled samples and 157723 unlabeled samples. Total: 162770
Use 5047 samples. Get 5047 labels. Ratio: 1.0
 25.04% | time:  51.5s ( 11.1m) | step:   1982 | train acc: 1.000 | train loss: 0.000 |test acc: 0.739 (0.724, 0.763) | test eop gap: 0.2885
begin calculating influence
calculating influence -- done
 25.04% | time:  17.5s ( 11.4m) | step:   1982 | train acc: 1.000 | train loss: 0.000 |val acc: 0.734 (0.723, 0.752) | val eop gap: 0.3007
Files already downloaded and verified
5303 labeled samples and 157467 unlabeled samples. Total: 162770
Use 5303 samples. Get 5303 labels. Ratio: 1.0
 27.57% | time:  50.9s ( 12.3m) | step:   2182 | train acc: 1.000 | train loss: 0.000 |test acc: 0.740 (0.721, 0.772) | test eop gap: 0.2891
begin calculating influence
calculating influence -- done
 27.57% | time:  17.5s ( 12.5m) | step:   2182 | train acc: 1.000 | train loss: 0.000 |val acc: 0.726 (0.712, 0.749) | val eop gap: 0.3104
Files already downloaded and verified
5559 labeled samples and 157211 unlabeled samples. Total: 162770
Use 5559 samples. Get 5559 labels. Ratio: 1.0
Epoch 3
 32.52% | time:  80.4s ( 13.9m) | step:   2574 | train acc: 1.000 | train loss: 0.000 |test acc: 0.742 (0.723, 0.773) | test eop gap: 0.2675
begin calculating influence
calculating influence -- done
 32.52% | time:  17.3s ( 14.2m) | step:   2574 | train acc: 1.000 | train loss: 0.000 |val acc: 0.733 (0.719, 0.754) | val eop gap: 0.3217
Files already downloaded and verified
5815 labeled samples and 156955 unlabeled samples. Total: 162770
Use 5815 samples. Get 5815 labels. Ratio: 1.0
 35.05% | time:  50.1s ( 15.0m) | step:   2774 | train acc: 1.000 | train loss: 0.000 |test acc: 0.743 (0.725, 0.771) | test eop gap: 0.2926
begin calculating influence
calculating influence -- done
 35.05% | time:  20.3s ( 15.4m) | step:   2774 | train acc: 1.000 | train loss: 0.000 |val acc: 0.732 (0.722, 0.749) | val eop gap: 0.3007
Files already downloaded and verified
6071 labeled samples and 156699 unlabeled samples. Total: 162770
Use 6071 samples. Get 6071 labels. Ratio: 1.0
 37.58% | time:  52.0s ( 16.2m) | step:   2974 | train acc: 1.000 | train loss: 0.000 |test acc: 0.741 (0.724, 0.768) | test eop gap: 0.2899
begin calculating influence
calculating influence -- done
 37.58% | time:  22.7s ( 16.6m) | step:   2974 | train acc: 1.000 | train loss: 0.000 |val acc: 0.735 (0.719, 0.761) | val eop gap: 0.2805
Files already downloaded and verified
6327 labeled samples and 156443 unlabeled samples. Total: 162770
Use 6327 samples. Get 6327 labels. Ratio: 1.0
Epoch 4
 42.52% | time:  80.6s ( 17.9m) | step:   3365 | train acc: 1.000 | train loss: 0.000 |test acc: 0.744 (0.728, 0.770) | test eop gap: 0.2957
begin calculating influence
calculating influence -- done
 42.52% | time:  17.5s ( 18.2m) | step:   3365 | train acc: 1.000 | train loss: 0.000 |val acc: 0.734 (0.726, 0.746) | val eop gap: 0.3121
Files already downloaded and verified
6583 labeled samples and 156187 unlabeled samples. Total: 162770
Use 6583 samples. Get 6583 labels. Ratio: 1.0
 45.05% | time:  51.0s ( 19.1m) | step:   3565 | train acc: 1.000 | train loss: 0.000 |test acc: 0.741 (0.721, 0.773) | test eop gap: 0.2754
begin calculating influence
calculating influence -- done
 45.05% | time:  17.5s ( 19.4m) | step:   3565 | train acc: 1.000 | train loss: 0.000 |val acc: 0.735 (0.720, 0.759) | val eop gap: 0.2835
Files already downloaded and verified
6839 labeled samples and 155931 unlabeled samples. Total: 162770
Use 6839 samples. Get 6839 labels. Ratio: 1.0
 47.57% | time:  49.9s ( 20.2m) | step:   3765 | train acc: 1.000 | train loss: 0.000 |test acc: 0.745 (0.725, 0.778) | test eop gap: 0.2794
begin calculating influence
calculating influence -- done
 47.57% | time:  19.0s ( 20.5m) | step:   3765 | train acc: 1.000 | train loss: 0.000 |val acc: 0.731 (0.708, 0.768) | val eop gap: 0.2734
Files already downloaded and verified
7095 labeled samples and 155675 unlabeled samples. Total: 162770
Use 7095 samples. Get 7095 labels. Ratio: 1.0
Epoch 5
 52.53% | time:  81.3s ( 21.9m) | step:   4157 | train acc: 1.000 | train loss: 0.000 |test acc: 0.747 (0.731, 0.771) | test eop gap: 0.2871
begin calculating influence
calculating influence -- done
 52.53% | time:  19.4s ( 22.2m) | step:   4157 | train acc: 1.000 | train loss: 0.000 |val acc: 0.735 (0.720, 0.759) | val eop gap: 0.2877
Files already downloaded and verified
7351 labeled samples and 155419 unlabeled samples. Total: 162770
Use 7351 samples. Get 7351 labels. Ratio: 1.0
 55.05% | time:  50.1s ( 23.0m) | step:   4357 | train acc: 1.000 | train loss: 0.000 |test acc: 0.748 (0.729, 0.778) | test eop gap: 0.2811
begin calculating influence
calculating influence -- done
 55.05% | time:  17.3s ( 23.3m) | step:   4357 | train acc: 1.000 | train loss: 0.000 |val acc: 0.738 (0.723, 0.762) | val eop gap: 0.2814
Files already downloaded and verified
7607 labeled samples and 155163 unlabeled samples. Total: 162770
Use 7607 samples. Get 7607 labels. Ratio: 1.0
 57.58% | time:  50.0s ( 24.2m) | step:   4557 | train acc: 1.000 | train loss: 0.000 |test acc: 0.746 (0.729, 0.773) | test eop gap: 0.2971
begin calculating influence
calculating influence -- done
 57.58% | time:  18.0s ( 24.5m) | step:   4557 | train acc: 1.000 | train loss: 0.000 |val acc: 0.748 (0.729, 0.779) | val eop gap: 0.2818
Files already downloaded and verified
7863 labeled samples and 154907 unlabeled samples. Total: 162770
Use 7863 samples. Get 7863 labels. Ratio: 1.0
Epoch 6
 62.52% | time:  80.5s ( 25.8m) | step:   4948 | train acc: 1.000 | train loss: 0.000 |test acc: 0.749 (0.731, 0.778) | test eop gap: 0.2796
begin calculating influence
calculating influence -- done
 62.52% | time:  19.0s ( 26.1m) | step:   4948 | train acc: 1.000 | train loss: 0.000 |val acc: 0.744 (0.729, 0.767) | val eop gap: 0.2742
Files already downloaded and verified
8119 labeled samples and 154651 unlabeled samples. Total: 162770
Use 8119 samples. Get 8119 labels. Ratio: 1.0
 65.05% | time:  49.3s ( 26.9m) | step:   5148 | train acc: 1.000 | train loss: 0.000 |test acc: 0.747 (0.729, 0.776) | test eop gap: 0.2713
begin calculating influence
calculating influence -- done
 65.05% | time:  18.5s ( 27.2m) | step:   5148 | train acc: 1.000 | train loss: 0.000 |val acc: 0.744 (0.730, 0.767) | val eop gap: 0.2910
Files already downloaded and verified
8375 labeled samples and 154395 unlabeled samples. Total: 162770
Use 8375 samples. Get 8375 labels. Ratio: 1.0
 67.58% | time:  51.0s ( 28.1m) | step:   5348 | train acc: 1.000 | train loss: 0.000 |test acc: 0.747 (0.732, 0.772) | test eop gap: 0.2850
begin calculating influence
calculating influence -- done
 67.58% | time:  20.2s ( 28.4m) | step:   5348 | train acc: 1.000 | train loss: 0.000 |val acc: 0.739 (0.715, 0.777) | val eop gap: 0.2910
Files already downloaded and verified
8631 labeled samples and 154139 unlabeled samples. Total: 162770
Use 8631 samples. Get 8631 labels. Ratio: 1.0
Epoch 7
 72.52% | time:  80.8s ( 29.8m) | step:   5739 | train acc: 1.000 | train loss: 0.000 |test acc: 0.749 (0.735, 0.773) | test eop gap: 0.2626
begin calculating influence
calculating influence -- done
 72.52% | time:  17.8s ( 30.1m) | step:   5739 | train acc: 1.000 | train loss: 0.000 |val acc: 0.730 (0.710, 0.761) | val eop gap: 0.2948
Files already downloaded and verified
8887 labeled samples and 153883 unlabeled samples. Total: 162770
Use 8887 samples. Get 8887 labels. Ratio: 1.0
 75.04% | time:  50.6s ( 30.9m) | step:   5939 | train acc: 1.000 | train loss: 0.000 |test acc: 0.747 (0.730, 0.774) | test eop gap: 0.2672
begin calculating influence
calculating influence -- done
 75.04% | time:  18.3s ( 31.2m) | step:   5939 | train acc: 1.000 | train loss: 0.000 |val acc: 0.730 (0.710, 0.762) | val eop gap: 0.3062
Files already downloaded and verified
9143 labeled samples and 153627 unlabeled samples. Total: 162770
Use 9143 samples. Get 9143 labels. Ratio: 1.0
 77.57% | time:  49.9s ( 32.1m) | step:   6139 | train acc: 1.000 | train loss: 0.000 |test acc: 0.750 (0.730, 0.780) | test eop gap: 0.2524
begin calculating influence
calculating influence -- done
 77.57% | time:  20.3s ( 32.4m) | step:   6139 | train acc: 1.000 | train loss: 0.000 |val acc: 0.744 (0.724, 0.776) | val eop gap: 0.2527
Files already downloaded and verified
9399 labeled samples and 153371 unlabeled samples. Total: 162770
Use 9399 samples. Get 9399 labels. Ratio: 1.0
Epoch 8
 82.52% | time:  80.9s ( 33.7m) | step:   6531 | train acc: 1.000 | train loss: 0.000 |test acc: 0.749 (0.733, 0.774) | test eop gap: 0.2726
begin calculating influence
calculating influence -- done
 82.52% | time:  19.3s ( 34.1m) | step:   6531 | train acc: 1.000 | train loss: 0.000 |val acc: 0.729 (0.715, 0.752) | val eop gap: 0.2965
Files already downloaded and verified
9655 labeled samples and 153115 unlabeled samples. Total: 162770
Use 9655 samples. Get 9655 labels. Ratio: 1.0
 85.05% | time:  50.2s ( 34.9m) | step:   6731 | train acc: 1.000 | train loss: 0.000 |test acc: 0.751 (0.735, 0.775) | test eop gap: 0.2623
begin calculating influence
calculating influence -- done
 85.05% | time:  18.4s ( 35.2m) | step:   6731 | train acc: 1.000 | train loss: 0.000 |val acc: 0.731 (0.719, 0.750) | val eop gap: 0.3037
Files already downloaded and verified
9911 labeled samples and 152859 unlabeled samples. Total: 162770
Use 9911 samples. Get 9911 labels. Ratio: 1.0
 87.58% | time:  51.6s ( 36.1m) | step:   6931 | train acc: 1.000 | train loss: 0.000 |test acc: 0.748 (0.733, 0.771) | test eop gap: 0.2599
begin calculating influence
calculating influence -- done
 87.58% | time:  20.4s ( 36.4m) | step:   6931 | train acc: 1.000 | train loss: 0.000 |val acc: 0.734 (0.722, 0.754) | val eop gap: 0.2952
Files already downloaded and verified
10167 labeled samples and 152603 unlabeled samples. Total: 162770
Use 10167 samples. Get 10167 labels. Ratio: 1.0
Epoch 9
 92.52% | time:  81.7s ( 37.8m) | step:   7322 | train acc: 1.000 | train loss: 0.000 |test acc: 0.750 (0.735, 0.774) | test eop gap: 0.2583
begin calculating influence
calculating influence -- done
 92.52% | time:  17.5s ( 38.1m) | step:   7322 | train acc: 1.000 | train loss: 0.000 |val acc: 0.744 (0.737, 0.755) | val eop gap: 0.3293
Files already downloaded and verified
10423 labeled samples and 152347 unlabeled samples. Total: 162770
Use 10423 samples. Get 10423 labels. Ratio: 1.0
 95.05% | time:  50.8s ( 38.9m) | step:   7522 | train acc: 1.000 | train loss: 0.000 |test acc: 0.749 (0.730, 0.780) | test eop gap: 0.2407
begin calculating influence
calculating influence -- done
 95.05% | time:  17.8s ( 39.2m) | step:   7522 | train acc: 1.000 | train loss: 0.000 |val acc: 0.727 (0.710, 0.755) | val eop gap: 0.2869
Files already downloaded and verified
10679 labeled samples and 152091 unlabeled samples. Total: 162770
Use 10679 samples. Get 10679 labels. Ratio: 1.0
 97.57% | time:  50.4s ( 40.0m) | step:   7722 | train acc: 1.000 | train loss: 0.000 |test acc: 0.749 (0.731, 0.778) | test eop gap: 0.2431
begin calculating influence
calculating influence -- done
 97.57% | time:  17.4s ( 40.3m) | step:   7722 | train acc: 1.000 | train loss: 0.000 |val acc: 0.739 (0.716, 0.776) | val eop gap: 0.2443
Files already downloaded and verified
10935 labeled samples and 151835 unlabeled samples. Total: 162770
Use 10935 samples. Get 10935 labels. Ratio: 1.0
