Files already downloaded and verified
3255 labeled samples and 159515 unlabeled samples. Total: 162770
Files already downloaded and verified
1996 labeled samples and 17966 unlabeled samples. Total: 19962
Numer of layers 62
train net...
Epoch 0
  2.53% | time:  85.9s (  1.4m) | step:    200 | train acc: 1.000 | train loss: 0.000 |test acc: 0.964 (0.954, 0.980) | test eod gap: 0.0677
begin calculating influence
selected layers: [Traced<ShapedArray(float32[2])>with<DynamicJaxprTrace(level=0/1)>, Traced<ShapedArray(float32[512,2])>with<DynamicJaxprTrace(level=0/1)>]
selected layers: [Traced<ShapedArray(float32[2])>with<DynamicJaxprTrace(level=0/1)>, Traced<ShapedArray(float32[512,2])>with<DynamicJaxprTrace(level=0/1)>]
[Strategy 5] Acc of expected label: 0.9609765625
calculating influence -- done
  2.53% | time:  36.7s (  2.0m) | step:    200 | train acc: 1.000 | train loss: 0.000 |val acc: 0.964 (0.956, 0.977) | val eod gap: 0.0553
Files already downloaded and verified
3255 labeled samples and 159515 unlabeled samples. Total: 162770
Use 3255 samples. Get 3255 labels. Ratio: 1.0
  5.05% | time:  53.1s (  2.9m) | step:    400 | train acc: 1.000 | train loss: 0.000 |test acc: 0.963 (0.953, 0.980) | test eod gap: 0.0714
begin calculating influence
[Strategy 5] Acc of expected label: 0.9616796875
calculating influence -- done
  5.05% | time:  18.2s (  3.2m) | step:    400 | train acc: 1.000 | train loss: 0.000 |val acc: 0.963 (0.954, 0.977) | val eod gap: 0.0401
Files already downloaded and verified
3255 labeled samples and 159515 unlabeled samples. Total: 162770
Use 3255 samples. Get 3255 labels. Ratio: 1.0
  7.58% | time:  51.6s (  4.1m) | step:    600 | train acc: 1.000 | train loss: 0.000 |test acc: 0.964 (0.954, 0.980) | test eod gap: 0.0735
begin calculating influence
[Strategy 5] Acc of expected label: 0.9603125
calculating influence -- done
  7.58% | time:  19.3s (  4.4m) | step:    600 | train acc: 1.000 | train loss: 0.000 |val acc: 0.963 (0.954, 0.977) | val eod gap: 0.0482
Files already downloaded and verified
3255 labeled samples and 159515 unlabeled samples. Total: 162770
Use 3255 samples. Get 3255 labels. Ratio: 1.0
Epoch 1
 12.52% | time:  84.7s (  5.8m) | step:    991 | train acc: 1.000 | train loss: 0.000 |test acc: 0.964 (0.954, 0.980) | test eod gap: 0.0753
begin calculating influence
[Strategy 5] Acc of expected label: 0.96125
calculating influence -- done
 12.52% | time:  17.8s (  6.1m) | step:    991 | train acc: 1.000 | train loss: 0.000 |val acc: 0.963 (0.954, 0.977) | val eod gap: 0.0482
Files already downloaded and verified
3255 labeled samples and 159515 unlabeled samples. Total: 162770
Use 3255 samples. Get 3255 labels. Ratio: 1.0
 15.05% | time:  53.2s (  7.0m) | step:   1191 | train acc: 1.000 | train loss: 0.000 |test acc: 0.964 (0.954, 0.980) | test eod gap: 0.0745
begin calculating influence
[Strategy 5] Acc of expected label: 0.960078125
calculating influence -- done
 15.05% | time:  17.7s (  7.3m) | step:   1191 | train acc: 1.000 | train loss: 0.000 |val acc: 0.963 (0.954, 0.977) | val eod gap: 0.0482
Files already downloaded and verified
3255 labeled samples and 159515 unlabeled samples. Total: 162770
Use 3255 samples. Get 3255 labels. Ratio: 1.0
 17.58% | time:  53.6s (  8.2m) | step:   1391 | train acc: 1.000 | train loss: 0.000 |test acc: 0.964 (0.953, 0.980) | test eod gap: 0.0670
begin calculating influence
[Strategy 5] Acc of expected label: 0.9607421875
calculating influence -- done
 17.58% | time:  21.7s (  8.6m) | step:   1391 | train acc: 1.000 | train loss: 0.000 |val acc: 0.962 (0.953, 0.977) | val eod gap: 0.0406
Files already downloaded and verified
3459 labeled samples and 159311 unlabeled samples. Total: 162770
Use 3459 samples. Get 3546 labels. Ratio: 0.9754653130287648
Epoch 2
 22.52% | time:  88.2s ( 10.0m) | step:   1782 | train acc: 1.000 | train loss: 0.000 |test acc: 0.964 (0.954, 0.979) | test eod gap: 0.0936
begin calculating influence
[Strategy 5] Acc of expected label: 0.9478125
calculating influence -- done
 22.52% | time:  18.0s ( 10.3m) | step:   1782 | train acc: 1.000 | train loss: 0.000 |val acc: 0.957 (0.947, 0.973) | val eod gap: 0.0516
Files already downloaded and verified
3715 labeled samples and 159055 unlabeled samples. Total: 162770
Use 3715 samples. Get 3859 labels. Ratio: 0.9626846333246956
 25.04% | time:  51.3s ( 11.2m) | step:   1982 | train acc: 1.000 | train loss: 0.000 |test acc: 0.965 (0.955, 0.981) | test eod gap: 0.0838
begin calculating influence
[Strategy 5] Acc of expected label: 0.95390625
calculating influence -- done
 25.04% | time:  18.2s ( 11.5m) | step:   1982 | train acc: 1.000 | train loss: 0.000 |val acc: 0.960 (0.952, 0.972) | val eod gap: 0.0864
Files already downloaded and verified
3715 labeled samples and 159055 unlabeled samples. Total: 162770
Use 3715 samples. Get 3859 labels. Ratio: 0.9626846333246956
 27.57% | time:  49.3s ( 12.3m) | step:   2182 | train acc: 1.000 | train loss: 0.000 |test acc: 0.965 (0.955, 0.981) | test eod gap: 0.0821
begin calculating influence
[Strategy 5] Acc of expected label: 0.9526171875
calculating influence -- done
 27.57% | time:  17.9s ( 12.6m) | step:   2182 | train acc: 1.000 | train loss: 0.000 |val acc: 0.960 (0.953, 0.972) | val eod gap: 0.0860
Files already downloaded and verified
3971 labeled samples and 158799 unlabeled samples. Total: 162770
Use 3971 samples. Get 4187 labels. Ratio: 0.9484117506567948
Epoch 3
 32.52% | time:  86.8s ( 14.1m) | step:   2574 | train acc: 1.000 | train loss: 0.000 |test acc: 0.965 (0.955, 0.981) | test eod gap: 0.0707
begin calculating influence
[Strategy 5] Acc of expected label: 0.9593359375
calculating influence -- done
 32.52% | time:  21.3s ( 14.4m) | step:   2574 | train acc: 1.000 | train loss: 0.000 |val acc: 0.962 (0.954, 0.974) | val eod gap: 0.0709
Files already downloaded and verified
4227 labeled samples and 158543 unlabeled samples. Total: 162770
Use 4227 samples. Get 4540 labels. Ratio: 0.931057268722467
 35.05% | time:  52.1s ( 15.3m) | step:   2774 | train acc: 1.000 | train loss: 0.000 |test acc: 0.964 (0.954, 0.980) | test eod gap: 0.0779
begin calculating influence
[Strategy 5] Acc of expected label: 0.9559375
calculating influence -- done
 35.05% | time:  21.3s ( 15.6m) | step:   2774 | train acc: 1.000 | train loss: 0.000 |val acc: 0.961 (0.953, 0.974) | val eod gap: 0.0889
Files already downloaded and verified
4483 labeled samples and 158287 unlabeled samples. Total: 162770
Use 4483 samples. Get 4807 labels. Ratio: 0.9325982941543582
 37.58% | time:  51.6s ( 16.5m) | step:   2974 | train acc: 1.000 | train loss: 0.000 |test acc: 0.965 (0.955, 0.980) | test eod gap: 0.0734
begin calculating influence
[Strategy 5] Acc of expected label: 0.9567578125
calculating influence -- done
 37.58% | time:  20.1s ( 16.8m) | step:   2974 | train acc: 1.000 | train loss: 0.000 |val acc: 0.961 (0.952, 0.974) | val eod gap: 0.0814
Files already downloaded and verified
4739 labeled samples and 158031 unlabeled samples. Total: 162770
Use 4739 samples. Get 5162 labels. Ratio: 0.9180550174351026
Epoch 4
 42.52% | time:  85.8s ( 18.3m) | step:   3365 | train acc: 1.000 | train loss: 0.000 |test acc: 0.965 (0.956, 0.981) | test eod gap: 0.0924
begin calculating influence
[Strategy 5] Acc of expected label: 0.960390625
calculating influence -- done
 42.52% | time:  19.7s ( 18.6m) | step:   3365 | train acc: 1.000 | train loss: 0.000 |val acc: 0.962 (0.955, 0.974) | val eod gap: 0.1217
Files already downloaded and verified
4739 labeled samples and 158031 unlabeled samples. Total: 162770
Use 4739 samples. Get 5162 labels. Ratio: 0.9180550174351026
 45.05% | time:  52.5s ( 19.5m) | step:   3565 | train acc: 1.000 | train loss: 0.000 |test acc: 0.965 (0.955, 0.981) | test eod gap: 0.0857
begin calculating influence
[Strategy 5] Acc of expected label: 0.9598046875
calculating influence -- done
 45.05% | time:  19.5s ( 19.8m) | step:   3565 | train acc: 1.000 | train loss: 0.000 |val acc: 0.961 (0.953, 0.974) | val eod gap: 0.1066
Files already downloaded and verified
4995 labeled samples and 157775 unlabeled samples. Total: 162770
Use 4995 samples. Get 5679 labels. Ratio: 0.8795562599049128
 47.57% | time:  52.7s ( 20.7m) | step:   3765 | train acc: 1.000 | train loss: 0.000 |test acc: 0.967 (0.959, 0.981) | test eod gap: 0.1035
begin calculating influence
[Strategy 5] Acc of expected label: 0.94671875
calculating influence -- done
 47.57% | time:  21.0s ( 21.0m) | step:   3765 | train acc: 1.000 | train loss: 0.000 |val acc: 0.962 (0.955, 0.973) | val eod gap: 0.1435
Files already downloaded and verified
5251 labeled samples and 157519 unlabeled samples. Total: 162770
Use 5251 samples. Get 5976 labels. Ratio: 0.8786813922356091
Epoch 5
 52.53% | time:  83.8s ( 22.4m) | step:   4157 | train acc: 1.000 | train loss: 0.000 |test acc: 0.966 (0.957, 0.981) | test eod gap: 0.1052
begin calculating influence
[Strategy 5] Acc of expected label: 0.946640625
calculating influence -- done
 52.53% | time:  18.1s ( 22.7m) | step:   4157 | train acc: 1.000 | train loss: 0.000 |val acc: 0.961 (0.953, 0.973) | val eod gap: 0.1444
Files already downloaded and verified
5251 labeled samples and 157519 unlabeled samples. Total: 162770
Use 5251 samples. Get 5976 labels. Ratio: 0.8786813922356091
 55.05% | time:  52.1s ( 23.6m) | step:   4357 | train acc: 1.000 | train loss: 0.000 |test acc: 0.966 (0.957, 0.980) | test eod gap: 0.1068
begin calculating influence
[Strategy 5] Acc of expected label: 0.9455078125
calculating influence -- done
 55.05% | time:  17.9s ( 23.9m) | step:   4357 | train acc: 1.000 | train loss: 0.000 |val acc: 0.961 (0.954, 0.973) | val eod gap: 0.1519
Files already downloaded and verified
5251 labeled samples and 157519 unlabeled samples. Total: 162770
Use 5251 samples. Get 5976 labels. Ratio: 0.8786813922356091
 57.58% | time:  52.2s ( 24.7m) | step:   4557 | train acc: 1.000 | train loss: 0.000 |test acc: 0.967 (0.958, 0.981) | test eod gap: 0.1091
begin calculating influence
[Strategy 5] Acc of expected label: 0.94625
calculating influence -- done
 57.58% | time:  19.8s ( 25.1m) | step:   4557 | train acc: 1.000 | train loss: 0.000 |val acc: 0.962 (0.955, 0.973) | val eod gap: 0.1595
Files already downloaded and verified
5251 labeled samples and 157519 unlabeled samples. Total: 162770
Use 5251 samples. Get 5976 labels. Ratio: 0.8786813922356091
Epoch 6
 62.52% | time:  83.4s ( 26.5m) | step:   4948 | train acc: 1.000 | train loss: 0.000 |test acc: 0.967 (0.958, 0.981) | test eod gap: 0.1052
begin calculating influence
[Strategy 5] Acc of expected label: 0.9460546875
calculating influence -- done
 62.52% | time:  18.0s ( 26.8m) | step:   4948 | train acc: 1.000 | train loss: 0.000 |val acc: 0.961 (0.954, 0.973) | val eod gap: 0.1519
Files already downloaded and verified
5251 labeled samples and 157519 unlabeled samples. Total: 162770
Use 5251 samples. Get 5976 labels. Ratio: 0.8786813922356091
 65.05% | time:  51.4s ( 27.6m) | step:   5148 | train acc: 1.000 | train loss: 0.000 |test acc: 0.967 (0.958, 0.981) | test eod gap: 0.1081
begin calculating influence
[Strategy 5] Acc of expected label: 0.94765625
calculating influence -- done
 65.05% | time:  20.1s ( 28.0m) | step:   5148 | train acc: 1.000 | train loss: 0.000 |val acc: 0.961 (0.954, 0.973) | val eod gap: 0.1519
Files already downloaded and verified
5251 labeled samples and 157519 unlabeled samples. Total: 162770
Use 5251 samples. Get 5976 labels. Ratio: 0.8786813922356091
 67.58% | time:  51.1s ( 28.8m) | step:   5348 | train acc: 1.000 | train loss: 0.000 |test acc: 0.967 (0.958, 0.981) | test eod gap: 0.1123
begin calculating influence
[Strategy 5] Acc of expected label: 0.9444140625
calculating influence -- done
 67.58% | time:  20.4s ( 29.2m) | step:   5348 | train acc: 1.000 | train loss: 0.000 |val acc: 0.962 (0.955, 0.973) | val eod gap: 0.1595
Files already downloaded and verified
5251 labeled samples and 157519 unlabeled samples. Total: 162770
Use 5251 samples. Get 5976 labels. Ratio: 0.8786813922356091
Epoch 7
 72.52% | time:  82.4s ( 30.5m) | step:   5739 | train acc: 1.000 | train loss: 0.000 |test acc: 0.967 (0.958, 0.981) | test eod gap: 0.1124
begin calculating influence
[Strategy 5] Acc of expected label: 0.9455078125
calculating influence -- done
 72.52% | time:  17.7s ( 30.8m) | step:   5739 | train acc: 1.000 | train loss: 0.000 |val acc: 0.961 (0.954, 0.973) | val eod gap: 0.1519
Files already downloaded and verified
5251 labeled samples and 157519 unlabeled samples. Total: 162770
Use 5251 samples. Get 5976 labels. Ratio: 0.8786813922356091
 75.04% | time:  51.9s ( 31.7m) | step:   5939 | train acc: 1.000 | train loss: 0.000 |test acc: 0.967 (0.959, 0.981) | test eod gap: 0.1039
begin calculating influence
[Strategy 5] Acc of expected label: 0.94703125
calculating influence -- done
 75.04% | time:  18.6s ( 32.0m) | step:   5939 | train acc: 1.000 | train loss: 0.000 |val acc: 0.961 (0.954, 0.973) | val eod gap: 0.1359
Files already downloaded and verified
5251 labeled samples and 157519 unlabeled samples. Total: 162770
Use 5251 samples. Get 5976 labels. Ratio: 0.8786813922356091
 77.57% | time:  51.8s ( 32.9m) | step:   6139 | train acc: 1.000 | train loss: 0.000 |test acc: 0.967 (0.959, 0.981) | test eod gap: 0.1131
begin calculating influence
[Strategy 5] Acc of expected label: 0.9446875
calculating influence -- done
 77.57% | time:  20.8s ( 33.2m) | step:   6139 | train acc: 1.000 | train loss: 0.000 |val acc: 0.961 (0.954, 0.973) | val eod gap: 0.1519
Files already downloaded and verified
5251 labeled samples and 157519 unlabeled samples. Total: 162770
Use 5251 samples. Get 5976 labels. Ratio: 0.8786813922356091
Epoch 8
 82.52% | time:  82.5s ( 34.6m) | step:   6531 | train acc: 1.000 | train loss: 0.000 |test acc: 0.967 (0.959, 0.981) | test eod gap: 0.1082
begin calculating influence
[Strategy 5] Acc of expected label: 0.94890625
calculating influence -- done
 82.52% | time:  21.3s ( 34.9m) | step:   6531 | train acc: 1.000 | train loss: 0.000 |val acc: 0.963 (0.956, 0.974) | val eod gap: 0.1517
Files already downloaded and verified
5251 labeled samples and 157519 unlabeled samples. Total: 162770
Use 5251 samples. Get 5976 labels. Ratio: 0.8786813922356091
 85.05% | time:  53.1s ( 35.8m) | step:   6731 | train acc: 1.000 | train loss: 0.000 |test acc: 0.967 (0.958, 0.981) | test eod gap: 0.1074
begin calculating influence
[Strategy 5] Acc of expected label: 0.9471484375
calculating influence -- done
 85.05% | time:  18.7s ( 36.1m) | step:   6731 | train acc: 1.000 | train loss: 0.000 |val acc: 0.962 (0.955, 0.974) | val eod gap: 0.1522
Files already downloaded and verified
5251 labeled samples and 157519 unlabeled samples. Total: 162770
Use 5251 samples. Get 5976 labels. Ratio: 0.8786813922356091
 87.58% | time:  53.5s ( 37.0m) | step:   6931 | train acc: 1.000 | train loss: 0.000 |test acc: 0.967 (0.958, 0.981) | test eod gap: 0.1006
begin calculating influence
[Strategy 5] Acc of expected label: 0.9464453125
calculating influence -- done
 87.58% | time:  19.8s ( 37.4m) | step:   6931 | train acc: 1.000 | train loss: 0.000 |val acc: 0.963 (0.956, 0.974) | val eod gap: 0.1437
Files already downloaded and verified
5251 labeled samples and 157519 unlabeled samples. Total: 162770
Use 5251 samples. Get 5976 labels. Ratio: 0.8786813922356091
Epoch 9
 92.52% | time:  81.5s ( 38.7m) | step:   7322 | train acc: 1.000 | train loss: 0.000 |test acc: 0.967 (0.959, 0.981) | test eod gap: 0.1116
begin calculating influence
[Strategy 5] Acc of expected label: 0.943515625
calculating influence -- done
 92.52% | time:  19.5s ( 39.0m) | step:   7322 | train acc: 1.000 | train loss: 0.000 |val acc: 0.962 (0.955, 0.973) | val eod gap: 0.1515
Files already downloaded and verified
5507 labeled samples and 157263 unlabeled samples. Total: 162770
Use 5507 samples. Get 6272 labels. Ratio: 0.8780293367346939
 95.05% | time:  50.6s ( 39.9m) | step:   7522 | train acc: 1.000 | train loss: 0.000 |test acc: 0.967 (0.958, 0.981) | test eod gap: 0.0979
begin calculating influence
[Strategy 5] Acc of expected label: 0.9508203125
calculating influence -- done
 95.05% | time:  17.7s ( 40.2m) | step:   7522 | train acc: 1.000 | train loss: 0.000 |val acc: 0.962 (0.954, 0.974) | val eod gap: 0.1286
Files already downloaded and verified
5763 labeled samples and 157007 unlabeled samples. Total: 162770
Use 5763 samples. Get 6567 labels. Ratio: 0.8775696665143902
 97.57% | time:  53.0s ( 41.1m) | step:   7722 | train acc: 1.000 | train loss: 0.000 |test acc: 0.967 (0.957, 0.981) | test eod gap: 0.0870
begin calculating influence
[Strategy 5] Acc of expected label: 0.9509375
calculating influence -- done
 97.57% | time:  21.1s ( 41.4m) | step:   7722 | train acc: 1.000 | train loss: 0.000 |val acc: 0.962 (0.955, 0.973) | val eod gap: 0.1371
Files already downloaded and verified
6019 labeled samples and 156751 unlabeled samples. Total: 162770
Use 6019 samples. Get 6859 labels. Ratio: 0.8775331681003061
