Files already downloaded and verified
3255 labeled samples and 159515 unlabeled samples. Total: 162770
Files already downloaded and verified
1996 labeled samples and 17966 unlabeled samples. Total: 19962
Numer of layers 62
train net...
Epoch 0
  2.53% | time:  86.2s (  1.4m) | step:    200 | train acc: 1.000 | train loss: 0.000 |test acc: 0.758 (0.787, 0.712) | test eod gap: 0.0686
begin calculating influence
selected layers: [Traced<ShapedArray(float32[2])>with<DynamicJaxprTrace(level=0/1)>, Traced<ShapedArray(float32[512,2])>with<DynamicJaxprTrace(level=0/1)>, Traced<ShapedArray(float32[64])>with<DynamicJaxprTrace(level=0/1)>, Traced<ShapedArray(float32[64])>with<DynamicJaxprTrace(level=0/1)>]
selected layers: [Traced<ShapedArray(float32[2])>with<DynamicJaxprTrace(level=0/1)>, Traced<ShapedArray(float32[512,2])>with<DynamicJaxprTrace(level=0/1)>, Traced<ShapedArray(float32[64])>with<DynamicJaxprTrace(level=0/1)>, Traced<ShapedArray(float32[64])>with<DynamicJaxprTrace(level=0/1)>]
[Strategy 5] Acc of expected label: 0.7546484375
calculating influence -- done
  2.53% | time: 192.3s (  4.6m) | step:    200 | train acc: 1.000 | train loss: 0.000 |val acc: 0.752 (0.786, 0.698) | val eod gap: 0.0747
Files already downloaded and verified
3255 labeled samples and 159515 unlabeled samples. Total: 162770
Use 3255 samples. Get 3255 labels. Ratio: 1.0
  5.05% | time:  51.2s (  5.5m) | step:    400 | train acc: 1.000 | train loss: 0.000 |test acc: 0.762 (0.792, 0.715) | test eod gap: 0.0634
begin calculating influence
[Strategy 5] Acc of expected label: 0.7527734375
calculating influence -- done
  5.05% | time: 141.7s (  7.9m) | step:    400 | train acc: 1.000 | train loss: 0.000 |val acc: 0.754 (0.787, 0.703) | val eod gap: 0.0753
Files already downloaded and verified
3255 labeled samples and 159515 unlabeled samples. Total: 162770
Use 3255 samples. Get 3255 labels. Ratio: 1.0
  7.58% | time:  52.9s (  8.7m) | step:    600 | train acc: 1.000 | train loss: 0.000 |test acc: 0.764 (0.794, 0.716) | test eod gap: 0.0611
begin calculating influence
[Strategy 5] Acc of expected label: 0.7528125
calculating influence -- done
  7.58% | time: 141.5s ( 11.1m) | step:    600 | train acc: 1.000 | train loss: 0.000 |val acc: 0.754 (0.787, 0.701) | val eod gap: 0.0729
Files already downloaded and verified
3255 labeled samples and 159515 unlabeled samples. Total: 162770
Use 3255 samples. Get 3255 labels. Ratio: 1.0
Epoch 1
 12.52% | time:  83.4s ( 12.5m) | step:    991 | train acc: 1.000 | train loss: 0.000 |test acc: 0.764 (0.793, 0.716) | test eod gap: 0.0627
begin calculating influence
[Strategy 5] Acc of expected label: 0.75296875
calculating influence -- done
 12.52% | time: 141.8s ( 14.9m) | step:    991 | train acc: 1.000 | train loss: 0.000 |val acc: 0.752 (0.785, 0.699) | val eod gap: 0.0737
Files already downloaded and verified
3255 labeled samples and 159515 unlabeled samples. Total: 162770
Use 3255 samples. Get 3255 labels. Ratio: 1.0
 15.05% | time:  52.9s ( 15.7m) | step:   1191 | train acc: 1.000 | train loss: 0.000 |test acc: 0.767 (0.797, 0.718) | test eod gap: 0.0607
begin calculating influence
[Strategy 5] Acc of expected label: 0.7516796875
calculating influence -- done
 15.05% | time: 141.7s ( 18.1m) | step:   1191 | train acc: 1.000 | train loss: 0.000 |val acc: 0.755 (0.788, 0.703) | val eod gap: 0.0710
Files already downloaded and verified
3255 labeled samples and 159515 unlabeled samples. Total: 162770
Use 3255 samples. Get 3255 labels. Ratio: 1.0
 17.58% | time:  52.2s ( 19.0m) | step:   1391 | train acc: 1.000 | train loss: 0.000 |test acc: 0.765 (0.795, 0.716) | test eod gap: 0.0605
begin calculating influence
[Strategy 5] Acc of expected label: 0.7527734375
calculating influence -- done
 17.58% | time: 141.5s ( 21.3m) | step:   1391 | train acc: 1.000 | train loss: 0.000 |val acc: 0.753 (0.786, 0.701) | val eod gap: 0.0719
Files already downloaded and verified
3255 labeled samples and 159515 unlabeled samples. Total: 162770
Use 3255 samples. Get 3255 labels. Ratio: 1.0
Epoch 2
 22.52% | time:  82.3s ( 22.7m) | step:   1782 | train acc: 1.000 | train loss: 0.000 |test acc: 0.765 (0.795, 0.716) | test eod gap: 0.0622
begin calculating influence
[Strategy 5] Acc of expected label: 0.7525
calculating influence -- done
 22.52% | time: 141.7s ( 25.1m) | step:   1782 | train acc: 1.000 | train loss: 0.000 |val acc: 0.752 (0.786, 0.698) | val eod gap: 0.0685
Files already downloaded and verified
3255 labeled samples and 159515 unlabeled samples. Total: 162770
Use 3255 samples. Get 3255 labels. Ratio: 1.0
 25.04% | time:  51.5s ( 25.9m) | step:   1982 | train acc: 1.000 | train loss: 0.000 |test acc: 0.766 (0.796, 0.718) | test eod gap: 0.0628
begin calculating influence
[Strategy 5] Acc of expected label: 0.7528515625
calculating influence -- done
 25.04% | time: 141.6s ( 28.3m) | step:   1982 | train acc: 1.000 | train loss: 0.000 |val acc: 0.752 (0.787, 0.698) | val eod gap: 0.0718
Files already downloaded and verified
3255 labeled samples and 159515 unlabeled samples. Total: 162770
Use 3255 samples. Get 3255 labels. Ratio: 1.0
 27.57% | time:  50.9s ( 29.1m) | step:   2182 | train acc: 1.000 | train loss: 0.000 |test acc: 0.767 (0.798, 0.717) | test eod gap: 0.0607
begin calculating influence
[Strategy 5] Acc of expected label: 0.7484765625
calculating influence -- done
 27.57% | time: 141.5s ( 31.5m) | step:   2182 | train acc: 1.000 | train loss: 0.000 |val acc: 0.753 (0.786, 0.700) | val eod gap: 0.0718
Files already downloaded and verified
3255 labeled samples and 159515 unlabeled samples. Total: 162770
Use 3255 samples. Get 3255 labels. Ratio: 1.0
Epoch 3
 32.52% | time:  84.3s ( 32.9m) | step:   2574 | train acc: 1.000 | train loss: 0.000 |test acc: 0.769 (0.800, 0.720) | test eod gap: 0.0600
begin calculating influence
[Strategy 5] Acc of expected label: 0.7521875
calculating influence -- done
 32.52% | time: 141.6s ( 35.2m) | step:   2574 | train acc: 1.000 | train loss: 0.000 |val acc: 0.759 (0.792, 0.707) | val eod gap: 0.0737
Files already downloaded and verified
3255 labeled samples and 159515 unlabeled samples. Total: 162770
Use 3255 samples. Get 3255 labels. Ratio: 1.0
 35.05% | time:  51.3s ( 36.1m) | step:   2774 | train acc: 1.000 | train loss: 0.000 |test acc: 0.763 (0.794, 0.714) | test eod gap: 0.0614
begin calculating influence
[Strategy 5] Acc of expected label: 0.751640625
calculating influence -- done
 35.05% | time: 141.5s ( 38.5m) | step:   2774 | train acc: 1.000 | train loss: 0.000 |val acc: 0.752 (0.785, 0.699) | val eod gap: 0.0699
Files already downloaded and verified
3255 labeled samples and 159515 unlabeled samples. Total: 162770
Use 3255 samples. Get 3255 labels. Ratio: 1.0
 37.58% | time:  53.7s ( 39.4m) | step:   2974 | train acc: 1.000 | train loss: 0.000 |test acc: 0.767 (0.798, 0.717) | test eod gap: 0.0591
begin calculating influence
[Strategy 5] Acc of expected label: 0.7506640625
calculating influence -- done
 37.58% | time: 141.8s ( 41.7m) | step:   2974 | train acc: 1.000 | train loss: 0.000 |val acc: 0.753 (0.785, 0.701) | val eod gap: 0.0737
Files already downloaded and verified
3255 labeled samples and 159515 unlabeled samples. Total: 162770
Use 3255 samples. Get 3255 labels. Ratio: 1.0
Epoch 4
 42.52% | time:  87.7s ( 43.2m) | step:   3365 | train acc: 1.000 | train loss: 0.000 |test acc: 0.766 (0.796, 0.717) | test eod gap: 0.0605
begin calculating influence
[Strategy 5] Acc of expected label: 0.7519921875
calculating influence -- done
 42.52% | time: 142.3s ( 45.6m) | step:   3365 | train acc: 1.000 | train loss: 0.000 |val acc: 0.751 (0.783, 0.700) | val eod gap: 0.0680
Files already downloaded and verified
3255 labeled samples and 159515 unlabeled samples. Total: 162770
Use 3255 samples. Get 3255 labels. Ratio: 1.0
 45.05% | time:  58.3s ( 46.5m) | step:   3565 | train acc: 1.000 | train loss: 0.000 |test acc: 0.765 (0.795, 0.717) | test eod gap: 0.0618
begin calculating influence
[Strategy 5] Acc of expected label: 0.749921875
calculating influence -- done
 45.05% | time: 142.3s ( 48.9m) | step:   3565 | train acc: 1.000 | train loss: 0.000 |val acc: 0.751 (0.783, 0.699) | val eod gap: 0.0689
Files already downloaded and verified
3255 labeled samples and 159515 unlabeled samples. Total: 162770
Use 3255 samples. Get 3255 labels. Ratio: 1.0
 47.57% | time:  58.0s ( 49.9m) | step:   3765 | train acc: 1.000 | train loss: 0.000 |test acc: 0.766 (0.797, 0.717) | test eod gap: 0.0597
begin calculating influence
[Strategy 5] Acc of expected label: 0.75484375
calculating influence -- done
 47.57% | time: 142.1s ( 52.2m) | step:   3765 | train acc: 1.000 | train loss: 0.000 |val acc: 0.753 (0.787, 0.700) | val eod gap: 0.0728
Files already downloaded and verified
3255 labeled samples and 159515 unlabeled samples. Total: 162770
Use 3255 samples. Get 3255 labels. Ratio: 1.0
Epoch 5
 52.53% | time:  89.6s ( 53.7m) | step:   4157 | train acc: 1.000 | train loss: 0.000 |test acc: 0.764 (0.794, 0.716) | test eod gap: 0.0634
begin calculating influence
[Strategy 5] Acc of expected label: 0.7577734375
calculating influence -- done
 52.53% | time: 142.0s ( 56.1m) | step:   4157 | train acc: 1.000 | train loss: 0.000 |val acc: 0.749 (0.783, 0.695) | val eod gap: 0.0688
Files already downloaded and verified
3255 labeled samples and 159515 unlabeled samples. Total: 162770
Use 3255 samples. Get 3255 labels. Ratio: 1.0
 55.05% | time:  55.3s ( 57.0m) | step:   4357 | train acc: 1.000 | train loss: 0.000 |test acc: 0.765 (0.796, 0.716) | test eod gap: 0.0625
begin calculating influence
[Strategy 5] Acc of expected label: 0.7528515625
calculating influence -- done
 55.05% | time: 142.1s ( 59.4m) | step:   4357 | train acc: 1.000 | train loss: 0.000 |val acc: 0.752 (0.786, 0.699) | val eod gap: 0.0704
Files already downloaded and verified
3255 labeled samples and 159515 unlabeled samples. Total: 162770
Use 3255 samples. Get 3255 labels. Ratio: 1.0
 57.58% | time:  56.6s ( 60.3m) | step:   4557 | train acc: 1.000 | train loss: 0.000 |test acc: 0.766 (0.796, 0.717) | test eod gap: 0.0614
begin calculating influence
[Strategy 5] Acc of expected label: 0.751171875
calculating influence -- done
 57.58% | time: 142.0s ( 62.7m) | step:   4557 | train acc: 1.000 | train loss: 0.000 |val acc: 0.750 (0.783, 0.699) | val eod gap: 0.0739
Files already downloaded and verified
3255 labeled samples and 159515 unlabeled samples. Total: 162770
Use 3255 samples. Get 3255 labels. Ratio: 1.0
Epoch 6
 62.52% | time:  89.5s ( 64.2m) | step:   4948 | train acc: 1.000 | train loss: 0.000 |test acc: 0.764 (0.794, 0.716) | test eod gap: 0.0632
begin calculating influence
[Strategy 5] Acc of expected label: 0.751796875
calculating influence -- done
 62.52% | time: 142.3s ( 66.6m) | step:   4948 | train acc: 1.000 | train loss: 0.000 |val acc: 0.749 (0.783, 0.695) | val eod gap: 0.0688
Files already downloaded and verified
3255 labeled samples and 159515 unlabeled samples. Total: 162770
Use 3255 samples. Get 3255 labels. Ratio: 1.0
 65.05% | time:  55.3s ( 67.5m) | step:   5148 | train acc: 1.000 | train loss: 0.000 |test acc: 0.765 (0.796, 0.717) | test eod gap: 0.0625
begin calculating influence
[Strategy 5] Acc of expected label: 0.75125
calculating influence -- done
 65.05% | time: 142.2s ( 69.8m) | step:   5148 | train acc: 1.000 | train loss: 0.000 |val acc: 0.750 (0.783, 0.698) | val eod gap: 0.0726
Files already downloaded and verified
3255 labeled samples and 159515 unlabeled samples. Total: 162770
Use 3255 samples. Get 3255 labels. Ratio: 1.0
 67.58% | time:  56.2s ( 70.8m) | step:   5348 | train acc: 1.000 | train loss: 0.000 |test acc: 0.767 (0.799, 0.717) | test eod gap: 0.0598
begin calculating influence
[Strategy 5] Acc of expected label: 0.755625
calculating influence -- done
 67.58% | time: 142.1s ( 73.2m) | step:   5348 | train acc: 1.000 | train loss: 0.000 |val acc: 0.755 (0.788, 0.703) | val eod gap: 0.0743
Files already downloaded and verified
3255 labeled samples and 159515 unlabeled samples. Total: 162770
Use 3255 samples. Get 3255 labels. Ratio: 1.0
Epoch 7
 72.52% | time:  89.8s ( 74.6m) | step:   5739 | train acc: 1.000 | train loss: 0.000 |test acc: 0.765 (0.796, 0.715) | test eod gap: 0.0614
begin calculating influence
[Strategy 5] Acc of expected label: 0.750703125
calculating influence -- done
 72.52% | time: 142.5s ( 77.0m) | step:   5739 | train acc: 1.000 | train loss: 0.000 |val acc: 0.752 (0.785, 0.700) | val eod gap: 0.0718
Files already downloaded and verified
3255 labeled samples and 159515 unlabeled samples. Total: 162770
Use 3255 samples. Get 3255 labels. Ratio: 1.0
 75.04% | time:  56.5s ( 78.0m) | step:   5939 | train acc: 1.000 | train loss: 0.000 |test acc: 0.766 (0.797, 0.717) | test eod gap: 0.0611
begin calculating influence
[Strategy 5] Acc of expected label: 0.7525390625
calculating influence -- done
 75.04% | time: 142.2s ( 80.3m) | step:   5939 | train acc: 1.000 | train loss: 0.000 |val acc: 0.753 (0.785, 0.703) | val eod gap: 0.0728
Files already downloaded and verified
3255 labeled samples and 159515 unlabeled samples. Total: 162770
Use 3255 samples. Get 3255 labels. Ratio: 1.0
 77.57% | time:  55.1s ( 81.3m) | step:   6139 | train acc: 1.000 | train loss: 0.000 |test acc: 0.764 (0.795, 0.716) | test eod gap: 0.0619
begin calculating influence
[Strategy 5] Acc of expected label: 0.749453125
calculating influence -- done
 77.57% | time: 142.3s ( 83.6m) | step:   6139 | train acc: 1.000 | train loss: 0.000 |val acc: 0.750 (0.783, 0.698) | val eod gap: 0.0698
Files already downloaded and verified
3255 labeled samples and 159515 unlabeled samples. Total: 162770
Use 3255 samples. Get 3255 labels. Ratio: 1.0
Epoch 8
 82.52% | time:  90.0s ( 85.1m) | step:   6531 | train acc: 1.000 | train loss: 0.000 |test acc: 0.765 (0.795, 0.716) | test eod gap: 0.0632
begin calculating influence
[Strategy 5] Acc of expected label: 0.7505078125
calculating influence -- done
 82.52% | time: 142.1s ( 87.5m) | step:   6531 | train acc: 1.000 | train loss: 0.000 |val acc: 0.751 (0.785, 0.698) | val eod gap: 0.0736
Files already downloaded and verified
3255 labeled samples and 159515 unlabeled samples. Total: 162770
Use 3255 samples. Get 3255 labels. Ratio: 1.0
 85.05% | time:  55.5s ( 88.4m) | step:   6731 | train acc: 1.000 | train loss: 0.000 |test acc: 0.765 (0.795, 0.716) | test eod gap: 0.0618
begin calculating influence
[Strategy 5] Acc of expected label: 0.7493359375
calculating influence -- done
 85.05% | time: 142.3s ( 90.8m) | step:   6731 | train acc: 1.000 | train loss: 0.000 |val acc: 0.751 (0.783, 0.699) | val eod gap: 0.0717
Files already downloaded and verified
3255 labeled samples and 159515 unlabeled samples. Total: 162770
Use 3255 samples. Get 3255 labels. Ratio: 1.0
 87.58% | time:  55.6s ( 91.7m) | step:   6931 | train acc: 1.000 | train loss: 0.000 |test acc: 0.766 (0.797, 0.717) | test eod gap: 0.0609
begin calculating influence
[Strategy 5] Acc of expected label: 0.752421875
calculating influence -- done
 87.58% | time: 142.2s ( 94.1m) | step:   6931 | train acc: 1.000 | train loss: 0.000 |val acc: 0.753 (0.785, 0.701) | val eod gap: 0.0737
Files already downloaded and verified
3255 labeled samples and 159515 unlabeled samples. Total: 162770
Use 3255 samples. Get 3255 labels. Ratio: 1.0
Epoch 9
 92.52% | time:  90.3s ( 95.6m) | step:   7322 | train acc: 1.000 | train loss: 0.000 |test acc: 0.765 (0.796, 0.716) | test eod gap: 0.0616
begin calculating influence
[Strategy 5] Acc of expected label: 0.7469140625
calculating influence -- done
 92.52% | time: 142.3s ( 98.0m) | step:   7322 | train acc: 1.000 | train loss: 0.000 |val acc: 0.752 (0.785, 0.700) | val eod gap: 0.0690
Files already downloaded and verified
3255 labeled samples and 159515 unlabeled samples. Total: 162770
Use 3255 samples. Get 3255 labels. Ratio: 1.0
 95.05% | time:  55.2s ( 98.9m) | step:   7522 | train acc: 1.000 | train loss: 0.000 |test acc: 0.765 (0.796, 0.717) | test eod gap: 0.0631
begin calculating influence
[Strategy 5] Acc of expected label: 0.752109375
calculating influence -- done
 95.05% | time: 142.4s (101.3m) | step:   7522 | train acc: 1.000 | train loss: 0.000 |val acc: 0.752 (0.784, 0.700) | val eod gap: 0.0741
Files already downloaded and verified
3255 labeled samples and 159515 unlabeled samples. Total: 162770
Use 3255 samples. Get 3255 labels. Ratio: 1.0
 97.57% | time:  55.4s (102.2m) | step:   7722 | train acc: 1.000 | train loss: 0.000 |test acc: 0.766 (0.796, 0.717) | test eod gap: 0.0610
begin calculating influence
[Strategy 5] Acc of expected label: 0.754453125
calculating influence -- done
 97.57% | time: 142.7s (104.6m) | step:   7722 | train acc: 1.000 | train loss: 0.000 |val acc: 0.752 (0.783, 0.703) | val eod gap: 0.0718
Files already downloaded and verified
3255 labeled samples and 159515 unlabeled samples. Total: 162770
Use 3255 samples. Get 3255 labels. Ratio: 1.0
