Files already downloaded and verified
3255 labeled samples and 159515 unlabeled samples. Total: 162770
Files already downloaded and verified
1996 labeled samples and 17966 unlabeled samples. Total: 19962
Numer of layers 62
train net...
Epoch 0
  2.53% | time:  85.5s (  1.4m) | step:    200 | train acc: 0.965 | train loss: 0.144 |test acc: 0.753 (0.790, 0.696) | test eod gap: 0.1541
begin calculating influence
selected layers: [Traced<ShapedArray(float32[2])>with<DynamicJaxprTrace(level=0/1)>, Traced<ShapedArray(float32[512,2])>with<DynamicJaxprTrace(level=0/1)>]
selected layers: [Traced<ShapedArray(float32[2])>with<DynamicJaxprTrace(level=0/1)>, Traced<ShapedArray(float32[512,2])>with<DynamicJaxprTrace(level=0/1)>]
[Strategy 5] Acc of expected label: 0.788515625
calculating influence -- done
  2.53% | time:  35.5s (  2.0m) | step:    200 | train acc: 0.965 | train loss: 0.144 |val acc: 0.752 (0.787, 0.696) | val eod gap: 0.1638
Files already downloaded and verified
3255 labeled samples and 159515 unlabeled samples. Total: 162770
Use 3255 samples. Get 3255 labels. Ratio: 1.0
  5.05% | time:  52.5s (  2.9m) | step:    400 | train acc: 1.000 | train loss: 0.000 |test acc: 0.787 (0.838, 0.708) | test eod gap: 0.2155
begin calculating influence
[Strategy 5] Acc of expected label: 0.79578125
calculating influence -- done
  5.05% | time:  19.5s (  3.2m) | step:    400 | train acc: 1.000 | train loss: 0.000 |val acc: 0.798 (0.839, 0.732) | val eod gap: 0.2587
Files already downloaded and verified
3255 labeled samples and 159515 unlabeled samples. Total: 162770
Use 3255 samples. Get 3255 labels. Ratio: 1.0
  7.58% | time:  56.2s (  4.2m) | step:    600 | train acc: 1.000 | train loss: 0.000 |test acc: 0.789 (0.839, 0.710) | test eod gap: 0.2136
begin calculating influence
[Strategy 5] Acc of expected label: 0.7981640625
calculating influence -- done
  7.58% | time:  20.2s (  4.5m) | step:    600 | train acc: 1.000 | train loss: 0.000 |val acc: 0.797 (0.838, 0.732) | val eod gap: 0.2503
Files already downloaded and verified
3255 labeled samples and 159515 unlabeled samples. Total: 162770
Use 3255 samples. Get 3255 labels. Ratio: 1.0
Epoch 1
 12.52% | time:  89.7s (  6.0m) | step:    991 | train acc: 1.000 | train loss: 0.000 |test acc: 0.789 (0.838, 0.711) | test eod gap: 0.2154
begin calculating influence
[Strategy 5] Acc of expected label: 0.797734375
calculating influence -- done
 12.52% | time:  18.2s (  6.3m) | step:    991 | train acc: 1.000 | train loss: 0.000 |val acc: 0.796 (0.838, 0.728) | val eod gap: 0.2645
Files already downloaded and verified
3255 labeled samples and 159515 unlabeled samples. Total: 162770
Use 3255 samples. Get 3255 labels. Ratio: 1.0
 15.05% | time:  55.1s (  7.2m) | step:   1191 | train acc: 1.000 | train loss: 0.000 |test acc: 0.789 (0.839, 0.710) | test eod gap: 0.2142
begin calculating influence
[Strategy 5] Acc of expected label: 0.7972265625
calculating influence -- done
 15.05% | time:  23.5s (  7.6m) | step:   1191 | train acc: 1.000 | train loss: 0.000 |val acc: 0.796 (0.838, 0.731) | val eod gap: 0.2564
Files already downloaded and verified
3255 labeled samples and 159515 unlabeled samples. Total: 162770
Use 3255 samples. Get 3255 labels. Ratio: 1.0
 17.58% | time:  57.7s (  8.6m) | step:   1391 | train acc: 1.000 | train loss: 0.000 |test acc: 0.789 (0.839, 0.711) | test eod gap: 0.2142
begin calculating influence
[Strategy 5] Acc of expected label: 0.8007421875
calculating influence -- done
 17.58% | time:  18.3s (  8.9m) | step:   1391 | train acc: 1.000 | train loss: 0.000 |val acc: 0.796 (0.838, 0.731) | val eod gap: 0.2592
Files already downloaded and verified
3255 labeled samples and 159515 unlabeled samples. Total: 162770
Use 3255 samples. Get 3255 labels. Ratio: 1.0
Epoch 2
 22.52% | time:  86.9s ( 10.3m) | step:   1782 | train acc: 1.000 | train loss: 0.000 |test acc: 0.789 (0.838, 0.710) | test eod gap: 0.2147
begin calculating influence
[Strategy 5] Acc of expected label: 0.794375
calculating influence -- done
 22.52% | time:  21.7s ( 10.7m) | step:   1782 | train acc: 1.000 | train loss: 0.000 |val acc: 0.797 (0.838, 0.732) | val eod gap: 0.2611
Files already downloaded and verified
3255 labeled samples and 159515 unlabeled samples. Total: 162770
Use 3255 samples. Get 3255 labels. Ratio: 1.0
 25.04% | time:  57.1s ( 11.6m) | step:   1982 | train acc: 1.000 | train loss: 0.000 |test acc: 0.789 (0.839, 0.711) | test eod gap: 0.2141
begin calculating influence
[Strategy 5] Acc of expected label: 0.8035546875
calculating influence -- done
 25.04% | time:  19.8s ( 12.0m) | step:   1982 | train acc: 1.000 | train loss: 0.000 |val acc: 0.797 (0.838, 0.734) | val eod gap: 0.2544
Files already downloaded and verified
3255 labeled samples and 159515 unlabeled samples. Total: 162770
Use 3255 samples. Get 3255 labels. Ratio: 1.0
 27.57% | time:  53.1s ( 12.8m) | step:   2182 | train acc: 1.000 | train loss: 0.000 |test acc: 0.790 (0.839, 0.711) | test eod gap: 0.2135
begin calculating influence
[Strategy 5] Acc of expected label: 0.79796875
calculating influence -- done
 27.57% | time:  19.7s ( 13.2m) | step:   2182 | train acc: 1.000 | train loss: 0.000 |val acc: 0.797 (0.837, 0.734) | val eod gap: 0.2573
Files already downloaded and verified
3255 labeled samples and 159515 unlabeled samples. Total: 162770
Use 3255 samples. Get 3255 labels. Ratio: 1.0
Epoch 3
 32.52% | time:  85.3s ( 14.6m) | step:   2574 | train acc: 1.000 | train loss: 0.000 |test acc: 0.789 (0.839, 0.710) | test eod gap: 0.2135
begin calculating influence
[Strategy 5] Acc of expected label: 0.79890625
calculating influence -- done
 32.52% | time:  17.6s ( 14.9m) | step:   2574 | train acc: 1.000 | train loss: 0.000 |val acc: 0.796 (0.838, 0.731) | val eod gap: 0.2621
Files already downloaded and verified
3255 labeled samples and 159515 unlabeled samples. Total: 162770
Use 3255 samples. Get 3255 labels. Ratio: 1.0
 35.05% | time:  52.7s ( 15.8m) | step:   2774 | train acc: 1.000 | train loss: 0.000 |test acc: 0.789 (0.838, 0.710) | test eod gap: 0.2163
begin calculating influence
[Strategy 5] Acc of expected label: 0.796796875
calculating influence -- done
 35.05% | time:  20.2s ( 16.1m) | step:   2774 | train acc: 1.000 | train loss: 0.000 |val acc: 0.798 (0.838, 0.734) | val eod gap: 0.2713
Files already downloaded and verified
3255 labeled samples and 159515 unlabeled samples. Total: 162770
Use 3255 samples. Get 3255 labels. Ratio: 1.0
 37.58% | time:  52.6s ( 17.0m) | step:   2974 | train acc: 1.000 | train loss: 0.000 |test acc: 0.790 (0.839, 0.711) | test eod gap: 0.2133
begin calculating influence
[Strategy 5] Acc of expected label: 0.79984375
calculating influence -- done
 37.58% | time:  20.6s ( 17.3m) | step:   2974 | train acc: 1.000 | train loss: 0.000 |val acc: 0.798 (0.838, 0.735) | val eod gap: 0.2516
Files already downloaded and verified
3255 labeled samples and 159515 unlabeled samples. Total: 162770
Use 3255 samples. Get 3255 labels. Ratio: 1.0
Epoch 4
 42.52% | time:  85.1s ( 18.7m) | step:   3365 | train acc: 1.000 | train loss: 0.000 |test acc: 0.789 (0.838, 0.710) | test eod gap: 0.2148
begin calculating influence
[Strategy 5] Acc of expected label: 0.80203125
calculating influence -- done
 42.52% | time:  17.8s ( 19.0m) | step:   3365 | train acc: 1.000 | train loss: 0.000 |val acc: 0.796 (0.838, 0.728) | val eod gap: 0.2640
Files already downloaded and verified
3255 labeled samples and 159515 unlabeled samples. Total: 162770
Use 3255 samples. Get 3255 labels. Ratio: 1.0
 45.05% | time:  54.8s ( 19.9m) | step:   3565 | train acc: 1.000 | train loss: 0.000 |test acc: 0.789 (0.839, 0.709) | test eod gap: 0.2126
begin calculating influence
[Strategy 5] Acc of expected label: 0.796328125
calculating influence -- done
 45.05% | time:  18.1s ( 20.3m) | step:   3565 | train acc: 1.000 | train loss: 0.000 |val acc: 0.797 (0.838, 0.732) | val eod gap: 0.2616
Files already downloaded and verified
3255 labeled samples and 159515 unlabeled samples. Total: 162770
Use 3255 samples. Get 3255 labels. Ratio: 1.0
 47.57% | time:  52.4s ( 21.1m) | step:   3765 | train acc: 1.000 | train loss: 0.000 |test acc: 0.788 (0.838, 0.709) | test eod gap: 0.2161
begin calculating influence
[Strategy 5] Acc of expected label: 0.7967578125
calculating influence -- done
 47.57% | time:  17.5s ( 21.4m) | step:   3765 | train acc: 1.000 | train loss: 0.000 |val acc: 0.796 (0.839, 0.728) | val eod gap: 0.2611
Files already downloaded and verified
3255 labeled samples and 159515 unlabeled samples. Total: 162770
Use 3255 samples. Get 3255 labels. Ratio: 1.0
Epoch 5
 52.53% | time:  84.3s ( 22.8m) | step:   4157 | train acc: 1.000 | train loss: 0.000 |test acc: 0.789 (0.838, 0.710) | test eod gap: 0.2140
begin calculating influence
[Strategy 5] Acc of expected label: 0.7995703125
calculating influence -- done
 52.53% | time:  19.9s ( 23.2m) | step:   4157 | train acc: 1.000 | train loss: 0.000 |val acc: 0.797 (0.838, 0.731) | val eod gap: 0.2620
Files already downloaded and verified
3255 labeled samples and 159515 unlabeled samples. Total: 162770
Use 3255 samples. Get 3255 labels. Ratio: 1.0
 55.05% | time:  52.3s ( 24.0m) | step:   4357 | train acc: 1.000 | train loss: 0.000 |test acc: 0.789 (0.839, 0.710) | test eod gap: 0.2126
begin calculating influence
[Strategy 5] Acc of expected label: 0.8017578125
calculating influence -- done
 55.05% | time:  19.8s ( 24.4m) | step:   4357 | train acc: 1.000 | train loss: 0.000 |val acc: 0.797 (0.839, 0.731) | val eod gap: 0.2625
Files already downloaded and verified
3255 labeled samples and 159515 unlabeled samples. Total: 162770
Use 3255 samples. Get 3255 labels. Ratio: 1.0
 57.58% | time:  52.9s ( 25.2m) | step:   4557 | train acc: 1.000 | train loss: 0.000 |test acc: 0.789 (0.839, 0.710) | test eod gap: 0.2122
begin calculating influence
[Strategy 5] Acc of expected label: 0.7953515625
calculating influence -- done
 57.58% | time:  19.5s ( 25.6m) | step:   4557 | train acc: 1.000 | train loss: 0.000 |val acc: 0.798 (0.838, 0.734) | val eod gap: 0.2577
Files already downloaded and verified
3255 labeled samples and 159515 unlabeled samples. Total: 162770
Use 3255 samples. Get 3255 labels. Ratio: 1.0
Epoch 6
 62.52% | time:  83.7s ( 27.0m) | step:   4948 | train acc: 1.000 | train loss: 0.000 |test acc: 0.789 (0.839, 0.709) | test eod gap: 0.2116
begin calculating influence
[Strategy 5] Acc of expected label: 0.8003125
calculating influence -- done
 62.52% | time:  17.5s ( 27.2m) | step:   4948 | train acc: 1.000 | train loss: 0.000 |val acc: 0.796 (0.838, 0.728) | val eod gap: 0.2589
Files already downloaded and verified
3255 labeled samples and 159515 unlabeled samples. Total: 162770
Use 3255 samples. Get 3255 labels. Ratio: 1.0
 65.05% | time:  52.2s ( 28.1m) | step:   5148 | train acc: 1.000 | train loss: 0.000 |test acc: 0.789 (0.839, 0.710) | test eod gap: 0.2127
begin calculating influence
[Strategy 5] Acc of expected label: 0.792734375
calculating influence -- done
 65.05% | time:  19.5s ( 28.4m) | step:   5148 | train acc: 1.000 | train loss: 0.000 |val acc: 0.798 (0.838, 0.735) | val eod gap: 0.2539
Files already downloaded and verified
3255 labeled samples and 159515 unlabeled samples. Total: 162770
Use 3255 samples. Get 3255 labels. Ratio: 1.0
 67.58% | time:  53.1s ( 29.3m) | step:   5348 | train acc: 1.000 | train loss: 0.000 |test acc: 0.790 (0.839, 0.711) | test eod gap: 0.2122
begin calculating influence
[Strategy 5] Acc of expected label: 0.8012109375
calculating influence -- done
 67.58% | time:  17.7s ( 29.6m) | step:   5348 | train acc: 1.000 | train loss: 0.000 |val acc: 0.797 (0.838, 0.732) | val eod gap: 0.2565
Files already downloaded and verified
3255 labeled samples and 159515 unlabeled samples. Total: 162770
Use 3255 samples. Get 3255 labels. Ratio: 1.0
Epoch 7
 72.52% | time:  83.8s ( 31.0m) | step:   5739 | train acc: 1.000 | train loss: 0.000 |test acc: 0.789 (0.839, 0.710) | test eod gap: 0.2135
begin calculating influence
[Strategy 5] Acc of expected label: 0.7988671875
calculating influence -- done
 72.52% | time:  18.3s ( 31.3m) | step:   5739 | train acc: 1.000 | train loss: 0.000 |val acc: 0.798 (0.839, 0.734) | val eod gap: 0.2656
Files already downloaded and verified
3255 labeled samples and 159515 unlabeled samples. Total: 162770
Use 3255 samples. Get 3255 labels. Ratio: 1.0
 75.04% | time:  51.6s ( 32.2m) | step:   5939 | train acc: 1.000 | train loss: 0.000 |test acc: 0.790 (0.840, 0.711) | test eod gap: 0.2121
begin calculating influence
[Strategy 5] Acc of expected label: 0.796875
calculating influence -- done
 75.04% | time:  19.4s ( 32.5m) | step:   5939 | train acc: 1.000 | train loss: 0.000 |val acc: 0.799 (0.838, 0.737) | val eod gap: 0.2525
Files already downloaded and verified
3255 labeled samples and 159515 unlabeled samples. Total: 162770
Use 3255 samples. Get 3255 labels. Ratio: 1.0
 77.57% | time:  52.8s ( 33.4m) | step:   6139 | train acc: 1.000 | train loss: 0.000 |test acc: 0.790 (0.840, 0.711) | test eod gap: 0.2118
begin calculating influence
[Strategy 5] Acc of expected label: 0.7987109375
calculating influence -- done
 77.57% | time:  17.4s ( 33.7m) | step:   6139 | train acc: 1.000 | train loss: 0.000 |val acc: 0.800 (0.839, 0.739) | val eod gap: 0.2491
Files already downloaded and verified
3255 labeled samples and 159515 unlabeled samples. Total: 162770
Use 3255 samples. Get 3255 labels. Ratio: 1.0
Epoch 8
 82.52% | time:  84.0s ( 35.1m) | step:   6531 | train acc: 1.000 | train loss: 0.000 |test acc: 0.790 (0.840, 0.711) | test eod gap: 0.2102
begin calculating influence
[Strategy 5] Acc of expected label: 0.801484375
calculating influence -- done
 82.52% | time:  21.1s ( 35.4m) | step:   6531 | train acc: 1.000 | train loss: 0.000 |val acc: 0.799 (0.838, 0.737) | val eod gap: 0.2468
Files already downloaded and verified
3255 labeled samples and 159515 unlabeled samples. Total: 162770
Use 3255 samples. Get 3255 labels. Ratio: 1.0
 85.05% | time:  52.3s ( 36.3m) | step:   6731 | train acc: 1.000 | train loss: 0.000 |test acc: 0.789 (0.839, 0.711) | test eod gap: 0.2121
begin calculating influence
[Strategy 5] Acc of expected label: 0.7978515625
calculating influence -- done
 85.05% | time:  20.4s ( 36.6m) | step:   6731 | train acc: 1.000 | train loss: 0.000 |val acc: 0.797 (0.839, 0.731) | val eod gap: 0.2568
Files already downloaded and verified
3255 labeled samples and 159515 unlabeled samples. Total: 162770
Use 3255 samples. Get 3255 labels. Ratio: 1.0
 87.58% | time:  52.4s ( 37.5m) | step:   6931 | train acc: 1.000 | train loss: 0.000 |test acc: 0.789 (0.839, 0.710) | test eod gap: 0.2127
begin calculating influence
[Strategy 5] Acc of expected label: 0.79828125
calculating influence -- done
 87.58% | time:  17.7s ( 37.8m) | step:   6931 | train acc: 1.000 | train loss: 0.000 |val acc: 0.798 (0.839, 0.732) | val eod gap: 0.2559
Files already downloaded and verified
3255 labeled samples and 159515 unlabeled samples. Total: 162770
Use 3255 samples. Get 3255 labels. Ratio: 1.0
Epoch 9
 92.52% | time:  83.3s ( 39.2m) | step:   7322 | train acc: 1.000 | train loss: 0.000 |test acc: 0.791 (0.841, 0.712) | test eod gap: 0.2069
begin calculating influence
[Strategy 5] Acc of expected label: 0.80359375
calculating influence -- done
 92.52% | time:  20.2s ( 39.5m) | step:   7322 | train acc: 1.000 | train loss: 0.000 |val acc: 0.800 (0.838, 0.740) | val eod gap: 0.2426
Files already downloaded and verified
3255 labeled samples and 159515 unlabeled samples. Total: 162770
Use 3255 samples. Get 3255 labels. Ratio: 1.0
 95.05% | time:  52.2s ( 40.4m) | step:   7522 | train acc: 1.000 | train loss: 0.000 |test acc: 0.789 (0.839, 0.709) | test eod gap: 0.2124
begin calculating influence
[Strategy 5] Acc of expected label: 0.794140625
calculating influence -- done
 95.05% | time:  19.1s ( 40.7m) | step:   7522 | train acc: 1.000 | train loss: 0.000 |val acc: 0.797 (0.839, 0.731) | val eod gap: 0.2568
Files already downloaded and verified
3255 labeled samples and 159515 unlabeled samples. Total: 162770
Use 3255 samples. Get 3255 labels. Ratio: 1.0
 97.57% | time:  52.7s ( 41.6m) | step:   7722 | train acc: 1.000 | train loss: 0.000 |test acc: 0.789 (0.839, 0.709) | test eod gap: 0.2119
begin calculating influence
[Strategy 5] Acc of expected label: 0.798984375
calculating influence -- done
 97.57% | time:  17.4s ( 41.9m) | step:   7722 | train acc: 1.000 | train loss: 0.000 |val acc: 0.797 (0.839, 0.730) | val eod gap: 0.2578
Files already downloaded and verified
3255 labeled samples and 159515 unlabeled samples. Total: 162770
Use 3255 samples. Get 3255 labels. Ratio: 1.0
