Files already downloaded and verified
3255 labeled samples and 159515 unlabeled samples. Total: 162770
Files already downloaded and verified
1996 labeled samples and 17966 unlabeled samples. Total: 19962
Numer of layers 62
train net...
Epoch 0
  2.53% | time:  83.4s (  1.4m) | step:    200 | train acc: 1.000 | train loss: 0.000 |test acc: 0.783 (0.877, 0.634) | test eod gap: 0.2369
begin calculating influence
selected layers: [Traced<ShapedArray(float32[2])>with<DynamicJaxprTrace(level=0/1)>, Traced<ShapedArray(float32[512,2])>with<DynamicJaxprTrace(level=0/1)>, Traced<ShapedArray(float32[64])>with<DynamicJaxprTrace(level=0/1)>, Traced<ShapedArray(float32[64])>with<DynamicJaxprTrace(level=0/1)>]
selected layers: [Traced<ShapedArray(float32[2])>with<DynamicJaxprTrace(level=0/1)>, Traced<ShapedArray(float32[512,2])>with<DynamicJaxprTrace(level=0/1)>, Traced<ShapedArray(float32[64])>with<DynamicJaxprTrace(level=0/1)>, Traced<ShapedArray(float32[64])>with<DynamicJaxprTrace(level=0/1)>]
[Strategy 2] Acc of expected label: 0.766796875
calculating influence -- done
  2.53% | time: 189.6s (  4.6m) | step:    200 | train acc: 1.000 | train loss: 0.000 |val acc: 0.779 (0.865, 0.644) | val eod gap: 0.2202
Files already downloaded and verified
3255 labeled samples and 159515 unlabeled samples. Total: 162770
Use 3255 samples. Get 3255 labels. Ratio: 1.0
  5.05% | time:  50.3s (  5.4m) | step:    400 | train acc: 1.000 | train loss: 0.000 |test acc: 0.783 (0.876, 0.634) | test eod gap: 0.2387
begin calculating influence
[Strategy 2] Acc of expected label: 0.7641015625
calculating influence -- done
  5.05% | time: 140.2s (  7.7m) | step:    400 | train acc: 1.000 | train loss: 0.000 |val acc: 0.781 (0.863, 0.653) | val eod gap: 0.2283
Files already downloaded and verified
3255 labeled samples and 159515 unlabeled samples. Total: 162770
Use 3255 samples. Get 3255 labels. Ratio: 1.0
  7.58% | time:  51.8s (  8.6m) | step:    600 | train acc: 1.000 | train loss: 0.000 |test acc: 0.785 (0.878, 0.637) | test eod gap: 0.2366
begin calculating influence
[Strategy 2] Acc of expected label: 0.762109375
calculating influence -- done
  7.58% | time: 140.4s ( 10.9m) | step:    600 | train acc: 1.000 | train loss: 0.000 |val acc: 0.783 (0.866, 0.653) | val eod gap: 0.2287
Files already downloaded and verified
3255 labeled samples and 159515 unlabeled samples. Total: 162770
Use 3255 samples. Get 3255 labels. Ratio: 1.0
Epoch 1
 12.52% | time:  83.5s ( 12.3m) | step:    991 | train acc: 1.000 | train loss: 0.000 |test acc: 0.785 (0.877, 0.638) | test eod gap: 0.2377
begin calculating influence
[Strategy 2] Acc of expected label: 0.7675
calculating influence -- done
 12.52% | time: 140.2s ( 14.7m) | step:    991 | train acc: 1.000 | train loss: 0.000 |val acc: 0.783 (0.865, 0.654) | val eod gap: 0.2309
Files already downloaded and verified
3255 labeled samples and 159515 unlabeled samples. Total: 162770
Use 3255 samples. Get 3255 labels. Ratio: 1.0
 15.05% | time:  51.8s ( 15.5m) | step:   1191 | train acc: 1.000 | train loss: 0.000 |test acc: 0.784 (0.877, 0.636) | test eod gap: 0.2393
begin calculating influence
[Strategy 2] Acc of expected label: 0.76734375
calculating influence -- done
 15.05% | time: 140.1s ( 17.9m) | step:   1191 | train acc: 1.000 | train loss: 0.000 |val acc: 0.783 (0.865, 0.654) | val eod gap: 0.2282
Files already downloaded and verified
3255 labeled samples and 159515 unlabeled samples. Total: 162770
Use 3255 samples. Get 3255 labels. Ratio: 1.0
 17.58% | time:  51.7s ( 18.7m) | step:   1391 | train acc: 1.000 | train loss: 0.000 |test acc: 0.783 (0.876, 0.635) | test eod gap: 0.2388
begin calculating influence
[Strategy 2] Acc of expected label: 0.7615234375
calculating influence -- done
 17.58% | time: 140.5s ( 21.1m) | step:   1391 | train acc: 1.000 | train loss: 0.000 |val acc: 0.783 (0.865, 0.654) | val eod gap: 0.2273
Files already downloaded and verified
3255 labeled samples and 159515 unlabeled samples. Total: 162770
Use 3255 samples. Get 3255 labels. Ratio: 1.0
Epoch 2
 22.52% | time:  83.6s ( 22.5m) | step:   1782 | train acc: 1.000 | train loss: 0.000 |test acc: 0.783 (0.876, 0.635) | test eod gap: 0.2429
begin calculating influence
[Strategy 2] Acc of expected label: 0.7628125
calculating influence -- done
 22.52% | time: 140.2s ( 24.8m) | step:   1782 | train acc: 1.000 | train loss: 0.000 |val acc: 0.781 (0.863, 0.651) | val eod gap: 0.2279
Files already downloaded and verified
3255 labeled samples and 159515 unlabeled samples. Total: 162770
Use 3255 samples. Get 3255 labels. Ratio: 1.0
 25.04% | time:  53.1s ( 25.7m) | step:   1982 | train acc: 1.000 | train loss: 0.000 |test acc: 0.784 (0.877, 0.636) | test eod gap: 0.2386
begin calculating influence
[Strategy 2] Acc of expected label: 0.7653125
calculating influence -- done
 25.04% | time: 140.2s ( 28.0m) | step:   1982 | train acc: 1.000 | train loss: 0.000 |val acc: 0.783 (0.865, 0.654) | val eod gap: 0.2287
Files already downloaded and verified
3255 labeled samples and 159515 unlabeled samples. Total: 162770
Use 3255 samples. Get 3255 labels. Ratio: 1.0
 27.57% | time:  52.5s ( 28.9m) | step:   2182 | train acc: 1.000 | train loss: 0.000 |test acc: 0.784 (0.877, 0.636) | test eod gap: 0.2386
begin calculating influence
[Strategy 2] Acc of expected label: 0.7640625
calculating influence -- done
 27.57% | time: 140.1s ( 31.2m) | step:   2182 | train acc: 1.000 | train loss: 0.000 |val acc: 0.781 (0.865, 0.649) | val eod gap: 0.2226
Files already downloaded and verified
3255 labeled samples and 159515 unlabeled samples. Total: 162770
Use 3255 samples. Get 3255 labels. Ratio: 1.0
Epoch 3
 32.52% | time:  84.6s ( 32.6m) | step:   2574 | train acc: 1.000 | train loss: 0.000 |test acc: 0.784 (0.877, 0.635) | test eod gap: 0.2354
begin calculating influence
[Strategy 2] Acc of expected label: 0.765546875
calculating influence -- done
 32.52% | time: 140.2s ( 35.0m) | step:   2574 | train acc: 1.000 | train loss: 0.000 |val acc: 0.783 (0.866, 0.653) | val eod gap: 0.2274
Files already downloaded and verified
3255 labeled samples and 159515 unlabeled samples. Total: 162770
Use 3255 samples. Get 3255 labels. Ratio: 1.0
 35.05% | time:  52.6s ( 35.8m) | step:   2774 | train acc: 1.000 | train loss: 0.000 |test acc: 0.783 (0.876, 0.634) | test eod gap: 0.2403
begin calculating influence
[Strategy 2] Acc of expected label: 0.75953125
calculating influence -- done
 35.05% | time: 140.2s ( 38.2m) | step:   2774 | train acc: 1.000 | train loss: 0.000 |val acc: 0.783 (0.865, 0.653) | val eod gap: 0.2283
Files already downloaded and verified
3255 labeled samples and 159515 unlabeled samples. Total: 162770
Use 3255 samples. Get 3255 labels. Ratio: 1.0
 37.58% | time:  52.7s ( 39.1m) | step:   2974 | train acc: 1.000 | train loss: 0.000 |test acc: 0.783 (0.876, 0.635) | test eod gap: 0.2382
begin calculating influence
[Strategy 2] Acc of expected label: 0.7666796875
calculating influence -- done
 37.58% | time: 140.2s ( 41.4m) | step:   2974 | train acc: 1.000 | train loss: 0.000 |val acc: 0.781 (0.865, 0.650) | val eod gap: 0.2299
Files already downloaded and verified
3255 labeled samples and 159515 unlabeled samples. Total: 162770
Use 3255 samples. Get 3255 labels. Ratio: 1.0
Epoch 4
 42.52% | time:  83.3s ( 42.8m) | step:   3365 | train acc: 1.000 | train loss: 0.000 |test acc: 0.783 (0.877, 0.635) | test eod gap: 0.2375
begin calculating influence
[Strategy 2] Acc of expected label: 0.7657421875
calculating influence -- done
 42.52% | time: 140.1s ( 45.1m) | step:   3365 | train acc: 1.000 | train loss: 0.000 |val acc: 0.782 (0.864, 0.654) | val eod gap: 0.2319
Files already downloaded and verified
3255 labeled samples and 159515 unlabeled samples. Total: 162770
Use 3255 samples. Get 3255 labels. Ratio: 1.0
 45.05% | time:  52.1s ( 46.0m) | step:   3565 | train acc: 1.000 | train loss: 0.000 |test acc: 0.783 (0.876, 0.635) | test eod gap: 0.2383
begin calculating influence
[Strategy 2] Acc of expected label: 0.761328125
calculating influence -- done
 45.05% | time: 140.1s ( 48.3m) | step:   3565 | train acc: 1.000 | train loss: 0.000 |val acc: 0.783 (0.865, 0.653) | val eod gap: 0.2255
Files already downloaded and verified
3255 labeled samples and 159515 unlabeled samples. Total: 162770
Use 3255 samples. Get 3255 labels. Ratio: 1.0
 47.57% | time:  52.0s ( 49.2m) | step:   3765 | train acc: 1.000 | train loss: 0.000 |test acc: 0.782 (0.875, 0.634) | test eod gap: 0.2418
begin calculating influence
[Strategy 2] Acc of expected label: 0.7592578125
calculating influence -- done
 47.57% | time: 140.3s ( 51.5m) | step:   3765 | train acc: 1.000 | train loss: 0.000 |val acc: 0.780 (0.864, 0.649) | val eod gap: 0.2387
Files already downloaded and verified
3255 labeled samples and 159515 unlabeled samples. Total: 162770
Use 3255 samples. Get 3255 labels. Ratio: 1.0
Epoch 5
 52.53% | time:  85.5s ( 53.0m) | step:   4157 | train acc: 1.000 | train loss: 0.000 |test acc: 0.782 (0.875, 0.634) | test eod gap: 0.2428
begin calculating influence
[Strategy 2] Acc of expected label: 0.7646875
calculating influence -- done
 52.53% | time: 140.3s ( 55.3m) | step:   4157 | train acc: 1.000 | train loss: 0.000 |val acc: 0.779 (0.863, 0.647) | val eod gap: 0.2393
Files already downloaded and verified
3255 labeled samples and 159515 unlabeled samples. Total: 162770
Use 3255 samples. Get 3255 labels. Ratio: 1.0
 55.05% | time:  52.8s ( 56.2m) | step:   4357 | train acc: 1.000 | train loss: 0.000 |test acc: 0.782 (0.876, 0.633) | test eod gap: 0.2386
begin calculating influence
[Strategy 2] Acc of expected label: 0.76078125
calculating influence -- done
 55.05% | time: 140.1s ( 58.5m) | step:   4357 | train acc: 1.000 | train loss: 0.000 |val acc: 0.783 (0.865, 0.653) | val eod gap: 0.2283
Files already downloaded and verified
3255 labeled samples and 159515 unlabeled samples. Total: 162770
Use 3255 samples. Get 3255 labels. Ratio: 1.0
 57.58% | time:  52.2s ( 59.4m) | step:   4557 | train acc: 1.000 | train loss: 0.000 |test acc: 0.783 (0.876, 0.634) | test eod gap: 0.2378
begin calculating influence
[Strategy 2] Acc of expected label: 0.76359375
calculating influence -- done
 57.58% | time: 140.2s ( 61.7m) | step:   4557 | train acc: 1.000 | train loss: 0.000 |val acc: 0.781 (0.864, 0.650) | val eod gap: 0.2294
Files already downloaded and verified
3255 labeled samples and 159515 unlabeled samples. Total: 162770
Use 3255 samples. Get 3255 labels. Ratio: 1.0
Epoch 6
 62.52% | time:  85.1s ( 63.1m) | step:   4948 | train acc: 1.000 | train loss: 0.000 |test acc: 0.783 (0.877, 0.634) | test eod gap: 0.2369
begin calculating influence
[Strategy 2] Acc of expected label: 0.770234375
calculating influence -- done
 62.52% | time: 140.1s ( 65.5m) | step:   4948 | train acc: 1.000 | train loss: 0.000 |val acc: 0.781 (0.864, 0.651) | val eod gap: 0.2284
Files already downloaded and verified
3255 labeled samples and 159515 unlabeled samples. Total: 162770
Use 3255 samples. Get 3255 labels. Ratio: 1.0
 65.05% | time:  55.6s ( 66.4m) | step:   5148 | train acc: 1.000 | train loss: 0.000 |test acc: 0.783 (0.877, 0.634) | test eod gap: 0.2364
begin calculating influence
[Strategy 2] Acc of expected label: 0.7655859375
calculating influence -- done
 65.05% | time: 140.5s ( 68.7m) | step:   5148 | train acc: 1.000 | train loss: 0.000 |val acc: 0.780 (0.864, 0.649) | val eod gap: 0.2277
Files already downloaded and verified
3255 labeled samples and 159515 unlabeled samples. Total: 162770
Use 3255 samples. Get 3255 labels. Ratio: 1.0
 67.58% | time:  52.8s ( 69.6m) | step:   5348 | train acc: 1.000 | train loss: 0.000 |test acc: 0.783 (0.877, 0.634) | test eod gap: 0.2372
begin calculating influence
[Strategy 2] Acc of expected label: 0.7614453125
calculating influence -- done
 67.58% | time: 140.1s ( 71.9m) | step:   5348 | train acc: 1.000 | train loss: 0.000 |val acc: 0.782 (0.865, 0.651) | val eod gap: 0.2289
Files already downloaded and verified
3255 labeled samples and 159515 unlabeled samples. Total: 162770
Use 3255 samples. Get 3255 labels. Ratio: 1.0
Epoch 7
 72.52% | time:  83.2s ( 73.3m) | step:   5739 | train acc: 1.000 | train loss: 0.000 |test acc: 0.782 (0.876, 0.634) | test eod gap: 0.2407
begin calculating influence
[Strategy 2] Acc of expected label: 0.7634375
calculating influence -- done
 72.52% | time: 140.1s ( 75.7m) | step:   5739 | train acc: 1.000 | train loss: 0.000 |val acc: 0.781 (0.865, 0.649) | val eod gap: 0.2337
Files already downloaded and verified
3255 labeled samples and 159515 unlabeled samples. Total: 162770
Use 3255 samples. Get 3255 labels. Ratio: 1.0
 75.04% | time:  51.3s ( 76.5m) | step:   5939 | train acc: 1.000 | train loss: 0.000 |test acc: 0.783 (0.877, 0.634) | test eod gap: 0.2356
begin calculating influence
[Strategy 2] Acc of expected label: 0.765625
calculating influence -- done
 75.04% | time: 140.1s ( 78.9m) | step:   5939 | train acc: 1.000 | train loss: 0.000 |val acc: 0.780 (0.865, 0.647) | val eod gap: 0.2250
Files already downloaded and verified
3255 labeled samples and 159515 unlabeled samples. Total: 162770
Use 3255 samples. Get 3255 labels. Ratio: 1.0
 77.57% | time:  52.3s ( 79.7m) | step:   6139 | train acc: 1.000 | train loss: 0.000 |test acc: 0.783 (0.877, 0.635) | test eod gap: 0.2379
begin calculating influence
[Strategy 2] Acc of expected label: 0.7633203125
calculating influence -- done
 77.57% | time: 140.0s ( 82.1m) | step:   6139 | train acc: 1.000 | train loss: 0.000 |val acc: 0.780 (0.865, 0.646) | val eod gap: 0.2274
Files already downloaded and verified
3255 labeled samples and 159515 unlabeled samples. Total: 162770
Use 3255 samples. Get 3255 labels. Ratio: 1.0
Epoch 8
 82.52% | time:  84.0s ( 83.5m) | step:   6531 | train acc: 1.000 | train loss: 0.000 |test acc: 0.782 (0.876, 0.633) | test eod gap: 0.2392
begin calculating influence
[Strategy 2] Acc of expected label: 0.7623828125
calculating influence -- done
 82.52% | time: 140.1s ( 85.8m) | step:   6531 | train acc: 1.000 | train loss: 0.000 |val acc: 0.780 (0.864, 0.649) | val eod gap: 0.2304
Files already downloaded and verified
3255 labeled samples and 159515 unlabeled samples. Total: 162770
Use 3255 samples. Get 3255 labels. Ratio: 1.0
 85.05% | time:  52.2s ( 86.7m) | step:   6731 | train acc: 1.000 | train loss: 0.000 |test acc: 0.783 (0.877, 0.634) | test eod gap: 0.2374
begin calculating influence
[Strategy 2] Acc of expected label: 0.7641015625
calculating influence -- done
 85.05% | time: 140.1s ( 89.0m) | step:   6731 | train acc: 1.000 | train loss: 0.000 |val acc: 0.781 (0.865, 0.650) | val eod gap: 0.2285
Files already downloaded and verified
3255 labeled samples and 159515 unlabeled samples. Total: 162770
Use 3255 samples. Get 3255 labels. Ratio: 1.0
 87.58% | time:  51.8s ( 89.9m) | step:   6931 | train acc: 1.000 | train loss: 0.000 |test acc: 0.783 (0.876, 0.634) | test eod gap: 0.2371
begin calculating influence
[Strategy 2] Acc of expected label: 0.7635546875
calculating influence -- done
 87.58% | time: 140.2s ( 92.2m) | step:   6931 | train acc: 1.000 | train loss: 0.000 |val acc: 0.781 (0.864, 0.650) | val eod gap: 0.2267
Files already downloaded and verified
3255 labeled samples and 159515 unlabeled samples. Total: 162770
Use 3255 samples. Get 3255 labels. Ratio: 1.0
Epoch 9
 92.52% | time:  84.0s ( 93.6m) | step:   7322 | train acc: 1.000 | train loss: 0.000 |test acc: 0.783 (0.877, 0.634) | test eod gap: 0.2341
begin calculating influence
[Strategy 2] Acc of expected label: 0.7641796875
calculating influence -- done
 92.52% | time: 140.1s ( 95.9m) | step:   7322 | train acc: 1.000 | train loss: 0.000 |val acc: 0.782 (0.866, 0.650) | val eod gap: 0.2294
Files already downloaded and verified
3255 labeled samples and 159515 unlabeled samples. Total: 162770
Use 3255 samples. Get 3255 labels. Ratio: 1.0
 95.05% | time:  52.9s ( 96.8m) | step:   7522 | train acc: 1.000 | train loss: 0.000 |test acc: 0.782 (0.876, 0.633) | test eod gap: 0.2399
begin calculating influence
[Strategy 2] Acc of expected label: 0.7609375
calculating influence -- done
 95.05% | time: 140.1s ( 99.2m) | step:   7522 | train acc: 1.000 | train loss: 0.000 |val acc: 0.782 (0.865, 0.651) | val eod gap: 0.2316
Files already downloaded and verified
3255 labeled samples and 159515 unlabeled samples. Total: 162770
Use 3255 samples. Get 3255 labels. Ratio: 1.0
 97.57% | time:  53.5s (100.1m) | step:   7722 | train acc: 1.000 | train loss: 0.000 |test acc: 0.782 (0.876, 0.633) | test eod gap: 0.2380
begin calculating influence
[Strategy 2] Acc of expected label: 0.7632421875
calculating influence -- done
 97.57% | time: 140.1s (102.4m) | step:   7722 | train acc: 1.000 | train loss: 0.000 |val acc: 0.780 (0.864, 0.647) | val eod gap: 0.2342
Files already downloaded and verified
3255 labeled samples and 159515 unlabeled samples. Total: 162770
Use 3255 samples. Get 3255 labels. Ratio: 1.0
