Files already downloaded and verified
3255 labeled samples and 159515 unlabeled samples. Total: 162770
Files already downloaded and verified
1996 labeled samples and 17966 unlabeled samples. Total: 19962
Numer of layers 62
train net...
Epoch 0
  2.53% | time:  85.8s (  1.4m) | step:    200 | train acc: 1.000 | train loss: 0.000 |test acc: 0.756 (0.784, 0.711) | test eop gap: 0.0681
begin calculating influence
selected layers: [Traced<ShapedArray(float32[2])>with<DynamicJaxprTrace(level=0/1)>, Traced<ShapedArray(float32[512,2])>with<DynamicJaxprTrace(level=0/1)>, Traced<ShapedArray(float32[64])>with<DynamicJaxprTrace(level=0/1)>, Traced<ShapedArray(float32[64])>with<DynamicJaxprTrace(level=0/1)>]
selected layers: [Traced<ShapedArray(float32[2])>with<DynamicJaxprTrace(level=0/1)>, Traced<ShapedArray(float32[512,2])>with<DynamicJaxprTrace(level=0/1)>, Traced<ShapedArray(float32[64])>with<DynamicJaxprTrace(level=0/1)>, Traced<ShapedArray(float32[64])>with<DynamicJaxprTrace(level=0/1)>]
[Strategy 5] Acc of expected label: 0.76046875
calculating influence -- done
  2.53% | time: 193.0s (  4.6m) | step:    200 | train acc: 1.000 | train loss: 0.000 |val acc: 0.758 (0.790, 0.707) | val eop gap: 0.0810
Files already downloaded and verified
3255 labeled samples and 159515 unlabeled samples. Total: 162770
Use 3255 samples. Get 3255 labels. Ratio: 1.0
  5.05% | time:  56.1s (  5.6m) | step:    400 | train acc: 1.000 | train loss: 0.000 |test acc: 0.758 (0.788, 0.711) | test eop gap: 0.0610
begin calculating influence
[Strategy 5] Acc of expected label: 0.758203125
calculating influence -- done
  5.05% | time: 141.7s (  7.9m) | step:    400 | train acc: 1.000 | train loss: 0.000 |val acc: 0.760 (0.792, 0.709) | val eop gap: 0.0760
Files already downloaded and verified
3255 labeled samples and 159515 unlabeled samples. Total: 162770
Use 3255 samples. Get 3255 labels. Ratio: 1.0
  7.58% | time:  55.3s (  8.9m) | step:    600 | train acc: 1.000 | train loss: 0.000 |test acc: 0.759 (0.789, 0.711) | test eop gap: 0.0630
begin calculating influence
[Strategy 5] Acc of expected label: 0.7572265625
calculating influence -- done
  7.58% | time: 141.8s ( 11.2m) | step:    600 | train acc: 1.000 | train loss: 0.000 |val acc: 0.762 (0.794, 0.710) | val eop gap: 0.0760
Files already downloaded and verified
3255 labeled samples and 159515 unlabeled samples. Total: 162770
Use 3255 samples. Get 3255 labels. Ratio: 1.0
Epoch 1
 12.52% | time:  89.2s ( 12.7m) | step:    991 | train acc: 1.000 | train loss: 0.000 |test acc: 0.758 (0.788, 0.711) | test eop gap: 0.0634
begin calculating influence
[Strategy 5] Acc of expected label: 0.7561328125
calculating influence -- done
 12.52% | time: 141.7s ( 15.1m) | step:    991 | train acc: 1.000 | train loss: 0.000 |val acc: 0.761 (0.792, 0.712) | val eop gap: 0.0902
Files already downloaded and verified
3255 labeled samples and 159515 unlabeled samples. Total: 162770
Use 3255 samples. Get 3255 labels. Ratio: 1.0
 15.05% | time:  54.5s ( 16.0m) | step:   1191 | train acc: 1.000 | train loss: 0.000 |test acc: 0.761 (0.791, 0.713) | test eop gap: 0.0572
begin calculating influence
[Strategy 5] Acc of expected label: 0.75671875
calculating influence -- done
 15.05% | time: 141.7s ( 18.3m) | step:   1191 | train acc: 1.000 | train loss: 0.000 |val acc: 0.764 (0.795, 0.714) | val eop gap: 0.0849
Files already downloaded and verified
3255 labeled samples and 159515 unlabeled samples. Total: 162770
Use 3255 samples. Get 3255 labels. Ratio: 1.0
 17.58% | time:  55.3s ( 19.3m) | step:   1391 | train acc: 1.000 | train loss: 0.000 |test acc: 0.761 (0.791, 0.713) | test eop gap: 0.0597
begin calculating influence
[Strategy 5] Acc of expected label: 0.7557421875
calculating influence -- done
 17.58% | time: 141.8s ( 21.6m) | step:   1391 | train acc: 1.000 | train loss: 0.000 |val acc: 0.766 (0.796, 0.718) | val eop gap: 0.0853
Files already downloaded and verified
3255 labeled samples and 159515 unlabeled samples. Total: 162770
Use 3255 samples. Get 3255 labels. Ratio: 1.0
Epoch 2
 22.52% | time:  88.5s ( 23.1m) | step:   1782 | train acc: 1.000 | train loss: 0.000 |test acc: 0.759 (0.789, 0.712) | test eop gap: 0.0648
begin calculating influence
[Strategy 5] Acc of expected label: 0.7528125
calculating influence -- done
 22.52% | time: 141.8s ( 25.5m) | step:   1782 | train acc: 1.000 | train loss: 0.000 |val acc: 0.761 (0.790, 0.714) | val eop gap: 0.0902
Files already downloaded and verified
3255 labeled samples and 159515 unlabeled samples. Total: 162770
Use 3255 samples. Get 3255 labels. Ratio: 1.0
 25.04% | time:  55.2s ( 26.4m) | step:   1982 | train acc: 1.000 | train loss: 0.000 |test acc: 0.760 (0.789, 0.713) | test eop gap: 0.0625
begin calculating influence
[Strategy 5] Acc of expected label: 0.75453125
calculating influence -- done
 25.04% | time: 141.8s ( 28.8m) | step:   1982 | train acc: 1.000 | train loss: 0.000 |val acc: 0.762 (0.792, 0.714) | val eop gap: 0.0851
Files already downloaded and verified
3255 labeled samples and 159515 unlabeled samples. Total: 162770
Use 3255 samples. Get 3255 labels. Ratio: 1.0
 27.57% | time:  55.6s ( 29.7m) | step:   2182 | train acc: 1.000 | train loss: 0.000 |test acc: 0.761 (0.792, 0.713) | test eop gap: 0.0566
begin calculating influence
[Strategy 5] Acc of expected label: 0.750078125
calculating influence -- done
 27.57% | time: 142.2s ( 32.0m) | step:   2182 | train acc: 1.000 | train loss: 0.000 |val acc: 0.765 (0.795, 0.717) | val eop gap: 0.0894
Files already downloaded and verified
3255 labeled samples and 159515 unlabeled samples. Total: 162770
Use 3255 samples. Get 3255 labels. Ratio: 1.0
Epoch 3
 32.52% | time:  88.3s ( 33.5m) | step:   2574 | train acc: 1.000 | train loss: 0.000 |test acc: 0.763 (0.793, 0.714) | test eop gap: 0.0580
begin calculating influence
[Strategy 5] Acc of expected label: 0.755
calculating influence -- done
 32.52% | time: 141.7s ( 35.9m) | step:   2574 | train acc: 1.000 | train loss: 0.000 |val acc: 0.767 (0.799, 0.717) | val eop gap: 0.0801
Files already downloaded and verified
3255 labeled samples and 159515 unlabeled samples. Total: 162770
Use 3255 samples. Get 3255 labels. Ratio: 1.0
 35.05% | time:  55.3s ( 36.8m) | step:   2774 | train acc: 1.000 | train loss: 0.000 |test acc: 0.758 (0.788, 0.711) | test eop gap: 0.0640
begin calculating influence
[Strategy 5] Acc of expected label: 0.758515625
calculating influence -- done
 35.05% | time: 141.7s ( 39.2m) | step:   2774 | train acc: 1.000 | train loss: 0.000 |val acc: 0.759 (0.790, 0.709) | val eop gap: 0.0948
Files already downloaded and verified
3255 labeled samples and 159515 unlabeled samples. Total: 162770
Use 3255 samples. Get 3255 labels. Ratio: 1.0
 37.58% | time:  54.7s ( 40.1m) | step:   2974 | train acc: 1.000 | train loss: 0.000 |test acc: 0.761 (0.791, 0.712) | test eop gap: 0.0589
begin calculating influence
[Strategy 5] Acc of expected label: 0.75640625
calculating influence -- done
 37.58% | time: 141.4s ( 42.4m) | step:   2974 | train acc: 1.000 | train loss: 0.000 |val acc: 0.764 (0.792, 0.718) | val eop gap: 0.0941
Files already downloaded and verified
3255 labeled samples and 159515 unlabeled samples. Total: 162770
Use 3255 samples. Get 3255 labels. Ratio: 1.0
Epoch 4
 42.52% | time:  85.0s ( 43.8m) | step:   3365 | train acc: 1.000 | train loss: 0.000 |test acc: 0.759 (0.789, 0.713) | test eop gap: 0.0670
begin calculating influence
[Strategy 5] Acc of expected label: 0.7538671875
calculating influence -- done
 42.52% | time: 141.2s ( 46.2m) | step:   3365 | train acc: 1.000 | train loss: 0.000 |val acc: 0.763 (0.792, 0.718) | val eop gap: 0.0948
Files already downloaded and verified
3255 labeled samples and 159515 unlabeled samples. Total: 162770
Use 3255 samples. Get 3255 labels. Ratio: 1.0
 45.05% | time:  51.8s ( 47.1m) | step:   3565 | train acc: 1.000 | train loss: 0.000 |test acc: 0.759 (0.789, 0.712) | test eop gap: 0.0643
begin calculating influence
[Strategy 5] Acc of expected label: 0.75828125
calculating influence -- done
 45.05% | time: 141.3s ( 49.4m) | step:   3565 | train acc: 1.000 | train loss: 0.000 |val acc: 0.762 (0.791, 0.717) | val eop gap: 0.0946
Files already downloaded and verified
3255 labeled samples and 159515 unlabeled samples. Total: 162770
Use 3255 samples. Get 3255 labels. Ratio: 1.0
 47.57% | time:  51.1s ( 50.3m) | step:   3765 | train acc: 1.000 | train loss: 0.000 |test acc: 0.760 (0.790, 0.712) | test eop gap: 0.0618
begin calculating influence
[Strategy 5] Acc of expected label: 0.7559375
calculating influence -- done
 47.57% | time: 141.2s ( 52.6m) | step:   3765 | train acc: 1.000 | train loss: 0.000 |val acc: 0.764 (0.793, 0.717) | val eop gap: 0.0803
Files already downloaded and verified
3255 labeled samples and 159515 unlabeled samples. Total: 162770
Use 3255 samples. Get 3255 labels. Ratio: 1.0
Epoch 5
 52.53% | time:  83.7s ( 54.0m) | step:   4157 | train acc: 1.000 | train loss: 0.000 |test acc: 0.757 (0.787, 0.711) | test eop gap: 0.0653
begin calculating influence
[Strategy 5] Acc of expected label: 0.7596484375
calculating influence -- done
 52.53% | time: 141.2s ( 56.4m) | step:   4157 | train acc: 1.000 | train loss: 0.000 |val acc: 0.759 (0.788, 0.712) | val eop gap: 0.0997
Files already downloaded and verified
3255 labeled samples and 159515 unlabeled samples. Total: 162770
Use 3255 samples. Get 3255 labels. Ratio: 1.0
 55.05% | time:  51.8s ( 57.2m) | step:   4357 | train acc: 1.000 | train loss: 0.000 |test acc: 0.759 (0.789, 0.712) | test eop gap: 0.0655
begin calculating influence
[Strategy 5] Acc of expected label: 0.7529296875
calculating influence -- done
 55.05% | time: 141.2s ( 59.6m) | step:   4357 | train acc: 1.000 | train loss: 0.000 |val acc: 0.760 (0.789, 0.713) | val eop gap: 0.0898
Files already downloaded and verified
3255 labeled samples and 159515 unlabeled samples. Total: 162770
Use 3255 samples. Get 3255 labels. Ratio: 1.0
 57.58% | time:  51.7s ( 60.5m) | step:   4557 | train acc: 1.000 | train loss: 0.000 |test acc: 0.759 (0.789, 0.712) | test eop gap: 0.0655
begin calculating influence
[Strategy 5] Acc of expected label: 0.7559765625
calculating influence -- done
 57.58% | time: 141.3s ( 62.8m) | step:   4557 | train acc: 1.000 | train loss: 0.000 |val acc: 0.764 (0.791, 0.721) | val eop gap: 0.0950
Files already downloaded and verified
3255 labeled samples and 159515 unlabeled samples. Total: 162770
Use 3255 samples. Get 3255 labels. Ratio: 1.0
Epoch 6
 62.52% | time:  84.2s ( 64.2m) | step:   4948 | train acc: 1.000 | train loss: 0.000 |test acc: 0.758 (0.787, 0.712) | test eop gap: 0.0659
begin calculating influence
[Strategy 5] Acc of expected label: 0.756328125
calculating influence -- done
 62.52% | time: 141.0s ( 66.6m) | step:   4948 | train acc: 1.000 | train loss: 0.000 |val acc: 0.759 (0.790, 0.710) | val eop gap: 0.0997
Files already downloaded and verified
3255 labeled samples and 159515 unlabeled samples. Total: 162770
Use 3255 samples. Get 3255 labels. Ratio: 1.0
 65.05% | time:  52.2s ( 67.4m) | step:   5148 | train acc: 1.000 | train loss: 0.000 |test acc: 0.759 (0.788, 0.712) | test eop gap: 0.0672
begin calculating influence
[Strategy 5] Acc of expected label: 0.7542578125
calculating influence -- done
 65.05% | time: 141.3s ( 69.8m) | step:   5148 | train acc: 1.000 | train loss: 0.000 |val acc: 0.761 (0.791, 0.713) | val eop gap: 0.0902
Files already downloaded and verified
3255 labeled samples and 159515 unlabeled samples. Total: 162770
Use 3255 samples. Get 3255 labels. Ratio: 1.0
 67.58% | time:  51.3s ( 70.6m) | step:   5348 | train acc: 1.000 | train loss: 0.000 |test acc: 0.761 (0.791, 0.713) | test eop gap: 0.0595
begin calculating influence
[Strategy 5] Acc of expected label: 0.7562109375
calculating influence -- done
 67.58% | time: 141.2s ( 73.0m) | step:   5348 | train acc: 1.000 | train loss: 0.000 |val acc: 0.763 (0.792, 0.718) | val eop gap: 0.0894
Files already downloaded and verified
3255 labeled samples and 159515 unlabeled samples. Total: 162770
Use 3255 samples. Get 3255 labels. Ratio: 1.0
Epoch 7
 72.52% | time:  84.9s ( 74.4m) | step:   5739 | train acc: 1.000 | train loss: 0.000 |test acc: 0.759 (0.788, 0.712) | test eop gap: 0.0660
begin calculating influence
[Strategy 5] Acc of expected label: 0.75484375
calculating influence -- done
 72.52% | time: 141.1s ( 76.8m) | step:   5739 | train acc: 1.000 | train loss: 0.000 |val acc: 0.760 (0.791, 0.712) | val eop gap: 0.0898
Files already downloaded and verified
3255 labeled samples and 159515 unlabeled samples. Total: 162770
Use 3255 samples. Get 3255 labels. Ratio: 1.0
 75.04% | time:  52.2s ( 77.6m) | step:   5939 | train acc: 1.000 | train loss: 0.000 |test acc: 0.760 (0.790, 0.714) | test eop gap: 0.0630
begin calculating influence
[Strategy 5] Acc of expected label: 0.7565234375
calculating influence -- done
 75.04% | time: 141.0s ( 80.0m) | step:   5939 | train acc: 1.000 | train loss: 0.000 |val acc: 0.762 (0.792, 0.716) | val eop gap: 0.0758
Files already downloaded and verified
3255 labeled samples and 159515 unlabeled samples. Total: 162770
Use 3255 samples. Get 3255 labels. Ratio: 1.0
 77.57% | time:  52.1s ( 80.8m) | step:   6139 | train acc: 1.000 | train loss: 0.000 |test acc: 0.758 (0.787, 0.712) | test eop gap: 0.0670
begin calculating influence
[Strategy 5] Acc of expected label: 0.7516015625
calculating influence -- done
 77.57% | time: 141.2s ( 83.2m) | step:   6139 | train acc: 1.000 | train loss: 0.000 |val acc: 0.758 (0.787, 0.712) | val eop gap: 0.0997
Files already downloaded and verified
3255 labeled samples and 159515 unlabeled samples. Total: 162770
Use 3255 samples. Get 3255 labels. Ratio: 1.0
Epoch 8
 82.52% | time:  83.4s ( 84.6m) | step:   6531 | train acc: 1.000 | train loss: 0.000 |test acc: 0.759 (0.788, 0.712) | test eop gap: 0.0660
begin calculating influence
[Strategy 5] Acc of expected label: 0.7550390625
calculating influence -- done
 82.52% | time: 141.1s ( 86.9m) | step:   6531 | train acc: 1.000 | train loss: 0.000 |val acc: 0.760 (0.789, 0.713) | val eop gap: 0.0946
Files already downloaded and verified
3255 labeled samples and 159515 unlabeled samples. Total: 162770
Use 3255 samples. Get 3255 labels. Ratio: 1.0
 85.05% | time:  51.6s ( 87.8m) | step:   6731 | train acc: 1.000 | train loss: 0.000 |test acc: 0.759 (0.788, 0.712) | test eop gap: 0.0662
begin calculating influence
[Strategy 5] Acc of expected label: 0.750390625
calculating influence -- done
 85.05% | time: 141.2s ( 90.2m) | step:   6731 | train acc: 1.000 | train loss: 0.000 |val acc: 0.760 (0.789, 0.713) | val eop gap: 0.1040
Files already downloaded and verified
3255 labeled samples and 159515 unlabeled samples. Total: 162770
Use 3255 samples. Get 3255 labels. Ratio: 1.0
 87.58% | time:  52.6s ( 91.0m) | step:   6931 | train acc: 1.000 | train loss: 0.000 |test acc: 0.760 (0.789, 0.713) | test eop gap: 0.0653
begin calculating influence
[Strategy 5] Acc of expected label: 0.7528515625
calculating influence -- done
 87.58% | time: 141.1s ( 93.4m) | step:   6931 | train acc: 1.000 | train loss: 0.000 |val acc: 0.761 (0.791, 0.713) | val eop gap: 0.0803
Files already downloaded and verified
3255 labeled samples and 159515 unlabeled samples. Total: 162770
Use 3255 samples. Get 3255 labels. Ratio: 1.0
Epoch 9
 92.52% | time:  82.8s ( 94.8m) | step:   7322 | train acc: 1.000 | train loss: 0.000 |test acc: 0.759 (0.788, 0.712) | test eop gap: 0.0661
begin calculating influence
[Strategy 5] Acc of expected label: 0.749921875
calculating influence -- done
 92.52% | time: 141.2s ( 97.1m) | step:   7322 | train acc: 1.000 | train loss: 0.000 |val acc: 0.760 (0.790, 0.712) | val eop gap: 0.0898
Files already downloaded and verified
3255 labeled samples and 159515 unlabeled samples. Total: 162770
Use 3255 samples. Get 3255 labels. Ratio: 1.0
 95.05% | time:  51.5s ( 98.0m) | step:   7522 | train acc: 1.000 | train loss: 0.000 |test acc: 0.759 (0.788, 0.712) | test eop gap: 0.0670
begin calculating influence
[Strategy 5] Acc of expected label: 0.754609375
calculating influence -- done
 95.05% | time: 141.2s (100.3m) | step:   7522 | train acc: 1.000 | train loss: 0.000 |val acc: 0.760 (0.790, 0.713) | val eop gap: 0.0898
Files already downloaded and verified
3255 labeled samples and 159515 unlabeled samples. Total: 162770
Use 3255 samples. Get 3255 labels. Ratio: 1.0
 97.57% | time:  51.5s (101.2m) | step:   7722 | train acc: 1.000 | train loss: 0.000 |test acc: 0.759 (0.789, 0.713) | test eop gap: 0.0659
begin calculating influence
[Strategy 5] Acc of expected label: 0.7537890625
calculating influence -- done
 97.57% | time: 141.2s (103.5m) | step:   7722 | train acc: 1.000 | train loss: 0.000 |val acc: 0.760 (0.790, 0.713) | val eop gap: 0.0898
Files already downloaded and verified
3255 labeled samples and 159515 unlabeled samples. Total: 162770
Use 3255 samples. Get 3255 labels. Ratio: 1.0
