Files already downloaded and verified
3255 labeled samples and 159515 unlabeled samples. Total: 162770
Files already downloaded and verified
1996 labeled samples and 17966 unlabeled samples. Total: 19962
Numer of layers 62
train net...
Epoch 0
  2.53% | time:  86.5s (  1.4m) | step:    200 | train acc: 1.000 | train loss: 0.000 |test acc: 0.782 (0.873, 0.636) | test eop gap: 0.2668
begin calculating influence
selected layers: [Traced<ShapedArray(float32[2])>with<DynamicJaxprTrace(level=0/1)>, Traced<ShapedArray(float32[512,2])>with<DynamicJaxprTrace(level=0/1)>]
selected layers: [Traced<ShapedArray(float32[2])>with<DynamicJaxprTrace(level=0/1)>, Traced<ShapedArray(float32[512,2])>with<DynamicJaxprTrace(level=0/1)>]
[Strategy 2] Acc of expected label: 0.7634765625
calculating influence -- done
  2.53% | time:  38.5s (  2.1m) | step:    200 | train acc: 1.000 | train loss: 0.000 |val acc: 0.781 (0.874, 0.634) | val eop gap: 0.2379
Files already downloaded and verified
3255 labeled samples and 159515 unlabeled samples. Total: 162770
Use 3255 samples. Get 3255 labels. Ratio: 1.0
  5.05% | time:  52.7s (  3.0m) | step:    400 | train acc: 1.000 | train loss: 0.000 |test acc: 0.779 (0.872, 0.631) | test eop gap: 0.2759
begin calculating influence
[Strategy 2] Acc of expected label: 0.768125
calculating influence -- done
  5.05% | time:  17.7s (  3.3m) | step:    400 | train acc: 1.000 | train loss: 0.000 |val acc: 0.780 (0.870, 0.640) | val eop gap: 0.2512
Files already downloaded and verified
3255 labeled samples and 159515 unlabeled samples. Total: 162770
Use 3255 samples. Get 3255 labels. Ratio: 1.0
  7.58% | time:  53.6s (  4.1m) | step:    600 | train acc: 1.000 | train loss: 0.000 |test acc: 0.782 (0.875, 0.633) | test eop gap: 0.2703
begin calculating influence
[Strategy 2] Acc of expected label: 0.76484375
calculating influence -- done
  7.58% | time:  17.5s (  4.4m) | step:    600 | train acc: 1.000 | train loss: 0.000 |val acc: 0.781 (0.870, 0.640) | val eop gap: 0.2515
Files already downloaded and verified
3255 labeled samples and 159515 unlabeled samples. Total: 162770
Use 3255 samples. Get 3255 labels. Ratio: 1.0
Epoch 1
 12.52% | time:  85.2s (  5.9m) | step:    991 | train acc: 1.000 | train loss: 0.000 |test acc: 0.782 (0.875, 0.633) | test eop gap: 0.2726
begin calculating influence
[Strategy 2] Acc of expected label: 0.7659375
calculating influence -- done
 12.52% | time:  17.5s (  6.2m) | step:    991 | train acc: 1.000 | train loss: 0.000 |val acc: 0.781 (0.870, 0.642) | val eop gap: 0.2554
Files already downloaded and verified
3255 labeled samples and 159515 unlabeled samples. Total: 162770
Use 3255 samples. Get 3255 labels. Ratio: 1.0
 15.05% | time:  51.9s (  7.0m) | step:   1191 | train acc: 1.000 | train loss: 0.000 |test acc: 0.781 (0.874, 0.634) | test eop gap: 0.2758
begin calculating influence
[Strategy 2] Acc of expected label: 0.767265625
calculating influence -- done
 15.05% | time:  17.3s (  7.3m) | step:   1191 | train acc: 1.000 | train loss: 0.000 |val acc: 0.780 (0.869, 0.641) | val eop gap: 0.2624
Files already downloaded and verified
3255 labeled samples and 159515 unlabeled samples. Total: 162770
Use 3255 samples. Get 3255 labels. Ratio: 1.0
 17.58% | time:  52.6s (  8.2m) | step:   1391 | train acc: 1.000 | train loss: 0.000 |test acc: 0.779 (0.872, 0.631) | test eop gap: 0.2805
begin calculating influence
[Strategy 2] Acc of expected label: 0.7631640625
calculating influence -- done
 17.58% | time:  17.3s (  8.5m) | step:   1391 | train acc: 1.000 | train loss: 0.000 |val acc: 0.780 (0.868, 0.641) | val eop gap: 0.2655
Files already downloaded and verified
3255 labeled samples and 159515 unlabeled samples. Total: 162770
Use 3255 samples. Get 3255 labels. Ratio: 1.0
Epoch 2
 22.52% | time:  83.6s (  9.9m) | step:   1782 | train acc: 1.000 | train loss: 0.000 |test acc: 0.779 (0.872, 0.632) | test eop gap: 0.2799
begin calculating influence
[Strategy 2] Acc of expected label: 0.763984375
calculating influence -- done
 22.52% | time:  17.5s ( 10.2m) | step:   1782 | train acc: 1.000 | train loss: 0.000 |val acc: 0.780 (0.869, 0.641) | val eop gap: 0.2547
Files already downloaded and verified
3255 labeled samples and 159515 unlabeled samples. Total: 162770
Use 3255 samples. Get 3255 labels. Ratio: 1.0
 25.04% | time:  52.8s ( 11.0m) | step:   1982 | train acc: 1.000 | train loss: 0.000 |test acc: 0.780 (0.873, 0.632) | test eop gap: 0.2768
begin calculating influence
[Strategy 2] Acc of expected label: 0.765390625
calculating influence -- done
 25.04% | time:  20.1s ( 11.4m) | step:   1982 | train acc: 1.000 | train loss: 0.000 |val acc: 0.780 (0.868, 0.642) | val eop gap: 0.2732
Files already downloaded and verified
3255 labeled samples and 159515 unlabeled samples. Total: 162770
Use 3255 samples. Get 3255 labels. Ratio: 1.0
 27.57% | time:  53.6s ( 12.3m) | step:   2182 | train acc: 1.000 | train loss: 0.000 |test acc: 0.780 (0.873, 0.633) | test eop gap: 0.2773
begin calculating influence
[Strategy 2] Acc of expected label: 0.7653515625
calculating influence -- done
 27.57% | time:  19.2s ( 12.6m) | step:   2182 | train acc: 1.000 | train loss: 0.000 |val acc: 0.780 (0.869, 0.641) | val eop gap: 0.2662
Files already downloaded and verified
3255 labeled samples and 159515 unlabeled samples. Total: 162770
Use 3255 samples. Get 3255 labels. Ratio: 1.0
Epoch 3
 32.52% | time:  84.1s ( 14.0m) | step:   2574 | train acc: 1.000 | train loss: 0.000 |test acc: 0.781 (0.874, 0.634) | test eop gap: 0.2774
begin calculating influence
[Strategy 2] Acc of expected label: 0.7660546875
calculating influence -- done
 32.52% | time:  18.6s ( 14.3m) | step:   2574 | train acc: 1.000 | train loss: 0.000 |val acc: 0.781 (0.870, 0.641) | val eop gap: 0.2697
Files already downloaded and verified
3255 labeled samples and 159515 unlabeled samples. Total: 162770
Use 3255 samples. Get 3255 labels. Ratio: 1.0
 35.05% | time:  52.2s ( 15.2m) | step:   2774 | train acc: 1.000 | train loss: 0.000 |test acc: 0.779 (0.873, 0.631) | test eop gap: 0.2782
begin calculating influence
[Strategy 2] Acc of expected label: 0.7659375
calculating influence -- done
 35.05% | time:  18.0s ( 15.5m) | step:   2774 | train acc: 1.000 | train loss: 0.000 |val acc: 0.779 (0.866, 0.642) | val eop gap: 0.2764
Files already downloaded and verified
3255 labeled samples and 159515 unlabeled samples. Total: 162770
Use 3255 samples. Get 3255 labels. Ratio: 1.0
 37.58% | time:  53.5s ( 16.4m) | step:   2974 | train acc: 1.000 | train loss: 0.000 |test acc: 0.779 (0.872, 0.631) | test eop gap: 0.2808
begin calculating influence
[Strategy 2] Acc of expected label: 0.7684765625
calculating influence -- done
 37.58% | time:  20.9s ( 16.7m) | step:   2974 | train acc: 1.000 | train loss: 0.000 |val acc: 0.781 (0.868, 0.644) | val eop gap: 0.2690
Files already downloaded and verified
3255 labeled samples and 159515 unlabeled samples. Total: 162770
Use 3255 samples. Get 3255 labels. Ratio: 1.0
Epoch 4
 42.52% | time:  85.1s ( 18.1m) | step:   3365 | train acc: 1.000 | train loss: 0.000 |test acc: 0.780 (0.873, 0.632) | test eop gap: 0.2779
begin calculating influence
[Strategy 2] Acc of expected label: 0.7633203125
calculating influence -- done
 42.52% | time:  21.6s ( 18.5m) | step:   3365 | train acc: 1.000 | train loss: 0.000 |val acc: 0.781 (0.869, 0.642) | val eop gap: 0.2694
Files already downloaded and verified
3255 labeled samples and 159515 unlabeled samples. Total: 162770
Use 3255 samples. Get 3255 labels. Ratio: 1.0
 45.05% | time:  52.9s ( 19.4m) | step:   3565 | train acc: 1.000 | train loss: 0.000 |test acc: 0.781 (0.874, 0.633) | test eop gap: 0.2759
begin calculating influence
[Strategy 2] Acc of expected label: 0.76328125
calculating influence -- done
 45.05% | time:  20.6s ( 19.7m) | step:   3565 | train acc: 1.000 | train loss: 0.000 |val acc: 0.782 (0.870, 0.644) | val eop gap: 0.2732
Files already downloaded and verified
3255 labeled samples and 159515 unlabeled samples. Total: 162770
Use 3255 samples. Get 3255 labels. Ratio: 1.0
 47.57% | time:  57.4s ( 20.7m) | step:   3765 | train acc: 1.000 | train loss: 0.000 |test acc: 0.778 (0.871, 0.631) | test eop gap: 0.2831
begin calculating influence
[Strategy 2] Acc of expected label: 0.7634765625
calculating influence -- done
 47.57% | time:  19.7s ( 21.0m) | step:   3765 | train acc: 1.000 | train loss: 0.000 |val acc: 0.779 (0.867, 0.641) | val eop gap: 0.2760
Files already downloaded and verified
3255 labeled samples and 159515 unlabeled samples. Total: 162770
Use 3255 samples. Get 3255 labels. Ratio: 1.0
Epoch 5
 52.53% | time:  87.6s ( 22.4m) | step:   4157 | train acc: 1.000 | train loss: 0.000 |test acc: 0.777 (0.869, 0.631) | test eop gap: 0.2851
begin calculating influence
[Strategy 2] Acc of expected label: 0.7661328125
calculating influence -- done
 52.53% | time:  17.9s ( 22.7m) | step:   4157 | train acc: 1.000 | train loss: 0.000 |val acc: 0.777 (0.865, 0.637) | val eop gap: 0.2687
Files already downloaded and verified
3255 labeled samples and 159515 unlabeled samples. Total: 162770
Use 3255 samples. Get 3255 labels. Ratio: 1.0
 55.05% | time:  57.3s ( 23.7m) | step:   4357 | train acc: 1.000 | train loss: 0.000 |test acc: 0.780 (0.873, 0.632) | test eop gap: 0.2778
begin calculating influence
[Strategy 2] Acc of expected label: 0.762109375
calculating influence -- done
 55.05% | time:  18.1s ( 24.0m) | step:   4357 | train acc: 1.000 | train loss: 0.000 |val acc: 0.780 (0.867, 0.644) | val eop gap: 0.2767
Files already downloaded and verified
3255 labeled samples and 159515 unlabeled samples. Total: 162770
Use 3255 samples. Get 3255 labels. Ratio: 1.0
 57.58% | time:  55.4s ( 24.9m) | step:   4557 | train acc: 1.000 | train loss: 0.000 |test acc: 0.780 (0.873, 0.632) | test eop gap: 0.2767
begin calculating influence
[Strategy 2] Acc of expected label: 0.7637890625
calculating influence -- done
 57.58% | time:  20.6s ( 25.3m) | step:   4557 | train acc: 1.000 | train loss: 0.000 |val acc: 0.781 (0.870, 0.642) | val eop gap: 0.2659
Files already downloaded and verified
3255 labeled samples and 159515 unlabeled samples. Total: 162770
Use 3255 samples. Get 3255 labels. Ratio: 1.0
Epoch 6
 62.52% | time:  89.5s ( 26.8m) | step:   4948 | train acc: 1.000 | train loss: 0.000 |test acc: 0.779 (0.873, 0.631) | test eop gap: 0.2797
begin calculating influence
[Strategy 2] Acc of expected label: 0.766796875
calculating influence -- done
 62.52% | time:  20.7s ( 27.1m) | step:   4948 | train acc: 1.000 | train loss: 0.000 |val acc: 0.781 (0.867, 0.645) | val eop gap: 0.2690
Files already downloaded and verified
3255 labeled samples and 159515 unlabeled samples. Total: 162770
Use 3255 samples. Get 3255 labels. Ratio: 1.0
 65.05% | time:  54.5s ( 28.0m) | step:   5148 | train acc: 1.000 | train loss: 0.000 |test acc: 0.780 (0.873, 0.632) | test eop gap: 0.2807
begin calculating influence
[Strategy 2] Acc of expected label: 0.7625390625
calculating influence -- done
 65.05% | time:  19.1s ( 28.3m) | step:   5148 | train acc: 1.000 | train loss: 0.000 |val acc: 0.784 (0.870, 0.647) | val eop gap: 0.2652
Files already downloaded and verified
3259 labeled samples and 159511 unlabeled samples. Total: 162770
Use 3259 samples. Get 3270 labels. Ratio: 0.9966360856269113
 67.58% | time:  62.1s ( 29.4m) | step:   5348 | train acc: 1.000 | train loss: 0.000 |test acc: 0.780 (0.873, 0.631) | test eop gap: 0.2858
begin calculating influence
[Strategy 2] Acc of expected label: 0.76515625
calculating influence -- done
 67.58% | time:  18.5s ( 29.7m) | step:   5348 | train acc: 1.000 | train loss: 0.000 |val acc: 0.780 (0.870, 0.640) | val eop gap: 0.2879
Files already downloaded and verified
3259 labeled samples and 159511 unlabeled samples. Total: 162770
Use 3259 samples. Get 3270 labels. Ratio: 0.9966360856269113
Epoch 7
 72.52% | time:  85.2s ( 31.1m) | step:   5739 | train acc: 1.000 | train loss: 0.000 |test acc: 0.778 (0.873, 0.629) | test eop gap: 0.2806
begin calculating influence
[Strategy 2] Acc of expected label: 0.7643359375
calculating influence -- done
 72.52% | time:  18.3s ( 31.4m) | step:   5739 | train acc: 1.000 | train loss: 0.000 |val acc: 0.780 (0.869, 0.640) | val eop gap: 0.2841
Files already downloaded and verified
3259 labeled samples and 159511 unlabeled samples. Total: 162770
Use 3259 samples. Get 3270 labels. Ratio: 0.9966360856269113
 75.04% | time:  54.2s ( 32.3m) | step:   5939 | train acc: 1.000 | train loss: 0.000 |test acc: 0.778 (0.872, 0.630) | test eop gap: 0.2854
begin calculating influence
[Strategy 2] Acc of expected label: 0.7669921875
calculating influence -- done
 75.04% | time:  18.3s ( 32.6m) | step:   5939 | train acc: 1.000 | train loss: 0.000 |val acc: 0.781 (0.869, 0.642) | val eop gap: 0.2876
Files already downloaded and verified
3259 labeled samples and 159511 unlabeled samples. Total: 162770
Use 3259 samples. Get 3270 labels. Ratio: 0.9966360856269113
 77.57% | time:  55.6s ( 33.5m) | step:   6139 | train acc: 1.000 | train loss: 0.000 |test acc: 0.778 (0.871, 0.630) | test eop gap: 0.2832
begin calculating influence
[Strategy 2] Acc of expected label: 0.762109375
calculating influence -- done
 77.57% | time:  18.4s ( 33.8m) | step:   6139 | train acc: 1.000 | train loss: 0.000 |val acc: 0.782 (0.869, 0.645) | val eop gap: 0.2876
Files already downloaded and verified
3259 labeled samples and 159511 unlabeled samples. Total: 162770
Use 3259 samples. Get 3270 labels. Ratio: 0.9966360856269113
Epoch 8
 82.52% | time:  88.2s ( 35.3m) | step:   6531 | train acc: 1.000 | train loss: 0.000 |test acc: 0.777 (0.871, 0.629) | test eop gap: 0.2865
begin calculating influence
[Strategy 2] Acc of expected label: 0.762890625
calculating influence -- done
 82.52% | time:  19.0s ( 35.6m) | step:   6531 | train acc: 1.000 | train loss: 0.000 |val acc: 0.780 (0.869, 0.640) | val eop gap: 0.2876
Files already downloaded and verified
3259 labeled samples and 159511 unlabeled samples. Total: 162770
Use 3259 samples. Get 3270 labels. Ratio: 0.9966360856269113
 85.05% | time:  53.6s ( 36.5m) | step:   6731 | train acc: 1.000 | train loss: 0.000 |test acc: 0.778 (0.871, 0.629) | test eop gap: 0.2849
begin calculating influence
[Strategy 2] Acc of expected label: 0.7640625
calculating influence -- done
 85.05% | time:  18.3s ( 36.8m) | step:   6731 | train acc: 1.000 | train loss: 0.000 |val acc: 0.781 (0.869, 0.642) | val eop gap: 0.2876
Files already downloaded and verified
3259 labeled samples and 159511 unlabeled samples. Total: 162770
Use 3259 samples. Get 3270 labels. Ratio: 0.9966360856269113
 87.58% | time:  55.2s ( 37.8m) | step:   6931 | train acc: 1.000 | train loss: 0.000 |test acc: 0.776 (0.871, 0.627) | test eop gap: 0.2864
begin calculating influence
[Strategy 2] Acc of expected label: 0.7643359375
calculating influence -- done
 87.58% | time:  18.1s ( 38.1m) | step:   6931 | train acc: 1.000 | train loss: 0.000 |val acc: 0.780 (0.868, 0.641) | val eop gap: 0.2837
Files already downloaded and verified
3259 labeled samples and 159511 unlabeled samples. Total: 162770
Use 3259 samples. Get 3270 labels. Ratio: 0.9966360856269113
Epoch 9
 92.52% | time:  88.6s ( 39.5m) | step:   7322 | train acc: 1.000 | train loss: 0.000 |test acc: 0.777 (0.870, 0.628) | test eop gap: 0.2858
begin calculating influence
[Strategy 2] Acc of expected label: 0.7619921875
calculating influence -- done
 92.52% | time:  18.5s ( 39.8m) | step:   7322 | train acc: 1.000 | train loss: 0.000 |val acc: 0.780 (0.869, 0.640) | val eop gap: 0.2764
Files already downloaded and verified
3259 labeled samples and 159511 unlabeled samples. Total: 162770
Use 3259 samples. Get 3270 labels. Ratio: 0.9966360856269113
 95.05% | time:  55.1s ( 40.8m) | step:   7522 | train acc: 1.000 | train loss: 0.000 |test acc: 0.779 (0.872, 0.631) | test eop gap: 0.2849
begin calculating influence
[Strategy 2] Acc of expected label: 0.765625
calculating influence -- done
 95.05% | time:  18.0s ( 41.1m) | step:   7522 | train acc: 1.000 | train loss: 0.000 |val acc: 0.782 (0.870, 0.644) | val eop gap: 0.2911
Files already downloaded and verified
3259 labeled samples and 159511 unlabeled samples. Total: 162770
Use 3259 samples. Get 3270 labels. Ratio: 0.9966360856269113
 97.57% | time:  58.8s ( 42.0m) | step:   7722 | train acc: 1.000 | train loss: 0.000 |test acc: 0.779 (0.872, 0.630) | test eop gap: 0.2825
begin calculating influence
[Strategy 2] Acc of expected label: 0.7626171875
calculating influence -- done
 97.57% | time:  22.0s ( 42.4m) | step:   7722 | train acc: 1.000 | train loss: 0.000 |val acc: 0.780 (0.868, 0.641) | val eop gap: 0.2802
Files already downloaded and verified
3259 labeled samples and 159511 unlabeled samples. Total: 162770
Use 3259 samples. Get 3270 labels. Ratio: 0.9966360856269113
