Files already downloaded and verified
3255 labeled samples and 159515 unlabeled samples. Total: 162770
Files already downloaded and verified
1996 labeled samples and 17966 unlabeled samples. Total: 19962
Numer of layers 62
train net...
Epoch 0
  2.53% | time:  87.2s (  1.5m) | step:    200 | train acc: 1.000 | train loss: 0.000 |test acc: 0.782 (0.873, 0.637) | test eod gap: 0.2486
begin calculating influence
selected layers: [Traced<ShapedArray(float32[2])>with<DynamicJaxprTrace(level=0/1)>, Traced<ShapedArray(float32[512,2])>with<DynamicJaxprTrace(level=0/1)>]
selected layers: [Traced<ShapedArray(float32[2])>with<DynamicJaxprTrace(level=0/1)>, Traced<ShapedArray(float32[512,2])>with<DynamicJaxprTrace(level=0/1)>]
[Strategy 5] Acc of expected label: 0.7673828125
calculating influence -- done
  2.53% | time:  36.2s (  2.1m) | step:    200 | train acc: 1.000 | train loss: 0.000 |val acc: 0.782 (0.865, 0.651) | val eod gap: 0.2150
Files already downloaded and verified
3255 labeled samples and 159515 unlabeled samples. Total: 162770
Use 3255 samples. Get 3255 labels. Ratio: 1.0
  5.05% | time:  52.0s (  2.9m) | step:    400 | train acc: 1.000 | train loss: 0.000 |test acc: 0.783 (0.874, 0.638) | test eod gap: 0.2398
begin calculating influence
[Strategy 5] Acc of expected label: 0.767265625
calculating influence -- done
  5.05% | time:  19.7s (  3.3m) | step:    400 | train acc: 1.000 | train loss: 0.000 |val acc: 0.782 (0.865, 0.653) | val eod gap: 0.2168
Files already downloaded and verified
3255 labeled samples and 159515 unlabeled samples. Total: 162770
Use 3255 samples. Get 3255 labels. Ratio: 1.0
  7.58% | time:  52.2s (  4.1m) | step:    600 | train acc: 1.000 | train loss: 0.000 |test acc: 0.786 (0.877, 0.641) | test eod gap: 0.2351
begin calculating influence
[Strategy 5] Acc of expected label: 0.767265625
calculating influence -- done
  7.58% | time:  20.2s (  4.5m) | step:    600 | train acc: 1.000 | train loss: 0.000 |val acc: 0.785 (0.868, 0.654) | val eod gap: 0.2065
Files already downloaded and verified
3255 labeled samples and 159515 unlabeled samples. Total: 162770
Use 3255 samples. Get 3255 labels. Ratio: 1.0
Epoch 1
 12.52% | time:  83.4s (  5.8m) | step:    991 | train acc: 1.000 | train loss: 0.000 |test acc: 0.785 (0.876, 0.640) | test eod gap: 0.2365
begin calculating influence
[Strategy 5] Acc of expected label: 0.7670703125
calculating influence -- done
 12.52% | time:  17.2s (  6.1m) | step:    991 | train acc: 1.000 | train loss: 0.000 |val acc: 0.785 (0.868, 0.655) | val eod gap: 0.2097
Files already downloaded and verified
3255 labeled samples and 159515 unlabeled samples. Total: 162770
Use 3255 samples. Get 3255 labels. Ratio: 1.0
 15.05% | time:  52.3s (  7.0m) | step:   1191 | train acc: 1.000 | train loss: 0.000 |test acc: 0.784 (0.875, 0.638) | test eod gap: 0.2384
begin calculating influence
[Strategy 5] Acc of expected label: 0.77046875
calculating influence -- done
 15.05% | time:  18.9s (  7.3m) | step:   1191 | train acc: 1.000 | train loss: 0.000 |val acc: 0.786 (0.869, 0.656) | val eod gap: 0.2078
Files already downloaded and verified
3255 labeled samples and 159515 unlabeled samples. Total: 162770
Use 3255 samples. Get 3255 labels. Ratio: 1.0
 17.58% | time:  51.2s (  8.2m) | step:   1391 | train acc: 1.000 | train loss: 0.000 |test acc: 0.782 (0.874, 0.636) | test eod gap: 0.2420
begin calculating influence
[Strategy 5] Acc of expected label: 0.766015625
calculating influence -- done
 17.58% | time:  20.0s (  8.5m) | step:   1391 | train acc: 1.000 | train loss: 0.000 |val acc: 0.782 (0.865, 0.651) | val eod gap: 0.2155
Files already downloaded and verified
3255 labeled samples and 159515 unlabeled samples. Total: 162770
Use 3255 samples. Get 3255 labels. Ratio: 1.0
Epoch 2
 22.52% | time:  83.1s (  9.9m) | step:   1782 | train acc: 1.000 | train loss: 0.000 |test acc: 0.783 (0.875, 0.636) | test eod gap: 0.2404
begin calculating influence
[Strategy 5] Acc of expected label: 0.766953125
calculating influence -- done
 22.52% | time:  19.1s ( 10.2m) | step:   1782 | train acc: 1.000 | train loss: 0.000 |val acc: 0.786 (0.869, 0.655) | val eod gap: 0.2074
Files already downloaded and verified
3255 labeled samples and 159515 unlabeled samples. Total: 162770
Use 3255 samples. Get 3255 labels. Ratio: 1.0
 25.04% | time:  51.0s ( 11.1m) | step:   1982 | train acc: 1.000 | train loss: 0.000 |test acc: 0.784 (0.876, 0.639) | test eod gap: 0.2378
begin calculating influence
[Strategy 5] Acc of expected label: 0.7707421875
calculating influence -- done
 25.04% | time:  19.4s ( 11.4m) | step:   1982 | train acc: 1.000 | train loss: 0.000 |val acc: 0.785 (0.869, 0.654) | val eod gap: 0.2070
Files already downloaded and verified
3255 labeled samples and 159515 unlabeled samples. Total: 162770
Use 3255 samples. Get 3255 labels. Ratio: 1.0
 27.57% | time:  52.6s ( 12.3m) | step:   2182 | train acc: 1.000 | train loss: 0.000 |test acc: 0.784 (0.876, 0.638) | test eod gap: 0.2387
begin calculating influence
[Strategy 5] Acc of expected label: 0.7685546875
calculating influence -- done
 27.57% | time:  19.9s ( 12.6m) | step:   2182 | train acc: 1.000 | train loss: 0.000 |val acc: 0.785 (0.868, 0.655) | val eod gap: 0.2083
Files already downloaded and verified
3255 labeled samples and 159515 unlabeled samples. Total: 162770
Use 3255 samples. Get 3255 labels. Ratio: 1.0
Epoch 3
 32.52% | time:  83.5s ( 14.0m) | step:   2574 | train acc: 1.000 | train loss: 0.000 |test acc: 0.784 (0.876, 0.638) | test eod gap: 0.2364
begin calculating influence
[Strategy 5] Acc of expected label: 0.766953125
calculating influence -- done
 32.52% | time:  17.3s ( 14.3m) | step:   2574 | train acc: 1.000 | train loss: 0.000 |val acc: 0.784 (0.869, 0.651) | val eod gap: 0.2063
Files already downloaded and verified
3255 labeled samples and 159515 unlabeled samples. Total: 162770
Use 3255 samples. Get 3255 labels. Ratio: 1.0
 35.05% | time:  51.7s ( 15.1m) | step:   2774 | train acc: 1.000 | train loss: 0.000 |test acc: 0.783 (0.874, 0.637) | test eod gap: 0.2414
begin calculating influence
[Strategy 5] Acc of expected label: 0.766953125
calculating influence -- done
 35.05% | time:  18.7s ( 15.5m) | step:   2774 | train acc: 1.000 | train loss: 0.000 |val acc: 0.784 (0.868, 0.651) | val eod gap: 0.2169
Files already downloaded and verified
3255 labeled samples and 159515 unlabeled samples. Total: 162770
Use 3255 samples. Get 3255 labels. Ratio: 1.0
 37.58% | time:  51.7s ( 16.3m) | step:   2974 | train acc: 1.000 | train loss: 0.000 |test acc: 0.783 (0.875, 0.636) | test eod gap: 0.2403
begin calculating influence
[Strategy 5] Acc of expected label: 0.7705859375
calculating influence -- done
 37.58% | time:  19.8s ( 16.6m) | step:   2974 | train acc: 1.000 | train loss: 0.000 |val acc: 0.784 (0.867, 0.654) | val eod gap: 0.2075
Files already downloaded and verified
3255 labeled samples and 159515 unlabeled samples. Total: 162770
Use 3255 samples. Get 3255 labels. Ratio: 1.0
Epoch 4
 42.52% | time:  83.8s ( 18.0m) | step:   3365 | train acc: 1.000 | train loss: 0.000 |test acc: 0.783 (0.875, 0.637) | test eod gap: 0.2399
begin calculating influence
[Strategy 5] Acc of expected label: 0.7687109375
calculating influence -- done
 42.52% | time:  21.4s ( 18.4m) | step:   3365 | train acc: 1.000 | train loss: 0.000 |val acc: 0.785 (0.869, 0.654) | val eod gap: 0.2084
Files already downloaded and verified
3255 labeled samples and 159515 unlabeled samples. Total: 162770
Use 3255 samples. Get 3255 labels. Ratio: 1.0
 45.05% | time:  51.9s ( 19.3m) | step:   3565 | train acc: 1.000 | train loss: 0.000 |test acc: 0.784 (0.875, 0.638) | test eod gap: 0.2388
begin calculating influence
[Strategy 5] Acc of expected label: 0.7655859375
calculating influence -- done
 45.05% | time:  19.2s ( 19.6m) | step:   3565 | train acc: 1.000 | train loss: 0.000 |val acc: 0.785 (0.869, 0.653) | val eod gap: 0.2094
Files already downloaded and verified
3255 labeled samples and 159515 unlabeled samples. Total: 162770
Use 3255 samples. Get 3255 labels. Ratio: 1.0
 47.57% | time:  51.7s ( 20.4m) | step:   3765 | train acc: 1.000 | train loss: 0.000 |test acc: 0.781 (0.873, 0.635) | test eod gap: 0.2446
begin calculating influence
[Strategy 5] Acc of expected label: 0.764609375
calculating influence -- done
 47.57% | time:  19.6s ( 20.8m) | step:   3765 | train acc: 1.000 | train loss: 0.000 |val acc: 0.781 (0.865, 0.649) | val eod gap: 0.2157
Files already downloaded and verified
3255 labeled samples and 159515 unlabeled samples. Total: 162770
Use 3255 samples. Get 3255 labels. Ratio: 1.0
Epoch 5
 52.53% | time:  82.7s ( 22.1m) | step:   4157 | train acc: 1.000 | train loss: 0.000 |test acc: 0.780 (0.872, 0.635) | test eod gap: 0.2479
begin calculating influence
[Strategy 5] Acc of expected label: 0.768828125
calculating influence -- done
 52.53% | time:  19.9s ( 22.5m) | step:   4157 | train acc: 1.000 | train loss: 0.000 |val acc: 0.780 (0.864, 0.649) | val eod gap: 0.2180
Files already downloaded and verified
3255 labeled samples and 159515 unlabeled samples. Total: 162770
Use 3255 samples. Get 3255 labels. Ratio: 1.0
 55.05% | time:  51.4s ( 23.3m) | step:   4357 | train acc: 1.000 | train loss: 0.000 |test acc: 0.783 (0.875, 0.638) | test eod gap: 0.2383
begin calculating influence
[Strategy 5] Acc of expected label: 0.7695703125
calculating influence -- done
 55.05% | time:  17.5s ( 23.6m) | step:   4357 | train acc: 1.000 | train loss: 0.000 |val acc: 0.784 (0.868, 0.653) | val eod gap: 0.2131
Files already downloaded and verified
3255 labeled samples and 159515 unlabeled samples. Total: 162770
Use 3255 samples. Get 3255 labels. Ratio: 1.0
 57.58% | time:  53.7s ( 24.5m) | step:   4557 | train acc: 1.000 | train loss: 0.000 |test acc: 0.784 (0.876, 0.637) | test eod gap: 0.2375
begin calculating influence
[Strategy 5] Acc of expected label: 0.7668359375
calculating influence -- done
 57.58% | time:  21.3s ( 24.9m) | step:   4557 | train acc: 1.000 | train loss: 0.000 |val acc: 0.784 (0.869, 0.650) | val eod gap: 0.2059
Files already downloaded and verified
3255 labeled samples and 159515 unlabeled samples. Total: 162770
Use 3255 samples. Get 3255 labels. Ratio: 1.0
Epoch 6
 62.52% | time:  83.3s ( 26.3m) | step:   4948 | train acc: 1.000 | train loss: 0.000 |test acc: 0.783 (0.875, 0.637) | test eod gap: 0.2397
begin calculating influence
[Strategy 5] Acc of expected label: 0.77109375
calculating influence -- done
 62.52% | time:  20.0s ( 26.6m) | step:   4948 | train acc: 1.000 | train loss: 0.000 |val acc: 0.784 (0.869, 0.650) | val eod gap: 0.2115
Files already downloaded and verified
3255 labeled samples and 159515 unlabeled samples. Total: 162770
Use 3255 samples. Get 3255 labels. Ratio: 1.0
 65.05% | time:  52.3s ( 27.5m) | step:   5148 | train acc: 1.000 | train loss: 0.000 |test acc: 0.784 (0.876, 0.637) | test eod gap: 0.2363
begin calculating influence
[Strategy 5] Acc of expected label: 0.765234375
calculating influence -- done
 65.05% | time:  17.9s ( 27.8m) | step:   5148 | train acc: 1.000 | train loss: 0.000 |val acc: 0.784 (0.869, 0.651) | val eod gap: 0.2022
Files already downloaded and verified
3255 labeled samples and 159515 unlabeled samples. Total: 162770
Use 3255 samples. Get 3255 labels. Ratio: 1.0
 67.58% | time:  52.1s ( 28.6m) | step:   5348 | train acc: 1.000 | train loss: 0.000 |test acc: 0.784 (0.876, 0.638) | test eod gap: 0.2344
begin calculating influence
[Strategy 5] Acc of expected label: 0.7655859375
calculating influence -- done
 67.58% | time:  17.4s ( 28.9m) | step:   5348 | train acc: 1.000 | train loss: 0.000 |val acc: 0.784 (0.869, 0.651) | val eod gap: 0.1994
Files already downloaded and verified
3255 labeled samples and 159515 unlabeled samples. Total: 162770
Use 3255 samples. Get 3255 labels. Ratio: 1.0
Epoch 7
 72.52% | time:  84.4s ( 30.3m) | step:   5739 | train acc: 1.000 | train loss: 0.000 |test acc: 0.783 (0.874, 0.638) | test eod gap: 0.2403
begin calculating influence
[Strategy 5] Acc of expected label: 0.768984375
calculating influence -- done
 72.52% | time:  20.2s ( 30.7m) | step:   5739 | train acc: 1.000 | train loss: 0.000 |val acc: 0.782 (0.867, 0.647) | val eod gap: 0.2167
Files already downloaded and verified
3255 labeled samples and 159515 unlabeled samples. Total: 162770
Use 3255 samples. Get 3255 labels. Ratio: 1.0
 75.04% | time:  51.8s ( 31.5m) | step:   5939 | train acc: 1.000 | train loss: 0.000 |test acc: 0.784 (0.877, 0.637) | test eod gap: 0.2359
begin calculating influence
[Strategy 5] Acc of expected label: 0.7650390625
calculating influence -- done
 75.04% | time:  20.5s ( 31.9m) | step:   5939 | train acc: 1.000 | train loss: 0.000 |val acc: 0.785 (0.870, 0.651) | val eod gap: 0.1999
Files already downloaded and verified
3255 labeled samples and 159515 unlabeled samples. Total: 162770
Use 3255 samples. Get 3255 labels. Ratio: 1.0
 77.57% | time:  51.7s ( 32.7m) | step:   6139 | train acc: 1.000 | train loss: 0.000 |test acc: 0.784 (0.876, 0.637) | test eod gap: 0.2360
begin calculating influence
[Strategy 5] Acc of expected label: 0.7677734375
calculating influence -- done
 77.57% | time:  21.7s ( 33.1m) | step:   6139 | train acc: 1.000 | train loss: 0.000 |val acc: 0.785 (0.869, 0.653) | val eod gap: 0.2039
Files already downloaded and verified
3255 labeled samples and 159515 unlabeled samples. Total: 162770
Use 3255 samples. Get 3255 labels. Ratio: 1.0
Epoch 8
 82.52% | time:  83.8s ( 34.5m) | step:   6531 | train acc: 1.000 | train loss: 0.000 |test acc: 0.783 (0.874, 0.638) | test eod gap: 0.2402
begin calculating influence
[Strategy 5] Acc of expected label: 0.7658203125
calculating influence -- done
 82.52% | time:  19.4s ( 34.8m) | step:   6531 | train acc: 1.000 | train loss: 0.000 |val acc: 0.783 (0.868, 0.649) | val eod gap: 0.2120
Files already downloaded and verified
3255 labeled samples and 159515 unlabeled samples. Total: 162770
Use 3255 samples. Get 3255 labels. Ratio: 1.0
 85.05% | time:  52.1s ( 35.7m) | step:   6731 | train acc: 1.000 | train loss: 0.000 |test acc: 0.784 (0.876, 0.637) | test eod gap: 0.2365
begin calculating influence
[Strategy 5] Acc of expected label: 0.7648046875
calculating influence -- done
 85.05% | time:  20.7s ( 36.0m) | step:   6731 | train acc: 1.000 | train loss: 0.000 |val acc: 0.784 (0.869, 0.650) | val eod gap: 0.2059
Files already downloaded and verified
3255 labeled samples and 159515 unlabeled samples. Total: 162770
Use 3255 samples. Get 3255 labels. Ratio: 1.0
 87.58% | time:  51.7s ( 36.9m) | step:   6931 | train acc: 1.000 | train loss: 0.000 |test acc: 0.783 (0.875, 0.637) | test eod gap: 0.2383
begin calculating influence
[Strategy 5] Acc of expected label: 0.766484375
calculating influence -- done
 87.58% | time:  17.3s ( 37.2m) | step:   6931 | train acc: 1.000 | train loss: 0.000 |val acc: 0.783 (0.868, 0.649) | val eod gap: 0.2065
Files already downloaded and verified
3255 labeled samples and 159515 unlabeled samples. Total: 162770
Use 3255 samples. Get 3255 labels. Ratio: 1.0
Epoch 9
 92.52% | time:  83.2s ( 38.6m) | step:   7322 | train acc: 1.000 | train loss: 0.000 |test acc: 0.783 (0.876, 0.637) | test eod gap: 0.2359
begin calculating influence
[Strategy 5] Acc of expected label: 0.76875
calculating influence -- done
 92.52% | time:  20.1s ( 38.9m) | step:   7322 | train acc: 1.000 | train loss: 0.000 |val acc: 0.785 (0.870, 0.653) | val eod gap: 0.2085
Files already downloaded and verified
3255 labeled samples and 159515 unlabeled samples. Total: 162770
Use 3255 samples. Get 3255 labels. Ratio: 1.0
 95.05% | time:  51.4s ( 39.8m) | step:   7522 | train acc: 1.000 | train loss: 0.000 |test acc: 0.783 (0.874, 0.638) | test eod gap: 0.2390
begin calculating influence
[Strategy 5] Acc of expected label: 0.766640625
calculating influence -- done
 95.05% | time:  17.4s ( 40.1m) | step:   7522 | train acc: 1.000 | train loss: 0.000 |val acc: 0.782 (0.868, 0.646) | val eod gap: 0.2085
Files already downloaded and verified
3255 labeled samples and 159515 unlabeled samples. Total: 162770
Use 3255 samples. Get 3255 labels. Ratio: 1.0
 97.57% | time:  52.3s ( 40.9m) | step:   7722 | train acc: 1.000 | train loss: 0.000 |test acc: 0.783 (0.874, 0.637) | test eod gap: 0.2399
begin calculating influence
[Strategy 5] Acc of expected label: 0.768203125
calculating influence -- done
 97.57% | time:  17.2s ( 41.2m) | step:   7722 | train acc: 1.000 | train loss: 0.000 |val acc: 0.782 (0.868, 0.647) | val eod gap: 0.2103
Files already downloaded and verified
3255 labeled samples and 159515 unlabeled samples. Total: 162770
Use 3255 samples. Get 3255 labels. Ratio: 1.0
