Files already downloaded and verified
3255 labeled samples and 159515 unlabeled samples. Total: 162770
Files already downloaded and verified
1996 labeled samples and 17966 unlabeled samples. Total: 19962
Numer of layers 62
train net...
Epoch 0
  2.53% | time:  85.5s (  1.4m) | step:    200 | train acc: 1.000 | train loss: 0.000 |test acc: 0.864 (0.872, 0.852) | test dp gap: 0.1479
begin calculating influence
selected layers: [Traced<ShapedArray(float32[2])>with<DynamicJaxprTrace(level=0/1)>, Traced<ShapedArray(float32[512,2])>with<DynamicJaxprTrace(level=0/1)>, Traced<ShapedArray(float32[64])>with<DynamicJaxprTrace(level=0/1)>, Traced<ShapedArray(float32[64])>with<DynamicJaxprTrace(level=0/1)>]
selected layers: [Traced<ShapedArray(float32[2])>with<DynamicJaxprTrace(level=0/1)>, Traced<ShapedArray(float32[512,2])>with<DynamicJaxprTrace(level=0/1)>, Traced<ShapedArray(float32[64])>with<DynamicJaxprTrace(level=0/1)>, Traced<ShapedArray(float32[64])>with<DynamicJaxprTrace(level=0/1)>]
[Strategy 2] Acc of expected label: 0.8594921875
calculating influence -- done
  2.53% | time: 192.3s (  4.6m) | step:    200 | train acc: 1.000 | train loss: 0.000 |val acc: 0.870 (0.888, 0.843) | val dp gap: 0.1569
Files already downloaded and verified
3511 labeled samples and 159259 unlabeled samples. Total: 162770
Use 3511 samples. Get 3776 labels. Ratio: 0.9298199152542372
  5.05% | time:  53.0s (  5.5m) | step:    400 | train acc: 1.000 | train loss: 0.000 |test acc: 0.871 (0.882, 0.854) | test dp gap: 0.1428
begin calculating influence
[Strategy 2] Acc of expected label: 0.8635546875
calculating influence -- done
  5.05% | time: 141.1s (  7.9m) | step:    400 | train acc: 1.000 | train loss: 0.000 |val acc: 0.875 (0.894, 0.846) | val dp gap: 0.1567
Files already downloaded and verified
3767 labeled samples and 159003 unlabeled samples. Total: 162770
Use 3767 samples. Get 4369 labels. Ratio: 0.8622110322728314
  7.58% | time:  54.6s (  8.8m) | step:    600 | train acc: 1.000 | train loss: 0.000 |test acc: 0.865 (0.879, 0.844) | test dp gap: 0.1428
begin calculating influence
[Strategy 2] Acc of expected label: 0.8595703125
calculating influence -- done
  7.58% | time: 141.7s ( 11.1m) | step:    600 | train acc: 1.000 | train loss: 0.000 |val acc: 0.872 (0.888, 0.846) | val dp gap: 0.1470
Files already downloaded and verified
3767 labeled samples and 159003 unlabeled samples. Total: 162770
Use 3767 samples. Get 4369 labels. Ratio: 0.8622110322728314
Epoch 1
 12.52% | time:  85.4s ( 12.6m) | step:    991 | train acc: 1.000 | train loss: 0.000 |test acc: 0.865 (0.879, 0.843) | test dp gap: 0.1366
begin calculating influence
[Strategy 2] Acc of expected label: 0.861796875
calculating influence -- done
 12.52% | time: 141.3s ( 14.9m) | step:    991 | train acc: 1.000 | train loss: 0.000 |val acc: 0.871 (0.889, 0.843) | val dp gap: 0.1368
Files already downloaded and verified
3767 labeled samples and 159003 unlabeled samples. Total: 162770
Use 3767 samples. Get 4369 labels. Ratio: 0.8622110322728314
 15.05% | time:  53.1s ( 15.8m) | step:   1191 | train acc: 1.000 | train loss: 0.000 |test acc: 0.866 (0.880, 0.844) | test dp gap: 0.1363
begin calculating influence
[Strategy 2] Acc of expected label: 0.861328125
calculating influence -- done
 15.05% | time: 141.4s ( 18.2m) | step:   1191 | train acc: 1.000 | train loss: 0.000 |val acc: 0.874 (0.893, 0.844) | val dp gap: 0.1331
Files already downloaded and verified
3767 labeled samples and 159003 unlabeled samples. Total: 162770
Use 3767 samples. Get 4369 labels. Ratio: 0.8622110322728314
 17.58% | time:  52.6s ( 19.0m) | step:   1391 | train acc: 1.000 | train loss: 0.000 |test acc: 0.865 (0.879, 0.842) | test dp gap: 0.1355
begin calculating influence
[Strategy 2] Acc of expected label: 0.8546875
calculating influence -- done
 17.58% | time: 141.2s ( 21.4m) | step:   1391 | train acc: 1.000 | train loss: 0.000 |val acc: 0.875 (0.894, 0.844) | val dp gap: 0.1355
Files already downloaded and verified
3767 labeled samples and 159003 unlabeled samples. Total: 162770
Use 3767 samples. Get 4369 labels. Ratio: 0.8622110322728314
Epoch 2
 22.52% | time:  86.1s ( 22.8m) | step:   1782 | train acc: 1.000 | train loss: 0.000 |test acc: 0.867 (0.880, 0.845) | test dp gap: 0.1366
begin calculating influence
[Strategy 2] Acc of expected label: 0.86328125
calculating influence -- done
 22.52% | time: 141.2s ( 25.2m) | step:   1782 | train acc: 1.000 | train loss: 0.000 |val acc: 0.875 (0.893, 0.846) | val dp gap: 0.1379
Files already downloaded and verified
3767 labeled samples and 159003 unlabeled samples. Total: 162770
Use 3767 samples. Get 4369 labels. Ratio: 0.8622110322728314
 25.04% | time:  53.0s ( 26.1m) | step:   1982 | train acc: 1.000 | train loss: 0.000 |test acc: 0.866 (0.880, 0.844) | test dp gap: 0.1364
begin calculating influence
[Strategy 2] Acc of expected label: 0.8614453125
calculating influence -- done
 25.04% | time: 141.4s ( 28.4m) | step:   1982 | train acc: 1.000 | train loss: 0.000 |val acc: 0.876 (0.895, 0.846) | val dp gap: 0.1369
Files already downloaded and verified
3767 labeled samples and 159003 unlabeled samples. Total: 162770
Use 3767 samples. Get 4369 labels. Ratio: 0.8622110322728314
 27.57% | time:  52.9s ( 29.3m) | step:   2182 | train acc: 1.000 | train loss: 0.000 |test acc: 0.865 (0.879, 0.843) | test dp gap: 0.1357
begin calculating influence
[Strategy 2] Acc of expected label: 0.862109375
calculating influence -- done
 27.57% | time: 141.4s ( 31.6m) | step:   2182 | train acc: 1.000 | train loss: 0.000 |val acc: 0.875 (0.893, 0.846) | val dp gap: 0.1360
Files already downloaded and verified
3767 labeled samples and 159003 unlabeled samples. Total: 162770
Use 3767 samples. Get 4369 labels. Ratio: 0.8622110322728314
Epoch 3
 32.52% | time:  85.2s ( 33.1m) | step:   2574 | train acc: 1.000 | train loss: 0.000 |test acc: 0.865 (0.879, 0.843) | test dp gap: 0.1359
begin calculating influence
[Strategy 2] Acc of expected label: 0.862265625
calculating influence -- done
 32.52% | time: 141.2s ( 35.4m) | step:   2574 | train acc: 1.000 | train loss: 0.000 |val acc: 0.873 (0.893, 0.843) | val dp gap: 0.1359
Files already downloaded and verified
3767 labeled samples and 159003 unlabeled samples. Total: 162770
Use 3767 samples. Get 4369 labels. Ratio: 0.8622110322728314
 35.05% | time:  51.7s ( 36.3m) | step:   2774 | train acc: 1.000 | train loss: 0.000 |test acc: 0.865 (0.878, 0.843) | test dp gap: 0.1359
begin calculating influence
[Strategy 2] Acc of expected label: 0.8667578125
calculating influence -- done
 35.05% | time: 141.1s ( 38.6m) | step:   2774 | train acc: 1.000 | train loss: 0.000 |val acc: 0.875 (0.893, 0.846) | val dp gap: 0.1360
Files already downloaded and verified
3767 labeled samples and 159003 unlabeled samples. Total: 162770
Use 3767 samples. Get 4369 labels. Ratio: 0.8622110322728314
 37.58% | time:  53.5s ( 39.5m) | step:   2974 | train acc: 1.000 | train loss: 0.000 |test acc: 0.866 (0.880, 0.844) | test dp gap: 0.1364
begin calculating influence
[Strategy 2] Acc of expected label: 0.863515625
calculating influence -- done
 37.58% | time: 141.0s ( 41.9m) | step:   2974 | train acc: 1.000 | train loss: 0.000 |val acc: 0.876 (0.895, 0.846) | val dp gap: 0.1344
Files already downloaded and verified
3767 labeled samples and 159003 unlabeled samples. Total: 162770
Use 3767 samples. Get 4369 labels. Ratio: 0.8622110322728314
Epoch 4
 42.52% | time:  84.5s ( 43.3m) | step:   3365 | train acc: 1.000 | train loss: 0.000 |test acc: 0.866 (0.880, 0.844) | test dp gap: 0.1365
begin calculating influence
[Strategy 2] Acc of expected label: 0.86390625
calculating influence -- done
 42.52% | time: 140.8s ( 45.6m) | step:   3365 | train acc: 1.000 | train loss: 0.000 |val acc: 0.875 (0.895, 0.844) | val dp gap: 0.1357
Files already downloaded and verified
3767 labeled samples and 159003 unlabeled samples. Total: 162770
Use 3767 samples. Get 4369 labels. Ratio: 0.8622110322728314
 45.05% | time:  51.7s ( 46.5m) | step:   3565 | train acc: 1.000 | train loss: 0.000 |test acc: 0.865 (0.879, 0.843) | test dp gap: 0.1361
begin calculating influence
[Strategy 2] Acc of expected label: 0.8599609375
calculating influence -- done
 45.05% | time: 140.7s ( 48.8m) | step:   3565 | train acc: 1.000 | train loss: 0.000 |val acc: 0.873 (0.893, 0.843) | val dp gap: 0.1333
Files already downloaded and verified
3767 labeled samples and 159003 unlabeled samples. Total: 162770
Use 3767 samples. Get 4369 labels. Ratio: 0.8622110322728314
 47.57% | time:  52.1s ( 49.7m) | step:   3765 | train acc: 1.000 | train loss: 0.000 |test acc: 0.866 (0.880, 0.844) | test dp gap: 0.1361
begin calculating influence
[Strategy 2] Acc of expected label: 0.8639453125
calculating influence -- done
 47.57% | time: 141.6s ( 52.1m) | step:   3765 | train acc: 1.000 | train loss: 0.000 |val acc: 0.875 (0.895, 0.844) | val dp gap: 0.1408
Files already downloaded and verified
3767 labeled samples and 159003 unlabeled samples. Total: 162770
Use 3767 samples. Get 4369 labels. Ratio: 0.8622110322728314
Epoch 5
 52.53% | time:  83.5s ( 53.5m) | step:   4157 | train acc: 1.000 | train loss: 0.000 |test acc: 0.867 (0.880, 0.845) | test dp gap: 0.1370
begin calculating influence
[Strategy 2] Acc of expected label: 0.8566796875
calculating influence -- done
 52.53% | time: 140.6s ( 55.8m) | step:   4157 | train acc: 1.000 | train loss: 0.000 |val acc: 0.878 (0.896, 0.849) | val dp gap: 0.1400
Files already downloaded and verified
3767 labeled samples and 159003 unlabeled samples. Total: 162770
Use 3767 samples. Get 4369 labels. Ratio: 0.8622110322728314
 55.05% | time:  52.0s ( 56.7m) | step:   4357 | train acc: 1.000 | train loss: 0.000 |test acc: 0.866 (0.880, 0.844) | test dp gap: 0.1362
begin calculating influence
[Strategy 2] Acc of expected label: 0.862578125
calculating influence -- done
 55.05% | time: 140.6s ( 59.0m) | step:   4357 | train acc: 1.000 | train loss: 0.000 |val acc: 0.877 (0.896, 0.848) | val dp gap: 0.1387
Files already downloaded and verified
3767 labeled samples and 159003 unlabeled samples. Total: 162770
Use 3767 samples. Get 4369 labels. Ratio: 0.8622110322728314
 57.58% | time:  52.6s ( 59.9m) | step:   4557 | train acc: 1.000 | train loss: 0.000 |test acc: 0.866 (0.880, 0.843) | test dp gap: 0.1359
begin calculating influence
[Strategy 2] Acc of expected label: 0.86171875
calculating influence -- done
 57.58% | time: 140.7s ( 62.2m) | step:   4557 | train acc: 1.000 | train loss: 0.000 |val acc: 0.875 (0.895, 0.844) | val dp gap: 0.1331
Files already downloaded and verified
3767 labeled samples and 159003 unlabeled samples. Total: 162770
Use 3767 samples. Get 4369 labels. Ratio: 0.8622110322728314
Epoch 6
 62.52% | time:  84.0s ( 63.6m) | step:   4948 | train acc: 1.000 | train loss: 0.000 |test acc: 0.865 (0.879, 0.843) | test dp gap: 0.1363
begin calculating influence
[Strategy 2] Acc of expected label: 0.86296875
calculating influence -- done
 62.52% | time: 140.7s ( 66.0m) | step:   4948 | train acc: 1.000 | train loss: 0.000 |val acc: 0.874 (0.893, 0.843) | val dp gap: 0.1309
Files already downloaded and verified
3767 labeled samples and 159003 unlabeled samples. Total: 162770
Use 3767 samples. Get 4369 labels. Ratio: 0.8622110322728314
 65.05% | time:  52.1s ( 66.8m) | step:   5148 | train acc: 1.000 | train loss: 0.000 |test acc: 0.865 (0.879, 0.843) | test dp gap: 0.1364
begin calculating influence
[Strategy 2] Acc of expected label: 0.86046875
calculating influence -- done
 65.05% | time: 140.7s ( 69.2m) | step:   5148 | train acc: 1.000 | train loss: 0.000 |val acc: 0.873 (0.893, 0.840) | val dp gap: 0.1283
Files already downloaded and verified
3767 labeled samples and 159003 unlabeled samples. Total: 162770
Use 3767 samples. Get 4369 labels. Ratio: 0.8622110322728314
 67.58% | time:  50.7s ( 70.0m) | step:   5348 | train acc: 1.000 | train loss: 0.000 |test acc: 0.866 (0.880, 0.844) | test dp gap: 0.1361
begin calculating influence
[Strategy 2] Acc of expected label: 0.8617578125
calculating influence -- done
 67.58% | time: 140.9s ( 72.4m) | step:   5348 | train acc: 1.000 | train loss: 0.000 |val acc: 0.875 (0.894, 0.846) | val dp gap: 0.1326
Files already downloaded and verified
3767 labeled samples and 159003 unlabeled samples. Total: 162770
Use 3767 samples. Get 4369 labels. Ratio: 0.8622110322728314
Epoch 7
 72.52% | time:  86.2s ( 73.8m) | step:   5739 | train acc: 1.000 | train loss: 0.000 |test acc: 0.866 (0.880, 0.843) | test dp gap: 0.1359
begin calculating influence
[Strategy 2] Acc of expected label: 0.861796875
calculating influence -- done
 72.52% | time: 140.8s ( 76.2m) | step:   5739 | train acc: 1.000 | train loss: 0.000 |val acc: 0.877 (0.895, 0.848) | val dp gap: 0.1369
Files already downloaded and verified
3767 labeled samples and 159003 unlabeled samples. Total: 162770
Use 3767 samples. Get 4369 labels. Ratio: 0.8622110322728314
 75.04% | time:  51.0s ( 77.0m) | step:   5939 | train acc: 1.000 | train loss: 0.000 |test acc: 0.866 (0.880, 0.844) | test dp gap: 0.1367
begin calculating influence
[Strategy 2] Acc of expected label: 0.85859375
calculating influence -- done
 75.04% | time: 140.9s ( 79.4m) | step:   5939 | train acc: 1.000 | train loss: 0.000 |val acc: 0.878 (0.896, 0.849) | val dp gap: 0.1374
Files already downloaded and verified
3767 labeled samples and 159003 unlabeled samples. Total: 162770
Use 3767 samples. Get 4369 labels. Ratio: 0.8622110322728314
 77.57% | time:  51.7s ( 80.2m) | step:   6139 | train acc: 1.000 | train loss: 0.000 |test acc: 0.866 (0.880, 0.843) | test dp gap: 0.1362
begin calculating influence
[Strategy 2] Acc of expected label: 0.860703125
calculating influence -- done
 77.57% | time: 140.7s ( 82.6m) | step:   6139 | train acc: 1.000 | train loss: 0.000 |val acc: 0.876 (0.894, 0.848) | val dp gap: 0.1378
Files already downloaded and verified
3767 labeled samples and 159003 unlabeled samples. Total: 162770
Use 3767 samples. Get 4369 labels. Ratio: 0.8622110322728314
Epoch 8
 82.52% | time:  86.8s ( 84.0m) | step:   6531 | train acc: 1.000 | train loss: 0.000 |test acc: 0.866 (0.880, 0.844) | test dp gap: 0.1354
begin calculating influence
[Strategy 2] Acc of expected label: 0.8625
calculating influence -- done
 82.52% | time: 140.9s ( 86.4m) | step:   6531 | train acc: 1.000 | train loss: 0.000 |val acc: 0.877 (0.895, 0.848) | val dp gap: 0.1395
Files already downloaded and verified
3767 labeled samples and 159003 unlabeled samples. Total: 162770
Use 3767 samples. Get 4369 labels. Ratio: 0.8622110322728314
 85.05% | time:  51.6s ( 87.2m) | step:   6731 | train acc: 1.000 | train loss: 0.000 |test acc: 0.866 (0.880, 0.843) | test dp gap: 0.1366
begin calculating influence
[Strategy 2] Acc of expected label: 0.8598828125
calculating influence -- done
 85.05% | time: 140.8s ( 89.6m) | step:   6731 | train acc: 1.000 | train loss: 0.000 |val acc: 0.874 (0.893, 0.844) | val dp gap: 0.1322
Files already downloaded and verified
3767 labeled samples and 159003 unlabeled samples. Total: 162770
Use 3767 samples. Get 4369 labels. Ratio: 0.8622110322728314
 87.58% | time:  52.1s ( 90.4m) | step:   6931 | train acc: 1.000 | train loss: 0.000 |test acc: 0.867 (0.880, 0.844) | test dp gap: 0.1369
begin calculating influence
[Strategy 2] Acc of expected label: 0.86265625
calculating influence -- done
 87.58% | time: 140.7s ( 92.8m) | step:   6931 | train acc: 1.000 | train loss: 0.000 |val acc: 0.876 (0.895, 0.846) | val dp gap: 0.1369
Files already downloaded and verified
3767 labeled samples and 159003 unlabeled samples. Total: 162770
Use 3767 samples. Get 4369 labels. Ratio: 0.8622110322728314
Epoch 9
 92.52% | time:  83.6s ( 94.2m) | step:   7322 | train acc: 1.000 | train loss: 0.000 |test acc: 0.865 (0.879, 0.843) | test dp gap: 0.1362
begin calculating influence
[Strategy 2] Acc of expected label: 0.858515625
calculating influence -- done
 92.52% | time: 140.9s ( 96.5m) | step:   7322 | train acc: 1.000 | train loss: 0.000 |val acc: 0.873 (0.893, 0.842) | val dp gap: 0.1296
Files already downloaded and verified
3767 labeled samples and 159003 unlabeled samples. Total: 162770
Use 3767 samples. Get 4369 labels. Ratio: 0.8622110322728314
 95.05% | time:  52.8s ( 97.4m) | step:   7522 | train acc: 1.000 | train loss: 0.000 |test acc: 0.867 (0.880, 0.846) | test dp gap: 0.1362
begin calculating influence
[Strategy 2] Acc of expected label: 0.8636328125
calculating influence -- done
 95.05% | time: 141.1s ( 99.8m) | step:   7522 | train acc: 1.000 | train loss: 0.000 |val acc: 0.878 (0.897, 0.848) | val dp gap: 0.1396
Files already downloaded and verified
3767 labeled samples and 159003 unlabeled samples. Total: 162770
Use 3767 samples. Get 4369 labels. Ratio: 0.8622110322728314
 97.57% | time:  51.4s (100.6m) | step:   7722 | train acc: 1.000 | train loss: 0.000 |test acc: 0.866 (0.880, 0.844) | test dp gap: 0.1368
begin calculating influence
[Strategy 2] Acc of expected label: 0.861015625
calculating influence -- done
 97.57% | time: 140.7s (103.0m) | step:   7722 | train acc: 1.000 | train loss: 0.000 |val acc: 0.875 (0.894, 0.844) | val dp gap: 0.1365
Files already downloaded and verified
3767 labeled samples and 159003 unlabeled samples. Total: 162770
Use 3767 samples. Get 4369 labels. Ratio: 0.8622110322728314
