Files already downloaded and verified
3255 labeled samples and 159515 unlabeled samples. Total: 162770
Files already downloaded and verified
1996 labeled samples and 17966 unlabeled samples. Total: 19962
Numer of layers 62
train net...
Epoch 0
  2.53% | time:  86.0s (  1.4m) | step:    200 | train acc: 1.000 | train loss: 0.000 |test acc: 0.864 (0.871, 0.853) | test eop gap: 0.0690
begin calculating influence
selected layers: [Traced<ShapedArray(float32[2])>with<DynamicJaxprTrace(level=0/1)>, Traced<ShapedArray(float32[512,2])>with<DynamicJaxprTrace(level=0/1)>]
selected layers: [Traced<ShapedArray(float32[2])>with<DynamicJaxprTrace(level=0/1)>, Traced<ShapedArray(float32[512,2])>with<DynamicJaxprTrace(level=0/1)>]
[Strategy 5] Acc of expected label: 0.8594921875
calculating influence -- done
  2.53% | time:  35.8s (  2.0m) | step:    200 | train acc: 1.000 | train loss: 0.000 |val acc: 0.877 (0.892, 0.855) | val eop gap: 0.0887
Files already downloaded and verified
3511 labeled samples and 159259 unlabeled samples. Total: 162770
Use 3511 samples. Get 3772 labels. Ratio: 0.9308059384941676
  5.05% | time:  51.9s (  2.9m) | step:    400 | train acc: 1.000 | train loss: 0.000 |test acc: 0.873 (0.881, 0.860) | test eop gap: 0.0569
begin calculating influence
[Strategy 5] Acc of expected label: 0.861484375
calculating influence -- done
  5.05% | time:  20.4s (  3.2m) | step:    400 | train acc: 1.000 | train loss: 0.000 |val acc: 0.872 (0.885, 0.852) | val eop gap: 0.0651
Files already downloaded and verified
3767 labeled samples and 159003 unlabeled samples. Total: 162770
Use 3767 samples. Get 4362 labels. Ratio: 0.8635946813388354
  7.58% | time:  52.4s (  4.1m) | step:    600 | train acc: 1.000 | train loss: 0.000 |test acc: 0.865 (0.875, 0.849) | test eop gap: 0.0378
begin calculating influence
[Strategy 5] Acc of expected label: 0.8597265625
calculating influence -- done
  7.58% | time:  17.6s (  4.4m) | step:    600 | train acc: 1.000 | train loss: 0.000 |val acc: 0.864 (0.875, 0.847) | val eop gap: 0.0373
Files already downloaded and verified
3767 labeled samples and 159003 unlabeled samples. Total: 162770
Use 3767 samples. Get 4362 labels. Ratio: 0.8635946813388354
Epoch 1
 12.52% | time:  83.0s (  5.8m) | step:    991 | train acc: 1.000 | train loss: 0.000 |test acc: 0.865 (0.875, 0.850) | test eop gap: 0.0353
begin calculating influence
[Strategy 5] Acc of expected label: 0.8640234375
calculating influence -- done
 12.52% | time:  19.6s (  6.1m) | step:    991 | train acc: 1.000 | train loss: 0.000 |val acc: 0.865 (0.878, 0.846) | val eop gap: 0.0397
Files already downloaded and verified
3767 labeled samples and 159003 unlabeled samples. Total: 162770
Use 3767 samples. Get 4362 labels. Ratio: 0.8635946813388354
 15.05% | time:  51.8s (  7.0m) | step:   1191 | train acc: 1.000 | train loss: 0.000 |test acc: 0.867 (0.877, 0.852) | test eop gap: 0.0371
begin calculating influence
[Strategy 5] Acc of expected label: 0.858984375
calculating influence -- done
 15.05% | time:  19.7s (  7.3m) | step:   1191 | train acc: 1.000 | train loss: 0.000 |val acc: 0.868 (0.880, 0.849) | val eop gap: 0.0397
Files already downloaded and verified
3767 labeled samples and 159003 unlabeled samples. Total: 162770
Use 3767 samples. Get 4362 labels. Ratio: 0.8635946813388354
 17.58% | time:  51.8s (  8.2m) | step:   1391 | train acc: 1.000 | train loss: 0.000 |test acc: 0.866 (0.876, 0.851) | test eop gap: 0.0345
begin calculating influence
[Strategy 5] Acc of expected label: 0.861953125
calculating influence -- done
 17.58% | time:  17.3s (  8.5m) | step:   1391 | train acc: 1.000 | train loss: 0.000 |val acc: 0.867 (0.879, 0.848) | val eop gap: 0.0365
Files already downloaded and verified
3767 labeled samples and 159003 unlabeled samples. Total: 162770
Use 3767 samples. Get 4362 labels. Ratio: 0.8635946813388354
Epoch 2
 22.52% | time:  83.8s (  9.8m) | step:   1782 | train acc: 1.000 | train loss: 0.000 |test acc: 0.867 (0.877, 0.852) | test eop gap: 0.0368
begin calculating influence
[Strategy 5] Acc of expected label: 0.861796875
calculating influence -- done
 22.52% | time:  20.0s ( 10.2m) | step:   1782 | train acc: 1.000 | train loss: 0.000 |val acc: 0.871 (0.884, 0.849) | val eop gap: 0.0397
Files already downloaded and verified
3767 labeled samples and 159003 unlabeled samples. Total: 162770
Use 3767 samples. Get 4362 labels. Ratio: 0.8635946813388354
 25.04% | time:  52.2s ( 11.1m) | step:   1982 | train acc: 1.000 | train loss: 0.000 |test acc: 0.867 (0.876, 0.851) | test eop gap: 0.0363
begin calculating influence
[Strategy 5] Acc of expected label: 0.8633984375
calculating influence -- done
 25.04% | time:  20.4s ( 11.4m) | step:   1982 | train acc: 1.000 | train loss: 0.000 |val acc: 0.868 (0.880, 0.849) | val eop gap: 0.0397
Files already downloaded and verified
3767 labeled samples and 159003 unlabeled samples. Total: 162770
Use 3767 samples. Get 4362 labels. Ratio: 0.8635946813388354
 27.57% | time:  52.3s ( 12.3m) | step:   2182 | train acc: 1.000 | train loss: 0.000 |test acc: 0.866 (0.876, 0.850) | test eop gap: 0.0324
begin calculating influence
[Strategy 5] Acc of expected label: 0.8583984375
calculating influence -- done
 27.57% | time:  18.0s ( 12.6m) | step:   2182 | train acc: 1.000 | train loss: 0.000 |val acc: 0.865 (0.879, 0.844) | val eop gap: 0.0365
Files already downloaded and verified
3767 labeled samples and 159003 unlabeled samples. Total: 162770
Use 3767 samples. Get 4362 labels. Ratio: 0.8635946813388354
Epoch 3
 32.52% | time:  85.4s ( 14.0m) | step:   2574 | train acc: 1.000 | train loss: 0.000 |test acc: 0.866 (0.877, 0.850) | test eop gap: 0.0326
begin calculating influence
[Strategy 5] Acc of expected label: 0.8631640625
calculating influence -- done
 32.52% | time:  19.6s ( 14.3m) | step:   2574 | train acc: 1.000 | train loss: 0.000 |val acc: 0.866 (0.879, 0.846) | val eop gap: 0.0365
Files already downloaded and verified
3767 labeled samples and 159003 unlabeled samples. Total: 162770
Use 3767 samples. Get 4362 labels. Ratio: 0.8635946813388354
 35.05% | time:  51.9s ( 15.2m) | step:   2774 | train acc: 1.000 | train loss: 0.000 |test acc: 0.865 (0.876, 0.849) | test eop gap: 0.0335
begin calculating influence
[Strategy 5] Acc of expected label: 0.859921875
calculating influence -- done
 35.05% | time:  20.3s ( 15.5m) | step:   2774 | train acc: 1.000 | train loss: 0.000 |val acc: 0.864 (0.879, 0.842) | val eop gap: 0.0365
Files already downloaded and verified
3767 labeled samples and 159003 unlabeled samples. Total: 162770
Use 3767 samples. Get 4362 labels. Ratio: 0.8635946813388354
 37.58% | time:  51.6s ( 16.4m) | step:   2974 | train acc: 1.000 | train loss: 0.000 |test acc: 0.867 (0.877, 0.851) | test eop gap: 0.0338
begin calculating influence
[Strategy 5] Acc of expected label: 0.865
calculating influence -- done
 37.58% | time:  17.3s ( 16.7m) | step:   2974 | train acc: 1.000 | train loss: 0.000 |val acc: 0.867 (0.880, 0.846) | val eop gap: 0.0397
Files already downloaded and verified
3767 labeled samples and 159003 unlabeled samples. Total: 162770
Use 3767 samples. Get 4362 labels. Ratio: 0.8635946813388354
Epoch 4
 42.52% | time:  84.2s ( 18.1m) | step:   3365 | train acc: 1.000 | train loss: 0.000 |test acc: 0.867 (0.877, 0.850) | test eop gap: 0.0351
begin calculating influence
[Strategy 5] Acc of expected label: 0.8626171875
calculating influence -- done
 42.52% | time:  19.3s ( 18.4m) | step:   3365 | train acc: 1.000 | train loss: 0.000 |val acc: 0.867 (0.881, 0.846) | val eop gap: 0.0397
Files already downloaded and verified
3767 labeled samples and 159003 unlabeled samples. Total: 162770
Use 3767 samples. Get 4362 labels. Ratio: 0.8635946813388354
 45.05% | time:  51.7s ( 19.3m) | step:   3565 | train acc: 1.000 | train loss: 0.000 |test acc: 0.865 (0.876, 0.848) | test eop gap: 0.0332
begin calculating influence
[Strategy 5] Acc of expected label: 0.8648828125
calculating influence -- done
 45.05% | time:  17.6s ( 19.5m) | step:   3565 | train acc: 1.000 | train loss: 0.000 |val acc: 0.865 (0.878, 0.844) | val eop gap: 0.0379
Files already downloaded and verified
3767 labeled samples and 159003 unlabeled samples. Total: 162770
Use 3767 samples. Get 4362 labels. Ratio: 0.8635946813388354
 47.57% | time:  52.1s ( 20.4m) | step:   3765 | train acc: 1.000 | train loss: 0.000 |test acc: 0.868 (0.877, 0.853) | test eop gap: 0.0355
begin calculating influence
[Strategy 5] Acc of expected label: 0.8593359375
calculating influence -- done
 47.57% | time:  19.7s ( 20.7m) | step:   3765 | train acc: 1.000 | train loss: 0.000 |val acc: 0.869 (0.883, 0.848) | val eop gap: 0.0397
Files already downloaded and verified
3767 labeled samples and 159003 unlabeled samples. Total: 162770
Use 3767 samples. Get 4362 labels. Ratio: 0.8635946813388354
Epoch 5
 52.53% | time:  84.2s ( 22.1m) | step:   4157 | train acc: 1.000 | train loss: 0.000 |test acc: 0.868 (0.878, 0.852) | test eop gap: 0.0366
begin calculating influence
[Strategy 5] Acc of expected label: 0.8661328125
calculating influence -- done
 52.53% | time:  19.3s ( 22.5m) | step:   4157 | train acc: 1.000 | train loss: 0.000 |val acc: 0.869 (0.884, 0.847) | val eop gap: 0.0397
Files already downloaded and verified
3767 labeled samples and 159003 unlabeled samples. Total: 162770
Use 3767 samples. Get 4362 labels. Ratio: 0.8635946813388354
 55.05% | time:  52.8s ( 23.3m) | step:   4357 | train acc: 1.000 | train loss: 0.000 |test acc: 0.868 (0.877, 0.852) | test eop gap: 0.0346
begin calculating influence
[Strategy 5] Acc of expected label: 0.8658203125
calculating influence -- done
 55.05% | time:  20.2s ( 23.7m) | step:   4357 | train acc: 1.000 | train loss: 0.000 |val acc: 0.869 (0.884, 0.847) | val eop gap: 0.0397
Files already downloaded and verified
3767 labeled samples and 159003 unlabeled samples. Total: 162770
Use 3767 samples. Get 4362 labels. Ratio: 0.8635946813388354
 57.58% | time:  55.6s ( 24.6m) | step:   4557 | train acc: 1.000 | train loss: 0.000 |test acc: 0.868 (0.878, 0.852) | test eop gap: 0.0348
begin calculating influence
[Strategy 5] Acc of expected label: 0.8632421875
calculating influence -- done
 57.58% | time:  20.4s ( 25.0m) | step:   4557 | train acc: 1.000 | train loss: 0.000 |val acc: 0.867 (0.882, 0.844) | val eop gap: 0.0397
Files already downloaded and verified
3767 labeled samples and 159003 unlabeled samples. Total: 162770
Use 3767 samples. Get 4362 labels. Ratio: 0.8635946813388354
Epoch 6
 62.52% | time:  84.0s ( 26.4m) | step:   4948 | train acc: 1.000 | train loss: 0.000 |test acc: 0.867 (0.877, 0.851) | test eop gap: 0.0331
begin calculating influence
[Strategy 5] Acc of expected label: 0.8638671875
calculating influence -- done
 62.52% | time:  17.7s ( 26.6m) | step:   4948 | train acc: 1.000 | train loss: 0.000 |val acc: 0.866 (0.879, 0.846) | val eop gap: 0.0365
Files already downloaded and verified
3767 labeled samples and 159003 unlabeled samples. Total: 162770
Use 3767 samples. Get 4362 labels. Ratio: 0.8635946813388354
 65.05% | time:  52.5s ( 27.5m) | step:   5148 | train acc: 1.000 | train loss: 0.000 |test acc: 0.866 (0.876, 0.849) | test eop gap: 0.0317
begin calculating influence
[Strategy 5] Acc of expected label: 0.8649609375
calculating influence -- done
 65.05% | time:  17.5s ( 27.8m) | step:   5148 | train acc: 1.000 | train loss: 0.000 |val acc: 0.865 (0.878, 0.846) | val eop gap: 0.0346
Files already downloaded and verified
3767 labeled samples and 159003 unlabeled samples. Total: 162770
Use 3767 samples. Get 4362 labels. Ratio: 0.8635946813388354
 67.58% | time:  51.9s ( 28.7m) | step:   5348 | train acc: 1.000 | train loss: 0.000 |test acc: 0.867 (0.878, 0.851) | test eop gap: 0.0339
begin calculating influence
[Strategy 5] Acc of expected label: 0.8647265625
calculating influence -- done
 67.58% | time:  17.7s ( 29.0m) | step:   5348 | train acc: 1.000 | train loss: 0.000 |val acc: 0.867 (0.881, 0.846) | val eop gap: 0.0365
Files already downloaded and verified
3767 labeled samples and 159003 unlabeled samples. Total: 162770
Use 3767 samples. Get 4362 labels. Ratio: 0.8635946813388354
Epoch 7
 72.52% | time:  85.3s ( 30.4m) | step:   5739 | train acc: 1.000 | train loss: 0.000 |test acc: 0.867 (0.877, 0.851) | test eop gap: 0.0346
begin calculating influence
[Strategy 5] Acc of expected label: 0.8615234375
calculating influence -- done
 72.52% | time:  17.6s ( 30.7m) | step:   5739 | train acc: 1.000 | train loss: 0.000 |val acc: 0.869 (0.883, 0.847) | val eop gap: 0.0365
Files already downloaded and verified
3767 labeled samples and 159003 unlabeled samples. Total: 162770
Use 3767 samples. Get 4362 labels. Ratio: 0.8635946813388354
 75.04% | time:  52.6s ( 31.6m) | step:   5939 | train acc: 1.000 | train loss: 0.000 |test acc: 0.868 (0.877, 0.853) | test eop gap: 0.0331
begin calculating influence
[Strategy 5] Acc of expected label: 0.8673828125
calculating influence -- done
 75.04% | time:  17.7s ( 31.9m) | step:   5939 | train acc: 1.000 | train loss: 0.000 |val acc: 0.867 (0.882, 0.844) | val eop gap: 0.0397
Files already downloaded and verified
3767 labeled samples and 159003 unlabeled samples. Total: 162770
Use 3767 samples. Get 4362 labels. Ratio: 0.8635946813388354
 77.57% | time:  52.8s ( 32.7m) | step:   6139 | train acc: 1.000 | train loss: 0.000 |test acc: 0.868 (0.878, 0.852) | test eop gap: 0.0352
begin calculating influence
[Strategy 5] Acc of expected label: 0.8632421875
calculating influence -- done
 77.57% | time:  17.6s ( 33.0m) | step:   6139 | train acc: 1.000 | train loss: 0.000 |val acc: 0.868 (0.882, 0.846) | val eop gap: 0.0365
Files already downloaded and verified
3767 labeled samples and 159003 unlabeled samples. Total: 162770
Use 3767 samples. Get 4362 labels. Ratio: 0.8635946813388354
Epoch 8
 82.52% | time:  84.8s ( 34.4m) | step:   6531 | train acc: 1.000 | train loss: 0.000 |test acc: 0.868 (0.878, 0.852) | test eop gap: 0.0356
begin calculating influence
[Strategy 5] Acc of expected label: 0.863671875
calculating influence -- done
 82.52% | time:  17.6s ( 34.7m) | step:   6531 | train acc: 1.000 | train loss: 0.000 |val acc: 0.869 (0.883, 0.847) | val eop gap: 0.0397
Files already downloaded and verified
3767 labeled samples and 159003 unlabeled samples. Total: 162770
Use 3767 samples. Get 4362 labels. Ratio: 0.8635946813388354
 85.05% | time:  52.2s ( 35.6m) | step:   6731 | train acc: 1.000 | train loss: 0.000 |test acc: 0.867 (0.877, 0.851) | test eop gap: 0.0329
begin calculating influence
[Strategy 5] Acc of expected label: 0.862109375
calculating influence -- done
 85.05% | time:  18.8s ( 35.9m) | step:   6731 | train acc: 1.000 | train loss: 0.000 |val acc: 0.868 (0.881, 0.847) | val eop gap: 0.0346
Files already downloaded and verified
3767 labeled samples and 159003 unlabeled samples. Total: 162770
Use 3767 samples. Get 4362 labels. Ratio: 0.8635946813388354
 87.58% | time:  52.2s ( 36.8m) | step:   6931 | train acc: 1.000 | train loss: 0.000 |test acc: 0.868 (0.878, 0.852) | test eop gap: 0.0343
begin calculating influence
[Strategy 5] Acc of expected label: 0.8637890625
calculating influence -- done
 87.58% | time:  17.5s ( 37.1m) | step:   6931 | train acc: 1.000 | train loss: 0.000 |val acc: 0.868 (0.883, 0.846) | val eop gap: 0.0397
Files already downloaded and verified
3767 labeled samples and 159003 unlabeled samples. Total: 162770
Use 3767 samples. Get 4362 labels. Ratio: 0.8635946813388354
Epoch 9
 92.52% | time:  85.3s ( 38.5m) | step:   7322 | train acc: 1.000 | train loss: 0.000 |test acc: 0.867 (0.877, 0.850) | test eop gap: 0.0313
begin calculating influence
[Strategy 5] Acc of expected label: 0.8670703125
calculating influence -- done
 92.52% | time:  20.5s ( 38.8m) | step:   7322 | train acc: 1.000 | train loss: 0.000 |val acc: 0.867 (0.880, 0.846) | val eop gap: 0.0346
Files already downloaded and verified
3767 labeled samples and 159003 unlabeled samples. Total: 162770
Use 3767 samples. Get 4362 labels. Ratio: 0.8635946813388354
 95.05% | time:  56.1s ( 39.8m) | step:   7522 | train acc: 1.000 | train loss: 0.000 |test acc: 0.869 (0.879, 0.853) | test eop gap: 0.0381
begin calculating influence
[Strategy 5] Acc of expected label: 0.863046875
calculating influence -- done
 95.05% | time:  18.4s ( 40.1m) | step:   7522 | train acc: 1.000 | train loss: 0.000 |val acc: 0.869 (0.883, 0.847) | val eop gap: 0.0397
Files already downloaded and verified
3767 labeled samples and 159003 unlabeled samples. Total: 162770
Use 3767 samples. Get 4362 labels. Ratio: 0.8635946813388354
 97.57% | time:  53.4s ( 41.0m) | step:   7722 | train acc: 1.000 | train loss: 0.000 |test acc: 0.868 (0.878, 0.852) | test eop gap: 0.0337
begin calculating influence
[Strategy 5] Acc of expected label: 0.8630078125
calculating influence -- done
 97.57% | time:  19.2s ( 41.3m) | step:   7722 | train acc: 1.000 | train loss: 0.000 |val acc: 0.868 (0.883, 0.846) | val eop gap: 0.0365
Files already downloaded and verified
3767 labeled samples and 159003 unlabeled samples. Total: 162770
Use 3767 samples. Get 4362 labels. Ratio: 0.8635946813388354
