Files already downloaded and verified
3255 labeled samples and 159515 unlabeled samples. Total: 162770
Files already downloaded and verified
1996 labeled samples and 17966 unlabeled samples. Total: 19962
Numer of layers 62
train net...
Epoch 0
  2.53% | time:  85.0s (  1.4m) | step:    200 | train acc: 1.000 | train loss: 0.000 |test acc: 0.864 (0.873, 0.850) | test dp gap: 0.1511
begin calculating influence
selected layers: [Traced<ShapedArray(float32[2])>with<DynamicJaxprTrace(level=0/1)>, Traced<ShapedArray(float32[512,2])>with<DynamicJaxprTrace(level=0/1)>, Traced<ShapedArray(float32[64])>with<DynamicJaxprTrace(level=0/1)>, Traced<ShapedArray(float32[64])>with<DynamicJaxprTrace(level=0/1)>]
selected layers: [Traced<ShapedArray(float32[2])>with<DynamicJaxprTrace(level=0/1)>, Traced<ShapedArray(float32[512,2])>with<DynamicJaxprTrace(level=0/1)>, Traced<ShapedArray(float32[64])>with<DynamicJaxprTrace(level=0/1)>, Traced<ShapedArray(float32[64])>with<DynamicJaxprTrace(level=0/1)>]
[Strategy 5] Acc of expected label: 0.8598046875
calculating influence -- done
  2.53% | time: 193.7s (  4.6m) | step:    200 | train acc: 1.000 | train loss: 0.000 |val acc: 0.873 (0.891, 0.844) | val dp gap: 0.1715
Files already downloaded and verified
3511 labeled samples and 159259 unlabeled samples. Total: 162770
Use 3511 samples. Get 3713 labels. Ratio: 0.9455965526528414
  5.05% | time:  54.3s (  5.6m) | step:    400 | train acc: 1.000 | train loss: 0.000 |test acc: 0.869 (0.878, 0.854) | test dp gap: 0.1380
begin calculating influence
[Strategy 5] Acc of expected label: 0.8634375
calculating influence -- done
  5.05% | time: 142.5s (  7.9m) | step:    400 | train acc: 1.000 | train loss: 0.000 |val acc: 0.878 (0.896, 0.849) | val dp gap: 0.1607
Files already downloaded and verified
3767 labeled samples and 159003 unlabeled samples. Total: 162770
Use 3767 samples. Get 4266 labels. Ratio: 0.8830285982184717
  7.58% | time:  57.3s (  8.9m) | step:    600 | train acc: 1.000 | train loss: 0.000 |test acc: 0.864 (0.877, 0.842) | test dp gap: 0.1316
begin calculating influence
[Strategy 5] Acc of expected label: 0.8593359375
calculating influence -- done
  7.58% | time: 142.8s ( 11.3m) | step:    600 | train acc: 1.000 | train loss: 0.000 |val acc: 0.869 (0.887, 0.842) | val dp gap: 0.1539
Files already downloaded and verified
3767 labeled samples and 159003 unlabeled samples. Total: 162770
Use 3767 samples. Get 4266 labels. Ratio: 0.8830285982184717
Epoch 1
 12.52% | time:  88.6s ( 12.7m) | step:    991 | train acc: 1.000 | train loss: 0.000 |test acc: 0.865 (0.879, 0.844) | test dp gap: 0.1332
begin calculating influence
[Strategy 5] Acc of expected label: 0.857421875
calculating influence -- done
 12.52% | time: 142.6s ( 15.1m) | step:    991 | train acc: 1.000 | train loss: 0.000 |val acc: 0.867 (0.885, 0.839) | val dp gap: 0.1607
Files already downloaded and verified
3767 labeled samples and 159003 unlabeled samples. Total: 162770
Use 3767 samples. Get 4266 labels. Ratio: 0.8830285982184717
 15.05% | time:  55.1s ( 16.0m) | step:   1191 | train acc: 1.000 | train loss: 0.000 |test acc: 0.865 (0.878, 0.844) | test dp gap: 0.1329
begin calculating influence
[Strategy 5] Acc of expected label: 0.86078125
calculating influence -- done
 15.05% | time: 142.3s ( 18.4m) | step:   1191 | train acc: 1.000 | train loss: 0.000 |val acc: 0.868 (0.885, 0.842) | val dp gap: 0.1607
Files already downloaded and verified
3767 labeled samples and 159003 unlabeled samples. Total: 162770
Use 3767 samples. Get 4266 labels. Ratio: 0.8830285982184717
 17.58% | time:  55.6s ( 19.3m) | step:   1391 | train acc: 1.000 | train loss: 0.000 |test acc: 0.864 (0.877, 0.844) | test dp gap: 0.1326
begin calculating influence
[Strategy 5] Acc of expected label: 0.8578125
calculating influence -- done
 17.58% | time: 143.0s ( 21.7m) | step:   1391 | train acc: 1.000 | train loss: 0.000 |val acc: 0.868 (0.885, 0.842) | val dp gap: 0.1607
Files already downloaded and verified
3767 labeled samples and 159003 unlabeled samples. Total: 162770
Use 3767 samples. Get 4266 labels. Ratio: 0.8830285982184717
Epoch 2
 22.52% | time:  84.8s ( 23.1m) | step:   1782 | train acc: 1.000 | train loss: 0.000 |test acc: 0.866 (0.879, 0.844) | test dp gap: 0.1331
begin calculating influence
[Strategy 5] Acc of expected label: 0.863203125
calculating influence -- done
 22.52% | time: 142.2s ( 25.5m) | step:   1782 | train acc: 1.000 | train loss: 0.000 |val acc: 0.868 (0.886, 0.840) | val dp gap: 0.1621
Files already downloaded and verified
3767 labeled samples and 159003 unlabeled samples. Total: 162770
Use 3767 samples. Get 4266 labels. Ratio: 0.8830285982184717
 25.04% | time:  54.8s ( 26.4m) | step:   1982 | train acc: 1.000 | train loss: 0.000 |test acc: 0.865 (0.878, 0.844) | test dp gap: 0.1340
begin calculating influence
[Strategy 5] Acc of expected label: 0.861328125
calculating influence -- done
 25.04% | time: 142.6s ( 28.8m) | step:   1982 | train acc: 1.000 | train loss: 0.000 |val acc: 0.868 (0.886, 0.839) | val dp gap: 0.1624
Files already downloaded and verified
3767 labeled samples and 159003 unlabeled samples. Total: 162770
Use 3767 samples. Get 4266 labels. Ratio: 0.8830285982184717
 27.57% | time:  55.8s ( 29.7m) | step:   2182 | train acc: 1.000 | train loss: 0.000 |test acc: 0.864 (0.877, 0.842) | test dp gap: 0.1330
begin calculating influence
[Strategy 5] Acc of expected label: 0.8606640625
calculating influence -- done
 27.57% | time: 142.5s ( 32.1m) | step:   2182 | train acc: 1.000 | train loss: 0.000 |val acc: 0.867 (0.885, 0.838) | val dp gap: 0.1601
Files already downloaded and verified
3767 labeled samples and 159003 unlabeled samples. Total: 162770
Use 3767 samples. Get 4266 labels. Ratio: 0.8830285982184717
Epoch 3
 32.52% | time:  88.1s ( 33.6m) | step:   2574 | train acc: 1.000 | train loss: 0.000 |test acc: 0.864 (0.876, 0.844) | test dp gap: 0.1333
begin calculating influence
[Strategy 5] Acc of expected label: 0.861328125
calculating influence -- done
 32.52% | time: 142.2s ( 35.9m) | step:   2574 | train acc: 1.000 | train loss: 0.000 |val acc: 0.868 (0.885, 0.840) | val dp gap: 0.1594
Files already downloaded and verified
3767 labeled samples and 159003 unlabeled samples. Total: 162770
Use 3767 samples. Get 4266 labels. Ratio: 0.8830285982184717
 35.05% | time:  54.0s ( 36.8m) | step:   2774 | train acc: 1.000 | train loss: 0.000 |test acc: 0.864 (0.877, 0.843) | test dp gap: 0.1338
begin calculating influence
[Strategy 5] Acc of expected label: 0.8566796875
calculating influence -- done
 35.05% | time: 142.3s ( 39.2m) | step:   2774 | train acc: 1.000 | train loss: 0.000 |val acc: 0.868 (0.887, 0.838) | val dp gap: 0.1585
Files already downloaded and verified
3767 labeled samples and 159003 unlabeled samples. Total: 162770
Use 3767 samples. Get 4266 labels. Ratio: 0.8830285982184717
 37.58% | time:  54.1s ( 40.1m) | step:   2974 | train acc: 1.000 | train loss: 0.000 |test acc: 0.864 (0.878, 0.843) | test dp gap: 0.1333
begin calculating influence
[Strategy 5] Acc of expected label: 0.85890625
calculating influence -- done
 37.58% | time: 142.4s ( 42.5m) | step:   2974 | train acc: 1.000 | train loss: 0.000 |val acc: 0.867 (0.885, 0.839) | val dp gap: 0.1581
Files already downloaded and verified
3767 labeled samples and 159003 unlabeled samples. Total: 162770
Use 3767 samples. Get 4266 labels. Ratio: 0.8830285982184717
Epoch 4
 42.52% | time:  85.7s ( 43.9m) | step:   3365 | train acc: 1.000 | train loss: 0.000 |test acc: 0.864 (0.878, 0.843) | test dp gap: 0.1341
begin calculating influence
[Strategy 5] Acc of expected label: 0.8649609375
calculating influence -- done
 42.52% | time: 141.7s ( 46.3m) | step:   3365 | train acc: 1.000 | train loss: 0.000 |val acc: 0.867 (0.885, 0.839) | val dp gap: 0.1581
Files already downloaded and verified
3767 labeled samples and 159003 unlabeled samples. Total: 162770
Use 3767 samples. Get 4266 labels. Ratio: 0.8830285982184717
 45.05% | time:  51.4s ( 47.1m) | step:   3565 | train acc: 1.000 | train loss: 0.000 |test acc: 0.864 (0.876, 0.843) | test dp gap: 0.1330
begin calculating influence
[Strategy 5] Acc of expected label: 0.8640625
calculating influence -- done
 45.05% | time: 141.8s ( 49.5m) | step:   3565 | train acc: 1.000 | train loss: 0.000 |val acc: 0.868 (0.887, 0.838) | val dp gap: 0.1601
Files already downloaded and verified
3767 labeled samples and 159003 unlabeled samples. Total: 162770
Use 3767 samples. Get 4266 labels. Ratio: 0.8830285982184717
 47.57% | time:  53.0s ( 50.4m) | step:   3765 | train acc: 1.000 | train loss: 0.000 |test acc: 0.865 (0.879, 0.844) | test dp gap: 0.1335
begin calculating influence
[Strategy 5] Acc of expected label: 0.86515625
calculating influence -- done
 47.57% | time: 141.9s ( 52.7m) | step:   3765 | train acc: 1.000 | train loss: 0.000 |val acc: 0.870 (0.888, 0.842) | val dp gap: 0.1600
Files already downloaded and verified
3767 labeled samples and 159003 unlabeled samples. Total: 162770
Use 3767 samples. Get 4266 labels. Ratio: 0.8830285982184717
Epoch 5
 52.53% | time:  83.5s ( 54.1m) | step:   4157 | train acc: 1.000 | train loss: 0.000 |test acc: 0.865 (0.878, 0.844) | test dp gap: 0.1328
begin calculating influence
[Strategy 5] Acc of expected label: 0.8537890625
calculating influence -- done
 52.53% | time: 141.9s ( 56.5m) | step:   4157 | train acc: 1.000 | train loss: 0.000 |val acc: 0.867 (0.886, 0.838) | val dp gap: 0.1654
Files already downloaded and verified
3767 labeled samples and 159003 unlabeled samples. Total: 162770
Use 3767 samples. Get 4266 labels. Ratio: 0.8830285982184717
 55.05% | time:  55.1s ( 57.4m) | step:   4357 | train acc: 1.000 | train loss: 0.000 |test acc: 0.865 (0.878, 0.844) | test dp gap: 0.1338
begin calculating influence
[Strategy 5] Acc of expected label: 0.861875
calculating influence -- done
 55.05% | time: 141.9s ( 59.8m) | step:   4357 | train acc: 1.000 | train loss: 0.000 |val acc: 0.869 (0.888, 0.839) | val dp gap: 0.1608
Files already downloaded and verified
3767 labeled samples and 159003 unlabeled samples. Total: 162770
Use 3767 samples. Get 4266 labels. Ratio: 0.8830285982184717
 57.58% | time:  50.9s ( 60.6m) | step:   4557 | train acc: 1.000 | train loss: 0.000 |test acc: 0.864 (0.877, 0.843) | test dp gap: 0.1338
begin calculating influence
[Strategy 5] Acc of expected label: 0.859375
calculating influence -- done
 57.58% | time: 142.0s ( 63.0m) | step:   4557 | train acc: 1.000 | train loss: 0.000 |val acc: 0.868 (0.888, 0.838) | val dp gap: 0.1628
Files already downloaded and verified
3767 labeled samples and 159003 unlabeled samples. Total: 162770
Use 3767 samples. Get 4266 labels. Ratio: 0.8830285982184717
Epoch 6
 62.52% | time:  86.3s ( 64.4m) | step:   4948 | train acc: 1.000 | train loss: 0.000 |test acc: 0.863 (0.876, 0.843) | test dp gap: 0.1329
begin calculating influence
[Strategy 5] Acc of expected label: 0.859921875
calculating influence -- done
 62.52% | time: 141.8s ( 66.8m) | step:   4948 | train acc: 1.000 | train loss: 0.000 |val acc: 0.869 (0.888, 0.839) | val dp gap: 0.1554
Files already downloaded and verified
3767 labeled samples and 159003 unlabeled samples. Total: 162770
Use 3767 samples. Get 4266 labels. Ratio: 0.8830285982184717
 65.05% | time:  51.3s ( 67.6m) | step:   5148 | train acc: 1.000 | train loss: 0.000 |test acc: 0.864 (0.877, 0.843) | test dp gap: 0.1333
begin calculating influence
[Strategy 5] Acc of expected label: 0.860625
calculating influence -- done
 65.05% | time: 141.6s ( 70.0m) | step:   5148 | train acc: 1.000 | train loss: 0.000 |val acc: 0.867 (0.886, 0.837) | val dp gap: 0.1580
Files already downloaded and verified
3767 labeled samples and 159003 unlabeled samples. Total: 162770
Use 3767 samples. Get 4266 labels. Ratio: 0.8830285982184717
 67.58% | time:  51.9s ( 70.9m) | step:   5348 | train acc: 1.000 | train loss: 0.000 |test acc: 0.864 (0.877, 0.844) | test dp gap: 0.1339
begin calculating influence
[Strategy 5] Acc of expected label: 0.8654296875
calculating influence -- done
 67.58% | time: 141.9s ( 73.2m) | step:   5348 | train acc: 1.000 | train loss: 0.000 |val acc: 0.868 (0.888, 0.837) | val dp gap: 0.1615
Files already downloaded and verified
3767 labeled samples and 159003 unlabeled samples. Total: 162770
Use 3767 samples. Get 4266 labels. Ratio: 0.8830285982184717
Epoch 7
 72.52% | time:  82.9s ( 74.6m) | step:   5739 | train acc: 1.000 | train loss: 0.000 |test acc: 0.865 (0.877, 0.844) | test dp gap: 0.1336
begin calculating influence
[Strategy 5] Acc of expected label: 0.85984375
calculating influence -- done
 72.52% | time: 141.8s ( 77.0m) | step:   5739 | train acc: 1.000 | train loss: 0.000 |val acc: 0.868 (0.888, 0.838) | val dp gap: 0.1602
Files already downloaded and verified
3767 labeled samples and 159003 unlabeled samples. Total: 162770
Use 3767 samples. Get 4266 labels. Ratio: 0.8830285982184717
 75.04% | time:  55.3s ( 77.9m) | step:   5939 | train acc: 1.000 | train loss: 0.000 |test acc: 0.865 (0.878, 0.844) | test dp gap: 0.1337
begin calculating influence
[Strategy 5] Acc of expected label: 0.8585546875
calculating influence -- done
 75.04% | time: 141.8s ( 80.3m) | step:   5939 | train acc: 1.000 | train loss: 0.000 |val acc: 0.868 (0.888, 0.837) | val dp gap: 0.1607
Files already downloaded and verified
3767 labeled samples and 159003 unlabeled samples. Total: 162770
Use 3767 samples. Get 4266 labels. Ratio: 0.8830285982184717
 77.57% | time:  51.6s ( 81.1m) | step:   6139 | train acc: 1.000 | train loss: 0.000 |test acc: 0.865 (0.878, 0.843) | test dp gap: 0.1334
begin calculating influence
[Strategy 5] Acc of expected label: 0.862421875
calculating influence -- done
 77.57% | time: 141.7s ( 83.5m) | step:   6139 | train acc: 1.000 | train loss: 0.000 |val acc: 0.868 (0.888, 0.837) | val dp gap: 0.1607
Files already downloaded and verified
3767 labeled samples and 159003 unlabeled samples. Total: 162770
Use 3767 samples. Get 4266 labels. Ratio: 0.8830285982184717
Epoch 8
 82.52% | time:  83.6s ( 84.9m) | step:   6531 | train acc: 1.000 | train loss: 0.000 |test acc: 0.865 (0.879, 0.844) | test dp gap: 0.1340
begin calculating influence
[Strategy 5] Acc of expected label: 0.864765625
calculating influence -- done
 82.52% | time: 141.9s ( 87.3m) | step:   6531 | train acc: 1.000 | train loss: 0.000 |val acc: 0.868 (0.888, 0.837) | val dp gap: 0.1607
Files already downloaded and verified
3767 labeled samples and 159003 unlabeled samples. Total: 162770
Use 3767 samples. Get 4266 labels. Ratio: 0.8830285982184717
 85.05% | time:  51.7s ( 88.1m) | step:   6731 | train acc: 1.000 | train loss: 0.000 |test acc: 0.864 (0.877, 0.843) | test dp gap: 0.1339
begin calculating influence
[Strategy 5] Acc of expected label: 0.86078125
calculating influence -- done
 85.05% | time: 141.8s ( 90.5m) | step:   6731 | train acc: 1.000 | train loss: 0.000 |val acc: 0.868 (0.888, 0.838) | val dp gap: 0.1602
Files already downloaded and verified
3767 labeled samples and 159003 unlabeled samples. Total: 162770
Use 3767 samples. Get 4266 labels. Ratio: 0.8830285982184717
 87.58% | time:  51.8s ( 91.3m) | step:   6931 | train acc: 1.000 | train loss: 0.000 |test acc: 0.865 (0.878, 0.844) | test dp gap: 0.1338
begin calculating influence
[Strategy 5] Acc of expected label: 0.861640625
calculating influence -- done
 87.58% | time: 141.7s ( 93.7m) | step:   6931 | train acc: 1.000 | train loss: 0.000 |val acc: 0.868 (0.888, 0.837) | val dp gap: 0.1607
Files already downloaded and verified
3767 labeled samples and 159003 unlabeled samples. Total: 162770
Use 3767 samples. Get 4266 labels. Ratio: 0.8830285982184717
Epoch 9
 92.52% | time:  84.2s ( 95.1m) | step:   7322 | train acc: 1.000 | train loss: 0.000 |test acc: 0.864 (0.876, 0.843) | test dp gap: 0.1340
begin calculating influence
[Strategy 5] Acc of expected label: 0.8618359375
calculating influence -- done
 92.52% | time: 141.6s ( 97.5m) | step:   7322 | train acc: 1.000 | train loss: 0.000 |val acc: 0.868 (0.888, 0.838) | val dp gap: 0.1567
Files already downloaded and verified
3767 labeled samples and 159003 unlabeled samples. Total: 162770
Use 3767 samples. Get 4266 labels. Ratio: 0.8830285982184717
 95.05% | time:  50.8s ( 98.3m) | step:   7522 | train acc: 1.000 | train loss: 0.000 |test acc: 0.866 (0.880, 0.845) | test dp gap: 0.1334
begin calculating influence
[Strategy 5] Acc of expected label: 0.8563671875
calculating influence -- done
 95.05% | time: 141.8s (100.7m) | step:   7522 | train acc: 1.000 | train loss: 0.000 |val acc: 0.869 (0.889, 0.837) | val dp gap: 0.1608
Files already downloaded and verified
3767 labeled samples and 159003 unlabeled samples. Total: 162770
Use 3767 samples. Get 4266 labels. Ratio: 0.8830285982184717
 97.57% | time:  51.0s (101.5m) | step:   7722 | train acc: 1.000 | train loss: 0.000 |test acc: 0.865 (0.877, 0.844) | test dp gap: 0.1336
begin calculating influence
[Strategy 5] Acc of expected label: 0.8626953125
calculating influence -- done
 97.57% | time: 141.7s (103.9m) | step:   7722 | train acc: 1.000 | train loss: 0.000 |val acc: 0.868 (0.888, 0.837) | val dp gap: 0.1607
Files already downloaded and verified
3767 labeled samples and 159003 unlabeled samples. Total: 162770
Use 3767 samples. Get 4266 labels. Ratio: 0.8830285982184717
