Files already downloaded and verified
3255 labeled samples and 159515 unlabeled samples. Total: 162770
Files already downloaded and verified
1996 labeled samples and 17966 unlabeled samples. Total: 19962
Numer of layers 62
train net...
Epoch 0
  2.53% | time:  87.0s (  1.4m) | step:    200 | train acc: 1.000 | train loss: 0.000 |test acc: 0.737 (0.719, 0.765) | test dp gap: 0.4651
begin calculating influence
selected layers: [Traced<ShapedArray(float32[2])>with<DynamicJaxprTrace(level=0/1)>, Traced<ShapedArray(float32[512,2])>with<DynamicJaxprTrace(level=0/1)>]
selected layers: [Traced<ShapedArray(float32[2])>with<DynamicJaxprTrace(level=0/1)>, Traced<ShapedArray(float32[512,2])>with<DynamicJaxprTrace(level=0/1)>]
[Strategy 5] Acc of expected label: 0.73390625
calculating influence -- done
  2.53% | time:  36.4s (  2.1m) | step:    200 | train acc: 1.000 | train loss: 0.000 |val acc: 0.742 (0.731, 0.759) | val dp gap: 0.4759
Files already downloaded and verified
3511 labeled samples and 159259 unlabeled samples. Total: 162770
Use 3511 samples. Get 3796 labels. Ratio: 0.9249209694415174
  5.05% | time:  52.0s (  2.9m) | step:    400 | train acc: 1.000 | train loss: 0.000 |test acc: 0.737 (0.716, 0.771) | test dp gap: 0.4572
begin calculating influence
[Strategy 5] Acc of expected label: 0.7288671875
calculating influence -- done
  5.05% | time:  18.2s (  3.2m) | step:    400 | train acc: 1.000 | train loss: 0.000 |val acc: 0.732 (0.721, 0.749) | val dp gap: 0.4520
Files already downloaded and verified
3511 labeled samples and 159259 unlabeled samples. Total: 162770
Use 3511 samples. Get 3796 labels. Ratio: 0.9249209694415174
  7.58% | time:  53.0s (  4.1m) | step:    600 | train acc: 1.000 | train loss: 0.000 |test acc: 0.737 (0.716, 0.772) | test dp gap: 0.4598
begin calculating influence
[Strategy 5] Acc of expected label: 0.7306640625
calculating influence -- done
  7.58% | time:  19.4s (  4.4m) | step:    600 | train acc: 1.000 | train loss: 0.000 |val acc: 0.733 (0.723, 0.750) | val dp gap: 0.4559
Files already downloaded and verified
3511 labeled samples and 159259 unlabeled samples. Total: 162770
Use 3511 samples. Get 3796 labels. Ratio: 0.9249209694415174
Epoch 1
 12.52% | time:  86.1s (  5.9m) | step:    991 | train acc: 1.000 | train loss: 0.000 |test acc: 0.736 (0.711, 0.775) | test dp gap: 0.4556
begin calculating influence
[Strategy 5] Acc of expected label: 0.7340625
calculating influence -- done
 12.52% | time:  19.1s (  6.2m) | step:    991 | train acc: 1.000 | train loss: 0.000 |val acc: 0.728 (0.716, 0.746) | val dp gap: 0.4492
Files already downloaded and verified
3511 labeled samples and 159259 unlabeled samples. Total: 162770
Use 3511 samples. Get 3796 labels. Ratio: 0.9249209694415174
 15.05% | time:  53.1s (  7.1m) | step:   1191 | train acc: 1.000 | train loss: 0.000 |test acc: 0.736 (0.713, 0.773) | test dp gap: 0.4570
begin calculating influence
[Strategy 5] Acc of expected label: 0.7245703125
calculating influence -- done
 15.05% | time:  20.2s (  7.4m) | step:   1191 | train acc: 1.000 | train loss: 0.000 |val acc: 0.729 (0.715, 0.752) | val dp gap: 0.4522
Files already downloaded and verified
3511 labeled samples and 159259 unlabeled samples. Total: 162770
Use 3511 samples. Get 3796 labels. Ratio: 0.9249209694415174
 17.58% | time:  53.1s (  8.3m) | step:   1391 | train acc: 1.000 | train loss: 0.000 |test acc: 0.736 (0.712, 0.774) | test dp gap: 0.4568
begin calculating influence
[Strategy 5] Acc of expected label: 0.7285546875
calculating influence -- done
 17.58% | time:  17.6s (  8.6m) | step:   1391 | train acc: 1.000 | train loss: 0.000 |val acc: 0.729 (0.715, 0.750) | val dp gap: 0.4543
Files already downloaded and verified
3511 labeled samples and 159259 unlabeled samples. Total: 162770
Use 3511 samples. Get 3796 labels. Ratio: 0.9249209694415174
Epoch 2
 22.52% | time:  84.7s ( 10.0m) | step:   1782 | train acc: 1.000 | train loss: 0.000 |test acc: 0.735 (0.712, 0.772) | test dp gap: 0.4582
begin calculating influence
[Strategy 5] Acc of expected label: 0.731640625
calculating influence -- done
 22.52% | time:  17.6s ( 10.3m) | step:   1782 | train acc: 1.000 | train loss: 0.000 |val acc: 0.731 (0.715, 0.757) | val dp gap: 0.4504
Files already downloaded and verified
3511 labeled samples and 159259 unlabeled samples. Total: 162770
Use 3511 samples. Get 3796 labels. Ratio: 0.9249209694415174
 25.04% | time:  53.6s ( 11.2m) | step:   1982 | train acc: 1.000 | train loss: 0.000 |test acc: 0.736 (0.713, 0.772) | test dp gap: 0.4591
begin calculating influence
[Strategy 5] Acc of expected label: 0.7287109375
calculating influence -- done
 25.04% | time:  17.8s ( 11.5m) | step:   1982 | train acc: 1.000 | train loss: 0.000 |val acc: 0.732 (0.717, 0.757) | val dp gap: 0.4528
Files already downloaded and verified
3511 labeled samples and 159259 unlabeled samples. Total: 162770
Use 3511 samples. Get 3796 labels. Ratio: 0.9249209694415174
 27.57% | time:  53.4s ( 12.4m) | step:   2182 | train acc: 1.000 | train loss: 0.000 |test acc: 0.737 (0.712, 0.775) | test dp gap: 0.4574
begin calculating influence
[Strategy 5] Acc of expected label: 0.7287109375
calculating influence -- done
 27.57% | time:  17.8s ( 12.7m) | step:   2182 | train acc: 1.000 | train loss: 0.000 |val acc: 0.727 (0.715, 0.746) | val dp gap: 0.4516
Files already downloaded and verified
3511 labeled samples and 159259 unlabeled samples. Total: 162770
Use 3511 samples. Get 3796 labels. Ratio: 0.9249209694415174
Epoch 3
 32.52% | time:  86.0s ( 14.1m) | step:   2574 | train acc: 1.000 | train loss: 0.000 |test acc: 0.736 (0.711, 0.775) | test dp gap: 0.4578
begin calculating influence
[Strategy 5] Acc of expected label: 0.729453125
calculating influence -- done
 32.52% | time:  17.7s ( 14.4m) | step:   2574 | train acc: 1.000 | train loss: 0.000 |val acc: 0.730 (0.717, 0.750) | val dp gap: 0.4504
Files already downloaded and verified
3511 labeled samples and 159259 unlabeled samples. Total: 162770
Use 3511 samples. Get 3796 labels. Ratio: 0.9249209694415174
 35.05% | time:  52.6s ( 15.3m) | step:   2774 | train acc: 1.000 | train loss: 0.000 |test acc: 0.736 (0.712, 0.773) | test dp gap: 0.4590
begin calculating influence
[Strategy 5] Acc of expected label: 0.73765625
calculating influence -- done
 35.05% | time:  19.8s ( 15.6m) | step:   2774 | train acc: 1.000 | train loss: 0.000 |val acc: 0.732 (0.717, 0.755) | val dp gap: 0.4508
Files already downloaded and verified
3511 labeled samples and 159259 unlabeled samples. Total: 162770
Use 3511 samples. Get 3796 labels. Ratio: 0.9249209694415174
 37.58% | time:  53.3s ( 16.5m) | step:   2974 | train acc: 1.000 | train loss: 0.000 |test acc: 0.736 (0.711, 0.775) | test dp gap: 0.4571
begin calculating influence
[Strategy 5] Acc of expected label: 0.7312890625
calculating influence -- done
 37.58% | time:  20.3s ( 16.8m) | step:   2974 | train acc: 1.000 | train loss: 0.000 |val acc: 0.728 (0.715, 0.749) | val dp gap: 0.4523
Files already downloaded and verified
3511 labeled samples and 159259 unlabeled samples. Total: 162770
Use 3511 samples. Get 3796 labels. Ratio: 0.9249209694415174
Epoch 4
 42.52% | time:  86.8s ( 18.3m) | step:   3365 | train acc: 1.000 | train loss: 0.000 |test acc: 0.736 (0.711, 0.775) | test dp gap: 0.4583
begin calculating influence
[Strategy 5] Acc of expected label: 0.7294140625
calculating influence -- done
 42.52% | time:  20.7s ( 18.6m) | step:   3365 | train acc: 1.000 | train loss: 0.000 |val acc: 0.730 (0.716, 0.752) | val dp gap: 0.4522
Files already downloaded and verified
3511 labeled samples and 159259 unlabeled samples. Total: 162770
Use 3511 samples. Get 3796 labels. Ratio: 0.9249209694415174
 45.05% | time:  52.6s ( 19.5m) | step:   3565 | train acc: 1.000 | train loss: 0.000 |test acc: 0.736 (0.711, 0.776) | test dp gap: 0.4566
begin calculating influence
[Strategy 5] Acc of expected label: 0.7291796875
calculating influence -- done
 45.05% | time:  17.9s ( 19.8m) | step:   3565 | train acc: 1.000 | train loss: 0.000 |val acc: 0.731 (0.719, 0.752) | val dp gap: 0.4484
Files already downloaded and verified
3511 labeled samples and 159259 unlabeled samples. Total: 162770
Use 3511 samples. Get 3796 labels. Ratio: 0.9249209694415174
 47.57% | time:  53.8s ( 20.7m) | step:   3765 | train acc: 1.000 | train loss: 0.000 |test acc: 0.736 (0.712, 0.776) | test dp gap: 0.4573
begin calculating influence
[Strategy 5] Acc of expected label: 0.73328125
calculating influence -- done
 47.57% | time:  19.8s ( 21.0m) | step:   3765 | train acc: 1.000 | train loss: 0.000 |val acc: 0.730 (0.718, 0.749) | val dp gap: 0.4475
Files already downloaded and verified
3511 labeled samples and 159259 unlabeled samples. Total: 162770
Use 3511 samples. Get 3796 labels. Ratio: 0.9249209694415174
Epoch 5
 52.53% | time:  86.4s ( 22.5m) | step:   4157 | train acc: 1.000 | train loss: 0.000 |test acc: 0.736 (0.711, 0.775) | test dp gap: 0.4579
begin calculating influence
[Strategy 5] Acc of expected label: 0.7370703125
calculating influence -- done
 52.53% | time:  19.6s ( 22.8m) | step:   4157 | train acc: 1.000 | train loss: 0.000 |val acc: 0.729 (0.716, 0.750) | val dp gap: 0.4512
Files already downloaded and verified
3511 labeled samples and 159259 unlabeled samples. Total: 162770
Use 3511 samples. Get 3796 labels. Ratio: 0.9249209694415174
 55.05% | time:  55.1s ( 23.7m) | step:   4357 | train acc: 1.000 | train loss: 0.000 |test acc: 0.736 (0.711, 0.775) | test dp gap: 0.4575
begin calculating influence
[Strategy 5] Acc of expected label: 0.732109375
calculating influence -- done
 55.05% | time:  17.8s ( 24.0m) | step:   4357 | train acc: 1.000 | train loss: 0.000 |val acc: 0.730 (0.717, 0.752) | val dp gap: 0.4498
Files already downloaded and verified
3511 labeled samples and 159259 unlabeled samples. Total: 162770
Use 3511 samples. Get 3796 labels. Ratio: 0.9249209694415174
 57.58% | time:  52.3s ( 24.9m) | step:   4557 | train acc: 1.000 | train loss: 0.000 |test acc: 0.736 (0.712, 0.775) | test dp gap: 0.4586
begin calculating influence
[Strategy 5] Acc of expected label: 0.73265625
calculating influence -- done
 57.58% | time:  17.7s ( 25.2m) | step:   4557 | train acc: 1.000 | train loss: 0.000 |val acc: 0.731 (0.717, 0.753) | val dp gap: 0.4518
Files already downloaded and verified
3511 labeled samples and 159259 unlabeled samples. Total: 162770
Use 3511 samples. Get 3796 labels. Ratio: 0.9249209694415174
Epoch 6
 62.52% | time:  85.8s ( 26.6m) | step:   4948 | train acc: 1.000 | train loss: 0.000 |test acc: 0.737 (0.714, 0.774) | test dp gap: 0.4603
begin calculating influence
[Strategy 5] Acc of expected label: 0.7337890625
calculating influence -- done
 62.52% | time:  21.8s ( 27.0m) | step:   4948 | train acc: 1.000 | train loss: 0.000 |val acc: 0.730 (0.716, 0.752) | val dp gap: 0.4513
Files already downloaded and verified
3511 labeled samples and 159259 unlabeled samples. Total: 162770
Use 3511 samples. Get 3796 labels. Ratio: 0.9249209694415174
 65.05% | time:  53.7s ( 27.9m) | step:   5148 | train acc: 1.000 | train loss: 0.000 |test acc: 0.736 (0.712, 0.775) | test dp gap: 0.4577
begin calculating influence
[Strategy 5] Acc of expected label: 0.7356640625
calculating influence -- done
 65.05% | time:  18.0s ( 28.2m) | step:   5148 | train acc: 1.000 | train loss: 0.000 |val acc: 0.732 (0.719, 0.753) | val dp gap: 0.4543
Files already downloaded and verified
3511 labeled samples and 159259 unlabeled samples. Total: 162770
Use 3511 samples. Get 3796 labels. Ratio: 0.9249209694415174
 67.58% | time:  52.9s ( 29.0m) | step:   5348 | train acc: 1.000 | train loss: 0.000 |test acc: 0.736 (0.711, 0.775) | test dp gap: 0.4581
begin calculating influence
[Strategy 5] Acc of expected label: 0.7275390625
calculating influence -- done
 67.58% | time:  20.7s ( 29.4m) | step:   5348 | train acc: 1.000 | train loss: 0.000 |val acc: 0.730 (0.717, 0.752) | val dp gap: 0.4514
Files already downloaded and verified
3511 labeled samples and 159259 unlabeled samples. Total: 162770
Use 3511 samples. Get 3796 labels. Ratio: 0.9249209694415174
Epoch 7
 72.52% | time:  85.6s ( 30.8m) | step:   5739 | train acc: 1.000 | train loss: 0.000 |test acc: 0.736 (0.712, 0.775) | test dp gap: 0.4586
begin calculating influence
[Strategy 5] Acc of expected label: 0.7353125
calculating influence -- done
 72.52% | time:  17.5s ( 31.1m) | step:   5739 | train acc: 1.000 | train loss: 0.000 |val acc: 0.731 (0.718, 0.753) | val dp gap: 0.4526
Files already downloaded and verified
3511 labeled samples and 159259 unlabeled samples. Total: 162770
Use 3511 samples. Get 3796 labels. Ratio: 0.9249209694415174
 75.04% | time:  54.3s ( 32.0m) | step:   5939 | train acc: 1.000 | train loss: 0.000 |test acc: 0.737 (0.713, 0.775) | test dp gap: 0.4594
begin calculating influence
[Strategy 5] Acc of expected label: 0.73921875
calculating influence -- done
 75.04% | time:  19.8s ( 32.3m) | step:   5939 | train acc: 1.000 | train loss: 0.000 |val acc: 0.731 (0.717, 0.753) | val dp gap: 0.4551
Files already downloaded and verified
3511 labeled samples and 159259 unlabeled samples. Total: 162770
Use 3511 samples. Get 3796 labels. Ratio: 0.9249209694415174
 77.57% | time:  54.3s ( 33.2m) | step:   6139 | train acc: 1.000 | train loss: 0.000 |test acc: 0.736 (0.711, 0.776) | test dp gap: 0.4560
begin calculating influence
[Strategy 5] Acc of expected label: 0.729921875
calculating influence -- done
 77.57% | time:  20.5s ( 33.6m) | step:   6139 | train acc: 1.000 | train loss: 0.000 |val acc: 0.730 (0.719, 0.749) | val dp gap: 0.4477
Files already downloaded and verified
3511 labeled samples and 159259 unlabeled samples. Total: 162770
Use 3511 samples. Get 3796 labels. Ratio: 0.9249209694415174
Epoch 8
 82.52% | time:  84.3s ( 35.0m) | step:   6531 | train acc: 1.000 | train loss: 0.000 |test acc: 0.736 (0.713, 0.774) | test dp gap: 0.4585
begin calculating influence
[Strategy 5] Acc of expected label: 0.7304296875
calculating influence -- done
 82.52% | time:  21.1s ( 35.3m) | step:   6531 | train acc: 1.000 | train loss: 0.000 |val acc: 0.730 (0.717, 0.752) | val dp gap: 0.4563
Files already downloaded and verified
3511 labeled samples and 159259 unlabeled samples. Total: 162770
Use 3511 samples. Get 3796 labels. Ratio: 0.9249209694415174
 85.05% | time:  54.0s ( 36.2m) | step:   6731 | train acc: 1.000 | train loss: 0.000 |test acc: 0.736 (0.713, 0.774) | test dp gap: 0.4594
begin calculating influence
[Strategy 5] Acc of expected label: 0.7325
calculating influence -- done
 85.05% | time:  20.2s ( 36.6m) | step:   6731 | train acc: 1.000 | train loss: 0.000 |val acc: 0.732 (0.719, 0.753) | val dp gap: 0.4559
Files already downloaded and verified
3511 labeled samples and 159259 unlabeled samples. Total: 162770
Use 3511 samples. Get 3796 labels. Ratio: 0.9249209694415174
 87.58% | time:  52.7s ( 37.5m) | step:   6931 | train acc: 1.000 | train loss: 0.000 |test acc: 0.736 (0.712, 0.775) | test dp gap: 0.4578
begin calculating influence
[Strategy 5] Acc of expected label: 0.7350390625
calculating influence -- done
 87.58% | time:  20.3s ( 37.8m) | step:   6931 | train acc: 1.000 | train loss: 0.000 |val acc: 0.731 (0.717, 0.754) | val dp gap: 0.4556
Files already downloaded and verified
3511 labeled samples and 159259 unlabeled samples. Total: 162770
Use 3511 samples. Get 3796 labels. Ratio: 0.9249209694415174
Epoch 9
 92.52% | time:  84.1s ( 39.2m) | step:   7322 | train acc: 1.000 | train loss: 0.000 |test acc: 0.737 (0.713, 0.776) | test dp gap: 0.4583
begin calculating influence
[Strategy 5] Acc of expected label: 0.732421875
calculating influence -- done
 92.52% | time:  19.4s ( 39.5m) | step:   7322 | train acc: 1.000 | train loss: 0.000 |val acc: 0.732 (0.719, 0.753) | val dp gap: 0.4569
Files already downloaded and verified
3511 labeled samples and 159259 unlabeled samples. Total: 162770
Use 3511 samples. Get 3796 labels. Ratio: 0.9249209694415174
 95.05% | time:  52.2s ( 40.4m) | step:   7522 | train acc: 1.000 | train loss: 0.000 |test acc: 0.736 (0.712, 0.774) | test dp gap: 0.4588
begin calculating influence
[Strategy 5] Acc of expected label: 0.730859375
calculating influence -- done
 95.05% | time:  17.2s ( 40.7m) | step:   7522 | train acc: 1.000 | train loss: 0.000 |val acc: 0.731 (0.719, 0.752) | val dp gap: 0.4547
Files already downloaded and verified
3511 labeled samples and 159259 unlabeled samples. Total: 162770
Use 3511 samples. Get 3796 labels. Ratio: 0.9249209694415174
 97.57% | time:  52.6s ( 41.6m) | step:   7722 | train acc: 1.000 | train loss: 0.000 |test acc: 0.736 (0.712, 0.775) | test dp gap: 0.4585
begin calculating influence
[Strategy 5] Acc of expected label: 0.73140625
calculating influence -- done
 97.57% | time:  20.4s ( 41.9m) | step:   7722 | train acc: 1.000 | train loss: 0.000 |val acc: 0.732 (0.718, 0.754) | val dp gap: 0.4555
Files already downloaded and verified
3511 labeled samples and 159259 unlabeled samples. Total: 162770
Use 3511 samples. Get 3796 labels. Ratio: 0.9249209694415174
