Files already downloaded and verified
3255 labeled samples and 159515 unlabeled samples. Total: 162770
Files already downloaded and verified
1996 labeled samples and 17966 unlabeled samples. Total: 19962
Numer of layers 62
train net...
Epoch 0
  2.53% | time:  86.1s (  1.4m) | step:    200 | train acc: 1.000 | train loss: 0.000 |test acc: 0.864 (0.871, 0.852) | test eod gap: 0.0390
begin calculating influence
selected layers: [Traced<ShapedArray(float32[2])>with<DynamicJaxprTrace(level=0/1)>, Traced<ShapedArray(float32[512,2])>with<DynamicJaxprTrace(level=0/1)>]
selected layers: [Traced<ShapedArray(float32[2])>with<DynamicJaxprTrace(level=0/1)>, Traced<ShapedArray(float32[512,2])>with<DynamicJaxprTrace(level=0/1)>]
[Strategy 5] Acc of expected label: 0.8591015625
calculating influence -- done
  2.53% | time:  36.0s (  2.0m) | step:    200 | train acc: 1.000 | train loss: 0.000 |val acc: 0.865 (0.879, 0.842) | val eod gap: 0.0519
Files already downloaded and verified
3511 labeled samples and 159259 unlabeled samples. Total: 162770
Use 3511 samples. Get 3794 labels. Ratio: 0.9254085397996837
  5.05% | time:  50.9s (  2.9m) | step:    400 | train acc: 1.000 | train loss: 0.000 |test acc: 0.870 (0.881, 0.854) | test eod gap: 0.0281
begin calculating influence
[Strategy 5] Acc of expected label: 0.86109375
calculating influence -- done
  5.05% | time:  20.4s (  3.2m) | step:    400 | train acc: 1.000 | train loss: 0.000 |val acc: 0.877 (0.884, 0.866) | val eod gap: 0.0273
Files already downloaded and verified
3767 labeled samples and 159003 unlabeled samples. Total: 162770
Use 3767 samples. Get 4339 labels. Ratio: 0.8681723899516017
  7.58% | time:  52.1s (  4.1m) | step:    600 | train acc: 1.000 | train loss: 0.000 |test acc: 0.867 (0.878, 0.850) | test eod gap: 0.0301
begin calculating influence
[Strategy 5] Acc of expected label: 0.8626953125
calculating influence -- done
  7.58% | time:  17.8s (  4.4m) | step:    600 | train acc: 1.000 | train loss: 0.000 |val acc: 0.871 (0.885, 0.848) | val eod gap: 0.0286
Files already downloaded and verified
3767 labeled samples and 159003 unlabeled samples. Total: 162770
Use 3767 samples. Get 4339 labels. Ratio: 0.8681723899516017
Epoch 1
 12.52% | time:  84.1s (  5.8m) | step:    991 | train acc: 1.000 | train loss: 0.000 |test acc: 0.868 (0.880, 0.849) | test eod gap: 0.0261
begin calculating influence
[Strategy 5] Acc of expected label: 0.862578125
calculating influence -- done
 12.52% | time:  17.7s (  6.1m) | step:    991 | train acc: 1.000 | train loss: 0.000 |val acc: 0.869 (0.883, 0.847) | val eod gap: 0.0246
Files already downloaded and verified
3767 labeled samples and 159003 unlabeled samples. Total: 162770
Use 3767 samples. Get 4339 labels. Ratio: 0.8681723899516017
 15.05% | time:  52.2s (  7.0m) | step:   1191 | train acc: 1.000 | train loss: 0.000 |test acc: 0.868 (0.879, 0.850) | test eod gap: 0.0265
begin calculating influence
[Strategy 5] Acc of expected label: 0.8632421875
calculating influence -- done
 15.05% | time:  20.2s (  7.3m) | step:   1191 | train acc: 1.000 | train loss: 0.000 |val acc: 0.868 (0.881, 0.847) | val eod gap: 0.0229
Files already downloaded and verified
3767 labeled samples and 159003 unlabeled samples. Total: 162770
Use 3767 samples. Get 4339 labels. Ratio: 0.8681723899516017
 17.58% | time:  51.8s (  8.2m) | step:   1391 | train acc: 1.000 | train loss: 0.000 |test acc: 0.868 (0.879, 0.850) | test eod gap: 0.0252
begin calculating influence
[Strategy 5] Acc of expected label: 0.860703125
calculating influence -- done
 17.58% | time:  19.5s (  8.5m) | step:   1391 | train acc: 1.000 | train loss: 0.000 |val acc: 0.868 (0.882, 0.846) | val eod gap: 0.0249
Files already downloaded and verified
3767 labeled samples and 159003 unlabeled samples. Total: 162770
Use 3767 samples. Get 4339 labels. Ratio: 0.8681723899516017
Epoch 2
 22.52% | time:  83.6s (  9.9m) | step:   1782 | train acc: 1.000 | train loss: 0.000 |test acc: 0.869 (0.880, 0.851) | test eod gap: 0.0270
begin calculating influence
[Strategy 5] Acc of expected label: 0.86109375
calculating influence -- done
 22.52% | time:  17.5s ( 10.2m) | step:   1782 | train acc: 1.000 | train loss: 0.000 |val acc: 0.872 (0.884, 0.853) | val eod gap: 0.0213
Files already downloaded and verified
3767 labeled samples and 159003 unlabeled samples. Total: 162770
Use 3767 samples. Get 4339 labels. Ratio: 0.8681723899516017
 25.04% | time:  52.7s ( 11.0m) | step:   1982 | train acc: 1.000 | train loss: 0.000 |test acc: 0.869 (0.880, 0.851) | test eod gap: 0.0268
begin calculating influence
[Strategy 5] Acc of expected label: 0.864140625
calculating influence -- done
 25.04% | time:  17.8s ( 11.3m) | step:   1982 | train acc: 1.000 | train loss: 0.000 |val acc: 0.871 (0.883, 0.853) | val eod gap: 0.0223
Files already downloaded and verified
3767 labeled samples and 159003 unlabeled samples. Total: 162770
Use 3767 samples. Get 4339 labels. Ratio: 0.8681723899516017
 27.57% | time:  52.4s ( 12.2m) | step:   2182 | train acc: 1.000 | train loss: 0.000 |test acc: 0.867 (0.879, 0.849) | test eod gap: 0.0234
begin calculating influence
[Strategy 5] Acc of expected label: 0.8603515625
calculating influence -- done
 27.57% | time:  20.5s ( 12.6m) | step:   2182 | train acc: 1.000 | train loss: 0.000 |val acc: 0.868 (0.881, 0.848) | val eod gap: 0.0210
Files already downloaded and verified
3767 labeled samples and 159003 unlabeled samples. Total: 162770
Use 3767 samples. Get 4339 labels. Ratio: 0.8681723899516017
Epoch 3
 32.52% | time:  84.6s ( 14.0m) | step:   2574 | train acc: 1.000 | train loss: 0.000 |test acc: 0.867 (0.879, 0.850) | test eod gap: 0.0244
begin calculating influence
[Strategy 5] Acc of expected label: 0.861015625
calculating influence -- done
 32.52% | time:  17.7s ( 14.3m) | step:   2574 | train acc: 1.000 | train loss: 0.000 |val acc: 0.866 (0.879, 0.846) | val eod gap: 0.0212
Files already downloaded and verified
3767 labeled samples and 159003 unlabeled samples. Total: 162770
Use 3767 samples. Get 4339 labels. Ratio: 0.8681723899516017
 35.05% | time:  52.5s ( 15.1m) | step:   2774 | train acc: 1.000 | train loss: 0.000 |test acc: 0.867 (0.879, 0.849) | test eod gap: 0.0236
begin calculating influence
[Strategy 5] Acc of expected label: 0.8648046875
calculating influence -- done
 35.05% | time:  17.6s ( 15.4m) | step:   2774 | train acc: 1.000 | train loss: 0.000 |val acc: 0.868 (0.882, 0.847) | val eod gap: 0.0228
Files already downloaded and verified
3767 labeled samples and 159003 unlabeled samples. Total: 162770
Use 3767 samples. Get 4339 labels. Ratio: 0.8681723899516017
 37.58% | time:  53.7s ( 16.3m) | step:   2974 | train acc: 1.000 | train loss: 0.000 |test acc: 0.868 (0.879, 0.850) | test eod gap: 0.0249
begin calculating influence
[Strategy 5] Acc of expected label: 0.8647265625
calculating influence -- done
 37.58% | time:  19.6s ( 16.6m) | step:   2974 | train acc: 1.000 | train loss: 0.000 |val acc: 0.870 (0.882, 0.851) | val eod gap: 0.0198
Files already downloaded and verified
3767 labeled samples and 159003 unlabeled samples. Total: 162770
Use 3767 samples. Get 4339 labels. Ratio: 0.8681723899516017
Epoch 4
 42.52% | time:  85.3s ( 18.1m) | step:   3365 | train acc: 1.000 | train loss: 0.000 |test acc: 0.868 (0.880, 0.851) | test eod gap: 0.0238
begin calculating influence
[Strategy 5] Acc of expected label: 0.863515625
calculating influence -- done
 42.52% | time:  17.5s ( 18.4m) | step:   3365 | train acc: 1.000 | train loss: 0.000 |val acc: 0.870 (0.882, 0.852) | val eod gap: 0.0195
Files already downloaded and verified
3767 labeled samples and 159003 unlabeled samples. Total: 162770
Use 3767 samples. Get 4339 labels. Ratio: 0.8681723899516017
 45.05% | time:  52.5s ( 19.2m) | step:   3565 | train acc: 1.000 | train loss: 0.000 |test acc: 0.868 (0.879, 0.850) | test eod gap: 0.0244
begin calculating influence
[Strategy 5] Acc of expected label: 0.8648046875
calculating influence -- done
 45.05% | time:  19.5s ( 19.6m) | step:   3565 | train acc: 1.000 | train loss: 0.000 |val acc: 0.869 (0.883, 0.847) | val eod gap: 0.0230
Files already downloaded and verified
3767 labeled samples and 159003 unlabeled samples. Total: 162770
Use 3767 samples. Get 4339 labels. Ratio: 0.8681723899516017
 47.57% | time:  53.2s ( 20.4m) | step:   3765 | train acc: 1.000 | train loss: 0.000 |test acc: 0.869 (0.880, 0.851) | test eod gap: 0.0258
begin calculating influence
[Strategy 5] Acc of expected label: 0.864296875
calculating influence -- done
 47.57% | time:  17.7s ( 20.7m) | step:   3765 | train acc: 1.000 | train loss: 0.000 |val acc: 0.870 (0.882, 0.852) | val eod gap: 0.0222
Files already downloaded and verified
3767 labeled samples and 159003 unlabeled samples. Total: 162770
Use 3767 samples. Get 4339 labels. Ratio: 0.8681723899516017
Epoch 5
 52.53% | time:  85.8s ( 22.2m) | step:   4157 | train acc: 1.000 | train loss: 0.000 |test acc: 0.869 (0.880, 0.851) | test eod gap: 0.0237
begin calculating influence
[Strategy 5] Acc of expected label: 0.8608203125
calculating influence -- done
 52.53% | time:  18.1s ( 22.5m) | step:   4157 | train acc: 1.000 | train loss: 0.000 |val acc: 0.871 (0.882, 0.853) | val eod gap: 0.0206
Files already downloaded and verified
3767 labeled samples and 159003 unlabeled samples. Total: 162770
Use 3767 samples. Get 4339 labels. Ratio: 0.8681723899516017
 55.05% | time:  53.4s ( 23.4m) | step:   4357 | train acc: 1.000 | train loss: 0.000 |test acc: 0.869 (0.880, 0.851) | test eod gap: 0.0248
begin calculating influence
[Strategy 5] Acc of expected label: 0.8668359375
calculating influence -- done
 55.05% | time:  17.6s ( 23.7m) | step:   4357 | train acc: 1.000 | train loss: 0.000 |val acc: 0.871 (0.882, 0.853) | val eod gap: 0.0206
Files already downloaded and verified
3767 labeled samples and 159003 unlabeled samples. Total: 162770
Use 3767 samples. Get 4339 labels. Ratio: 0.8681723899516017
 57.58% | time:  53.3s ( 24.5m) | step:   4557 | train acc: 1.000 | train loss: 0.000 |test acc: 0.868 (0.879, 0.851) | test eod gap: 0.0249
begin calculating influence
[Strategy 5] Acc of expected label: 0.86109375
calculating influence -- done
 57.58% | time:  19.4s ( 24.9m) | step:   4557 | train acc: 1.000 | train loss: 0.000 |val acc: 0.871 (0.884, 0.852) | val eod gap: 0.0236
Files already downloaded and verified
3767 labeled samples and 159003 unlabeled samples. Total: 162770
Use 3767 samples. Get 4339 labels. Ratio: 0.8681723899516017
Epoch 6
 62.52% | time:  86.1s ( 26.3m) | step:   4948 | train acc: 1.000 | train loss: 0.000 |test acc: 0.867 (0.878, 0.850) | test eod gap: 0.0243
begin calculating influence
[Strategy 5] Acc of expected label: 0.861015625
calculating influence -- done
 62.52% | time:  19.6s ( 26.6m) | step:   4948 | train acc: 1.000 | train loss: 0.000 |val acc: 0.869 (0.881, 0.849) | val eod gap: 0.0183
Files already downloaded and verified
3767 labeled samples and 159003 unlabeled samples. Total: 162770
Use 3767 samples. Get 4339 labels. Ratio: 0.8681723899516017
 65.05% | time:  52.0s ( 27.5m) | step:   5148 | train acc: 1.000 | train loss: 0.000 |test acc: 0.867 (0.878, 0.850) | test eod gap: 0.0229
begin calculating influence
[Strategy 5] Acc of expected label: 0.8615625
calculating influence -- done
 65.05% | time:  17.8s ( 27.8m) | step:   5148 | train acc: 1.000 | train loss: 0.000 |val acc: 0.867 (0.883, 0.843) | val eod gap: 0.0245
Files already downloaded and verified
3767 labeled samples and 159003 unlabeled samples. Total: 162770
Use 3767 samples. Get 4339 labels. Ratio: 0.8681723899516017
 67.58% | time:  53.2s ( 28.7m) | step:   5348 | train acc: 1.000 | train loss: 0.000 |test acc: 0.868 (0.878, 0.850) | test eod gap: 0.0241
begin calculating influence
[Strategy 5] Acc of expected label: 0.8620703125
calculating influence -- done
 67.58% | time:  20.5s ( 29.0m) | step:   5348 | train acc: 1.000 | train loss: 0.000 |val acc: 0.870 (0.883, 0.849) | val eod gap: 0.0205
Files already downloaded and verified
3767 labeled samples and 159003 unlabeled samples. Total: 162770
Use 3767 samples. Get 4339 labels. Ratio: 0.8681723899516017
Epoch 7
 72.52% | time:  85.7s ( 30.5m) | step:   5739 | train acc: 1.000 | train loss: 0.000 |test acc: 0.868 (0.879, 0.851) | test eod gap: 0.0249
begin calculating influence
[Strategy 5] Acc of expected label: 0.86703125
calculating influence -- done
 72.52% | time:  19.9s ( 30.8m) | step:   5739 | train acc: 1.000 | train loss: 0.000 |val acc: 0.872 (0.884, 0.855) | val eod gap: 0.0204
Files already downloaded and verified
3767 labeled samples and 159003 unlabeled samples. Total: 162770
Use 3767 samples. Get 4339 labels. Ratio: 0.8681723899516017
 75.04% | time:  53.7s ( 31.7m) | step:   5939 | train acc: 1.000 | train loss: 0.000 |test acc: 0.869 (0.879, 0.851) | test eod gap: 0.0249
begin calculating influence
[Strategy 5] Acc of expected label: 0.86125
calculating influence -- done
 75.04% | time:  17.8s ( 32.0m) | step:   5939 | train acc: 1.000 | train loss: 0.000 |val acc: 0.872 (0.884, 0.855) | val eod gap: 0.0204
Files already downloaded and verified
3767 labeled samples and 159003 unlabeled samples. Total: 162770
Use 3767 samples. Get 4339 labels. Ratio: 0.8681723899516017
 77.57% | time:  53.1s ( 32.9m) | step:   6139 | train acc: 1.000 | train loss: 0.000 |test acc: 0.868 (0.879, 0.851) | test eod gap: 0.0249
begin calculating influence
[Strategy 5] Acc of expected label: 0.864453125
calculating influence -- done
 77.57% | time:  19.2s ( 33.2m) | step:   6139 | train acc: 1.000 | train loss: 0.000 |val acc: 0.872 (0.884, 0.853) | val eod gap: 0.0200
Files already downloaded and verified
4023 labeled samples and 158747 unlabeled samples. Total: 162770
Use 4023 samples. Get 4687 labels. Ratio: 0.8583315553659057
Epoch 8
 82.52% | time:  84.8s ( 34.6m) | step:   6531 | train acc: 1.000 | train loss: 0.000 |test acc: 0.875 (0.883, 0.861) | test eod gap: 0.0296
begin calculating influence
[Strategy 5] Acc of expected label: 0.872421875
calculating influence -- done
 82.52% | time:  18.9s ( 34.9m) | step:   6531 | train acc: 1.000 | train loss: 0.000 |val acc: 0.879 (0.897, 0.852) | val eod gap: 0.0404
Files already downloaded and verified
4279 labeled samples and 158491 unlabeled samples. Total: 162770
Use 4279 samples. Get 5255 labels. Ratio: 0.8142721217887726
 85.05% | time:  53.4s ( 35.8m) | step:   6731 | train acc: 1.000 | train loss: 0.000 |test acc: 0.873 (0.885, 0.853) | test eod gap: 0.0201
begin calculating influence
[Strategy 5] Acc of expected label: 0.870546875
calculating influence -- done
 85.05% | time:  20.7s ( 36.1m) | step:   6731 | train acc: 1.000 | train loss: 0.000 |val acc: 0.880 (0.897, 0.855) | val eod gap: 0.0250
Files already downloaded and verified
4535 labeled samples and 158235 unlabeled samples. Total: 162770
Use 4535 samples. Get 5626 labels. Ratio: 0.8060789193032349
 87.58% | time:  53.0s ( 37.0m) | step:   6931 | train acc: 1.000 | train loss: 0.000 |test acc: 0.881 (0.889, 0.867) | test eod gap: 0.0196
begin calculating influence
[Strategy 5] Acc of expected label: 0.878515625
calculating influence -- done
 87.58% | time:  21.5s ( 37.4m) | step:   6931 | train acc: 1.000 | train loss: 0.000 |val acc: 0.892 (0.906, 0.871) | val eod gap: 0.0303
Files already downloaded and verified
4791 labeled samples and 157979 unlabeled samples. Total: 162770
Use 4791 samples. Get 6205 labels. Ratio: 0.7721192586623691
Epoch 9
 92.52% | time:  83.6s ( 38.8m) | step:   7322 | train acc: 1.000 | train loss: 0.000 |test acc: 0.880 (0.891, 0.864) | test eod gap: 0.0182
begin calculating influence
[Strategy 5] Acc of expected label: 0.8754296875
calculating influence -- done
 92.52% | time:  17.7s ( 39.1m) | step:   7322 | train acc: 1.000 | train loss: 0.000 |val acc: 0.883 (0.898, 0.860) | val eod gap: 0.0286
Files already downloaded and verified
4791 labeled samples and 157979 unlabeled samples. Total: 162770
Use 4791 samples. Get 6205 labels. Ratio: 0.7721192586623691
 95.05% | time:  52.3s ( 39.9m) | step:   7522 | train acc: 1.000 | train loss: 0.000 |test acc: 0.878 (0.890, 0.861) | test eod gap: 0.0182
begin calculating influence
[Strategy 5] Acc of expected label: 0.87953125
calculating influence -- done
 95.05% | time:  18.4s ( 40.3m) | step:   7522 | train acc: 1.000 | train loss: 0.000 |val acc: 0.881 (0.899, 0.852) | val eod gap: 0.0346
Files already downloaded and verified
4791 labeled samples and 157979 unlabeled samples. Total: 162770
Use 4791 samples. Get 6205 labels. Ratio: 0.7721192586623691
 97.57% | time:  52.3s ( 41.1m) | step:   7722 | train acc: 1.000 | train loss: 0.000 |test acc: 0.880 (0.891, 0.863) | test eod gap: 0.0191
begin calculating influence
[Strategy 5] Acc of expected label: 0.8755859375
calculating influence -- done
 97.57% | time:  17.8s ( 41.4m) | step:   7722 | train acc: 1.000 | train loss: 0.000 |val acc: 0.883 (0.899, 0.857) | val eod gap: 0.0315
Files already downloaded and verified
4791 labeled samples and 157979 unlabeled samples. Total: 162770
Use 4791 samples. Get 6205 labels. Ratio: 0.7721192586623691
