Files already downloaded and verified
3255 labeled samples and 159515 unlabeled samples. Total: 162770
Files already downloaded and verified
1996 labeled samples and 17966 unlabeled samples. Total: 19962
Numer of layers 62
train net...
Epoch 0
  2.53% | time:  83.4s (  1.4m) | step:    200 | train acc: 1.000 | train loss: 0.000 |test acc: 0.785 (0.835, 0.706) | test eop gap: 0.1051
begin calculating influence
selected layers: [Traced<ShapedArray(float32[2])>with<DynamicJaxprTrace(level=0/1)>, Traced<ShapedArray(float32[512,2])>with<DynamicJaxprTrace(level=0/1)>]
selected layers: [Traced<ShapedArray(float32[2])>with<DynamicJaxprTrace(level=0/1)>, Traced<ShapedArray(float32[512,2])>with<DynamicJaxprTrace(level=0/1)>]
[Strategy 5] Acc of expected label: 0.7918359375
calculating influence -- done
  2.53% | time:  35.4s (  2.0m) | step:    200 | train acc: 1.000 | train loss: 0.000 |val acc: 0.798 (0.846, 0.722) | val eop gap: 0.1193
Files already downloaded and verified
3255 labeled samples and 159515 unlabeled samples. Total: 162770
Use 3255 samples. Get 3255 labels. Ratio: 1.0
  5.05% | time:  51.6s (  2.8m) | step:    400 | train acc: 1.000 | train loss: 0.000 |test acc: 0.787 (0.836, 0.709) | test eop gap: 0.1039
begin calculating influence
[Strategy 5] Acc of expected label: 0.788359375
calculating influence -- done
  5.05% | time:  20.4s (  3.2m) | step:    400 | train acc: 1.000 | train loss: 0.000 |val acc: 0.801 (0.847, 0.730) | val eop gap: 0.1153
Files already downloaded and verified
3255 labeled samples and 159515 unlabeled samples. Total: 162770
Use 3255 samples. Get 3255 labels. Ratio: 1.0
  7.58% | time:  53.1s (  4.1m) | step:    600 | train acc: 1.000 | train loss: 0.000 |test acc: 0.788 (0.837, 0.710) | test eop gap: 0.0997
begin calculating influence
[Strategy 5] Acc of expected label: 0.793203125
calculating influence -- done
  7.58% | time:  17.6s (  4.4m) | step:    600 | train acc: 1.000 | train loss: 0.000 |val acc: 0.803 (0.849, 0.730) | val eop gap: 0.1191
Files already downloaded and verified
3255 labeled samples and 159515 unlabeled samples. Total: 162770
Use 3255 samples. Get 3255 labels. Ratio: 1.0
Epoch 1
 12.52% | time:  86.7s (  5.8m) | step:    991 | train acc: 1.000 | train loss: 0.000 |test acc: 0.788 (0.837, 0.709) | test eop gap: 0.1024
begin calculating influence
[Strategy 5] Acc of expected label: 0.792890625
calculating influence -- done
 12.52% | time:  18.1s (  6.1m) | step:    991 | train acc: 1.000 | train loss: 0.000 |val acc: 0.803 (0.847, 0.734) | val eop gap: 0.1161
Files already downloaded and verified
3255 labeled samples and 159515 unlabeled samples. Total: 162770
Use 3255 samples. Get 3255 labels. Ratio: 1.0
 15.05% | time:  53.8s (  7.0m) | step:   1191 | train acc: 1.000 | train loss: 0.000 |test acc: 0.788 (0.838, 0.709) | test eop gap: 0.1015
begin calculating influence
[Strategy 5] Acc of expected label: 0.7935546875
calculating influence -- done
 15.05% | time:  20.2s (  7.3m) | step:   1191 | train acc: 1.000 | train loss: 0.000 |val acc: 0.801 (0.847, 0.730) | val eop gap: 0.1191
Files already downloaded and verified
3255 labeled samples and 159515 unlabeled samples. Total: 162770
Use 3255 samples. Get 3255 labels. Ratio: 1.0
 17.58% | time:  53.1s (  8.2m) | step:   1391 | train acc: 1.000 | train loss: 0.000 |test acc: 0.789 (0.838, 0.710) | test eop gap: 0.1039
begin calculating influence
[Strategy 5] Acc of expected label: 0.792265625
calculating influence -- done
 17.58% | time:  18.0s (  8.5m) | step:   1391 | train acc: 1.000 | train loss: 0.000 |val acc: 0.803 (0.847, 0.732) | val eop gap: 0.1192
Files already downloaded and verified
3255 labeled samples and 159515 unlabeled samples. Total: 162770
Use 3255 samples. Get 3255 labels. Ratio: 1.0
Epoch 2
 22.52% | time:  85.6s ( 10.0m) | step:   1782 | train acc: 1.000 | train loss: 0.000 |test acc: 0.788 (0.838, 0.710) | test eop gap: 0.1071
begin calculating influence
[Strategy 5] Acc of expected label: 0.79109375
calculating influence -- done
 22.52% | time:  18.8s ( 10.3m) | step:   1782 | train acc: 1.000 | train loss: 0.000 |val acc: 0.801 (0.848, 0.726) | val eop gap: 0.1241
Files already downloaded and verified
3255 labeled samples and 159515 unlabeled samples. Total: 162770
Use 3255 samples. Get 3255 labels. Ratio: 1.0
 25.04% | time:  53.2s ( 11.2m) | step:   1982 | train acc: 1.000 | train loss: 0.000 |test acc: 0.789 (0.839, 0.711) | test eop gap: 0.1014
begin calculating influence
[Strategy 5] Acc of expected label: 0.7964453125
calculating influence -- done
 25.04% | time:  17.8s ( 11.4m) | step:   1982 | train acc: 1.000 | train loss: 0.000 |val acc: 0.801 (0.847, 0.730) | val eop gap: 0.1171
Files already downloaded and verified
3255 labeled samples and 159515 unlabeled samples. Total: 162770
Use 3255 samples. Get 3255 labels. Ratio: 1.0
 27.57% | time:  53.0s ( 12.3m) | step:   2182 | train acc: 1.000 | train loss: 0.000 |test acc: 0.789 (0.839, 0.711) | test eop gap: 0.1013
begin calculating influence
[Strategy 5] Acc of expected label: 0.7941796875
calculating influence -- done
 27.57% | time:  19.7s ( 12.7m) | step:   2182 | train acc: 1.000 | train loss: 0.000 |val acc: 0.802 (0.848, 0.730) | val eop gap: 0.1190
Files already downloaded and verified
3255 labeled samples and 159515 unlabeled samples. Total: 162770
Use 3255 samples. Get 3255 labels. Ratio: 1.0
Epoch 3
 32.52% | time:  84.5s ( 14.1m) | step:   2574 | train acc: 1.000 | train loss: 0.000 |test acc: 0.789 (0.839, 0.710) | test eop gap: 0.1038
begin calculating influence
[Strategy 5] Acc of expected label: 0.793359375
calculating influence -- done
 32.52% | time:  20.2s ( 14.4m) | step:   2574 | train acc: 1.000 | train loss: 0.000 |val acc: 0.802 (0.847, 0.732) | val eop gap: 0.1171
Files already downloaded and verified
3255 labeled samples and 159515 unlabeled samples. Total: 162770
Use 3255 samples. Get 3255 labels. Ratio: 1.0
 35.05% | time:  54.2s ( 15.3m) | step:   2774 | train acc: 1.000 | train loss: 0.000 |test acc: 0.789 (0.839, 0.710) | test eop gap: 0.1049
begin calculating influence
[Strategy 5] Acc of expected label: 0.7935546875
calculating influence -- done
 35.05% | time:  19.3s ( 15.6m) | step:   2774 | train acc: 1.000 | train loss: 0.000 |val acc: 0.802 (0.847, 0.731) | val eop gap: 0.1212
Files already downloaded and verified
3255 labeled samples and 159515 unlabeled samples. Total: 162770
Use 3255 samples. Get 3255 labels. Ratio: 1.0
 37.58% | time:  53.4s ( 16.5m) | step:   2974 | train acc: 1.000 | train loss: 0.000 |test acc: 0.790 (0.840, 0.712) | test eop gap: 0.0991
begin calculating influence
[Strategy 5] Acc of expected label: 0.7970703125
calculating influence -- done
 37.58% | time:  21.9s ( 16.9m) | step:   2974 | train acc: 1.000 | train loss: 0.000 |val acc: 0.800 (0.847, 0.725) | val eop gap: 0.1150
Files already downloaded and verified
3255 labeled samples and 159515 unlabeled samples. Total: 162770
Use 3255 samples. Get 3255 labels. Ratio: 1.0
Epoch 4
 42.52% | time:  86.4s ( 18.3m) | step:   3365 | train acc: 1.000 | train loss: 0.000 |test acc: 0.789 (0.839, 0.710) | test eop gap: 0.1066
begin calculating influence
[Strategy 5] Acc of expected label: 0.795390625
calculating influence -- done
 42.52% | time:  18.0s ( 18.6m) | step:   3365 | train acc: 1.000 | train loss: 0.000 |val acc: 0.801 (0.847, 0.727) | val eop gap: 0.1231
Files already downloaded and verified
3255 labeled samples and 159515 unlabeled samples. Total: 162770
Use 3255 samples. Get 3255 labels. Ratio: 1.0
 45.05% | time:  52.9s ( 19.5m) | step:   3565 | train acc: 1.000 | train loss: 0.000 |test acc: 0.790 (0.839, 0.710) | test eop gap: 0.1036
begin calculating influence
[Strategy 5] Acc of expected label: 0.7921875
calculating influence -- done
 45.05% | time:  20.7s ( 19.9m) | step:   3565 | train acc: 1.000 | train loss: 0.000 |val acc: 0.802 (0.847, 0.730) | val eop gap: 0.1161
Files already downloaded and verified
3255 labeled samples and 159515 unlabeled samples. Total: 162770
Use 3255 samples. Get 3255 labels. Ratio: 1.0
 47.57% | time:  56.6s ( 20.8m) | step:   3765 | train acc: 1.000 | train loss: 0.000 |test acc: 0.789 (0.839, 0.711) | test eop gap: 0.1060
begin calculating influence
[Strategy 5] Acc of expected label: 0.7940234375
calculating influence -- done
 47.57% | time:  21.3s ( 21.2m) | step:   3765 | train acc: 1.000 | train loss: 0.000 |val acc: 0.801 (0.847, 0.730) | val eop gap: 0.1201
Files already downloaded and verified
3255 labeled samples and 159515 unlabeled samples. Total: 162770
Use 3255 samples. Get 3255 labels. Ratio: 1.0
Epoch 5
 52.53% | time:  86.0s ( 22.6m) | step:   4157 | train acc: 1.000 | train loss: 0.000 |test acc: 0.790 (0.839, 0.711) | test eop gap: 0.1038
begin calculating influence
[Strategy 5] Acc of expected label: 0.79484375
calculating influence -- done
 52.53% | time:  21.8s ( 22.9m) | step:   4157 | train acc: 1.000 | train loss: 0.000 |val acc: 0.802 (0.847, 0.731) | val eop gap: 0.1141
Files already downloaded and verified
3255 labeled samples and 159515 unlabeled samples. Total: 162770
Use 3255 samples. Get 3255 labels. Ratio: 1.0
 55.05% | time:  53.7s ( 23.8m) | step:   4357 | train acc: 1.000 | train loss: 0.000 |test acc: 0.790 (0.840, 0.710) | test eop gap: 0.1035
begin calculating influence
[Strategy 5] Acc of expected label: 0.79375
calculating influence -- done
 55.05% | time:  20.5s ( 24.2m) | step:   4357 | train acc: 1.000 | train loss: 0.000 |val acc: 0.801 (0.847, 0.728) | val eop gap: 0.1151
Files already downloaded and verified
3255 labeled samples and 159515 unlabeled samples. Total: 162770
Use 3255 samples. Get 3255 labels. Ratio: 1.0
 57.58% | time:  55.5s ( 25.1m) | step:   4557 | train acc: 1.000 | train loss: 0.000 |test acc: 0.790 (0.840, 0.712) | test eop gap: 0.1016
begin calculating influence
[Strategy 5] Acc of expected label: 0.7960546875
calculating influence -- done
 57.58% | time:  19.7s ( 25.4m) | step:   4557 | train acc: 1.000 | train loss: 0.000 |val acc: 0.801 (0.848, 0.726) | val eop gap: 0.1190
Files already downloaded and verified
3255 labeled samples and 159515 unlabeled samples. Total: 162770
Use 3255 samples. Get 3255 labels. Ratio: 1.0
Epoch 6
 62.52% | time:  84.6s ( 26.8m) | step:   4948 | train acc: 1.000 | train loss: 0.000 |test acc: 0.790 (0.840, 0.712) | test eop gap: 0.1015
begin calculating influence
[Strategy 5] Acc of expected label: 0.7975390625
calculating influence -- done
 62.52% | time:  17.7s ( 27.1m) | step:   4948 | train acc: 1.000 | train loss: 0.000 |val acc: 0.802 (0.848, 0.728) | val eop gap: 0.1170
Files already downloaded and verified
3255 labeled samples and 159515 unlabeled samples. Total: 162770
Use 3255 samples. Get 3255 labels. Ratio: 1.0
 65.05% | time:  53.6s ( 28.0m) | step:   5148 | train acc: 1.000 | train loss: 0.000 |test acc: 0.791 (0.840, 0.712) | test eop gap: 0.1012
begin calculating influence
[Strategy 5] Acc of expected label: 0.7900390625
calculating influence -- done
 65.05% | time:  17.9s ( 28.3m) | step:   5148 | train acc: 1.000 | train loss: 0.000 |val acc: 0.801 (0.847, 0.727) | val eop gap: 0.1150
Files already downloaded and verified
3255 labeled samples and 159515 unlabeled samples. Total: 162770
Use 3255 samples. Get 3255 labels. Ratio: 1.0
 67.58% | time:  54.8s ( 29.2m) | step:   5348 | train acc: 1.000 | train loss: 0.000 |test acc: 0.791 (0.840, 0.713) | test eop gap: 0.0980
begin calculating influence
[Strategy 5] Acc of expected label: 0.79484375
calculating influence -- done
 67.58% | time:  20.4s ( 29.6m) | step:   5348 | train acc: 1.000 | train loss: 0.000 |val acc: 0.798 (0.847, 0.721) | val eop gap: 0.1150
Files already downloaded and verified
3255 labeled samples and 159515 unlabeled samples. Total: 162770
Use 3255 samples. Get 3255 labels. Ratio: 1.0
Epoch 7
 72.52% | time:  85.7s ( 31.0m) | step:   5739 | train acc: 1.000 | train loss: 0.000 |test acc: 0.789 (0.840, 0.710) | test eop gap: 0.1060
begin calculating influence
[Strategy 5] Acc of expected label: 0.7945703125
calculating influence -- done
 72.52% | time:  18.7s ( 31.3m) | step:   5739 | train acc: 1.000 | train loss: 0.000 |val acc: 0.801 (0.847, 0.728) | val eop gap: 0.1181
Files already downloaded and verified
3255 labeled samples and 159515 unlabeled samples. Total: 162770
Use 3255 samples. Get 3255 labels. Ratio: 1.0
 75.04% | time:  53.2s ( 32.2m) | step:   5939 | train acc: 1.000 | train loss: 0.000 |test acc: 0.791 (0.840, 0.713) | test eop gap: 0.0997
begin calculating influence
[Strategy 5] Acc of expected label: 0.79578125
calculating influence -- done
 75.04% | time:  20.5s ( 32.6m) | step:   5939 | train acc: 1.000 | train loss: 0.000 |val acc: 0.800 (0.847, 0.726) | val eop gap: 0.1130
Files already downloaded and verified
3255 labeled samples and 159515 unlabeled samples. Total: 162770
Use 3255 samples. Get 3255 labels. Ratio: 1.0
 77.57% | time:  52.9s ( 33.4m) | step:   6139 | train acc: 1.000 | train loss: 0.000 |test acc: 0.791 (0.840, 0.712) | test eop gap: 0.1000
begin calculating influence
[Strategy 5] Acc of expected label: 0.7940234375
calculating influence -- done
 77.57% | time:  19.7s ( 33.8m) | step:   6139 | train acc: 1.000 | train loss: 0.000 |val acc: 0.799 (0.847, 0.723) | val eop gap: 0.1130
Files already downloaded and verified
3255 labeled samples and 159515 unlabeled samples. Total: 162770
Use 3255 samples. Get 3255 labels. Ratio: 1.0
Epoch 8
 82.52% | time:  85.7s ( 35.2m) | step:   6531 | train acc: 1.000 | train loss: 0.000 |test acc: 0.791 (0.840, 0.712) | test eop gap: 0.0980
begin calculating influence
[Strategy 5] Acc of expected label: 0.8008984375
calculating influence -- done
 82.52% | time:  17.8s ( 35.5m) | step:   6531 | train acc: 1.000 | train loss: 0.000 |val acc: 0.799 (0.847, 0.723) | val eop gap: 0.1130
Files already downloaded and verified
3255 labeled samples and 159515 unlabeled samples. Total: 162770
Use 3255 samples. Get 3255 labels. Ratio: 1.0
 85.05% | time:  54.9s ( 36.4m) | step:   6731 | train acc: 1.000 | train loss: 0.000 |test acc: 0.791 (0.840, 0.711) | test eop gap: 0.1028
begin calculating influence
[Strategy 5] Acc of expected label: 0.7977734375
calculating influence -- done
 85.05% | time:  18.0s ( 36.7m) | step:   6731 | train acc: 1.000 | train loss: 0.000 |val acc: 0.800 (0.846, 0.728) | val eop gap: 0.1122
Files already downloaded and verified
3255 labeled samples and 159515 unlabeled samples. Total: 162770
Use 3255 samples. Get 3255 labels. Ratio: 1.0
 87.58% | time:  56.0s ( 37.6m) | step:   6931 | train acc: 1.000 | train loss: 0.000 |test acc: 0.791 (0.840, 0.713) | test eop gap: 0.1003
begin calculating influence
[Strategy 5] Acc of expected label: 0.793671875
calculating influence -- done
 87.58% | time:  19.5s ( 38.0m) | step:   6931 | train acc: 1.000 | train loss: 0.000 |val acc: 0.801 (0.847, 0.728) | val eop gap: 0.1121
Files already downloaded and verified
3255 labeled samples and 159515 unlabeled samples. Total: 162770
Use 3255 samples. Get 3255 labels. Ratio: 1.0
Epoch 9
 92.52% | time:  86.2s ( 39.4m) | step:   7322 | train acc: 1.000 | train loss: 0.000 |test acc: 0.791 (0.840, 0.714) | test eop gap: 0.0912
begin calculating influence
[Strategy 5] Acc of expected label: 0.7989453125
calculating influence -- done
 92.52% | time:  18.1s ( 39.7m) | step:   7322 | train acc: 1.000 | train loss: 0.000 |val acc: 0.802 (0.849, 0.727) | val eop gap: 0.1079
Files already downloaded and verified
3255 labeled samples and 159515 unlabeled samples. Total: 162770
Use 3255 samples. Get 3255 labels. Ratio: 1.0
 95.05% | time:  55.9s ( 40.6m) | step:   7522 | train acc: 1.000 | train loss: 0.000 |test acc: 0.791 (0.840, 0.712) | test eop gap: 0.1016
begin calculating influence
[Strategy 5] Acc of expected label: 0.7909765625
calculating influence -- done
 95.05% | time:  20.9s ( 41.0m) | step:   7522 | train acc: 1.000 | train loss: 0.000 |val acc: 0.800 (0.845, 0.728) | val eop gap: 0.1122
Files already downloaded and verified
3255 labeled samples and 159515 unlabeled samples. Total: 162770
Use 3255 samples. Get 3255 labels. Ratio: 1.0
 97.57% | time:  54.5s ( 41.9m) | step:   7722 | train acc: 1.000 | train loss: 0.000 |test acc: 0.791 (0.840, 0.712) | test eop gap: 0.1032
begin calculating influence
[Strategy 5] Acc of expected label: 0.7961328125
calculating influence -- done
 97.57% | time:  19.8s ( 42.2m) | step:   7722 | train acc: 1.000 | train loss: 0.000 |val acc: 0.800 (0.846, 0.727) | val eop gap: 0.1171
Files already downloaded and verified
3255 labeled samples and 159515 unlabeled samples. Total: 162770
Use 3255 samples. Get 3255 labels. Ratio: 1.0
