Files already downloaded and verified
3255 labeled samples and 159515 unlabeled samples. Total: 162770
Files already downloaded and verified
1996 labeled samples and 17966 unlabeled samples. Total: 19962
Numer of layers 62
train net...
Epoch 0
  2.53% | time:  85.7s (  1.4m) | step:    200 | train acc: 1.000 | train loss: 0.002 |test acc: 0.785 (0.830, 0.713) | test dp gap: 0.2122
begin calculating influence
selected layers: [Traced<ShapedArray(float32[2])>with<DynamicJaxprTrace(level=0/1)>, Traced<ShapedArray(float32[512,2])>with<DynamicJaxprTrace(level=0/1)>, Traced<ShapedArray(float32[64])>with<DynamicJaxprTrace(level=0/1)>, Traced<ShapedArray(float32[64])>with<DynamicJaxprTrace(level=0/1)>]
selected layers: [Traced<ShapedArray(float32[2])>with<DynamicJaxprTrace(level=0/1)>, Traced<ShapedArray(float32[512,2])>with<DynamicJaxprTrace(level=0/1)>, Traced<ShapedArray(float32[64])>with<DynamicJaxprTrace(level=0/1)>, Traced<ShapedArray(float32[64])>with<DynamicJaxprTrace(level=0/1)>]
[Strategy 5] Acc of expected label: 0.798671875
calculating influence -- done
  2.53% | time: 190.5s (  4.6m) | step:    200 | train acc: 1.000 | train loss: 0.002 |val acc: 0.792 (0.834, 0.726) | val dp gap: 0.2227
Files already downloaded and verified
3255 labeled samples and 159515 unlabeled samples. Total: 162770
Use 3255 samples. Get 3255 labels. Ratio: 1.0
  5.05% | time:  52.9s (  5.5m) | step:    400 | train acc: 1.000 | train loss: 0.000 |test acc: 0.791 (0.835, 0.721) | test dp gap: 0.1919
begin calculating influence
[Strategy 5] Acc of expected label: 0.800703125
calculating influence -- done
  5.05% | time: 140.1s (  7.8m) | step:    400 | train acc: 1.000 | train loss: 0.000 |val acc: 0.794 (0.842, 0.718) | val dp gap: 0.2067
Files already downloaded and verified
3255 labeled samples and 159515 unlabeled samples. Total: 162770
Use 3255 samples. Get 3255 labels. Ratio: 1.0
  7.58% | time:  55.0s (  8.7m) | step:    600 | train acc: 1.000 | train loss: 0.000 |test acc: 0.792 (0.837, 0.720) | test dp gap: 0.1913
begin calculating influence
[Strategy 5] Acc of expected label: 0.800703125
calculating influence -- done
  7.58% | time: 140.8s ( 11.1m) | step:    600 | train acc: 1.000 | train loss: 0.000 |val acc: 0.794 (0.842, 0.718) | val dp gap: 0.2083
Files already downloaded and verified
3255 labeled samples and 159515 unlabeled samples. Total: 162770
Use 3255 samples. Get 3255 labels. Ratio: 1.0
Epoch 1
 12.52% | time:  84.3s ( 12.5m) | step:    991 | train acc: 1.000 | train loss: 0.000 |test acc: 0.792 (0.837, 0.721) | test dp gap: 0.1923
begin calculating influence
[Strategy 5] Acc of expected label: 0.802109375
calculating influence -- done
 12.52% | time: 140.3s ( 14.8m) | step:    991 | train acc: 1.000 | train loss: 0.000 |val acc: 0.795 (0.842, 0.722) | val dp gap: 0.2019
Files already downloaded and verified
3255 labeled samples and 159515 unlabeled samples. Total: 162770
Use 3255 samples. Get 3255 labels. Ratio: 1.0
 15.05% | time:  54.1s ( 15.7m) | step:   1191 | train acc: 1.000 | train loss: 0.000 |test acc: 0.792 (0.837, 0.721) | test dp gap: 0.1945
begin calculating influence
[Strategy 5] Acc of expected label: 0.80265625
calculating influence -- done
 15.05% | time: 140.1s ( 18.1m) | step:   1191 | train acc: 1.000 | train loss: 0.000 |val acc: 0.795 (0.842, 0.721) | val dp gap: 0.2065
Files already downloaded and verified
3255 labeled samples and 159515 unlabeled samples. Total: 162770
Use 3255 samples. Get 3255 labels. Ratio: 1.0
 17.58% | time:  51.7s ( 18.9m) | step:   1391 | train acc: 1.000 | train loss: 0.000 |test acc: 0.792 (0.837, 0.720) | test dp gap: 0.1962
begin calculating influence
[Strategy 5] Acc of expected label: 0.79875
calculating influence -- done
 17.58% | time: 140.1s ( 21.3m) | step:   1391 | train acc: 1.000 | train loss: 0.000 |val acc: 0.795 (0.842, 0.721) | val dp gap: 0.2083
Files already downloaded and verified
3255 labeled samples and 159515 unlabeled samples. Total: 162770
Use 3255 samples. Get 3255 labels. Ratio: 1.0
Epoch 2
 22.52% | time:  83.1s ( 22.6m) | step:   1782 | train acc: 1.000 | train loss: 0.000 |test acc: 0.792 (0.836, 0.721) | test dp gap: 0.1959
begin calculating influence
[Strategy 5] Acc of expected label: 0.7980078125
calculating influence -- done
 22.52% | time: 139.9s ( 25.0m) | step:   1782 | train acc: 1.000 | train loss: 0.000 |val acc: 0.795 (0.843, 0.718) | val dp gap: 0.2109
Files already downloaded and verified
3255 labeled samples and 159515 unlabeled samples. Total: 162770
Use 3255 samples. Get 3255 labels. Ratio: 1.0
 25.04% | time:  51.7s ( 25.8m) | step:   1982 | train acc: 1.000 | train loss: 0.000 |test acc: 0.792 (0.837, 0.721) | test dp gap: 0.1954
begin calculating influence
[Strategy 5] Acc of expected label: 0.8023828125
calculating influence -- done
 25.04% | time: 140.2s ( 28.2m) | step:   1982 | train acc: 1.000 | train loss: 0.000 |val acc: 0.797 (0.844, 0.723) | val dp gap: 0.2082
Files already downloaded and verified
3255 labeled samples and 159515 unlabeled samples. Total: 162770
Use 3255 samples. Get 3255 labels. Ratio: 1.0
 27.57% | time:  51.5s ( 29.0m) | step:   2182 | train acc: 1.000 | train loss: 0.000 |test acc: 0.793 (0.838, 0.721) | test dp gap: 0.1947
begin calculating influence
[Strategy 5] Acc of expected label: 0.7996875
calculating influence -- done
 27.57% | time: 140.1s ( 31.4m) | step:   2182 | train acc: 1.000 | train loss: 0.000 |val acc: 0.798 (0.845, 0.723) | val dp gap: 0.2106
Files already downloaded and verified
3255 labeled samples and 159515 unlabeled samples. Total: 162770
Use 3255 samples. Get 3255 labels. Ratio: 1.0
Epoch 3
 32.52% | time:  83.0s ( 32.8m) | step:   2574 | train acc: 1.000 | train loss: 0.000 |test acc: 0.793 (0.838, 0.721) | test dp gap: 0.1965
begin calculating influence
[Strategy 5] Acc of expected label: 0.8017578125
calculating influence -- done
 32.52% | time: 140.1s ( 35.1m) | step:   2574 | train acc: 1.000 | train loss: 0.000 |val acc: 0.797 (0.843, 0.723) | val dp gap: 0.2090
Files already downloaded and verified
3255 labeled samples and 159515 unlabeled samples. Total: 162770
Use 3255 samples. Get 3255 labels. Ratio: 1.0
 35.05% | time:  50.6s ( 35.9m) | step:   2774 | train acc: 1.000 | train loss: 0.000 |test acc: 0.792 (0.838, 0.720) | test dp gap: 0.1982
begin calculating influence
[Strategy 5] Acc of expected label: 0.798984375
calculating influence -- done
 35.05% | time: 140.0s ( 38.3m) | step:   2774 | train acc: 1.000 | train loss: 0.000 |val acc: 0.796 (0.842, 0.723) | val dp gap: 0.2109
Files already downloaded and verified
3255 labeled samples and 159515 unlabeled samples. Total: 162770
Use 3255 samples. Get 3255 labels. Ratio: 1.0
 37.58% | time:  50.7s ( 39.1m) | step:   2974 | train acc: 1.000 | train loss: 0.000 |test acc: 0.793 (0.838, 0.722) | test dp gap: 0.1926
begin calculating influence
[Strategy 5] Acc of expected label: 0.8041015625
calculating influence -- done
 37.58% | time: 140.0s ( 41.4m) | step:   2974 | train acc: 1.000 | train loss: 0.000 |val acc: 0.797 (0.844, 0.722) | val dp gap: 0.2102
Files already downloaded and verified
3255 labeled samples and 159515 unlabeled samples. Total: 162770
Use 3255 samples. Get 3255 labels. Ratio: 1.0
Epoch 4
 42.52% | time:  82.7s ( 42.8m) | step:   3365 | train acc: 1.000 | train loss: 0.000 |test acc: 0.792 (0.836, 0.721) | test dp gap: 0.1983
begin calculating influence
[Strategy 5] Acc of expected label: 0.8037109375
calculating influence -- done
 42.52% | time: 140.0s ( 45.2m) | step:   3365 | train acc: 1.000 | train loss: 0.000 |val acc: 0.796 (0.844, 0.721) | val dp gap: 0.2133
Files already downloaded and verified
3255 labeled samples and 159515 unlabeled samples. Total: 162770
Use 3255 samples. Get 3255 labels. Ratio: 1.0
 45.05% | time:  51.5s ( 46.0m) | step:   3565 | train acc: 1.000 | train loss: 0.000 |test acc: 0.793 (0.839, 0.721) | test dp gap: 0.1963
begin calculating influence
[Strategy 5] Acc of expected label: 0.798359375
calculating influence -- done
 45.05% | time: 140.3s ( 48.4m) | step:   3565 | train acc: 1.000 | train loss: 0.000 |val acc: 0.797 (0.845, 0.721) | val dp gap: 0.2123
Files already downloaded and verified
3255 labeled samples and 159515 unlabeled samples. Total: 162770
Use 3255 samples. Get 3255 labels. Ratio: 1.0
 47.57% | time:  52.1s ( 49.2m) | step:   3765 | train acc: 1.000 | train loss: 0.000 |test acc: 0.792 (0.837, 0.721) | test dp gap: 0.1972
begin calculating influence
[Strategy 5] Acc of expected label: 0.8012109375
calculating influence -- done
 47.57% | time: 140.1s ( 51.6m) | step:   3765 | train acc: 1.000 | train loss: 0.000 |val acc: 0.797 (0.843, 0.723) | val dp gap: 0.2125
Files already downloaded and verified
3255 labeled samples and 159515 unlabeled samples. Total: 162770
Use 3255 samples. Get 3255 labels. Ratio: 1.0
Epoch 5
 52.53% | time:  81.9s ( 52.9m) | step:   4157 | train acc: 1.000 | train loss: 0.000 |test acc: 0.793 (0.838, 0.722) | test dp gap: 0.1973
begin calculating influence
[Strategy 5] Acc of expected label: 0.80171875
calculating influence -- done
 52.53% | time: 140.3s ( 55.3m) | step:   4157 | train acc: 1.000 | train loss: 0.000 |val acc: 0.797 (0.845, 0.722) | val dp gap: 0.2103
Files already downloaded and verified
3255 labeled samples and 159515 unlabeled samples. Total: 162770
Use 3255 samples. Get 3255 labels. Ratio: 1.0
 55.05% | time:  54.3s ( 56.2m) | step:   4357 | train acc: 1.000 | train loss: 0.000 |test acc: 0.793 (0.838, 0.721) | test dp gap: 0.1953
begin calculating influence
[Strategy 5] Acc of expected label: 0.802734375
calculating influence -- done
 55.05% | time: 140.3s ( 58.5m) | step:   4357 | train acc: 1.000 | train loss: 0.000 |val acc: 0.797 (0.844, 0.722) | val dp gap: 0.2118
Files already downloaded and verified
3255 labeled samples and 159515 unlabeled samples. Total: 162770
Use 3255 samples. Get 3255 labels. Ratio: 1.0
 57.58% | time:  52.2s ( 59.4m) | step:   4557 | train acc: 1.000 | train loss: 0.000 |test acc: 0.793 (0.838, 0.722) | test dp gap: 0.1955
begin calculating influence
[Strategy 5] Acc of expected label: 0.8018359375
calculating influence -- done
 57.58% | time: 140.1s ( 61.7m) | step:   4557 | train acc: 1.000 | train loss: 0.000 |val acc: 0.798 (0.846, 0.722) | val dp gap: 0.2111
Files already downloaded and verified
3255 labeled samples and 159515 unlabeled samples. Total: 162770
Use 3255 samples. Get 3255 labels. Ratio: 1.0
Epoch 6
 62.52% | time:  83.0s ( 63.1m) | step:   4948 | train acc: 1.000 | train loss: 0.000 |test acc: 0.793 (0.838, 0.721) | test dp gap: 0.1959
begin calculating influence
[Strategy 5] Acc of expected label: 0.8033203125
calculating influence -- done
 62.52% | time: 140.2s ( 65.4m) | step:   4948 | train acc: 1.000 | train loss: 0.000 |val acc: 0.797 (0.846, 0.721) | val dp gap: 0.2115
Files already downloaded and verified
3255 labeled samples and 159515 unlabeled samples. Total: 162770
Use 3255 samples. Get 3255 labels. Ratio: 1.0
 65.05% | time:  51.3s ( 66.3m) | step:   5148 | train acc: 1.000 | train loss: 0.000 |test acc: 0.793 (0.838, 0.721) | test dp gap: 0.1954
begin calculating influence
[Strategy 5] Acc of expected label: 0.7963671875
calculating influence -- done
 65.05% | time: 140.3s ( 68.6m) | step:   5148 | train acc: 1.000 | train loss: 0.000 |val acc: 0.798 (0.846, 0.722) | val dp gap: 0.2127
Files already downloaded and verified
3255 labeled samples and 159515 unlabeled samples. Total: 162770
Use 3255 samples. Get 3255 labels. Ratio: 1.0
 67.58% | time:  52.8s ( 69.5m) | step:   5348 | train acc: 1.000 | train loss: 0.000 |test acc: 0.793 (0.838, 0.722) | test dp gap: 0.1931
begin calculating influence
[Strategy 5] Acc of expected label: 0.8029296875
calculating influence -- done
 67.58% | time: 140.0s ( 71.8m) | step:   5348 | train acc: 1.000 | train loss: 0.000 |val acc: 0.798 (0.847, 0.721) | val dp gap: 0.2123
Files already downloaded and verified
3255 labeled samples and 159515 unlabeled samples. Total: 162770
Use 3255 samples. Get 3255 labels. Ratio: 1.0
Epoch 7
 72.52% | time:  83.8s ( 73.2m) | step:   5739 | train acc: 1.000 | train loss: 0.000 |test acc: 0.793 (0.838, 0.721) | test dp gap: 0.1972
begin calculating influence
[Strategy 5] Acc of expected label: 0.80125
calculating influence -- done
 72.52% | time: 140.2s ( 75.6m) | step:   5739 | train acc: 1.000 | train loss: 0.000 |val acc: 0.798 (0.846, 0.723) | val dp gap: 0.2124
Files already downloaded and verified
3255 labeled samples and 159515 unlabeled samples. Total: 162770
Use 3255 samples. Get 3255 labels. Ratio: 1.0
 75.04% | time:  51.7s ( 76.4m) | step:   5939 | train acc: 1.000 | train loss: 0.000 |test acc: 0.793 (0.838, 0.722) | test dp gap: 0.1930
begin calculating influence
[Strategy 5] Acc of expected label: 0.800625
calculating influence -- done
 75.04% | time: 140.1s ( 78.8m) | step:   5939 | train acc: 1.000 | train loss: 0.000 |val acc: 0.798 (0.847, 0.721) | val dp gap: 0.2123
Files already downloaded and verified
3255 labeled samples and 159515 unlabeled samples. Total: 162770
Use 3255 samples. Get 3255 labels. Ratio: 1.0
 77.57% | time:  51.2s ( 79.6m) | step:   6139 | train acc: 1.000 | train loss: 0.000 |test acc: 0.794 (0.839, 0.722) | test dp gap: 0.1933
begin calculating influence
[Strategy 5] Acc of expected label: 0.7983984375
calculating influence -- done
 77.57% | time: 140.1s ( 82.0m) | step:   6139 | train acc: 1.000 | train loss: 0.000 |val acc: 0.799 (0.847, 0.723) | val dp gap: 0.2097
Files already downloaded and verified
3255 labeled samples and 159515 unlabeled samples. Total: 162770
Use 3255 samples. Get 3255 labels. Ratio: 1.0
Epoch 8
 82.52% | time:  83.8s ( 83.3m) | step:   6531 | train acc: 1.000 | train loss: 0.000 |test acc: 0.794 (0.839, 0.722) | test dp gap: 0.1935
begin calculating influence
[Strategy 5] Acc of expected label: 0.8015234375
calculating influence -- done
 82.52% | time: 140.2s ( 85.7m) | step:   6531 | train acc: 1.000 | train loss: 0.000 |val acc: 0.798 (0.846, 0.723) | val dp gap: 0.2105
Files already downloaded and verified
3255 labeled samples and 159515 unlabeled samples. Total: 162770
Use 3255 samples. Get 3255 labels. Ratio: 1.0
 85.05% | time:  51.6s ( 86.5m) | step:   6731 | train acc: 1.000 | train loss: 0.000 |test acc: 0.793 (0.838, 0.722) | test dp gap: 0.1955
begin calculating influence
[Strategy 5] Acc of expected label: 0.802421875
calculating influence -- done
 85.05% | time: 140.5s ( 88.9m) | step:   6731 | train acc: 1.000 | train loss: 0.000 |val acc: 0.797 (0.846, 0.721) | val dp gap: 0.2115
Files already downloaded and verified
3255 labeled samples and 159515 unlabeled samples. Total: 162770
Use 3255 samples. Get 3255 labels. Ratio: 1.0
 87.58% | time:  51.7s ( 89.8m) | step:   6931 | train acc: 1.000 | train loss: 0.000 |test acc: 0.793 (0.838, 0.721) | test dp gap: 0.1956
begin calculating influence
[Strategy 5] Acc of expected label: 0.8018359375
calculating influence -- done
 87.58% | time: 140.3s ( 92.1m) | step:   6931 | train acc: 1.000 | train loss: 0.000 |val acc: 0.798 (0.847, 0.721) | val dp gap: 0.2123
Files already downloaded and verified
3255 labeled samples and 159515 unlabeled samples. Total: 162770
Use 3255 samples. Get 3255 labels. Ratio: 1.0
Epoch 9
 92.52% | time:  83.0s ( 93.5m) | step:   7322 | train acc: 1.000 | train loss: 0.000 |test acc: 0.793 (0.838, 0.723) | test dp gap: 0.1877
begin calculating influence
[Strategy 5] Acc of expected label: 0.8046484375
calculating influence -- done
 92.52% | time: 140.2s ( 95.8m) | step:   7322 | train acc: 1.000 | train loss: 0.000 |val acc: 0.801 (0.845, 0.732) | val dp gap: 0.2030
Files already downloaded and verified
3255 labeled samples and 159515 unlabeled samples. Total: 162770
Use 3255 samples. Get 3255 labels. Ratio: 1.0
 95.05% | time:  51.1s ( 96.7m) | step:   7522 | train acc: 1.000 | train loss: 0.000 |test acc: 0.793 (0.838, 0.722) | test dp gap: 0.1960
begin calculating influence
[Strategy 5] Acc of expected label: 0.7992578125
calculating influence -- done
 95.05% | time: 140.1s ( 99.0m) | step:   7522 | train acc: 1.000 | train loss: 0.000 |val acc: 0.798 (0.847, 0.722) | val dp gap: 0.2136
Files already downloaded and verified
3255 labeled samples and 159515 unlabeled samples. Total: 162770
Use 3255 samples. Get 3255 labels. Ratio: 1.0
 97.57% | time:  52.6s ( 99.9m) | step:   7722 | train acc: 1.000 | train loss: 0.000 |test acc: 0.793 (0.838, 0.722) | test dp gap: 0.1971
begin calculating influence
[Strategy 5] Acc of expected label: 0.8012890625
calculating influence -- done
 97.57% | time: 140.0s (102.2m) | step:   7722 | train acc: 1.000 | train loss: 0.000 |val acc: 0.799 (0.847, 0.723) | val dp gap: 0.2132
Files already downloaded and verified
3255 labeled samples and 159515 unlabeled samples. Total: 162770
Use 3255 samples. Get 3255 labels. Ratio: 1.0
