Files already downloaded and verified
3255 labeled samples and 159515 unlabeled samples. Total: 162770
Files already downloaded and verified
1996 labeled samples and 17966 unlabeled samples. Total: 19962
Numer of layers 62
train net...
Epoch 0
  2.53% | time:  88.2s (  1.5m) | step:    200 | train acc: 1.000 | train loss: 0.001 |test acc: 0.776 (0.868, 0.630) | test eop gap: 0.3171
begin calculating influence
selected layers: [Traced<ShapedArray(float32[2])>with<DynamicJaxprTrace(level=0/1)>, Traced<ShapedArray(float32[512,2])>with<DynamicJaxprTrace(level=0/1)>]
selected layers: [Traced<ShapedArray(float32[2])>with<DynamicJaxprTrace(level=0/1)>, Traced<ShapedArray(float32[512,2])>with<DynamicJaxprTrace(level=0/1)>]
calculating influence -- done
  2.53% | time:  35.3s (  2.1m) | step:    200 | train acc: 1.000 | train loss: 0.001 |val acc: 0.766 (0.858, 0.620) | val eop gap: 0.2477
Files already downloaded and verified
3511 labeled samples and 159259 unlabeled samples. Total: 162770
Use 3511 samples. Get 3511 labels. Ratio: 1.0
  5.05% | time:  51.8s (  2.9m) | step:    400 | train acc: 1.000 | train loss: 0.000 |test acc: 0.780 (0.874, 0.630) | test eop gap: 0.2983
begin calculating influence
calculating influence -- done
  5.05% | time:  20.8s (  3.3m) | step:    400 | train acc: 1.000 | train loss: 0.000 |val acc: 0.771 (0.864, 0.625) | val eop gap: 0.1938
Files already downloaded and verified
3767 labeled samples and 159003 unlabeled samples. Total: 162770
Use 3767 samples. Get 3767 labels. Ratio: 1.0
  7.58% | time:  53.3s (  4.2m) | step:    600 | train acc: 1.000 | train loss: 0.000 |test acc: 0.778 (0.871, 0.630) | test eop gap: 0.2961
begin calculating influence
calculating influence -- done
  7.58% | time:  18.5s (  4.5m) | step:    600 | train acc: 1.000 | train loss: 0.000 |val acc: 0.773 (0.863, 0.631) | val eop gap: 0.2690
Files already downloaded and verified
4023 labeled samples and 158747 unlabeled samples. Total: 162770
Use 4023 samples. Get 4023 labels. Ratio: 1.0
Epoch 1
 12.52% | time:  85.1s (  5.9m) | step:    991 | train acc: 1.000 | train loss: 0.000 |test acc: 0.788 (0.878, 0.645) | test eop gap: 0.2928
begin calculating influence
calculating influence -- done
 12.52% | time:  20.0s (  6.2m) | step:    991 | train acc: 1.000 | train loss: 0.000 |val acc: 0.781 (0.871, 0.638) | val eop gap: 0.2505
Files already downloaded and verified
4279 labeled samples and 158491 unlabeled samples. Total: 162770
Use 4279 samples. Get 4279 labels. Ratio: 1.0
 15.05% | time:  55.1s (  7.1m) | step:   1191 | train acc: 1.000 | train loss: 0.000 |test acc: 0.784 (0.876, 0.639) | test eop gap: 0.2980
begin calculating influence
calculating influence -- done
 15.05% | time:  17.8s (  7.4m) | step:   1191 | train acc: 1.000 | train loss: 0.000 |val acc: 0.795 (0.879, 0.664) | val eop gap: 0.2277
Files already downloaded and verified
4535 labeled samples and 158235 unlabeled samples. Total: 162770
Use 4535 samples. Get 4535 labels. Ratio: 1.0
 17.58% | time:  52.7s (  8.3m) | step:   1391 | train acc: 1.000 | train loss: 0.000 |test acc: 0.783 (0.875, 0.637) | test eop gap: 0.3329
begin calculating influence
calculating influence -- done
 17.58% | time:  20.5s (  8.7m) | step:   1391 | train acc: 1.000 | train loss: 0.000 |val acc: 0.780 (0.870, 0.637) | val eop gap: 0.2540
Files already downloaded and verified
4791 labeled samples and 157979 unlabeled samples. Total: 162770
Use 4791 samples. Get 4791 labels. Ratio: 1.0
Epoch 2
 22.52% | time:  84.4s ( 10.1m) | step:   1782 | train acc: 1.000 | train loss: 0.000 |test acc: 0.787 (0.875, 0.645) | test eop gap: 0.2963
begin calculating influence
calculating influence -- done
 22.52% | time:  18.1s ( 10.4m) | step:   1782 | train acc: 1.000 | train loss: 0.000 |val acc: 0.778 (0.867, 0.638) | val eop gap: 0.2466
Files already downloaded and verified
5047 labeled samples and 157723 unlabeled samples. Total: 162770
Use 5047 samples. Get 5047 labels. Ratio: 1.0
 25.04% | time:  52.3s ( 11.2m) | step:   1982 | train acc: 1.000 | train loss: 0.000 |test acc: 0.787 (0.875, 0.648) | test eop gap: 0.3007
begin calculating influence
calculating influence -- done
 25.04% | time:  20.2s ( 11.6m) | step:   1982 | train acc: 1.000 | train loss: 0.000 |val acc: 0.785 (0.874, 0.646) | val eop gap: 0.2277
Files already downloaded and verified
5303 labeled samples and 157467 unlabeled samples. Total: 162770
Use 5303 samples. Get 5303 labels. Ratio: 1.0
 27.57% | time:  52.7s ( 12.4m) | step:   2182 | train acc: 1.000 | train loss: 0.000 |test acc: 0.784 (0.874, 0.642) | test eop gap: 0.3029
begin calculating influence
calculating influence -- done
 27.57% | time:  20.2s ( 12.8m) | step:   2182 | train acc: 1.000 | train loss: 0.000 |val acc: 0.786 (0.870, 0.654) | val eop gap: 0.2277
Files already downloaded and verified
5559 labeled samples and 157211 unlabeled samples. Total: 162770
Use 5559 samples. Get 5559 labels. Ratio: 1.0
Epoch 3
 32.52% | time:  83.5s ( 14.2m) | step:   2574 | train acc: 1.000 | train loss: 0.000 |test acc: 0.788 (0.875, 0.650) | test eop gap: 0.3103
begin calculating influence
calculating influence -- done
 32.52% | time:  20.2s ( 14.5m) | step:   2574 | train acc: 1.000 | train loss: 0.000 |val acc: 0.786 (0.874, 0.649) | val eop gap: 0.1990
Files already downloaded and verified
5815 labeled samples and 156955 unlabeled samples. Total: 162770
Use 5815 samples. Get 5815 labels. Ratio: 1.0
 35.05% | time:  51.5s ( 15.4m) | step:   2774 | train acc: 1.000 | train loss: 0.000 |test acc: 0.790 (0.877, 0.653) | test eop gap: 0.3360
begin calculating influence
calculating influence -- done
 35.05% | time:  17.5s ( 15.7m) | step:   2774 | train acc: 1.000 | train loss: 0.000 |val acc: 0.790 (0.875, 0.655) | val eop gap: 0.2781
Files already downloaded and verified
6071 labeled samples and 156699 unlabeled samples. Total: 162770
Use 6071 samples. Get 6071 labels. Ratio: 1.0
 37.58% | time:  52.0s ( 16.5m) | step:   2974 | train acc: 1.000 | train loss: 0.000 |test acc: 0.788 (0.874, 0.651) | test eop gap: 0.3383
begin calculating influence
calculating influence -- done
 37.58% | time:  20.6s ( 16.9m) | step:   2974 | train acc: 1.000 | train loss: 0.000 |val acc: 0.787 (0.866, 0.663) | val eop gap: 0.2843
Files already downloaded and verified
6327 labeled samples and 156443 unlabeled samples. Total: 162770
Use 6327 samples. Get 6327 labels. Ratio: 1.0
Epoch 4
 42.52% | time:  82.8s ( 18.2m) | step:   3365 | train acc: 1.000 | train loss: 0.000 |test acc: 0.793 (0.877, 0.658) | test eop gap: 0.3173
begin calculating influence
calculating influence -- done
 42.52% | time:  19.2s ( 18.6m) | step:   3365 | train acc: 1.000 | train loss: 0.000 |val acc: 0.788 (0.867, 0.663) | val eop gap: 0.2424
Files already downloaded and verified
6583 labeled samples and 156187 unlabeled samples. Total: 162770
Use 6583 samples. Get 6583 labels. Ratio: 1.0
 45.05% | time:  52.3s ( 19.4m) | step:   3565 | train acc: 1.000 | train loss: 0.000 |test acc: 0.790 (0.876, 0.654) | test eop gap: 0.3227
begin calculating influence
calculating influence -- done
 45.05% | time:  20.6s ( 19.8m) | step:   3565 | train acc: 1.000 | train loss: 0.000 |val acc: 0.780 (0.866, 0.644) | val eop gap: 0.2435
Files already downloaded and verified
6839 labeled samples and 155931 unlabeled samples. Total: 162770
Use 6839 samples. Get 6839 labels. Ratio: 1.0
 47.57% | time:  52.3s ( 20.7m) | step:   3765 | train acc: 1.000 | train loss: 0.000 |test acc: 0.789 (0.877, 0.649) | test eop gap: 0.3064
begin calculating influence
calculating influence -- done
 47.57% | time:  19.1s ( 21.0m) | step:   3765 | train acc: 1.000 | train loss: 0.000 |val acc: 0.779 (0.860, 0.653) | val eop gap: 0.3047
Files already downloaded and verified
7095 labeled samples and 155675 unlabeled samples. Total: 162770
Use 7095 samples. Get 7095 labels. Ratio: 1.0
Epoch 5
 52.53% | time:  82.5s ( 22.3m) | step:   4157 | train acc: 1.000 | train loss: 0.000 |test acc: 0.790 (0.876, 0.654) | test eop gap: 0.3055
begin calculating influence
calculating influence -- done
 52.53% | time:  21.3s ( 22.7m) | step:   4157 | train acc: 1.000 | train loss: 0.000 |val acc: 0.783 (0.861, 0.662) | val eop gap: 0.3246
Files already downloaded and verified
7351 labeled samples and 155419 unlabeled samples. Total: 162770
Use 7351 samples. Get 7351 labels. Ratio: 1.0
 55.05% | time:  50.7s ( 23.5m) | step:   4357 | train acc: 1.000 | train loss: 0.000 |test acc: 0.790 (0.874, 0.656) | test eop gap: 0.3145
begin calculating influence
calculating influence -- done
 55.05% | time:  17.5s ( 23.8m) | step:   4357 | train acc: 1.000 | train loss: 0.000 |val acc: 0.778 (0.861, 0.647) | val eop gap: 0.2749
Files already downloaded and verified
7607 labeled samples and 155163 unlabeled samples. Total: 162770
Use 7607 samples. Get 7607 labels. Ratio: 1.0
 57.58% | time:  50.6s ( 24.7m) | step:   4557 | train acc: 1.000 | train loss: 0.000 |test acc: 0.788 (0.871, 0.657) | test eop gap: 0.3245
begin calculating influence
calculating influence -- done
 57.58% | time:  19.5s ( 25.0m) | step:   4557 | train acc: 1.000 | train loss: 0.000 |val acc: 0.789 (0.855, 0.686) | val eop gap: 0.3120
Files already downloaded and verified
7863 labeled samples and 154907 unlabeled samples. Total: 162770
Use 7863 samples. Get 7863 labels. Ratio: 1.0
Epoch 6
 62.52% | time:  81.1s ( 26.4m) | step:   4948 | train acc: 1.000 | train loss: 0.000 |test acc: 0.795 (0.878, 0.663) | test eop gap: 0.3005
begin calculating influence
calculating influence -- done
 62.52% | time:  19.5s ( 26.7m) | step:   4948 | train acc: 1.000 | train loss: 0.000 |val acc: 0.786 (0.860, 0.669) | val eop gap: 0.2462
Files already downloaded and verified
8119 labeled samples and 154651 unlabeled samples. Total: 162770
Use 8119 samples. Get 8119 labels. Ratio: 1.0
 65.05% | time:  51.7s ( 27.5m) | step:   5148 | train acc: 1.000 | train loss: 0.000 |test acc: 0.791 (0.875, 0.657) | test eop gap: 0.3113
begin calculating influence
calculating influence -- done
 65.05% | time:  17.9s ( 27.8m) | step:   5148 | train acc: 1.000 | train loss: 0.000 |val acc: 0.794 (0.866, 0.681) | val eop gap: 0.2913
Files already downloaded and verified
8375 labeled samples and 154395 unlabeled samples. Total: 162770
Use 8375 samples. Get 8375 labels. Ratio: 1.0
 67.58% | time:  52.2s ( 28.7m) | step:   5348 | train acc: 1.000 | train loss: 0.000 |test acc: 0.792 (0.876, 0.658) | test eop gap: 0.3216
begin calculating influence
calculating influence -- done
 67.58% | time:  19.8s ( 29.0m) | step:   5348 | train acc: 1.000 | train loss: 0.000 |val acc: 0.786 (0.859, 0.672) | val eop gap: 0.3509
Files already downloaded and verified
8631 labeled samples and 154139 unlabeled samples. Total: 162770
Use 8631 samples. Get 8631 labels. Ratio: 1.0
Epoch 7
 72.52% | time:  82.8s ( 30.4m) | step:   5739 | train acc: 1.000 | train loss: 0.000 |test acc: 0.795 (0.876, 0.666) | test eop gap: 0.3324
begin calculating influence
calculating influence -- done
 72.52% | time:  17.9s ( 30.7m) | step:   5739 | train acc: 1.000 | train loss: 0.000 |val acc: 0.789 (0.862, 0.674) | val eop gap: 0.2983
Files already downloaded and verified
8887 labeled samples and 153883 unlabeled samples. Total: 162770
Use 8887 samples. Get 8887 labels. Ratio: 1.0
 75.04% | time:  51.8s ( 31.6m) | step:   5939 | train acc: 1.000 | train loss: 0.000 |test acc: 0.797 (0.877, 0.669) | test eop gap: 0.3382
begin calculating influence
calculating influence -- done
 75.04% | time:  17.7s ( 31.9m) | step:   5939 | train acc: 1.000 | train loss: 0.000 |val acc: 0.791 (0.865, 0.674) | val eop gap: 0.3397
Files already downloaded and verified
9143 labeled samples and 153627 unlabeled samples. Total: 162770
Use 9143 samples. Get 9143 labels. Ratio: 1.0
 77.57% | time:  51.2s ( 32.7m) | step:   6139 | train acc: 1.000 | train loss: 0.001 |test acc: 0.791 (0.875, 0.657) | test eop gap: 0.3309
begin calculating influence
calculating influence -- done
 77.57% | time:  20.5s ( 33.1m) | step:   6139 | train acc: 1.000 | train loss: 0.001 |val acc: 0.788 (0.869, 0.660) | val eop gap: 0.2987
Files already downloaded and verified
9399 labeled samples and 153371 unlabeled samples. Total: 162770
Use 9399 samples. Get 9399 labels. Ratio: 1.0
Epoch 8
 82.52% | time:  81.7s ( 34.4m) | step:   6531 | train acc: 1.000 | train loss: 0.000 |test acc: 0.794 (0.879, 0.659) | test eop gap: 0.3337
begin calculating influence
calculating influence -- done
 82.52% | time:  17.8s ( 34.7m) | step:   6531 | train acc: 1.000 | train loss: 0.000 |val acc: 0.787 (0.869, 0.658) | val eop gap: 0.2963
Files already downloaded and verified
9655 labeled samples and 153115 unlabeled samples. Total: 162770
Use 9655 samples. Get 9655 labels. Ratio: 1.0
 85.05% | time:  51.6s ( 35.6m) | step:   6731 | train acc: 1.000 | train loss: 0.000 |test acc: 0.794 (0.880, 0.658) | test eop gap: 0.3366
begin calculating influence
calculating influence -- done
 85.05% | time:  21.0s ( 35.9m) | step:   6731 | train acc: 1.000 | train loss: 0.000 |val acc: 0.787 (0.867, 0.660) | val eop gap: 0.2931
Files already downloaded and verified
9911 labeled samples and 152859 unlabeled samples. Total: 162770
Use 9911 samples. Get 9911 labels. Ratio: 1.0
 87.58% | time:  51.0s ( 36.8m) | step:   6931 | train acc: 1.000 | train loss: 0.000 |test acc: 0.794 (0.879, 0.659) | test eop gap: 0.3385
begin calculating influence
calculating influence -- done
 87.58% | time:  17.7s ( 37.1m) | step:   6931 | train acc: 1.000 | train loss: 0.000 |val acc: 0.781 (0.866, 0.646) | val eop gap: 0.2900
Files already downloaded and verified
10167 labeled samples and 152603 unlabeled samples. Total: 162770
Use 10167 samples. Get 10167 labels. Ratio: 1.0
Epoch 9
 92.52% | time:  81.7s ( 38.5m) | step:   7322 | train acc: 1.000 | train loss: 0.001 |test acc: 0.797 (0.879, 0.665) | test eop gap: 0.3214
begin calculating influence
calculating influence -- done
 92.52% | time:  18.2s ( 38.8m) | step:   7322 | train acc: 1.000 | train loss: 0.001 |val acc: 0.786 (0.859, 0.672) | val eop gap: 0.3579
Files already downloaded and verified
10423 labeled samples and 152347 unlabeled samples. Total: 162770
Use 10423 samples. Get 10423 labels. Ratio: 1.0
 95.05% | time:  51.5s ( 39.6m) | step:   7522 | train acc: 1.000 | train loss: 0.000 |test acc: 0.791 (0.877, 0.655) | test eop gap: 0.3107
begin calculating influence
calculating influence -- done
 95.05% | time:  17.4s ( 39.9m) | step:   7522 | train acc: 1.000 | train loss: 0.000 |val acc: 0.785 (0.870, 0.651) | val eop gap: 0.2599
Files already downloaded and verified
10679 labeled samples and 152091 unlabeled samples. Total: 162770
Use 10679 samples. Get 10679 labels. Ratio: 1.0
 97.57% | time:  51.4s ( 40.8m) | step:   7722 | train acc: 1.000 | train loss: 0.000 |test acc: 0.792 (0.875, 0.659) | test eop gap: 0.3103
begin calculating influence
calculating influence -- done
 97.57% | time:  17.9s ( 41.1m) | step:   7722 | train acc: 1.000 | train loss: 0.000 |val acc: 0.792 (0.872, 0.665) | val eop gap: 0.2630
Files already downloaded and verified
10935 labeled samples and 151835 unlabeled samples. Total: 162770
Use 10935 samples. Get 10935 labels. Ratio: 1.0
