Files already downloaded and verified
3255 labeled samples and 159515 unlabeled samples. Total: 162770
Files already downloaded and verified
1996 labeled samples and 17966 unlabeled samples. Total: 19962
Numer of layers 62
train net...
Epoch 0
  2.53% | time:  87.7s (  1.5m) | step:    200 | train acc: 1.000 | train loss: 0.000 |test acc: 0.964 (0.954, 0.980) | test dp gap: 0.0166
begin calculating influence
selected layers: [Traced<ShapedArray(float32[2])>with<DynamicJaxprTrace(level=0/1)>, Traced<ShapedArray(float32[512,2])>with<DynamicJaxprTrace(level=0/1)>]
selected layers: [Traced<ShapedArray(float32[2])>with<DynamicJaxprTrace(level=0/1)>, Traced<ShapedArray(float32[512,2])>with<DynamicJaxprTrace(level=0/1)>]
calculating influence -- done
  2.53% | time:  37.1s (  2.1m) | step:    200 | train acc: 1.000 | train loss: 0.000 |val acc: 0.963 (0.955, 0.976) | val dp gap: 0.0166
Files already downloaded and verified
3511 labeled samples and 159259 unlabeled samples. Total: 162770
Use 3511 samples. Get 3511 labels. Ratio: 1.0
  5.05% | time:  55.1s (  3.0m) | step:    400 | train acc: 1.000 | train loss: 0.000 |test acc: 0.964 (0.954, 0.979) | test dp gap: 0.0164
begin calculating influence
calculating influence -- done
  5.05% | time:  17.9s (  3.3m) | step:    400 | train acc: 1.000 | train loss: 0.000 |val acc: 0.963 (0.954, 0.978) | val dp gap: 0.0175
Files already downloaded and verified
3767 labeled samples and 159003 unlabeled samples. Total: 162770
Use 3767 samples. Get 3767 labels. Ratio: 1.0
  7.58% | time:  55.0s (  4.2m) | step:    600 | train acc: 1.000 | train loss: 0.000 |test acc: 0.963 (0.952, 0.980) | test dp gap: 0.0194
begin calculating influence
calculating influence -- done
  7.58% | time:  19.3s (  4.5m) | step:    600 | train acc: 1.000 | train loss: 0.000 |val acc: 0.962 (0.953, 0.977) | val dp gap: 0.0196
Files already downloaded and verified
4023 labeled samples and 158747 unlabeled samples. Total: 162770
Use 4023 samples. Get 4023 labels. Ratio: 1.0
Epoch 1
 12.52% | time:  88.2s (  6.0m) | step:    991 | train acc: 1.000 | train loss: 0.000 |test acc: 0.963 (0.953, 0.979) | test dp gap: 0.0188
begin calculating influence
calculating influence -- done
 12.52% | time:  18.5s (  6.3m) | step:    991 | train acc: 1.000 | train loss: 0.000 |val acc: 0.959 (0.948, 0.976) | val dp gap: 0.0232
Files already downloaded and verified
4279 labeled samples and 158491 unlabeled samples. Total: 162770
Use 4279 samples. Get 4279 labels. Ratio: 1.0
 15.05% | time:  55.2s (  7.2m) | step:   1191 | train acc: 1.000 | train loss: 0.000 |test acc: 0.962 (0.952, 0.978) | test dp gap: 0.0210
begin calculating influence
calculating influence -- done
 15.05% | time:  18.0s (  7.5m) | step:   1191 | train acc: 1.000 | train loss: 0.000 |val acc: 0.958 (0.951, 0.970) | val dp gap: 0.0179
Files already downloaded and verified
4535 labeled samples and 158235 unlabeled samples. Total: 162770
Use 4535 samples. Get 4535 labels. Ratio: 1.0
 17.58% | time:  54.2s (  8.4m) | step:   1391 | train acc: 1.000 | train loss: 0.000 |test acc: 0.962 (0.952, 0.979) | test dp gap: 0.0250
begin calculating influence
calculating influence -- done
 17.58% | time:  18.7s (  8.7m) | step:   1391 | train acc: 1.000 | train loss: 0.000 |val acc: 0.959 (0.949, 0.974) | val dp gap: 0.0143
Files already downloaded and verified
4791 labeled samples and 157979 unlabeled samples. Total: 162770
Use 4791 samples. Get 4791 labels. Ratio: 1.0
Epoch 2
 22.52% | time:  86.5s ( 10.2m) | step:   1782 | train acc: 1.000 | train loss: 0.000 |test acc: 0.963 (0.954, 0.979) | test dp gap: 0.0223
begin calculating influence
calculating influence -- done
 22.52% | time:  20.3s ( 10.5m) | step:   1782 | train acc: 1.000 | train loss: 0.000 |val acc: 0.965 (0.958, 0.977) | val dp gap: 0.0193
Files already downloaded and verified
5047 labeled samples and 157723 unlabeled samples. Total: 162770
Use 5047 samples. Get 5047 labels. Ratio: 1.0
 25.04% | time:  54.0s ( 11.4m) | step:   1982 | train acc: 1.000 | train loss: 0.000 |test acc: 0.963 (0.952, 0.980) | test dp gap: 0.0278
begin calculating influence
calculating influence -- done
 25.04% | time:  19.7s ( 11.8m) | step:   1982 | train acc: 1.000 | train loss: 0.000 |val acc: 0.963 (0.957, 0.973) | val dp gap: 0.0211
Files already downloaded and verified
5303 labeled samples and 157467 unlabeled samples. Total: 162770
Use 5303 samples. Get 5303 labels. Ratio: 1.0
 27.57% | time:  54.4s ( 12.7m) | step:   2182 | train acc: 1.000 | train loss: 0.000 |test acc: 0.964 (0.955, 0.978) | test dp gap: 0.0272
begin calculating influence
calculating influence -- done
 27.57% | time:  20.6s ( 13.0m) | step:   2182 | train acc: 1.000 | train loss: 0.000 |val acc: 0.960 (0.953, 0.972) | val dp gap: 0.0240
Files already downloaded and verified
5559 labeled samples and 157211 unlabeled samples. Total: 162770
Use 5559 samples. Get 5559 labels. Ratio: 1.0
Epoch 3
 32.52% | time:  84.7s ( 14.4m) | step:   2574 | train acc: 1.000 | train loss: 0.000 |test acc: 0.965 (0.955, 0.979) | test dp gap: 0.0238
begin calculating influence
calculating influence -- done
 32.52% | time:  18.4s ( 14.7m) | step:   2574 | train acc: 1.000 | train loss: 0.000 |val acc: 0.958 (0.951, 0.969) | val dp gap: 0.0174
Files already downloaded and verified
5815 labeled samples and 156955 unlabeled samples. Total: 162770
Use 5815 samples. Get 5815 labels. Ratio: 1.0
 35.05% | time:  52.8s ( 15.6m) | step:   2774 | train acc: 1.000 | train loss: 0.000 |test acc: 0.964 (0.955, 0.979) | test dp gap: 0.0246
begin calculating influence
calculating influence -- done
 35.05% | time:  18.8s ( 15.9m) | step:   2774 | train acc: 1.000 | train loss: 0.000 |val acc: 0.962 (0.955, 0.973) | val dp gap: 0.0263
Files already downloaded and verified
6071 labeled samples and 156699 unlabeled samples. Total: 162770
Use 6071 samples. Get 6071 labels. Ratio: 1.0
 37.58% | time:  53.0s ( 16.8m) | step:   2974 | train acc: 1.000 | train loss: 0.000 |test acc: 0.963 (0.953, 0.979) | test dp gap: 0.0230
begin calculating influence
calculating influence -- done
 37.58% | time:  18.5s ( 17.1m) | step:   2974 | train acc: 1.000 | train loss: 0.000 |val acc: 0.964 (0.958, 0.974) | val dp gap: 0.0250
Files already downloaded and verified
6327 labeled samples and 156443 unlabeled samples. Total: 162770
Use 6327 samples. Get 6327 labels. Ratio: 1.0
Epoch 4
 42.52% | time:  84.6s ( 18.5m) | step:   3365 | train acc: 1.000 | train loss: 0.000 |test acc: 0.964 (0.955, 0.980) | test dp gap: 0.0245
begin calculating influence
calculating influence -- done
 42.52% | time:  19.1s ( 18.8m) | step:   3365 | train acc: 1.000 | train loss: 0.000 |val acc: 0.959 (0.951, 0.972) | val dp gap: 0.0225
Files already downloaded and verified
6583 labeled samples and 156187 unlabeled samples. Total: 162770
Use 6583 samples. Get 6583 labels. Ratio: 1.0
 45.05% | time:  53.7s ( 19.7m) | step:   3565 | train acc: 1.000 | train loss: 0.000 |test acc: 0.963 (0.953, 0.979) | test dp gap: 0.0263
begin calculating influence
calculating influence -- done
 45.05% | time:  19.3s ( 20.1m) | step:   3565 | train acc: 1.000 | train loss: 0.000 |val acc: 0.958 (0.951, 0.969) | val dp gap: 0.0216
Files already downloaded and verified
6839 labeled samples and 155931 unlabeled samples. Total: 162770
Use 6839 samples. Get 6839 labels. Ratio: 1.0
 47.57% | time:  52.8s ( 20.9m) | step:   3765 | train acc: 1.000 | train loss: 0.000 |test acc: 0.963 (0.953, 0.979) | test dp gap: 0.0245
begin calculating influence
calculating influence -- done
 47.57% | time:  19.2s ( 21.2m) | step:   3765 | train acc: 1.000 | train loss: 0.000 |val acc: 0.960 (0.952, 0.973) | val dp gap: 0.0196
Files already downloaded and verified
7095 labeled samples and 155675 unlabeled samples. Total: 162770
Use 7095 samples. Get 7095 labels. Ratio: 1.0
Epoch 5
 52.53% | time:  82.7s ( 22.6m) | step:   4157 | train acc: 1.000 | train loss: 0.000 |test acc: 0.964 (0.954, 0.979) | test dp gap: 0.0251
begin calculating influence
calculating influence -- done
 52.53% | time:  18.2s ( 22.9m) | step:   4157 | train acc: 1.000 | train loss: 0.000 |val acc: 0.960 (0.950, 0.977) | val dp gap: 0.0243
Files already downloaded and verified
7351 labeled samples and 155419 unlabeled samples. Total: 162770
Use 7351 samples. Get 7351 labels. Ratio: 1.0
 55.05% | time:  52.6s ( 23.8m) | step:   4357 | train acc: 1.000 | train loss: 0.000 |test acc: 0.963 (0.953, 0.980) | test dp gap: 0.0225
begin calculating influence
calculating influence -- done
 55.05% | time:  19.7s ( 24.1m) | step:   4357 | train acc: 1.000 | train loss: 0.000 |val acc: 0.957 (0.946, 0.974) | val dp gap: 0.0267
Files already downloaded and verified
7607 labeled samples and 155163 unlabeled samples. Total: 162770
Use 7607 samples. Get 7607 labels. Ratio: 1.0
 57.58% | time:  51.6s ( 25.0m) | step:   4557 | train acc: 1.000 | train loss: 0.000 |test acc: 0.964 (0.954, 0.979) | test dp gap: 0.0234
begin calculating influence
calculating influence -- done
 57.58% | time:  18.4s ( 25.3m) | step:   4557 | train acc: 1.000 | train loss: 0.000 |val acc: 0.957 (0.948, 0.972) | val dp gap: 0.0243
Files already downloaded and verified
7863 labeled samples and 154907 unlabeled samples. Total: 162770
Use 7863 samples. Get 7863 labels. Ratio: 1.0
Epoch 6
 62.52% | time:  83.0s ( 26.7m) | step:   4948 | train acc: 1.000 | train loss: 0.000 |test acc: 0.965 (0.955, 0.980) | test dp gap: 0.0211
begin calculating influence
calculating influence -- done
 62.52% | time:  19.1s ( 27.0m) | step:   4948 | train acc: 1.000 | train loss: 0.000 |val acc: 0.959 (0.950, 0.973) | val dp gap: 0.0265
Files already downloaded and verified
8119 labeled samples and 154651 unlabeled samples. Total: 162770
Use 8119 samples. Get 8119 labels. Ratio: 1.0
 65.05% | time:  52.3s ( 27.9m) | step:   5148 | train acc: 1.000 | train loss: 0.000 |test acc: 0.965 (0.955, 0.981) | test dp gap: 0.0236
begin calculating influence
calculating influence -- done
 65.05% | time:  19.2s ( 28.2m) | step:   5148 | train acc: 1.000 | train loss: 0.000 |val acc: 0.956 (0.943, 0.977) | val dp gap: 0.0276
Files already downloaded and verified
8375 labeled samples and 154395 unlabeled samples. Total: 162770
Use 8375 samples. Get 8375 labels. Ratio: 1.0
 67.58% | time:  53.2s ( 29.1m) | step:   5348 | train acc: 1.000 | train loss: 0.000 |test acc: 0.964 (0.954, 0.979) | test dp gap: 0.0222
begin calculating influence
calculating influence -- done
 67.58% | time:  19.4s ( 29.4m) | step:   5348 | train acc: 1.000 | train loss: 0.000 |val acc: 0.959 (0.949, 0.976) | val dp gap: 0.0264
Files already downloaded and verified
8631 labeled samples and 154139 unlabeled samples. Total: 162770
Use 8631 samples. Get 8631 labels. Ratio: 1.0
Epoch 7
 72.52% | time:  84.0s ( 30.8m) | step:   5739 | train acc: 1.000 | train loss: 0.000 |test acc: 0.964 (0.955, 0.979) | test dp gap: 0.0211
begin calculating influence
calculating influence -- done
 72.52% | time:  18.0s ( 31.1m) | step:   5739 | train acc: 1.000 | train loss: 0.000 |val acc: 0.960 (0.950, 0.976) | val dp gap: 0.0265
Files already downloaded and verified
8887 labeled samples and 153883 unlabeled samples. Total: 162770
Use 8887 samples. Get 8887 labels. Ratio: 1.0
 75.04% | time:  52.5s ( 32.0m) | step:   5939 | train acc: 1.000 | train loss: 0.000 |test acc: 0.963 (0.953, 0.979) | test dp gap: 0.0231
begin calculating influence
calculating influence -- done
 75.04% | time:  18.3s ( 32.3m) | step:   5939 | train acc: 1.000 | train loss: 0.000 |val acc: 0.960 (0.952, 0.974) | val dp gap: 0.0301
Files already downloaded and verified
9143 labeled samples and 153627 unlabeled samples. Total: 162770
Use 9143 samples. Get 9143 labels. Ratio: 1.0
 77.57% | time:  52.4s ( 33.2m) | step:   6139 | train acc: 1.000 | train loss: 0.000 |test acc: 0.963 (0.954, 0.979) | test dp gap: 0.0218
begin calculating influence
calculating influence -- done
 77.57% | time:  20.0s ( 33.5m) | step:   6139 | train acc: 1.000 | train loss: 0.000 |val acc: 0.961 (0.952, 0.977) | val dp gap: 0.0259
Files already downloaded and verified
9399 labeled samples and 153371 unlabeled samples. Total: 162770
Use 9399 samples. Get 9399 labels. Ratio: 1.0
Epoch 8
 82.52% | time:  84.2s ( 34.9m) | step:   6531 | train acc: 1.000 | train loss: 0.000 |test acc: 0.964 (0.954, 0.979) | test dp gap: 0.0220
begin calculating influence
calculating influence -- done
 82.52% | time:  18.0s ( 35.2m) | step:   6531 | train acc: 1.000 | train loss: 0.000 |val acc: 0.960 (0.951, 0.976) | val dp gap: 0.0297
Files already downloaded and verified
9655 labeled samples and 153115 unlabeled samples. Total: 162770
Use 9655 samples. Get 9655 labels. Ratio: 1.0
 85.05% | time:  52.0s ( 36.1m) | step:   6731 | train acc: 1.000 | train loss: 0.000 |test acc: 0.964 (0.954, 0.979) | test dp gap: 0.0230
begin calculating influence
calculating influence -- done
 85.05% | time:  17.8s ( 36.4m) | step:   6731 | train acc: 1.000 | train loss: 0.000 |val acc: 0.961 (0.953, 0.973) | val dp gap: 0.0288
Files already downloaded and verified
9911 labeled samples and 152859 unlabeled samples. Total: 162770
Use 9911 samples. Get 9911 labels. Ratio: 1.0
 87.58% | time:  51.8s ( 37.2m) | step:   6931 | train acc: 1.000 | train loss: 0.000 |test acc: 0.963 (0.954, 0.978) | test dp gap: 0.0230
begin calculating influence
calculating influence -- done
 87.58% | time:  19.0s ( 37.5m) | step:   6931 | train acc: 1.000 | train loss: 0.000 |val acc: 0.959 (0.950, 0.974) | val dp gap: 0.0285
Files already downloaded and verified
10167 labeled samples and 152603 unlabeled samples. Total: 162770
Use 10167 samples. Get 10167 labels. Ratio: 1.0
Epoch 9
 92.52% | time:  83.1s ( 38.9m) | step:   7322 | train acc: 1.000 | train loss: 0.000 |test acc: 0.964 (0.954, 0.980) | test dp gap: 0.0245
begin calculating influence
calculating influence -- done
 92.52% | time:  18.4s ( 39.2m) | step:   7322 | train acc: 1.000 | train loss: 0.000 |val acc: 0.961 (0.952, 0.976) | val dp gap: 0.0314
Files already downloaded and verified
10423 labeled samples and 152347 unlabeled samples. Total: 162770
Use 10423 samples. Get 10423 labels. Ratio: 1.0
 95.05% | time:  53.2s ( 40.1m) | step:   7522 | train acc: 1.000 | train loss: 0.000 |test acc: 0.966 (0.957, 0.980) | test dp gap: 0.0264
begin calculating influence
calculating influence -- done
 95.05% | time:  18.1s ( 40.4m) | step:   7522 | train acc: 1.000 | train loss: 0.000 |val acc: 0.960 (0.954, 0.969) | val dp gap: 0.0309
Files already downloaded and verified
10679 labeled samples and 152091 unlabeled samples. Total: 162770
Use 10679 samples. Get 10679 labels. Ratio: 1.0
 97.57% | time:  51.6s ( 41.3m) | step:   7722 | train acc: 1.000 | train loss: 0.000 |test acc: 0.965 (0.956, 0.979) | test dp gap: 0.0265
begin calculating influence
calculating influence -- done
 97.57% | time:  17.5s ( 41.6m) | step:   7722 | train acc: 1.000 | train loss: 0.000 |val acc: 0.958 (0.948, 0.974) | val dp gap: 0.0376
Files already downloaded and verified
10935 labeled samples and 151835 unlabeled samples. Total: 162770
Use 10935 samples. Get 10935 labels. Ratio: 1.0
