Files already downloaded and verified
3255 labeled samples and 159515 unlabeled samples. Total: 162770
Files already downloaded and verified
1996 labeled samples and 17966 unlabeled samples. Total: 19962
Numer of layers 200
train net...
Epoch 0
  2.53% | time:  84.8s (  1.4m) | step:    200 | train acc: 0.832 | train loss: 0.371 |test acc: 0.712 (0.707, 0.721) | test eod gap: 0.3152
begin calculating influence
selected layers: [Traced<ShapedArray(float32[2])>with<DynamicJaxprTrace(level=0/1)>, Traced<ShapedArray(float32[768,2])>with<DynamicJaxprTrace(level=0/1)>]
selected layers: [Traced<ShapedArray(float32[2])>with<DynamicJaxprTrace(level=0/1)>, Traced<ShapedArray(float32[768,2])>with<DynamicJaxprTrace(level=0/1)>]
[Strategy 2] Acc of expected label: 0.7136328125
calculating influence -- done
  2.53% | time:  46.8s (  2.2m) | step:    200 | train acc: 0.832 | train loss: 0.371 |val acc: 0.705 (0.701, 0.710) | val eod gap: 0.3184
Files already downloaded and verified
3511 labeled samples and 159259 unlabeled samples. Total: 162770
Use 3511 samples. Get 3703 labels. Ratio: 0.9481501485282203
  5.05% | time:  67.8s (  3.3m) | step:    400 | train acc: 1.000 | train loss: 0.001 |test acc: 0.706 (0.687, 0.736) | test eod gap: 0.2974
begin calculating influence
[Strategy 2] Acc of expected label: 0.7053125
calculating influence -- done
  5.05% | time:  18.5s (  3.6m) | step:    400 | train acc: 1.000 | train loss: 0.001 |val acc: 0.696 (0.683, 0.717) | val eod gap: 0.2979
Files already downloaded and verified
3767 labeled samples and 159003 unlabeled samples. Total: 162770
Use 3767 samples. Get 4252 labels. Ratio: 0.8859360301034808
  7.58% | time:  66.5s (  4.7m) | step:    600 | train acc: 0.793 | train loss: 0.468 |test acc: 0.639 (0.560, 0.763) | test eod gap: 0.1888
begin calculating influence
[Strategy 2] Acc of expected label: 0.629296875
calculating influence -- done
  7.58% | time:  20.3s (  5.1m) | step:    600 | train acc: 0.793 | train loss: 0.468 |val acc: 0.617 (0.543, 0.732) | val eod gap: 0.2019
Files already downloaded and verified
4023 labeled samples and 158747 unlabeled samples. Total: 162770
Use 4023 samples. Get 4590 labels. Ratio: 0.8764705882352941
Epoch 1
 12.52% | time: 111.8s (  6.9m) | step:    991 | train acc: 1.000 | train loss: 0.004 |test acc: 0.687 (0.668, 0.718) | test eod gap: 0.2429
begin calculating influence
[Strategy 2] Acc of expected label: 0.694296875
calculating influence -- done
 12.52% | time:  19.5s (  7.3m) | step:    991 | train acc: 1.000 | train loss: 0.004 |val acc: 0.692 (0.678, 0.714) | val eod gap: 0.2717
Files already downloaded and verified
4279 labeled samples and 158491 unlabeled samples. Total: 162770
Use 4279 samples. Get 5131 labels. Ratio: 0.8339504969791464
 15.05% | time:  64.5s (  8.3m) | step:   1191 | train acc: 1.000 | train loss: 0.001 |test acc: 0.689 (0.666, 0.725) | test eod gap: 0.2457
begin calculating influence
[Strategy 2] Acc of expected label: 0.6937109375
calculating influence -- done
 15.05% | time:  21.0s (  8.7m) | step:   1191 | train acc: 1.000 | train loss: 0.001 |val acc: 0.687 (0.677, 0.703) | val eod gap: 0.2171
Files already downloaded and verified
4535 labeled samples and 158235 unlabeled samples. Total: 162770
Use 4535 samples. Get 5708 labels. Ratio: 0.7944989488437281
 17.58% | time:  67.1s (  9.8m) | step:   1391 | train acc: 1.000 | train loss: 0.001 |test acc: 0.686 (0.659, 0.730) | test eod gap: 0.2285
begin calculating influence
[Strategy 2] Acc of expected label: 0.6846484375
calculating influence -- done
 17.58% | time:  19.9s ( 10.1m) | step:   1391 | train acc: 1.000 | train loss: 0.001 |val acc: 0.691 (0.675, 0.717) | val eod gap: 0.2116
Files already downloaded and verified
4791 labeled samples and 157979 unlabeled samples. Total: 162770
Use 4791 samples. Get 6158 labels. Ratio: 0.7780123416693732
Epoch 2
 22.52% | time: 108.8s ( 12.0m) | step:   1782 | train acc: 1.000 | train loss: 0.000 |test acc: 0.695 (0.670, 0.735) | test eod gap: 0.2152
begin calculating influence
[Strategy 2] Acc of expected label: 0.6955078125
calculating influence -- done
 22.52% | time:  19.7s ( 12.3m) | step:   1782 | train acc: 1.000 | train loss: 0.000 |val acc: 0.702 (0.688, 0.725) | val eod gap: 0.1998
Files already downloaded and verified
5047 labeled samples and 157723 unlabeled samples. Total: 162770
Use 5047 samples. Get 6699 labels. Ratio: 0.7533960292580982
 25.04% | time:  60.3s ( 13.3m) | step:   1982 | train acc: 0.992 | train loss: 0.010 |test acc: 0.691 (0.662, 0.737) | test eod gap: 0.2311
begin calculating influence
[Strategy 2] Acc of expected label: 0.696953125
calculating influence -- done
 25.04% | time:  18.5s ( 13.6m) | step:   1982 | train acc: 0.992 | train loss: 0.010 |val acc: 0.710 (0.697, 0.730) | val eod gap: 0.2243
Files already downloaded and verified
5282 labeled samples and 157488 unlabeled samples. Total: 162770
Use 5282 samples. Get 7223 labels. Ratio: 0.7312750934514745
 27.57% | time:  67.3s ( 14.7m) | step:   2182 | train acc: 1.000 | train loss: 0.001 |test acc: 0.687 (0.666, 0.720) | test eod gap: 0.2043
begin calculating influence
[Strategy 2] Acc of expected label: 0.6951953125
calculating influence -- done
 27.57% | time:  20.3s ( 15.1m) | step:   2182 | train acc: 1.000 | train loss: 0.001 |val acc: 0.712 (0.699, 0.732) | val eod gap: 0.2047
Files already downloaded and verified
5538 labeled samples and 157232 unlabeled samples. Total: 162770
Use 5538 samples. Get 7844 labels. Ratio: 0.7060173380928098
Epoch 3
 32.52% | time: 104.4s ( 16.8m) | step:   2574 | train acc: 1.000 | train loss: 0.000 |test acc: 0.690 (0.668, 0.727) | test eod gap: 0.1967
begin calculating influence
[Strategy 2] Acc of expected label: 0.697421875
calculating influence -- done
 32.52% | time:  19.4s ( 17.1m) | step:   2574 | train acc: 1.000 | train loss: 0.000 |val acc: 0.706 (0.692, 0.727) | val eod gap: 0.1943
Files already downloaded and verified
5738 labeled samples and 157032 unlabeled samples. Total: 162770
Use 5738 samples. Get 8388 labels. Ratio: 0.684072484501669
 35.05% | time:  65.2s ( 18.2m) | step:   2774 | train acc: 1.000 | train loss: 0.000 |test acc: 0.684 (0.657, 0.728) | test eod gap: 0.1877
begin calculating influence
[Strategy 2] Acc of expected label: 0.693671875
calculating influence -- done
 35.05% | time:  19.6s ( 18.5m) | step:   2774 | train acc: 1.000 | train loss: 0.000 |val acc: 0.702 (0.688, 0.723) | val eod gap: 0.1879
Files already downloaded and verified
5829 labeled samples and 156941 unlabeled samples. Total: 162770
Use 5829 samples. Get 8644 labels. Ratio: 0.6743405830633966
 37.58% | time:  68.1s ( 19.7m) | step:   2974 | train acc: 1.000 | train loss: 0.001 |test acc: 0.681 (0.653, 0.725) | test eod gap: 0.1895
begin calculating influence
[Strategy 2] Acc of expected label: 0.6887890625
calculating influence -- done
 37.58% | time:  20.1s ( 20.0m) | step:   2974 | train acc: 1.000 | train loss: 0.001 |val acc: 0.691 (0.675, 0.717) | val eod gap: 0.1786
Files already downloaded and verified
5897 labeled samples and 156873 unlabeled samples. Total: 162770
Use 5897 samples. Get 8796 labels. Ratio: 0.670418371987267
Epoch 4
 42.52% | time: 113.0s ( 21.9m) | step:   3365 | train acc: 1.000 | train loss: 0.000 |test acc: 0.686 (0.660, 0.726) | test eod gap: 0.1903
begin calculating influence
[Strategy 2] Acc of expected label: 0.6884375
calculating influence -- done
 42.52% | time:  19.6s ( 22.2m) | step:   3365 | train acc: 1.000 | train loss: 0.000 |val acc: 0.696 (0.684, 0.716) | val eod gap: 0.1762
Files already downloaded and verified
6012 labeled samples and 156758 unlabeled samples. Total: 162770
Use 6012 samples. Get 9118 labels. Ratio: 0.6593551217372231
 45.05% | time:  67.6s ( 23.3m) | step:   3565 | train acc: 1.000 | train loss: 0.000 |test acc: 0.678 (0.652, 0.720) | test eod gap: 0.1746
begin calculating influence
[Strategy 2] Acc of expected label: 0.688046875
calculating influence -- done
 45.05% | time:  20.0s ( 23.7m) | step:   3565 | train acc: 1.000 | train loss: 0.000 |val acc: 0.687 (0.676, 0.704) | val eod gap: 0.1633
Files already downloaded and verified
6211 labeled samples and 156559 unlabeled samples. Total: 162770
Use 6211 samples. Get 9562 labels. Ratio: 0.6495503032838318
 47.57% | time:  67.1s ( 24.8m) | step:   3765 | train acc: 1.000 | train loss: 0.001 |test acc: 0.684 (0.658, 0.725) | test eod gap: 0.2029
begin calculating influence
[Strategy 2] Acc of expected label: 0.6952734375
calculating influence -- done
 47.57% | time:  19.9s ( 25.1m) | step:   3765 | train acc: 1.000 | train loss: 0.001 |val acc: 0.699 (0.683, 0.725) | val eod gap: 0.1894
Files already downloaded and verified
6331 labeled samples and 156439 unlabeled samples. Total: 162770
Use 6331 samples. Get 9877 labels. Ratio: 0.6409841044851675
Epoch 5
 52.53% | time: 111.5s ( 27.0m) | step:   4157 | train acc: 1.000 | train loss: 0.000 |test acc: 0.681 (0.657, 0.720) | test eod gap: 0.1850
begin calculating influence
[Strategy 2] Acc of expected label: 0.6912109375
calculating influence -- done
 52.53% | time:  20.7s ( 27.3m) | step:   4157 | train acc: 1.000 | train loss: 0.000 |val acc: 0.693 (0.676, 0.719) | val eod gap: 0.1627
Files already downloaded and verified
6406 labeled samples and 156364 unlabeled samples. Total: 162770
Use 6406 samples. Get 10067 labels. Ratio: 0.6363365451475117
 55.05% | time:  72.2s ( 28.5m) | step:   4357 | train acc: 1.000 | train loss: 0.000 |test acc: 0.681 (0.658, 0.718) | test eod gap: 0.1857
begin calculating influence
[Strategy 2] Acc of expected label: 0.6879296875
calculating influence -- done
 55.05% | time:  20.0s ( 28.9m) | step:   4357 | train acc: 1.000 | train loss: 0.000 |val acc: 0.692 (0.683, 0.705) | val eod gap: 0.1776
Files already downloaded and verified
6523 labeled samples and 156247 unlabeled samples. Total: 162770
Use 6523 samples. Get 10332 labels. Ratio: 0.6313395276809911
 57.58% | time:  74.3s ( 30.1m) | step:   4557 | train acc: 0.996 | train loss: 0.004 |test acc: 0.683 (0.661, 0.719) | test eod gap: 0.1914
begin calculating influence
[Strategy 2] Acc of expected label: 0.6857421875
calculating influence -- done
 57.58% | time:  19.8s ( 30.4m) | step:   4557 | train acc: 0.996 | train loss: 0.004 |val acc: 0.696 (0.678, 0.725) | val eod gap: 0.1712
Files already downloaded and verified
6742 labeled samples and 156028 unlabeled samples. Total: 162770
Use 6742 samples. Get 10825 labels. Ratio: 0.6228175519630484
Epoch 6
 62.52% | time: 119.3s ( 32.4m) | step:   4948 | train acc: 1.000 | train loss: 0.000 |test acc: 0.682 (0.660, 0.718) | test eod gap: 0.1646
begin calculating influence
[Strategy 2] Acc of expected label: 0.685
calculating influence -- done
 62.52% | time:  20.2s ( 32.8m) | step:   4948 | train acc: 1.000 | train loss: 0.000 |val acc: 0.694 (0.681, 0.716) | val eod gap: 0.1476
Files already downloaded and verified
6869 labeled samples and 155901 unlabeled samples. Total: 162770
Use 6869 samples. Get 11110 labels. Ratio: 0.6182718271827182
 65.05% | time:  70.1s ( 33.9m) | step:   5148 | train acc: 1.000 | train loss: 0.000 |test acc: 0.676 (0.654, 0.712) | test eod gap: 0.1729
begin calculating influence
[Strategy 2] Acc of expected label: 0.6843359375
calculating influence -- done
 65.05% | time:  20.3s ( 34.3m) | step:   5148 | train acc: 1.000 | train loss: 0.000 |val acc: 0.689 (0.680, 0.703) | val eod gap: 0.1515
Files already downloaded and verified
6916 labeled samples and 155854 unlabeled samples. Total: 162770
Use 6916 samples. Get 11251 labels. Ratio: 0.61470091547418
 67.58% | time:  67.4s ( 35.4m) | step:   5348 | train acc: 0.660 | train loss: 0.608 |test acc: 0.676 (0.653, 0.714) | test eod gap: 0.1616
begin calculating influence
[Strategy 2] Acc of expected label: 0.67984375
calculating influence -- done
 67.58% | time:  20.3s ( 35.7m) | step:   5348 | train acc: 0.660 | train loss: 0.608 |val acc: 0.667 (0.643, 0.704) | val eod gap: 0.1437
Files already downloaded and verified
7172 labeled samples and 155598 unlabeled samples. Total: 162770
Use 7172 samples. Get 11790 labels. Ratio: 0.6083121289228159
Epoch 7
 72.52% | time: 106.5s ( 37.5m) | step:   5739 | train acc: 0.852 | train loss: 0.356 |test acc: 0.673 (0.642, 0.723) | test eod gap: 0.1527
begin calculating influence
[Strategy 2] Acc of expected label: 0.679765625
calculating influence -- done
 72.52% | time:  19.4s ( 37.8m) | step:   5739 | train acc: 0.852 | train loss: 0.356 |val acc: 0.670 (0.655, 0.694) | val eod gap: 0.1315
Files already downloaded and verified
7342 labeled samples and 155428 unlabeled samples. Total: 162770
Use 7342 samples. Get 12120 labels. Ratio: 0.6057755775577558
 75.04% | time:  66.2s ( 38.9m) | step:   5939 | train acc: 0.988 | train loss: 0.035 |test acc: 0.672 (0.653, 0.703) | test eod gap: 0.1403
begin calculating influence
[Strategy 2] Acc of expected label: 0.6813671875
calculating influence -- done
 75.04% | time:  20.1s ( 39.3m) | step:   5939 | train acc: 0.988 | train loss: 0.035 |val acc: 0.683 (0.674, 0.698) | val eod gap: 0.1321
Files already downloaded and verified
7598 labeled samples and 155172 unlabeled samples. Total: 162770
Use 7598 samples. Get 12751 labels. Ratio: 0.5958748333464042
 77.57% | time:  60.8s ( 40.3m) | step:   6139 | train acc: 1.000 | train loss: 0.001 |test acc: 0.673 (0.641, 0.724) | test eod gap: 0.1488
begin calculating influence
[Strategy 2] Acc of expected label: 0.68171875
calculating influence -- done
 77.57% | time:  20.5s ( 40.6m) | step:   6139 | train acc: 1.000 | train loss: 0.001 |val acc: 0.673 (0.652, 0.705) | val eod gap: 0.1330
Files already downloaded and verified
7854 labeled samples and 154916 unlabeled samples. Total: 162770
Use 7854 samples. Get 13309 labels. Ratio: 0.5901269817416785
Epoch 8
 82.52% | time: 109.8s ( 42.4m) | step:   6531 | train acc: 1.000 | train loss: 0.001 |test acc: 0.676 (0.650, 0.719) | test eod gap: 0.1512
begin calculating influence
[Strategy 2] Acc of expected label: 0.682421875
calculating influence -- done
 82.52% | time:  19.0s ( 42.8m) | step:   6531 | train acc: 1.000 | train loss: 0.001 |val acc: 0.677 (0.665, 0.695) | val eod gap: 0.1492
Files already downloaded and verified
7986 labeled samples and 154784 unlabeled samples. Total: 162770
Use 7986 samples. Get 13616 labels. Ratio: 0.5865158636897767
 85.05% | time:  70.4s ( 43.9m) | step:   6731 | train acc: 0.969 | train loss: 0.086 |test acc: 0.674 (0.647, 0.719) | test eod gap: 0.1491
begin calculating influence
[Strategy 2] Acc of expected label: 0.676640625
calculating influence -- done
 85.05% | time:  19.8s ( 44.3m) | step:   6731 | train acc: 0.969 | train loss: 0.086 |val acc: 0.686 (0.687, 0.686) | val eod gap: 0.1486
Files already downloaded and verified
8173 labeled samples and 154597 unlabeled samples. Total: 162770
Use 8173 samples. Get 14003 labels. Ratio: 0.5836606441476826
 87.58% | time:  69.9s ( 45.4m) | step:   6931 | train acc: 1.000 | train loss: 0.000 |test acc: 0.675 (0.648, 0.717) | test eod gap: 0.1491
begin calculating influence
[Strategy 2] Acc of expected label: 0.683984375
calculating influence -- done
 87.58% | time:  19.6s ( 45.8m) | step:   6931 | train acc: 1.000 | train loss: 0.000 |val acc: 0.684 (0.682, 0.687) | val eod gap: 0.1469
Files already downloaded and verified
8307 labeled samples and 154463 unlabeled samples. Total: 162770
Use 8307 samples. Get 14320 labels. Ratio: 0.5800977653631285
Epoch 9
 92.52% | time: 113.8s ( 47.7m) | step:   7322 | train acc: 1.000 | train loss: 0.000 |test acc: 0.677 (0.650, 0.721) | test eod gap: 0.1456
begin calculating influence
[Strategy 2] Acc of expected label: 0.683203125
calculating influence -- done
 92.52% | time:  19.9s ( 48.0m) | step:   7322 | train acc: 1.000 | train loss: 0.000 |val acc: 0.688 (0.687, 0.690) | val eod gap: 0.1316
Files already downloaded and verified
8383 labeled samples and 154387 unlabeled samples. Total: 162770
Use 8383 samples. Get 14547 labels. Ratio: 0.5762700213102357
 95.05% | time:  66.9s ( 49.1m) | step:   7522 | train acc: 1.000 | train loss: 0.000 |test acc: 0.672 (0.645, 0.714) | test eod gap: 0.1445
begin calculating influence
[Strategy 2] Acc of expected label: 0.675390625
calculating influence -- done
 95.05% | time:  19.9s ( 49.4m) | step:   7522 | train acc: 1.000 | train loss: 0.000 |val acc: 0.676 (0.673, 0.682) | val eod gap: 0.1157
Files already downloaded and verified
8441 labeled samples and 154329 unlabeled samples. Total: 162770
Use 8441 samples. Get 14707 labels. Ratio: 0.5739443802271027
 97.57% | time:  66.2s ( 50.5m) | step:   7722 | train acc: 1.000 | train loss: 0.000 |test acc: 0.670 (0.643, 0.714) | test eod gap: 0.1452
begin calculating influence
[Strategy 2] Acc of expected label: 0.6743359375
calculating influence -- done
 97.57% | time:  19.0s ( 50.9m) | step:   7722 | train acc: 1.000 | train loss: 0.000 |val acc: 0.675 (0.665, 0.690) | val eod gap: 0.1230
Files already downloaded and verified
8508 labeled samples and 154262 unlabeled samples. Total: 162770
Use 8508 samples. Get 14904 labels. Ratio: 0.57085346215781
