Files already downloaded and verified
3255 labeled samples and 159515 unlabeled samples. Total: 162770
Files already downloaded and verified
1996 labeled samples and 17966 unlabeled samples. Total: 19962
Numer of layers 200
train net...
Epoch 0
  2.53% | time:  75.3s (  1.3m) | step:    200 | train acc: 0.832 | train loss: 0.371 |test acc: 0.712 (0.707, 0.721) | test dp gap: 0.4504
begin calculating influence
selected layers: [Traced<ShapedArray(float32[2])>with<DynamicJaxprTrace(level=0/1)>, Traced<ShapedArray(float32[768,2])>with<DynamicJaxprTrace(level=0/1)>]
selected layers: [Traced<ShapedArray(float32[2])>with<DynamicJaxprTrace(level=0/1)>, Traced<ShapedArray(float32[768,2])>with<DynamicJaxprTrace(level=0/1)>]
[Strategy 5] Acc of expected label: 0.7136328125
calculating influence -- done
  2.53% | time:  46.7s (  2.0m) | step:    200 | train acc: 0.832 | train loss: 0.371 |val acc: 0.705 (0.701, 0.710) | val dp gap: 0.4356
Files already downloaded and verified
3511 labeled samples and 159259 unlabeled samples. Total: 162770
Use 3511 samples. Get 3709 labels. Ratio: 0.9466163386357509
  5.05% | time:  60.5s (  3.0m) | step:    400 | train acc: 1.000 | train loss: 0.005 |test acc: 0.703 (0.688, 0.727) | test dp gap: 0.3989
begin calculating influence
[Strategy 5] Acc of expected label: 0.7083984375
calculating influence -- done
  5.05% | time:  18.7s (  3.4m) | step:    400 | train acc: 1.000 | train loss: 0.005 |val acc: 0.705 (0.686, 0.736) | val dp gap: 0.4031
Files already downloaded and verified
3767 labeled samples and 159003 unlabeled samples. Total: 162770
Use 3767 samples. Get 4335 labels. Ratio: 0.8689734717416379
  7.58% | time:  59.9s (  4.4m) | step:    600 | train acc: 0.859 | train loss: 0.306 |test acc: 0.707 (0.680, 0.749) | test dp gap: 0.4123
begin calculating influence
[Strategy 5] Acc of expected label: 0.7071484375
calculating influence -- done
  7.58% | time:  18.8s (  4.7m) | step:    600 | train acc: 0.859 | train loss: 0.306 |val acc: 0.698 (0.677, 0.732) | val dp gap: 0.3967
Files already downloaded and verified
4023 labeled samples and 158747 unlabeled samples. Total: 162770
Use 4023 samples. Get 4894 labels. Ratio: 0.8220269718022067
Epoch 1
 12.52% | time: 104.3s (  6.4m) | step:    991 | train acc: 1.000 | train loss: 0.000 |test acc: 0.698 (0.669, 0.745) | test dp gap: 0.3815
begin calculating influence
[Strategy 5] Acc of expected label: 0.7044140625
calculating influence -- done
 12.52% | time:  19.0s (  6.7m) | step:    991 | train acc: 1.000 | train loss: 0.000 |val acc: 0.691 (0.667, 0.728) | val dp gap: 0.3562
Files already downloaded and verified
4256 labeled samples and 158514 unlabeled samples. Total: 162770
Use 4256 samples. Get 5485 labels. Ratio: 0.7759343664539654
 15.05% | time:  69.8s (  7.9m) | step:   1191 | train acc: 1.000 | train loss: 0.003 |test acc: 0.693 (0.664, 0.738) | test dp gap: 0.3560
begin calculating influence
[Strategy 5] Acc of expected label: 0.694453125
calculating influence -- done
 15.05% | time:  18.8s (  8.2m) | step:   1191 | train acc: 1.000 | train loss: 0.003 |val acc: 0.692 (0.670, 0.726) | val dp gap: 0.3518
Files already downloaded and verified
4512 labeled samples and 158258 unlabeled samples. Total: 162770
Use 4512 samples. Get 6029 labels. Ratio: 0.7483828163874606
 17.58% | time:  61.6s (  9.2m) | step:   1391 | train acc: 1.000 | train loss: 0.002 |test acc: 0.692 (0.667, 0.732) | test dp gap: 0.3641
begin calculating influence
[Strategy 5] Acc of expected label: 0.69515625
calculating influence -- done
 17.58% | time:  19.9s (  9.6m) | step:   1391 | train acc: 1.000 | train loss: 0.002 |val acc: 0.686 (0.678, 0.699) | val dp gap: 0.3693
Files already downloaded and verified
4768 labeled samples and 158002 unlabeled samples. Total: 162770
Use 4768 samples. Get 6692 labels. Ratio: 0.71249252839211
Epoch 2
 22.52% | time: 103.3s ( 11.3m) | step:   1782 | train acc: 1.000 | train loss: 0.001 |test acc: 0.686 (0.657, 0.731) | test dp gap: 0.3533
begin calculating influence
[Strategy 5] Acc of expected label: 0.68765625
calculating influence -- done
 22.52% | time:  18.9s ( 11.6m) | step:   1782 | train acc: 1.000 | train loss: 0.001 |val acc: 0.678 (0.656, 0.712) | val dp gap: 0.3347
Files already downloaded and verified
4836 labeled samples and 157934 unlabeled samples. Total: 162770
Use 4836 samples. Get 6821 labels. Ratio: 0.7089869520598153
 25.04% | time:  66.2s ( 12.7m) | step:   1982 | train acc: 1.000 | train loss: 0.000 |test acc: 0.686 (0.658, 0.729) | test dp gap: 0.3418
begin calculating influence
[Strategy 5] Acc of expected label: 0.6869140625
calculating influence -- done
 25.04% | time:  19.8s ( 13.0m) | step:   1982 | train acc: 1.000 | train loss: 0.000 |val acc: 0.684 (0.671, 0.704) | val dp gap: 0.3298
Files already downloaded and verified
4865 labeled samples and 157905 unlabeled samples. Total: 162770
Use 4865 samples. Get 6910 labels. Ratio: 0.7040520984081042
 27.57% | time:  69.7s ( 14.2m) | step:   2182 | train acc: 1.000 | train loss: 0.000 |test acc: 0.690 (0.663, 0.733) | test dp gap: 0.3429
begin calculating influence
[Strategy 5] Acc of expected label: 0.6871484375
calculating influence -- done
 27.57% | time:  20.0s ( 14.5m) | step:   2182 | train acc: 1.000 | train loss: 0.000 |val acc: 0.687 (0.671, 0.713) | val dp gap: 0.3278
Files already downloaded and verified
4944 labeled samples and 157826 unlabeled samples. Total: 162770
Use 4944 samples. Get 7147 labels. Ratio: 0.6917587799076536
Epoch 3
 32.52% | time: 112.1s ( 16.4m) | step:   2574 | train acc: 1.000 | train loss: 0.000 |test acc: 0.688 (0.663, 0.729) | test dp gap: 0.3429
begin calculating influence
[Strategy 5] Acc of expected label: 0.6884375
calculating influence -- done
 32.52% | time:  19.1s ( 16.7m) | step:   2574 | train acc: 1.000 | train loss: 0.000 |val acc: 0.684 (0.669, 0.708) | val dp gap: 0.3449
Files already downloaded and verified
4985 labeled samples and 157785 unlabeled samples. Total: 162770
Use 4985 samples. Get 7252 labels. Ratio: 0.6873965802537231
 35.05% | time:  69.9s ( 17.9m) | step:   2774 | train acc: 1.000 | train loss: 0.005 |test acc: 0.682 (0.657, 0.722) | test dp gap: 0.3241
begin calculating influence
[Strategy 5] Acc of expected label: 0.6898828125
calculating influence -- done
 35.05% | time:  20.4s ( 18.2m) | step:   2774 | train acc: 1.000 | train loss: 0.005 |val acc: 0.689 (0.673, 0.716) | val dp gap: 0.3165
Files already downloaded and verified
5087 labeled samples and 157683 unlabeled samples. Total: 162770
Use 5087 samples. Get 7455 labels. Ratio: 0.6823608316566063
 37.58% | time:  69.7s ( 19.4m) | step:   2974 | train acc: 1.000 | train loss: 0.000 |test acc: 0.689 (0.663, 0.731) | test dp gap: 0.3433
begin calculating influence
[Strategy 5] Acc of expected label: 0.689375
calculating influence -- done
 37.58% | time:  19.9s ( 19.7m) | step:   2974 | train acc: 1.000 | train loss: 0.000 |val acc: 0.697 (0.687, 0.714) | val dp gap: 0.3133
Files already downloaded and verified
5140 labeled samples and 157630 unlabeled samples. Total: 162770
Use 5140 samples. Get 7613 labels. Ratio: 0.6751609089714962
Epoch 4
 42.52% | time: 118.5s ( 21.7m) | step:   3365 | train acc: 1.000 | train loss: 0.000 |test acc: 0.688 (0.661, 0.730) | test dp gap: 0.3384
begin calculating influence
[Strategy 5] Acc of expected label: 0.6872265625
calculating influence -- done
 42.52% | time:  19.7s ( 22.0m) | step:   3365 | train acc: 1.000 | train loss: 0.000 |val acc: 0.697 (0.689, 0.709) | val dp gap: 0.3012
Files already downloaded and verified
5195 labeled samples and 157575 unlabeled samples. Total: 162770
Use 5195 samples. Get 7754 labels. Ratio: 0.6699767861748774
 45.05% | time:  72.2s ( 23.2m) | step:   3565 | train acc: 1.000 | train loss: 0.000 |test acc: 0.682 (0.656, 0.724) | test dp gap: 0.3280
begin calculating influence
[Strategy 5] Acc of expected label: 0.6884765625
calculating influence -- done
 45.05% | time:  20.3s ( 23.5m) | step:   3565 | train acc: 1.000 | train loss: 0.000 |val acc: 0.684 (0.675, 0.699) | val dp gap: 0.2978
Files already downloaded and verified
5237 labeled samples and 157533 unlabeled samples. Total: 162770
Use 5237 samples. Get 7842 labels. Ratio: 0.6678143330782964
 47.57% | time:  72.8s ( 24.8m) | step:   3765 | train acc: 1.000 | train loss: 0.000 |test acc: 0.684 (0.656, 0.729) | test dp gap: 0.3319
begin calculating influence
[Strategy 5] Acc of expected label: 0.68828125
calculating influence -- done
 47.57% | time:  20.0s ( 25.1m) | step:   3765 | train acc: 1.000 | train loss: 0.000 |val acc: 0.691 (0.683, 0.703) | val dp gap: 0.3092
Files already downloaded and verified
5285 labeled samples and 157485 unlabeled samples. Total: 162770
Use 5285 samples. Get 7954 labels. Ratio: 0.664445561981393
Epoch 5
 52.53% | time: 116.7s ( 27.0m) | step:   4157 | train acc: 1.000 | train loss: 0.000 |test acc: 0.682 (0.653, 0.727) | test dp gap: 0.3290
begin calculating influence
[Strategy 5] Acc of expected label: 0.6891796875
calculating influence -- done
 52.53% | time:  20.5s ( 27.4m) | step:   4157 | train acc: 1.000 | train loss: 0.000 |val acc: 0.684 (0.667, 0.712) | val dp gap: 0.2966
Files already downloaded and verified
5303 labeled samples and 157467 unlabeled samples. Total: 162770
Use 5303 samples. Get 8005 labels. Ratio: 0.6624609618988132
 55.05% | time:  64.7s ( 28.5m) | step:   4357 | train acc: 1.000 | train loss: 0.000 |test acc: 0.681 (0.650, 0.730) | test dp gap: 0.3249
begin calculating influence
[Strategy 5] Acc of expected label: 0.681796875
calculating influence -- done
 55.05% | time:  19.2s ( 28.8m) | step:   4357 | train acc: 1.000 | train loss: 0.000 |val acc: 0.679 (0.655, 0.718) | val dp gap: 0.2807
Files already downloaded and verified
5323 labeled samples and 157447 unlabeled samples. Total: 162770
Use 5323 samples. Get 8043 labels. Ratio: 0.6618177297028472
 57.58% | time:  71.0s ( 30.0m) | step:   4557 | train acc: 1.000 | train loss: 0.000 |test acc: 0.683 (0.655, 0.728) | test dp gap: 0.3289
begin calculating influence
[Strategy 5] Acc of expected label: 0.6873046875
calculating influence -- done
 57.58% | time:  19.7s ( 30.3m) | step:   4557 | train acc: 1.000 | train loss: 0.000 |val acc: 0.691 (0.665, 0.731) | val dp gap: 0.2947
Files already downloaded and verified
5351 labeled samples and 157419 unlabeled samples. Total: 162770
Use 5351 samples. Get 8117 labels. Ratio: 0.6592337070346187
Epoch 6
 62.52% | time: 115.9s ( 32.2m) | step:   4948 | train acc: 1.000 | train loss: 0.000 |test acc: 0.681 (0.652, 0.729) | test dp gap: 0.3220
begin calculating influence
[Strategy 5] Acc of expected label: 0.6840625
calculating influence -- done
 62.52% | time:  19.4s ( 32.5m) | step:   4948 | train acc: 1.000 | train loss: 0.000 |val acc: 0.691 (0.667, 0.728) | val dp gap: 0.2804
Files already downloaded and verified
5358 labeled samples and 157412 unlabeled samples. Total: 162770
Use 5358 samples. Get 8132 labels. Ratio: 0.6588785046728972
 65.05% | time:  71.7s ( 33.7m) | step:   5148 | train acc: 1.000 | train loss: 0.000 |test acc: 0.677 (0.647, 0.725) | test dp gap: 0.3134
begin calculating influence
[Strategy 5] Acc of expected label: 0.681484375
calculating influence -- done
 65.05% | time:  19.1s ( 34.1m) | step:   5148 | train acc: 1.000 | train loss: 0.000 |val acc: 0.687 (0.663, 0.726) | val dp gap: 0.2744
Files already downloaded and verified
5369 labeled samples and 157401 unlabeled samples. Total: 162770
Use 5369 samples. Get 8171 labels. Ratio: 0.657079916778852
 67.58% | time:  71.3s ( 35.2m) | step:   5348 | train acc: 1.000 | train loss: 0.004 |test acc: 0.690 (0.664, 0.731) | test dp gap: 0.3475
begin calculating influence
[Strategy 5] Acc of expected label: 0.692578125
calculating influence -- done
 67.58% | time:  19.6s ( 35.6m) | step:   5348 | train acc: 1.000 | train loss: 0.004 |val acc: 0.693 (0.674, 0.722) | val dp gap: 0.3179
Files already downloaded and verified
5451 labeled samples and 157319 unlabeled samples. Total: 162770
Use 5451 samples. Get 8350 labels. Ratio: 0.652814371257485
Epoch 7
 72.52% | time: 108.8s ( 37.4m) | step:   5739 | train acc: 1.000 | train loss: 0.000 |test acc: 0.682 (0.658, 0.721) | test dp gap: 0.3332
begin calculating influence
[Strategy 5] Acc of expected label: 0.6863671875
calculating influence -- done
 72.52% | time:  19.7s ( 37.7m) | step:   5739 | train acc: 1.000 | train loss: 0.000 |val acc: 0.687 (0.670, 0.714) | val dp gap: 0.3086
Files already downloaded and verified
5464 labeled samples and 157306 unlabeled samples. Total: 162770
Use 5464 samples. Get 8385 labels. Ratio: 0.6516398330351819
 75.04% | time:  72.0s ( 38.9m) | step:   5939 | train acc: 1.000 | train loss: 0.000 |test acc: 0.680 (0.656, 0.719) | test dp gap: 0.3332
begin calculating influence
[Strategy 5] Acc of expected label: 0.681484375
calculating influence -- done
 75.04% | time:  19.5s ( 39.2m) | step:   5939 | train acc: 1.000 | train loss: 0.000 |val acc: 0.690 (0.674, 0.716) | val dp gap: 0.3164
Files already downloaded and verified
5473 labeled samples and 157297 unlabeled samples. Total: 162770
Use 5473 samples. Get 8406 labels. Ratio: 0.6510825600761361
 77.57% | time:  73.9s ( 40.5m) | step:   6139 | train acc: 1.000 | train loss: 0.000 |test acc: 0.681 (0.657, 0.719) | test dp gap: 0.3288
begin calculating influence
[Strategy 5] Acc of expected label: 0.6783203125
calculating influence -- done
 77.57% | time:  19.9s ( 40.8m) | step:   6139 | train acc: 1.000 | train loss: 0.000 |val acc: 0.692 (0.673, 0.723) | val dp gap: 0.2964
Files already downloaded and verified
5496 labeled samples and 157274 unlabeled samples. Total: 162770
Use 5496 samples. Get 8455 labels. Ratio: 0.6500295683027795
Epoch 8
 82.52% | time: 117.9s ( 42.8m) | step:   6531 | train acc: 1.000 | train loss: 0.000 |test acc: 0.684 (0.658, 0.725) | test dp gap: 0.3316
begin calculating influence
[Strategy 5] Acc of expected label: 0.6857421875
calculating influence -- done
 82.52% | time:  19.6s ( 43.1m) | step:   6531 | train acc: 1.000 | train loss: 0.000 |val acc: 0.690 (0.673, 0.718) | val dp gap: 0.3058
Files already downloaded and verified
5512 labeled samples and 157258 unlabeled samples. Total: 162770
Use 5512 samples. Get 8501 labels. Ratio: 0.6483943065521703
 85.05% | time:  74.0s ( 44.3m) | step:   6731 | train acc: 1.000 | train loss: 0.000 |test acc: 0.683 (0.660, 0.720) | test dp gap: 0.3387
begin calculating influence
[Strategy 5] Acc of expected label: 0.6853515625
calculating influence -- done
 85.05% | time:  19.4s ( 44.7m) | step:   6731 | train acc: 1.000 | train loss: 0.000 |val acc: 0.685 (0.670, 0.709) | val dp gap: 0.3006
Files already downloaded and verified
5524 labeled samples and 157246 unlabeled samples. Total: 162770
Use 5524 samples. Get 8533 labels. Ratio: 0.6473690378530411
 87.58% | time:  74.8s ( 45.9m) | step:   6931 | train acc: 1.000 | train loss: 0.000 |test acc: 0.682 (0.657, 0.722) | test dp gap: 0.3291
begin calculating influence
[Strategy 5] Acc of expected label: 0.6840234375
calculating influence -- done
 87.58% | time:  20.1s ( 46.2m) | step:   6931 | train acc: 1.000 | train loss: 0.000 |val acc: 0.689 (0.674, 0.714) | val dp gap: 0.2987
Files already downloaded and verified
5540 labeled samples and 157230 unlabeled samples. Total: 162770
Use 5540 samples. Get 8563 labels. Ratio: 0.6469695200280275
Epoch 9
 92.52% | time: 119.3s ( 48.2m) | step:   7322 | train acc: 1.000 | train loss: 0.000 |test acc: 0.679 (0.652, 0.722) | test dp gap: 0.3246
begin calculating influence
[Strategy 5] Acc of expected label: 0.6828515625
calculating influence -- done
 92.52% | time:  19.7s ( 48.6m) | step:   7322 | train acc: 1.000 | train loss: 0.000 |val acc: 0.686 (0.671, 0.709) | val dp gap: 0.3106
Files already downloaded and verified
5572 labeled samples and 157198 unlabeled samples. Total: 162770
Use 5572 samples. Get 8631 labels. Ratio: 0.6455798864557989
 95.05% | time:  70.7s ( 49.7m) | step:   7522 | train acc: 1.000 | train loss: 0.000 |test acc: 0.682 (0.655, 0.725) | test dp gap: 0.3256
begin calculating influence
[Strategy 5] Acc of expected label: 0.6833984375
calculating influence -- done
 95.05% | time:  19.9s ( 50.1m) | step:   7522 | train acc: 1.000 | train loss: 0.000 |val acc: 0.690 (0.670, 0.721) | val dp gap: 0.3071
Files already downloaded and verified
5583 labeled samples and 157187 unlabeled samples. Total: 162770
Use 5583 samples. Get 8671 labels. Ratio: 0.6438703725060546
 97.57% | time:  69.8s ( 51.2m) | step:   7722 | train acc: 1.000 | train loss: 0.000 |test acc: 0.681 (0.653, 0.724) | test dp gap: 0.3215
begin calculating influence
[Strategy 5] Acc of expected label: 0.685234375
calculating influence -- done
 97.57% | time:  19.7s ( 51.6m) | step:   7722 | train acc: 1.000 | train loss: 0.000 |val acc: 0.685 (0.668, 0.712) | val dp gap: 0.2928
Files already downloaded and verified
5604 labeled samples and 157166 unlabeled samples. Total: 162770
Use 5604 samples. Get 8708 labels. Ratio: 0.6435461644464859
