Files already downloaded and verified
3255 labeled samples and 159515 unlabeled samples. Total: 162770
Files already downloaded and verified
1996 labeled samples and 17966 unlabeled samples. Total: 19962
Numer of layers 200
train net...
Epoch 0
  2.53% | time:  79.1s (  1.3m) | step:    200 | train acc: 0.832 | train loss: 0.371 |test acc: 0.712 (0.707, 0.721) | test eod gap: 0.3152
begin calculating influence
selected layers: [Traced<ShapedArray(float32[2])>with<DynamicJaxprTrace(level=0/1)>, Traced<ShapedArray(float32[768,2])>with<DynamicJaxprTrace(level=0/1)>]
selected layers: [Traced<ShapedArray(float32[2])>with<DynamicJaxprTrace(level=0/1)>, Traced<ShapedArray(float32[768,2])>with<DynamicJaxprTrace(level=0/1)>]
calculating influence -- done
  2.53% | time:  45.6s (  2.1m) | step:    200 | train acc: 0.832 | train loss: 0.371 |val acc: 0.705 (0.701, 0.710) | val eod gap: 0.3184
Files already downloaded and verified
3511 labeled samples and 159259 unlabeled samples. Total: 162770
Use 3511 samples. Get 3511 labels. Ratio: 1.0
  5.05% | time:  65.3s (  3.2m) | step:    400 | train acc: 0.973 | train loss: 0.049 |test acc: 0.690 (0.690, 0.689) | test eod gap: 0.2769
begin calculating influence
calculating influence -- done
  5.05% | time:  18.1s (  3.5m) | step:    400 | train acc: 0.973 | train loss: 0.049 |val acc: 0.699 (0.696, 0.705) | val eod gap: 0.2968
Files already downloaded and verified
3767 labeled samples and 159003 unlabeled samples. Total: 162770
Use 3767 samples. Get 3767 labels. Ratio: 1.0
  7.58% | time:  64.0s (  4.5m) | step:    600 | train acc: 1.000 | train loss: 0.000 |test acc: 0.706 (0.686, 0.737) | test eod gap: 0.2892
begin calculating influence
calculating influence -- done
  7.58% | time:  19.9s (  4.9m) | step:    600 | train acc: 1.000 | train loss: 0.000 |val acc: 0.696 (0.683, 0.716) | val eod gap: 0.3133
Files already downloaded and verified
4023 labeled samples and 158747 unlabeled samples. Total: 162770
Use 4023 samples. Get 4023 labels. Ratio: 1.0
Epoch 1
 12.52% | time: 106.9s (  6.6m) | step:    991 | train acc: 1.000 | train loss: 0.000 |test acc: 0.713 (0.695, 0.741) | test eod gap: 0.2864
begin calculating influence
calculating influence -- done
 12.52% | time:  19.6s (  7.0m) | step:    991 | train acc: 1.000 | train loss: 0.000 |val acc: 0.695 (0.680, 0.719) | val eod gap: 0.3302
Files already downloaded and verified
4279 labeled samples and 158491 unlabeled samples. Total: 162770
Use 4279 samples. Get 4279 labels. Ratio: 1.0
 15.05% | time:  60.5s (  8.0m) | step:   1191 | train acc: 1.000 | train loss: 0.000 |test acc: 0.711 (0.695, 0.736) | test eod gap: 0.2833
begin calculating influence
calculating influence -- done
 15.05% | time:  21.0s (  8.3m) | step:   1191 | train acc: 1.000 | train loss: 0.000 |val acc: 0.698 (0.679, 0.728) | val eod gap: 0.3152
Files already downloaded and verified
4535 labeled samples and 158235 unlabeled samples. Total: 162770
Use 4535 samples. Get 4535 labels. Ratio: 1.0
 17.58% | time:  58.1s (  9.3m) | step:   1391 | train acc: 1.000 | train loss: 0.000 |test acc: 0.712 (0.695, 0.740) | test eod gap: 0.2869
begin calculating influence
calculating influence -- done
 17.58% | time:  21.8s (  9.7m) | step:   1391 | train acc: 1.000 | train loss: 0.000 |val acc: 0.699 (0.681, 0.728) | val eod gap: 0.3000
Files already downloaded and verified
4791 labeled samples and 157979 unlabeled samples. Total: 162770
Use 4791 samples. Get 4791 labels. Ratio: 1.0
Epoch 2
 22.52% | time:  99.6s ( 11.3m) | step:   1782 | train acc: 1.000 | train loss: 0.000 |test acc: 0.712 (0.696, 0.739) | test eod gap: 0.2899
begin calculating influence
calculating influence -- done
 22.52% | time:  18.6s ( 11.6m) | step:   1782 | train acc: 1.000 | train loss: 0.000 |val acc: 0.702 (0.685, 0.730) | val eod gap: 0.3231
Files already downloaded and verified
5047 labeled samples and 157723 unlabeled samples. Total: 162770
Use 5047 samples. Get 5047 labels. Ratio: 1.0
 25.04% | time:  56.7s ( 12.6m) | step:   1982 | train acc: 1.000 | train loss: 0.000 |test acc: 0.715 (0.698, 0.741) | test eod gap: 0.2948
begin calculating influence
calculating influence -- done
 25.04% | time:  21.3s ( 12.9m) | step:   1982 | train acc: 1.000 | train loss: 0.000 |val acc: 0.706 (0.696, 0.723) | val eod gap: 0.3164
Files already downloaded and verified
5303 labeled samples and 157467 unlabeled samples. Total: 162770
Use 5303 samples. Get 5303 labels. Ratio: 1.0
 27.57% | time:  53.8s ( 13.8m) | step:   2182 | train acc: 1.000 | train loss: 0.000 |test acc: 0.714 (0.697, 0.741) | test eod gap: 0.2839
begin calculating influence
calculating influence -- done
 27.57% | time:  21.5s ( 14.2m) | step:   2182 | train acc: 1.000 | train loss: 0.000 |val acc: 0.701 (0.682, 0.732) | val eod gap: 0.3160
Files already downloaded and verified
5559 labeled samples and 157211 unlabeled samples. Total: 162770
Use 5559 samples. Get 5559 labels. Ratio: 1.0
Epoch 3
 32.52% | time:  92.9s ( 15.7m) | step:   2574 | train acc: 1.000 | train loss: 0.000 |test acc: 0.717 (0.699, 0.746) | test eod gap: 0.2869
begin calculating influence
calculating influence -- done
 32.52% | time:  19.6s ( 16.1m) | step:   2574 | train acc: 1.000 | train loss: 0.000 |val acc: 0.703 (0.680, 0.740) | val eod gap: 0.2832
Files already downloaded and verified
5815 labeled samples and 156955 unlabeled samples. Total: 162770
Use 5815 samples. Get 5815 labels. Ratio: 1.0
 35.05% | time:  57.0s ( 17.0m) | step:   2774 | train acc: 1.000 | train loss: 0.000 |test acc: 0.718 (0.700, 0.745) | test eod gap: 0.2906
begin calculating influence
calculating influence -- done
 35.05% | time:  21.2s ( 17.4m) | step:   2774 | train acc: 1.000 | train loss: 0.000 |val acc: 0.696 (0.680, 0.722) | val eod gap: 0.3028
Files already downloaded and verified
6071 labeled samples and 156699 unlabeled samples. Total: 162770
Use 6071 samples. Get 6071 labels. Ratio: 1.0
 37.58% | time:  59.8s ( 18.4m) | step:   2974 | train acc: 1.000 | train loss: 0.000 |test acc: 0.715 (0.698, 0.743) | test eod gap: 0.2875
begin calculating influence
calculating influence -- done
 37.58% | time:  18.4s ( 18.7m) | step:   2974 | train acc: 1.000 | train loss: 0.000 |val acc: 0.717 (0.701, 0.741) | val eod gap: 0.2957
Files already downloaded and verified
6327 labeled samples and 156443 unlabeled samples. Total: 162770
Use 6327 samples. Get 6327 labels. Ratio: 1.0
Epoch 4
 42.52% | time:  94.9s ( 20.3m) | step:   3365 | train acc: 1.000 | train loss: 0.000 |test acc: 0.716 (0.697, 0.746) | test eod gap: 0.2784
begin calculating influence
calculating influence -- done
 42.52% | time:  20.3s ( 20.6m) | step:   3365 | train acc: 1.000 | train loss: 0.000 |val acc: 0.706 (0.691, 0.730) | val eod gap: 0.3161
Files already downloaded and verified
6583 labeled samples and 156187 unlabeled samples. Total: 162770
Use 6583 samples. Get 6583 labels. Ratio: 1.0
 45.05% | time:  66.5s ( 21.7m) | step:   3565 | train acc: 1.000 | train loss: 0.000 |test acc: 0.715 (0.696, 0.745) | test eod gap: 0.2935
begin calculating influence
calculating influence -- done
 45.05% | time:  19.1s ( 22.0m) | step:   3565 | train acc: 1.000 | train loss: 0.000 |val acc: 0.720 (0.703, 0.746) | val eod gap: 0.3031
Files already downloaded and verified
6839 labeled samples and 155931 unlabeled samples. Total: 162770
Use 6839 samples. Get 6839 labels. Ratio: 1.0
 47.57% | time:  62.3s ( 23.1m) | step:   3765 | train acc: 1.000 | train loss: 0.000 |test acc: 0.716 (0.697, 0.746) | test eod gap: 0.2901
begin calculating influence
calculating influence -- done
 47.57% | time:  20.6s ( 23.4m) | step:   3765 | train acc: 1.000 | train loss: 0.000 |val acc: 0.702 (0.692, 0.718) | val eod gap: 0.3082
Files already downloaded and verified
7095 labeled samples and 155675 unlabeled samples. Total: 162770
Use 7095 samples. Get 7095 labels. Ratio: 1.0
Epoch 5
 52.53% | time:  98.2s ( 25.0m) | step:   4157 | train acc: 1.000 | train loss: 0.000 |test acc: 0.713 (0.695, 0.741) | test eod gap: 0.2823
begin calculating influence
calculating influence -- done
 52.53% | time:  21.5s ( 25.4m) | step:   4157 | train acc: 1.000 | train loss: 0.000 |val acc: 0.714 (0.701, 0.734) | val eod gap: 0.2913
Files already downloaded and verified
7351 labeled samples and 155419 unlabeled samples. Total: 162770
Use 7351 samples. Get 7351 labels. Ratio: 1.0
 55.05% | time:  66.7s ( 26.5m) | step:   4357 | train acc: 1.000 | train loss: 0.000 |test acc: 0.719 (0.701, 0.748) | test eod gap: 0.2811
begin calculating influence
calculating influence -- done
 55.05% | time:  18.8s ( 26.8m) | step:   4357 | train acc: 1.000 | train loss: 0.000 |val acc: 0.712 (0.701, 0.728) | val eod gap: 0.2727
Files already downloaded and verified
7607 labeled samples and 155163 unlabeled samples. Total: 162770
Use 7607 samples. Get 7607 labels. Ratio: 1.0
 57.58% | time:  56.1s ( 27.8m) | step:   4557 | train acc: 1.000 | train loss: 0.000 |test acc: 0.716 (0.700, 0.741) | test eod gap: 0.2960
begin calculating influence
calculating influence -- done
 57.58% | time:  18.6s ( 28.1m) | step:   4557 | train acc: 1.000 | train loss: 0.000 |val acc: 0.711 (0.705, 0.721) | val eod gap: 0.3246
Files already downloaded and verified
7863 labeled samples and 154907 unlabeled samples. Total: 162770
Use 7863 samples. Get 7863 labels. Ratio: 1.0
Epoch 6
 62.52% | time:  92.5s ( 29.6m) | step:   4948 | train acc: 1.000 | train loss: 0.000 |test acc: 0.717 (0.699, 0.745) | test eod gap: 0.2975
begin calculating influence
calculating influence -- done
 62.52% | time:  21.6s ( 30.0m) | step:   4948 | train acc: 1.000 | train loss: 0.000 |val acc: 0.705 (0.699, 0.716) | val eod gap: 0.3024
Files already downloaded and verified
8119 labeled samples and 154651 unlabeled samples. Total: 162770
Use 8119 samples. Get 8119 labels. Ratio: 1.0
 65.05% | time:  57.8s ( 30.9m) | step:   5148 | train acc: 1.000 | train loss: 0.000 |test acc: 0.714 (0.697, 0.742) | test eod gap: 0.2865
begin calculating influence
calculating influence -- done
 65.05% | time:  20.1s ( 31.3m) | step:   5148 | train acc: 1.000 | train loss: 0.000 |val acc: 0.704 (0.701, 0.710) | val eod gap: 0.2680
Files already downloaded and verified
8375 labeled samples and 154395 unlabeled samples. Total: 162770
Use 8375 samples. Get 8375 labels. Ratio: 1.0
 67.58% | time:  58.4s ( 32.2m) | step:   5348 | train acc: 1.000 | train loss: 0.000 |test acc: 0.717 (0.701, 0.742) | test eod gap: 0.2897
begin calculating influence
calculating influence -- done
 67.58% | time:  20.5s ( 32.6m) | step:   5348 | train acc: 1.000 | train loss: 0.000 |val acc: 0.707 (0.705, 0.710) | val eod gap: 0.2978
Files already downloaded and verified
8631 labeled samples and 154139 unlabeled samples. Total: 162770
Use 8631 samples. Get 8631 labels. Ratio: 1.0
Epoch 7
 72.52% | time:  93.3s ( 34.1m) | step:   5739 | train acc: 1.000 | train loss: 0.000 |test acc: 0.720 (0.703, 0.747) | test eod gap: 0.2915
begin calculating influence
calculating influence -- done
 72.52% | time:  19.7s ( 34.5m) | step:   5739 | train acc: 1.000 | train loss: 0.000 |val acc: 0.712 (0.702, 0.728) | val eod gap: 0.2763
Files already downloaded and verified
8887 labeled samples and 153883 unlabeled samples. Total: 162770
Use 8887 samples. Get 8887 labels. Ratio: 1.0
 75.04% | time:  55.5s ( 35.4m) | step:   5939 | train acc: 1.000 | train loss: 0.000 |test acc: 0.720 (0.703, 0.747) | test eod gap: 0.2817
begin calculating influence
calculating influence -- done
 75.04% | time:  21.5s ( 35.8m) | step:   5939 | train acc: 1.000 | train loss: 0.000 |val acc: 0.703 (0.696, 0.714) | val eod gap: 0.2966
Files already downloaded and verified
9143 labeled samples and 153627 unlabeled samples. Total: 162770
Use 9143 samples. Get 9143 labels. Ratio: 1.0
 77.57% | time:  66.4s ( 36.9m) | step:   6139 | train acc: 1.000 | train loss: 0.000 |test acc: 0.718 (0.702, 0.744) | test eod gap: 0.2787
begin calculating influence
calculating influence -- done
 77.57% | time:  19.6s ( 37.2m) | step:   6139 | train acc: 1.000 | train loss: 0.000 |val acc: 0.709 (0.705, 0.717) | val eod gap: 0.3007
Files already downloaded and verified
9399 labeled samples and 153371 unlabeled samples. Total: 162770
Use 9399 samples. Get 9399 labels. Ratio: 1.0
Epoch 8
 82.52% | time:  96.1s ( 38.8m) | step:   6531 | train acc: 1.000 | train loss: 0.000 |test acc: 0.720 (0.703, 0.746) | test eod gap: 0.2675
begin calculating influence
calculating influence -- done
 82.52% | time:  19.9s ( 39.1m) | step:   6531 | train acc: 1.000 | train loss: 0.000 |val acc: 0.710 (0.703, 0.722) | val eod gap: 0.2763
Files already downloaded and verified
9655 labeled samples and 153115 unlabeled samples. Total: 162770
Use 9655 samples. Get 9655 labels. Ratio: 1.0
 85.05% | time:  63.4s ( 40.2m) | step:   6731 | train acc: 1.000 | train loss: 0.000 |test acc: 0.717 (0.698, 0.746) | test eod gap: 0.2844
begin calculating influence
calculating influence -- done
 85.05% | time:  18.8s ( 40.5m) | step:   6731 | train acc: 1.000 | train loss: 0.000 |val acc: 0.700 (0.685, 0.725) | val eod gap: 0.2913
Files already downloaded and verified
9911 labeled samples and 152859 unlabeled samples. Total: 162770
Use 9911 samples. Get 9911 labels. Ratio: 1.0
 87.58% | time:  59.0s ( 41.5m) | step:   6931 | train acc: 1.000 | train loss: 0.000 |test acc: 0.719 (0.705, 0.743) | test eod gap: 0.2789
begin calculating influence
calculating influence -- done
 87.58% | time:  18.3s ( 41.8m) | step:   6931 | train acc: 1.000 | train loss: 0.000 |val acc: 0.706 (0.696, 0.722) | val eod gap: 0.2745
Files already downloaded and verified
10167 labeled samples and 152603 unlabeled samples. Total: 162770
Use 10167 samples. Get 10167 labels. Ratio: 1.0
Epoch 9
 92.52% | time:  91.3s ( 43.3m) | step:   7322 | train acc: 1.000 | train loss: 0.000 |test acc: 0.722 (0.704, 0.749) | test eod gap: 0.2854
begin calculating influence
calculating influence -- done
 92.52% | time:  18.2s ( 43.6m) | step:   7322 | train acc: 1.000 | train loss: 0.000 |val acc: 0.705 (0.696, 0.719) | val eod gap: 0.3034
Files already downloaded and verified
10423 labeled samples and 152347 unlabeled samples. Total: 162770
Use 10423 samples. Get 10423 labels. Ratio: 1.0
 95.05% | time:  53.8s ( 44.5m) | step:   7522 | train acc: 1.000 | train loss: 0.000 |test acc: 0.719 (0.702, 0.747) | test eod gap: 0.2898
begin calculating influence
calculating influence -- done
 95.05% | time:  20.3s ( 44.8m) | step:   7522 | train acc: 1.000 | train loss: 0.000 |val acc: 0.702 (0.690, 0.722) | val eod gap: 0.3200
Files already downloaded and verified
10679 labeled samples and 152091 unlabeled samples. Total: 162770
Use 10679 samples. Get 10679 labels. Ratio: 1.0
 97.57% | time:  54.3s ( 45.7m) | step:   7722 | train acc: 1.000 | train loss: 0.000 |test acc: 0.722 (0.707, 0.746) | test eod gap: 0.2810
begin calculating influence
calculating influence -- done
 97.57% | time:  18.8s ( 46.1m) | step:   7722 | train acc: 1.000 | train loss: 0.000 |val acc: 0.715 (0.701, 0.737) | val eod gap: 0.2834
Files already downloaded and verified
10935 labeled samples and 151835 unlabeled samples. Total: 162770
Use 10935 samples. Get 10935 labels. Ratio: 1.0
