Files already downloaded and verified
3255 labeled samples and 159515 unlabeled samples. Total: 162770
Files already downloaded and verified
1996 labeled samples and 17966 unlabeled samples. Total: 19962
Numer of layers 200
train net...
Epoch 0
  2.53% | time:  84.7s (  1.4m) | step:    200 | train acc: 0.832 | train loss: 0.371 |test acc: 0.712 (0.707, 0.721) | test eod gap: 0.3152
begin calculating influence
selected layers: [Traced<ShapedArray(float32[2])>with<DynamicJaxprTrace(level=0/1)>, Traced<ShapedArray(float32[768,2])>with<DynamicJaxprTrace(level=0/1)>]
selected layers: [Traced<ShapedArray(float32[2])>with<DynamicJaxprTrace(level=0/1)>, Traced<ShapedArray(float32[768,2])>with<DynamicJaxprTrace(level=0/1)>]
[Strategy 5] Acc of expected label: 0.7136328125
calculating influence -- done
  2.53% | time:  46.1s (  2.2m) | step:    200 | train acc: 0.832 | train loss: 0.371 |val acc: 0.705 (0.701, 0.710) | val eod gap: 0.3184
Files already downloaded and verified
3511 labeled samples and 159259 unlabeled samples. Total: 162770
Use 3511 samples. Get 3703 labels. Ratio: 0.9481501485282203
  5.05% | time:  66.0s (  3.3m) | step:    400 | train acc: 1.000 | train loss: 0.001 |test acc: 0.706 (0.687, 0.736) | test eod gap: 0.2974
begin calculating influence
[Strategy 5] Acc of expected label: 0.7053125
calculating influence -- done
  5.05% | time:  19.2s (  3.6m) | step:    400 | train acc: 1.000 | train loss: 0.001 |val acc: 0.696 (0.683, 0.717) | val eod gap: 0.2979
Files already downloaded and verified
3767 labeled samples and 159003 unlabeled samples. Total: 162770
Use 3767 samples. Get 4252 labels. Ratio: 0.8859360301034808
  7.58% | time:  66.0s (  4.7m) | step:    600 | train acc: 0.793 | train loss: 0.468 |test acc: 0.639 (0.560, 0.763) | test eod gap: 0.1888
begin calculating influence
[Strategy 5] Acc of expected label: 0.629296875
calculating influence -- done
  7.58% | time:  18.4s (  5.0m) | step:    600 | train acc: 0.793 | train loss: 0.468 |val acc: 0.617 (0.543, 0.732) | val eod gap: 0.2019
Files already downloaded and verified
4023 labeled samples and 158747 unlabeled samples. Total: 162770
Use 4023 samples. Get 4590 labels. Ratio: 0.8764705882352941
Epoch 1
 12.52% | time: 110.6s (  6.8m) | step:    991 | train acc: 1.000 | train loss: 0.004 |test acc: 0.687 (0.668, 0.718) | test eod gap: 0.2429
begin calculating influence
[Strategy 5] Acc of expected label: 0.694296875
calculating influence -- done
 12.52% | time:  18.4s (  7.2m) | step:    991 | train acc: 1.000 | train loss: 0.004 |val acc: 0.692 (0.678, 0.714) | val eod gap: 0.2717
Files already downloaded and verified
4279 labeled samples and 158491 unlabeled samples. Total: 162770
Use 4279 samples. Get 5131 labels. Ratio: 0.8339504969791464
 15.05% | time:  59.4s (  8.1m) | step:   1191 | train acc: 1.000 | train loss: 0.001 |test acc: 0.689 (0.666, 0.725) | test eod gap: 0.2457
begin calculating influence
[Strategy 5] Acc of expected label: 0.6937109375
calculating influence -- done
 15.05% | time:  18.6s (  8.5m) | step:   1191 | train acc: 1.000 | train loss: 0.001 |val acc: 0.687 (0.677, 0.703) | val eod gap: 0.2171
Files already downloaded and verified
4535 labeled samples and 158235 unlabeled samples. Total: 162770
Use 4535 samples. Get 5708 labels. Ratio: 0.7944989488437281
 17.58% | time:  63.8s (  9.5m) | step:   1391 | train acc: 1.000 | train loss: 0.001 |test acc: 0.686 (0.659, 0.730) | test eod gap: 0.2285
begin calculating influence
[Strategy 5] Acc of expected label: 0.6846484375
calculating influence -- done
 17.58% | time:  18.4s (  9.8m) | step:   1391 | train acc: 1.000 | train loss: 0.001 |val acc: 0.691 (0.675, 0.717) | val eod gap: 0.2116
Files already downloaded and verified
4791 labeled samples and 157979 unlabeled samples. Total: 162770
Use 4791 samples. Get 6158 labels. Ratio: 0.7780123416693732
Epoch 2
 22.52% | time: 110.6s ( 11.7m) | step:   1782 | train acc: 1.000 | train loss: 0.000 |test acc: 0.695 (0.670, 0.735) | test eod gap: 0.2152
begin calculating influence
[Strategy 5] Acc of expected label: 0.6955078125
calculating influence -- done
 22.52% | time:  18.3s ( 12.0m) | step:   1782 | train acc: 1.000 | train loss: 0.000 |val acc: 0.702 (0.688, 0.725) | val eod gap: 0.1998
Files already downloaded and verified
5047 labeled samples and 157723 unlabeled samples. Total: 162770
Use 5047 samples. Get 6699 labels. Ratio: 0.7533960292580982
 25.04% | time:  66.1s ( 13.1m) | step:   1982 | train acc: 0.992 | train loss: 0.010 |test acc: 0.691 (0.662, 0.737) | test eod gap: 0.2311
begin calculating influence
[Strategy 5] Acc of expected label: 0.696953125
calculating influence -- done
 25.04% | time:  19.4s ( 13.4m) | step:   1982 | train acc: 0.992 | train loss: 0.010 |val acc: 0.710 (0.697, 0.730) | val eod gap: 0.2243
Files already downloaded and verified
5282 labeled samples and 157488 unlabeled samples. Total: 162770
Use 5282 samples. Get 7223 labels. Ratio: 0.7312750934514745
 27.57% | time:  74.5s ( 14.6m) | step:   2182 | train acc: 1.000 | train loss: 0.001 |test acc: 0.687 (0.666, 0.720) | test eod gap: 0.2043
begin calculating influence
[Strategy 5] Acc of expected label: 0.6951953125
calculating influence -- done
 27.57% | time:  19.8s ( 15.0m) | step:   2182 | train acc: 1.000 | train loss: 0.001 |val acc: 0.712 (0.699, 0.732) | val eod gap: 0.2047
Files already downloaded and verified
5538 labeled samples and 157232 unlabeled samples. Total: 162770
Use 5538 samples. Get 7844 labels. Ratio: 0.7060173380928098
Epoch 3
 32.52% | time: 103.8s ( 16.7m) | step:   2574 | train acc: 1.000 | train loss: 0.000 |test acc: 0.690 (0.668, 0.727) | test eod gap: 0.1967
begin calculating influence
[Strategy 5] Acc of expected label: 0.697421875
calculating influence -- done
 32.52% | time:  20.3s ( 17.0m) | step:   2574 | train acc: 1.000 | train loss: 0.000 |val acc: 0.706 (0.692, 0.727) | val eod gap: 0.1943
Files already downloaded and verified
5738 labeled samples and 157032 unlabeled samples. Total: 162770
Use 5738 samples. Get 8388 labels. Ratio: 0.684072484501669
 35.05% | time:  73.9s ( 18.3m) | step:   2774 | train acc: 1.000 | train loss: 0.000 |test acc: 0.684 (0.657, 0.728) | test eod gap: 0.1877
begin calculating influence
[Strategy 5] Acc of expected label: 0.693671875
calculating influence -- done
 35.05% | time:  19.9s ( 18.6m) | step:   2774 | train acc: 1.000 | train loss: 0.000 |val acc: 0.702 (0.688, 0.723) | val eod gap: 0.1879
Files already downloaded and verified
5829 labeled samples and 156941 unlabeled samples. Total: 162770
Use 5829 samples. Get 8644 labels. Ratio: 0.6743405830633966
 37.58% | time:  74.1s ( 19.8m) | step:   2974 | train acc: 1.000 | train loss: 0.001 |test acc: 0.681 (0.653, 0.725) | test eod gap: 0.1895
begin calculating influence
[Strategy 5] Acc of expected label: 0.6887890625
calculating influence -- done
 37.58% | time:  19.7s ( 20.2m) | step:   2974 | train acc: 1.000 | train loss: 0.001 |val acc: 0.691 (0.675, 0.717) | val eod gap: 0.1786
Files already downloaded and verified
5897 labeled samples and 156873 unlabeled samples. Total: 162770
Use 5897 samples. Get 8796 labels. Ratio: 0.670418371987267
Epoch 4
 42.52% | time: 111.4s ( 22.0m) | step:   3365 | train acc: 1.000 | train loss: 0.000 |test acc: 0.686 (0.660, 0.726) | test eod gap: 0.1903
begin calculating influence
[Strategy 5] Acc of expected label: 0.6884375
calculating influence -- done
 42.52% | time:  19.3s ( 22.3m) | step:   3365 | train acc: 1.000 | train loss: 0.000 |val acc: 0.696 (0.684, 0.716) | val eod gap: 0.1762
Files already downloaded and verified
6012 labeled samples and 156758 unlabeled samples. Total: 162770
Use 6012 samples. Get 9118 labels. Ratio: 0.6593551217372231
 45.05% | time:  69.5s ( 23.5m) | step:   3565 | train acc: 1.000 | train loss: 0.000 |test acc: 0.678 (0.652, 0.720) | test eod gap: 0.1746
begin calculating influence
[Strategy 5] Acc of expected label: 0.688046875
calculating influence -- done
 45.05% | time:  19.9s ( 23.8m) | step:   3565 | train acc: 1.000 | train loss: 0.000 |val acc: 0.687 (0.676, 0.704) | val eod gap: 0.1633
Files already downloaded and verified
6211 labeled samples and 156559 unlabeled samples. Total: 162770
Use 6211 samples. Get 9562 labels. Ratio: 0.6495503032838318
 47.57% | time:  73.6s ( 25.1m) | step:   3765 | train acc: 1.000 | train loss: 0.001 |test acc: 0.684 (0.658, 0.725) | test eod gap: 0.2029
begin calculating influence
[Strategy 5] Acc of expected label: 0.6952734375
calculating influence -- done
 47.57% | time:  19.7s ( 25.4m) | step:   3765 | train acc: 1.000 | train loss: 0.001 |val acc: 0.699 (0.683, 0.725) | val eod gap: 0.1894
Files already downloaded and verified
6331 labeled samples and 156439 unlabeled samples. Total: 162770
Use 6331 samples. Get 9877 labels. Ratio: 0.6409841044851675
Epoch 5
 52.53% | time: 120.7s ( 27.4m) | step:   4157 | train acc: 1.000 | train loss: 0.000 |test acc: 0.681 (0.657, 0.720) | test eod gap: 0.1850
begin calculating influence
[Strategy 5] Acc of expected label: 0.6912109375
calculating influence -- done
 52.53% | time:  19.8s ( 27.7m) | step:   4157 | train acc: 1.000 | train loss: 0.000 |val acc: 0.693 (0.676, 0.719) | val eod gap: 0.1627
Files already downloaded and verified
6406 labeled samples and 156364 unlabeled samples. Total: 162770
Use 6406 samples. Get 10067 labels. Ratio: 0.6363365451475117
 55.05% | time:  73.8s ( 29.0m) | step:   4357 | train acc: 1.000 | train loss: 0.000 |test acc: 0.681 (0.658, 0.718) | test eod gap: 0.1857
begin calculating influence
[Strategy 5] Acc of expected label: 0.6879296875
calculating influence -- done
 55.05% | time:  20.1s ( 29.3m) | step:   4357 | train acc: 1.000 | train loss: 0.000 |val acc: 0.692 (0.683, 0.705) | val eod gap: 0.1776
Files already downloaded and verified
6523 labeled samples and 156247 unlabeled samples. Total: 162770
Use 6523 samples. Get 10332 labels. Ratio: 0.6313395276809911
 57.58% | time:  74.1s ( 30.5m) | step:   4557 | train acc: 0.996 | train loss: 0.004 |test acc: 0.683 (0.661, 0.719) | test eod gap: 0.1914
begin calculating influence
[Strategy 5] Acc of expected label: 0.6857421875
calculating influence -- done
 57.58% | time:  19.7s ( 30.9m) | step:   4557 | train acc: 0.996 | train loss: 0.004 |val acc: 0.696 (0.678, 0.725) | val eod gap: 0.1712
Files already downloaded and verified
6742 labeled samples and 156028 unlabeled samples. Total: 162770
Use 6742 samples. Get 10825 labels. Ratio: 0.6228175519630484
Epoch 6
 62.52% | time: 119.9s ( 32.9m) | step:   4948 | train acc: 1.000 | train loss: 0.000 |test acc: 0.682 (0.660, 0.718) | test eod gap: 0.1646
begin calculating influence
[Strategy 5] Acc of expected label: 0.685
calculating influence -- done
 62.52% | time:  20.0s ( 33.2m) | step:   4948 | train acc: 1.000 | train loss: 0.000 |val acc: 0.694 (0.681, 0.716) | val eod gap: 0.1476
Files already downloaded and verified
6869 labeled samples and 155901 unlabeled samples. Total: 162770
Use 6869 samples. Get 11110 labels. Ratio: 0.6182718271827182
 65.05% | time:  76.3s ( 34.5m) | step:   5148 | train acc: 1.000 | train loss: 0.001 |test acc: 0.678 (0.657, 0.710) | test eod gap: 0.1779
begin calculating influence
[Strategy 5] Acc of expected label: 0.688984375
calculating influence -- done
 65.05% | time:  20.3s ( 34.8m) | step:   5148 | train acc: 1.000 | train loss: 0.001 |val acc: 0.697 (0.692, 0.705) | val eod gap: 0.1475
Files already downloaded and verified
6999 labeled samples and 155771 unlabeled samples. Total: 162770
Use 6999 samples. Get 11424 labels. Ratio: 0.6126575630252101
 67.58% | time:  71.3s ( 36.0m) | step:   5348 | train acc: 0.996 | train loss: 0.010 |test acc: 0.683 (0.662, 0.717) | test eod gap: 0.1716
begin calculating influence
[Strategy 5] Acc of expected label: 0.6970703125
calculating influence -- done
 67.58% | time:  20.3s ( 36.3m) | step:   5348 | train acc: 0.996 | train loss: 0.010 |val acc: 0.707 (0.696, 0.726) | val eod gap: 0.1324
Files already downloaded and verified
7235 labeled samples and 155535 unlabeled samples. Total: 162770
Use 7235 samples. Get 11983 labels. Ratio: 0.603772010347993
Epoch 7
 72.52% | time: 111.2s ( 38.2m) | step:   5739 | train acc: 1.000 | train loss: 0.000 |test acc: 0.683 (0.658, 0.724) | test eod gap: 0.1903
begin calculating influence
[Strategy 5] Acc of expected label: 0.6851171875
calculating influence -- done
 72.52% | time:  20.1s ( 38.5m) | step:   5739 | train acc: 1.000 | train loss: 0.000 |val acc: 0.701 (0.692, 0.717) | val eod gap: 0.1711
Files already downloaded and verified
7350 labeled samples and 155420 unlabeled samples. Total: 162770
Use 7350 samples. Get 12288 labels. Ratio: 0.59814453125
 75.04% | time:  76.1s ( 39.8m) | step:   5939 | train acc: 1.000 | train loss: 0.000 |test acc: 0.675 (0.653, 0.709) | test eod gap: 0.1742
begin calculating influence
[Strategy 5] Acc of expected label: 0.6812890625
calculating influence -- done
 75.04% | time:  19.7s ( 40.1m) | step:   5939 | train acc: 1.000 | train loss: 0.000 |val acc: 0.693 (0.687, 0.704) | val eod gap: 0.1524
Files already downloaded and verified
7400 labeled samples and 155370 unlabeled samples. Total: 162770
Use 7400 samples. Get 12415 labels. Ratio: 0.5960531614981877
 77.57% | time:  75.7s ( 41.4m) | step:   6139 | train acc: 1.000 | train loss: 0.000 |test acc: 0.674 (0.652, 0.710) | test eod gap: 0.1704
begin calculating influence
[Strategy 5] Acc of expected label: 0.680625
calculating influence -- done
 77.57% | time:  20.1s ( 41.7m) | step:   6139 | train acc: 1.000 | train loss: 0.000 |val acc: 0.695 (0.690, 0.703) | val eod gap: 0.1651
Files already downloaded and verified
7468 labeled samples and 155302 unlabeled samples. Total: 162770
Use 7468 samples. Get 12600 labels. Ratio: 0.5926984126984127
Epoch 8
 82.52% | time: 116.5s ( 43.6m) | step:   6531 | train acc: 1.000 | train loss: 0.000 |test acc: 0.679 (0.653, 0.718) | test eod gap: 0.1677
begin calculating influence
[Strategy 5] Acc of expected label: 0.682421875
calculating influence -- done
 82.52% | time:  19.4s ( 44.0m) | step:   6531 | train acc: 1.000 | train loss: 0.000 |val acc: 0.681 (0.669, 0.700) | val eod gap: 0.1738
Files already downloaded and verified
7503 labeled samples and 155267 unlabeled samples. Total: 162770
Use 7503 samples. Get 12707 labels. Ratio: 0.5904619501062407
 85.05% | time:  74.9s ( 45.2m) | step:   6731 | train acc: 1.000 | train loss: 0.000 |test acc: 0.677 (0.652, 0.716) | test eod gap: 0.1595
begin calculating influence
[Strategy 5] Acc of expected label: 0.679765625
calculating influence -- done
 85.05% | time:  20.1s ( 45.6m) | step:   6731 | train acc: 1.000 | train loss: 0.000 |val acc: 0.683 (0.671, 0.703) | val eod gap: 0.1604
Files already downloaded and verified
7550 labeled samples and 155220 unlabeled samples. Total: 162770
Use 7550 samples. Get 12823 labels. Ratio: 0.5887857755595415
 87.58% | time:  75.9s ( 46.8m) | step:   6931 | train acc: 1.000 | train loss: 0.000 |test acc: 0.676 (0.649, 0.719) | test eod gap: 0.1549
begin calculating influence
[Strategy 5] Acc of expected label: 0.6775
calculating influence -- done
 87.58% | time:  19.9s ( 47.2m) | step:   6931 | train acc: 1.000 | train loss: 0.000 |val acc: 0.690 (0.678, 0.709) | val eod gap: 0.1617
Files already downloaded and verified
7588 labeled samples and 155182 unlabeled samples. Total: 162770
Use 7588 samples. Get 12915 labels. Ratio: 0.5875338753387533
Epoch 9
 92.52% | time: 119.9s ( 49.1m) | step:   7322 | train acc: 1.000 | train loss: 0.000 |test acc: 0.676 (0.654, 0.711) | test eod gap: 0.1595
begin calculating influence
[Strategy 5] Acc of expected label: 0.6759765625
calculating influence -- done
 92.52% | time:  19.9s ( 49.5m) | step:   7322 | train acc: 1.000 | train loss: 0.000 |val acc: 0.682 (0.670, 0.701) | val eod gap: 0.1579
Files already downloaded and verified
7630 labeled samples and 155140 unlabeled samples. Total: 162770
Use 7630 samples. Get 13040 labels. Ratio: 0.5851226993865031
 95.05% | time:  70.9s ( 50.7m) | step:   7522 | train acc: 1.000 | train loss: 0.000 |test acc: 0.674 (0.650, 0.712) | test eod gap: 0.1538
begin calculating influence
[Strategy 5] Acc of expected label: 0.684609375
calculating influence -- done
 95.05% | time:  19.3s ( 51.0m) | step:   7522 | train acc: 1.000 | train loss: 0.000 |val acc: 0.684 (0.675, 0.698) | val eod gap: 0.1628
Files already downloaded and verified
7654 labeled samples and 155116 unlabeled samples. Total: 162770
Use 7654 samples. Get 13106 labels. Ratio: 0.5840073248893637
 97.57% | time:  77.7s ( 52.3m) | step:   7722 | train acc: 1.000 | train loss: 0.000 |test acc: 0.673 (0.649, 0.712) | test eod gap: 0.1549
begin calculating influence
[Strategy 5] Acc of expected label: 0.6799609375
calculating influence -- done
 97.57% | time:  21.0s ( 52.6m) | step:   7722 | train acc: 1.000 | train loss: 0.000 |val acc: 0.683 (0.665, 0.712) | val eod gap: 0.1552
Files already downloaded and verified
7727 labeled samples and 155043 unlabeled samples. Total: 162770
Use 7727 samples. Get 13300 labels. Ratio: 0.5809774436090226
