Files already downloaded and verified
3255 labeled samples and 159515 unlabeled samples. Total: 162770
Files already downloaded and verified
1996 labeled samples and 17966 unlabeled samples. Total: 19962
Numer of layers 200
train net...
train with 162770 samples (with replacement) in one epoch
Epoch 0
  2.62% | time: 103.4s (  1.7m) | step:    200 | train acc: 0.902 | train loss: 0.255 |warm_t acc: 0.709 (0.695, 0.732) | warm_t eop gap: 0.3005
  2.62% | time:   6.1s (  1.8m) | step:    200 | train acc: 0.902 | train loss: 0.255 |warm_v acc: 0.703 (0.696, 0.715) | warm_v eop gap: 0.3424
  5.24% | time:  79.6s (  3.2m) | step:    400 | train acc: 1.000 | train loss: 0.001 |warm_t acc: 0.707 (0.686, 0.741) | warm_t eop gap: 0.2635
  5.24% | time:   1.3s (  3.2m) | step:    400 | train acc: 1.000 | train loss: 0.001 |warm_v acc: 0.686 (0.673, 0.707) | warm_v eop gap: 0.3191
  7.86% | time:  81.2s (  4.5m) | step:    600 | train acc: 1.000 | train loss: 0.000 |warm_t acc: 0.707 (0.686, 0.740) | warm_t eop gap: 0.2617
  7.86% | time:   1.2s (  4.5m) | step:    600 | train acc: 1.000 | train loss: 0.000 |warm_v acc: 0.692 (0.677, 0.716) | warm_v eop gap: 0.3085
  8.32% | time:  22.5s (  4.9m) | step:    635 | train acc: 1.000 | train loss: 0.000 |warm_t acc: 0.707 (0.686, 0.741) | warm_t eop gap: 0.2592
  8.32% | time:   1.3s (  4.9m) | step:    635 | train acc: 1.000 | train loss: 0.000 |warm_v acc: 0.704 (0.687, 0.731) | warm_v eop gap: 0.2694
Epoch 1
 10.95% | time:  81.6s (  6.3m) | step:    835 | train acc: 1.000 | train loss: 0.000 |warm_t acc: 0.707 (0.686, 0.741) | warm_t eop gap: 0.2604
 10.95% | time:   1.3s (  6.3m) | step:    835 | train acc: 1.000 | train loss: 0.000 |warm_v acc: 0.701 (0.688, 0.722) | warm_v eop gap: 0.2812
 13.57% | time:  81.9s (  7.7m) | step:   1035 | train acc: 1.000 | train loss: 0.000 |warm_t acc: 0.707 (0.686, 0.741) | warm_t eop gap: 0.2597
 13.57% | time:   1.2s (  7.7m) | step:   1035 | train acc: 1.000 | train loss: 0.000 |warm_v acc: 0.701 (0.687, 0.721) | warm_v eop gap: 0.2809
 16.19% | time:  82.4s (  9.1m) | step:   1235 | train acc: 1.000 | train loss: 0.000 |warm_t acc: 0.707 (0.686, 0.741) | warm_t eop gap: 0.2590
 16.19% | time:   1.1s (  9.1m) | step:   1235 | train acc: 1.000 | train loss: 0.000 |warm_v acc: 0.699 (0.683, 0.721) | warm_v eop gap: 0.3185
 16.65% | time:  23.6s (  9.5m) | step:   1270 | train acc: 1.000 | train loss: 0.000 |warm_t acc: 0.707 (0.685, 0.741) | warm_t eop gap: 0.2586
 16.65% | time:   1.4s (  9.5m) | step:   1270 | train acc: 1.000 | train loss: 0.000 |warm_v acc: 0.693 (0.684, 0.708) | warm_v eop gap: 0.3348
Epoch 2
 19.28% | time:  82.0s ( 10.9m) | step:   1471 | train acc: 1.000 | train loss: 0.000 |test acc: 0.707 (0.686, 0.741) | test eop gap: 0.2584
 19.28% | time:   1.3s ( 10.9m) | step:   1471 | train acc: 1.000 | train loss: 0.000 |val acc: 0.705 (0.694, 0.722) | val eop gap: 0.3043
begin calculating influence
selected layers: [Traced<ShapedArray(float32[768])>with<DynamicJaxprTrace(level=0/1)>, Traced<ShapedArray(float32[8,8,3,768])>with<DynamicJaxprTrace(level=0/1)>, Traced<ShapedArray(float32[2])>with<DynamicJaxprTrace(level=0/1)>, Traced<ShapedArray(float32[768,2])>with<DynamicJaxprTrace(level=0/1)>]
calculating influence -- done
Files already downloaded and verified
3511 labeled samples and 159259 unlabeled samples. Total: 162770
Use 3511 samples. Get 3511 labels. Ratio: 1.0
 21.90% | time: 744.1s ( 23.3m) | step:   1671 | train acc: 1.000 | train loss: 0.000 |test acc: 0.707 (0.688, 0.738) | test eop gap: 0.2683
 21.90% | time:   1.7s ( 23.3m) | step:   1671 | train acc: 1.000 | train loss: 0.000 |val acc: 0.710 (0.705, 0.716) | val eop gap: 0.3330
begin calculating influence
calculating influence -- done
Files already downloaded and verified
3767 labeled samples and 159003 unlabeled samples. Total: 162770
Use 3767 samples. Get 3767 labels. Ratio: 1.0
 24.52% | time: 722.7s ( 35.4m) | step:   1871 | train acc: 1.000 | train loss: 0.000 |test acc: 0.707 (0.689, 0.736) | test eop gap: 0.2488
 24.52% | time:   1.5s ( 35.4m) | step:   1871 | train acc: 1.000 | train loss: 0.000 |val acc: 0.708 (0.681, 0.748) | val eop gap: 0.2081
begin calculating influence
calculating influence -- done
Files already downloaded and verified
4023 labeled samples and 158747 unlabeled samples. Total: 162770
Use 4023 samples. Get 4023 labels. Ratio: 1.0
 24.98% | time: 677.7s ( 46.7m) | step:   1906 | train acc: 0.980 | train loss: 0.064 |test acc: 0.695 (0.666, 0.742) | test eop gap: 0.2675
 24.98% | time:   1.5s ( 46.7m) | step:   1906 | train acc: 0.980 | train loss: 0.064 |val acc: 0.697 (0.678, 0.726) | val eop gap: 0.2755
begin calculating influence
calculating influence -- done
Files already downloaded and verified
4279 labeled samples and 158491 unlabeled samples. Total: 162770
Use 4279 samples. Get 4279 labels. Ratio: 1.0
Epoch 3
 27.62% | time: 717.8s ( 58.7m) | step:   2107 | train acc: 1.000 | train loss: 0.000 |test acc: 0.705 (0.686, 0.735) | test eop gap: 0.2755
 27.62% | time:   1.4s ( 58.7m) | step:   2107 | train acc: 1.000 | train loss: 0.000 |val acc: 0.697 (0.683, 0.719) | val eop gap: 0.2904
begin calculating influence
calculating influence -- done
Files already downloaded and verified
4535 labeled samples and 158235 unlabeled samples. Total: 162770
Use 4535 samples. Get 4535 labels. Ratio: 1.0
 30.24% | time: 729.0s ( 70.9m) | step:   2307 | train acc: 1.000 | train loss: 0.000 |test acc: 0.707 (0.689, 0.735) | test eop gap: 0.2747
 30.24% | time:   1.4s ( 70.9m) | step:   2307 | train acc: 1.000 | train loss: 0.000 |val acc: 0.708 (0.694, 0.731) | val eop gap: 0.2986
begin calculating influence
calculating influence -- done
Files already downloaded and verified
4791 labeled samples and 157979 unlabeled samples. Total: 162770
Use 4791 samples. Get 4791 labels. Ratio: 1.0
 32.86% | time: 729.0s ( 83.0m) | step:   2507 | train acc: 1.000 | train loss: 0.000 |test acc: 0.710 (0.694, 0.736) | test eop gap: 0.2750
 32.86% | time:   1.4s ( 83.1m) | step:   2507 | train acc: 1.000 | train loss: 0.000 |val acc: 0.715 (0.699, 0.739) | val eop gap: 0.3111
begin calculating influence
calculating influence -- done
Files already downloaded and verified
5047 labeled samples and 157723 unlabeled samples. Total: 162770
Use 5047 samples. Get 5047 labels. Ratio: 1.0
 33.32% | time: 661.4s ( 94.1m) | step:   2542 | train acc: 0.984 | train loss: 0.043 |test acc: 0.705 (0.685, 0.737) | test eop gap: 0.2346
 33.32% | time:   1.4s ( 94.1m) | step:   2542 | train acc: 0.984 | train loss: 0.043 |val acc: 0.707 (0.691, 0.733) | val eop gap: 0.3015
begin calculating influence
calculating influence -- done
Files already downloaded and verified
5303 labeled samples and 157467 unlabeled samples. Total: 162770
Use 5303 samples. Get 5303 labels. Ratio: 1.0
Epoch 4
 35.95% | time: 723.4s (106.2m) | step:   2743 | train acc: 1.000 | train loss: 0.000 |test acc: 0.710 (0.690, 0.743) | test eop gap: 0.2599
 35.95% | time:   1.4s (106.2m) | step:   2743 | train acc: 1.000 | train loss: 0.000 |val acc: 0.714 (0.700, 0.737) | val eop gap: 0.2726
begin calculating influence
calculating influence -- done
Files already downloaded and verified
5559 labeled samples and 157211 unlabeled samples. Total: 162770
Use 5559 samples. Get 5559 labels. Ratio: 1.0
 38.58% | time: 731.9s (118.4m) | step:   2943 | train acc: 1.000 | train loss: 0.000 |test acc: 0.712 (0.691, 0.744) | test eop gap: 0.2666
 38.58% | time:   1.4s (118.4m) | step:   2943 | train acc: 1.000 | train loss: 0.000 |val acc: 0.708 (0.689, 0.740) | val eop gap: 0.2510
begin calculating influence
calculating influence -- done
Files already downloaded and verified
5815 labeled samples and 156955 unlabeled samples. Total: 162770
Use 5815 samples. Get 5815 labels. Ratio: 1.0
 41.20% | time: 731.0s (130.6m) | step:   3143 | train acc: 1.000 | train loss: 0.000 |test acc: 0.710 (0.691, 0.740) | test eop gap: 0.2621
 41.20% | time:   1.5s (130.6m) | step:   3143 | train acc: 1.000 | train loss: 0.000 |val acc: 0.710 (0.706, 0.717) | val eop gap: 0.3186
begin calculating influence
calculating influence -- done
Files already downloaded and verified
6071 labeled samples and 156699 unlabeled samples. Total: 162770
Use 6071 samples. Get 6071 labels. Ratio: 1.0
 41.66% | time: 663.3s (141.7m) | step:   3178 | train acc: 0.992 | train loss: 0.030 |test acc: 0.691 (0.667, 0.730) | test eop gap: 0.2506
 41.66% | time:   1.4s (141.7m) | step:   3178 | train acc: 0.992 | train loss: 0.030 |val acc: 0.703 (0.695, 0.717) | val eop gap: 0.2810
begin calculating influence
calculating influence -- done
Files already downloaded and verified
6327 labeled samples and 156443 unlabeled samples. Total: 162770
Use 6327 samples. Get 6327 labels. Ratio: 1.0
Epoch 5
 44.29% | time: 727.7s (153.8m) | step:   3379 | train acc: 1.000 | train loss: 0.000 |test acc: 0.712 (0.693, 0.743) | test eop gap: 0.2789
 44.29% | time:   1.4s (153.8m) | step:   3379 | train acc: 1.000 | train loss: 0.000 |val acc: 0.707 (0.697, 0.724) | val eop gap: 0.3575
begin calculating influence
calculating influence -- done
Files already downloaded and verified
6583 labeled samples and 156187 unlabeled samples. Total: 162770
Use 6583 samples. Get 6583 labels. Ratio: 1.0
 46.91% | time: 734.1s (166.1m) | step:   3579 | train acc: 1.000 | train loss: 0.000 |test acc: 0.710 (0.693, 0.737) | test eop gap: 0.2826
 46.91% | time:   1.4s (166.1m) | step:   3579 | train acc: 1.000 | train loss: 0.000 |val acc: 0.718 (0.707, 0.735) | val eop gap: 0.3345
begin calculating influence
calculating influence -- done
Files already downloaded and verified
6839 labeled samples and 155931 unlabeled samples. Total: 162770
Use 6839 samples. Get 6839 labels. Ratio: 1.0
 49.53% | time: 734.0s (178.3m) | step:   3779 | train acc: 1.000 | train loss: 0.000 |test acc: 0.713 (0.695, 0.741) | test eop gap: 0.2552
 49.53% | time:   1.5s (178.4m) | step:   3779 | train acc: 1.000 | train loss: 0.000 |val acc: 0.723 (0.713, 0.739) | val eop gap: 0.2492
begin calculating influence
calculating influence -- done
Files already downloaded and verified
7095 labeled samples and 155675 unlabeled samples. Total: 162770
Use 7095 samples. Get 7095 labels. Ratio: 1.0
 49.99% | time: 673.6s (189.6m) | step:   3814 | train acc: 0.988 | train loss: 0.044 |test acc: 0.702 (0.700, 0.706) | test eop gap: 0.2622
 49.99% | time:   1.4s (189.6m) | step:   3814 | train acc: 0.988 | train loss: 0.044 |val acc: 0.697 (0.693, 0.704) | val eop gap: 0.2268
begin calculating influence
calculating influence -- done
Files already downloaded and verified
7351 labeled samples and 155419 unlabeled samples. Total: 162770
Use 7351 samples. Get 7351 labels. Ratio: 1.0
Epoch 6
 52.62% | time: 732.9s (201.8m) | step:   4014 | train acc: 1.000 | train loss: 0.001 |test acc: 0.709 (0.690, 0.739) | test eop gap: 0.2950
 52.62% | time:   1.4s (201.9m) | step:   4014 | train acc: 1.000 | train loss: 0.001 |val acc: 0.710 (0.697, 0.729) | val eop gap: 0.3328
begin calculating influence
calculating influence -- done
Files already downloaded and verified
7607 labeled samples and 155163 unlabeled samples. Total: 162770
Use 7607 samples. Get 7607 labels. Ratio: 1.0
 55.24% | time: 733.5s (214.1m) | step:   4214 | train acc: 0.992 | train loss: 0.017 |test acc: 0.714 (0.700, 0.737) | test eop gap: 0.2753
 55.24% | time:   1.7s (214.1m) | step:   4214 | train acc: 0.992 | train loss: 0.017 |val acc: 0.729 (0.725, 0.734) | val eop gap: 0.2839
begin calculating influence
calculating influence -- done
Files already downloaded and verified
7863 labeled samples and 154907 unlabeled samples. Total: 162770
Use 7863 samples. Get 7863 labels. Ratio: 1.0
 57.86% | time: 730.8s (226.3m) | step:   4414 | train acc: 1.000 | train loss: 0.000 |test acc: 0.708 (0.693, 0.733) | test eop gap: 0.2793
 57.86% | time:   1.4s (226.3m) | step:   4414 | train acc: 1.000 | train loss: 0.000 |val acc: 0.703 (0.704, 0.701) | val eop gap: 0.3433
begin calculating influence
calculating influence -- done
Files already downloaded and verified
8119 labeled samples and 154651 unlabeled samples. Total: 162770
Use 8119 samples. Get 8119 labels. Ratio: 1.0
 58.32% | time: 671.0s (237.5m) | step:   4449 | train acc: 0.988 | train loss: 0.043 |test acc: 0.699 (0.681, 0.727) | test eop gap: 0.2651
 58.32% | time:   1.4s (237.5m) | step:   4449 | train acc: 0.988 | train loss: 0.043 |val acc: 0.692 (0.681, 0.710) | val eop gap: 0.2712
begin calculating influence
calculating influence -- done
Files already downloaded and verified
8375 labeled samples and 154395 unlabeled samples. Total: 162770
Use 8375 samples. Get 8375 labels. Ratio: 1.0
Epoch 7
 60.95% | time: 730.9s (249.7m) | step:   4650 | train acc: 1.000 | train loss: 0.000 |test acc: 0.714 (0.696, 0.741) | test eop gap: 0.2716
 60.95% | time:   1.5s (249.7m) | step:   4650 | train acc: 1.000 | train loss: 0.000 |val acc: 0.716 (0.699, 0.741) | val eop gap: 0.2364
begin calculating influence
calculating influence -- done
Files already downloaded and verified
8631 labeled samples and 154139 unlabeled samples. Total: 162770
Use 8631 samples. Get 8631 labels. Ratio: 1.0
 63.57% | time: 726.5s (261.8m) | step:   4850 | train acc: 1.000 | train loss: 0.000 |test acc: 0.707 (0.695, 0.725) | test eop gap: 0.2735
 63.57% | time:   1.4s (261.9m) | step:   4850 | train acc: 1.000 | train loss: 0.000 |val acc: 0.697 (0.683, 0.721) | val eop gap: 0.2535
begin calculating influence
calculating influence -- done
Files already downloaded and verified
8887 labeled samples and 153883 unlabeled samples. Total: 162770
Use 8887 samples. Get 8887 labels. Ratio: 1.0
 66.19% | time: 731.4s (274.0m) | step:   5050 | train acc: 1.000 | train loss: 0.000 |test acc: 0.709 (0.691, 0.739) | test eop gap: 0.2650
 66.19% | time:   1.4s (274.1m) | step:   5050 | train acc: 1.000 | train loss: 0.000 |val acc: 0.710 (0.700, 0.724) | val eop gap: 0.3071
begin calculating influence
calculating influence -- done
Files already downloaded and verified
9143 labeled samples and 153627 unlabeled samples. Total: 162770
Use 9143 samples. Get 9143 labels. Ratio: 1.0
 66.65% | time: 674.5s (285.3m) | step:   5085 | train acc: 0.992 | train loss: 0.073 |test acc: 0.702 (0.677, 0.742) | test eop gap: 0.2835
 66.65% | time:   1.6s (285.3m) | step:   5085 | train acc: 0.992 | train loss: 0.073 |val acc: 0.701 (0.675, 0.743) | val eop gap: 0.3039
begin calculating influence
calculating influence -- done
Files already downloaded and verified
9399 labeled samples and 153371 unlabeled samples. Total: 162770
Use 9399 samples. Get 9399 labels. Ratio: 1.0
Epoch 8
 69.29% | time: 731.0s (297.5m) | step:   5286 | train acc: 1.000 | train loss: 0.000 |test acc: 0.713 (0.695, 0.743) | test eop gap: 0.2785
 69.29% | time:   1.5s (297.5m) | step:   5286 | train acc: 1.000 | train loss: 0.000 |val acc: 0.712 (0.705, 0.724) | val eop gap: 0.3070
begin calculating influence
calculating influence -- done
Files already downloaded and verified
9655 labeled samples and 153115 unlabeled samples. Total: 162770
Use 9655 samples. Get 9655 labels. Ratio: 1.0
 71.91% | time: 730.4s (309.7m) | step:   5486 | train acc: 1.000 | train loss: 0.000 |test acc: 0.717 (0.701, 0.743) | test eop gap: 0.2590
 71.91% | time:   1.5s (309.7m) | step:   5486 | train acc: 1.000 | train loss: 0.000 |val acc: 0.717 (0.702, 0.743) | val eop gap: 0.2408
begin calculating influence
calculating influence -- done
Files already downloaded and verified
9911 labeled samples and 152859 unlabeled samples. Total: 162770
Use 9911 samples. Get 9911 labels. Ratio: 1.0
 74.53% | time: 730.7s (321.9m) | step:   5686 | train acc: 1.000 | train loss: 0.000 |test acc: 0.711 (0.700, 0.729) | test eop gap: 0.2497
 74.53% | time:   1.4s (321.9m) | step:   5686 | train acc: 1.000 | train loss: 0.000 |val acc: 0.714 (0.710, 0.719) | val eop gap: 0.2771
begin calculating influence
calculating influence -- done
Files already downloaded and verified
10167 labeled samples and 152603 unlabeled samples. Total: 162770
Use 10167 samples. Get 10167 labels. Ratio: 1.0
 74.99% | time: 673.5s (333.2m) | step:   5721 | train acc: 0.996 | train loss: 0.030 |test acc: 0.708 (0.688, 0.740) | test eop gap: 0.2452
 74.99% | time:   1.5s (333.2m) | step:   5721 | train acc: 0.996 | train loss: 0.030 |val acc: 0.704 (0.693, 0.720) | val eop gap: 0.3052
begin calculating influence
calculating influence -- done
Files already downloaded and verified
10423 labeled samples and 152347 unlabeled samples. Total: 162770
Use 10423 samples. Get 10423 labels. Ratio: 1.0
Epoch 9
 77.62% | time: 731.1s (345.4m) | step:   5922 | train acc: 1.000 | train loss: 0.001 |test acc: 0.714 (0.702, 0.733) | test eop gap: 0.2480
 77.62% | time:   1.6s (345.4m) | step:   5922 | train acc: 1.000 | train loss: 0.001 |val acc: 0.708 (0.700, 0.721) | val eop gap: 0.2312
begin calculating influence
calculating influence -- done
Files already downloaded and verified
10679 labeled samples and 152091 unlabeled samples. Total: 162770
Use 10679 samples. Get 10679 labels. Ratio: 1.0
 80.25% | time: 729.9s (357.6m) | step:   6122 | train acc: 1.000 | train loss: 0.000 |test acc: 0.718 (0.707, 0.736) | test eop gap: 0.2639
 80.25% | time:   1.5s (357.6m) | step:   6122 | train acc: 1.000 | train loss: 0.000 |val acc: 0.714 (0.695, 0.745) | val eop gap: 0.2506
begin calculating influence
calculating influence -- done
Files already downloaded and verified
10935 labeled samples and 151835 unlabeled samples. Total: 162770
Use 10935 samples. Get 10935 labels. Ratio: 1.0
 82.87% | time: 730.6s (369.8m) | step:   6322 | train acc: 1.000 | train loss: 0.000 |test acc: 0.716 (0.700, 0.742) | test eop gap: 0.2669
 82.87% | time:   1.4s (369.8m) | step:   6322 | train acc: 1.000 | train loss: 0.000 |val acc: 0.714 (0.698, 0.738) | val eop gap: 0.3009
begin calculating influence
calculating influence -- done
Files already downloaded and verified
11191 labeled samples and 151579 unlabeled samples. Total: 162770
Use 11191 samples. Get 11191 labels. Ratio: 1.0
 83.33% | time: 674.7s (381.0m) | step:   6357 | train acc: 0.988 | train loss: 0.072 |test acc: 0.709 (0.689, 0.740) | test eop gap: 0.2579
 83.33% | time:   1.4s (381.1m) | step:   6357 | train acc: 0.988 | train loss: 0.072 |val acc: 0.710 (0.701, 0.725) | val eop gap: 0.2731
begin calculating influence
calculating influence -- done
Files already downloaded and verified
11447 labeled samples and 151323 unlabeled samples. Total: 162770
Use 11447 samples. Get 11447 labels. Ratio: 1.0
Epoch 10
 85.96% | time: 732.6s (393.3m) | step:   6558 | train acc: 1.000 | train loss: 0.000 |test acc: 0.721 (0.701, 0.754) | test eop gap: 0.2691
 85.96% | time:   1.4s (393.3m) | step:   6558 | train acc: 1.000 | train loss: 0.000 |val acc: 0.713 (0.702, 0.731) | val eop gap: 0.2763
begin calculating influence
calculating influence -- done
Files already downloaded and verified
11703 labeled samples and 151067 unlabeled samples. Total: 162770
Use 11703 samples. Get 11703 labels. Ratio: 1.0
 88.58% | time: 730.5s (405.5m) | step:   6758 | train acc: 1.000 | train loss: 0.000 |test acc: 0.715 (0.697, 0.743) | test eop gap: 0.2542
 88.58% | time:   1.5s (405.5m) | step:   6758 | train acc: 1.000 | train loss: 0.000 |val acc: 0.706 (0.692, 0.728) | val eop gap: 0.2861
begin calculating influence
calculating influence -- done
Files already downloaded and verified
11959 labeled samples and 150811 unlabeled samples. Total: 162770
Use 11959 samples. Get 11959 labels. Ratio: 1.0
 91.20% | time: 731.9s (417.7m) | step:   6958 | train acc: 1.000 | train loss: 0.000 |test acc: 0.719 (0.701, 0.748) | test eop gap: 0.2575
 91.20% | time:   1.4s (417.7m) | step:   6958 | train acc: 1.000 | train loss: 0.000 |val acc: 0.707 (0.690, 0.733) | val eop gap: 0.2608
begin calculating influence
calculating influence -- done
Files already downloaded and verified
12215 labeled samples and 150555 unlabeled samples. Total: 162770
Use 12215 samples. Get 12215 labels. Ratio: 1.0
 91.66% | time: 677.4s (429.0m) | step:   6993 | train acc: 0.988 | train loss: 0.097 |test acc: 0.714 (0.693, 0.746) | test eop gap: 0.2555
 91.66% | time:   1.6s (429.0m) | step:   6993 | train acc: 0.988 | train loss: 0.097 |val acc: 0.701 (0.673, 0.743) | val eop gap: 0.2397
begin calculating influence
calculating influence -- done
Files already downloaded and verified
12471 labeled samples and 150299 unlabeled samples. Total: 162770
Use 12471 samples. Get 12471 labels. Ratio: 1.0
Epoch 11
 94.30% | time: 730.5s (441.2m) | step:   7194 | train acc: 1.000 | train loss: 0.000 |test acc: 0.720 (0.704, 0.747) | test eop gap: 0.2236
 94.30% | time:   1.5s (441.2m) | step:   7194 | train acc: 1.000 | train loss: 0.000 |val acc: 0.705 (0.697, 0.718) | val eop gap: 0.3109
begin calculating influence
calculating influence -- done
Files already downloaded and verified
12727 labeled samples and 150043 unlabeled samples. Total: 162770
Use 12727 samples. Get 12727 labels. Ratio: 1.0
 96.92% | time: 732.8s (453.4m) | step:   7394 | train acc: 1.000 | train loss: 0.001 |test acc: 0.713 (0.702, 0.730) | test eop gap: 0.2124
 96.92% | time:   1.5s (453.5m) | step:   7394 | train acc: 1.000 | train loss: 0.001 |val acc: 0.706 (0.696, 0.721) | val eop gap: 0.2544
begin calculating influence
calculating influence -- done
Files already downloaded and verified
12983 labeled samples and 149787 unlabeled samples. Total: 162770
Use 12983 samples. Get 12983 labels. Ratio: 1.0
 99.54% | time: 731.9s (465.7m) | step:   7594 | train acc: 1.000 | train loss: 0.000 |test acc: 0.715 (0.697, 0.744) | test eop gap: 0.2606
 99.54% | time:   1.4s (465.7m) | step:   7594 | train acc: 1.000 | train loss: 0.000 |val acc: 0.708 (0.687, 0.740) | val eop gap: 0.2627
begin calculating influence
calculating influence -- done
Files already downloaded and verified
13239 labeled samples and 149531 unlabeled samples. Total: 162770
Use 13239 samples. Get 13239 labels. Ratio: 1.0
100.00% | time: 678.7s (477.0m) | step:   7629 | train acc: 1.000 | train loss: 0.000 |test acc: 0.718 (0.702, 0.742) | test eop gap: 0.2485
100.00% | time:   1.5s (477.0m) | step:   7629 | train acc: 1.000 | train loss: 0.000 |val acc: 0.713 (0.698, 0.738) | val eop gap: 0.2561
begin calculating influence
calculating influence -- done
Files already downloaded and verified
13495 labeled samples and 149275 unlabeled samples. Total: 162770
Use 13495 samples. Get 13495 labels. Ratio: 1.0
