Files already downloaded and verified
3255 labeled samples and 159515 unlabeled samples. Total: 162770
Files already downloaded and verified
1996 labeled samples and 17966 unlabeled samples. Total: 19962
Numer of layers 200
train net...
Epoch 0
  2.53% | time:  77.1s (  1.3m) | step:    200 | train acc: 0.777 | train loss: 1.063 |test acc: 0.768 (0.862, 0.618) | test eod gap: 0.1261
begin calculating influence
selected layers: [Traced<ShapedArray(float32[2])>with<DynamicJaxprTrace(level=0/1)>, Traced<ShapedArray(float32[768,2])>with<DynamicJaxprTrace(level=0/1)>]
selected layers: [Traced<ShapedArray(float32[2])>with<DynamicJaxprTrace(level=0/1)>, Traced<ShapedArray(float32[768,2])>with<DynamicJaxprTrace(level=0/1)>]
calculating influence -- done
  2.53% | time:  45.4s (  2.0m) | step:    200 | train acc: 0.777 | train loss: 1.063 |val acc: 0.759 (0.844, 0.625) | val eod gap: 0.1269
Files already downloaded and verified
3511 labeled samples and 159259 unlabeled samples. Total: 162770
Use 3511 samples. Get 3511 labels. Ratio: 1.0
  5.05% | time:  66.8s (  3.2m) | step:    400 | train acc: 0.996 | train loss: 0.008 |test acc: 0.753 (0.843, 0.610) | test eod gap: 0.2041
begin calculating influence
calculating influence -- done
  5.05% | time:  19.3s (  3.5m) | step:    400 | train acc: 0.996 | train loss: 0.008 |val acc: 0.751 (0.844, 0.605) | val eod gap: 0.2153
Files already downloaded and verified
3767 labeled samples and 159003 unlabeled samples. Total: 162770
Use 3767 samples. Get 3767 labels. Ratio: 1.0
  7.58% | time:  67.0s (  4.6m) | step:    600 | train acc: 1.000 | train loss: 0.001 |test acc: 0.757 (0.853, 0.604) | test eod gap: 0.1973
begin calculating influence
calculating influence -- done
  7.58% | time:  18.9s (  4.9m) | step:    600 | train acc: 1.000 | train loss: 0.001 |val acc: 0.753 (0.837, 0.620) | val eod gap: 0.2196
Files already downloaded and verified
4023 labeled samples and 158747 unlabeled samples. Total: 162770
Use 4023 samples. Get 4023 labels. Ratio: 1.0
Epoch 1
 12.52% | time: 106.5s (  6.7m) | step:    991 | train acc: 1.000 | train loss: 0.000 |test acc: 0.757 (0.850, 0.611) | test eod gap: 0.2036
begin calculating influence
calculating influence -- done
 12.52% | time:  19.3s (  7.0m) | step:    991 | train acc: 1.000 | train loss: 0.000 |val acc: 0.756 (0.848, 0.610) | val eod gap: 0.2108
Files already downloaded and verified
4279 labeled samples and 158491 unlabeled samples. Total: 162770
Use 4279 samples. Get 4279 labels. Ratio: 1.0
 15.05% | time:  59.7s (  8.0m) | step:   1191 | train acc: 1.000 | train loss: 0.000 |test acc: 0.765 (0.857, 0.618) | test eod gap: 0.2057
begin calculating influence
calculating influence -- done
 15.05% | time:  20.8s (  8.3m) | step:   1191 | train acc: 1.000 | train loss: 0.000 |val acc: 0.761 (0.845, 0.628) | val eod gap: 0.2057
Files already downloaded and verified
4535 labeled samples and 158235 unlabeled samples. Total: 162770
Use 4535 samples. Get 4535 labels. Ratio: 1.0
 17.58% | time:  60.4s (  9.4m) | step:   1391 | train acc: 1.000 | train loss: 0.000 |test acc: 0.764 (0.857, 0.616) | test eod gap: 0.2074
begin calculating influence
calculating influence -- done
 17.58% | time:  20.1s (  9.7m) | step:   1391 | train acc: 1.000 | train loss: 0.000 |val acc: 0.752 (0.851, 0.597) | val eod gap: 0.2140
Files already downloaded and verified
4791 labeled samples and 157979 unlabeled samples. Total: 162770
Use 4791 samples. Get 4791 labels. Ratio: 1.0
Epoch 2
 22.52% | time: 104.0s ( 11.4m) | step:   1782 | train acc: 1.000 | train loss: 0.000 |test acc: 0.763 (0.855, 0.617) | test eod gap: 0.2075
begin calculating influence
calculating influence -- done
 22.52% | time:  18.4s ( 11.7m) | step:   1782 | train acc: 1.000 | train loss: 0.000 |val acc: 0.756 (0.845, 0.615) | val eod gap: 0.2020
Files already downloaded and verified
5047 labeled samples and 157723 unlabeled samples. Total: 162770
Use 5047 samples. Get 5047 labels. Ratio: 1.0
 25.04% | time:  60.4s ( 12.7m) | step:   1982 | train acc: 1.000 | train loss: 0.000 |test acc: 0.768 (0.857, 0.625) | test eod gap: 0.1912
begin calculating influence
calculating influence -- done
 25.04% | time:  20.6s ( 13.1m) | step:   1982 | train acc: 1.000 | train loss: 0.000 |val acc: 0.761 (0.847, 0.625) | val eod gap: 0.1976
Files already downloaded and verified
5303 labeled samples and 157467 unlabeled samples. Total: 162770
Use 5303 samples. Get 5303 labels. Ratio: 1.0
 27.57% | time:  61.0s ( 14.1m) | step:   2182 | train acc: 1.000 | train loss: 0.000 |test acc: 0.764 (0.853, 0.623) | test eod gap: 0.1944
begin calculating influence
calculating influence -- done
 27.57% | time:  18.8s ( 14.4m) | step:   2182 | train acc: 1.000 | train loss: 0.000 |val acc: 0.756 (0.841, 0.622) | val eod gap: 0.1946
Files already downloaded and verified
5559 labeled samples and 157211 unlabeled samples. Total: 162770
Use 5559 samples. Get 5559 labels. Ratio: 1.0
Epoch 3
 32.52% | time: 104.6s ( 16.2m) | step:   2574 | train acc: 1.000 | train loss: 0.000 |test acc: 0.765 (0.855, 0.622) | test eod gap: 0.1951
begin calculating influence
calculating influence -- done
 32.52% | time:  22.7s ( 16.5m) | step:   2574 | train acc: 1.000 | train loss: 0.000 |val acc: 0.772 (0.853, 0.644) | val eod gap: 0.1926
Files already downloaded and verified
5815 labeled samples and 156955 unlabeled samples. Total: 162770
Use 5815 samples. Get 5815 labels. Ratio: 1.0
 35.05% | time:  61.7s ( 17.6m) | step:   2774 | train acc: 1.000 | train loss: 0.000 |test acc: 0.767 (0.857, 0.624) | test eod gap: 0.2038
begin calculating influence
calculating influence -- done
 35.05% | time:  20.9s ( 17.9m) | step:   2774 | train acc: 1.000 | train loss: 0.000 |val acc: 0.769 (0.848, 0.644) | val eod gap: 0.2064
Files already downloaded and verified
6071 labeled samples and 156699 unlabeled samples. Total: 162770
Use 6071 samples. Get 6071 labels. Ratio: 1.0
 37.58% | time:  62.8s ( 19.0m) | step:   2974 | train acc: 1.000 | train loss: 0.000 |test acc: 0.769 (0.857, 0.629) | test eod gap: 0.2030
begin calculating influence
calculating influence -- done
 37.58% | time:  18.9s ( 19.3m) | step:   2974 | train acc: 1.000 | train loss: 0.000 |val acc: 0.771 (0.853, 0.641) | val eod gap: 0.2071
Files already downloaded and verified
6327 labeled samples and 156443 unlabeled samples. Total: 162770
Use 6327 samples. Get 6327 labels. Ratio: 1.0
Epoch 4
 42.52% | time: 105.5s ( 21.0m) | step:   3365 | train acc: 1.000 | train loss: 0.000 |test acc: 0.768 (0.857, 0.625) | test eod gap: 0.1932
begin calculating influence
calculating influence -- done
 42.52% | time:  18.5s ( 21.3m) | step:   3365 | train acc: 1.000 | train loss: 0.000 |val acc: 0.764 (0.847, 0.632) | val eod gap: 0.1943
Files already downloaded and verified
6583 labeled samples and 156187 unlabeled samples. Total: 162770
Use 6583 samples. Get 6583 labels. Ratio: 1.0
 45.05% | time:  58.5s ( 22.3m) | step:   3565 | train acc: 1.000 | train loss: 0.000 |test acc: 0.767 (0.853, 0.630) | test eod gap: 0.1917
begin calculating influence
calculating influence -- done
 45.05% | time:  18.7s ( 22.6m) | step:   3565 | train acc: 1.000 | train loss: 0.000 |val acc: 0.764 (0.843, 0.640) | val eod gap: 0.2080
Files already downloaded and verified
6839 labeled samples and 155931 unlabeled samples. Total: 162770
Use 6839 samples. Get 6839 labels. Ratio: 1.0
 47.57% | time:  58.1s ( 23.6m) | step:   3765 | train acc: 1.000 | train loss: 0.000 |test acc: 0.766 (0.852, 0.630) | test eod gap: 0.1946
begin calculating influence
calculating influence -- done
 47.57% | time:  19.8s ( 23.9m) | step:   3765 | train acc: 1.000 | train loss: 0.000 |val acc: 0.767 (0.847, 0.640) | val eod gap: 0.1868
Files already downloaded and verified
7095 labeled samples and 155675 unlabeled samples. Total: 162770
Use 7095 samples. Get 7095 labels. Ratio: 1.0
Epoch 5
 52.53% | time: 102.1s ( 25.6m) | step:   4157 | train acc: 1.000 | train loss: 0.000 |test acc: 0.770 (0.858, 0.629) | test eod gap: 0.1995
begin calculating influence
calculating influence -- done
 52.53% | time:  22.8s ( 26.0m) | step:   4157 | train acc: 1.000 | train loss: 0.000 |val acc: 0.768 (0.851, 0.638) | val eod gap: 0.1801
Files already downloaded and verified
7351 labeled samples and 155419 unlabeled samples. Total: 162770
Use 7351 samples. Get 7351 labels. Ratio: 1.0
 55.05% | time:  55.5s ( 26.9m) | step:   4357 | train acc: 1.000 | train loss: 0.000 |test acc: 0.769 (0.856, 0.631) | test eod gap: 0.2042
begin calculating influence
calculating influence -- done
 55.05% | time:  20.1s ( 27.3m) | step:   4357 | train acc: 1.000 | train loss: 0.000 |val acc: 0.770 (0.852, 0.642) | val eod gap: 0.1899
Files already downloaded and verified
7607 labeled samples and 155163 unlabeled samples. Total: 162770
Use 7607 samples. Get 7607 labels. Ratio: 1.0
 57.58% | time:  55.8s ( 28.2m) | step:   4557 | train acc: 1.000 | train loss: 0.000 |test acc: 0.766 (0.855, 0.624) | test eod gap: 0.2009
begin calculating influence
calculating influence -- done
 57.58% | time:  18.8s ( 28.5m) | step:   4557 | train acc: 1.000 | train loss: 0.000 |val acc: 0.766 (0.849, 0.634) | val eod gap: 0.1946
Files already downloaded and verified
7863 labeled samples and 154907 unlabeled samples. Total: 162770
Use 7863 samples. Get 7863 labels. Ratio: 1.0
Epoch 6
 62.52% | time: 100.0s ( 30.2m) | step:   4948 | train acc: 1.000 | train loss: 0.000 |test acc: 0.769 (0.860, 0.625) | test eod gap: 0.2051
begin calculating influence
calculating influence -- done
 62.52% | time:  18.5s ( 30.5m) | step:   4948 | train acc: 1.000 | train loss: 0.000 |val acc: 0.770 (0.854, 0.637) | val eod gap: 0.1925
Files already downloaded and verified
8119 labeled samples and 154651 unlabeled samples. Total: 162770
Use 8119 samples. Get 8119 labels. Ratio: 1.0
 65.05% | time:  54.4s ( 31.4m) | step:   5148 | train acc: 1.000 | train loss: 0.000 |test acc: 0.766 (0.856, 0.623) | test eod gap: 0.1974
begin calculating influence
calculating influence -- done
 65.05% | time:  18.6s ( 31.7m) | step:   5148 | train acc: 1.000 | train loss: 0.000 |val acc: 0.762 (0.842, 0.636) | val eod gap: 0.1678
Files already downloaded and verified
8375 labeled samples and 154395 unlabeled samples. Total: 162770
Use 8375 samples. Get 8375 labels. Ratio: 1.0
 67.58% | time:  56.0s ( 32.6m) | step:   5348 | train acc: 1.000 | train loss: 0.000 |test acc: 0.771 (0.861, 0.627) | test eod gap: 0.1962
begin calculating influence
calculating influence -- done
 67.58% | time:  19.3s ( 33.0m) | step:   5348 | train acc: 1.000 | train loss: 0.000 |val acc: 0.768 (0.852, 0.634) | val eod gap: 0.1854
Files already downloaded and verified
8631 labeled samples and 154139 unlabeled samples. Total: 162770
Use 8631 samples. Get 8631 labels. Ratio: 1.0
Epoch 7
 72.52% | time:  93.3s ( 34.5m) | step:   5739 | train acc: 1.000 | train loss: 0.000 |test acc: 0.772 (0.859, 0.634) | test eod gap: 0.2056
begin calculating influence
calculating influence -- done
 72.52% | time:  18.8s ( 34.8m) | step:   5739 | train acc: 1.000 | train loss: 0.000 |val acc: 0.770 (0.849, 0.645) | val eod gap: 0.2141
Files already downloaded and verified
8887 labeled samples and 153883 unlabeled samples. Total: 162770
Use 8887 samples. Get 8887 labels. Ratio: 1.0
 75.04% | time:  57.7s ( 35.8m) | step:   5939 | train acc: 1.000 | train loss: 0.000 |test acc: 0.773 (0.865, 0.628) | test eod gap: 0.2086
begin calculating influence
calculating influence -- done
 75.04% | time:  19.2s ( 36.1m) | step:   5939 | train acc: 1.000 | train loss: 0.000 |val acc: 0.771 (0.853, 0.641) | val eod gap: 0.1710
Files already downloaded and verified
9143 labeled samples and 153627 unlabeled samples. Total: 162770
Use 9143 samples. Get 9143 labels. Ratio: 1.0
 77.57% | time:  57.7s ( 37.1m) | step:   6139 | train acc: 1.000 | train loss: 0.000 |test acc: 0.773 (0.864, 0.630) | test eod gap: 0.1874
begin calculating influence
calculating influence -- done
 77.57% | time:  21.8s ( 37.4m) | step:   6139 | train acc: 1.000 | train loss: 0.000 |val acc: 0.775 (0.859, 0.644) | val eod gap: 0.1792
Files already downloaded and verified
9399 labeled samples and 153371 unlabeled samples. Total: 162770
Use 9399 samples. Get 9399 labels. Ratio: 1.0
Epoch 8
 82.52% | time:  91.8s ( 39.0m) | step:   6531 | train acc: 1.000 | train loss: 0.000 |test acc: 0.773 (0.866, 0.625) | test eod gap: 0.1896
begin calculating influence
calculating influence -- done
 82.52% | time:  20.3s ( 39.3m) | step:   6531 | train acc: 1.000 | train loss: 0.000 |val acc: 0.776 (0.861, 0.644) | val eod gap: 0.1663
Files already downloaded and verified
9655 labeled samples and 153115 unlabeled samples. Total: 162770
Use 9655 samples. Get 9655 labels. Ratio: 1.0
 85.05% | time:  59.5s ( 40.3m) | step:   6731 | train acc: 1.000 | train loss: 0.000 |test acc: 0.775 (0.863, 0.634) | test eod gap: 0.1943
begin calculating influence
calculating influence -- done
 85.05% | time:  18.5s ( 40.6m) | step:   6731 | train acc: 1.000 | train loss: 0.000 |val acc: 0.775 (0.861, 0.640) | val eod gap: 0.1891
Files already downloaded and verified
9911 labeled samples and 152859 unlabeled samples. Total: 162770
Use 9911 samples. Get 9911 labels. Ratio: 1.0
 87.58% | time:  61.6s ( 41.6m) | step:   6931 | train acc: 1.000 | train loss: 0.000 |test acc: 0.774 (0.863, 0.633) | test eod gap: 0.1983
begin calculating influence
calculating influence -- done
 87.58% | time:  19.3s ( 41.9m) | step:   6931 | train acc: 1.000 | train loss: 0.000 |val acc: 0.773 (0.852, 0.649) | val eod gap: 0.1779
Files already downloaded and verified
10167 labeled samples and 152603 unlabeled samples. Total: 162770
Use 10167 samples. Get 10167 labels. Ratio: 1.0
Epoch 9
 92.52% | time:  99.6s ( 43.6m) | step:   7322 | train acc: 1.000 | train loss: 0.000 |test acc: 0.779 (0.866, 0.640) | test eod gap: 0.2010
begin calculating influence
calculating influence -- done
 92.52% | time:  21.8s ( 44.0m) | step:   7322 | train acc: 1.000 | train loss: 0.000 |val acc: 0.775 (0.856, 0.649) | val eod gap: 0.1691
Files already downloaded and verified
10423 labeled samples and 152347 unlabeled samples. Total: 162770
Use 10423 samples. Get 10423 labels. Ratio: 1.0
 95.05% | time:  59.2s ( 45.0m) | step:   7522 | train acc: 1.000 | train loss: 0.000 |test acc: 0.774 (0.861, 0.635) | test eod gap: 0.1933
begin calculating influence
calculating influence -- done
 95.05% | time:  20.7s ( 45.3m) | step:   7522 | train acc: 1.000 | train loss: 0.000 |val acc: 0.771 (0.850, 0.646) | val eod gap: 0.1569
Files already downloaded and verified
10679 labeled samples and 152091 unlabeled samples. Total: 162770
Use 10679 samples. Get 10679 labels. Ratio: 1.0
 97.57% | time:  60.1s ( 46.3m) | step:   7722 | train acc: 1.000 | train loss: 0.000 |test acc: 0.775 (0.863, 0.633) | test eod gap: 0.1973
begin calculating influence
calculating influence -- done
 97.57% | time:  19.3s ( 46.6m) | step:   7722 | train acc: 1.000 | train loss: 0.000 |val acc: 0.768 (0.851, 0.637) | val eod gap: 0.1769
Files already downloaded and verified
10935 labeled samples and 151835 unlabeled samples. Total: 162770
Use 10935 samples. Get 10935 labels. Ratio: 1.0
