Files already downloaded and verified
3255 labeled samples and 159515 unlabeled samples. Total: 162770
Files already downloaded and verified
1996 labeled samples and 17966 unlabeled samples. Total: 19962
Numer of layers 200
train net...
Epoch 0
  2.53% | time:  80.3s (  1.3m) | step:    200 | train acc: 0.918 | train loss: 0.197 |test acc: 0.693 (0.771, 0.569) | test dp gap: 0.2721
begin calculating influence
selected layers: [Traced<ShapedArray(float32[2])>with<DynamicJaxprTrace(level=0/1)>, Traced<ShapedArray(float32[768,2])>with<DynamicJaxprTrace(level=0/1)>]
selected layers: [Traced<ShapedArray(float32[2])>with<DynamicJaxprTrace(level=0/1)>, Traced<ShapedArray(float32[768,2])>with<DynamicJaxprTrace(level=0/1)>]
calculating influence -- done
  2.53% | time:  47.7s (  2.1m) | step:    200 | train acc: 0.918 | train loss: 0.197 |val acc: 0.683 (0.760, 0.564) | val dp gap: 0.2444
Files already downloaded and verified
3511 labeled samples and 159259 unlabeled samples. Total: 162770
Use 3511 samples. Get 3511 labels. Ratio: 1.0
  5.05% | time:  64.3s (  3.2m) | step:    400 | train acc: 0.988 | train loss: 0.047 |test acc: 0.720 (0.805, 0.585) | test dp gap: 0.2678
begin calculating influence
calculating influence -- done
  5.05% | time:  20.1s (  3.5m) | step:    400 | train acc: 0.988 | train loss: 0.047 |val acc: 0.709 (0.801, 0.566) | val dp gap: 0.2661
Files already downloaded and verified
3767 labeled samples and 159003 unlabeled samples. Total: 162770
Use 3767 samples. Get 3767 labels. Ratio: 1.0
  7.58% | time:  67.4s (  4.7m) | step:    600 | train acc: 1.000 | train loss: 0.000 |test acc: 0.761 (0.857, 0.608) | test dp gap: 0.2150
begin calculating influence
calculating influence -- done
  7.58% | time:  18.3s (  5.0m) | step:    600 | train acc: 1.000 | train loss: 0.000 |val acc: 0.757 (0.849, 0.611) | val dp gap: 0.2011
Files already downloaded and verified
4023 labeled samples and 158747 unlabeled samples. Total: 162770
Use 4023 samples. Get 4023 labels. Ratio: 1.0
Epoch 1
 12.52% | time: 111.9s (  6.8m) | step:    991 | train acc: 1.000 | train loss: 0.000 |test acc: 0.764 (0.858, 0.615) | test dp gap: 0.2218
begin calculating influence
calculating influence -- done
 12.52% | time:  19.5s (  7.2m) | step:    991 | train acc: 1.000 | train loss: 0.000 |val acc: 0.753 (0.843, 0.611) | val dp gap: 0.2153
Files already downloaded and verified
4279 labeled samples and 158491 unlabeled samples. Total: 162770
Use 4279 samples. Get 4279 labels. Ratio: 1.0
 15.05% | time:  66.3s (  8.3m) | step:   1191 | train acc: 1.000 | train loss: 0.000 |test acc: 0.769 (0.861, 0.623) | test dp gap: 0.2093
begin calculating influence
calculating influence -- done
 15.05% | time:  20.1s (  8.6m) | step:   1191 | train acc: 1.000 | train loss: 0.000 |val acc: 0.761 (0.848, 0.623) | val dp gap: 0.1925
Files already downloaded and verified
4535 labeled samples and 158235 unlabeled samples. Total: 162770
Use 4535 samples. Get 4535 labels. Ratio: 1.0
 17.58% | time:  67.0s (  9.7m) | step:   1391 | train acc: 1.000 | train loss: 0.000 |test acc: 0.768 (0.862, 0.618) | test dp gap: 0.2205
begin calculating influence
calculating influence -- done
 17.58% | time:  20.1s ( 10.1m) | step:   1391 | train acc: 1.000 | train loss: 0.000 |val acc: 0.756 (0.838, 0.625) | val dp gap: 0.1911
Files already downloaded and verified
4791 labeled samples and 157979 unlabeled samples. Total: 162770
Use 4791 samples. Get 4791 labels. Ratio: 1.0
Epoch 2
 22.52% | time: 112.3s ( 11.9m) | step:   1782 | train acc: 1.000 | train loss: 0.000 |test acc: 0.769 (0.861, 0.622) | test dp gap: 0.2080
begin calculating influence
calculating influence -- done
 22.52% | time:  18.4s ( 12.2m) | step:   1782 | train acc: 1.000 | train loss: 0.000 |val acc: 0.768 (0.851, 0.637) | val dp gap: 0.1841
Files already downloaded and verified
5047 labeled samples and 157723 unlabeled samples. Total: 162770
Use 5047 samples. Get 5047 labels. Ratio: 1.0
 25.04% | time:  64.0s ( 13.3m) | step:   1982 | train acc: 1.000 | train loss: 0.000 |test acc: 0.768 (0.863, 0.615) | test dp gap: 0.2191
begin calculating influence
calculating influence -- done
 25.04% | time:  18.8s ( 13.6m) | step:   1982 | train acc: 1.000 | train loss: 0.000 |val acc: 0.763 (0.844, 0.634) | val dp gap: 0.2109
Files already downloaded and verified
5303 labeled samples and 157467 unlabeled samples. Total: 162770
Use 5303 samples. Get 5303 labels. Ratio: 1.0
 27.57% | time:  64.2s ( 14.7m) | step:   2182 | train acc: 1.000 | train loss: 0.000 |test acc: 0.770 (0.863, 0.622) | test dp gap: 0.2233
begin calculating influence
calculating influence -- done
 27.57% | time:  21.4s ( 15.0m) | step:   2182 | train acc: 1.000 | train loss: 0.000 |val acc: 0.762 (0.841, 0.638) | val dp gap: 0.1802
Files already downloaded and verified
5559 labeled samples and 157211 unlabeled samples. Total: 162770
Use 5559 samples. Get 5559 labels. Ratio: 1.0
Epoch 3
 32.52% | time: 109.3s ( 16.9m) | step:   2574 | train acc: 1.000 | train loss: 0.000 |test acc: 0.767 (0.858, 0.622) | test dp gap: 0.2158
begin calculating influence
calculating influence -- done
 32.52% | time:  20.5s ( 17.2m) | step:   2574 | train acc: 1.000 | train loss: 0.000 |val acc: 0.765 (0.846, 0.638) | val dp gap: 0.1912
Files already downloaded and verified
5815 labeled samples and 156955 unlabeled samples. Total: 162770
Use 5815 samples. Get 5815 labels. Ratio: 1.0
 35.05% | time:  63.6s ( 18.3m) | step:   2774 | train acc: 1.000 | train loss: 0.000 |test acc: 0.773 (0.863, 0.630) | test dp gap: 0.2145
begin calculating influence
calculating influence -- done
 35.05% | time:  22.6s ( 18.6m) | step:   2774 | train acc: 1.000 | train loss: 0.000 |val acc: 0.767 (0.836, 0.659) | val dp gap: 0.2024
Files already downloaded and verified
6071 labeled samples and 156699 unlabeled samples. Total: 162770
Use 6071 samples. Get 6071 labels. Ratio: 1.0
 37.58% | time:  65.6s ( 19.7m) | step:   2974 | train acc: 1.000 | train loss: 0.000 |test acc: 0.771 (0.861, 0.628) | test dp gap: 0.2216
begin calculating influence
calculating influence -- done
 37.58% | time:  18.4s ( 20.0m) | step:   2974 | train acc: 1.000 | train loss: 0.000 |val acc: 0.767 (0.845, 0.645) | val dp gap: 0.2024
Files already downloaded and verified
6327 labeled samples and 156443 unlabeled samples. Total: 162770
Use 6327 samples. Get 6327 labels. Ratio: 1.0
Epoch 4
 42.52% | time: 109.0s ( 21.9m) | step:   3365 | train acc: 1.000 | train loss: 0.000 |test acc: 0.774 (0.864, 0.631) | test dp gap: 0.2271
begin calculating influence
calculating influence -- done
 42.52% | time:  21.5s ( 22.2m) | step:   3365 | train acc: 1.000 | train loss: 0.000 |val acc: 0.762 (0.848, 0.625) | val dp gap: 0.2234
Files already downloaded and verified
6583 labeled samples and 156187 unlabeled samples. Total: 162770
Use 6583 samples. Get 6583 labels. Ratio: 1.0
 45.05% | time:  67.1s ( 23.3m) | step:   3565 | train acc: 1.000 | train loss: 0.000 |test acc: 0.771 (0.860, 0.630) | test dp gap: 0.2249
begin calculating influence
calculating influence -- done
 45.05% | time:  20.7s ( 23.7m) | step:   3565 | train acc: 1.000 | train loss: 0.000 |val acc: 0.756 (0.838, 0.625) | val dp gap: 0.2023
Files already downloaded and verified
6839 labeled samples and 155931 unlabeled samples. Total: 162770
Use 6839 samples. Get 6839 labels. Ratio: 1.0
 47.57% | time:  65.8s ( 24.8m) | step:   3765 | train acc: 1.000 | train loss: 0.000 |test acc: 0.770 (0.859, 0.628) | test dp gap: 0.2190
begin calculating influence
calculating influence -- done
 47.57% | time:  20.6s ( 25.1m) | step:   3765 | train acc: 1.000 | train loss: 0.000 |val acc: 0.760 (0.838, 0.636) | val dp gap: 0.1878
Files already downloaded and verified
7095 labeled samples and 155675 unlabeled samples. Total: 162770
Use 7095 samples. Get 7095 labels. Ratio: 1.0
Epoch 5
 52.53% | time: 108.9s ( 26.9m) | step:   4157 | train acc: 1.000 | train loss: 0.000 |test acc: 0.772 (0.863, 0.626) | test dp gap: 0.2250
begin calculating influence
calculating influence -- done
 52.53% | time:  18.1s ( 27.2m) | step:   4157 | train acc: 1.000 | train loss: 0.000 |val acc: 0.768 (0.847, 0.645) | val dp gap: 0.1811
Files already downloaded and verified
7351 labeled samples and 155419 unlabeled samples. Total: 162770
Use 7351 samples. Get 7351 labels. Ratio: 1.0
 55.05% | time:  63.1s ( 28.3m) | step:   4357 | train acc: 1.000 | train loss: 0.000 |test acc: 0.773 (0.863, 0.629) | test dp gap: 0.2224
begin calculating influence
calculating influence -- done
 55.05% | time:  19.8s ( 28.6m) | step:   4357 | train acc: 1.000 | train loss: 0.000 |val acc: 0.765 (0.841, 0.645) | val dp gap: 0.1913
Files already downloaded and verified
7607 labeled samples and 155163 unlabeled samples. Total: 162770
Use 7607 samples. Get 7607 labels. Ratio: 1.0
 57.58% | time:  61.8s ( 29.6m) | step:   4557 | train acc: 1.000 | train loss: 0.000 |test acc: 0.770 (0.860, 0.628) | test dp gap: 0.2255
begin calculating influence
calculating influence -- done
 57.58% | time:  20.5s ( 30.0m) | step:   4557 | train acc: 1.000 | train loss: 0.000 |val acc: 0.759 (0.839, 0.633) | val dp gap: 0.2127
Files already downloaded and verified
7863 labeled samples and 154907 unlabeled samples. Total: 162770
Use 7863 samples. Get 7863 labels. Ratio: 1.0
Epoch 6
 62.52% | time: 107.3s ( 31.8m) | step:   4948 | train acc: 1.000 | train loss: 0.000 |test acc: 0.772 (0.862, 0.629) | test dp gap: 0.2227
begin calculating influence
calculating influence -- done
 62.52% | time:  20.1s ( 32.1m) | step:   4948 | train acc: 1.000 | train loss: 0.000 |val acc: 0.753 (0.842, 0.613) | val dp gap: 0.1954
Files already downloaded and verified
8119 labeled samples and 154651 unlabeled samples. Total: 162770
Use 8119 samples. Get 8119 labels. Ratio: 1.0
 65.05% | time:  62.5s ( 33.1m) | step:   5148 | train acc: 1.000 | train loss: 0.000 |test acc: 0.771 (0.860, 0.629) | test dp gap: 0.2266
begin calculating influence
calculating influence -- done
 65.05% | time:  18.4s ( 33.5m) | step:   5148 | train acc: 1.000 | train loss: 0.000 |val acc: 0.760 (0.844, 0.627) | val dp gap: 0.2100
Files already downloaded and verified
8375 labeled samples and 154395 unlabeled samples. Total: 162770
Use 8375 samples. Get 8375 labels. Ratio: 1.0
 67.58% | time:  60.0s ( 34.5m) | step:   5348 | train acc: 1.000 | train loss: 0.000 |test acc: 0.775 (0.863, 0.636) | test dp gap: 0.2122
begin calculating influence
calculating influence -- done
 67.58% | time:  18.7s ( 34.8m) | step:   5348 | train acc: 1.000 | train loss: 0.000 |val acc: 0.760 (0.848, 0.620) | val dp gap: 0.1918
Files already downloaded and verified
8631 labeled samples and 154139 unlabeled samples. Total: 162770
Use 8631 samples. Get 8631 labels. Ratio: 1.0
Epoch 7
 72.52% | time: 105.3s ( 36.5m) | step:   5739 | train acc: 1.000 | train loss: 0.000 |test acc: 0.773 (0.861, 0.634) | test dp gap: 0.2045
begin calculating influence
calculating influence -- done
 72.52% | time:  20.5s ( 36.9m) | step:   5739 | train acc: 1.000 | train loss: 0.000 |val acc: 0.760 (0.844, 0.628) | val dp gap: 0.1703
Files already downloaded and verified
8887 labeled samples and 153883 unlabeled samples. Total: 162770
Use 8887 samples. Get 8887 labels. Ratio: 1.0
 75.04% | time:  58.7s ( 37.8m) | step:   5939 | train acc: 1.000 | train loss: 0.000 |test acc: 0.774 (0.862, 0.634) | test dp gap: 0.2077
begin calculating influence
calculating influence -- done
 75.04% | time:  18.7s ( 38.2m) | step:   5939 | train acc: 1.000 | train loss: 0.000 |val acc: 0.764 (0.851, 0.628) | val dp gap: 0.1914
Files already downloaded and verified
9143 labeled samples and 153627 unlabeled samples. Total: 162770
Use 9143 samples. Get 9143 labels. Ratio: 1.0
 77.57% | time:  62.0s ( 39.2m) | step:   6139 | train acc: 1.000 | train loss: 0.000 |test acc: 0.775 (0.861, 0.638) | test dp gap: 0.2103
begin calculating influence
calculating influence -- done
 77.57% | time:  21.4s ( 39.5m) | step:   6139 | train acc: 1.000 | train loss: 0.000 |val acc: 0.769 (0.852, 0.637) | val dp gap: 0.1955
Files already downloaded and verified
9399 labeled samples and 153371 unlabeled samples. Total: 162770
Use 9399 samples. Get 9399 labels. Ratio: 1.0
Epoch 8
 82.52% | time: 103.6s ( 41.3m) | step:   6531 | train acc: 1.000 | train loss: 0.000 |test acc: 0.772 (0.861, 0.630) | test dp gap: 0.2125
begin calculating influence
calculating influence -- done
 82.52% | time:  18.6s ( 41.6m) | step:   6531 | train acc: 1.000 | train loss: 0.000 |val acc: 0.766 (0.855, 0.627) | val dp gap: 0.1785
Files already downloaded and verified
9655 labeled samples and 153115 unlabeled samples. Total: 162770
Use 9655 samples. Get 9655 labels. Ratio: 1.0
 85.05% | time:  57.5s ( 42.5m) | step:   6731 | train acc: 1.000 | train loss: 0.000 |test acc: 0.773 (0.861, 0.633) | test dp gap: 0.2105
begin calculating influence
calculating influence -- done
 85.05% | time:  18.6s ( 42.8m) | step:   6731 | train acc: 1.000 | train loss: 0.000 |val acc: 0.776 (0.856, 0.649) | val dp gap: 0.1864
Files already downloaded and verified
9911 labeled samples and 152859 unlabeled samples. Total: 162770
Use 9911 samples. Get 9911 labels. Ratio: 1.0
 87.58% | time:  56.5s ( 43.8m) | step:   6931 | train acc: 1.000 | train loss: 0.000 |test acc: 0.776 (0.862, 0.638) | test dp gap: 0.2141
begin calculating influence
calculating influence -- done
 87.58% | time:  20.0s ( 44.1m) | step:   6931 | train acc: 1.000 | train loss: 0.000 |val acc: 0.768 (0.855, 0.631) | val dp gap: 0.1693
Files already downloaded and verified
10167 labeled samples and 152603 unlabeled samples. Total: 162770
Use 10167 samples. Get 10167 labels. Ratio: 1.0
Epoch 9
 92.52% | time: 102.7s ( 45.8m) | step:   7322 | train acc: 1.000 | train loss: 0.000 |test acc: 0.776 (0.864, 0.636) | test dp gap: 0.2094
begin calculating influence
calculating influence -- done
 92.52% | time:  18.7s ( 46.1m) | step:   7322 | train acc: 1.000 | train loss: 0.000 |val acc: 0.764 (0.847, 0.633) | val dp gap: 0.1808
Files already downloaded and verified
10423 labeled samples and 152347 unlabeled samples. Total: 162770
Use 10423 samples. Get 10423 labels. Ratio: 1.0
 95.05% | time:  58.3s ( 47.1m) | step:   7522 | train acc: 1.000 | train loss: 0.000 |test acc: 0.776 (0.865, 0.633) | test dp gap: 0.2114
begin calculating influence
calculating influence -- done
 95.05% | time:  20.4s ( 47.5m) | step:   7522 | train acc: 1.000 | train loss: 0.000 |val acc: 0.781 (0.859, 0.658) | val dp gap: 0.1922
Files already downloaded and verified
10679 labeled samples and 152091 unlabeled samples. Total: 162770
Use 10679 samples. Get 10679 labels. Ratio: 1.0
 97.57% | time:  55.1s ( 48.4m) | step:   7722 | train acc: 1.000 | train loss: 0.000 |test acc: 0.775 (0.865, 0.632) | test dp gap: 0.2159
begin calculating influence
calculating influence -- done
 97.57% | time:  18.8s ( 48.7m) | step:   7722 | train acc: 1.000 | train loss: 0.000 |val acc: 0.768 (0.852, 0.637) | val dp gap: 0.2094
Files already downloaded and verified
10935 labeled samples and 151835 unlabeled samples. Total: 162770
Use 10935 samples. Get 10935 labels. Ratio: 1.0
