Files already downloaded and verified
3255 labeled samples and 159515 unlabeled samples. Total: 162770
Files already downloaded and verified
1996 labeled samples and 17966 unlabeled samples. Total: 19962
Numer of layers 200
train net...
Epoch 0
  2.53% | time:  72.4s (  1.2m) | step:    200 | train acc: 0.777 | train loss: 1.063 |test acc: 0.768 (0.862, 0.618) | test eod gap: 0.1261
begin calculating influence
selected layers: [Traced<ShapedArray(float32[768])>with<DynamicJaxprTrace(level=0/1)>, Traced<ShapedArray(float32[8,8,3,768])>with<DynamicJaxprTrace(level=0/1)>, Traced<ShapedArray(float32[2])>with<DynamicJaxprTrace(level=0/1)>, Traced<ShapedArray(float32[768,2])>with<DynamicJaxprTrace(level=0/1)>]
selected layers: [Traced<ShapedArray(float32[768])>with<DynamicJaxprTrace(level=0/1)>, Traced<ShapedArray(float32[8,8,3,768])>with<DynamicJaxprTrace(level=0/1)>, Traced<ShapedArray(float32[2])>with<DynamicJaxprTrace(level=0/1)>, Traced<ShapedArray(float32[768,2])>with<DynamicJaxprTrace(level=0/1)>]
[Strategy 2] Acc of expected label: 0.755546875
calculating influence -- done
  2.53% | time: 452.2s (  8.7m) | step:    200 | train acc: 0.777 | train loss: 1.063 |val acc: 0.759 (0.844, 0.625) | val eod gap: 0.1269
Files already downloaded and verified
3511 labeled samples and 159259 unlabeled samples. Total: 162770
Use 3511 samples. Get 3604 labels. Ratio: 0.9741953385127636
  5.05% | time:  61.5s (  9.8m) | step:    400 | train acc: 1.000 | train loss: 0.009 |test acc: 0.751 (0.842, 0.607) | test eod gap: 0.1679
begin calculating influence
[Strategy 2] Acc of expected label: 0.7358984375
calculating influence -- done
  5.05% | time: 417.9s ( 16.7m) | step:    400 | train acc: 1.000 | train loss: 0.009 |val acc: 0.744 (0.835, 0.602) | val eod gap: 0.1473
Files already downloaded and verified
3636 labeled samples and 159134 unlabeled samples. Total: 162770
Use 3636 samples. Get 3833 labels. Ratio: 0.9486042264544743
  7.58% | time:  65.0s ( 17.8m) | step:    600 | train acc: 0.984 | train loss: 0.076 |test acc: 0.769 (0.858, 0.628) | test eod gap: 0.1384
begin calculating influence
[Strategy 2] Acc of expected label: 0.7504296875
calculating influence -- done
  7.58% | time: 414.0s ( 24.7m) | step:    600 | train acc: 0.984 | train loss: 0.076 |val acc: 0.775 (0.860, 0.641) | val eod gap: 0.1098
Files already downloaded and verified
3660 labeled samples and 159110 unlabeled samples. Total: 162770
Use 3660 samples. Get 3895 labels. Ratio: 0.9396662387676509
Epoch 1
 12.52% | time: 110.1s ( 26.6m) | step:    991 | train acc: 1.000 | train loss: 0.000 |test acc: 0.766 (0.856, 0.623) | test eod gap: 0.1380
begin calculating influence
[Strategy 2] Acc of expected label: 0.753515625
calculating influence -- done
 12.52% | time: 415.7s ( 33.5m) | step:    991 | train acc: 1.000 | train loss: 0.000 |val acc: 0.758 (0.845, 0.622) | val eod gap: 0.1264
Files already downloaded and verified
3801 labeled samples and 158969 unlabeled samples. Total: 162770
Use 3801 samples. Get 4105 labels. Ratio: 0.9259439707673569
 15.05% | time:  69.0s ( 34.6m) | step:   1191 | train acc: 1.000 | train loss: 0.000 |test acc: 0.766 (0.857, 0.621) | test eod gap: 0.1338
begin calculating influence
[Strategy 2] Acc of expected label: 0.7501953125
calculating influence -- done
 15.05% | time: 427.8s ( 41.8m) | step:   1191 | train acc: 1.000 | train loss: 0.000 |val acc: 0.760 (0.849, 0.620) | val eod gap: 0.1159
Files already downloaded and verified
3810 labeled samples and 158960 unlabeled samples. Total: 162770
Use 3810 samples. Get 4122 labels. Ratio: 0.9243085880640466
 17.58% | time:  69.1s ( 42.9m) | step:   1391 | train acc: 1.000 | train loss: 0.000 |test acc: 0.765 (0.856, 0.620) | test eod gap: 0.1391
begin calculating influence
[Strategy 2] Acc of expected label: 0.751796875
calculating influence -- done
 17.58% | time: 421.3s ( 49.9m) | step:   1391 | train acc: 1.000 | train loss: 0.000 |val acc: 0.761 (0.855, 0.614) | val eod gap: 0.1215
Files already downloaded and verified
3818 labeled samples and 158952 unlabeled samples. Total: 162770
Use 3818 samples. Get 4139 labels. Ratio: 0.9224450350326165
Epoch 2
 22.52% | time: 115.3s ( 51.9m) | step:   1782 | train acc: 1.000 | train loss: 0.000 |test acc: 0.767 (0.858, 0.622) | test eod gap: 0.1309
begin calculating influence
[Strategy 2] Acc of expected label: 0.752890625
calculating influence -- done
 22.52% | time: 421.7s ( 58.9m) | step:   1782 | train acc: 1.000 | train loss: 0.000 |val acc: 0.762 (0.855, 0.616) | val eod gap: 0.1209
Files already downloaded and verified
3820 labeled samples and 158950 unlabeled samples. Total: 162770
Use 3820 samples. Get 4144 labels. Ratio: 0.9218146718146718
 25.04% | time:  70.0s ( 60.0m) | step:   1982 | train acc: 1.000 | train loss: 0.000 |test acc: 0.766 (0.857, 0.621) | test eod gap: 0.1330
begin calculating influence
[Strategy 2] Acc of expected label: 0.7504296875
calculating influence -- done
 25.04% | time: 420.7s ( 67.1m) | step:   1982 | train acc: 1.000 | train loss: 0.000 |val acc: 0.762 (0.855, 0.615) | val eod gap: 0.1247
Files already downloaded and verified
3827 labeled samples and 158943 unlabeled samples. Total: 162770
Use 3827 samples. Get 4154 labels. Ratio: 0.9212806933076553
 27.57% | time:  69.9s ( 68.2m) | step:   2182 | train acc: 1.000 | train loss: 0.000 |test acc: 0.762 (0.854, 0.617) | test eod gap: 0.1460
begin calculating influence
[Strategy 2] Acc of expected label: 0.745859375
calculating influence -- done
 27.57% | time: 419.7s ( 75.2m) | step:   2182 | train acc: 1.000 | train loss: 0.000 |val acc: 0.760 (0.852, 0.614) | val eod gap: 0.1257
Files already downloaded and verified
3832 labeled samples and 158938 unlabeled samples. Total: 162770
Use 3832 samples. Get 4176 labels. Ratio: 0.9176245210727969
Epoch 3
 32.52% | time: 115.7s ( 77.1m) | step:   2574 | train acc: 1.000 | train loss: 0.000 |test acc: 0.762 (0.853, 0.619) | test eod gap: 0.1443
begin calculating influence
[Strategy 2] Acc of expected label: 0.7483203125
calculating influence -- done
 32.52% | time: 420.2s ( 84.2m) | step:   2574 | train acc: 1.000 | train loss: 0.000 |val acc: 0.757 (0.850, 0.610) | val eod gap: 0.1204
Files already downloaded and verified
3836 labeled samples and 158934 unlabeled samples. Total: 162770
Use 3836 samples. Get 4186 labels. Ratio: 0.9163879598662207
 35.05% | time:  70.6s ( 85.3m) | step:   2774 | train acc: 1.000 | train loss: 0.000 |test acc: 0.762 (0.853, 0.618) | test eod gap: 0.1427
begin calculating influence
[Strategy 2] Acc of expected label: 0.752578125
calculating influence -- done
 35.05% | time: 421.4s ( 92.4m) | step:   2774 | train acc: 1.000 | train loss: 0.000 |val acc: 0.758 (0.851, 0.611) | val eod gap: 0.1213
Files already downloaded and verified
3841 labeled samples and 158929 unlabeled samples. Total: 162770
Use 3841 samples. Get 4194 labels. Ratio: 0.9158321411540296
 37.58% | time:  70.3s ( 93.5m) | step:   2974 | train acc: 1.000 | train loss: 0.000 |test acc: 0.762 (0.853, 0.618) | test eod gap: 0.1466
begin calculating influence
[Strategy 2] Acc of expected label: 0.7492578125
calculating influence -- done
 37.58% | time: 421.8s (100.6m) | step:   2974 | train acc: 1.000 | train loss: 0.000 |val acc: 0.755 (0.847, 0.609) | val eod gap: 0.1214
Files already downloaded and verified
3846 labeled samples and 158924 unlabeled samples. Total: 162770
Use 3846 samples. Get 4211 labels. Ratio: 0.9133222512467347
Epoch 4
 42.52% | time: 112.7s (102.4m) | step:   3365 | train acc: 1.000 | train loss: 0.000 |test acc: 0.762 (0.853, 0.618) | test eod gap: 0.1464
begin calculating influence
[Strategy 2] Acc of expected label: 0.755078125
calculating influence -- done
 42.52% | time: 421.8s (109.5m) | step:   3365 | train acc: 1.000 | train loss: 0.000 |val acc: 0.758 (0.848, 0.615) | val eod gap: 0.1251
Files already downloaded and verified
3851 labeled samples and 158919 unlabeled samples. Total: 162770
Use 3851 samples. Get 4220 labels. Ratio: 0.9125592417061611
 45.05% | time:  69.4s (110.6m) | step:   3565 | train acc: 1.000 | train loss: 0.000 |test acc: 0.761 (0.853, 0.615) | test eod gap: 0.1392
begin calculating influence
[Strategy 2] Acc of expected label: 0.747265625
calculating influence -- done
 45.05% | time: 420.8s (117.6m) | step:   3565 | train acc: 1.000 | train loss: 0.000 |val acc: 0.755 (0.847, 0.609) | val eod gap: 0.1311
Files already downloaded and verified
3856 labeled samples and 158914 unlabeled samples. Total: 162770
Use 3856 samples. Get 4237 labels. Ratio: 0.9100778852962002
 47.57% | time:  68.3s (118.8m) | step:   3765 | train acc: 1.000 | train loss: 0.000 |test acc: 0.763 (0.854, 0.617) | test eod gap: 0.1357
begin calculating influence
[Strategy 2] Acc of expected label: 0.7524609375
calculating influence -- done
 47.57% | time: 420.6s (125.8m) | step:   3765 | train acc: 1.000 | train loss: 0.000 |val acc: 0.758 (0.851, 0.613) | val eod gap: 0.1175
Files already downloaded and verified
3861 labeled samples and 158909 unlabeled samples. Total: 162770
Use 3861 samples. Get 4248 labels. Ratio: 0.9088983050847458
Epoch 5
 52.53% | time: 111.8s (127.6m) | step:   4157 | train acc: 1.000 | train loss: 0.000 |test acc: 0.765 (0.855, 0.621) | test eod gap: 0.1379
begin calculating influence
[Strategy 2] Acc of expected label: 0.7501171875
calculating influence -- done
 52.53% | time: 419.8s (134.6m) | step:   4157 | train acc: 1.000 | train loss: 0.000 |val acc: 0.765 (0.853, 0.627) | val eod gap: 0.1408
Files already downloaded and verified
3864 labeled samples and 158906 unlabeled samples. Total: 162770
Use 3864 samples. Get 4260 labels. Ratio: 0.9070422535211268
 55.05% | time:  66.5s (135.7m) | step:   4357 | train acc: 1.000 | train loss: 0.000 |test acc: 0.765 (0.857, 0.619) | test eod gap: 0.1399
begin calculating influence
[Strategy 2] Acc of expected label: 0.750390625
calculating influence -- done
 55.05% | time: 417.1s (142.7m) | step:   4357 | train acc: 1.000 | train loss: 0.000 |val acc: 0.767 (0.855, 0.629) | val eod gap: 0.1176
Files already downloaded and verified
3881 labeled samples and 158889 unlabeled samples. Total: 162770
Use 3881 samples. Get 4316 labels. Ratio: 0.8992122335495829
 57.58% | time:  67.1s (143.8m) | step:   4557 | train acc: 1.000 | train loss: 0.000 |test acc: 0.764 (0.855, 0.619) | test eod gap: 0.1362
begin calculating influence
[Strategy 2] Acc of expected label: 0.751484375
calculating influence -- done
 57.58% | time: 418.4s (150.8m) | step:   4557 | train acc: 1.000 | train loss: 0.000 |val acc: 0.764 (0.853, 0.624) | val eod gap: 0.1221
Files already downloaded and verified
3881 labeled samples and 158889 unlabeled samples. Total: 162770
Use 3881 samples. Get 4318 labels. Ratio: 0.8987957387679482
Epoch 6
 62.52% | time: 106.1s (152.6m) | step:   4948 | train acc: 1.000 | train loss: 0.000 |test acc: 0.764 (0.855, 0.619) | test eod gap: 0.1362
begin calculating influence
[Strategy 2] Acc of expected label: 0.7532421875
calculating influence -- done
 62.52% | time: 420.8s (159.6m) | step:   4948 | train acc: 1.000 | train loss: 0.000 |val acc: 0.763 (0.854, 0.619) | val eod gap: 0.1212
Files already downloaded and verified
3881 labeled samples and 158889 unlabeled samples. Total: 162770
Use 3881 samples. Get 4320 labels. Ratio: 0.8983796296296296
 65.05% | time:  62.1s (160.6m) | step:   5148 | train acc: 1.000 | train loss: 0.000 |test acc: 0.764 (0.855, 0.619) | test eod gap: 0.1363
begin calculating influence
[Strategy 2] Acc of expected label: 0.7538671875
calculating influence -- done
 65.05% | time: 410.6s (167.5m) | step:   5148 | train acc: 1.000 | train loss: 0.000 |val acc: 0.762 (0.854, 0.618) | val eod gap: 0.1194
Files already downloaded and verified
3882 labeled samples and 158888 unlabeled samples. Total: 162770
Use 3882 samples. Get 4322 labels. Ratio: 0.8981952799629801
 67.58% | time:  69.3s (168.6m) | step:   5348 | train acc: 1.000 | train loss: 0.000 |test acc: 0.764 (0.855, 0.619) | test eod gap: 0.1368
begin calculating influence
[Strategy 2] Acc of expected label: 0.74875
calculating influence -- done
 67.58% | time: 422.5s (175.6m) | step:   5348 | train acc: 1.000 | train loss: 0.000 |val acc: 0.763 (0.855, 0.618) | val eod gap: 0.1199
Files already downloaded and verified
3888 labeled samples and 158882 unlabeled samples. Total: 162770
Use 3888 samples. Get 4330 labels. Ratio: 0.8979214780600462
Epoch 7
 72.52% | time: 117.4s (177.6m) | step:   5739 | train acc: 1.000 | train loss: 0.000 |test acc: 0.762 (0.854, 0.617) | test eod gap: 0.1345
begin calculating influence
[Strategy 2] Acc of expected label: 0.7512109375
calculating influence -- done
 72.52% | time: 427.7s (184.7m) | step:   5739 | train acc: 1.000 | train loss: 0.000 |val acc: 0.765 (0.855, 0.624) | val eod gap: 0.1093
Files already downloaded and verified
3889 labeled samples and 158881 unlabeled samples. Total: 162770
Use 3889 samples. Get 4332 labels. Ratio: 0.8977377654662974
 75.04% | time:  71.4s (185.9m) | step:   5939 | train acc: 1.000 | train loss: 0.000 |test acc: 0.762 (0.854, 0.616) | test eod gap: 0.1353
begin calculating influence
[Strategy 2] Acc of expected label: 0.7503125
calculating influence -- done
 75.04% | time: 423.1s (193.0m) | step:   5939 | train acc: 1.000 | train loss: 0.000 |val acc: 0.767 (0.855, 0.628) | val eod gap: 0.1062
Files already downloaded and verified
3889 labeled samples and 158881 unlabeled samples. Total: 162770
Use 3889 samples. Get 4333 labels. Ratio: 0.8975305792753289
 77.57% | time:  60.8s (194.0m) | step:   6139 | train acc: 1.000 | train loss: 0.000 |test acc: 0.762 (0.854, 0.616) | test eod gap: 0.1364
begin calculating influence
[Strategy 2] Acc of expected label: 0.7470703125
calculating influence -- done
 77.57% | time: 418.5s (201.0m) | step:   6139 | train acc: 1.000 | train loss: 0.000 |val acc: 0.766 (0.855, 0.625) | val eod gap: 0.1082
Files already downloaded and verified
3933 labeled samples and 158837 unlabeled samples. Total: 162770
Use 3933 samples. Get 4442 labels. Ratio: 0.8854119765871229
Epoch 8
 82.52% | time: 115.2s (202.9m) | step:   6531 | train acc: 1.000 | train loss: 0.000 |test acc: 0.762 (0.851, 0.621) | test eod gap: 0.1387
begin calculating influence
[Strategy 2] Acc of expected label: 0.75046875
calculating influence -- done
 82.52% | time: 419.9s (209.9m) | step:   6531 | train acc: 1.000 | train loss: 0.000 |val acc: 0.762 (0.847, 0.628) | val eod gap: 0.1224
Files already downloaded and verified
3956 labeled samples and 158814 unlabeled samples. Total: 162770
Use 3956 samples. Get 4475 labels. Ratio: 0.8840223463687151
 85.05% | time:  70.6s (211.1m) | step:   6731 | train acc: 1.000 | train loss: 0.000 |test acc: 0.765 (0.856, 0.621) | test eod gap: 0.1394
begin calculating influence
[Strategy 2] Acc of expected label: 0.7531640625
calculating influence -- done
 85.05% | time: 426.4s (218.2m) | step:   6731 | train acc: 1.000 | train loss: 0.000 |val acc: 0.772 (0.858, 0.636) | val eod gap: 0.1338
Files already downloaded and verified
4025 labeled samples and 158745 unlabeled samples. Total: 162770
Use 4025 samples. Get 4638 labels. Ratio: 0.8678309616213885
 87.58% | time:  69.4s (219.3m) | step:   6931 | train acc: 1.000 | train loss: 0.000 |test acc: 0.761 (0.851, 0.619) | test eod gap: 0.1403
begin calculating influence
[Strategy 2] Acc of expected label: 0.7505078125
calculating influence -- done
 87.58% | time: 418.4s (226.3m) | step:   6931 | train acc: 1.000 | train loss: 0.000 |val acc: 0.767 (0.853, 0.631) | val eod gap: 0.1227
Files already downloaded and verified
4105 labeled samples and 158665 unlabeled samples. Total: 162770
Use 4105 samples. Get 4876 labels. Ratio: 0.8418785890073831
Epoch 9
 92.52% | time: 112.3s (228.2m) | step:   7322 | train acc: 1.000 | train loss: 0.000 |test acc: 0.756 (0.843, 0.618) | test eod gap: 0.1426
begin calculating influence
[Strategy 2] Acc of expected label: 0.7410546875
calculating influence -- done
 92.52% | time: 415.2s (235.1m) | step:   7322 | train acc: 1.000 | train loss: 0.000 |val acc: 0.761 (0.846, 0.627) | val eod gap: 0.1105
Files already downloaded and verified
4168 labeled samples and 158602 unlabeled samples. Total: 162770
Use 4168 samples. Get 4985 labels. Ratio: 0.8361083249749248
 95.05% | time:  69.4s (236.2m) | step:   7522 | train acc: 1.000 | train loss: 0.001 |test acc: 0.770 (0.862, 0.623) | test eod gap: 0.1397
begin calculating influence
[Strategy 2] Acc of expected label: 0.7511328125
calculating influence -- done
 95.05% | time: 418.0s (243.2m) | step:   7522 | train acc: 1.000 | train loss: 0.001 |val acc: 0.779 (0.863, 0.647) | val eod gap: 0.1191
Files already downloaded and verified
4281 labeled samples and 158489 unlabeled samples. Total: 162770
Use 4281 samples. Get 5232 labels. Ratio: 0.8182339449541285
 97.57% | time:  61.5s (244.2m) | step:   7722 | train acc: 1.000 | train loss: 0.000 |test acc: 0.763 (0.851, 0.624) | test eod gap: 0.1359
begin calculating influence
[Strategy 2] Acc of expected label: 0.7430078125
calculating influence -- done
 97.57% | time: 413.5s (251.1m) | step:   7722 | train acc: 1.000 | train loss: 0.000 |val acc: 0.765 (0.854, 0.625) | val eod gap: 0.1092
Files already downloaded and verified
4320 labeled samples and 158450 unlabeled samples. Total: 162770
Use 4320 samples. Get 5325 labels. Ratio: 0.8112676056338028
