Files already downloaded and verified
3255 labeled samples and 159515 unlabeled samples. Total: 162770
Files already downloaded and verified
1996 labeled samples and 17966 unlabeled samples. Total: 19962
Numer of layers 200
train net...
train with 162770 samples (with replacement) in one epoch
Epoch 0
  2.62% | time:  95.3s (  1.6m) | step:    200 | train acc: 0.965 | train loss: 0.100 |warm_t acc: 0.762 (0.850, 0.623) | warm_t eop gap: 0.1973
  2.62% | time:   4.5s (  1.7m) | step:    200 | train acc: 0.965 | train loss: 0.100 |warm_v acc: 0.762 (0.848, 0.617) | warm_v eop gap: 0.2062
  5.24% | time:  82.2s (  3.0m) | step:    400 | train acc: 0.703 | train loss: 0.730 |warm_t acc: 0.641 (0.701, 0.546) | warm_t eop gap: 0.1308
  5.24% | time:   1.4s (  3.1m) | step:    400 | train acc: 0.703 | train loss: 0.730 |warm_v acc: 0.625 (0.704, 0.499) | warm_v eop gap: 0.0900
  7.86% | time:  80.7s (  4.4m) | step:    600 | train acc: 0.832 | train loss: 0.405 |warm_t acc: 0.761 (0.862, 0.601) | warm_t eop gap: 0.2031
  7.86% | time:   1.3s (  4.4m) | step:    600 | train acc: 0.832 | train loss: 0.405 |warm_v acc: 0.755 (0.855, 0.593) | warm_v eop gap: 0.1762
  8.32% | time:  21.2s (  4.8m) | step:    635 | train acc: 0.836 | train loss: 0.358 |warm_t acc: 0.783 (0.881, 0.628) | warm_t eop gap: 0.1738
  8.32% | time:   1.4s (  4.8m) | step:    635 | train acc: 0.836 | train loss: 0.358 |warm_v acc: 0.770 (0.883, 0.600) | warm_v eop gap: 0.1112
Epoch 1
 10.95% | time:  80.7s (  6.1m) | step:    835 | train acc: 0.922 | train loss: 0.192 |warm_t acc: 0.754 (0.845, 0.608) | warm_t eop gap: 0.2499
 10.95% | time:   1.5s (  6.2m) | step:    835 | train acc: 0.922 | train loss: 0.192 |warm_v acc: 0.738 (0.832, 0.589) | warm_v eop gap: 0.1583
 13.57% | time:  80.4s (  7.5m) | step:   1035 | train acc: 1.000 | train loss: 0.003 |warm_t acc: 0.744 (0.832, 0.604) | warm_t eop gap: 0.2235
 13.57% | time:   1.5s (  7.5m) | step:   1035 | train acc: 1.000 | train loss: 0.003 |warm_v acc: 0.744 (0.829, 0.611) | warm_v eop gap: 0.2064
 16.19% | time:  80.1s (  8.9m) | step:   1235 | train acc: 1.000 | train loss: 0.000 |warm_t acc: 0.744 (0.830, 0.606) | warm_t eop gap: 0.2274
 16.19% | time:   1.4s (  8.9m) | step:   1235 | train acc: 1.000 | train loss: 0.000 |warm_v acc: 0.745 (0.829, 0.623) | warm_v eop gap: 0.2576
 16.65% | time:  20.9s (  9.2m) | step:   1270 | train acc: 1.000 | train loss: 0.000 |warm_t acc: 0.744 (0.830, 0.607) | warm_t eop gap: 0.2309
 16.65% | time:   1.5s (  9.3m) | step:   1270 | train acc: 1.000 | train loss: 0.000 |warm_v acc: 0.755 (0.841, 0.618) | warm_v eop gap: 0.2140
Epoch 2
 19.28% | time:  74.5s ( 10.5m) | step:   1471 | train acc: 1.000 | train loss: 0.000 |test acc: 0.744 (0.831, 0.606) | test eop gap: 0.2253
 19.28% | time:   1.1s ( 10.5m) | step:   1471 | train acc: 1.000 | train loss: 0.000 |val acc: 0.753 (0.842, 0.610) | val eop gap: 0.1708
begin calculating influence
selected layers: [Traced<ShapedArray(float32[768])>with<DynamicJaxprTrace(level=0/1)>, Traced<ShapedArray(float32[8,8,3,768])>with<DynamicJaxprTrace(level=0/1)>, Traced<ShapedArray(float32[2])>with<DynamicJaxprTrace(level=0/1)>, Traced<ShapedArray(float32[768,2])>with<DynamicJaxprTrace(level=0/1)>]
[Strategy 2] Acc of expected label: 0.730546875
calculating influence -- done
Files already downloaded and verified
3511 labeled samples and 159259 unlabeled samples. Total: 162770
Use 3511 samples. Get 3646 labels. Ratio: 0.9629731212287438
 21.90% | time: 773.3s ( 23.4m) | step:   1671 | train acc: 0.875 | train loss: 0.306 |test acc: 0.779 (0.876, 0.625) | test eop gap: 0.1603
 21.90% | time:   1.6s ( 23.4m) | step:   1671 | train acc: 0.875 | train loss: 0.306 |val acc: 0.772 (0.872, 0.617) | val eop gap: 0.1750
begin calculating influence
[Strategy 2] Acc of expected label: 0.76453125
calculating influence -- done
Files already downloaded and verified
3767 labeled samples and 159003 unlabeled samples. Total: 162770
Use 3767 samples. Get 4055 labels. Ratio: 0.928976572133169
 24.52% | time: 753.4s ( 36.0m) | step:   1871 | train acc: 0.988 | train loss: 0.039 |test acc: 0.754 (0.847, 0.604) | test eop gap: 0.1858
 24.52% | time:   1.4s ( 36.0m) | step:   1871 | train acc: 0.988 | train loss: 0.039 |val acc: 0.760 (0.856, 0.613) | val eop gap: 0.1194
begin calculating influence
[Strategy 2] Acc of expected label: 0.7432421875
calculating influence -- done
Files already downloaded and verified
4023 labeled samples and 158747 unlabeled samples. Total: 162770
Use 4023 samples. Get 4453 labels. Ratio: 0.9034358859196048
 24.98% | time: 692.1s ( 47.6m) | step:   1906 | train acc: 0.789 | train loss: 0.425 |test acc: 0.768 (0.861, 0.622) | test eop gap: 0.0573
 24.98% | time:   1.3s ( 47.6m) | step:   1906 | train acc: 0.789 | train loss: 0.425 |val acc: 0.760 (0.857, 0.605) | val eop gap: 0.0074
begin calculating influence
[Strategy 2] Acc of expected label: 0.7531640625
calculating influence -- done
Files already downloaded and verified
4139 labeled samples and 158631 unlabeled samples. Total: 162770
Use 4139 samples. Get 4615 labels. Ratio: 0.8968580715059589
Epoch 3
 27.62% | time: 752.8s ( 60.1m) | step:   2107 | train acc: 0.980 | train loss: 0.051 |test acc: 0.760 (0.852, 0.615) | test eop gap: 0.1504
 27.62% | time:   1.4s ( 60.1m) | step:   2107 | train acc: 0.980 | train loss: 0.051 |val acc: 0.752 (0.851, 0.599) | val eop gap: 0.1290
begin calculating influence
[Strategy 2] Acc of expected label: 0.74578125
calculating influence -- done
Files already downloaded and verified
4224 labeled samples and 158546 unlabeled samples. Total: 162770
Use 4224 samples. Get 4775 labels. Ratio: 0.8846073298429319
 30.24% | time: 743.5s ( 72.5m) | step:   2307 | train acc: 0.957 | train loss: 0.112 |test acc: 0.749 (0.838, 0.607) | test eop gap: 0.2385
 30.24% | time:   1.3s ( 72.6m) | step:   2307 | train acc: 0.957 | train loss: 0.112 |val acc: 0.757 (0.851, 0.606) | val eop gap: 0.2198
begin calculating influence
[Strategy 2] Acc of expected label: 0.73171875
calculating influence -- done
Files already downloaded and verified
4480 labeled samples and 158290 unlabeled samples. Total: 162770
Use 4480 samples. Get 5139 labels. Ratio: 0.8717649348122203
 32.86% | time: 754.3s ( 85.1m) | step:   2507 | train acc: 1.000 | train loss: 0.001 |test acc: 0.771 (0.867, 0.619) | test eop gap: 0.1569
 32.86% | time:   1.4s ( 85.2m) | step:   2507 | train acc: 1.000 | train loss: 0.001 |val acc: 0.774 (0.880, 0.609) | val eop gap: 0.1681
begin calculating influence
[Strategy 2] Acc of expected label: 0.7550390625
calculating influence -- done
Files already downloaded and verified
4736 labeled samples and 158034 unlabeled samples. Total: 162770
Use 4736 samples. Get 5673 labels. Ratio: 0.8348316587343557
 33.32% | time: 696.3s ( 96.8m) | step:   2542 | train acc: 0.996 | train loss: 0.023 |test acc: 0.767 (0.860, 0.620) | test eop gap: 0.1731
 33.32% | time:   1.3s ( 96.8m) | step:   2542 | train acc: 0.996 | train loss: 0.023 |val acc: 0.771 (0.864, 0.629) | val eop gap: 0.1298
begin calculating influence
[Strategy 2] Acc of expected label: 0.7515234375
calculating influence -- done
Files already downloaded and verified
4992 labeled samples and 157778 unlabeled samples. Total: 162770
Use 4992 samples. Get 6199 labels. Ratio: 0.8052911759961284
Epoch 4
 35.95% | time: 754.0s (109.3m) | step:   2743 | train acc: 0.988 | train loss: 0.030 |test acc: 0.764 (0.858, 0.615) | test eop gap: 0.1514
 35.95% | time:   1.4s (109.4m) | step:   2743 | train acc: 0.988 | train loss: 0.030 |val acc: 0.758 (0.855, 0.607) | val eop gap: 0.0656
begin calculating influence
[Strategy 2] Acc of expected label: 0.7453125
calculating influence -- done
Files already downloaded and verified
5128 labeled samples and 157642 unlabeled samples. Total: 162770
Use 5128 samples. Get 6403 labels. Ratio: 0.8008745900359207
 38.58% | time: 751.5s (121.9m) | step:   2943 | train acc: 1.000 | train loss: 0.000 |test acc: 0.767 (0.860, 0.619) | test eop gap: 0.1557
 38.58% | time:   1.4s (121.9m) | step:   2943 | train acc: 1.000 | train loss: 0.000 |val acc: 0.754 (0.863, 0.580) | val eop gap: 0.0730
begin calculating influence
[Strategy 2] Acc of expected label: 0.753125
calculating influence -- done
Files already downloaded and verified
5286 labeled samples and 157484 unlabeled samples. Total: 162770
Use 5286 samples. Get 6724 labels. Ratio: 0.7861392028554431
 41.20% | time: 748.7s (134.4m) | step:   3143 | train acc: 1.000 | train loss: 0.000 |test acc: 0.767 (0.860, 0.618) | test eop gap: 0.1417
 41.20% | time:   1.4s (134.4m) | step:   3143 | train acc: 1.000 | train loss: 0.000 |val acc: 0.761 (0.869, 0.596) | val eop gap: 0.0792
begin calculating influence
[Strategy 2] Acc of expected label: 0.750703125
calculating influence -- done
Files already downloaded and verified
5542 labeled samples and 157228 unlabeled samples. Total: 162770
Use 5542 samples. Get 7421 labels. Ratio: 0.7467996226923596
 41.66% | time: 692.7s (146.0m) | step:   3178 | train acc: 0.984 | train loss: 0.036 |test acc: 0.766 (0.862, 0.613) | test eop gap: 0.1689
 41.66% | time:   1.3s (146.0m) | step:   3178 | train acc: 0.984 | train loss: 0.036 |val acc: 0.774 (0.870, 0.619) | val eop gap: 0.1476
begin calculating influence
[Strategy 2] Acc of expected label: 0.749375
calculating influence -- done
Files already downloaded and verified
5580 labeled samples and 157190 unlabeled samples. Total: 162770
Use 5580 samples. Get 7505 labels. Ratio: 0.7435043304463691
Epoch 5
 44.29% | time: 748.2s (158.5m) | step:   3379 | train acc: 1.000 | train loss: 0.000 |test acc: 0.761 (0.850, 0.619) | test eop gap: 0.1495
 44.29% | time:   1.4s (158.5m) | step:   3379 | train acc: 1.000 | train loss: 0.000 |val acc: 0.751 (0.849, 0.603) | val eop gap: 0.1329
begin calculating influence
[Strategy 2] Acc of expected label: 0.7419921875
calculating influence -- done
Files already downloaded and verified
5836 labeled samples and 156934 unlabeled samples. Total: 162770
Use 5836 samples. Get 8050 labels. Ratio: 0.7249689440993788
 46.91% | time: 751.8s (171.0m) | step:   3579 | train acc: 1.000 | train loss: 0.002 |test acc: 0.756 (0.844, 0.616) | test eop gap: 0.1766
 46.91% | time:   1.4s (171.0m) | step:   3579 | train acc: 1.000 | train loss: 0.002 |val acc: 0.762 (0.859, 0.609) | val eop gap: 0.1965
begin calculating influence
[Strategy 2] Acc of expected label: 0.740390625
calculating influence -- done
Files already downloaded and verified
5975 labeled samples and 156795 unlabeled samples. Total: 162770
Use 5975 samples. Get 8250 labels. Ratio: 0.7242424242424242
 49.53% | time: 752.2s (183.6m) | step:   3779 | train acc: 1.000 | train loss: 0.002 |test acc: 0.764 (0.854, 0.620) | test eop gap: 0.1393
 49.53% | time:   1.4s (183.6m) | step:   3779 | train acc: 1.000 | train loss: 0.002 |val acc: 0.755 (0.859, 0.598) | val eop gap: 0.1379
begin calculating influence
[Strategy 2] Acc of expected label: 0.7459765625
calculating influence -- done
Files already downloaded and verified
6091 labeled samples and 156679 unlabeled samples. Total: 162770
Use 6091 samples. Get 8497 labels. Ratio: 0.7168412380840297
 49.99% | time: 687.2s (195.0m) | step:   3814 | train acc: 1.000 | train loss: 0.005 |test acc: 0.755 (0.841, 0.619) | test eop gap: 0.1409
 49.99% | time:   1.4s (195.1m) | step:   3814 | train acc: 1.000 | train loss: 0.005 |val acc: 0.772 (0.859, 0.636) | val eop gap: 0.1236
begin calculating influence
[Strategy 2] Acc of expected label: 0.73390625
calculating influence -- done
Files already downloaded and verified
6347 labeled samples and 156423 unlabeled samples. Total: 162770
Use 6347 samples. Get 8856 labels. Ratio: 0.7166892502258356
Epoch 6
 52.62% | time: 748.0s (207.5m) | step:   4014 | train acc: 1.000 | train loss: 0.001 |test acc: 0.761 (0.846, 0.626) | test eop gap: 0.1888
 52.62% | time:   1.4s (207.6m) | step:   4014 | train acc: 1.000 | train loss: 0.001 |val acc: 0.755 (0.864, 0.586) | val eop gap: 0.0857
begin calculating influence
[Strategy 2] Acc of expected label: 0.74109375
calculating influence -- done
Files already downloaded and verified
6603 labeled samples and 156167 unlabeled samples. Total: 162770
Use 6603 samples. Get 9254 labels. Ratio: 0.7135292846336719
 55.24% | time: 747.9s (220.0m) | step:   4214 | train acc: 0.996 | train loss: 0.005 |test acc: 0.764 (0.853, 0.622) | test eop gap: 0.1930
 55.24% | time:   1.5s (220.0m) | step:   4214 | train acc: 0.996 | train loss: 0.005 |val acc: 0.764 (0.864, 0.609) | val eop gap: 0.1209
begin calculating influence
[Strategy 2] Acc of expected label: 0.75265625
calculating influence -- done
Files already downloaded and verified
6805 labeled samples and 155965 unlabeled samples. Total: 162770
Use 6805 samples. Get 9743 labels. Ratio: 0.6984501693523555
 57.86% | time: 749.1s (232.5m) | step:   4414 | train acc: 1.000 | train loss: 0.001 |test acc: 0.758 (0.846, 0.618) | test eop gap: 0.1714
 57.86% | time:   1.5s (232.6m) | step:   4414 | train acc: 1.000 | train loss: 0.001 |val acc: 0.768 (0.861, 0.624) | val eop gap: 0.2101
begin calculating influence
[Strategy 2] Acc of expected label: 0.746796875
calculating influence -- done
Files already downloaded and verified
7061 labeled samples and 155709 unlabeled samples. Total: 162770
Use 7061 samples. Get 10118 labels. Ratio: 0.6978651907491599
 58.32% | time: 687.2s (244.0m) | step:   4449 | train acc: 1.000 | train loss: 0.002 |test acc: 0.761 (0.848, 0.623) | test eop gap: 0.1769
 58.32% | time:   1.6s (244.0m) | step:   4449 | train acc: 1.000 | train loss: 0.002 |val acc: 0.754 (0.852, 0.603) | val eop gap: 0.1546
begin calculating influence
[Strategy 2] Acc of expected label: 0.7466015625
calculating influence -- done
Files already downloaded and verified
7312 labeled samples and 155458 unlabeled samples. Total: 162770
Use 7312 samples. Get 10455 labels. Ratio: 0.699378287900526
Epoch 7
 60.95% | time: 750.0s (256.5m) | step:   4650 | train acc: 1.000 | train loss: 0.001 |test acc: 0.769 (0.856, 0.631) | test eop gap: 0.1669
 60.95% | time:   1.5s (256.6m) | step:   4650 | train acc: 1.000 | train loss: 0.001 |val acc: 0.770 (0.865, 0.626) | val eop gap: 0.1016
begin calculating influence
[Strategy 2] Acc of expected label: 0.7499609375
calculating influence -- done
Files already downloaded and verified
7388 labeled samples and 155382 unlabeled samples. Total: 162770
Use 7388 samples. Get 10598 labels. Ratio: 0.6971126627665597
 63.57% | time: 747.2s (269.0m) | step:   4850 | train acc: 1.000 | train loss: 0.000 |test acc: 0.771 (0.861, 0.628) | test eop gap: 0.1650
 63.57% | time:   1.5s (269.0m) | step:   4850 | train acc: 1.000 | train loss: 0.000 |val acc: 0.779 (0.878, 0.624) | val eop gap: 0.1102
begin calculating influence
[Strategy 2] Acc of expected label: 0.7528515625
calculating influence -- done
Files already downloaded and verified
7438 labeled samples and 155332 unlabeled samples. Total: 162770
Use 7438 samples. Get 10674 labels. Ratio: 0.6968334270189245
 66.19% | time: 748.9s (281.5m) | step:   5050 | train acc: 1.000 | train loss: 0.000 |test acc: 0.769 (0.857, 0.630) | test eop gap: 0.1758
 66.19% | time:   1.4s (281.5m) | step:   5050 | train acc: 1.000 | train loss: 0.000 |val acc: 0.775 (0.864, 0.632) | val eop gap: 0.1250
begin calculating influence
[Strategy 2] Acc of expected label: 0.746875
calculating influence -- done
Files already downloaded and verified
7569 labeled samples and 155201 unlabeled samples. Total: 162770
Use 7569 samples. Get 10967 labels. Ratio: 0.6901613932707212
 66.65% | time: 688.2s (293.0m) | step:   5085 | train acc: 1.000 | train loss: 0.000 |test acc: 0.763 (0.849, 0.627) | test eop gap: 0.1790
 66.65% | time:   1.4s (293.0m) | step:   5085 | train acc: 1.000 | train loss: 0.000 |val acc: 0.759 (0.855, 0.613) | val eop gap: 0.0541
begin calculating influence
[Strategy 2] Acc of expected label: 0.74609375
calculating influence -- done
Files already downloaded and verified
7825 labeled samples and 154945 unlabeled samples. Total: 162770
Use 7825 samples. Get 11289 labels. Ratio: 0.6931526264505271
Epoch 8
 69.29% | time: 749.6s (305.5m) | step:   5286 | train acc: 1.000 | train loss: 0.002 |test acc: 0.773 (0.862, 0.631) | test eop gap: 0.1830
 69.29% | time:   1.3s (305.6m) | step:   5286 | train acc: 1.000 | train loss: 0.002 |val acc: 0.777 (0.873, 0.629) | val eop gap: 0.0995
begin calculating influence
[Strategy 2] Acc of expected label: 0.754375
calculating influence -- done
Files already downloaded and verified
7931 labeled samples and 154839 unlabeled samples. Total: 162770
Use 7931 samples. Get 11469 labels. Ratio: 0.6915162612259134
 71.91% | time: 748.3s (318.0m) | step:   5486 | train acc: 1.000 | train loss: 0.000 |test acc: 0.771 (0.861, 0.628) | test eop gap: 0.1883
 71.91% | time:   1.4s (318.0m) | step:   5486 | train acc: 1.000 | train loss: 0.000 |val acc: 0.777 (0.878, 0.618) | val eop gap: 0.1039
begin calculating influence
[Strategy 2] Acc of expected label: 0.7568359375
calculating influence -- done
Files already downloaded and verified
8187 labeled samples and 154583 unlabeled samples. Total: 162770
Use 8187 samples. Get 12086 labels. Ratio: 0.6773953334436538
 74.53% | time: 744.3s (330.5m) | step:   5686 | train acc: 0.988 | train loss: 0.054 |test acc: 0.748 (0.828, 0.620) | test eop gap: 0.1976
 74.53% | time:   1.6s (330.5m) | step:   5686 | train acc: 0.988 | train loss: 0.054 |val acc: 0.753 (0.837, 0.623) | val eop gap: 0.1207
begin calculating influence
[Strategy 2] Acc of expected label: 0.7341796875
calculating influence -- done
Files already downloaded and verified
8443 labeled samples and 154327 unlabeled samples. Total: 162770
Use 8443 samples. Get 12481 labels. Ratio: 0.6764682317122025
 74.99% | time: 689.4s (342.0m) | step:   5721 | train acc: 0.973 | train loss: 0.119 |test acc: 0.746 (0.827, 0.618) | test eop gap: 0.2110
 74.99% | time:   1.6s (342.0m) | step:   5721 | train acc: 0.973 | train loss: 0.119 |val acc: 0.730 (0.828, 0.576) | val eop gap: 0.1156
begin calculating influence
[Strategy 2] Acc of expected label: 0.737109375
calculating influence -- done
Files already downloaded and verified
8699 labeled samples and 154071 unlabeled samples. Total: 162770
Use 8699 samples. Get 12855 labels. Ratio: 0.6767016725009724
Epoch 9
 77.62% | time: 751.7s (354.5m) | step:   5922 | train acc: 1.000 | train loss: 0.000 |test acc: 0.778 (0.866, 0.637) | test eop gap: 0.2069
 77.62% | time:   1.7s (354.6m) | step:   5922 | train acc: 1.000 | train loss: 0.000 |val acc: 0.774 (0.878, 0.614) | val eop gap: 0.1379
begin calculating influence
[Strategy 2] Acc of expected label: 0.75953125
calculating influence -- done
Files already downloaded and verified
8955 labeled samples and 153815 unlabeled samples. Total: 162770
Use 8955 samples. Get 13354 labels. Ratio: 0.6705855923318855
 80.25% | time: 746.6s (367.0m) | step:   6122 | train acc: 1.000 | train loss: 0.000 |test acc: 0.775 (0.862, 0.637) | test eop gap: 0.2150
 80.25% | time:   1.5s (367.0m) | step:   6122 | train acc: 1.000 | train loss: 0.000 |val acc: 0.778 (0.871, 0.628) | val eop gap: 0.1350
begin calculating influence
[Strategy 2] Acc of expected label: 0.7567578125
calculating influence -- done
Files already downloaded and verified
9211 labeled samples and 153559 unlabeled samples. Total: 162770
Use 9211 samples. Get 13878 labels. Ratio: 0.6637123504827785
 82.87% | time: 745.7s (379.5m) | step:   6322 | train acc: 0.992 | train loss: 0.021 |test acc: 0.768 (0.852, 0.633) | test eop gap: 0.2377
 82.87% | time:   1.5s (379.5m) | step:   6322 | train acc: 0.992 | train loss: 0.021 |val acc: 0.773 (0.862, 0.633) | val eop gap: 0.1848
begin calculating influence
[Strategy 2] Acc of expected label: 0.753203125
calculating influence -- done
Files already downloaded and verified
9467 labeled samples and 153303 unlabeled samples. Total: 162770
Use 9467 samples. Get 14405 labels. Ratio: 0.6572023602915654
 83.33% | time: 687.1s (390.9m) | step:   6357 | train acc: 0.980 | train loss: 0.059 |test acc: 0.773 (0.862, 0.632) | test eop gap: 0.2129
 83.33% | time:   1.4s (391.0m) | step:   6357 | train acc: 0.980 | train loss: 0.059 |val acc: 0.783 (0.884, 0.622) | val eop gap: 0.1126
begin calculating influence
[Strategy 2] Acc of expected label: 0.75890625
calculating influence -- done
Files already downloaded and verified
9554 labeled samples and 153216 unlabeled samples. Total: 162770
Use 9554 samples. Get 14568 labels. Ratio: 0.6558209774848984
Epoch 10
 85.96% | time: 749.4s (403.4m) | step:   6558 | train acc: 1.000 | train loss: 0.000 |test acc: 0.772 (0.854, 0.641) | test eop gap: 0.2186
 85.96% | time:   1.5s (403.5m) | step:   6558 | train acc: 1.000 | train loss: 0.000 |val acc: 0.771 (0.859, 0.635) | val eop gap: 0.1915
begin calculating influence
[Strategy 2] Acc of expected label: 0.7548828125
calculating influence -- done
Files already downloaded and verified
9786 labeled samples and 152984 unlabeled samples. Total: 162770
Use 9786 samples. Get 14932 labels. Ratio: 0.6553710152692205
 88.58% | time: 746.8s (415.9m) | step:   6758 | train acc: 1.000 | train loss: 0.000 |test acc: 0.774 (0.857, 0.641) | test eop gap: 0.2222
 88.58% | time:   1.3s (415.9m) | step:   6758 | train acc: 1.000 | train loss: 0.000 |val acc: 0.788 (0.876, 0.639) | val eop gap: 0.1408
begin calculating influence
[Strategy 2] Acc of expected label: 0.7577734375
calculating influence -- done
Files already downloaded and verified
9822 labeled samples and 152948 unlabeled samples. Total: 162770
Use 9822 samples. Get 14986 labels. Ratio: 0.6554117176030962
 91.20% | time: 748.3s (428.4m) | step:   6958 | train acc: 0.984 | train loss: 0.032 |test acc: 0.761 (0.842, 0.631) | test eop gap: 0.2404
 91.20% | time:   1.5s (428.4m) | step:   6958 | train acc: 0.984 | train loss: 0.032 |val acc: 0.755 (0.838, 0.625) | val eop gap: 0.2071
begin calculating influence
[Strategy 2] Acc of expected label: 0.745625
calculating influence -- done
Files already downloaded and verified
10078 labeled samples and 152692 unlabeled samples. Total: 162770
Use 10078 samples. Get 15338 labels. Ratio: 0.6570608945103664
 91.66% | time: 687.5s (439.9m) | step:   6993 | train acc: 0.984 | train loss: 0.062 |test acc: 0.773 (0.858, 0.638) | test eop gap: 0.2156
 91.66% | time:   1.4s (439.9m) | step:   6993 | train acc: 0.984 | train loss: 0.062 |val acc: 0.777 (0.873, 0.627) | val eop gap: 0.1494
begin calculating influence
[Strategy 2] Acc of expected label: 0.759609375
calculating influence -- done
Files already downloaded and verified
10235 labeled samples and 152535 unlabeled samples. Total: 162770
Use 10235 samples. Get 15554 labels. Ratio: 0.658030088723158
Epoch 11
 94.30% | time: 747.1s (452.4m) | step:   7194 | train acc: 0.996 | train loss: 0.018 |test acc: 0.785 (0.868, 0.652) | test eop gap: 0.2046
 94.30% | time:   1.5s (452.4m) | step:   7194 | train acc: 0.996 | train loss: 0.018 |val acc: 0.792 (0.884, 0.649) | val eop gap: 0.1347
begin calculating influence
[Strategy 2] Acc of expected label: 0.7680859375
calculating influence -- done
Files already downloaded and verified
10302 labeled samples and 152468 unlabeled samples. Total: 162770
Use 10302 samples. Get 15662 labels. Ratio: 0.6577703996935257
 96.92% | time: 745.6s (464.8m) | step:   7394 | train acc: 1.000 | train loss: 0.003 |test acc: 0.784 (0.871, 0.646) | test eop gap: 0.2184
 96.92% | time:   1.2s (464.8m) | step:   7394 | train acc: 1.000 | train loss: 0.003 |val acc: 0.801 (0.878, 0.681) | val eop gap: 0.2154
begin calculating influence
[Strategy 2] Acc of expected label: 0.7615625
calculating influence -- done
Files already downloaded and verified
10321 labeled samples and 152449 unlabeled samples. Total: 162770
Use 10321 samples. Get 15694 labels. Ratio: 0.6576398623677838
 99.54% | time: 747.7s (477.3m) | step:   7594 | train acc: 1.000 | train loss: 0.000 |test acc: 0.778 (0.863, 0.643) | test eop gap: 0.2120
 99.54% | time:   1.5s (477.3m) | step:   7594 | train acc: 1.000 | train loss: 0.000 |val acc: 0.778 (0.869, 0.642) | val eop gap: 0.1772
begin calculating influence
[Strategy 2] Acc of expected label: 0.759453125
calculating influence -- done
Files already downloaded and verified
10545 labeled samples and 152225 unlabeled samples. Total: 162770
Use 10545 samples. Get 16119 labels. Ratio: 0.6541969104783175
100.00% | time: 584.3s (487.1m) | step:   7629 | train acc: 1.000 | train loss: 0.000 |test acc: 0.778 (0.864, 0.643) | test eop gap: 0.2122
100.00% | time:   1.2s (487.1m) | step:   7629 | train acc: 1.000 | train loss: 0.000 |val acc: 0.788 (0.878, 0.648) | val eop gap: 0.1475
begin calculating influence
[Strategy 2] Acc of expected label: 0.7583203125
calculating influence -- done
Files already downloaded and verified
10682 labeled samples and 152088 unlabeled samples. Total: 162770
Use 10682 samples. Get 16411 labels. Ratio: 0.6509048808725855
