Files already downloaded and verified
3255 labeled samples and 159515 unlabeled samples. Total: 162770
Files already downloaded and verified
1996 labeled samples and 17966 unlabeled samples. Total: 19962
Numer of layers 200
train net...
Epoch 0
  2.53% | time:  77.2s (  1.3m) | step:    200 | train acc: 0.777 | train loss: 1.063 |test acc: 0.768 (0.862, 0.618) | test dp gap: 0.1344
begin calculating influence
selected layers: [Traced<ShapedArray(float32[768])>with<DynamicJaxprTrace(level=0/1)>, Traced<ShapedArray(float32[8,8,3,768])>with<DynamicJaxprTrace(level=0/1)>, Traced<ShapedArray(float32[2])>with<DynamicJaxprTrace(level=0/1)>, Traced<ShapedArray(float32[768,2])>with<DynamicJaxprTrace(level=0/1)>]
selected layers: [Traced<ShapedArray(float32[768])>with<DynamicJaxprTrace(level=0/1)>, Traced<ShapedArray(float32[8,8,3,768])>with<DynamicJaxprTrace(level=0/1)>, Traced<ShapedArray(float32[2])>with<DynamicJaxprTrace(level=0/1)>, Traced<ShapedArray(float32[768,2])>with<DynamicJaxprTrace(level=0/1)>]
[Strategy 2] Acc of expected label: 0.755546875
calculating influence -- done
  2.53% | time: 468.4s (  9.1m) | step:    200 | train acc: 0.777 | train loss: 1.063 |val acc: 0.759 (0.844, 0.625) | val dp gap: 0.1163
Files already downloaded and verified
3511 labeled samples and 159259 unlabeled samples. Total: 162770
Use 3511 samples. Get 3615 labels. Ratio: 0.9712309820193638
  5.05% | time:  67.2s ( 10.2m) | step:    400 | train acc: 0.996 | train loss: 0.030 |test acc: 0.757 (0.848, 0.613) | test dp gap: 0.1953
begin calculating influence
[Strategy 2] Acc of expected label: 0.742578125
calculating influence -- done
  5.05% | time: 438.7s ( 17.5m) | step:    400 | train acc: 0.996 | train loss: 0.030 |val acc: 0.751 (0.846, 0.602) | val dp gap: 0.2155
Files already downloaded and verified
3725 labeled samples and 159045 unlabeled samples. Total: 162770
Use 3725 samples. Get 3912 labels. Ratio: 0.9521983640081799
  7.58% | time:  74.2s ( 18.8m) | step:    600 | train acc: 0.816 | train loss: 0.380 |test acc: 0.747 (0.846, 0.590) | test dp gap: 0.2402
begin calculating influence
[Strategy 2] Acc of expected label: 0.737265625
calculating influence -- done
  7.58% | time: 438.6s ( 26.1m) | step:    600 | train acc: 0.816 | train loss: 0.380 |val acc: 0.735 (0.843, 0.566) | val dp gap: 0.2479
Files already downloaded and verified
3981 labeled samples and 158789 unlabeled samples. Total: 162770
Use 3981 samples. Get 4249 labels. Ratio: 0.9369263356083785
Epoch 1
 12.52% | time: 112.3s ( 27.9m) | step:    991 | train acc: 1.000 | train loss: 0.005 |test acc: 0.762 (0.855, 0.614) | test dp gap: 0.1872
begin calculating influence
[Strategy 2] Acc of expected label: 0.752265625
calculating influence -- done
 12.52% | time: 438.2s ( 35.2m) | step:    991 | train acc: 1.000 | train loss: 0.005 |val acc: 0.765 (0.865, 0.609) | val dp gap: 0.2059
Files already downloaded and verified
4006 labeled samples and 158764 unlabeled samples. Total: 162770
Use 4006 samples. Get 4282 labels. Ratio: 0.9355441382531527
 15.05% | time:  69.7s ( 36.4m) | step:   1191 | train acc: 1.000 | train loss: 0.000 |test acc: 0.763 (0.857, 0.614) | test dp gap: 0.1919
begin calculating influence
[Strategy 2] Acc of expected label: 0.753359375
calculating influence -- done
 15.05% | time: 436.7s ( 43.7m) | step:   1191 | train acc: 1.000 | train loss: 0.000 |val acc: 0.773 (0.870, 0.622) | val dp gap: 0.2055
Files already downloaded and verified
4012 labeled samples and 158758 unlabeled samples. Total: 162770
Use 4012 samples. Get 4295 labels. Ratio: 0.9341094295692666
 17.58% | time:  72.5s ( 44.9m) | step:   1391 | train acc: 1.000 | train loss: 0.000 |test acc: 0.764 (0.857, 0.615) | test dp gap: 0.1908
begin calculating influence
[Strategy 2] Acc of expected label: 0.7519140625
calculating influence -- done
 17.58% | time: 438.9s ( 52.2m) | step:   1391 | train acc: 1.000 | train loss: 0.000 |val acc: 0.774 (0.871, 0.622) | val dp gap: 0.2097
Files already downloaded and verified
4022 labeled samples and 158748 unlabeled samples. Total: 162770
Use 4022 samples. Get 4310 labels. Ratio: 0.9331786542923434
Epoch 2
 22.52% | time: 117.6s ( 54.2m) | step:   1782 | train acc: 1.000 | train loss: 0.000 |test acc: 0.762 (0.856, 0.613) | test dp gap: 0.1882
begin calculating influence
[Strategy 2] Acc of expected label: 0.749921875
calculating influence -- done
 22.52% | time: 437.3s ( 61.5m) | step:   1782 | train acc: 1.000 | train loss: 0.000 |val acc: 0.775 (0.869, 0.628) | val dp gap: 0.1966
Files already downloaded and verified
4025 labeled samples and 158745 unlabeled samples. Total: 162770
Use 4025 samples. Get 4314 labels. Ratio: 0.9330088085303663
 25.04% | time:  72.8s ( 62.7m) | step:   1982 | train acc: 1.000 | train loss: 0.000 |test acc: 0.762 (0.856, 0.612) | test dp gap: 0.1870
begin calculating influence
[Strategy 2] Acc of expected label: 0.75359375
calculating influence -- done
 25.04% | time: 438.5s ( 70.0m) | step:   1982 | train acc: 1.000 | train loss: 0.000 |val acc: 0.775 (0.870, 0.624) | val dp gap: 0.1995
Files already downloaded and verified
4034 labeled samples and 158736 unlabeled samples. Total: 162770
Use 4034 samples. Get 4324 labels. Ratio: 0.9329324699352451
 27.57% | time:  71.9s ( 71.2m) | step:   2182 | train acc: 1.000 | train loss: 0.000 |test acc: 0.762 (0.855, 0.613) | test dp gap: 0.1840
begin calculating influence
[Strategy 2] Acc of expected label: 0.7513671875
calculating influence -- done
 27.57% | time: 437.6s ( 78.5m) | step:   2182 | train acc: 1.000 | train loss: 0.000 |val acc: 0.773 (0.868, 0.624) | val dp gap: 0.1945
Files already downloaded and verified
4037 labeled samples and 158733 unlabeled samples. Total: 162770
Use 4037 samples. Get 4331 labels. Ratio: 0.9321172939274994
Epoch 3
 32.52% | time: 116.9s ( 80.4m) | step:   2574 | train acc: 1.000 | train loss: 0.000 |test acc: 0.762 (0.856, 0.613) | test dp gap: 0.1856
begin calculating influence
[Strategy 2] Acc of expected label: 0.7539453125
calculating influence -- done
 32.52% | time: 438.8s ( 87.7m) | step:   2574 | train acc: 1.000 | train loss: 0.000 |val acc: 0.774 (0.869, 0.624) | val dp gap: 0.1927
Files already downloaded and verified
4040 labeled samples and 158730 unlabeled samples. Total: 162770
Use 4040 samples. Get 4338 labels. Ratio: 0.9313047487321346
 35.05% | time:  70.3s ( 88.9m) | step:   2774 | train acc: 1.000 | train loss: 0.000 |test acc: 0.763 (0.857, 0.614) | test dp gap: 0.1886
begin calculating influence
[Strategy 2] Acc of expected label: 0.7549609375
calculating influence -- done
 35.05% | time: 437.7s ( 96.2m) | step:   2774 | train acc: 1.000 | train loss: 0.000 |val acc: 0.772 (0.867, 0.623) | val dp gap: 0.1950
Files already downloaded and verified
4043 labeled samples and 158727 unlabeled samples. Total: 162770
Use 4043 samples. Get 4342 labels. Ratio: 0.9311377245508982
 37.58% | time:  71.5s ( 97.4m) | step:   2974 | train acc: 1.000 | train loss: 0.000 |test acc: 0.762 (0.856, 0.613) | test dp gap: 0.1865
begin calculating influence
[Strategy 2] Acc of expected label: 0.7533984375
calculating influence -- done
 37.58% | time: 432.6s (104.6m) | step:   2974 | train acc: 1.000 | train loss: 0.000 |val acc: 0.773 (0.869, 0.623) | val dp gap: 0.1898
Files already downloaded and verified
4045 labeled samples and 158725 unlabeled samples. Total: 162770
Use 4045 samples. Get 4344 labels. Ratio: 0.9311694290976059
Epoch 4
 42.52% | time: 116.7s (106.5m) | step:   3365 | train acc: 1.000 | train loss: 0.000 |test acc: 0.763 (0.856, 0.614) | test dp gap: 0.1841
begin calculating influence
[Strategy 2] Acc of expected label: 0.750546875
calculating influence -- done
 42.52% | time: 429.3s (113.7m) | step:   3365 | train acc: 1.000 | train loss: 0.000 |val acc: 0.773 (0.868, 0.624) | val dp gap: 0.1945
Files already downloaded and verified
4051 labeled samples and 158719 unlabeled samples. Total: 162770
Use 4051 samples. Get 4359 labels. Ratio: 0.9293415921082817
 45.05% | time:  71.2s (114.9m) | step:   3565 | train acc: 1.000 | train loss: 0.000 |test acc: 0.761 (0.856, 0.611) | test dp gap: 0.1810
begin calculating influence
[Strategy 2] Acc of expected label: 0.7516796875
calculating influence -- done
 45.05% | time: 429.7s (122.0m) | step:   3565 | train acc: 1.000 | train loss: 0.000 |val acc: 0.773 (0.866, 0.627) | val dp gap: 0.1893
Files already downloaded and verified
4052 labeled samples and 158718 unlabeled samples. Total: 162770
Use 4052 samples. Get 4362 labels. Ratio: 0.9289316827143512
 47.57% | time:  70.3s (123.2m) | step:   3765 | train acc: 1.000 | train loss: 0.000 |test acc: 0.761 (0.855, 0.612) | test dp gap: 0.1814
begin calculating influence
[Strategy 2] Acc of expected label: 0.7554296875
calculating influence -- done
 47.57% | time: 429.7s (130.4m) | step:   3765 | train acc: 1.000 | train loss: 0.000 |val acc: 0.774 (0.867, 0.628) | val dp gap: 0.1940
Files already downloaded and verified
4053 labeled samples and 158717 unlabeled samples. Total: 162770
Use 4053 samples. Get 4365 labels. Ratio: 0.9285223367697595
Epoch 5
 52.53% | time: 116.0s (132.3m) | step:   4157 | train acc: 1.000 | train loss: 0.000 |test acc: 0.761 (0.855, 0.611) | test dp gap: 0.1801
begin calculating influence
[Strategy 2] Acc of expected label: 0.7523828125
calculating influence -- done
 52.53% | time: 429.8s (139.5m) | step:   4157 | train acc: 1.000 | train loss: 0.000 |val acc: 0.776 (0.869, 0.629) | val dp gap: 0.1876
Files already downloaded and verified
4056 labeled samples and 158714 unlabeled samples. Total: 162770
Use 4056 samples. Get 4368 labels. Ratio: 0.9285714285714286
 55.05% | time:  71.4s (140.7m) | step:   4357 | train acc: 1.000 | train loss: 0.008 |test acc: 0.768 (0.861, 0.619) | test dp gap: 0.1708
begin calculating influence
[Strategy 2] Acc of expected label: 0.7515234375
calculating influence -- done
 55.05% | time: 427.9s (147.8m) | step:   4357 | train acc: 1.000 | train loss: 0.008 |val acc: 0.770 (0.861, 0.628) | val dp gap: 0.1858
Files already downloaded and verified
4057 labeled samples and 158713 unlabeled samples. Total: 162770
Use 4057 samples. Get 4370 labels. Ratio: 0.9283752860411899
 57.58% | time:  70.9s (149.0m) | step:   4557 | train acc: 1.000 | train loss: 0.000 |test acc: 0.763 (0.854, 0.619) | test dp gap: 0.1833
begin calculating influence
[Strategy 2] Acc of expected label: 0.751640625
calculating influence -- done
 57.58% | time: 427.7s (156.1m) | step:   4557 | train acc: 1.000 | train loss: 0.000 |val acc: 0.771 (0.857, 0.636) | val dp gap: 0.1966
Files already downloaded and verified
4061 labeled samples and 158709 unlabeled samples. Total: 162770
Use 4061 samples. Get 4377 labels. Ratio: 0.9278044322595385
Epoch 6
 62.52% | time: 119.6s (158.1m) | step:   4948 | train acc: 1.000 | train loss: 0.000 |test acc: 0.764 (0.854, 0.620) | test dp gap: 0.1807
begin calculating influence
[Strategy 2] Acc of expected label: 0.7511328125
calculating influence -- done
 62.52% | time: 421.5s (165.1m) | step:   4948 | train acc: 1.000 | train loss: 0.000 |val acc: 0.770 (0.856, 0.636) | val dp gap: 0.1898
Files already downloaded and verified
4062 labeled samples and 158708 unlabeled samples. Total: 162770
Use 4062 samples. Get 4381 labels. Ratio: 0.927185574069847
 65.05% | time:  76.5s (166.4m) | step:   5148 | train acc: 1.000 | train loss: 0.000 |test acc: 0.763 (0.853, 0.621) | test dp gap: 0.1803
begin calculating influence
[Strategy 2] Acc of expected label: 0.75015625
calculating influence -- done
 65.05% | time: 422.6s (173.4m) | step:   5148 | train acc: 1.000 | train loss: 0.000 |val acc: 0.770 (0.856, 0.634) | val dp gap: 0.1885
Files already downloaded and verified
4063 labeled samples and 158707 unlabeled samples. Total: 162770
Use 4063 samples. Get 4385 labels. Ratio: 0.9265678449258837
 67.58% | time:  76.8s (174.7m) | step:   5348 | train acc: 1.000 | train loss: 0.000 |test acc: 0.764 (0.853, 0.621) | test dp gap: 0.1803
begin calculating influence
[Strategy 2] Acc of expected label: 0.749765625
calculating influence -- done
 67.58% | time: 424.6s (181.8m) | step:   5348 | train acc: 1.000 | train loss: 0.000 |val acc: 0.770 (0.856, 0.636) | val dp gap: 0.1872
Files already downloaded and verified
4067 labeled samples and 158703 unlabeled samples. Total: 162770
Use 4067 samples. Get 4391 labels. Ratio: 0.9262127078114325
Epoch 7
 72.52% | time: 116.3s (183.7m) | step:   5739 | train acc: 1.000 | train loss: 0.000 |test acc: 0.767 (0.858, 0.620) | test dp gap: 0.1779
begin calculating influence
[Strategy 2] Acc of expected label: 0.75671875
calculating influence -- done
 72.52% | time: 424.3s (190.8m) | step:   5739 | train acc: 1.000 | train loss: 0.000 |val acc: 0.775 (0.863, 0.637) | val dp gap: 0.1933
Files already downloaded and verified
4071 labeled samples and 158699 unlabeled samples. Total: 162770
Use 4071 samples. Get 4397 labels. Ratio: 0.9258585399135775
 75.04% | time:  72.7s (192.0m) | step:   5939 | train acc: 1.000 | train loss: 0.000 |test acc: 0.767 (0.858, 0.621) | test dp gap: 0.1789
begin calculating influence
[Strategy 2] Acc of expected label: 0.755390625
calculating influence -- done
 75.04% | time: 423.4s (199.1m) | step:   5939 | train acc: 1.000 | train loss: 0.000 |val acc: 0.776 (0.863, 0.638) | val dp gap: 0.1920
Files already downloaded and verified
4074 labeled samples and 158696 unlabeled samples. Total: 162770
Use 4074 samples. Get 4403 labels. Ratio: 0.9252782193958664
 77.57% | time:  72.2s (200.3m) | step:   6139 | train acc: 1.000 | train loss: 0.000 |test acc: 0.766 (0.858, 0.621) | test dp gap: 0.1780
begin calculating influence
[Strategy 2] Acc of expected label: 0.750859375
calculating influence -- done
 77.57% | time: 423.5s (207.3m) | step:   6139 | train acc: 1.000 | train loss: 0.000 |val acc: 0.775 (0.863, 0.636) | val dp gap: 0.1962
Files already downloaded and verified
4075 labeled samples and 158695 unlabeled samples. Total: 162770
Use 4075 samples. Get 4407 labels. Ratio: 0.9246653051962787
Epoch 8
 82.52% | time: 118.2s (209.3m) | step:   6531 | train acc: 1.000 | train loss: 0.000 |test acc: 0.767 (0.858, 0.621) | test dp gap: 0.1781
begin calculating influence
[Strategy 2] Acc of expected label: 0.7503125
calculating influence -- done
 82.52% | time: 429.5s (216.5m) | step:   6531 | train acc: 1.000 | train loss: 0.000 |val acc: 0.776 (0.861, 0.641) | val dp gap: 0.1988
Files already downloaded and verified
4076 labeled samples and 158694 unlabeled samples. Total: 162770
Use 4076 samples. Get 4409 labels. Ratio: 0.9244726695395782
 85.05% | time:  72.3s (217.7m) | step:   6731 | train acc: 1.000 | train loss: 0.000 |test acc: 0.767 (0.859, 0.621) | test dp gap: 0.1823
begin calculating influence
[Strategy 2] Acc of expected label: 0.7476953125
calculating influence -- done
 85.05% | time: 430.4s (224.9m) | step:   6731 | train acc: 1.000 | train loss: 0.000 |val acc: 0.778 (0.865, 0.641) | val dp gap: 0.1979
Files already downloaded and verified
4076 labeled samples and 158694 unlabeled samples. Total: 162770
Use 4076 samples. Get 4412 labels. Ratio: 0.9238440616500453
 87.58% | time:  65.3s (225.9m) | step:   6931 | train acc: 1.000 | train loss: 0.000 |test acc: 0.767 (0.859, 0.620) | test dp gap: 0.1828
begin calculating influence
[Strategy 2] Acc of expected label: 0.74875
calculating influence -- done
 87.58% | time: 434.1s (233.2m) | step:   6931 | train acc: 1.000 | train loss: 0.000 |val acc: 0.781 (0.865, 0.647) | val dp gap: 0.1974
Files already downloaded and verified
4076 labeled samples and 158694 unlabeled samples. Total: 162770
Use 4076 samples. Get 4412 labels. Ratio: 0.9238440616500453
Epoch 9
 92.52% | time: 112.2s (235.0m) | step:   7322 | train acc: 1.000 | train loss: 0.000 |test acc: 0.767 (0.859, 0.621) | test dp gap: 0.1797
begin calculating influence
[Strategy 2] Acc of expected label: 0.7500390625
calculating influence -- done
 92.52% | time: 434.6s (242.3m) | step:   7322 | train acc: 1.000 | train loss: 0.000 |val acc: 0.780 (0.865, 0.646) | val dp gap: 0.1961
Files already downloaded and verified
4081 labeled samples and 158689 unlabeled samples. Total: 162770
Use 4081 samples. Get 4419 labels. Ratio: 0.9235121068114958
 95.05% | time:  73.3s (243.5m) | step:   7522 | train acc: 1.000 | train loss: 0.000 |test acc: 0.767 (0.859, 0.621) | test dp gap: 0.1794
begin calculating influence
[Strategy 2] Acc of expected label: 0.75359375
calculating influence -- done
 95.05% | time: 444.5s (250.9m) | step:   7522 | train acc: 1.000 | train loss: 0.000 |val acc: 0.780 (0.865, 0.646) | val dp gap: 0.1953
Files already downloaded and verified
4081 labeled samples and 158689 unlabeled samples. Total: 162770
Use 4081 samples. Get 4421 labels. Ratio: 0.923094322551459
 97.57% | time:  68.9s (252.1m) | step:   7722 | train acc: 1.000 | train loss: 0.000 |test acc: 0.767 (0.859, 0.621) | test dp gap: 0.1794
begin calculating influence
[Strategy 2] Acc of expected label: 0.756953125
calculating influence -- done
 97.57% | time: 434.9s (259.3m) | step:   7722 | train acc: 1.000 | train loss: 0.000 |val acc: 0.779 (0.865, 0.644) | val dp gap: 0.1953
Files already downloaded and verified
4081 labeled samples and 158689 unlabeled samples. Total: 162770
Use 4081 samples. Get 4421 labels. Ratio: 0.923094322551459
