Files already downloaded and verified
3255 labeled samples and 159515 unlabeled samples. Total: 162770
Files already downloaded and verified
1996 labeled samples and 17966 unlabeled samples. Total: 19962
Numer of layers 200
train net...
train with 162770 samples (with replacement) in one epoch
Epoch 0
  2.62% | time:  98.4s (  1.6m) | step:    200 | train acc: 0.965 | train loss: 0.100 |warm_t acc: 0.762 (0.850, 0.623) | warm_t eop gap: 0.1973
  2.62% | time:   6.2s (  1.7m) | step:    200 | train acc: 0.965 | train loss: 0.100 |warm_v acc: 0.762 (0.848, 0.617) | warm_v eop gap: 0.2062
  5.24% | time:  77.7s (  3.0m) | step:    400 | train acc: 0.703 | train loss: 0.730 |warm_t acc: 0.641 (0.701, 0.546) | warm_t eop gap: 0.1308
  5.24% | time:   1.0s (  3.1m) | step:    400 | train acc: 0.703 | train loss: 0.730 |warm_v acc: 0.625 (0.704, 0.499) | warm_v eop gap: 0.0900
  7.86% | time:  75.3s (  4.3m) | step:    600 | train acc: 0.832 | train loss: 0.405 |warm_t acc: 0.761 (0.862, 0.601) | warm_t eop gap: 0.2031
  7.86% | time:   1.4s (  4.3m) | step:    600 | train acc: 0.832 | train loss: 0.405 |warm_v acc: 0.755 (0.855, 0.593) | warm_v eop gap: 0.1762
  8.32% | time:  21.7s (  4.7m) | step:    635 | train acc: 0.836 | train loss: 0.358 |warm_t acc: 0.783 (0.881, 0.628) | warm_t eop gap: 0.1738
  8.32% | time:   1.5s (  4.7m) | step:    635 | train acc: 0.836 | train loss: 0.358 |warm_v acc: 0.770 (0.883, 0.600) | warm_v eop gap: 0.1112
Epoch 1
 10.95% | time:  76.0s (  6.0m) | step:    835 | train acc: 0.922 | train loss: 0.192 |warm_t acc: 0.754 (0.845, 0.608) | warm_t eop gap: 0.2499
 10.95% | time:   1.5s (  6.0m) | step:    835 | train acc: 0.922 | train loss: 0.192 |warm_v acc: 0.738 (0.832, 0.589) | warm_v eop gap: 0.1583
 13.57% | time:  74.5s (  7.3m) | step:   1035 | train acc: 1.000 | train loss: 0.003 |warm_t acc: 0.744 (0.832, 0.604) | warm_t eop gap: 0.2235
 13.57% | time:   1.5s (  7.3m) | step:   1035 | train acc: 1.000 | train loss: 0.003 |warm_v acc: 0.744 (0.829, 0.611) | warm_v eop gap: 0.2064
 16.19% | time:  73.7s (  8.5m) | step:   1235 | train acc: 1.000 | train loss: 0.000 |warm_t acc: 0.744 (0.830, 0.606) | warm_t eop gap: 0.2274
 16.19% | time:   1.5s (  8.5m) | step:   1235 | train acc: 1.000 | train loss: 0.000 |warm_v acc: 0.745 (0.829, 0.623) | warm_v eop gap: 0.2576
 16.65% | time:  24.3s (  8.9m) | step:   1270 | train acc: 1.000 | train loss: 0.000 |warm_t acc: 0.744 (0.830, 0.607) | warm_t eop gap: 0.2309
 16.65% | time:   1.4s (  9.0m) | step:   1270 | train acc: 1.000 | train loss: 0.000 |warm_v acc: 0.755 (0.841, 0.618) | warm_v eop gap: 0.2140
Epoch 2
 19.28% | time:  69.6s ( 10.1m) | step:   1471 | train acc: 1.000 | train loss: 0.000 |test acc: 0.744 (0.831, 0.606) | test eop gap: 0.2253
 19.28% | time:   1.5s ( 10.1m) | step:   1471 | train acc: 1.000 | train loss: 0.000 |val acc: 0.753 (0.842, 0.610) | val eop gap: 0.1708
begin calculating influence
selected layers: [Traced<ShapedArray(float32[768])>with<DynamicJaxprTrace(level=0/1)>, Traced<ShapedArray(float32[8,8,3,768])>with<DynamicJaxprTrace(level=0/1)>, Traced<ShapedArray(float32[2])>with<DynamicJaxprTrace(level=0/1)>, Traced<ShapedArray(float32[768,2])>with<DynamicJaxprTrace(level=0/1)>]
calculating influence -- done
Files already downloaded and verified
3511 labeled samples and 159259 unlabeled samples. Total: 162770
Use 3511 samples. Get 3511 labels. Ratio: 1.0
 21.90% | time: 724.9s ( 22.2m) | step:   1671 | train acc: 0.918 | train loss: 0.196 |test acc: 0.707 (0.794, 0.569) | test eop gap: 0.2307
 21.90% | time:   1.2s ( 22.2m) | step:   1671 | train acc: 0.918 | train loss: 0.196 |val acc: 0.707 (0.781, 0.592) | val eop gap: 0.2415
begin calculating influence
calculating influence -- done
Files already downloaded and verified
3767 labeled samples and 159003 unlabeled samples. Total: 162770
Use 3767 samples. Get 3767 labels. Ratio: 1.0
 24.52% | time: 730.2s ( 34.4m) | step:   1871 | train acc: 0.883 | train loss: 0.302 |test acc: 0.749 (0.844, 0.598) | test eop gap: 0.2501
 24.52% | time:   1.6s ( 34.4m) | step:   1871 | train acc: 0.883 | train loss: 0.302 |val acc: 0.734 (0.837, 0.575) | val eop gap: 0.2444
begin calculating influence
calculating influence -- done
Files already downloaded and verified
4023 labeled samples and 158747 unlabeled samples. Total: 162770
Use 4023 samples. Get 4023 labels. Ratio: 1.0
 24.98% | time: 665.8s ( 45.5m) | step:   1906 | train acc: 0.879 | train loss: 0.285 |test acc: 0.757 (0.847, 0.615) | test eop gap: 0.1896
 24.98% | time:   1.4s ( 45.6m) | step:   1906 | train acc: 0.879 | train loss: 0.285 |val acc: 0.745 (0.835, 0.603) | val eop gap: 0.1917
begin calculating influence
calculating influence -- done
Files already downloaded and verified
4279 labeled samples and 158491 unlabeled samples. Total: 162770
Use 4279 samples. Get 4279 labels. Ratio: 1.0
Epoch 3
 27.62% | time: 723.4s ( 57.6m) | step:   2107 | train acc: 0.895 | train loss: 0.263 |test acc: 0.774 (0.866, 0.628) | test eop gap: 0.2221
 27.62% | time:   1.4s ( 57.6m) | step:   2107 | train acc: 0.895 | train loss: 0.263 |val acc: 0.766 (0.868, 0.609) | val eop gap: 0.1651
begin calculating influence
calculating influence -- done
Files already downloaded and verified
4535 labeled samples and 158235 unlabeled samples. Total: 162770
Use 4535 samples. Get 4535 labels. Ratio: 1.0
 30.24% | time: 727.3s ( 69.8m) | step:   2307 | train acc: 1.000 | train loss: 0.002 |test acc: 0.746 (0.831, 0.610) | test eop gap: 0.2188
 30.24% | time:   1.4s ( 69.8m) | step:   2307 | train acc: 1.000 | train loss: 0.002 |val acc: 0.740 (0.831, 0.596) | val eop gap: 0.1889
begin calculating influence
calculating influence -- done
Files already downloaded and verified
4791 labeled samples and 157979 unlabeled samples. Total: 162770
Use 4791 samples. Get 4791 labels. Ratio: 1.0
 32.86% | time: 728.3s ( 81.9m) | step:   2507 | train acc: 1.000 | train loss: 0.001 |test acc: 0.746 (0.835, 0.606) | test eop gap: 0.2142
 32.86% | time:   1.4s ( 81.9m) | step:   2507 | train acc: 1.000 | train loss: 0.001 |val acc: 0.729 (0.827, 0.582) | val eop gap: 0.2195
begin calculating influence
calculating influence -- done
Files already downloaded and verified
5047 labeled samples and 157723 unlabeled samples. Total: 162770
Use 5047 samples. Get 5047 labels. Ratio: 1.0
 33.32% | time: 669.6s ( 93.1m) | step:   2542 | train acc: 0.965 | train loss: 0.137 |test acc: 0.733 (0.816, 0.602) | test eop gap: 0.2387
 33.32% | time:   1.5s ( 93.1m) | step:   2542 | train acc: 0.965 | train loss: 0.137 |val acc: 0.734 (0.818, 0.600) | val eop gap: 0.2160
begin calculating influence
calculating influence -- done
Files already downloaded and verified
5303 labeled samples and 157467 unlabeled samples. Total: 162770
Use 5303 samples. Get 5303 labels. Ratio: 1.0
Epoch 4
 35.95% | time: 726.2s (105.2m) | step:   2743 | train acc: 1.000 | train loss: 0.001 |test acc: 0.750 (0.842, 0.605) | test eop gap: 0.2149
 35.95% | time:   1.4s (105.3m) | step:   2743 | train acc: 1.000 | train loss: 0.001 |val acc: 0.734 (0.824, 0.594) | val eop gap: 0.3063
begin calculating influence
calculating influence -- done
Files already downloaded and verified
5559 labeled samples and 157211 unlabeled samples. Total: 162770
Use 5559 samples. Get 5559 labels. Ratio: 1.0
 38.58% | time: 730.0s (117.4m) | step:   2943 | train acc: 1.000 | train loss: 0.000 |test acc: 0.752 (0.841, 0.611) | test eop gap: 0.2142
 38.58% | time:   1.4s (117.4m) | step:   2943 | train acc: 1.000 | train loss: 0.000 |val acc: 0.749 (0.844, 0.590) | val eop gap: 0.2834
begin calculating influence
calculating influence -- done
Files already downloaded and verified
5815 labeled samples and 156955 unlabeled samples. Total: 162770
Use 5815 samples. Get 5815 labels. Ratio: 1.0
 41.20% | time: 732.2s (129.7m) | step:   3143 | train acc: 1.000 | train loss: 0.001 |test acc: 0.750 (0.838, 0.609) | test eop gap: 0.2137
 41.20% | time:   1.4s (129.7m) | step:   3143 | train acc: 1.000 | train loss: 0.001 |val acc: 0.730 (0.821, 0.592) | val eop gap: 0.1794
begin calculating influence
calculating influence -- done
Files already downloaded and verified
6071 labeled samples and 156699 unlabeled samples. Total: 162770
Use 6071 samples. Get 6071 labels. Ratio: 1.0
 41.66% | time: 678.1s (141.0m) | step:   3178 | train acc: 0.973 | train loss: 0.058 |test acc: 0.719 (0.800, 0.589) | test eop gap: 0.2077
 41.66% | time:   1.4s (141.0m) | step:   3178 | train acc: 0.973 | train loss: 0.058 |val acc: 0.715 (0.796, 0.585) | val eop gap: 0.2579
begin calculating influence
calculating influence -- done
Files already downloaded and verified
6327 labeled samples and 156443 unlabeled samples. Total: 162770
Use 6327 samples. Get 6327 labels. Ratio: 1.0
Epoch 5
 44.29% | time: 732.3s (153.2m) | step:   3379 | train acc: 1.000 | train loss: 0.001 |test acc: 0.752 (0.839, 0.613) | test eop gap: 0.2278
 44.29% | time:   1.5s (153.2m) | step:   3379 | train acc: 1.000 | train loss: 0.001 |val acc: 0.756 (0.844, 0.607) | val eop gap: 0.2130
begin calculating influence
calculating influence -- done
Files already downloaded and verified
6583 labeled samples and 156187 unlabeled samples. Total: 162770
Use 6583 samples. Get 6583 labels. Ratio: 1.0
 46.91% | time: 737.4s (165.5m) | step:   3579 | train acc: 1.000 | train loss: 0.000 |test acc: 0.752 (0.839, 0.613) | test eop gap: 0.2016
 46.91% | time:   1.4s (165.5m) | step:   3579 | train acc: 1.000 | train loss: 0.000 |val acc: 0.740 (0.819, 0.616) | val eop gap: 0.2410
begin calculating influence
calculating influence -- done
Files already downloaded and verified
6839 labeled samples and 155931 unlabeled samples. Total: 162770
Use 6839 samples. Get 6839 labels. Ratio: 1.0
 49.53% | time: 738.6s (177.9m) | step:   3779 | train acc: 1.000 | train loss: 0.000 |test acc: 0.750 (0.836, 0.615) | test eop gap: 0.2108
 49.53% | time:   1.4s (177.9m) | step:   3779 | train acc: 1.000 | train loss: 0.000 |val acc: 0.740 (0.822, 0.606) | val eop gap: 0.2357
begin calculating influence
calculating influence -- done
Files already downloaded and verified
7095 labeled samples and 155675 unlabeled samples. Total: 162770
Use 7095 samples. Get 7095 labels. Ratio: 1.0
 49.99% | time: 678.7s (189.2m) | step:   3814 | train acc: 0.996 | train loss: 0.047 |test acc: 0.728 (0.809, 0.598) | test eop gap: 0.2059
 49.99% | time:   1.5s (189.2m) | step:   3814 | train acc: 0.996 | train loss: 0.047 |val acc: 0.715 (0.798, 0.579) | val eop gap: 0.2109
begin calculating influence
calculating influence -- done
Files already downloaded and verified
7351 labeled samples and 155419 unlabeled samples. Total: 162770
Use 7351 samples. Get 7351 labels. Ratio: 1.0
Epoch 6
 52.62% | time: 729.0s (201.4m) | step:   4014 | train acc: 1.000 | train loss: 0.001 |test acc: 0.752 (0.840, 0.613) | test eop gap: 0.2080
 52.62% | time:   1.5s (201.4m) | step:   4014 | train acc: 1.000 | train loss: 0.001 |val acc: 0.742 (0.831, 0.609) | val eop gap: 0.1904
begin calculating influence
calculating influence -- done
Files already downloaded and verified
7607 labeled samples and 155163 unlabeled samples. Total: 162770
Use 7607 samples. Get 7607 labels. Ratio: 1.0
 55.24% | time: 736.2s (213.7m) | step:   4214 | train acc: 1.000 | train loss: 0.001 |test acc: 0.751 (0.839, 0.611) | test eop gap: 0.2202
 55.24% | time:   1.4s (213.7m) | step:   4214 | train acc: 1.000 | train loss: 0.001 |val acc: 0.739 (0.831, 0.595) | val eop gap: 0.2139
begin calculating influence
calculating influence -- done
Files already downloaded and verified
7863 labeled samples and 154907 unlabeled samples. Total: 162770
Use 7863 samples. Get 7863 labels. Ratio: 1.0
 57.86% | time: 736.0s (225.9m) | step:   4414 | train acc: 1.000 | train loss: 0.000 |test acc: 0.752 (0.839, 0.614) | test eop gap: 0.2170
 57.86% | time:   1.5s (226.0m) | step:   4414 | train acc: 1.000 | train loss: 0.000 |val acc: 0.748 (0.839, 0.607) | val eop gap: 0.2145
begin calculating influence
calculating influence -- done
Files already downloaded and verified
8119 labeled samples and 154651 unlabeled samples. Total: 162770
Use 8119 samples. Get 8119 labels. Ratio: 1.0
 58.32% | time: 678.1s (237.3m) | step:   4449 | train acc: 0.996 | train loss: 0.029 |test acc: 0.760 (0.847, 0.621) | test eop gap: 0.2121
 58.32% | time:   1.4s (237.3m) | step:   4449 | train acc: 0.996 | train loss: 0.029 |val acc: 0.758 (0.842, 0.622) | val eop gap: 0.2548
begin calculating influence
calculating influence -- done
Files already downloaded and verified
8375 labeled samples and 154395 unlabeled samples. Total: 162770
Use 8375 samples. Get 8375 labels. Ratio: 1.0
Epoch 7
 60.95% | time: 728.1s (249.4m) | step:   4650 | train acc: 1.000 | train loss: 0.000 |test acc: 0.752 (0.841, 0.610) | test eop gap: 0.2184
 60.95% | time:   1.5s (249.5m) | step:   4650 | train acc: 1.000 | train loss: 0.000 |val acc: 0.751 (0.836, 0.622) | val eop gap: 0.2414
begin calculating influence
calculating influence -- done
Files already downloaded and verified
8631 labeled samples and 154139 unlabeled samples. Total: 162770
Use 8631 samples. Get 8631 labels. Ratio: 1.0
 63.57% | time: 734.6s (261.7m) | step:   4850 | train acc: 1.000 | train loss: 0.001 |test acc: 0.751 (0.838, 0.614) | test eop gap: 0.2228
 63.57% | time:   1.4s (261.7m) | step:   4850 | train acc: 1.000 | train loss: 0.001 |val acc: 0.753 (0.835, 0.623) | val eop gap: 0.2455
begin calculating influence
calculating influence -- done
Files already downloaded and verified
8887 labeled samples and 153883 unlabeled samples. Total: 162770
Use 8887 samples. Get 8887 labels. Ratio: 1.0
 66.19% | time: 736.6s (274.0m) | step:   5050 | train acc: 1.000 | train loss: 0.001 |test acc: 0.753 (0.843, 0.609) | test eop gap: 0.1968
 66.19% | time:   1.5s (274.0m) | step:   5050 | train acc: 1.000 | train loss: 0.001 |val acc: 0.752 (0.837, 0.617) | val eop gap: 0.2455
begin calculating influence
calculating influence -- done
Files already downloaded and verified
9143 labeled samples and 153627 unlabeled samples. Total: 162770
Use 9143 samples. Get 9143 labels. Ratio: 1.0
 66.65% | time: 678.8s (285.3m) | step:   5085 | train acc: 0.992 | train loss: 0.030 |test acc: 0.743 (0.829, 0.606) | test eop gap: 0.2058
 66.65% | time:   1.4s (285.4m) | step:   5085 | train acc: 0.992 | train loss: 0.030 |val acc: 0.738 (0.819, 0.608) | val eop gap: 0.2294
begin calculating influence
calculating influence -- done
Files already downloaded and verified
9399 labeled samples and 153371 unlabeled samples. Total: 162770
Use 9399 samples. Get 9399 labels. Ratio: 1.0
Epoch 8
 69.29% | time: 728.2s (297.5m) | step:   5286 | train acc: 0.996 | train loss: 0.006 |test acc: 0.756 (0.840, 0.621) | test eop gap: 0.2129
 69.29% | time:   1.5s (297.5m) | step:   5286 | train acc: 0.996 | train loss: 0.006 |val acc: 0.750 (0.839, 0.613) | val eop gap: 0.2283
begin calculating influence
calculating influence -- done
Files already downloaded and verified
9655 labeled samples and 153115 unlabeled samples. Total: 162770
Use 9655 samples. Get 9655 labels. Ratio: 1.0
 71.91% | time: 735.7s (309.8m) | step:   5486 | train acc: 1.000 | train loss: 0.001 |test acc: 0.750 (0.837, 0.611) | test eop gap: 0.2248
 71.91% | time:   1.4s (309.8m) | step:   5486 | train acc: 1.000 | train loss: 0.001 |val acc: 0.753 (0.833, 0.624) | val eop gap: 0.2277
begin calculating influence
calculating influence -- done
Files already downloaded and verified
9911 labeled samples and 152859 unlabeled samples. Total: 162770
Use 9911 samples. Get 9911 labels. Ratio: 1.0
 74.53% | time: 736.9s (322.1m) | step:   5686 | train acc: 1.000 | train loss: 0.000 |test acc: 0.759 (0.849, 0.616) | test eop gap: 0.2109
 74.53% | time:   1.4s (322.1m) | step:   5686 | train acc: 1.000 | train loss: 0.000 |val acc: 0.764 (0.843, 0.641) | val eop gap: 0.2498
begin calculating influence
calculating influence -- done
Files already downloaded and verified
10167 labeled samples and 152603 unlabeled samples. Total: 162770
Use 10167 samples. Get 10167 labels. Ratio: 1.0
 74.99% | time: 679.5s (333.4m) | step:   5721 | train acc: 0.996 | train loss: 0.049 |test acc: 0.762 (0.851, 0.619) | test eop gap: 0.2056
 74.99% | time:   1.5s (333.5m) | step:   5721 | train acc: 0.996 | train loss: 0.049 |val acc: 0.763 (0.847, 0.633) | val eop gap: 0.2658
begin calculating influence
calculating influence -- done
Files already downloaded and verified
10423 labeled samples and 152347 unlabeled samples. Total: 162770
Use 10423 samples. Get 10423 labels. Ratio: 1.0
Epoch 9
 77.62% | time: 730.9s (345.6m) | step:   5922 | train acc: 1.000 | train loss: 0.001 |test acc: 0.758 (0.847, 0.616) | test eop gap: 0.2106
 77.62% | time:   1.5s (345.7m) | step:   5922 | train acc: 1.000 | train loss: 0.001 |val acc: 0.777 (0.858, 0.653) | val eop gap: 0.2018
begin calculating influence
calculating influence -- done
Files already downloaded and verified
10679 labeled samples and 152091 unlabeled samples. Total: 162770
Use 10679 samples. Get 10679 labels. Ratio: 1.0
 80.25% | time: 736.8s (358.0m) | step:   6122 | train acc: 1.000 | train loss: 0.000 |test acc: 0.760 (0.848, 0.619) | test eop gap: 0.2125
 80.25% | time:   1.5s (358.0m) | step:   6122 | train acc: 1.000 | train loss: 0.000 |val acc: 0.783 (0.862, 0.655) | val eop gap: 0.2292
begin calculating influence
calculating influence -- done
Files already downloaded and verified
10935 labeled samples and 151835 unlabeled samples. Total: 162770
Use 10935 samples. Get 10935 labels. Ratio: 1.0
 82.87% | time: 735.6s (370.2m) | step:   6322 | train acc: 1.000 | train loss: 0.000 |test acc: 0.754 (0.845, 0.610) | test eop gap: 0.2163
 82.87% | time:   1.6s (370.3m) | step:   6322 | train acc: 1.000 | train loss: 0.000 |val acc: 0.760 (0.845, 0.630) | val eop gap: 0.2989
begin calculating influence
calculating influence -- done
Files already downloaded and verified
11191 labeled samples and 151579 unlabeled samples. Total: 162770
Use 11191 samples. Get 11191 labels. Ratio: 1.0
 83.33% | time: 679.2s (381.6m) | step:   6357 | train acc: 0.988 | train loss: 0.015 |test acc: 0.765 (0.857, 0.618) | test eop gap: 0.2247
 83.33% | time:   1.4s (381.6m) | step:   6357 | train acc: 0.988 | train loss: 0.015 |val acc: 0.774 (0.855, 0.648) | val eop gap: 0.3205
begin calculating influence
calculating influence -- done
Files already downloaded and verified
11447 labeled samples and 151323 unlabeled samples. Total: 162770
Use 11447 samples. Get 11447 labels. Ratio: 1.0
Epoch 10
 85.96% | time: 731.5s (393.8m) | step:   6558 | train acc: 1.000 | train loss: 0.001 |test acc: 0.758 (0.847, 0.617) | test eop gap: 0.2172
 85.96% | time:   1.6s (393.8m) | step:   6558 | train acc: 1.000 | train loss: 0.001 |val acc: 0.765 (0.849, 0.631) | val eop gap: 0.2460
begin calculating influence
calculating influence -- done
Files already downloaded and verified
11703 labeled samples and 151067 unlabeled samples. Total: 162770
Use 11703 samples. Get 11703 labels. Ratio: 1.0
 88.58% | time: 736.3s (406.1m) | step:   6758 | train acc: 0.996 | train loss: 0.005 |test acc: 0.753 (0.843, 0.611) | test eop gap: 0.2108
 88.58% | time:   1.5s (406.1m) | step:   6758 | train acc: 0.996 | train loss: 0.005 |val acc: 0.761 (0.845, 0.635) | val eop gap: 0.2952
begin calculating influence
calculating influence -- done
Files already downloaded and verified
11959 labeled samples and 150811 unlabeled samples. Total: 162770
Use 11959 samples. Get 11959 labels. Ratio: 1.0
 91.20% | time: 738.6s (418.4m) | step:   6958 | train acc: 0.996 | train loss: 0.007 |test acc: 0.765 (0.860, 0.614) | test eop gap: 0.1923
 91.20% | time:   1.4s (418.5m) | step:   6958 | train acc: 0.996 | train loss: 0.007 |val acc: 0.771 (0.863, 0.630) | val eop gap: 0.1933
begin calculating influence
calculating influence -- done
Files already downloaded and verified
12215 labeled samples and 150555 unlabeled samples. Total: 162770
Use 12215 samples. Get 12215 labels. Ratio: 1.0
 91.66% | time: 679.8s (429.8m) | step:   6993 | train acc: 0.996 | train loss: 0.065 |test acc: 0.753 (0.841, 0.612) | test eop gap: 0.1947
 91.66% | time:   1.4s (429.8m) | step:   6993 | train acc: 0.996 | train loss: 0.065 |val acc: 0.755 (0.834, 0.634) | val eop gap: 0.2274
begin calculating influence
calculating influence -- done
Files already downloaded and verified
12471 labeled samples and 150299 unlabeled samples. Total: 162770
Use 12471 samples. Get 12471 labels. Ratio: 1.0
Epoch 11
 94.30% | time: 735.5s (442.1m) | step:   7194 | train acc: 1.000 | train loss: 0.002 |test acc: 0.762 (0.852, 0.618) | test eop gap: 0.2396
 94.30% | time:   1.5s (442.1m) | step:   7194 | train acc: 1.000 | train loss: 0.002 |val acc: 0.766 (0.859, 0.621) | val eop gap: 0.2486
begin calculating influence
calculating influence -- done
Files already downloaded and verified
12727 labeled samples and 150043 unlabeled samples. Total: 162770
Use 12727 samples. Get 12727 labels. Ratio: 1.0
 96.92% | time: 735.8s (454.4m) | step:   7394 | train acc: 0.996 | train loss: 0.007 |test acc: 0.752 (0.839, 0.612) | test eop gap: 0.2325
 96.92% | time:   1.4s (454.4m) | step:   7394 | train acc: 0.996 | train loss: 0.007 |val acc: 0.754 (0.839, 0.620) | val eop gap: 0.2921
begin calculating influence
calculating influence -- done
Files already downloaded and verified
12983 labeled samples and 149787 unlabeled samples. Total: 162770
Use 12983 samples. Get 12983 labels. Ratio: 1.0
 99.54% | time: 737.0s (466.7m) | step:   7594 | train acc: 1.000 | train loss: 0.001 |test acc: 0.763 (0.853, 0.620) | test eop gap: 0.2178
 99.54% | time:   1.5s (466.7m) | step:   7594 | train acc: 1.000 | train loss: 0.001 |val acc: 0.779 (0.855, 0.659) | val eop gap: 0.2801
begin calculating influence
calculating influence -- done
Files already downloaded and verified
13239 labeled samples and 149531 unlabeled samples. Total: 162770
Use 13239 samples. Get 13239 labels. Ratio: 1.0
100.00% | time: 687.5s (478.1m) | step:   7629 | train acc: 1.000 | train loss: 0.000 |test acc: 0.761 (0.850, 0.618) | test eop gap: 0.2303
100.00% | time:   1.5s (478.2m) | step:   7629 | train acc: 1.000 | train loss: 0.000 |val acc: 0.776 (0.848, 0.657) | val eop gap: 0.3737
begin calculating influence
calculating influence -- done
Files already downloaded and verified
13495 labeled samples and 149275 unlabeled samples. Total: 162770
Use 13495 samples. Get 13495 labels. Ratio: 1.0
