Files already downloaded and verified
3255 labeled samples and 159515 unlabeled samples. Total: 162770
Files already downloaded and verified
1996 labeled samples and 17966 unlabeled samples. Total: 19962
Numer of layers 200
train net...
Epoch 0
  2.53% | time:  78.5s (  1.3m) | step:    200 | train acc: 0.977 | train loss: 0.076 |test acc: 0.950 (0.940, 0.966) | test eop gap: 0.0492
begin calculating influence
selected layers: [Traced<ShapedArray(float32[768])>with<DynamicJaxprTrace(level=0/1)>, Traced<ShapedArray(float32[8,8,3,768])>with<DynamicJaxprTrace(level=0/1)>, Traced<ShapedArray(float32[2])>with<DynamicJaxprTrace(level=0/1)>, Traced<ShapedArray(float32[768,2])>with<DynamicJaxprTrace(level=0/1)>]
selected layers: [Traced<ShapedArray(float32[768])>with<DynamicJaxprTrace(level=0/1)>, Traced<ShapedArray(float32[8,8,3,768])>with<DynamicJaxprTrace(level=0/1)>, Traced<ShapedArray(float32[2])>with<DynamicJaxprTrace(level=0/1)>, Traced<ShapedArray(float32[768,2])>with<DynamicJaxprTrace(level=0/1)>]
[Strategy 2] Acc of expected label: 0.9490234375
calculating influence -- done
  2.53% | time: 476.9s (  9.3m) | step:    200 | train acc: 0.977 | train loss: 0.076 |val acc: 0.952 (0.947, 0.960) | val eop gap: 0.1833
Files already downloaded and verified
3511 labeled samples and 159259 unlabeled samples. Total: 162770
Use 3511 samples. Get 3566 labels. Ratio: 0.9845765563656759
  5.05% | time:  70.9s ( 10.4m) | step:    400 | train acc: 1.000 | train loss: 0.000 |test acc: 0.956 (0.944, 0.976) | test eop gap: 0.0316
begin calculating influence
[Strategy 2] Acc of expected label: 0.9557421875
calculating influence -- done
  5.05% | time: 445.7s ( 17.9m) | step:    400 | train acc: 1.000 | train loss: 0.000 |val acc: 0.955 (0.945, 0.972) | val eop gap: 0.0076
Files already downloaded and verified
3635 labeled samples and 159135 unlabeled samples. Total: 162770
Use 3635 samples. Get 3856 labels. Ratio: 0.9426867219917012
  7.58% | time:  75.0s ( 19.1m) | step:    600 | train acc: 1.000 | train loss: 0.000 |test acc: 0.954 (0.941, 0.974) | test eop gap: 0.0678
begin calculating influence
[Strategy 2] Acc of expected label: 0.9558203125
calculating influence -- done
  7.58% | time: 446.2s ( 26.6m) | step:    600 | train acc: 1.000 | train loss: 0.000 |val acc: 0.950 (0.943, 0.961) | val eop gap: 0.0985
Files already downloaded and verified
3891 labeled samples and 158879 unlabeled samples. Total: 162770
Use 3891 samples. Get 4155 labels. Ratio: 0.9364620938628159
Epoch 1
 12.52% | time: 113.7s ( 28.4m) | step:    991 | train acc: 0.969 | train loss: 0.102 |test acc: 0.954 (0.942, 0.973) | test eop gap: 0.0805
begin calculating influence
[Strategy 2] Acc of expected label: 0.9519140625
calculating influence -- done
 12.52% | time: 444.3s ( 35.9m) | step:    991 | train acc: 0.969 | train loss: 0.102 |val acc: 0.950 (0.944, 0.960) | val eop gap: 0.1591
Files already downloaded and verified
4020 labeled samples and 158750 unlabeled samples. Total: 162770
Use 4020 samples. Get 4290 labels. Ratio: 0.9370629370629371
 15.05% | time:  73.8s ( 37.1m) | step:   1191 | train acc: 0.989 | train loss: 0.039 |test acc: 0.958 (0.948, 0.974) | test eop gap: 0.0818
begin calculating influence
[Strategy 2] Acc of expected label: 0.954921875
calculating influence -- done
 15.05% | time: 444.7s ( 44.5m) | step:   1191 | train acc: 0.989 | train loss: 0.039 |val acc: 0.954 (0.943, 0.972) | val eop gap: 0.1682
Files already downloaded and verified
4022 labeled samples and 158748 unlabeled samples. Total: 162770
Use 4022 samples. Get 4299 labels. Ratio: 0.9355664107932077
 17.58% | time:  73.2s ( 45.7m) | step:   1391 | train acc: 1.000 | train loss: 0.002 |test acc: 0.956 (0.945, 0.975) | test eop gap: 0.0629
begin calculating influence
[Strategy 2] Acc of expected label: 0.9551171875
calculating influence -- done
 17.58% | time: 444.9s ( 53.1m) | step:   1391 | train acc: 1.000 | train loss: 0.002 |val acc: 0.950 (0.942, 0.964) | val eop gap: 0.0727
Files already downloaded and verified
4090 labeled samples and 158680 unlabeled samples. Total: 162770
Use 4090 samples. Get 4410 labels. Ratio: 0.927437641723356
Epoch 2
 22.52% | time: 117.3s ( 55.1m) | step:   1782 | train acc: 1.000 | train loss: 0.000 |test acc: 0.957 (0.945, 0.975) | test eop gap: 0.0903
begin calculating influence
[Strategy 2] Acc of expected label: 0.954453125
calculating influence -- done
 22.52% | time: 448.2s ( 62.6m) | step:   1782 | train acc: 1.000 | train loss: 0.000 |val acc: 0.951 (0.942, 0.967) | val eop gap: 0.0530
Files already downloaded and verified
4220 labeled samples and 158550 unlabeled samples. Total: 162770
Use 4220 samples. Get 4720 labels. Ratio: 0.8940677966101694
 25.04% | time:  70.0s ( 63.7m) | step:   1982 | train acc: 1.000 | train loss: 0.000 |test acc: 0.957 (0.946, 0.974) | test eop gap: 0.1597
begin calculating influence
[Strategy 2] Acc of expected label: 0.9551171875
calculating influence -- done
 25.04% | time: 443.2s ( 71.1m) | step:   1982 | train acc: 1.000 | train loss: 0.000 |val acc: 0.952 (0.941, 0.969) | val eop gap: 0.1030
Files already downloaded and verified
4246 labeled samples and 158524 unlabeled samples. Total: 162770
Use 4246 samples. Get 4756 labels. Ratio: 0.892767031118587
 27.57% | time:  69.3s ( 72.3m) | step:   2182 | train acc: 1.000 | train loss: 0.000 |test acc: 0.957 (0.946, 0.976) | test eop gap: 0.1194
begin calculating influence
[Strategy 2] Acc of expected label: 0.9555078125
calculating influence -- done
 27.57% | time: 442.9s ( 79.6m) | step:   2182 | train acc: 1.000 | train loss: 0.000 |val acc: 0.952 (0.942, 0.968) | val eop gap: 0.1030
Files already downloaded and verified
4333 labeled samples and 158437 unlabeled samples. Total: 162770
Use 4333 samples. Get 4976 labels. Ratio: 0.8707797427652733
Epoch 3
 32.52% | time: 115.2s ( 81.6m) | step:   2574 | train acc: 1.000 | train loss: 0.000 |test acc: 0.958 (0.945, 0.977) | test eop gap: 0.1251
begin calculating influence
[Strategy 2] Acc of expected label: 0.95515625
calculating influence -- done
 32.52% | time: 441.6s ( 88.9m) | step:   2574 | train acc: 1.000 | train loss: 0.000 |val acc: 0.954 (0.945, 0.969) | val eop gap: 0.1288
Files already downloaded and verified
4371 labeled samples and 158399 unlabeled samples. Total: 162770
Use 4371 samples. Get 5040 labels. Ratio: 0.8672619047619048
 35.05% | time:  68.8s ( 90.1m) | step:   2774 | train acc: 1.000 | train loss: 0.000 |test acc: 0.957 (0.945, 0.977) | test eop gap: 0.1509
begin calculating influence
[Strategy 2] Acc of expected label: 0.954921875
calculating influence -- done
 35.05% | time: 439.0s ( 97.4m) | step:   2774 | train acc: 1.000 | train loss: 0.000 |val acc: 0.956 (0.946, 0.972) | val eop gap: 0.1288
Files already downloaded and verified
4404 labeled samples and 158366 unlabeled samples. Total: 162770
Use 4404 samples. Get 5124 labels. Ratio: 0.8594847775175644
 37.58% | time:  69.0s ( 98.5m) | step:   2974 | train acc: 1.000 | train loss: 0.000 |test acc: 0.957 (0.945, 0.977) | test eop gap: 0.1334
begin calculating influence
[Strategy 2] Acc of expected label: 0.955
calculating influence -- done
 37.58% | time: 437.5s (105.8m) | step:   2974 | train acc: 1.000 | train loss: 0.000 |val acc: 0.956 (0.947, 0.970) | val eop gap: 0.1288
Files already downloaded and verified
4642 labeled samples and 158128 unlabeled samples. Total: 162770
Use 4642 samples. Get 5672 labels. Ratio: 0.8184062059238364
Epoch 4
 42.52% | time: 115.6s (107.8m) | step:   3365 | train acc: 1.000 | train loss: 0.000 |test acc: 0.955 (0.943, 0.975) | test eop gap: 0.1290
begin calculating influence
[Strategy 2] Acc of expected label: 0.9527734375
calculating influence -- done
 42.52% | time: 439.9s (115.1m) | step:   3365 | train acc: 1.000 | train loss: 0.000 |val acc: 0.954 (0.944, 0.970) | val eop gap: 0.0894
Files already downloaded and verified
4898 labeled samples and 157872 unlabeled samples. Total: 162770
Use 4898 samples. Get 5967 labels. Ratio: 0.8208479973185856
 45.05% | time:  61.3s (116.1m) | step:   3565 | train acc: 1.000 | train loss: 0.002 |test acc: 0.959 (0.947, 0.977) | test eop gap: 0.1419
begin calculating influence
[Strategy 2] Acc of expected label: 0.95609375
calculating influence -- done
 45.05% | time: 437.7s (123.4m) | step:   3565 | train acc: 1.000 | train loss: 0.002 |val acc: 0.956 (0.946, 0.972) | val eop gap: 0.2288
Files already downloaded and verified
4906 labeled samples and 157864 unlabeled samples. Total: 162770
Use 4906 samples. Get 5986 labels. Ratio: 0.8195790177079852
 47.57% | time:  69.0s (124.6m) | step:   3765 | train acc: 1.000 | train loss: 0.000 |test acc: 0.958 (0.946, 0.976) | test eop gap: 0.1276
begin calculating influence
[Strategy 2] Acc of expected label: 0.9560546875
calculating influence -- done
 47.57% | time: 440.3s (131.9m) | step:   3765 | train acc: 1.000 | train loss: 0.000 |val acc: 0.953 (0.944, 0.968) | val eop gap: 0.2288
Files already downloaded and verified
5005 labeled samples and 157765 unlabeled samples. Total: 162770
Use 5005 samples. Get 6117 labels. Ratio: 0.8182115416053621
Epoch 5
 52.53% | time: 114.5s (133.8m) | step:   4157 | train acc: 1.000 | train loss: 0.000 |test acc: 0.959 (0.947, 0.978) | test eop gap: 0.1320
begin calculating influence
[Strategy 2] Acc of expected label: 0.958515625
calculating influence -- done
 52.53% | time: 444.4s (141.2m) | step:   4157 | train acc: 1.000 | train loss: 0.000 |val acc: 0.954 (0.944, 0.969) | val eop gap: 0.2136
Files already downloaded and verified
5086 labeled samples and 157684 unlabeled samples. Total: 162770
Use 5086 samples. Get 6261 labels. Ratio: 0.8123302986743332
 55.05% | time:  69.1s (142.4m) | step:   4357 | train acc: 1.000 | train loss: 0.000 |test acc: 0.958 (0.947, 0.977) | test eop gap: 0.1221
begin calculating influence
[Strategy 2] Acc of expected label: 0.9569921875
calculating influence -- done
 55.05% | time: 439.0s (149.7m) | step:   4357 | train acc: 1.000 | train loss: 0.000 |val acc: 0.956 (0.947, 0.972) | val eop gap: 0.1788
Files already downloaded and verified
5106 labeled samples and 157664 unlabeled samples. Total: 162770
Use 5106 samples. Get 6292 labels. Ratio: 0.8115066751430388
 57.58% | time:  70.3s (150.8m) | step:   4557 | train acc: 1.000 | train loss: 0.000 |test acc: 0.959 (0.947, 0.977) | test eop gap: 0.1156
begin calculating influence
[Strategy 2] Acc of expected label: 0.9575390625
calculating influence -- done
 57.58% | time: 441.2s (158.2m) | step:   4557 | train acc: 1.000 | train loss: 0.000 |val acc: 0.955 (0.944, 0.973) | val eop gap: 0.1636
Files already downloaded and verified
5120 labeled samples and 157650 unlabeled samples. Total: 162770
Use 5120 samples. Get 6309 labels. Ratio: 0.8115390711681725
Epoch 6
 62.52% | time: 111.5s (160.1m) | step:   4948 | train acc: 1.000 | train loss: 0.000 |test acc: 0.959 (0.948, 0.976) | test eop gap: 0.1139
begin calculating influence
[Strategy 2] Acc of expected label: 0.95703125
calculating influence -- done
 62.52% | time: 448.5s (167.5m) | step:   4948 | train acc: 1.000 | train loss: 0.000 |val acc: 0.956 (0.944, 0.974) | val eop gap: 0.1636
Files already downloaded and verified
5129 labeled samples and 157641 unlabeled samples. Total: 162770
Use 5129 samples. Get 6324 labels. Ratio: 0.8110373181530677
 65.05% | time:  73.6s (168.8m) | step:   5148 | train acc: 0.996 | train loss: 0.012 |test acc: 0.958 (0.947, 0.975) | test eop gap: 0.1991
begin calculating influence
[Strategy 2] Acc of expected label: 0.9573828125
calculating influence -- done
 65.05% | time: 446.8s (176.2m) | step:   5148 | train acc: 0.996 | train loss: 0.012 |val acc: 0.959 (0.951, 0.973) | val eop gap: 0.1697
Files already downloaded and verified
5133 labeled samples and 157637 unlabeled samples. Total: 162770
Use 5133 samples. Get 6331 labels. Ratio: 0.8107723898278313
 67.58% | time:  72.1s (177.4m) | step:   5348 | train acc: 1.000 | train loss: 0.000 |test acc: 0.959 (0.948, 0.977) | test eop gap: 0.1819
begin calculating influence
[Strategy 2] Acc of expected label: 0.9566015625
calculating influence -- done
 67.58% | time: 449.7s (184.9m) | step:   5348 | train acc: 1.000 | train loss: 0.000 |val acc: 0.961 (0.955, 0.970) | val eop gap: 0.1742
Files already downloaded and verified
5135 labeled samples and 157635 unlabeled samples. Total: 162770
Use 5135 samples. Get 6338 labels. Ratio: 0.8101924897443988
Epoch 7
 72.52% | time: 116.5s (186.8m) | step:   5739 | train acc: 1.000 | train loss: 0.000 |test acc: 0.959 (0.947, 0.977) | test eop gap: 0.1630
begin calculating influence
[Strategy 2] Acc of expected label: 0.957890625
calculating influence -- done
 72.52% | time: 445.7s (194.3m) | step:   5739 | train acc: 1.000 | train loss: 0.000 |val acc: 0.960 (0.954, 0.970) | val eop gap: 0.1742
Files already downloaded and verified
5153 labeled samples and 157617 unlabeled samples. Total: 162770
Use 5153 samples. Get 6366 labels. Ratio: 0.8094564875903236
 75.04% | time:  73.4s (195.5m) | step:   5939 | train acc: 1.000 | train loss: 0.000 |test acc: 0.959 (0.947, 0.977) | test eop gap: 0.1731
begin calculating influence
[Strategy 2] Acc of expected label: 0.95765625
calculating influence -- done
 75.04% | time: 449.5s (203.0m) | step:   5939 | train acc: 1.000 | train loss: 0.000 |val acc: 0.959 (0.952, 0.970) | val eop gap: 0.1591
Files already downloaded and verified
5182 labeled samples and 157588 unlabeled samples. Total: 162770
Use 5182 samples. Get 6436 labels. Ratio: 0.805158483530143
 77.57% | time:  70.6s (204.2m) | step:   6139 | train acc: 1.000 | train loss: 0.000 |test acc: 0.959 (0.948, 0.976) | test eop gap: 0.1920
begin calculating influence
[Strategy 2] Acc of expected label: 0.958671875
calculating influence -- done
 77.57% | time: 447.7s (211.6m) | step:   6139 | train acc: 1.000 | train loss: 0.000 |val acc: 0.960 (0.952, 0.972) | val eop gap: 0.0939
Files already downloaded and verified
5204 labeled samples and 157566 unlabeled samples. Total: 162770
Use 5204 samples. Get 6472 labels. Ratio: 0.804079110012361
Epoch 8
 82.52% | time: 116.8s (213.6m) | step:   6531 | train acc: 1.000 | train loss: 0.000 |test acc: 0.960 (0.949, 0.977) | test eop gap: 0.1690
begin calculating influence
[Strategy 2] Acc of expected label: 0.9590625
calculating influence -- done
 82.52% | time: 447.1s (221.0m) | step:   6531 | train acc: 1.000 | train loss: 0.000 |val acc: 0.957 (0.946, 0.976) | val eop gap: 0.0788
Files already downloaded and verified
5220 labeled samples and 157550 unlabeled samples. Total: 162770
Use 5220 samples. Get 6512 labels. Ratio: 0.8015970515970516
 85.05% | time:  98.4s (222.7m) | step:   6731 | train acc: 1.000 | train loss: 0.000 |test acc: 0.960 (0.950, 0.977) | test eop gap: 0.2011
begin calculating influence
[Strategy 2] Acc of expected label: 0.96
calculating influence -- done
 85.05% | time: 444.4s (230.1m) | step:   6731 | train acc: 1.000 | train loss: 0.000 |val acc: 0.958 (0.947, 0.976) | val eop gap: 0.0788
Files already downloaded and verified
5250 labeled samples and 157520 unlabeled samples. Total: 162770
Use 5250 samples. Get 6574 labels. Ratio: 0.7986005476118041
 87.58% | time:  74.2s (231.3m) | step:   6931 | train acc: 1.000 | train loss: 0.000 |test acc: 0.960 (0.949, 0.977) | test eop gap: 0.2046
begin calculating influence
[Strategy 2] Acc of expected label: 0.957109375
calculating influence -- done
 87.58% | time: 436.6s (238.6m) | step:   6931 | train acc: 1.000 | train loss: 0.000 |val acc: 0.958 (0.947, 0.976) | val eop gap: 0.0636
Files already downloaded and verified
5358 labeled samples and 157412 unlabeled samples. Total: 162770
Use 5358 samples. Get 6810 labels. Ratio: 0.786784140969163
Epoch 9
 92.52% | time: 116.1s (240.5m) | step:   7322 | train acc: 1.000 | train loss: 0.000 |test acc: 0.959 (0.948, 0.977) | test eop gap: 0.1972
begin calculating influence
[Strategy 2] Acc of expected label: 0.9584765625
calculating influence -- done
 92.52% | time: 431.4s (247.7m) | step:   7322 | train acc: 1.000 | train loss: 0.000 |val acc: 0.956 (0.944, 0.976) | val eop gap: 0.0591
Files already downloaded and verified
5489 labeled samples and 157281 unlabeled samples. Total: 162770
Use 5489 samples. Get 6987 labels. Ratio: 0.7856018319736654
 95.05% | time:  74.4s (248.9m) | step:   7522 | train acc: 1.000 | train loss: 0.000 |test acc: 0.960 (0.949, 0.977) | test eop gap: 0.2112
begin calculating influence
[Strategy 2] Acc of expected label: 0.9587109375
calculating influence -- done
 95.05% | time: 431.0s (256.1m) | step:   7522 | train acc: 1.000 | train loss: 0.000 |val acc: 0.958 (0.947, 0.974) | val eop gap: 0.0788
Files already downloaded and verified
5493 labeled samples and 157277 unlabeled samples. Total: 162770
Use 5493 samples. Get 6993 labels. Ratio: 0.7854997854997855
 97.57% | time:  75.0s (257.4m) | step:   7722 | train acc: 1.000 | train loss: 0.000 |test acc: 0.960 (0.949, 0.977) | test eop gap: 0.1956
begin calculating influence
[Strategy 2] Acc of expected label: 0.95953125
calculating influence -- done
 97.57% | time: 416.2s (264.3m) | step:   7722 | train acc: 1.000 | train loss: 0.000 |val acc: 0.957 (0.945, 0.976) | val eop gap: 0.0636
Files already downloaded and verified
5496 labeled samples and 157274 unlabeled samples. Total: 162770
Use 5496 samples. Get 7006 labels. Ratio: 0.78447045389666
