Files already downloaded and verified
3255 labeled samples and 159515 unlabeled samples. Total: 162770
Files already downloaded and verified
1996 labeled samples and 17966 unlabeled samples. Total: 19962
Numer of layers 200
train net...
train with 162770 samples (with replacement) in one epoch
Epoch 0
  2.62% | time: 101.7s (  1.7m) | step:    200 | train acc: 0.961 | train loss: 0.232 |warm_t acc: 0.943 (0.935, 0.955) | warm_t eod gap: 0.0148
  2.62% | time:   5.9s (  1.8m) | step:    200 | train acc: 0.961 | train loss: 0.232 |warm_v acc: 0.938 (0.933, 0.946) | warm_v eod gap: 0.0353
  5.24% | time:  81.3s (  3.1m) | step:    400 | train acc: 1.000 | train loss: 0.000 |warm_t acc: 0.954 (0.940, 0.976) | warm_t eod gap: 0.0309
  5.24% | time:   1.1s (  3.2m) | step:    400 | train acc: 1.000 | train loss: 0.000 |warm_v acc: 0.951 (0.941, 0.966) | warm_v eod gap: 0.0757
  7.86% | time:  82.3s (  4.5m) | step:    600 | train acc: 1.000 | train loss: 0.000 |warm_t acc: 0.954 (0.940, 0.977) | warm_t eod gap: 0.0303
  7.86% | time:   1.1s (  4.6m) | step:    600 | train acc: 1.000 | train loss: 0.000 |warm_v acc: 0.950 (0.945, 0.958) | warm_v eod gap: 0.0335
  8.32% | time:  19.7s (  4.9m) | step:    635 | train acc: 1.000 | train loss: 0.000 |warm_t acc: 0.954 (0.940, 0.976) | warm_t eod gap: 0.0320
  8.32% | time:   1.1s (  4.9m) | step:    635 | train acc: 1.000 | train loss: 0.000 |warm_v acc: 0.953 (0.946, 0.964) | warm_v eod gap: 0.0693
Epoch 1
 10.95% | time:  79.2s (  6.2m) | step:    835 | train acc: 1.000 | train loss: 0.000 |warm_t acc: 0.954 (0.940, 0.976) | warm_t eod gap: 0.0320
 10.95% | time:   1.1s (  6.2m) | step:    835 | train acc: 1.000 | train loss: 0.000 |warm_v acc: 0.952 (0.943, 0.966) | warm_v eod gap: 0.0231
 13.57% | time:  78.3s (  7.5m) | step:   1035 | train acc: 1.000 | train loss: 0.000 |warm_t acc: 0.954 (0.940, 0.976) | warm_t eod gap: 0.0311
 13.57% | time:   1.5s (  7.6m) | step:   1035 | train acc: 1.000 | train loss: 0.000 |warm_v acc: 0.954 (0.947, 0.965) | warm_v eod gap: 0.0638
 16.19% | time:  75.5s (  8.8m) | step:   1235 | train acc: 1.000 | train loss: 0.000 |warm_t acc: 0.954 (0.940, 0.976) | warm_t eod gap: 0.0318
 16.19% | time:   1.5s (  8.9m) | step:   1235 | train acc: 1.000 | train loss: 0.000 |warm_v acc: 0.954 (0.943, 0.970) | warm_v eod gap: 0.0436
 16.65% | time:  22.9s (  9.2m) | step:   1270 | train acc: 1.000 | train loss: 0.000 |warm_t acc: 0.954 (0.940, 0.976) | warm_t eod gap: 0.0345
 16.65% | time:   1.4s (  9.3m) | step:   1270 | train acc: 1.000 | train loss: 0.000 |warm_v acc: 0.952 (0.942, 0.970) | warm_v eod gap: 0.0088
Epoch 2
 19.28% | time:  77.0s ( 10.5m) | step:   1471 | train acc: 1.000 | train loss: 0.000 |test acc: 0.953 (0.940, 0.975) | test eod gap: 0.0334
 19.28% | time:   1.4s ( 10.6m) | step:   1471 | train acc: 1.000 | train loss: 0.000 |val acc: 0.952 (0.943, 0.966) | val eod gap: 0.0565
begin calculating influence
selected layers: [Traced<ShapedArray(float32[768])>with<DynamicJaxprTrace(level=0/1)>, Traced<ShapedArray(float32[8,8,3,768])>with<DynamicJaxprTrace(level=0/1)>, Traced<ShapedArray(float32[2])>with<DynamicJaxprTrace(level=0/1)>, Traced<ShapedArray(float32[768,2])>with<DynamicJaxprTrace(level=0/1)>]
calculating influence -- done
Files already downloaded and verified
3511 labeled samples and 159259 unlabeled samples. Total: 162770
Use 3511 samples. Get 3511 labels. Ratio: 1.0
 21.90% | time: 747.2s ( 23.0m) | step:   1671 | train acc: 0.977 | train loss: 0.073 |test acc: 0.960 (0.949, 0.979) | test eod gap: 0.0147
 21.90% | time:   1.4s ( 23.0m) | step:   1671 | train acc: 0.977 | train loss: 0.073 |val acc: 0.954 (0.944, 0.970) | val eod gap: 0.0025
begin calculating influence
calculating influence -- done
Files already downloaded and verified
3767 labeled samples and 159003 unlabeled samples. Total: 162770
Use 3767 samples. Get 3767 labels. Ratio: 1.0
 24.52% | time: 748.3s ( 35.5m) | step:   1871 | train acc: 0.984 | train loss: 0.035 |test acc: 0.951 (0.942, 0.966) | test eod gap: 0.0600
 24.52% | time:   1.5s ( 35.5m) | step:   1871 | train acc: 0.984 | train loss: 0.035 |val acc: 0.944 (0.935, 0.959) | val eod gap: 0.0473
begin calculating influence
calculating influence -- done
Files already downloaded and verified
4023 labeled samples and 158747 unlabeled samples. Total: 162770
Use 4023 samples. Get 4023 labels. Ratio: 1.0
 24.98% | time: 699.3s ( 47.2m) | step:   1906 | train acc: 0.996 | train loss: 0.026 |test acc: 0.957 (0.946, 0.974) | test eod gap: 0.0567
 24.98% | time:   1.4s ( 47.2m) | step:   1906 | train acc: 0.996 | train loss: 0.026 |val acc: 0.949 (0.940, 0.965) | val eod gap: 0.0577
begin calculating influence
calculating influence -- done
Files already downloaded and verified
4279 labeled samples and 158491 unlabeled samples. Total: 162770
Use 4279 samples. Get 4279 labels. Ratio: 1.0
Epoch 3
 27.62% | time: 737.7s ( 59.5m) | step:   2107 | train acc: 0.949 | train loss: 0.133 |test acc: 0.960 (0.951, 0.974) | test eod gap: 0.0534
 27.62% | time:   1.1s ( 59.5m) | step:   2107 | train acc: 0.949 | train loss: 0.133 |val acc: 0.951 (0.939, 0.970) | val eod gap: 0.0197
begin calculating influence
calculating influence -- done
Files already downloaded and verified
4535 labeled samples and 158235 unlabeled samples. Total: 162770
Use 4535 samples. Get 4535 labels. Ratio: 1.0
 30.24% | time: 752.5s ( 72.1m) | step:   2307 | train acc: 0.996 | train loss: 0.014 |test acc: 0.958 (0.946, 0.975) | test eod gap: 0.0374
 30.24% | time:   1.2s ( 72.1m) | step:   2307 | train acc: 0.996 | train loss: 0.014 |val acc: 0.951 (0.939, 0.970) | val eod gap: 0.0021
begin calculating influence
calculating influence -- done
Files already downloaded and verified
4791 labeled samples and 157979 unlabeled samples. Total: 162770
Use 4791 samples. Get 4791 labels. Ratio: 1.0
 32.86% | time: 752.4s ( 84.6m) | step:   2507 | train acc: 1.000 | train loss: 0.005 |test acc: 0.956 (0.944, 0.975) | test eod gap: 0.0422
 32.86% | time:   1.4s ( 84.7m) | step:   2507 | train acc: 1.000 | train loss: 0.005 |val acc: 0.951 (0.940, 0.966) | val eod gap: 0.0209
begin calculating influence
calculating influence -- done
Files already downloaded and verified
5047 labeled samples and 157723 unlabeled samples. Total: 162770
Use 5047 samples. Get 5047 labels. Ratio: 1.0
 33.32% | time: 696.0s ( 96.3m) | step:   2542 | train acc: 0.988 | train loss: 0.032 |test acc: 0.955 (0.944, 0.973) | test eod gap: 0.0320
 33.32% | time:   1.4s ( 96.3m) | step:   2542 | train acc: 0.988 | train loss: 0.032 |val acc: 0.949 (0.939, 0.966) | val eod gap: 0.0409
begin calculating influence
calculating influence -- done
Files already downloaded and verified
5303 labeled samples and 157467 unlabeled samples. Total: 162770
Use 5303 samples. Get 5303 labels. Ratio: 1.0
Epoch 4
 35.95% | time: 747.8s (108.7m) | step:   2743 | train acc: 1.000 | train loss: 0.005 |test acc: 0.955 (0.942, 0.975) | test eod gap: 0.0391
 35.95% | time:   1.4s (108.8m) | step:   2743 | train acc: 1.000 | train loss: 0.005 |val acc: 0.954 (0.944, 0.970) | val eod gap: 0.0275
begin calculating influence
calculating influence -- done
Files already downloaded and verified
5559 labeled samples and 157211 unlabeled samples. Total: 162770
Use 5559 samples. Get 5559 labels. Ratio: 1.0
 38.58% | time: 755.1s (121.4m) | step:   2943 | train acc: 1.000 | train loss: 0.000 |test acc: 0.955 (0.942, 0.977) | test eod gap: 0.0208
 38.58% | time:   1.4s (121.4m) | step:   2943 | train acc: 1.000 | train loss: 0.000 |val acc: 0.951 (0.939, 0.971) | val eod gap: 0.0523
begin calculating influence
calculating influence -- done
Files already downloaded and verified
5815 labeled samples and 156955 unlabeled samples. Total: 162770
Use 5815 samples. Get 5815 labels. Ratio: 1.0
 41.20% | time: 754.0s (133.9m) | step:   3143 | train acc: 1.000 | train loss: 0.003 |test acc: 0.956 (0.944, 0.975) | test eod gap: 0.0312
 41.20% | time:   1.4s (134.0m) | step:   3143 | train acc: 1.000 | train loss: 0.003 |val acc: 0.956 (0.945, 0.974) | val eod gap: 0.0454
begin calculating influence
calculating influence -- done
Files already downloaded and verified
6071 labeled samples and 156699 unlabeled samples. Total: 162770
Use 6071 samples. Get 6071 labels. Ratio: 1.0
 41.66% | time: 695.3s (145.6m) | step:   3178 | train acc: 1.000 | train loss: 0.001 |test acc: 0.952 (0.939, 0.972) | test eod gap: 0.0555
 41.66% | time:   1.6s (145.6m) | step:   3178 | train acc: 1.000 | train loss: 0.001 |val acc: 0.952 (0.943, 0.968) | val eod gap: 0.0860
begin calculating influence
calculating influence -- done
Files already downloaded and verified
6327 labeled samples and 156443 unlabeled samples. Total: 162770
Use 6327 samples. Get 6327 labels. Ratio: 1.0
Epoch 5
 44.29% | time: 743.4s (158.0m) | step:   3379 | train acc: 1.000 | train loss: 0.000 |test acc: 0.956 (0.944, 0.974) | test eod gap: 0.0490
 44.29% | time:   1.5s (158.0m) | step:   3379 | train acc: 1.000 | train loss: 0.000 |val acc: 0.955 (0.948, 0.967) | val eod gap: 0.0671
begin calculating influence
calculating influence -- done
Files already downloaded and verified
6583 labeled samples and 156187 unlabeled samples. Total: 162770
Use 6583 samples. Get 6583 labels. Ratio: 1.0
 46.91% | time: 748.2s (170.5m) | step:   3579 | train acc: 1.000 | train loss: 0.000 |test acc: 0.956 (0.945, 0.974) | test eod gap: 0.0535
 46.91% | time:   1.5s (170.5m) | step:   3579 | train acc: 1.000 | train loss: 0.000 |val acc: 0.954 (0.941, 0.973) | val eod gap: 0.0724
begin calculating influence
calculating influence -- done
Files already downloaded and verified
6839 labeled samples and 155931 unlabeled samples. Total: 162770
Use 6839 samples. Get 6839 labels. Ratio: 1.0
 49.53% | time: 754.9s (183.1m) | step:   3779 | train acc: 1.000 | train loss: 0.000 |test acc: 0.957 (0.947, 0.974) | test eod gap: 0.0638
 49.53% | time:   1.5s (183.1m) | step:   3779 | train acc: 1.000 | train loss: 0.000 |val acc: 0.955 (0.945, 0.971) | val eod gap: 0.0050
begin calculating influence
calculating influence -- done
Files already downloaded and verified
7095 labeled samples and 155675 unlabeled samples. Total: 162770
Use 7095 samples. Get 7095 labels. Ratio: 1.0
 49.99% | time: 695.5s (194.7m) | step:   3814 | train acc: 0.992 | train loss: 0.023 |test acc: 0.957 (0.946, 0.973) | test eod gap: 0.0664
 49.99% | time:   1.4s (194.7m) | step:   3814 | train acc: 0.992 | train loss: 0.023 |val acc: 0.956 (0.944, 0.976) | val eod gap: 0.0153
begin calculating influence
calculating influence -- done
Files already downloaded and verified
7351 labeled samples and 155419 unlabeled samples. Total: 162770
Use 7351 samples. Get 7351 labels. Ratio: 1.0
Epoch 6
 52.62% | time: 750.2s (207.2m) | step:   4014 | train acc: 1.000 | train loss: 0.000 |test acc: 0.957 (0.947, 0.974) | test eod gap: 0.0543
 52.62% | time:   1.5s (207.2m) | step:   4014 | train acc: 1.000 | train loss: 0.000 |val acc: 0.956 (0.944, 0.974) | val eod gap: 0.0133
begin calculating influence
calculating influence -- done
Files already downloaded and verified
7607 labeled samples and 155163 unlabeled samples. Total: 162770
Use 7607 samples. Get 7607 labels. Ratio: 1.0
 55.24% | time: 754.5s (219.8m) | step:   4214 | train acc: 1.000 | train loss: 0.000 |test acc: 0.958 (0.947, 0.975) | test eod gap: 0.0599
 55.24% | time:   1.4s (219.8m) | step:   4214 | train acc: 1.000 | train loss: 0.000 |val acc: 0.958 (0.947, 0.977) | val eod gap: 0.0226
begin calculating influence
calculating influence -- done
Files already downloaded and verified
7863 labeled samples and 154907 unlabeled samples. Total: 162770
Use 7863 samples. Get 7863 labels. Ratio: 1.0
 57.86% | time: 749.6s (232.3m) | step:   4414 | train acc: 1.000 | train loss: 0.000 |test acc: 0.959 (0.948, 0.977) | test eod gap: 0.0618
 57.86% | time:   1.4s (232.4m) | step:   4414 | train acc: 1.000 | train loss: 0.000 |val acc: 0.960 (0.952, 0.972) | val eod gap: 0.1079
begin calculating influence
calculating influence -- done
Files already downloaded and verified
8119 labeled samples and 154651 unlabeled samples. Total: 162770
Use 8119 samples. Get 8119 labels. Ratio: 1.0
 58.32% | time: 695.5s (243.9m) | step:   4449 | train acc: 0.996 | train loss: 0.008 |test acc: 0.955 (0.943, 0.974) | test eod gap: 0.0979
 58.32% | time:   1.5s (244.0m) | step:   4449 | train acc: 0.996 | train loss: 0.008 |val acc: 0.948 (0.937, 0.966) | val eod gap: 0.1215
begin calculating influence
calculating influence -- done
Files already downloaded and verified
8375 labeled samples and 154395 unlabeled samples. Total: 162770
Use 8375 samples. Get 8375 labels. Ratio: 1.0
Epoch 7
 60.95% | time: 750.2s (256.5m) | step:   4650 | train acc: 1.000 | train loss: 0.002 |test acc: 0.958 (0.947, 0.975) | test eod gap: 0.0642
 60.95% | time:   1.5s (256.5m) | step:   4650 | train acc: 1.000 | train loss: 0.002 |val acc: 0.957 (0.947, 0.972) | val eod gap: 0.0774
begin calculating influence
calculating influence -- done
Files already downloaded and verified
8631 labeled samples and 154139 unlabeled samples. Total: 162770
Use 8631 samples. Get 8631 labels. Ratio: 1.0
 63.57% | time: 754.5s (269.1m) | step:   4850 | train acc: 1.000 | train loss: 0.000 |test acc: 0.957 (0.947, 0.973) | test eod gap: 0.0724
 63.57% | time:   1.4s (269.1m) | step:   4850 | train acc: 1.000 | train loss: 0.000 |val acc: 0.956 (0.950, 0.966) | val eod gap: 0.0764
begin calculating influence
calculating influence -- done
Files already downloaded and verified
8887 labeled samples and 153883 unlabeled samples. Total: 162770
Use 8887 samples. Get 8887 labels. Ratio: 1.0
 66.19% | time: 755.9s (281.7m) | step:   5050 | train acc: 1.000 | train loss: 0.000 |test acc: 0.957 (0.945, 0.975) | test eod gap: 0.0641
 66.19% | time:   1.5s (281.7m) | step:   5050 | train acc: 1.000 | train loss: 0.000 |val acc: 0.954 (0.947, 0.966) | val eod gap: 0.0031
begin calculating influence
calculating influence -- done
Files already downloaded and verified
9143 labeled samples and 153627 unlabeled samples. Total: 162770
Use 9143 samples. Get 9143 labels. Ratio: 1.0
 66.65% | time: 698.1s (293.4m) | step:   5085 | train acc: 1.000 | train loss: 0.001 |test acc: 0.955 (0.944, 0.974) | test eod gap: 0.0655
 66.65% | time:   1.4s (293.4m) | step:   5085 | train acc: 1.000 | train loss: 0.001 |val acc: 0.958 (0.950, 0.970) | val eod gap: 0.0621
begin calculating influence
calculating influence -- done
Files already downloaded and verified
9399 labeled samples and 153371 unlabeled samples. Total: 162770
Use 9399 samples. Get 9399 labels. Ratio: 1.0
Epoch 8
 69.29% | time: 751.4s (305.9m) | step:   5286 | train acc: 1.000 | train loss: 0.000 |test acc: 0.957 (0.946, 0.975) | test eod gap: 0.0518
 69.29% | time:   1.5s (305.9m) | step:   5286 | train acc: 1.000 | train loss: 0.000 |val acc: 0.951 (0.943, 0.964) | val eod gap: 0.0517
begin calculating influence
calculating influence -- done
Files already downloaded and verified
9655 labeled samples and 153115 unlabeled samples. Total: 162770
Use 9655 samples. Get 9655 labels. Ratio: 1.0
 71.91% | time: 755.2s (318.5m) | step:   5486 | train acc: 0.996 | train loss: 0.005 |test acc: 0.956 (0.944, 0.974) | test eod gap: 0.0600
 71.91% | time:   1.5s (318.5m) | step:   5486 | train acc: 0.996 | train loss: 0.005 |val acc: 0.947 (0.935, 0.964) | val eod gap: 0.0196
begin calculating influence
calculating influence -- done
Files already downloaded and verified
9911 labeled samples and 152859 unlabeled samples. Total: 162770
Use 9911 samples. Get 9911 labels. Ratio: 1.0
 74.53% | time: 757.8s (331.2m) | step:   5686 | train acc: 1.000 | train loss: 0.000 |test acc: 0.958 (0.948, 0.975) | test eod gap: 0.0786
 74.53% | time:   1.5s (331.2m) | step:   5686 | train acc: 1.000 | train loss: 0.000 |val acc: 0.950 (0.939, 0.967) | val eod gap: 0.0665
begin calculating influence
calculating influence -- done
Files already downloaded and verified
10167 labeled samples and 152603 unlabeled samples. Total: 162770
Use 10167 samples. Get 10167 labels. Ratio: 1.0
 74.99% | time: 694.9s (342.8m) | step:   5721 | train acc: 1.000 | train loss: 0.003 |test acc: 0.959 (0.949, 0.976) | test eod gap: 0.0717
 74.99% | time:   1.4s (342.8m) | step:   5721 | train acc: 1.000 | train loss: 0.003 |val acc: 0.956 (0.947, 0.970) | val eod gap: 0.0677
begin calculating influence
calculating influence -- done
Files already downloaded and verified
10423 labeled samples and 152347 unlabeled samples. Total: 162770
Use 10423 samples. Get 10423 labels. Ratio: 1.0
Epoch 9
 77.62% | time: 749.2s (355.3m) | step:   5922 | train acc: 1.000 | train loss: 0.001 |test acc: 0.959 (0.949, 0.975) | test eod gap: 0.0596
 77.62% | time:   1.5s (355.3m) | step:   5922 | train acc: 1.000 | train loss: 0.001 |val acc: 0.954 (0.945, 0.967) | val eod gap: 0.0589
begin calculating influence
calculating influence -- done
Files already downloaded and verified
10679 labeled samples and 152091 unlabeled samples. Total: 162770
Use 10679 samples. Get 10679 labels. Ratio: 1.0
 80.25% | time: 753.8s (367.9m) | step:   6122 | train acc: 1.000 | train loss: 0.000 |test acc: 0.959 (0.949, 0.975) | test eod gap: 0.0487
 80.25% | time:   1.7s (367.9m) | step:   6122 | train acc: 1.000 | train loss: 0.000 |val acc: 0.947 (0.937, 0.964) | val eod gap: 0.0322
begin calculating influence
calculating influence -- done
Files already downloaded and verified
10935 labeled samples and 151835 unlabeled samples. Total: 162770
Use 10935 samples. Get 10935 labels. Ratio: 1.0
 82.87% | time: 753.6s (380.5m) | step:   6322 | train acc: 1.000 | train loss: 0.000 |test acc: 0.957 (0.946, 0.974) | test eod gap: 0.0561
 82.87% | time:   1.4s (380.5m) | step:   6322 | train acc: 1.000 | train loss: 0.000 |val acc: 0.956 (0.946, 0.970) | val eod gap: 0.0925
begin calculating influence
calculating influence -- done
Files already downloaded and verified
11191 labeled samples and 151579 unlabeled samples. Total: 162770
Use 11191 samples. Get 11191 labels. Ratio: 1.0
 83.33% | time: 695.3s (392.1m) | step:   6357 | train acc: 1.000 | train loss: 0.001 |test acc: 0.957 (0.946, 0.974) | test eod gap: 0.0521
 83.33% | time:   1.4s (392.1m) | step:   6357 | train acc: 1.000 | train loss: 0.001 |val acc: 0.959 (0.952, 0.970) | val eod gap: 0.0814
begin calculating influence
calculating influence -- done
Files already downloaded and verified
11447 labeled samples and 151323 unlabeled samples. Total: 162770
Use 11447 samples. Get 11447 labels. Ratio: 1.0
Epoch 10
 85.96% | time: 748.9s (404.6m) | step:   6558 | train acc: 1.000 | train loss: 0.000 |test acc: 0.958 (0.948, 0.974) | test eod gap: 0.0695
 85.96% | time:   1.6s (404.6m) | step:   6558 | train acc: 1.000 | train loss: 0.000 |val acc: 0.958 (0.945, 0.980) | val eod gap: 0.0641
begin calculating influence
calculating influence -- done
Files already downloaded and verified
11703 labeled samples and 151067 unlabeled samples. Total: 162770
Use 11703 samples. Get 11703 labels. Ratio: 1.0
 88.58% | time: 753.3s (417.2m) | step:   6758 | train acc: 1.000 | train loss: 0.000 |test acc: 0.957 (0.947, 0.973) | test eod gap: 0.0743
 88.58% | time:   1.4s (417.2m) | step:   6758 | train acc: 1.000 | train loss: 0.000 |val acc: 0.956 (0.950, 0.966) | val eod gap: 0.0911
begin calculating influence
calculating influence -- done
Files already downloaded and verified
11959 labeled samples and 150811 unlabeled samples. Total: 162770
Use 11959 samples. Get 11959 labels. Ratio: 1.0
 91.20% | time: 754.4s (429.8m) | step:   6958 | train acc: 1.000 | train loss: 0.002 |test acc: 0.958 (0.949, 0.973) | test eod gap: 0.0647
 91.20% | time:   1.4s (429.8m) | step:   6958 | train acc: 1.000 | train loss: 0.002 |val acc: 0.951 (0.940, 0.967) | val eod gap: 0.0833
begin calculating influence
calculating influence -- done
Files already downloaded and verified
12215 labeled samples and 150555 unlabeled samples. Total: 162770
Use 12215 samples. Get 12215 labels. Ratio: 1.0
 91.66% | time: 694.7s (441.4m) | step:   6993 | train acc: 0.996 | train loss: 0.011 |test acc: 0.952 (0.942, 0.969) | test eod gap: 0.0731
 91.66% | time:   1.5s (441.4m) | step:   6993 | train acc: 0.996 | train loss: 0.011 |val acc: 0.952 (0.941, 0.970) | val eod gap: 0.0227
begin calculating influence
calculating influence -- done
Files already downloaded and verified
12471 labeled samples and 150299 unlabeled samples. Total: 162770
Use 12471 samples. Get 12471 labels. Ratio: 1.0
Epoch 11
 94.30% | time: 748.3s (453.9m) | step:   7194 | train acc: 1.000 | train loss: 0.000 |test acc: 0.959 (0.948, 0.976) | test eod gap: 0.0640
 94.30% | time:   1.4s (453.9m) | step:   7194 | train acc: 1.000 | train loss: 0.000 |val acc: 0.952 (0.940, 0.970) | val eod gap: 0.0367
begin calculating influence
calculating influence -- done
Files already downloaded and verified
12727 labeled samples and 150043 unlabeled samples. Total: 162770
Use 12727 samples. Get 12727 labels. Ratio: 1.0
 96.92% | time: 754.3s (466.4m) | step:   7394 | train acc: 1.000 | train loss: 0.000 |test acc: 0.958 (0.948, 0.975) | test eod gap: 0.0782
 96.92% | time:   1.4s (466.5m) | step:   7394 | train acc: 1.000 | train loss: 0.000 |val acc: 0.959 (0.949, 0.975) | val eod gap: 0.0736
begin calculating influence
calculating influence -- done
Files already downloaded and verified
12983 labeled samples and 149787 unlabeled samples. Total: 162770
Use 12983 samples. Get 12983 labels. Ratio: 1.0
 99.54% | time: 755.3s (479.1m) | step:   7594 | train acc: 1.000 | train loss: 0.000 |test acc: 0.958 (0.948, 0.974) | test eod gap: 0.0664
 99.54% | time:   1.4s (479.1m) | step:   7594 | train acc: 1.000 | train loss: 0.000 |val acc: 0.956 (0.948, 0.968) | val eod gap: 0.0585
begin calculating influence
calculating influence -- done
Files already downloaded and verified
13239 labeled samples and 149531 unlabeled samples. Total: 162770
Use 13239 samples. Get 13239 labels. Ratio: 1.0
100.00% | time: 695.2s (490.7m) | step:   7629 | train acc: 1.000 | train loss: 0.000 |test acc: 0.960 (0.949, 0.976) | test eod gap: 0.0593
100.00% | time:   1.4s (490.7m) | step:   7629 | train acc: 1.000 | train loss: 0.000 |val acc: 0.956 (0.948, 0.969) | val eod gap: 0.0539
begin calculating influence
calculating influence -- done
Files already downloaded and verified
13495 labeled samples and 149275 unlabeled samples. Total: 162770
Use 13495 samples. Get 13495 labels. Ratio: 1.0
