Files already downloaded and verified
3255 labeled samples and 159515 unlabeled samples. Total: 162770
Files already downloaded and verified
1996 labeled samples and 17966 unlabeled samples. Total: 19962
Numer of layers 200
train net...
Epoch 0
  2.53% | time:  82.8s (  1.4m) | step:    200 | train acc: 0.977 | train loss: 0.075 |test acc: 0.950 (0.940, 0.966) | test eod gap: 0.0270
begin calculating influence
selected layers: [Traced<ShapedArray(float32[2])>with<DynamicJaxprTrace(level=0/1)>, Traced<ShapedArray(float32[768,2])>with<DynamicJaxprTrace(level=0/1)>]
selected layers: [Traced<ShapedArray(float32[2])>with<DynamicJaxprTrace(level=0/1)>, Traced<ShapedArray(float32[768,2])>with<DynamicJaxprTrace(level=0/1)>]
[Strategy 5] Acc of expected label: 0.9490234375
calculating influence -- done
  2.53% | time:  45.2s (  2.1m) | step:    200 | train acc: 0.977 | train loss: 0.075 |val acc: 0.952 (0.947, 0.959) | val eod gap: 0.0929
Files already downloaded and verified
3511 labeled samples and 159259 unlabeled samples. Total: 162770
Use 3511 samples. Get 3558 labels. Ratio: 0.9867903316469927
  5.05% | time:  67.3s (  3.3m) | step:    400 | train acc: 1.000 | train loss: 0.000 |test acc: 0.956 (0.943, 0.976) | test eod gap: 0.0345
begin calculating influence
[Strategy 5] Acc of expected label: 0.9553515625
calculating influence -- done
  5.05% | time:  18.9s (  3.6m) | step:    400 | train acc: 1.000 | train loss: 0.000 |val acc: 0.954 (0.944, 0.969) | val eod gap: 0.0317
Files already downloaded and verified
3767 labeled samples and 159003 unlabeled samples. Total: 162770
Use 3767 samples. Get 3899 labels. Ratio: 0.9661451654270325
  7.58% | time:  66.1s (  4.7m) | step:    600 | train acc: 0.996 | train loss: 0.021 |test acc: 0.958 (0.946, 0.976) | test eod gap: 0.0480
begin calculating influence
[Strategy 5] Acc of expected label: 0.957578125
calculating influence -- done
  7.58% | time:  19.1s (  5.0m) | step:    600 | train acc: 0.996 | train loss: 0.021 |val acc: 0.956 (0.950, 0.967) | val eod gap: 0.0646
Files already downloaded and verified
3907 labeled samples and 158863 unlabeled samples. Total: 162770
Use 3907 samples. Get 4159 labels. Ratio: 0.9394085116614571
Epoch 1
 12.52% | time: 115.7s (  6.9m) | step:    991 | train acc: 1.000 | train loss: 0.000 |test acc: 0.958 (0.947, 0.976) | test eod gap: 0.0527
begin calculating influence
[Strategy 5] Acc of expected label: 0.957421875
calculating influence -- done
 12.52% | time:  19.1s (  7.2m) | step:    991 | train acc: 1.000 | train loss: 0.000 |val acc: 0.957 (0.948, 0.970) | val eod gap: 0.0046
Files already downloaded and verified
3909 labeled samples and 158861 unlabeled samples. Total: 162770
Use 3909 samples. Get 4162 labels. Ratio: 0.9392119173474291
 15.05% | time:  72.5s (  8.4m) | step:   1191 | train acc: 1.000 | train loss: 0.000 |test acc: 0.959 (0.947, 0.976) | test eod gap: 0.0552
begin calculating influence
[Strategy 5] Acc of expected label: 0.95703125
calculating influence -- done
 15.05% | time:  21.8s (  8.8m) | step:   1191 | train acc: 1.000 | train loss: 0.000 |val acc: 0.956 (0.947, 0.970) | val eod gap: 0.0050
Files already downloaded and verified
4006 labeled samples and 158764 unlabeled samples. Total: 162770
Use 4006 samples. Get 4385 labels. Ratio: 0.9135689851767389
 17.58% | time:  71.6s ( 10.0m) | step:   1391 | train acc: 0.992 | train loss: 0.034 |test acc: 0.955 (0.945, 0.971) | test eod gap: 0.0738
begin calculating influence
[Strategy 5] Acc of expected label: 0.9550390625
calculating influence -- done
 17.58% | time:  20.5s ( 10.3m) | step:   1391 | train acc: 0.992 | train loss: 0.034 |val acc: 0.951 (0.943, 0.964) | val eod gap: 0.0326
Files already downloaded and verified
4262 labeled samples and 158508 unlabeled samples. Total: 162770
Use 4262 samples. Get 4771 labels. Ratio: 0.8933137706979669
Epoch 2
 22.52% | time: 108.4s ( 12.1m) | step:   1782 | train acc: 1.000 | train loss: 0.000 |test acc: 0.959 (0.949, 0.975) | test eod gap: 0.0779
begin calculating influence
[Strategy 5] Acc of expected label: 0.9580078125
calculating influence -- done
 22.52% | time:  19.9s ( 12.5m) | step:   1782 | train acc: 1.000 | train loss: 0.000 |val acc: 0.952 (0.946, 0.963) | val eod gap: 0.0836
Files already downloaded and verified
4293 labeled samples and 158477 unlabeled samples. Total: 162770
Use 4293 samples. Get 4839 labels. Ratio: 0.8871667699938004
 25.04% | time:  68.6s ( 13.6m) | step:   1982 | train acc: 1.000 | train loss: 0.000 |test acc: 0.958 (0.948, 0.975) | test eod gap: 0.0707
begin calculating influence
[Strategy 5] Acc of expected label: 0.9554296875
calculating influence -- done
 25.04% | time:  20.5s ( 14.0m) | step:   1982 | train acc: 1.000 | train loss: 0.000 |val acc: 0.954 (0.949, 0.963) | val eod gap: 0.0899
Files already downloaded and verified
4356 labeled samples and 158414 unlabeled samples. Total: 162770
Use 4356 samples. Get 4973 labels. Ratio: 0.875930022119445
 27.57% | time:  66.3s ( 15.1m) | step:   2182 | train acc: 1.000 | train loss: 0.003 |test acc: 0.959 (0.947, 0.977) | test eod gap: 0.0746
begin calculating influence
[Strategy 5] Acc of expected label: 0.955625
calculating influence -- done
 27.57% | time:  20.5s ( 15.4m) | step:   2182 | train acc: 1.000 | train loss: 0.003 |val acc: 0.958 (0.947, 0.974) | val eod gap: 0.0550
Files already downloaded and verified
4464 labeled samples and 158306 unlabeled samples. Total: 162770
Use 4464 samples. Get 5160 labels. Ratio: 0.8651162790697674
Epoch 3
 32.52% | time: 110.0s ( 17.2m) | step:   2574 | train acc: 1.000 | train loss: 0.000 |test acc: 0.959 (0.947, 0.977) | test eod gap: 0.0867
begin calculating influence
[Strategy 5] Acc of expected label: 0.956328125
calculating influence -- done
 32.52% | time:  20.3s ( 17.6m) | step:   2574 | train acc: 1.000 | train loss: 0.000 |val acc: 0.957 (0.946, 0.976) | val eod gap: 0.0726
Files already downloaded and verified
4499 labeled samples and 158271 unlabeled samples. Total: 162770
Use 4499 samples. Get 5220 labels. Ratio: 0.8618773946360153
 35.05% | time:  68.2s ( 18.7m) | step:   2774 | train acc: 1.000 | train loss: 0.000 |test acc: 0.959 (0.947, 0.978) | test eod gap: 0.0788
begin calculating influence
[Strategy 5] Acc of expected label: 0.958125
calculating influence -- done
 35.05% | time:  19.8s ( 19.1m) | step:   2774 | train acc: 1.000 | train loss: 0.000 |val acc: 0.958 (0.946, 0.977) | val eod gap: 0.0572
Files already downloaded and verified
4632 labeled samples and 158138 unlabeled samples. Total: 162770
Use 4632 samples. Get 5499 labels. Ratio: 0.8423349699945445
 37.58% | time:  65.8s ( 20.1m) | step:   2974 | train acc: 1.000 | train loss: 0.000 |test acc: 0.958 (0.945, 0.979) | test eod gap: 0.0594
begin calculating influence
[Strategy 5] Acc of expected label: 0.95734375
calculating influence -- done
 37.58% | time:  20.1s ( 20.5m) | step:   2974 | train acc: 1.000 | train loss: 0.000 |val acc: 0.957 (0.946, 0.974) | val eod gap: 0.0607
Files already downloaded and verified
4646 labeled samples and 158124 unlabeled samples. Total: 162770
Use 4646 samples. Get 5523 labels. Ratio: 0.8412094875973203
Epoch 4
 42.52% | time: 106.5s ( 22.3m) | step:   3365 | train acc: 1.000 | train loss: 0.000 |test acc: 0.958 (0.945, 0.979) | test eod gap: 0.0746
begin calculating influence
[Strategy 5] Acc of expected label: 0.9551171875
calculating influence -- done
 42.52% | time:  19.9s ( 22.6m) | step:   3365 | train acc: 1.000 | train loss: 0.000 |val acc: 0.958 (0.948, 0.973) | val eod gap: 0.0667
Files already downloaded and verified
4659 labeled samples and 158111 unlabeled samples. Total: 162770
Use 4659 samples. Get 5543 labels. Ratio: 0.8405195742377773
 45.05% | time:  64.6s ( 23.7m) | step:   3565 | train acc: 1.000 | train loss: 0.000 |test acc: 0.958 (0.944, 0.979) | test eod gap: 0.0804
begin calculating influence
[Strategy 5] Acc of expected label: 0.9557421875
calculating influence -- done
 45.05% | time:  20.2s ( 24.0m) | step:   3565 | train acc: 1.000 | train loss: 0.000 |val acc: 0.958 (0.949, 0.973) | val eod gap: 0.0839
Files already downloaded and verified
4689 labeled samples and 158081 unlabeled samples. Total: 162770
Use 4689 samples. Get 5595 labels. Ratio: 0.8380697050938338
 47.57% | time:  63.7s ( 25.1m) | step:   3765 | train acc: 1.000 | train loss: 0.000 |test acc: 0.958 (0.946, 0.978) | test eod gap: 0.0960
begin calculating influence
[Strategy 5] Acc of expected label: 0.95671875
calculating influence -- done
 47.57% | time:  19.3s ( 25.4m) | step:   3765 | train acc: 1.000 | train loss: 0.000 |val acc: 0.960 (0.951, 0.974) | val eod gap: 0.0821
Files already downloaded and verified
4708 labeled samples and 158062 unlabeled samples. Total: 162770
Use 4708 samples. Get 5629 labels. Ratio: 0.8363830165215846
Epoch 5
 52.53% | time: 105.7s ( 27.2m) | step:   4157 | train acc: 1.000 | train loss: 0.000 |test acc: 0.959 (0.946, 0.978) | test eod gap: 0.0930
begin calculating influence
[Strategy 5] Acc of expected label: 0.9583984375
calculating influence -- done
 52.53% | time:  19.9s ( 27.5m) | step:   4157 | train acc: 1.000 | train loss: 0.000 |val acc: 0.958 (0.948, 0.973) | val eod gap: 0.0747
Files already downloaded and verified
4710 labeled samples and 158060 unlabeled samples. Total: 162770
Use 4710 samples. Get 5633 labels. Ratio: 0.8361441505414522
 55.05% | time:  64.6s ( 28.6m) | step:   4357 | train acc: 1.000 | train loss: 0.000 |test acc: 0.959 (0.946, 0.978) | test eod gap: 0.0861
begin calculating influence
[Strategy 5] Acc of expected label: 0.9558203125
calculating influence -- done
 55.05% | time:  20.0s ( 28.9m) | step:   4357 | train acc: 1.000 | train loss: 0.000 |val acc: 0.960 (0.952, 0.974) | val eod gap: 0.0736
Files already downloaded and verified
4714 labeled samples and 158056 unlabeled samples. Total: 162770
Use 4714 samples. Get 5639 labels. Ratio: 0.8359638233729385
 57.58% | time:  65.7s ( 30.0m) | step:   4557 | train acc: 1.000 | train loss: 0.000 |test acc: 0.959 (0.947, 0.979) | test eod gap: 0.0966
begin calculating influence
[Strategy 5] Acc of expected label: 0.956171875
calculating influence -- done
 57.58% | time:  20.0s ( 30.3m) | step:   4557 | train acc: 1.000 | train loss: 0.000 |val acc: 0.957 (0.947, 0.973) | val eod gap: 0.1008
Files already downloaded and verified
4720 labeled samples and 158050 unlabeled samples. Total: 162770
Use 4720 samples. Get 5652 labels. Ratio: 0.835102618542109
Epoch 6
 62.52% | time: 101.8s ( 32.0m) | step:   4948 | train acc: 1.000 | train loss: 0.000 |test acc: 0.959 (0.946, 0.978) | test eod gap: 0.0938
begin calculating influence
[Strategy 5] Acc of expected label: 0.959609375
calculating influence -- done
 62.52% | time:  18.9s ( 32.3m) | step:   4948 | train acc: 1.000 | train loss: 0.000 |val acc: 0.958 (0.948, 0.973) | val eod gap: 0.1004
Files already downloaded and verified
4729 labeled samples and 158041 unlabeled samples. Total: 162770
Use 4729 samples. Get 5698 labels. Ratio: 0.82994032994033
 65.05% | time:  65.2s ( 33.4m) | step:   5148 | train acc: 1.000 | train loss: 0.000 |test acc: 0.958 (0.946, 0.978) | test eod gap: 0.0737
begin calculating influence
[Strategy 5] Acc of expected label: 0.956015625
calculating influence -- done
 65.05% | time:  19.9s ( 33.8m) | step:   5148 | train acc: 1.000 | train loss: 0.000 |val acc: 0.957 (0.947, 0.972) | val eod gap: 0.0921
Files already downloaded and verified
4780 labeled samples and 157990 unlabeled samples. Total: 162770
Use 4780 samples. Get 5791 labels. Ratio: 0.8254187532377828
 67.58% | time:  65.2s ( 34.8m) | step:   5348 | train acc: 1.000 | train loss: 0.000 |test acc: 0.958 (0.946, 0.977) | test eod gap: 0.0686
begin calculating influence
[Strategy 5] Acc of expected label: 0.9588671875
calculating influence -- done
 67.58% | time:  19.2s ( 35.2m) | step:   5348 | train acc: 1.000 | train loss: 0.000 |val acc: 0.958 (0.948, 0.974) | val eod gap: 0.1010
Files already downloaded and verified
4836 labeled samples and 157934 unlabeled samples. Total: 162770
Use 4836 samples. Get 5966 labels. Ratio: 0.8105933623868589
Epoch 7
 72.52% | time: 108.2s ( 37.0m) | step:   5739 | train acc: 1.000 | train loss: 0.000 |test acc: 0.956 (0.943, 0.977) | test eod gap: 0.0615
begin calculating influence
[Strategy 5] Acc of expected label: 0.95515625
calculating influence -- done
 72.52% | time:  19.3s ( 37.3m) | step:   5739 | train acc: 1.000 | train loss: 0.000 |val acc: 0.956 (0.947, 0.972) | val eod gap: 0.1086
Files already downloaded and verified
4843 labeled samples and 157927 unlabeled samples. Total: 162770
Use 4843 samples. Get 5986 labels. Ratio: 0.8090544604076177
 75.04% | time:  65.7s ( 38.4m) | step:   5939 | train acc: 1.000 | train loss: 0.000 |test acc: 0.956 (0.943, 0.977) | test eod gap: 0.0745
begin calculating influence
[Strategy 5] Acc of expected label: 0.957421875
calculating influence -- done
 75.04% | time:  20.1s ( 38.7m) | step:   5939 | train acc: 1.000 | train loss: 0.000 |val acc: 0.956 (0.947, 0.972) | val eod gap: 0.0926
Files already downloaded and verified
4854 labeled samples and 157916 unlabeled samples. Total: 162770
Use 4854 samples. Get 6047 labels. Ratio: 0.8027120886389946
 77.57% | time:  63.8s ( 39.8m) | step:   6139 | train acc: 1.000 | train loss: 0.000 |test acc: 0.956 (0.943, 0.977) | test eod gap: 0.0737
begin calculating influence
[Strategy 5] Acc of expected label: 0.9541796875
calculating influence -- done
 77.57% | time:  20.1s ( 40.1m) | step:   6139 | train acc: 1.000 | train loss: 0.000 |val acc: 0.955 (0.945, 0.970) | val eod gap: 0.0928
Files already downloaded and verified
4865 labeled samples and 157905 unlabeled samples. Total: 162770
Use 4865 samples. Get 6082 labels. Ratio: 0.7999013482407102
Epoch 8
 82.52% | time: 107.3s ( 41.9m) | step:   6531 | train acc: 1.000 | train loss: 0.000 |test acc: 0.956 (0.944, 0.977) | test eod gap: 0.0755
begin calculating influence
[Strategy 5] Acc of expected label: 0.9560546875
calculating influence -- done
 82.52% | time:  20.5s ( 42.2m) | step:   6531 | train acc: 1.000 | train loss: 0.000 |val acc: 0.955 (0.946, 0.969) | val eod gap: 0.1414
Files already downloaded and verified
4881 labeled samples and 157889 unlabeled samples. Total: 162770
Use 4881 samples. Get 6103 labels. Ratio: 0.7997706046206784
 85.05% | time:  64.0s ( 43.3m) | step:   6731 | train acc: 1.000 | train loss: 0.000 |test acc: 0.956 (0.944, 0.976) | test eod gap: 0.0743
begin calculating influence
[Strategy 5] Acc of expected label: 0.9553515625
calculating influence -- done
 85.05% | time:  19.8s ( 43.6m) | step:   6731 | train acc: 1.000 | train loss: 0.000 |val acc: 0.958 (0.949, 0.972) | val eod gap: 0.1153
Files already downloaded and verified
4890 labeled samples and 157880 unlabeled samples. Total: 162770
Use 4890 samples. Get 6125 labels. Ratio: 0.7983673469387755
 87.58% | time:  64.3s ( 44.7m) | step:   6931 | train acc: 1.000 | train loss: 0.000 |test acc: 0.956 (0.945, 0.975) | test eod gap: 0.0873
begin calculating influence
[Strategy 5] Acc of expected label: 0.9551953125
calculating influence -- done
 87.58% | time:  19.9s ( 45.0m) | step:   6931 | train acc: 1.000 | train loss: 0.000 |val acc: 0.951 (0.942, 0.965) | val eod gap: 0.1175
Files already downloaded and verified
5146 labeled samples and 157624 unlabeled samples. Total: 162770
Use 5146 samples. Get 6428 labels. Ratio: 0.8005600497822029
Epoch 9
 92.52% | time: 100.6s ( 46.7m) | step:   7322 | train acc: 1.000 | train loss: 0.000 |test acc: 0.960 (0.948, 0.978) | test eod gap: 0.0865
begin calculating influence
[Strategy 5] Acc of expected label: 0.9584765625
calculating influence -- done
 92.52% | time:  20.8s ( 47.1m) | step:   7322 | train acc: 1.000 | train loss: 0.000 |val acc: 0.958 (0.952, 0.969) | val eod gap: 0.0983
Files already downloaded and verified
5201 labeled samples and 157569 unlabeled samples. Total: 162770
Use 5201 samples. Get 6580 labels. Ratio: 0.7904255319148936
 95.05% | time:  55.6s ( 48.0m) | step:   7522 | train acc: 1.000 | train loss: 0.000 |test acc: 0.959 (0.947, 0.977) | test eod gap: 0.0724
begin calculating influence
[Strategy 5] Acc of expected label: 0.95765625
calculating influence -- done
 95.05% | time:  20.2s ( 48.3m) | step:   7522 | train acc: 1.000 | train loss: 0.000 |val acc: 0.957 (0.949, 0.970) | val eod gap: 0.1083
Files already downloaded and verified
5209 labeled samples and 157561 unlabeled samples. Total: 162770
Use 5209 samples. Get 6592 labels. Ratio: 0.7902002427184466
 97.57% | time:  64.5s ( 49.4m) | step:   7722 | train acc: 1.000 | train loss: 0.000 |test acc: 0.960 (0.950, 0.976) | test eod gap: 0.0884
begin calculating influence
[Strategy 5] Acc of expected label: 0.9591796875
calculating influence -- done
 97.57% | time:  19.9s ( 49.7m) | step:   7722 | train acc: 1.000 | train loss: 0.000 |val acc: 0.957 (0.947, 0.973) | val eod gap: 0.1029
Files already downloaded and verified
5277 labeled samples and 157493 unlabeled samples. Total: 162770
Use 5277 samples. Get 6740 labels. Ratio: 0.7829376854599407
