Files already downloaded and verified
3255 labeled samples and 159515 unlabeled samples. Total: 162770
Files already downloaded and verified
1996 labeled samples and 17966 unlabeled samples. Total: 19962
Numer of layers 200
train net...
train with 162770 samples (with replacement) in one epoch
Epoch 0
  2.62% | time: 103.0s (  1.7m) | step:    200 | train acc: 0.977 | train loss: 0.059 |warm_t acc: 0.841 (0.855, 0.820) | warm_t dp gap: 0.1254
  2.62% | time:   5.6s (  1.8m) | step:    200 | train acc: 0.977 | train loss: 0.059 |warm_v acc: 0.845 (0.858, 0.823) | warm_v dp gap: 0.1389
  5.24% | time:  79.8s (  3.1m) | step:    400 | train acc: 1.000 | train loss: 0.000 |warm_t acc: 0.847 (0.860, 0.827) | warm_t dp gap: 0.1304
  5.24% | time:   1.1s (  3.2m) | step:    400 | train acc: 1.000 | train loss: 0.000 |warm_v acc: 0.857 (0.868, 0.839) | warm_v dp gap: 0.1455
  7.86% | time:  80.3s (  4.5m) | step:    600 | train acc: 1.000 | train loss: 0.000 |warm_t acc: 0.847 (0.859, 0.827) | warm_t dp gap: 0.1301
  7.86% | time:   1.1s (  4.5m) | step:    600 | train acc: 1.000 | train loss: 0.000 |warm_v acc: 0.854 (0.875, 0.820) | warm_v dp gap: 0.1412
  8.32% | time:  21.4s (  4.9m) | step:    635 | train acc: 1.000 | train loss: 0.000 |warm_t acc: 0.847 (0.859, 0.827) | warm_t dp gap: 0.1299
  8.32% | time:   1.2s (  4.9m) | step:    635 | train acc: 1.000 | train loss: 0.000 |warm_v acc: 0.854 (0.871, 0.829) | warm_v dp gap: 0.1376
Epoch 1
 10.95% | time:  78.0s (  6.2m) | step:    835 | train acc: 1.000 | train loss: 0.000 |warm_t acc: 0.847 (0.859, 0.828) | warm_t dp gap: 0.1302
 10.95% | time:   1.2s (  6.2m) | step:    835 | train acc: 1.000 | train loss: 0.000 |warm_v acc: 0.854 (0.881, 0.811) | warm_v dp gap: 0.1445
 13.57% | time:  76.5s (  7.5m) | step:   1035 | train acc: 1.000 | train loss: 0.000 |warm_t acc: 0.847 (0.859, 0.828) | warm_t dp gap: 0.1313
 13.57% | time:   1.1s (  7.5m) | step:   1035 | train acc: 1.000 | train loss: 0.000 |warm_v acc: 0.852 (0.867, 0.828) | warm_v dp gap: 0.1473
 16.19% | time:  74.3s (  8.7m) | step:   1235 | train acc: 1.000 | train loss: 0.000 |warm_t acc: 0.847 (0.859, 0.828) | warm_t dp gap: 0.1310
 16.19% | time:   1.5s (  8.8m) | step:   1235 | train acc: 1.000 | train loss: 0.000 |warm_v acc: 0.848 (0.867, 0.821) | warm_v dp gap: 0.1596
 16.65% | time:  20.4s (  9.1m) | step:   1270 | train acc: 1.000 | train loss: 0.000 |warm_t acc: 0.847 (0.859, 0.828) | warm_t dp gap: 0.1310
 16.65% | time:   1.4s (  9.1m) | step:   1270 | train acc: 1.000 | train loss: 0.000 |warm_v acc: 0.849 (0.861, 0.830) | warm_v dp gap: 0.1446
Epoch 2
 19.28% | time:  73.9s ( 10.4m) | step:   1471 | train acc: 1.000 | train loss: 0.000 |test acc: 0.847 (0.859, 0.828) | test dp gap: 0.1309
 19.28% | time:   1.6s ( 10.4m) | step:   1471 | train acc: 1.000 | train loss: 0.000 |val acc: 0.857 (0.874, 0.831) | val dp gap: 0.1668
begin calculating influence
selected layers: [Traced<ShapedArray(float32[768])>with<DynamicJaxprTrace(level=0/1)>, Traced<ShapedArray(float32[8,8,3,768])>with<DynamicJaxprTrace(level=0/1)>, Traced<ShapedArray(float32[2])>with<DynamicJaxprTrace(level=0/1)>, Traced<ShapedArray(float32[768,2])>with<DynamicJaxprTrace(level=0/1)>]
calculating influence -- done
Files already downloaded and verified
3511 labeled samples and 159259 unlabeled samples. Total: 162770
Use 3511 samples. Get 3511 labels. Ratio: 1.0
 21.90% | time: 712.4s ( 22.3m) | step:   1671 | train acc: 0.973 | train loss: 0.110 |test acc: 0.850 (0.861, 0.832) | test dp gap: 0.1319
 21.90% | time:   1.5s ( 22.3m) | step:   1671 | train acc: 0.973 | train loss: 0.110 |val acc: 0.857 (0.883, 0.818) | val dp gap: 0.1638
begin calculating influence
calculating influence -- done
Files already downloaded and verified
3767 labeled samples and 159003 unlabeled samples. Total: 162770
Use 3767 samples. Get 3767 labels. Ratio: 1.0
 24.52% | time: 714.8s ( 34.2m) | step:   1871 | train acc: 0.996 | train loss: 0.007 |test acc: 0.856 (0.868, 0.838) | test dp gap: 0.1316
 24.52% | time:   1.5s ( 34.2m) | step:   1871 | train acc: 0.996 | train loss: 0.007 |val acc: 0.857 (0.876, 0.828) | val dp gap: 0.1493
begin calculating influence
calculating influence -- done
Files already downloaded and verified
4023 labeled samples and 158747 unlabeled samples. Total: 162770
Use 4023 samples. Get 4023 labels. Ratio: 1.0
 24.98% | time: 667.2s ( 45.3m) | step:   1906 | train acc: 0.902 | train loss: 0.242 |test acc: 0.843 (0.856, 0.822) | test dp gap: 0.1188
 24.98% | time:   1.4s ( 45.4m) | step:   1906 | train acc: 0.902 | train loss: 0.242 |val acc: 0.857 (0.873, 0.833) | val dp gap: 0.1347
begin calculating influence
calculating influence -- done
Files already downloaded and verified
4279 labeled samples and 158491 unlabeled samples. Total: 162770
Use 4279 samples. Get 4279 labels. Ratio: 1.0
Epoch 3
 27.62% | time: 709.5s ( 57.2m) | step:   2107 | train acc: 1.000 | train loss: 0.001 |test acc: 0.857 (0.867, 0.841) | test dp gap: 0.1353
 27.62% | time:   1.1s ( 57.2m) | step:   2107 | train acc: 1.000 | train loss: 0.001 |val acc: 0.854 (0.874, 0.821) | val dp gap: 0.1518
begin calculating influence
calculating influence -- done
Files already downloaded and verified
4535 labeled samples and 158235 unlabeled samples. Total: 162770
Use 4535 samples. Get 4535 labels. Ratio: 1.0
 30.24% | time: 721.2s ( 69.2m) | step:   2307 | train acc: 1.000 | train loss: 0.002 |test acc: 0.859 (0.871, 0.842) | test dp gap: 0.1404
 30.24% | time:   1.1s ( 69.3m) | step:   2307 | train acc: 1.000 | train loss: 0.002 |val acc: 0.871 (0.892, 0.838) | val dp gap: 0.1567
begin calculating influence
calculating influence -- done
Files already downloaded and verified
4791 labeled samples and 157979 unlabeled samples. Total: 162770
Use 4791 samples. Get 4791 labels. Ratio: 1.0
 32.86% | time: 711.9s ( 81.1m) | step:   2507 | train acc: 1.000 | train loss: 0.000 |test acc: 0.859 (0.869, 0.842) | test dp gap: 0.1401
 32.86% | time:   1.4s ( 81.1m) | step:   2507 | train acc: 1.000 | train loss: 0.000 |val acc: 0.861 (0.879, 0.835) | val dp gap: 0.1507
begin calculating influence
calculating influence -- done
Files already downloaded and verified
5047 labeled samples and 157723 unlabeled samples. Total: 162770
Use 5047 samples. Get 5047 labels. Ratio: 1.0
 33.32% | time: 652.4s ( 92.0m) | step:   2542 | train acc: 0.980 | train loss: 0.046 |test acc: 0.860 (0.868, 0.849) | test dp gap: 0.1462
 33.32% | time:   1.4s ( 92.0m) | step:   2542 | train acc: 0.980 | train loss: 0.046 |val acc: 0.874 (0.898, 0.836) | val dp gap: 0.1473
begin calculating influence
calculating influence -- done
Files already downloaded and verified
5303 labeled samples and 157467 unlabeled samples. Total: 162770
Use 5303 samples. Get 5303 labels. Ratio: 1.0
Epoch 4
 35.95% | time: 712.0s (103.9m) | step:   2743 | train acc: 1.000 | train loss: 0.000 |test acc: 0.863 (0.874, 0.847) | test dp gap: 0.1406
 35.95% | time:   1.4s (103.9m) | step:   2743 | train acc: 1.000 | train loss: 0.000 |val acc: 0.872 (0.891, 0.843) | val dp gap: 0.1602
begin calculating influence
calculating influence -- done
Files already downloaded and verified
5559 labeled samples and 157211 unlabeled samples. Total: 162770
Use 5559 samples. Get 5559 labels. Ratio: 1.0
 38.58% | time: 720.8s (115.9m) | step:   2943 | train acc: 1.000 | train loss: 0.000 |test acc: 0.864 (0.875, 0.847) | test dp gap: 0.1349
 38.58% | time:   1.4s (116.0m) | step:   2943 | train acc: 1.000 | train loss: 0.000 |val acc: 0.872 (0.895, 0.836) | val dp gap: 0.1589
begin calculating influence
calculating influence -- done
Files already downloaded and verified
5815 labeled samples and 156955 unlabeled samples. Total: 162770
Use 5815 samples. Get 5815 labels. Ratio: 1.0
 41.20% | time: 720.1s (128.0m) | step:   3143 | train acc: 1.000 | train loss: 0.000 |test acc: 0.866 (0.878, 0.847) | test dp gap: 0.1447
 41.20% | time:   1.4s (128.0m) | step:   3143 | train acc: 1.000 | train loss: 0.000 |val acc: 0.873 (0.890, 0.848) | val dp gap: 0.1532
begin calculating influence
calculating influence -- done
Files already downloaded and verified
6071 labeled samples and 156699 unlabeled samples. Total: 162770
Use 6071 samples. Get 6071 labels. Ratio: 1.0
 41.66% | time: 663.9s (139.1m) | step:   3178 | train acc: 0.996 | train loss: 0.012 |test acc: 0.859 (0.873, 0.836) | test dp gap: 0.1396
 41.66% | time:   1.4s (139.1m) | step:   3178 | train acc: 0.996 | train loss: 0.012 |val acc: 0.874 (0.887, 0.853) | val dp gap: 0.1625
begin calculating influence
calculating influence -- done
Files already downloaded and verified
6327 labeled samples and 156443 unlabeled samples. Total: 162770
Use 6327 samples. Get 6327 labels. Ratio: 1.0
Epoch 5
 44.29% | time: 717.0s (151.0m) | step:   3379 | train acc: 1.000 | train loss: 0.000 |test acc: 0.864 (0.876, 0.845) | test dp gap: 0.1429
 44.29% | time:   1.4s (151.1m) | step:   3379 | train acc: 1.000 | train loss: 0.000 |val acc: 0.870 (0.886, 0.843) | val dp gap: 0.1795
begin calculating influence
calculating influence -- done
Files already downloaded and verified
6583 labeled samples and 156187 unlabeled samples. Total: 162770
Use 6583 samples. Get 6583 labels. Ratio: 1.0
 46.91% | time: 719.0s (163.0m) | step:   3579 | train acc: 1.000 | train loss: 0.000 |test acc: 0.865 (0.876, 0.848) | test dp gap: 0.1424
 46.91% | time:   1.4s (163.1m) | step:   3579 | train acc: 1.000 | train loss: 0.000 |val acc: 0.876 (0.890, 0.852) | val dp gap: 0.1807
begin calculating influence
calculating influence -- done
Files already downloaded and verified
6839 labeled samples and 155931 unlabeled samples. Total: 162770
Use 6839 samples. Get 6839 labels. Ratio: 1.0
 49.53% | time: 724.8s (175.1m) | step:   3779 | train acc: 1.000 | train loss: 0.000 |test acc: 0.867 (0.877, 0.851) | test dp gap: 0.1381
 49.53% | time:   1.4s (175.2m) | step:   3779 | train acc: 1.000 | train loss: 0.000 |val acc: 0.882 (0.898, 0.855) | val dp gap: 0.1735
begin calculating influence
calculating influence -- done
Files already downloaded and verified
7095 labeled samples and 155675 unlabeled samples. Total: 162770
Use 7095 samples. Get 7095 labels. Ratio: 1.0
 49.99% | time: 663.9s (186.2m) | step:   3814 | train acc: 0.992 | train loss: 0.046 |test acc: 0.852 (0.865, 0.833) | test dp gap: 0.1300
 49.99% | time:   1.4s (186.2m) | step:   3814 | train acc: 0.992 | train loss: 0.046 |val acc: 0.859 (0.882, 0.820) | val dp gap: 0.1565
begin calculating influence
calculating influence -- done
Files already downloaded and verified
7351 labeled samples and 155419 unlabeled samples. Total: 162770
Use 7351 samples. Get 7351 labels. Ratio: 1.0
Epoch 6
 52.62% | time: 713.8s (198.1m) | step:   4014 | train acc: 1.000 | train loss: 0.000 |test acc: 0.869 (0.877, 0.856) | test dp gap: 0.1404
 52.62% | time:   1.4s (198.2m) | step:   4014 | train acc: 1.000 | train loss: 0.000 |val acc: 0.877 (0.900, 0.843) | val dp gap: 0.1826
begin calculating influence
calculating influence -- done
Files already downloaded and verified
7607 labeled samples and 155163 unlabeled samples. Total: 162770
Use 7607 samples. Get 7607 labels. Ratio: 1.0
 55.24% | time: 724.8s (210.3m) | step:   4214 | train acc: 1.000 | train loss: 0.000 |test acc: 0.870 (0.881, 0.853) | test dp gap: 0.1325
 55.24% | time:   1.4s (210.3m) | step:   4214 | train acc: 1.000 | train loss: 0.000 |val acc: 0.872 (0.890, 0.844) | val dp gap: 0.1834
begin calculating influence
calculating influence -- done
Files already downloaded and verified
7863 labeled samples and 154907 unlabeled samples. Total: 162770
Use 7863 samples. Get 7863 labels. Ratio: 1.0
 57.86% | time: 721.0s (222.3m) | step:   4414 | train acc: 1.000 | train loss: 0.000 |test acc: 0.868 (0.878, 0.851) | test dp gap: 0.1401
 57.86% | time:   1.5s (222.3m) | step:   4414 | train acc: 1.000 | train loss: 0.000 |val acc: 0.885 (0.905, 0.856) | val dp gap: 0.1820
begin calculating influence
calculating influence -- done
Files already downloaded and verified
8119 labeled samples and 154651 unlabeled samples. Total: 162770
Use 8119 samples. Get 8119 labels. Ratio: 1.0
 58.32% | time: 663.8s (233.4m) | step:   4449 | train acc: 0.984 | train loss: 0.093 |test acc: 0.861 (0.870, 0.848) | test dp gap: 0.1486
 58.32% | time:   1.4s (233.4m) | step:   4449 | train acc: 0.984 | train loss: 0.093 |val acc: 0.871 (0.888, 0.844) | val dp gap: 0.1900
begin calculating influence
calculating influence -- done
Files already downloaded and verified
8375 labeled samples and 154395 unlabeled samples. Total: 162770
Use 8375 samples. Get 8375 labels. Ratio: 1.0
Epoch 7
 60.95% | time: 718.1s (245.4m) | step:   4650 | train acc: 1.000 | train loss: 0.000 |test acc: 0.868 (0.878, 0.850) | test dp gap: 0.1394
 60.95% | time:   1.4s (245.4m) | step:   4650 | train acc: 1.000 | train loss: 0.000 |val acc: 0.882 (0.906, 0.845) | val dp gap: 0.2171
begin calculating influence
calculating influence -- done
Files already downloaded and verified
8631 labeled samples and 154139 unlabeled samples. Total: 162770
Use 8631 samples. Get 8631 labels. Ratio: 1.0
 63.57% | time: 719.7s (257.4m) | step:   4850 | train acc: 1.000 | train loss: 0.000 |test acc: 0.870 (0.879, 0.855) | test dp gap: 0.1495
 63.57% | time:   1.4s (257.4m) | step:   4850 | train acc: 1.000 | train loss: 0.000 |val acc: 0.874 (0.893, 0.843) | val dp gap: 0.1606
begin calculating influence
calculating influence -- done
Files already downloaded and verified
8887 labeled samples and 153883 unlabeled samples. Total: 162770
Use 8887 samples. Get 8887 labels. Ratio: 1.0
 66.19% | time: 720.3s (269.4m) | step:   5050 | train acc: 1.000 | train loss: 0.000 |test acc: 0.869 (0.879, 0.853) | test dp gap: 0.1536
 66.19% | time:   1.5s (269.4m) | step:   5050 | train acc: 1.000 | train loss: 0.000 |val acc: 0.886 (0.901, 0.862) | val dp gap: 0.1961
begin calculating influence
calculating influence -- done
Files already downloaded and verified
9143 labeled samples and 153627 unlabeled samples. Total: 162770
Use 9143 samples. Get 9143 labels. Ratio: 1.0
 66.65% | time: 663.6s (280.5m) | step:   5085 | train acc: 0.992 | train loss: 0.037 |test acc: 0.866 (0.877, 0.848) | test dp gap: 0.1340
 66.65% | time:   1.5s (280.5m) | step:   5085 | train acc: 0.992 | train loss: 0.037 |val acc: 0.875 (0.889, 0.853) | val dp gap: 0.1768
begin calculating influence
calculating influence -- done
Files already downloaded and verified
9399 labeled samples and 153371 unlabeled samples. Total: 162770
Use 9399 samples. Get 9399 labels. Ratio: 1.0
Epoch 8
 69.29% | time: 718.1s (292.5m) | step:   5286 | train acc: 0.996 | train loss: 0.022 |test acc: 0.870 (0.881, 0.854) | test dp gap: 0.1463
 69.29% | time:   1.4s (292.5m) | step:   5286 | train acc: 0.996 | train loss: 0.022 |val acc: 0.890 (0.902, 0.872) | val dp gap: 0.1695
begin calculating influence
calculating influence -- done
Files already downloaded and verified
9655 labeled samples and 153115 unlabeled samples. Total: 162770
Use 9655 samples. Get 9655 labels. Ratio: 1.0
 71.91% | time: 720.0s (304.5m) | step:   5486 | train acc: 1.000 | train loss: 0.000 |test acc: 0.871 (0.879, 0.858) | test dp gap: 0.1471
 71.91% | time:   1.5s (304.5m) | step:   5486 | train acc: 1.000 | train loss: 0.000 |val acc: 0.892 (0.905, 0.871) | val dp gap: 0.1687
begin calculating influence
calculating influence -- done
Files already downloaded and verified
9911 labeled samples and 152859 unlabeled samples. Total: 162770
Use 9911 samples. Get 9911 labels. Ratio: 1.0
 74.53% | time: 720.6s (316.6m) | step:   5686 | train acc: 1.000 | train loss: 0.000 |test acc: 0.872 (0.879, 0.860) | test dp gap: 0.1422
 74.53% | time:   1.4s (316.6m) | step:   5686 | train acc: 1.000 | train loss: 0.000 |val acc: 0.885 (0.898, 0.866) | val dp gap: 0.1646
begin calculating influence
calculating influence -- done
Files already downloaded and verified
10167 labeled samples and 152603 unlabeled samples. Total: 162770
Use 10167 samples. Get 10167 labels. Ratio: 1.0
 74.99% | time: 663.2s (327.6m) | step:   5721 | train acc: 0.996 | train loss: 0.054 |test acc: 0.869 (0.880, 0.853) | test dp gap: 0.1383
 74.99% | time:   1.5s (327.7m) | step:   5721 | train acc: 0.996 | train loss: 0.054 |val acc: 0.880 (0.904, 0.842) | val dp gap: 0.1528
begin calculating influence
calculating influence -- done
Files already downloaded and verified
10423 labeled samples and 152347 unlabeled samples. Total: 162770
Use 10423 samples. Get 10423 labels. Ratio: 1.0
Epoch 9
 77.62% | time: 717.8s (339.6m) | step:   5922 | train acc: 1.000 | train loss: 0.000 |test acc: 0.873 (0.882, 0.858) | test dp gap: 0.1474
 77.62% | time:   1.4s (339.6m) | step:   5922 | train acc: 1.000 | train loss: 0.000 |val acc: 0.879 (0.893, 0.857) | val dp gap: 0.1831
begin calculating influence
calculating influence -- done
Files already downloaded and verified
10679 labeled samples and 152091 unlabeled samples. Total: 162770
Use 10679 samples. Get 10679 labels. Ratio: 1.0
 80.25% | time: 719.6s (351.6m) | step:   6122 | train acc: 1.000 | train loss: 0.000 |test acc: 0.873 (0.881, 0.859) | test dp gap: 0.1447
 80.25% | time:   1.5s (351.7m) | step:   6122 | train acc: 1.000 | train loss: 0.000 |val acc: 0.887 (0.898, 0.869) | val dp gap: 0.1813
begin calculating influence
calculating influence -- done
Files already downloaded and verified
10935 labeled samples and 151835 unlabeled samples. Total: 162770
Use 10935 samples. Get 10935 labels. Ratio: 1.0
 82.87% | time: 719.4s (363.7m) | step:   6322 | train acc: 1.000 | train loss: 0.000 |test acc: 0.873 (0.883, 0.857) | test dp gap: 0.1482
 82.87% | time:   1.5s (363.7m) | step:   6322 | train acc: 1.000 | train loss: 0.000 |val acc: 0.874 (0.897, 0.838) | val dp gap: 0.1562
begin calculating influence
calculating influence -- done
Files already downloaded and verified
11191 labeled samples and 151579 unlabeled samples. Total: 162770
Use 11191 samples. Get 11191 labels. Ratio: 1.0
 83.33% | time: 662.9s (374.7m) | step:   6357 | train acc: 1.000 | train loss: 0.004 |test acc: 0.868 (0.879, 0.850) | test dp gap: 0.1421
 83.33% | time:   1.4s (374.7m) | step:   6357 | train acc: 1.000 | train loss: 0.004 |val acc: 0.869 (0.885, 0.845) | val dp gap: 0.1650
begin calculating influence
calculating influence -- done
Files already downloaded and verified
11447 labeled samples and 151323 unlabeled samples. Total: 162770
Use 11447 samples. Get 11447 labels. Ratio: 1.0
Epoch 10
 85.96% | time: 717.4s (386.7m) | step:   6558 | train acc: 1.000 | train loss: 0.000 |test acc: 0.875 (0.884, 0.860) | test dp gap: 0.1437
 85.96% | time:   1.4s (386.7m) | step:   6558 | train acc: 1.000 | train loss: 0.000 |val acc: 0.889 (0.902, 0.870) | val dp gap: 0.1808
begin calculating influence
calculating influence -- done
Files already downloaded and verified
11703 labeled samples and 151067 unlabeled samples. Total: 162770
Use 11703 samples. Get 11703 labels. Ratio: 1.0
 88.58% | time: 719.0s (398.7m) | step:   6758 | train acc: 1.000 | train loss: 0.000 |test acc: 0.875 (0.883, 0.862) | test dp gap: 0.1459
 88.58% | time:   1.5s (398.7m) | step:   6758 | train acc: 1.000 | train loss: 0.000 |val acc: 0.877 (0.896, 0.849) | val dp gap: 0.1975
begin calculating influence
calculating influence -- done
Files already downloaded and verified
11959 labeled samples and 150811 unlabeled samples. Total: 162770
Use 11959 samples. Get 11959 labels. Ratio: 1.0
 91.20% | time: 720.1s (410.7m) | step:   6958 | train acc: 1.000 | train loss: 0.001 |test acc: 0.875 (0.882, 0.864) | test dp gap: 0.1490
 91.20% | time:   1.4s (410.8m) | step:   6958 | train acc: 1.000 | train loss: 0.001 |val acc: 0.874 (0.893, 0.846) | val dp gap: 0.1670
begin calculating influence
calculating influence -- done
Files already downloaded and verified
12215 labeled samples and 150555 unlabeled samples. Total: 162770
Use 12215 samples. Get 12215 labels. Ratio: 1.0
 91.66% | time: 664.3s (421.8m) | step:   6993 | train acc: 1.000 | train loss: 0.000 |test acc: 0.873 (0.880, 0.863) | test dp gap: 0.1451
 91.66% | time:   1.4s (421.9m) | step:   6993 | train acc: 1.000 | train loss: 0.000 |val acc: 0.878 (0.890, 0.858) | val dp gap: 0.1861
begin calculating influence
calculating influence -- done
Files already downloaded and verified
12471 labeled samples and 150299 unlabeled samples. Total: 162770
Use 12471 samples. Get 12471 labels. Ratio: 1.0
Epoch 11
 94.30% | time: 717.7s (433.8m) | step:   7194 | train acc: 1.000 | train loss: 0.000 |test acc: 0.876 (0.885, 0.860) | test dp gap: 0.1497
 94.30% | time:   1.4s (433.8m) | step:   7194 | train acc: 1.000 | train loss: 0.000 |val acc: 0.883 (0.889, 0.872) | val dp gap: 0.1814
begin calculating influence
calculating influence -- done
Files already downloaded and verified
12727 labeled samples and 150043 unlabeled samples. Total: 162770
Use 12727 samples. Get 12727 labels. Ratio: 1.0
 96.92% | time: 719.2s (445.8m) | step:   7394 | train acc: 0.996 | train loss: 0.005 |test acc: 0.874 (0.882, 0.862) | test dp gap: 0.1466
 96.92% | time:   1.4s (445.9m) | step:   7394 | train acc: 0.996 | train loss: 0.005 |val acc: 0.874 (0.888, 0.853) | val dp gap: 0.1976
begin calculating influence
calculating influence -- done
Files already downloaded and verified
12983 labeled samples and 149787 unlabeled samples. Total: 162770
Use 12983 samples. Get 12983 labels. Ratio: 1.0
 99.54% | time: 719.1s (457.8m) | step:   7594 | train acc: 1.000 | train loss: 0.000 |test acc: 0.875 (0.884, 0.861) | test dp gap: 0.1498
 99.54% | time:   1.4s (457.9m) | step:   7594 | train acc: 1.000 | train loss: 0.000 |val acc: 0.883 (0.893, 0.869) | val dp gap: 0.1883
begin calculating influence
calculating influence -- done
Files already downloaded and verified
13239 labeled samples and 149531 unlabeled samples. Total: 162770
Use 13239 samples. Get 13239 labels. Ratio: 1.0
100.00% | time: 664.0s (468.9m) | step:   7629 | train acc: 1.000 | train loss: 0.000 |test acc: 0.877 (0.886, 0.862) | test dp gap: 0.1471
100.00% | time:   1.4s (469.0m) | step:   7629 | train acc: 1.000 | train loss: 0.000 |val acc: 0.880 (0.891, 0.862) | val dp gap: 0.1921
begin calculating influence
calculating influence -- done
Files already downloaded and verified
13495 labeled samples and 149275 unlabeled samples. Total: 162770
Use 13495 samples. Get 13495 labels. Ratio: 1.0
