Files already downloaded and verified
3255 labeled samples and 159515 unlabeled samples. Total: 162770
Files already downloaded and verified
1996 labeled samples and 17966 unlabeled samples. Total: 19962
Numer of layers 200
train net...
Epoch 0
  2.53% | time:  79.7s (  1.3m) | step:    200 | train acc: 0.852 | train loss: 0.309 |test acc: 0.823 (0.830, 0.812) | test eod gap: 0.0363
begin calculating influence
selected layers: [Traced<ShapedArray(float32[2])>with<DynamicJaxprTrace(level=0/1)>, Traced<ShapedArray(float32[768,2])>with<DynamicJaxprTrace(level=0/1)>]
selected layers: [Traced<ShapedArray(float32[2])>with<DynamicJaxprTrace(level=0/1)>, Traced<ShapedArray(float32[768,2])>with<DynamicJaxprTrace(level=0/1)>]
[Strategy 5] Acc of expected label: 0.8294140625
calculating influence -- done
  2.53% | time:  46.1s (  2.1m) | step:    200 | train acc: 0.852 | train loss: 0.309 |val acc: 0.833 (0.848, 0.810) | val eod gap: 0.0586
Files already downloaded and verified
3511 labeled samples and 159259 unlabeled samples. Total: 162770
Use 3511 samples. Get 3600 labels. Ratio: 0.9752777777777778
  5.05% | time:  66.5s (  3.2m) | step:    400 | train acc: 0.988 | train loss: 0.033 |test acc: 0.862 (0.872, 0.846) | test eod gap: 0.0302
begin calculating influence
[Strategy 5] Acc of expected label: 0.866875
calculating influence -- done
  5.05% | time:  19.4s (  3.5m) | step:    400 | train acc: 0.988 | train loss: 0.033 |val acc: 0.862 (0.879, 0.834) | val eod gap: 0.0472
Files already downloaded and verified
3767 labeled samples and 159003 unlabeled samples. Total: 162770
Use 3767 samples. Get 4037 labels. Ratio: 0.9331186524647015
  7.58% | time:  66.4s (  4.6m) | step:    600 | train acc: 1.000 | train loss: 0.000 |test acc: 0.859 (0.867, 0.846) | test eod gap: 0.0303
begin calculating influence
[Strategy 5] Acc of expected label: 0.862421875
calculating influence -- done
  7.58% | time:  20.3s (  5.0m) | step:    600 | train acc: 1.000 | train loss: 0.000 |val acc: 0.869 (0.875, 0.858) | val eod gap: 0.0237
Files already downloaded and verified
4023 labeled samples and 158747 unlabeled samples. Total: 162770
Use 4023 samples. Get 4477 labels. Ratio: 0.8985928076837167
Epoch 1
 12.52% | time: 111.0s (  6.8m) | step:    991 | train acc: 1.000 | train loss: 0.000 |test acc: 0.861 (0.870, 0.847) | test eod gap: 0.0249
begin calculating influence
[Strategy 5] Acc of expected label: 0.864765625
calculating influence -- done
 12.52% | time:  19.1s (  7.1m) | step:    991 | train acc: 1.000 | train loss: 0.000 |val acc: 0.870 (0.885, 0.847) | val eod gap: 0.0345
Files already downloaded and verified
4279 labeled samples and 158491 unlabeled samples. Total: 162770
Use 4279 samples. Get 4878 labels. Ratio: 0.8772037720377204
 15.05% | time:  67.0s (  8.3m) | step:   1191 | train acc: 1.000 | train loss: 0.002 |test acc: 0.865 (0.873, 0.852) | test eod gap: 0.0255
begin calculating influence
[Strategy 5] Acc of expected label: 0.8626953125
calculating influence -- done
 15.05% | time:  19.3s (  8.6m) | step:   1191 | train acc: 1.000 | train loss: 0.002 |val acc: 0.867 (0.883, 0.843) | val eod gap: 0.0360
Files already downloaded and verified
4535 labeled samples and 158235 unlabeled samples. Total: 162770
Use 4535 samples. Get 5304 labels. Ratio: 0.8550150829562594
 17.58% | time:  66.9s (  9.7m) | step:   1391 | train acc: 1.000 | train loss: 0.001 |test acc: 0.869 (0.877, 0.855) | test eod gap: 0.0278
begin calculating influence
[Strategy 5] Acc of expected label: 0.8719140625
calculating influence -- done
 17.58% | time:  18.3s ( 10.0m) | step:   1391 | train acc: 1.000 | train loss: 0.001 |val acc: 0.874 (0.879, 0.866) | val eod gap: 0.0190
Files already downloaded and verified
4791 labeled samples and 157979 unlabeled samples. Total: 162770
Use 4791 samples. Get 5703 labels. Ratio: 0.8400841662283008
Epoch 2
 22.52% | time: 111.6s ( 11.9m) | step:   1782 | train acc: 1.000 | train loss: 0.000 |test acc: 0.871 (0.878, 0.859) | test eod gap: 0.0241
begin calculating influence
[Strategy 5] Acc of expected label: 0.88078125
calculating influence -- done
 22.52% | time:  19.8s ( 12.2m) | step:   1782 | train acc: 1.000 | train loss: 0.000 |val acc: 0.876 (0.887, 0.860) | val eod gap: 0.0307
Files already downloaded and verified
4902 labeled samples and 157868 unlabeled samples. Total: 162770
Use 4902 samples. Get 5914 labels. Ratio: 0.8288806222522828
 25.04% | time:  71.3s ( 13.4m) | step:   1982 | train acc: 1.000 | train loss: 0.008 |test acc: 0.863 (0.870, 0.852) | test eod gap: 0.0331
begin calculating influence
[Strategy 5] Acc of expected label: 0.86859375
calculating influence -- done
 25.04% | time:  20.1s ( 13.7m) | step:   1982 | train acc: 1.000 | train loss: 0.008 |val acc: 0.872 (0.882, 0.856) | val eod gap: 0.0339
Files already downloaded and verified
5158 labeled samples and 157612 unlabeled samples. Total: 162770
Use 5158 samples. Get 6347 labels. Ratio: 0.8126674019221679
 27.57% | time:  62.1s ( 14.7m) | step:   2182 | train acc: 1.000 | train loss: 0.000 |test acc: 0.872 (0.879, 0.860) | test eod gap: 0.0242
begin calculating influence
[Strategy 5] Acc of expected label: 0.87671875
calculating influence -- done
 27.57% | time:  20.1s ( 15.1m) | step:   2182 | train acc: 1.000 | train loss: 0.000 |val acc: 0.875 (0.884, 0.860) | val eod gap: 0.0270
Files already downloaded and verified
5347 labeled samples and 157423 unlabeled samples. Total: 162770
Use 5347 samples. Get 6721 labels. Ratio: 0.7955661359916679
Epoch 3
 32.52% | time: 115.6s ( 17.0m) | step:   2574 | train acc: 1.000 | train loss: 0.000 |test acc: 0.871 (0.878, 0.858) | test eod gap: 0.0230
begin calculating influence
[Strategy 5] Acc of expected label: 0.8743359375
calculating influence -- done
 32.52% | time:  19.5s ( 17.3m) | step:   2574 | train acc: 1.000 | train loss: 0.000 |val acc: 0.877 (0.888, 0.860) | val eod gap: 0.0281
Files already downloaded and verified
5456 labeled samples and 157314 unlabeled samples. Total: 162770
Use 5456 samples. Get 6905 labels. Ratio: 0.7901520637219406
 35.05% | time:  68.3s ( 18.5m) | step:   2774 | train acc: 1.000 | train loss: 0.001 |test acc: 0.870 (0.878, 0.857) | test eod gap: 0.0259
begin calculating influence
[Strategy 5] Acc of expected label: 0.874765625
calculating influence -- done
 35.05% | time:  20.2s ( 18.8m) | step:   2774 | train acc: 1.000 | train loss: 0.001 |val acc: 0.880 (0.888, 0.867) | val eod gap: 0.0232
Files already downloaded and verified
5712 labeled samples and 157058 unlabeled samples. Total: 162770
Use 5712 samples. Get 7312 labels. Ratio: 0.7811816192560175
 37.58% | time:  61.1s ( 19.8m) | step:   2974 | train acc: 1.000 | train loss: 0.000 |test acc: 0.878 (0.886, 0.867) | test eod gap: 0.0243
begin calculating influence
[Strategy 5] Acc of expected label: 0.883125
calculating influence -- done
 37.58% | time:  19.9s ( 20.2m) | step:   2974 | train acc: 1.000 | train loss: 0.000 |val acc: 0.883 (0.893, 0.867) | val eod gap: 0.0287
Files already downloaded and verified
5968 labeled samples and 156802 unlabeled samples. Total: 162770
Use 5968 samples. Get 7754 labels. Ratio: 0.7696672685065773
Epoch 4
 42.52% | time: 105.6s ( 21.9m) | step:   3365 | train acc: 1.000 | train loss: 0.000 |test acc: 0.879 (0.887, 0.867) | test eod gap: 0.0259
begin calculating influence
[Strategy 5] Acc of expected label: 0.8830859375
calculating influence -- done
 42.52% | time:  19.6s ( 22.2m) | step:   3365 | train acc: 1.000 | train loss: 0.000 |val acc: 0.888 (0.893, 0.879) | val eod gap: 0.0280
Files already downloaded and verified
6036 labeled samples and 156734 unlabeled samples. Total: 162770
Use 6036 samples. Get 7857 labels. Ratio: 0.7682321496754486
 45.05% | time:  67.1s ( 23.4m) | step:   3565 | train acc: 0.992 | train loss: 0.011 |test acc: 0.876 (0.884, 0.863) | test eod gap: 0.0264
begin calculating influence
[Strategy 5] Acc of expected label: 0.880703125
calculating influence -- done
 45.05% | time:  18.8s ( 23.7m) | step:   3565 | train acc: 0.992 | train loss: 0.011 |val acc: 0.891 (0.902, 0.874) | val eod gap: 0.0278
Files already downloaded and verified
6124 labeled samples and 156646 unlabeled samples. Total: 162770
Use 6124 samples. Get 8065 labels. Ratio: 0.7593304401735896
 47.57% | time:  65.0s ( 24.8m) | step:   3765 | train acc: 1.000 | train loss: 0.000 |test acc: 0.877 (0.886, 0.864) | test eod gap: 0.0260
begin calculating influence
[Strategy 5] Acc of expected label: 0.88234375
calculating influence -- done
 47.57% | time:  20.0s ( 25.1m) | step:   3765 | train acc: 1.000 | train loss: 0.000 |val acc: 0.884 (0.894, 0.869) | val eod gap: 0.0280
Files already downloaded and verified
6137 labeled samples and 156633 unlabeled samples. Total: 162770
Use 6137 samples. Get 8099 labels. Ratio: 0.7577478701074206
Epoch 5
 52.53% | time: 105.3s ( 26.8m) | step:   4157 | train acc: 1.000 | train loss: 0.000 |test acc: 0.875 (0.883, 0.863) | test eod gap: 0.0242
begin calculating influence
[Strategy 5] Acc of expected label: 0.881796875
calculating influence -- done
 52.53% | time:  19.7s ( 27.2m) | step:   4157 | train acc: 1.000 | train loss: 0.000 |val acc: 0.884 (0.893, 0.870) | val eod gap: 0.0239
Files already downloaded and verified
6146 labeled samples and 156624 unlabeled samples. Total: 162770
Use 6146 samples. Get 8132 labels. Ratio: 0.7557796360059026
 55.05% | time:  65.4s ( 28.3m) | step:   4357 | train acc: 1.000 | train loss: 0.000 |test acc: 0.875 (0.882, 0.863) | test eod gap: 0.0239
begin calculating influence
[Strategy 5] Acc of expected label: 0.8798046875
calculating influence -- done
 55.05% | time:  21.4s ( 28.6m) | step:   4357 | train acc: 1.000 | train loss: 0.000 |val acc: 0.887 (0.894, 0.876) | val eod gap: 0.0166
Files already downloaded and verified
6256 labeled samples and 156514 unlabeled samples. Total: 162770
Use 6256 samples. Get 8347 labels. Ratio: 0.7494908350305499
 57.58% | time:  69.3s ( 29.8m) | step:   4557 | train acc: 1.000 | train loss: 0.002 |test acc: 0.878 (0.885, 0.865) | test eod gap: 0.0357
begin calculating influence
[Strategy 5] Acc of expected label: 0.877421875
calculating influence -- done
 57.58% | time:  19.7s ( 30.1m) | step:   4557 | train acc: 1.000 | train loss: 0.002 |val acc: 0.883 (0.891, 0.871) | val eod gap: 0.0377
Files already downloaded and verified
6331 labeled samples and 156439 unlabeled samples. Total: 162770
Use 6331 samples. Get 8478 labels. Ratio: 0.746756310450578
Epoch 6
 62.52% | time: 101.7s ( 31.8m) | step:   4948 | train acc: 1.000 | train loss: 0.000 |test acc: 0.881 (0.891, 0.866) | test eod gap: 0.0301
begin calculating influence
[Strategy 5] Acc of expected label: 0.8834375
calculating influence -- done
 62.52% | time:  19.2s ( 32.1m) | step:   4948 | train acc: 1.000 | train loss: 0.000 |val acc: 0.890 (0.901, 0.873) | val eod gap: 0.0308
Files already downloaded and verified
6353 labeled samples and 156417 unlabeled samples. Total: 162770
Use 6353 samples. Get 8526 labels. Ratio: 0.7451325357729298
 65.05% | time:  71.2s ( 33.3m) | step:   5148 | train acc: 1.000 | train loss: 0.000 |test acc: 0.876 (0.887, 0.860) | test eod gap: 0.0303
begin calculating influence
[Strategy 5] Acc of expected label: 0.8817578125
calculating influence -- done
 65.05% | time:  20.2s ( 33.6m) | step:   5148 | train acc: 1.000 | train loss: 0.000 |val acc: 0.888 (0.893, 0.880) | val eod gap: 0.0135
Files already downloaded and verified
6382 labeled samples and 156388 unlabeled samples. Total: 162770
Use 6382 samples. Get 8606 labels. Ratio: 0.7415756448989077
 67.58% | time:  74.1s ( 34.9m) | step:   5348 | train acc: 1.000 | train loss: 0.000 |test acc: 0.875 (0.886, 0.859) | test eod gap: 0.0307
begin calculating influence
[Strategy 5] Acc of expected label: 0.88015625
calculating influence -- done
 67.58% | time:  19.5s ( 35.2m) | step:   5348 | train acc: 1.000 | train loss: 0.000 |val acc: 0.883 (0.887, 0.878) | val eod gap: 0.0148
Files already downloaded and verified
6418 labeled samples and 156352 unlabeled samples. Total: 162770
Use 6418 samples. Get 8708 labels. Ratio: 0.7370234267340376
Epoch 7
 72.52% | time: 105.2s ( 37.0m) | step:   5739 | train acc: 0.996 | train loss: 0.032 |test acc: 0.876 (0.885, 0.864) | test eod gap: 0.0259
begin calculating influence
[Strategy 5] Acc of expected label: 0.8801953125
calculating influence -- done
 72.52% | time:  19.8s ( 37.3m) | step:   5739 | train acc: 0.996 | train loss: 0.032 |val acc: 0.884 (0.888, 0.878) | val eod gap: 0.0347
Files already downloaded and verified
6674 labeled samples and 156096 unlabeled samples. Total: 162770
Use 6674 samples. Get 9079 labels. Ratio: 0.7351029849102324
 75.04% | time:  66.2s ( 38.4m) | step:   5939 | train acc: 1.000 | train loss: 0.001 |test acc: 0.874 (0.883, 0.860) | test eod gap: 0.0247
begin calculating influence
[Strategy 5] Acc of expected label: 0.8765625
calculating influence -- done
 75.04% | time:  21.7s ( 38.8m) | step:   5939 | train acc: 1.000 | train loss: 0.001 |val acc: 0.887 (0.895, 0.874) | val eod gap: 0.0190
Files already downloaded and verified
6880 labeled samples and 155890 unlabeled samples. Total: 162770
Use 6880 samples. Get 9445 labels. Ratio: 0.7284277395447326
 77.57% | time:  74.8s ( 40.0m) | step:   6139 | train acc: 1.000 | train loss: 0.000 |test acc: 0.878 (0.886, 0.864) | test eod gap: 0.0267
begin calculating influence
[Strategy 5] Acc of expected label: 0.88390625
calculating influence -- done
 77.57% | time:  19.4s ( 40.3m) | step:   6139 | train acc: 1.000 | train loss: 0.000 |val acc: 0.891 (0.897, 0.880) | val eod gap: 0.0207
Files already downloaded and verified
6939 labeled samples and 155831 unlabeled samples. Total: 162770
Use 6939 samples. Get 9574 labels. Ratio: 0.7247754334656361
Epoch 8
 82.52% | time: 108.1s ( 42.1m) | step:   6531 | train acc: 1.000 | train loss: 0.000 |test acc: 0.879 (0.887, 0.866) | test eod gap: 0.0249
begin calculating influence
[Strategy 5] Acc of expected label: 0.88515625
calculating influence -- done
 82.52% | time:  21.2s ( 42.5m) | step:   6531 | train acc: 1.000 | train loss: 0.000 |val acc: 0.888 (0.895, 0.878) | val eod gap: 0.0200
Files already downloaded and verified
7175 labeled samples and 155595 unlabeled samples. Total: 162770
Use 7175 samples. Get 10023 labels. Ratio: 0.71585353686521
 85.05% | time:  67.5s ( 43.6m) | step:   6731 | train acc: 0.980 | train loss: 0.066 |test acc: 0.873 (0.881, 0.861) | test eod gap: 0.0283
begin calculating influence
[Strategy 5] Acc of expected label: 0.88015625
calculating influence -- done
 85.05% | time:  20.2s ( 43.9m) | step:   6731 | train acc: 0.980 | train loss: 0.066 |val acc: 0.883 (0.887, 0.876) | val eod gap: 0.0228
Files already downloaded and verified
7431 labeled samples and 155339 unlabeled samples. Total: 162770
Use 7431 samples. Get 10378 labels. Ratio: 0.7160339179032569
 87.58% | time:  69.1s ( 45.1m) | step:   6931 | train acc: 0.980 | train loss: 0.045 |test acc: 0.874 (0.883, 0.861) | test eod gap: 0.0243
begin calculating influence
[Strategy 5] Acc of expected label: 0.87828125
calculating influence -- done
 87.58% | time:  20.1s ( 45.4m) | step:   6931 | train acc: 0.980 | train loss: 0.045 |val acc: 0.878 (0.888, 0.861) | val eod gap: 0.0337
Files already downloaded and verified
7687 labeled samples and 155083 unlabeled samples. Total: 162770
Use 7687 samples. Get 10764 labels. Ratio: 0.7141397250092902
Epoch 9
 92.52% | time: 100.7s ( 47.1m) | step:   7322 | train acc: 1.000 | train loss: 0.000 |test acc: 0.878 (0.886, 0.865) | test eod gap: 0.0249
begin calculating influence
[Strategy 5] Acc of expected label: 0.8835546875
calculating influence -- done
 92.52% | time:  19.0s ( 47.4m) | step:   7322 | train acc: 1.000 | train loss: 0.000 |val acc: 0.888 (0.893, 0.879) | val eod gap: 0.0233
Files already downloaded and verified
7747 labeled samples and 155023 unlabeled samples. Total: 162770
Use 7747 samples. Get 10870 labels. Ratio: 0.7126954921803128
 95.05% | time:  64.6s ( 48.5m) | step:   7522 | train acc: 1.000 | train loss: 0.000 |test acc: 0.879 (0.886, 0.867) | test eod gap: 0.0241
begin calculating influence
[Strategy 5] Acc of expected label: 0.884765625
calculating influence -- done
 95.05% | time:  19.7s ( 48.8m) | step:   7522 | train acc: 1.000 | train loss: 0.000 |val acc: 0.890 (0.895, 0.882) | val eod gap: 0.0194
Files already downloaded and verified
7786 labeled samples and 154984 unlabeled samples. Total: 162770
Use 7786 samples. Get 10943 labels. Ratio: 0.7115050717353559
 97.57% | time:  59.0s ( 49.8m) | step:   7722 | train acc: 0.996 | train loss: 0.024 |test acc: 0.874 (0.881, 0.863) | test eod gap: 0.0314
begin calculating influence
[Strategy 5] Acc of expected label: 0.8825390625
calculating influence -- done
 97.57% | time:  18.7s ( 50.1m) | step:   7722 | train acc: 0.996 | train loss: 0.024 |val acc: 0.884 (0.885, 0.883) | val eod gap: 0.0321
Files already downloaded and verified
7950 labeled samples and 154820 unlabeled samples. Total: 162770
Use 7950 samples. Get 11227 labels. Ratio: 0.708114367150619
