Files already downloaded and verified
3255 labeled samples and 159515 unlabeled samples. Total: 162770
Files already downloaded and verified
1996 labeled samples and 17966 unlabeled samples. Total: 19962
Numer of layers 200
train net...
Epoch 0
  2.53% | time:  81.9s (  1.4m) | step:    200 | train acc: 0.852 | train loss: 0.309 |test acc: 0.823 (0.830, 0.810) | test eop gap: 0.0327
begin calculating influence
selected layers: [Traced<ShapedArray(float32[2])>with<DynamicJaxprTrace(level=0/1)>, Traced<ShapedArray(float32[768,2])>with<DynamicJaxprTrace(level=0/1)>]
selected layers: [Traced<ShapedArray(float32[2])>with<DynamicJaxprTrace(level=0/1)>, Traced<ShapedArray(float32[768,2])>with<DynamicJaxprTrace(level=0/1)>]
[Strategy 5] Acc of expected label: 0.8238671875
calculating influence -- done
  2.53% | time:  47.1s (  2.2m) | step:    200 | train acc: 0.852 | train loss: 0.309 |val acc: 0.829 (0.845, 0.803) | val eop gap: 0.0536
Files already downloaded and verified
3511 labeled samples and 159259 unlabeled samples. Total: 162770
Use 3511 samples. Get 3614 labels. Ratio: 0.9714997232982845
  5.05% | time:  66.0s (  3.3m) | step:    400 | train acc: 0.980 | train loss: 0.056 |test acc: 0.858 (0.867, 0.844) | test eop gap: 0.0442
begin calculating influence
[Strategy 5] Acc of expected label: 0.8576953125
calculating influence -- done
  5.05% | time:  21.2s (  3.6m) | step:    400 | train acc: 0.980 | train loss: 0.056 |val acc: 0.864 (0.875, 0.847) | val eop gap: 0.0518
Files already downloaded and verified
3767 labeled samples and 159003 unlabeled samples. Total: 162770
Use 3767 samples. Get 4027 labels. Ratio: 0.9354358082940154
  7.58% | time:  66.2s (  4.7m) | step:    600 | train acc: 1.000 | train loss: 0.000 |test acc: 0.860 (0.872, 0.840) | test eop gap: 0.0384
begin calculating influence
[Strategy 5] Acc of expected label: 0.86296875
calculating influence -- done
  7.58% | time:  19.6s (  5.0m) | step:    600 | train acc: 1.000 | train loss: 0.000 |val acc: 0.862 (0.874, 0.843) | val eop gap: 0.0354
Files already downloaded and verified
3910 labeled samples and 158860 unlabeled samples. Total: 162770
Use 3910 samples. Get 4262 labels. Ratio: 0.9174096668230878
Epoch 1
 12.52% | time: 115.6s (  7.0m) | step:    991 | train acc: 0.941 | train loss: 0.148 |test acc: 0.845 (0.862, 0.819) | test eop gap: 0.0055
begin calculating influence
[Strategy 5] Acc of expected label: 0.84234375
calculating influence -- done
 12.52% | time:  20.5s (  7.3m) | step:    991 | train acc: 0.941 | train loss: 0.148 |val acc: 0.842 (0.864, 0.807) | val eop gap: 0.0083
Files already downloaded and verified
4166 labeled samples and 158604 unlabeled samples. Total: 162770
Use 4166 samples. Get 4705 labels. Ratio: 0.8854410201912859
 15.05% | time:  63.7s (  8.4m) | step:   1191 | train acc: 1.000 | train loss: 0.001 |test acc: 0.863 (0.876, 0.843) | test eop gap: 0.0328
begin calculating influence
[Strategy 5] Acc of expected label: 0.86140625
calculating influence -- done
 15.05% | time:  20.2s (  8.7m) | step:   1191 | train acc: 1.000 | train loss: 0.001 |val acc: 0.866 (0.883, 0.840) | val eop gap: 0.0202
Files already downloaded and verified
4422 labeled samples and 158348 unlabeled samples. Total: 162770
Use 4422 samples. Get 5153 labels. Ratio: 0.8581408888026393
 17.58% | time:  61.6s (  9.7m) | step:   1391 | train acc: 1.000 | train loss: 0.000 |test acc: 0.863 (0.875, 0.844) | test eop gap: 0.0344
begin calculating influence
[Strategy 5] Acc of expected label: 0.862890625
calculating influence -- done
 17.58% | time:  20.4s ( 10.1m) | step:   1391 | train acc: 1.000 | train loss: 0.000 |val acc: 0.869 (0.886, 0.842) | val eop gap: 0.0127
Files already downloaded and verified
4678 labeled samples and 158092 unlabeled samples. Total: 162770
Use 4678 samples. Get 5576 labels. Ratio: 0.8389526542324247
Epoch 2
 22.52% | time: 106.2s ( 11.8m) | step:   1782 | train acc: 1.000 | train loss: 0.000 |test acc: 0.867 (0.879, 0.849) | test eop gap: 0.0354
begin calculating influence
[Strategy 5] Acc of expected label: 0.8679296875
calculating influence -- done
 22.52% | time:  19.4s ( 12.2m) | step:   1782 | train acc: 1.000 | train loss: 0.000 |val acc: 0.872 (0.884, 0.852) | val eop gap: 0.0243
Files already downloaded and verified
4723 labeled samples and 158047 unlabeled samples. Total: 162770
Use 4723 samples. Get 5661 labels. Ratio: 0.8343048931284225
 25.04% | time:  68.7s ( 13.3m) | step:   1982 | train acc: 1.000 | train loss: 0.000 |test acc: 0.865 (0.877, 0.846) | test eop gap: 0.0394
begin calculating influence
[Strategy 5] Acc of expected label: 0.8675390625
calculating influence -- done
 25.04% | time:  19.9s ( 13.6m) | step:   1982 | train acc: 1.000 | train loss: 0.000 |val acc: 0.869 (0.879, 0.852) | val eop gap: 0.0239
Files already downloaded and verified
4824 labeled samples and 157946 unlabeled samples. Total: 162770
Use 4824 samples. Get 5839 labels. Ratio: 0.8261688645315979
 27.57% | time:  67.6s ( 14.8m) | step:   2182 | train acc: 1.000 | train loss: 0.000 |test acc: 0.866 (0.877, 0.849) | test eop gap: 0.0301
begin calculating influence
[Strategy 5] Acc of expected label: 0.868828125
calculating influence -- done
 27.57% | time:  20.1s ( 15.1m) | step:   2182 | train acc: 1.000 | train loss: 0.000 |val acc: 0.879 (0.890, 0.861) | val eop gap: 0.0215
Files already downloaded and verified
5080 labeled samples and 157690 unlabeled samples. Total: 162770
Use 5080 samples. Get 6329 labels. Ratio: 0.80265444778006
Epoch 3
 32.52% | time: 101.2s ( 16.8m) | step:   2574 | train acc: 1.000 | train loss: 0.000 |test acc: 0.871 (0.882, 0.854) | test eop gap: 0.0406
begin calculating influence
[Strategy 5] Acc of expected label: 0.8730078125
calculating influence -- done
 32.52% | time:  19.5s ( 17.1m) | step:   2574 | train acc: 1.000 | train loss: 0.000 |val acc: 0.883 (0.893, 0.869) | val eop gap: 0.0307
Files already downloaded and verified
5205 labeled samples and 157565 unlabeled samples. Total: 162770
Use 5205 samples. Get 6562 labels. Ratio: 0.7932032916793661
 35.05% | time:  63.2s ( 18.2m) | step:   2774 | train acc: 1.000 | train loss: 0.001 |test acc: 0.870 (0.881, 0.854) | test eop gap: 0.0392
begin calculating influence
[Strategy 5] Acc of expected label: 0.872109375
calculating influence -- done
 35.05% | time:  19.7s ( 18.5m) | step:   2774 | train acc: 1.000 | train loss: 0.001 |val acc: 0.881 (0.894, 0.861) | val eop gap: 0.0504
Files already downloaded and verified
5313 labeled samples and 157457 unlabeled samples. Total: 162770
Use 5313 samples. Get 6751 labels. Ratio: 0.7869945193304696
 37.58% | time:  64.5s ( 19.6m) | step:   2974 | train acc: 1.000 | train loss: 0.000 |test acc: 0.869 (0.879, 0.853) | test eop gap: 0.0358
begin calculating influence
[Strategy 5] Acc of expected label: 0.8737109375
calculating influence -- done
 37.58% | time:  19.6s ( 19.9m) | step:   2974 | train acc: 1.000 | train loss: 0.000 |val acc: 0.883 (0.895, 0.864) | val eop gap: 0.0378
Files already downloaded and verified
5388 labeled samples and 157382 unlabeled samples. Total: 162770
Use 5388 samples. Get 6911 labels. Ratio: 0.7796266821009984
Epoch 4
 42.52% | time: 103.3s ( 21.6m) | step:   3365 | train acc: 1.000 | train loss: 0.000 |test acc: 0.870 (0.880, 0.855) | test eop gap: 0.0308
begin calculating influence
[Strategy 5] Acc of expected label: 0.8763671875
calculating influence -- done
 42.52% | time:  19.3s ( 21.9m) | step:   3365 | train acc: 1.000 | train loss: 0.000 |val acc: 0.885 (0.897, 0.867) | val eop gap: 0.0229
Files already downloaded and verified
5446 labeled samples and 157324 unlabeled samples. Total: 162770
Use 5446 samples. Get 7041 labels. Ratio: 0.7734696776026133
 45.05% | time:  53.9s ( 22.8m) | step:   3565 | train acc: 1.000 | train loss: 0.000 |test acc: 0.869 (0.879, 0.852) | test eop gap: 0.0367
begin calculating influence
[Strategy 5] Acc of expected label: 0.8715625
calculating influence -- done
 45.05% | time:  19.2s ( 23.2m) | step:   3565 | train acc: 1.000 | train loss: 0.000 |val acc: 0.876 (0.886, 0.860) | val eop gap: 0.0347
Files already downloaded and verified
5702 labeled samples and 157068 unlabeled samples. Total: 162770
Use 5702 samples. Get 7461 labels. Ratio: 0.764240718402359
 47.57% | time:  55.3s ( 24.1m) | step:   3765 | train acc: 1.000 | train loss: 0.001 |test acc: 0.871 (0.882, 0.854) | test eop gap: 0.0451
begin calculating influence
[Strategy 5] Acc of expected label: 0.876875
calculating influence -- done
 47.57% | time:  19.3s ( 24.4m) | step:   3765 | train acc: 1.000 | train loss: 0.001 |val acc: 0.883 (0.888, 0.874) | val eop gap: 0.0288
Files already downloaded and verified
5855 labeled samples and 156915 unlabeled samples. Total: 162770
Use 5855 samples. Get 7785 labels. Ratio: 0.75208734746307
Epoch 5
 52.53% | time: 100.5s ( 26.1m) | step:   4157 | train acc: 1.000 | train loss: 0.000 |test acc: 0.872 (0.884, 0.854) | test eop gap: 0.0444
begin calculating influence
[Strategy 5] Acc of expected label: 0.8740234375
calculating influence -- done
 52.53% | time:  20.0s ( 26.4m) | step:   4157 | train acc: 1.000 | train loss: 0.000 |val acc: 0.876 (0.883, 0.865) | val eop gap: 0.0317
Files already downloaded and verified
5995 labeled samples and 156775 unlabeled samples. Total: 162770
Use 5995 samples. Get 8087 labels. Ratio: 0.7413132187461358
 55.05% | time:  65.1s ( 27.5m) | step:   4357 | train acc: 1.000 | train loss: 0.000 |test acc: 0.872 (0.884, 0.853) | test eop gap: 0.0546
begin calculating influence
[Strategy 5] Acc of expected label: 0.87265625
calculating influence -- done
 55.05% | time:  20.1s ( 27.8m) | step:   4357 | train acc: 1.000 | train loss: 0.000 |val acc: 0.882 (0.890, 0.869) | val eop gap: 0.0196
Files already downloaded and verified
6155 labeled samples and 156615 unlabeled samples. Total: 162770
Use 6155 samples. Get 8426 labels. Ratio: 0.7304770947068597
 57.58% | time:  65.1s ( 28.9m) | step:   4557 | train acc: 1.000 | train loss: 0.000 |test acc: 0.874 (0.884, 0.858) | test eop gap: 0.0436
begin calculating influence
[Strategy 5] Acc of expected label: 0.87265625
calculating influence -- done
 57.58% | time:  20.0s ( 29.2m) | step:   4557 | train acc: 1.000 | train loss: 0.000 |val acc: 0.881 (0.888, 0.870) | val eop gap: 0.0327
Files already downloaded and verified
6293 labeled samples and 156477 unlabeled samples. Total: 162770
Use 6293 samples. Get 8727 labels. Ratio: 0.7210954508995073
Epoch 6
 62.52% | time: 105.2s ( 31.0m) | step:   4948 | train acc: 1.000 | train loss: 0.000 |test acc: 0.874 (0.886, 0.856) | test eop gap: 0.0457
begin calculating influence
[Strategy 5] Acc of expected label: 0.8723046875
calculating influence -- done
 62.52% | time:  19.3s ( 31.3m) | step:   4948 | train acc: 1.000 | train loss: 0.000 |val acc: 0.878 (0.887, 0.865) | val eop gap: 0.0359
Files already downloaded and verified
6432 labeled samples and 156338 unlabeled samples. Total: 162770
Use 6432 samples. Get 8980 labels. Ratio: 0.7162583518930957
 65.05% | time:  64.0s ( 32.4m) | step:   5148 | train acc: 1.000 | train loss: 0.001 |test acc: 0.873 (0.883, 0.856) | test eop gap: 0.0500
begin calculating influence
[Strategy 5] Acc of expected label: 0.8758203125
calculating influence -- done
 65.05% | time:  19.7s ( 32.7m) | step:   5148 | train acc: 1.000 | train loss: 0.001 |val acc: 0.884 (0.893, 0.870) | val eop gap: 0.0374
Files already downloaded and verified
6558 labeled samples and 156212 unlabeled samples. Total: 162770
Use 6558 samples. Get 9246 labels. Ratio: 0.709279688513952
 67.58% | time:  65.4s ( 33.8m) | step:   5348 | train acc: 1.000 | train loss: 0.000 |test acc: 0.871 (0.883, 0.852) | test eop gap: 0.0532
begin calculating influence
[Strategy 5] Acc of expected label: 0.875546875
calculating influence -- done
 67.58% | time:  20.2s ( 34.1m) | step:   5348 | train acc: 1.000 | train loss: 0.000 |val acc: 0.883 (0.895, 0.864) | val eop gap: 0.0412
Files already downloaded and verified
6611 labeled samples and 156159 unlabeled samples. Total: 162770
Use 6611 samples. Get 9324 labels. Ratio: 0.709030459030459
Epoch 7
 72.52% | time: 108.9s ( 36.0m) | step:   5739 | train acc: 1.000 | train loss: 0.000 |test acc: 0.873 (0.884, 0.854) | test eop gap: 0.0538
begin calculating influence
[Strategy 5] Acc of expected label: 0.876796875
calculating influence -- done
 72.52% | time:  20.2s ( 36.3m) | step:   5739 | train acc: 1.000 | train loss: 0.000 |val acc: 0.879 (0.893, 0.857) | val eop gap: 0.0486
Files already downloaded and verified
6668 labeled samples and 156102 unlabeled samples. Total: 162770
Use 6668 samples. Get 9442 labels. Ratio: 0.7062063122219868
 75.04% | time:  55.3s ( 37.2m) | step:   5939 | train acc: 1.000 | train loss: 0.001 |test acc: 0.871 (0.883, 0.852) | test eop gap: 0.0563
begin calculating influence
[Strategy 5] Acc of expected label: 0.8769921875
calculating influence -- done
 75.04% | time:  19.1s ( 37.5m) | step:   5939 | train acc: 1.000 | train loss: 0.001 |val acc: 0.876 (0.888, 0.857) | val eop gap: 0.0463
Files already downloaded and verified
6759 labeled samples and 156011 unlabeled samples. Total: 162770
Use 6759 samples. Get 9645 labels. Ratio: 0.7007776049766719
 77.57% | time:  66.3s ( 38.6m) | step:   6139 | train acc: 1.000 | train loss: 0.000 |test acc: 0.871 (0.883, 0.852) | test eop gap: 0.0571
begin calculating influence
[Strategy 5] Acc of expected label: 0.8748046875
calculating influence -- done
 77.57% | time:  20.3s ( 39.0m) | step:   6139 | train acc: 1.000 | train loss: 0.000 |val acc: 0.878 (0.889, 0.860) | val eop gap: 0.0382
Files already downloaded and verified
6888 labeled samples and 155882 unlabeled samples. Total: 162770
Use 6888 samples. Get 9961 labels. Ratio: 0.691496837666901
Epoch 8
 82.52% | time: 103.1s ( 40.7m) | step:   6531 | train acc: 1.000 | train loss: 0.000 |test acc: 0.871 (0.885, 0.850) | test eop gap: 0.0644
begin calculating influence
[Strategy 5] Acc of expected label: 0.8726171875
calculating influence -- done
 82.52% | time:  20.0s ( 41.0m) | step:   6531 | train acc: 1.000 | train loss: 0.000 |val acc: 0.884 (0.897, 0.865) | val eop gap: 0.0445
Files already downloaded and verified
6974 labeled samples and 155796 unlabeled samples. Total: 162770
Use 6974 samples. Get 10144 labels. Ratio: 0.6875
 85.05% | time:  67.3s ( 42.1m) | step:   6731 | train acc: 1.000 | train loss: 0.000 |test acc: 0.872 (0.884, 0.853) | test eop gap: 0.0621
begin calculating influence
[Strategy 5] Acc of expected label: 0.8749609375
calculating influence -- done
 85.05% | time:  20.3s ( 42.5m) | step:   6731 | train acc: 1.000 | train loss: 0.000 |val acc: 0.880 (0.893, 0.860) | val eop gap: 0.0635
Files already downloaded and verified
7125 labeled samples and 155645 unlabeled samples. Total: 162770
Use 7125 samples. Get 10458 labels. Ratio: 0.6812966150315548
 87.58% | time:  63.6s ( 43.5m) | step:   6931 | train acc: 1.000 | train loss: 0.003 |test acc: 0.866 (0.879, 0.846) | test eop gap: 0.0700
begin calculating influence
[Strategy 5] Acc of expected label: 0.873515625
calculating influence -- done
 87.58% | time:  20.9s ( 43.9m) | step:   6931 | train acc: 1.000 | train loss: 0.003 |val acc: 0.888 (0.902, 0.866) | val eop gap: 0.0806
Files already downloaded and verified
7192 labeled samples and 155578 unlabeled samples. Total: 162770
Use 7192 samples. Get 10610 labels. Ratio: 0.6778510838831291
Epoch 9
 92.52% | time: 108.6s ( 45.7m) | step:   7322 | train acc: 1.000 | train loss: 0.000 |test acc: 0.871 (0.884, 0.849) | test eop gap: 0.0622
begin calculating influence
[Strategy 5] Acc of expected label: 0.87390625
calculating influence -- done
 92.52% | time:  20.0s ( 46.0m) | step:   7322 | train acc: 1.000 | train loss: 0.000 |val acc: 0.876 (0.890, 0.853) | val eop gap: 0.0482
Files already downloaded and verified
7361 labeled samples and 155409 unlabeled samples. Total: 162770
Use 7361 samples. Get 10915 labels. Ratio: 0.6743930371049015
 95.05% | time:  59.8s ( 47.0m) | step:   7522 | train acc: 1.000 | train loss: 0.000 |test acc: 0.872 (0.883, 0.854) | test eop gap: 0.0595
begin calculating influence
[Strategy 5] Acc of expected label: 0.873046875
calculating influence -- done
 95.05% | time:  21.2s ( 47.4m) | step:   7522 | train acc: 1.000 | train loss: 0.000 |val acc: 0.880 (0.898, 0.852) | val eop gap: 0.0694
Files already downloaded and verified
7554 labeled samples and 155216 unlabeled samples. Total: 162770
Use 7554 samples. Get 11219 labels. Ratio: 0.6733220429628309
 97.57% | time:  67.9s ( 48.5m) | step:   7722 | train acc: 0.996 | train loss: 0.015 |test acc: 0.871 (0.883, 0.850) | test eop gap: 0.0491
begin calculating influence
[Strategy 5] Acc of expected label: 0.875625
calculating influence -- done
 97.57% | time:  20.2s ( 48.9m) | step:   7722 | train acc: 0.996 | train loss: 0.015 |val acc: 0.882 (0.895, 0.861) | val eop gap: 0.0386
Files already downloaded and verified
7580 labeled samples and 155190 unlabeled samples. Total: 162770
Use 7580 samples. Get 11269 labels. Ratio: 0.672641760582128
