Files already downloaded and verified
3255 labeled samples and 159515 unlabeled samples. Total: 162770
Files already downloaded and verified
1996 labeled samples and 17966 unlabeled samples. Total: 19962
Numer of layers 200
train net...
train with 162770 samples (with replacement) in one epoch
Epoch 0
  2.62% | time: 105.4s (  1.8m) | step:    200 | train acc: 0.977 | train loss: 0.059 |warm_t acc: 0.841 (0.855, 0.820) | warm_t eod gap: 0.0345
  2.62% | time:   5.9s (  1.9m) | step:    200 | train acc: 0.977 | train loss: 0.059 |warm_v acc: 0.845 (0.858, 0.823) | warm_v eod gap: 0.0321
  5.24% | time:  80.6s (  3.2m) | step:    400 | train acc: 1.000 | train loss: 0.000 |warm_t acc: 0.847 (0.860, 0.827) | warm_t eod gap: 0.0391
  5.24% | time:   1.4s (  3.2m) | step:    400 | train acc: 1.000 | train loss: 0.000 |warm_v acc: 0.857 (0.868, 0.839) | warm_v eod gap: 0.0290
  7.86% | time:  80.8s (  4.6m) | step:    600 | train acc: 1.000 | train loss: 0.000 |warm_t acc: 0.847 (0.859, 0.827) | warm_t eod gap: 0.0376
  7.86% | time:   1.4s (  4.6m) | step:    600 | train acc: 1.000 | train loss: 0.000 |warm_v acc: 0.854 (0.875, 0.820) | warm_v eod gap: 0.0584
  8.32% | time:  22.7s (  5.0m) | step:    635 | train acc: 1.000 | train loss: 0.000 |warm_t acc: 0.847 (0.859, 0.827) | warm_t eod gap: 0.0380
  8.32% | time:   1.4s (  5.0m) | step:    635 | train acc: 1.000 | train loss: 0.000 |warm_v acc: 0.854 (0.871, 0.829) | warm_v eod gap: 0.0463
Epoch 1
 10.95% | time:  80.3s (  6.3m) | step:    835 | train acc: 1.000 | train loss: 0.000 |warm_t acc: 0.847 (0.859, 0.828) | warm_t eod gap: 0.0373
 10.95% | time:   1.4s (  6.4m) | step:    835 | train acc: 1.000 | train loss: 0.000 |warm_v acc: 0.854 (0.881, 0.811) | warm_v eod gap: 0.0723
 13.57% | time:  79.5s (  7.7m) | step:   1035 | train acc: 1.000 | train loss: 0.000 |warm_t acc: 0.847 (0.859, 0.828) | warm_t eod gap: 0.0372
 13.57% | time:   1.5s (  7.7m) | step:   1035 | train acc: 1.000 | train loss: 0.000 |warm_v acc: 0.852 (0.867, 0.828) | warm_v eod gap: 0.0414
 16.19% | time:  78.4s (  9.0m) | step:   1235 | train acc: 1.000 | train loss: 0.000 |warm_t acc: 0.847 (0.859, 0.828) | warm_t eod gap: 0.0374
 16.19% | time:   1.3s (  9.0m) | step:   1235 | train acc: 1.000 | train loss: 0.000 |warm_v acc: 0.848 (0.867, 0.821) | warm_v eod gap: 0.0477
 16.65% | time:  22.8s (  9.4m) | step:   1270 | train acc: 1.000 | train loss: 0.000 |warm_t acc: 0.847 (0.859, 0.828) | warm_t eod gap: 0.0373
 16.65% | time:   1.5s (  9.4m) | step:   1270 | train acc: 1.000 | train loss: 0.000 |warm_v acc: 0.849 (0.861, 0.830) | warm_v eod gap: 0.0334
Epoch 2
 19.28% | time:  76.0s ( 10.7m) | step:   1471 | train acc: 1.000 | train loss: 0.000 |test acc: 0.847 (0.859, 0.828) | test eod gap: 0.0372
 19.28% | time:   1.1s ( 10.7m) | step:   1471 | train acc: 1.000 | train loss: 0.000 |val acc: 0.857 (0.874, 0.831) | val eod gap: 0.0482
begin calculating influence
selected layers: [Traced<ShapedArray(float32[768])>with<DynamicJaxprTrace(level=0/1)>, Traced<ShapedArray(float32[8,8,3,768])>with<DynamicJaxprTrace(level=0/1)>, Traced<ShapedArray(float32[2])>with<DynamicJaxprTrace(level=0/1)>, Traced<ShapedArray(float32[768,2])>with<DynamicJaxprTrace(level=0/1)>]
calculating influence -- done
Files already downloaded and verified
3511 labeled samples and 159259 unlabeled samples. Total: 162770
Use 3511 samples. Get 3511 labels. Ratio: 1.0
 21.90% | time: 748.7s ( 23.2m) | step:   1671 | train acc: 0.973 | train loss: 0.110 |test acc: 0.850 (0.861, 0.832) | test eod gap: 0.0295
 21.90% | time:   1.6s ( 23.2m) | step:   1671 | train acc: 0.973 | train loss: 0.110 |val acc: 0.857 (0.883, 0.818) | val eod gap: 0.0628
begin calculating influence
calculating influence -- done
Files already downloaded and verified
3767 labeled samples and 159003 unlabeled samples. Total: 162770
Use 3767 samples. Get 3767 labels. Ratio: 1.0
 24.52% | time: 727.5s ( 35.4m) | step:   1871 | train acc: 0.996 | train loss: 0.007 |test acc: 0.856 (0.868, 0.838) | test eod gap: 0.0381
 24.52% | time:   1.5s ( 35.4m) | step:   1871 | train acc: 0.996 | train loss: 0.007 |val acc: 0.857 (0.876, 0.828) | val eod gap: 0.0557
begin calculating influence
calculating influence -- done
Files already downloaded and verified
4023 labeled samples and 158747 unlabeled samples. Total: 162770
Use 4023 samples. Get 4023 labels. Ratio: 1.0
 24.98% | time: 666.6s ( 46.5m) | step:   1906 | train acc: 0.902 | train loss: 0.242 |test acc: 0.843 (0.856, 0.822) | test eod gap: 0.0383
 24.98% | time:   1.5s ( 46.5m) | step:   1906 | train acc: 0.902 | train loss: 0.242 |val acc: 0.857 (0.873, 0.833) | val eod gap: 0.0357
begin calculating influence
calculating influence -- done
Files already downloaded and verified
4279 labeled samples and 158491 unlabeled samples. Total: 162770
Use 4279 samples. Get 4279 labels. Ratio: 1.0
Epoch 3
 27.62% | time: 726.4s ( 58.6m) | step:   2107 | train acc: 1.000 | train loss: 0.001 |test acc: 0.857 (0.867, 0.841) | test eod gap: 0.0280
 27.62% | time:   1.4s ( 58.6m) | step:   2107 | train acc: 1.000 | train loss: 0.001 |val acc: 0.854 (0.874, 0.821) | val eod gap: 0.0535
begin calculating influence
calculating influence -- done
Files already downloaded and verified
4535 labeled samples and 158235 unlabeled samples. Total: 162770
Use 4535 samples. Get 4535 labels. Ratio: 1.0
 30.24% | time: 725.7s ( 70.7m) | step:   2307 | train acc: 1.000 | train loss: 0.002 |test acc: 0.859 (0.871, 0.842) | test eod gap: 0.0337
 30.24% | time:   1.4s ( 70.8m) | step:   2307 | train acc: 1.000 | train loss: 0.002 |val acc: 0.871 (0.892, 0.838) | val eod gap: 0.0623
begin calculating influence
calculating influence -- done
Files already downloaded and verified
4791 labeled samples and 157979 unlabeled samples. Total: 162770
Use 4791 samples. Get 4791 labels. Ratio: 1.0
 32.86% | time: 725.6s ( 82.9m) | step:   2507 | train acc: 1.000 | train loss: 0.000 |test acc: 0.859 (0.869, 0.842) | test eod gap: 0.0325
 32.86% | time:   1.4s ( 82.9m) | step:   2507 | train acc: 1.000 | train loss: 0.000 |val acc: 0.861 (0.879, 0.835) | val eod gap: 0.0496
begin calculating influence
calculating influence -- done
Files already downloaded and verified
5047 labeled samples and 157723 unlabeled samples. Total: 162770
Use 5047 samples. Get 5047 labels. Ratio: 1.0
 33.32% | time: 667.7s ( 94.0m) | step:   2542 | train acc: 0.980 | train loss: 0.046 |test acc: 0.860 (0.868, 0.849) | test eod gap: 0.0341
 33.32% | time:   1.4s ( 94.0m) | step:   2542 | train acc: 0.980 | train loss: 0.046 |val acc: 0.874 (0.898, 0.836) | val eod gap: 0.0688
begin calculating influence
calculating influence -- done
Files already downloaded and verified
5303 labeled samples and 157467 unlabeled samples. Total: 162770
Use 5303 samples. Get 5303 labels. Ratio: 1.0
Epoch 4
 35.95% | time: 725.4s (106.1m) | step:   2743 | train acc: 1.000 | train loss: 0.000 |test acc: 0.863 (0.874, 0.847) | test eod gap: 0.0334
 35.95% | time:   1.4s (106.1m) | step:   2743 | train acc: 1.000 | train loss: 0.000 |val acc: 0.872 (0.891, 0.843) | val eod gap: 0.0559
begin calculating influence
calculating influence -- done
Files already downloaded and verified
5559 labeled samples and 157211 unlabeled samples. Total: 162770
Use 5559 samples. Get 5559 labels. Ratio: 1.0
 38.58% | time: 720.5s (118.2m) | step:   2943 | train acc: 1.000 | train loss: 0.000 |test acc: 0.864 (0.875, 0.847) | test eod gap: 0.0327
 38.58% | time:   1.4s (118.2m) | step:   2943 | train acc: 1.000 | train loss: 0.000 |val acc: 0.872 (0.895, 0.836) | val eod gap: 0.0616
begin calculating influence
calculating influence -- done
Files already downloaded and verified
5815 labeled samples and 156955 unlabeled samples. Total: 162770
Use 5815 samples. Get 5815 labels. Ratio: 1.0
 41.20% | time: 720.4s (130.2m) | step:   3143 | train acc: 1.000 | train loss: 0.000 |test acc: 0.866 (0.878, 0.847) | test eod gap: 0.0368
 41.20% | time:   1.4s (130.2m) | step:   3143 | train acc: 1.000 | train loss: 0.000 |val acc: 0.873 (0.890, 0.848) | val eod gap: 0.0460
begin calculating influence
calculating influence -- done
Files already downloaded and verified
6071 labeled samples and 156699 unlabeled samples. Total: 162770
Use 6071 samples. Get 6071 labels. Ratio: 1.0
 41.66% | time: 663.3s (141.3m) | step:   3178 | train acc: 0.996 | train loss: 0.012 |test acc: 0.859 (0.873, 0.836) | test eod gap: 0.0328
 41.66% | time:   1.4s (141.3m) | step:   3178 | train acc: 0.996 | train loss: 0.012 |val acc: 0.874 (0.887, 0.853) | val eod gap: 0.0393
begin calculating influence
calculating influence -- done
Files already downloaded and verified
6327 labeled samples and 156443 unlabeled samples. Total: 162770
Use 6327 samples. Get 6327 labels. Ratio: 1.0
Epoch 5
 44.29% | time: 719.7s (153.3m) | step:   3379 | train acc: 1.000 | train loss: 0.000 |test acc: 0.864 (0.876, 0.845) | test eod gap: 0.0369
 44.29% | time:   1.5s (153.3m) | step:   3379 | train acc: 1.000 | train loss: 0.000 |val acc: 0.870 (0.886, 0.843) | val eod gap: 0.0465
begin calculating influence
calculating influence -- done
Files already downloaded and verified
6583 labeled samples and 156187 unlabeled samples. Total: 162770
Use 6583 samples. Get 6583 labels. Ratio: 1.0
 46.91% | time: 720.6s (165.3m) | step:   3579 | train acc: 1.000 | train loss: 0.000 |test acc: 0.865 (0.876, 0.848) | test eod gap: 0.0331
 46.91% | time:   1.4s (165.3m) | step:   3579 | train acc: 1.000 | train loss: 0.000 |val acc: 0.876 (0.890, 0.852) | val eod gap: 0.0478
begin calculating influence
calculating influence -- done
Files already downloaded and verified
6839 labeled samples and 155931 unlabeled samples. Total: 162770
Use 6839 samples. Get 6839 labels. Ratio: 1.0
 49.53% | time: 724.9s (177.4m) | step:   3779 | train acc: 1.000 | train loss: 0.000 |test acc: 0.867 (0.877, 0.851) | test eod gap: 0.0328
 49.53% | time:   1.5s (177.4m) | step:   3779 | train acc: 1.000 | train loss: 0.000 |val acc: 0.882 (0.898, 0.855) | val eod gap: 0.0566
begin calculating influence
calculating influence -- done
Files already downloaded and verified
7095 labeled samples and 155675 unlabeled samples. Total: 162770
Use 7095 samples. Get 7095 labels. Ratio: 1.0
 49.99% | time: 663.7s (188.5m) | step:   3814 | train acc: 0.992 | train loss: 0.046 |test acc: 0.852 (0.865, 0.833) | test eod gap: 0.0277
 49.99% | time:   1.4s (188.5m) | step:   3814 | train acc: 0.992 | train loss: 0.046 |val acc: 0.859 (0.882, 0.820) | val eod gap: 0.0580
begin calculating influence
calculating influence -- done
Files already downloaded and verified
7351 labeled samples and 155419 unlabeled samples. Total: 162770
Use 7351 samples. Get 7351 labels. Ratio: 1.0
Epoch 6
 52.62% | time: 719.7s (200.5m) | step:   4014 | train acc: 1.000 | train loss: 0.000 |test acc: 0.869 (0.877, 0.856) | test eod gap: 0.0267
 52.62% | time:   1.5s (200.6m) | step:   4014 | train acc: 1.000 | train loss: 0.000 |val acc: 0.877 (0.900, 0.843) | val eod gap: 0.0634
begin calculating influence
calculating influence -- done
Files already downloaded and verified
7607 labeled samples and 155163 unlabeled samples. Total: 162770
Use 7607 samples. Get 7607 labels. Ratio: 1.0
 55.24% | time: 724.5s (212.6m) | step:   4214 | train acc: 1.000 | train loss: 0.000 |test acc: 0.870 (0.881, 0.853) | test eod gap: 0.0340
 55.24% | time:   1.4s (212.7m) | step:   4214 | train acc: 1.000 | train loss: 0.000 |val acc: 0.872 (0.890, 0.844) | val eod gap: 0.0546
begin calculating influence
calculating influence -- done
Files already downloaded and verified
7863 labeled samples and 154907 unlabeled samples. Total: 162770
Use 7863 samples. Get 7863 labels. Ratio: 1.0
 57.86% | time: 719.1s (224.6m) | step:   4414 | train acc: 1.000 | train loss: 0.000 |test acc: 0.868 (0.878, 0.851) | test eod gap: 0.0329
 57.86% | time:   1.6s (224.7m) | step:   4414 | train acc: 1.000 | train loss: 0.000 |val acc: 0.885 (0.905, 0.856) | val eod gap: 0.0541
begin calculating influence
calculating influence -- done
Files already downloaded and verified
8119 labeled samples and 154651 unlabeled samples. Total: 162770
Use 8119 samples. Get 8119 labels. Ratio: 1.0
 58.32% | time: 661.5s (235.7m) | step:   4449 | train acc: 0.984 | train loss: 0.093 |test acc: 0.861 (0.870, 0.848) | test eod gap: 0.0378
 58.32% | time:   1.4s (235.7m) | step:   4449 | train acc: 0.984 | train loss: 0.093 |val acc: 0.871 (0.888, 0.844) | val eod gap: 0.0678
begin calculating influence
calculating influence -- done
Files already downloaded and verified
8375 labeled samples and 154395 unlabeled samples. Total: 162770
Use 8375 samples. Get 8375 labels. Ratio: 1.0
Epoch 7
 60.95% | time: 719.7s (247.7m) | step:   4650 | train acc: 1.000 | train loss: 0.000 |test acc: 0.868 (0.878, 0.850) | test eod gap: 0.0323
 60.95% | time:   1.4s (247.7m) | step:   4650 | train acc: 1.000 | train loss: 0.000 |val acc: 0.882 (0.906, 0.845) | val eod gap: 0.0702
begin calculating influence
calculating influence -- done
Files already downloaded and verified
8631 labeled samples and 154139 unlabeled samples. Total: 162770
Use 8631 samples. Get 8631 labels. Ratio: 1.0
 63.57% | time: 719.6s (259.7m) | step:   4850 | train acc: 1.000 | train loss: 0.000 |test acc: 0.870 (0.879, 0.855) | test eod gap: 0.0347
 63.57% | time:   1.4s (259.7m) | step:   4850 | train acc: 1.000 | train loss: 0.000 |val acc: 0.874 (0.893, 0.843) | val eod gap: 0.0567
begin calculating influence
calculating influence -- done
Files already downloaded and verified
8887 labeled samples and 153883 unlabeled samples. Total: 162770
Use 8887 samples. Get 8887 labels. Ratio: 1.0
 66.19% | time: 718.7s (271.7m) | step:   5050 | train acc: 1.000 | train loss: 0.000 |test acc: 0.869 (0.879, 0.853) | test eod gap: 0.0392
 66.19% | time:   1.4s (271.7m) | step:   5050 | train acc: 1.000 | train loss: 0.000 |val acc: 0.886 (0.901, 0.862) | val eod gap: 0.0704
begin calculating influence
calculating influence -- done
Files already downloaded and verified
9143 labeled samples and 153627 unlabeled samples. Total: 162770
Use 9143 samples. Get 9143 labels. Ratio: 1.0
 66.65% | time: 661.0s (282.8m) | step:   5085 | train acc: 0.992 | train loss: 0.037 |test acc: 0.866 (0.877, 0.848) | test eod gap: 0.0265
 66.65% | time:   1.4s (282.8m) | step:   5085 | train acc: 0.992 | train loss: 0.037 |val acc: 0.875 (0.889, 0.853) | val eod gap: 0.0354
begin calculating influence
calculating influence -- done
Files already downloaded and verified
9399 labeled samples and 153371 unlabeled samples. Total: 162770
Use 9399 samples. Get 9399 labels. Ratio: 1.0
Epoch 8
 69.29% | time: 719.3s (294.8m) | step:   5286 | train acc: 0.996 | train loss: 0.022 |test acc: 0.870 (0.881, 0.854) | test eod gap: 0.0370
 69.29% | time:   1.4s (294.8m) | step:   5286 | train acc: 0.996 | train loss: 0.022 |val acc: 0.890 (0.902, 0.872) | val eod gap: 0.0458
begin calculating influence
calculating influence -- done
Files already downloaded and verified
9655 labeled samples and 153115 unlabeled samples. Total: 162770
Use 9655 samples. Get 9655 labels. Ratio: 1.0
 71.91% | time: 718.8s (306.8m) | step:   5486 | train acc: 1.000 | train loss: 0.000 |test acc: 0.871 (0.879, 0.858) | test eod gap: 0.0313
 71.91% | time:   1.4s (306.8m) | step:   5486 | train acc: 1.000 | train loss: 0.000 |val acc: 0.892 (0.905, 0.871) | val eod gap: 0.0367
begin calculating influence
calculating influence -- done
Files already downloaded and verified
9911 labeled samples and 152859 unlabeled samples. Total: 162770
Use 9911 samples. Get 9911 labels. Ratio: 1.0
 74.53% | time: 719.0s (318.8m) | step:   5686 | train acc: 1.000 | train loss: 0.000 |test acc: 0.872 (0.879, 0.860) | test eod gap: 0.0269
 74.53% | time:   1.5s (318.8m) | step:   5686 | train acc: 1.000 | train loss: 0.000 |val acc: 0.885 (0.898, 0.866) | val eod gap: 0.0399
begin calculating influence
calculating influence -- done
Files already downloaded and verified
10167 labeled samples and 152603 unlabeled samples. Total: 162770
Use 10167 samples. Get 10167 labels. Ratio: 1.0
 74.99% | time: 661.1s (329.8m) | step:   5721 | train acc: 0.996 | train loss: 0.054 |test acc: 0.869 (0.880, 0.853) | test eod gap: 0.0264
 74.99% | time:   1.7s (329.9m) | step:   5721 | train acc: 0.996 | train loss: 0.054 |val acc: 0.880 (0.904, 0.842) | val eod gap: 0.0608
begin calculating influence
calculating influence -- done
Files already downloaded and verified
10423 labeled samples and 152347 unlabeled samples. Total: 162770
Use 10423 samples. Get 10423 labels. Ratio: 1.0
Epoch 9
 77.62% | time: 719.8s (341.9m) | step:   5922 | train acc: 1.000 | train loss: 0.000 |test acc: 0.873 (0.882, 0.858) | test eod gap: 0.0322
 77.62% | time:   1.5s (341.9m) | step:   5922 | train acc: 1.000 | train loss: 0.000 |val acc: 0.879 (0.893, 0.857) | val eod gap: 0.0464
begin calculating influence
calculating influence -- done
Files already downloaded and verified
10679 labeled samples and 152091 unlabeled samples. Total: 162770
Use 10679 samples. Get 10679 labels. Ratio: 1.0
 80.25% | time: 719.6s (353.9m) | step:   6122 | train acc: 1.000 | train loss: 0.000 |test acc: 0.873 (0.881, 0.859) | test eod gap: 0.0323
 80.25% | time:   1.4s (353.9m) | step:   6122 | train acc: 1.000 | train loss: 0.000 |val acc: 0.887 (0.898, 0.869) | val eod gap: 0.0379
begin calculating influence
calculating influence -- done
Files already downloaded and verified
10935 labeled samples and 151835 unlabeled samples. Total: 162770
Use 10935 samples. Get 10935 labels. Ratio: 1.0
 82.87% | time: 718.7s (365.9m) | step:   6322 | train acc: 1.000 | train loss: 0.000 |test acc: 0.873 (0.883, 0.857) | test eod gap: 0.0328
 82.87% | time:   1.4s (365.9m) | step:   6322 | train acc: 1.000 | train loss: 0.000 |val acc: 0.874 (0.897, 0.838) | val eod gap: 0.0607
begin calculating influence
calculating influence -- done
Files already downloaded and verified
11191 labeled samples and 151579 unlabeled samples. Total: 162770
Use 11191 samples. Get 11191 labels. Ratio: 1.0
 83.33% | time: 661.6s (376.9m) | step:   6357 | train acc: 1.000 | train loss: 0.004 |test acc: 0.868 (0.879, 0.850) | test eod gap: 0.0273
 83.33% | time:   1.6s (377.0m) | step:   6357 | train acc: 1.000 | train loss: 0.004 |val acc: 0.869 (0.885, 0.845) | val eod gap: 0.0456
begin calculating influence
calculating influence -- done
Files already downloaded and verified
11447 labeled samples and 151323 unlabeled samples. Total: 162770
Use 11447 samples. Get 11447 labels. Ratio: 1.0
Epoch 10
 85.96% | time: 719.0s (388.9m) | step:   6558 | train acc: 1.000 | train loss: 0.000 |test acc: 0.875 (0.884, 0.860) | test eod gap: 0.0287
 85.96% | time:   1.6s (389.0m) | step:   6558 | train acc: 1.000 | train loss: 0.000 |val acc: 0.889 (0.902, 0.870) | val eod gap: 0.0334
begin calculating influence
calculating influence -- done
Files already downloaded and verified
11703 labeled samples and 151067 unlabeled samples. Total: 162770
Use 11703 samples. Get 11703 labels. Ratio: 1.0
 88.58% | time: 718.8s (400.9m) | step:   6758 | train acc: 1.000 | train loss: 0.000 |test acc: 0.875 (0.883, 0.862) | test eod gap: 0.0290
 88.58% | time:   1.4s (401.0m) | step:   6758 | train acc: 1.000 | train loss: 0.000 |val acc: 0.877 (0.896, 0.849) | val eod gap: 0.0640
begin calculating influence
calculating influence -- done
Files already downloaded and verified
11959 labeled samples and 150811 unlabeled samples. Total: 162770
Use 11959 samples. Get 11959 labels. Ratio: 1.0
 91.20% | time: 718.9s (412.9m) | step:   6958 | train acc: 1.000 | train loss: 0.001 |test acc: 0.875 (0.882, 0.864) | test eod gap: 0.0320
 91.20% | time:   1.4s (413.0m) | step:   6958 | train acc: 1.000 | train loss: 0.001 |val acc: 0.874 (0.893, 0.846) | val eod gap: 0.0531
begin calculating influence
calculating influence -- done
Files already downloaded and verified
12215 labeled samples and 150555 unlabeled samples. Total: 162770
Use 12215 samples. Get 12215 labels. Ratio: 1.0
 91.66% | time: 660.8s (424.0m) | step:   6993 | train acc: 1.000 | train loss: 0.000 |test acc: 0.873 (0.880, 0.863) | test eod gap: 0.0286
 91.66% | time:   1.5s (424.0m) | step:   6993 | train acc: 1.000 | train loss: 0.000 |val acc: 0.878 (0.890, 0.858) | val eod gap: 0.0460
begin calculating influence
calculating influence -- done
Files already downloaded and verified
12471 labeled samples and 150299 unlabeled samples. Total: 162770
Use 12471 samples. Get 12471 labels. Ratio: 1.0
Epoch 11
 94.30% | time: 719.0s (436.0m) | step:   7194 | train acc: 1.000 | train loss: 0.000 |test acc: 0.876 (0.885, 0.860) | test eod gap: 0.0330
 94.30% | time:   1.4s (436.0m) | step:   7194 | train acc: 1.000 | train loss: 0.000 |val acc: 0.883 (0.889, 0.872) | val eod gap: 0.0639
begin calculating influence
calculating influence -- done
Files already downloaded and verified
12727 labeled samples and 150043 unlabeled samples. Total: 162770
Use 12727 samples. Get 12727 labels. Ratio: 1.0
 96.92% | time: 718.7s (448.0m) | step:   7394 | train acc: 0.996 | train loss: 0.005 |test acc: 0.874 (0.882, 0.862) | test eod gap: 0.0298
 96.92% | time:   1.5s (448.0m) | step:   7394 | train acc: 0.996 | train loss: 0.005 |val acc: 0.874 (0.888, 0.853) | val eod gap: 0.0519
begin calculating influence
calculating influence -- done
Files already downloaded and verified
12983 labeled samples and 149787 unlabeled samples. Total: 162770
Use 12983 samples. Get 12983 labels. Ratio: 1.0
 99.54% | time: 719.3s (460.0m) | step:   7594 | train acc: 1.000 | train loss: 0.000 |test acc: 0.875 (0.884, 0.861) | test eod gap: 0.0330
 99.54% | time:   1.4s (460.0m) | step:   7594 | train acc: 1.000 | train loss: 0.000 |val acc: 0.883 (0.893, 0.869) | val eod gap: 0.0513
begin calculating influence
calculating influence -- done
Files already downloaded and verified
13239 labeled samples and 149531 unlabeled samples. Total: 162770
Use 13239 samples. Get 13239 labels. Ratio: 1.0
100.00% | time: 660.9s (471.0m) | step:   7629 | train acc: 1.000 | train loss: 0.000 |test acc: 0.877 (0.886, 0.862) | test eod gap: 0.0297
100.00% | time:   1.4s (471.1m) | step:   7629 | train acc: 1.000 | train loss: 0.000 |val acc: 0.880 (0.891, 0.862) | val eod gap: 0.0549
begin calculating influence
calculating influence -- done
Files already downloaded and verified
13495 labeled samples and 149275 unlabeled samples. Total: 162770
Use 13495 samples. Get 13495 labels. Ratio: 1.0
