Files already downloaded and verified
3255 labeled samples and 159515 unlabeled samples. Total: 162770
Files already downloaded and verified
1996 labeled samples and 17966 unlabeled samples. Total: 19962
Numer of layers 200
train net...
train with 162770 samples (with replacement) in one epoch
Epoch 0
  2.62% | time:  99.0s (  1.6m) | step:    200 | train acc: 0.832 | train loss: 0.394 |warm_t acc: 0.756 (0.783, 0.713) | warm_t dp gap: 0.0505
  2.62% | time:   5.5s (  1.7m) | step:    200 | train acc: 0.832 | train loss: 0.394 |warm_v acc: 0.760 (0.792, 0.706) | warm_v dp gap: 0.0624
  5.24% | time:  80.3s (  3.1m) | step:    400 | train acc: 0.809 | train loss: 0.829 |warm_t acc: 0.654 (0.676, 0.618) | warm_t dp gap: 0.0295
  5.24% | time:   1.4s (  3.1m) | step:    400 | train acc: 0.809 | train loss: 0.829 |warm_v acc: 0.663 (0.680, 0.635) | warm_v dp gap: 0.0405
  7.86% | time:  80.0s (  4.4m) | step:    600 | train acc: 1.000 | train loss: 0.005 |warm_t acc: 0.735 (0.756, 0.702) | warm_t dp gap: 0.0257
  7.86% | time:   1.3s (  4.5m) | step:    600 | train acc: 1.000 | train loss: 0.005 |warm_v acc: 0.713 (0.736, 0.676) | warm_v dp gap: 0.0068
  8.32% | time:  22.1s (  4.8m) | step:    635 | train acc: 0.996 | train loss: 0.022 |warm_t acc: 0.736 (0.759, 0.698) | warm_t dp gap: 0.0257
  8.32% | time:   1.3s (  4.8m) | step:    635 | train acc: 0.996 | train loss: 0.022 |warm_v acc: 0.729 (0.766, 0.672) | warm_v dp gap: 0.0684
Epoch 1
 10.95% | time:  79.9s (  6.2m) | step:    835 | train acc: 0.996 | train loss: 0.023 |warm_t acc: 0.719 (0.745, 0.678) | warm_t dp gap: 0.0366
 10.95% | time:   1.3s (  6.2m) | step:    835 | train acc: 0.996 | train loss: 0.023 |warm_v acc: 0.704 (0.718, 0.682) | warm_v dp gap: 0.0180
 13.57% | time:  79.4s (  7.5m) | step:   1035 | train acc: 1.000 | train loss: 0.000 |warm_t acc: 0.743 (0.773, 0.696) | warm_t dp gap: 0.0479
 13.57% | time:   1.3s (  7.5m) | step:   1035 | train acc: 1.000 | train loss: 0.000 |warm_v acc: 0.725 (0.768, 0.656) | warm_v dp gap: 0.0630
 16.19% | time:  79.0s (  8.9m) | step:   1235 | train acc: 1.000 | train loss: 0.000 |warm_t acc: 0.743 (0.773, 0.696) | warm_t dp gap: 0.0480
 16.19% | time:   1.3s (  8.9m) | step:   1235 | train acc: 1.000 | train loss: 0.000 |warm_v acc: 0.726 (0.763, 0.671) | warm_v dp gap: 0.0364
 16.65% | time:  21.6s (  9.2m) | step:   1270 | train acc: 1.000 | train loss: 0.000 |warm_t acc: 0.743 (0.773, 0.695) | warm_t dp gap: 0.0483
 16.65% | time:   1.4s (  9.3m) | step:   1270 | train acc: 1.000 | train loss: 0.000 |warm_v acc: 0.738 (0.777, 0.677) | warm_v dp gap: 0.0437
Epoch 2
 19.28% | time:  78.0s ( 10.6m) | step:   1471 | train acc: 1.000 | train loss: 0.000 |test acc: 0.743 (0.773, 0.695) | test dp gap: 0.0482
 19.28% | time:   1.2s ( 10.6m) | step:   1471 | train acc: 1.000 | train loss: 0.000 |val acc: 0.730 (0.770, 0.664) | val dp gap: 0.0397
begin calculating influence
selected layers: [Traced<ShapedArray(float32[768])>with<DynamicJaxprTrace(level=0/1)>, Traced<ShapedArray(float32[8,8,3,768])>with<DynamicJaxprTrace(level=0/1)>, Traced<ShapedArray(float32[2])>with<DynamicJaxprTrace(level=0/1)>, Traced<ShapedArray(float32[768,2])>with<DynamicJaxprTrace(level=0/1)>]
[Strategy 5] Acc of expected label: 0.7448828125
calculating influence -- done
Files already downloaded and verified
3385 labeled samples and 159385 unlabeled samples. Total: 162770
Use 3385 samples. Get 3749 labels. Ratio: 0.9029074419845292
 21.90% | time: 745.6s ( 23.0m) | step:   1671 | train acc: 1.000 | train loss: 0.000 |test acc: 0.729 (0.755, 0.689) | test dp gap: 0.0303
 21.90% | time:   1.4s ( 23.0m) | step:   1671 | train acc: 1.000 | train loss: 0.000 |val acc: 0.710 (0.747, 0.652) | val dp gap: 0.0294
begin calculating influence
[Strategy 5] Acc of expected label: 0.7311328125
calculating influence -- done
Files already downloaded and verified
3641 labeled samples and 159129 unlabeled samples. Total: 162770
Use 3641 samples. Get 4752 labels. Ratio: 0.7662037037037037
 24.52% | time: 724.3s ( 35.1m) | step:   1871 | train acc: 1.000 | train loss: 0.001 |test acc: 0.720 (0.744, 0.682) | test dp gap: 0.0249
 24.52% | time:   1.5s ( 35.1m) | step:   1871 | train acc: 1.000 | train loss: 0.001 |val acc: 0.699 (0.720, 0.666) | val dp gap: 0.0092
begin calculating influence
[Strategy 5] Acc of expected label: 0.71890625
calculating influence -- done
Files already downloaded and verified
3897 labeled samples and 158873 unlabeled samples. Total: 162770
Use 3897 samples. Get 5649 labels. Ratio: 0.6898566117896973
 24.98% | time: 668.2s ( 46.3m) | step:   1906 | train acc: 0.996 | train loss: 0.009 |test acc: 0.714 (0.737, 0.678) | test dp gap: 0.0275
 24.98% | time:   1.4s ( 46.3m) | step:   1906 | train acc: 0.996 | train loss: 0.009 |val acc: 0.688 (0.720, 0.637) | val dp gap: 0.0533
begin calculating influence
[Strategy 5] Acc of expected label: 0.7116015625
calculating influence -- done
Files already downloaded and verified
4147 labeled samples and 158623 unlabeled samples. Total: 162770
Use 4147 samples. Get 6335 labels. Ratio: 0.6546172059984214
Epoch 3
 27.62% | time: 730.7s ( 58.5m) | step:   2107 | train acc: 1.000 | train loss: 0.000 |test acc: 0.705 (0.726, 0.673) | test dp gap: 0.0263
 27.62% | time:   1.3s ( 58.5m) | step:   2107 | train acc: 1.000 | train loss: 0.000 |val acc: 0.678 (0.714, 0.624) | val dp gap: 0.0287
begin calculating influence
[Strategy 5] Acc of expected label: 0.70421875
calculating influence -- done
Files already downloaded and verified
4403 labeled samples and 158367 unlabeled samples. Total: 162770
Use 4403 samples. Get 6779 labels. Ratio: 0.6495058268181148
 30.24% | time: 729.4s ( 70.7m) | step:   2307 | train acc: 1.000 | train loss: 0.001 |test acc: 0.705 (0.724, 0.674) | test dp gap: 0.0253
 30.24% | time:   1.4s ( 70.7m) | step:   2307 | train acc: 1.000 | train loss: 0.001 |val acc: 0.706 (0.731, 0.667) | val dp gap: 0.0035
begin calculating influence
[Strategy 5] Acc of expected label: 0.70390625
calculating influence -- done
Files already downloaded and verified
4659 labeled samples and 158111 unlabeled samples. Total: 162770
Use 4659 samples. Get 7242 labels. Ratio: 0.6433305716652858
 32.86% | time: 726.6s ( 82.8m) | step:   2507 | train acc: 1.000 | train loss: 0.002 |test acc: 0.699 (0.716, 0.671) | test dp gap: 0.0201
 32.86% | time:   1.4s ( 82.8m) | step:   2507 | train acc: 1.000 | train loss: 0.002 |val acc: 0.693 (0.729, 0.639) | val dp gap: 0.0436
begin calculating influence
[Strategy 5] Acc of expected label: 0.699296875
calculating influence -- done
Files already downloaded and verified
4915 labeled samples and 157855 unlabeled samples. Total: 162770
Use 4915 samples. Get 7944 labels. Ratio: 0.618705941591138
 33.32% | time: 667.2s ( 93.9m) | step:   2542 | train acc: 0.973 | train loss: 0.111 |test acc: 0.686 (0.701, 0.663) | test dp gap: 0.0106
 33.32% | time:   1.2s ( 93.9m) | step:   2542 | train acc: 0.973 | train loss: 0.111 |val acc: 0.687 (0.719, 0.635) | val dp gap: 0.0211
begin calculating influence
[Strategy 5] Acc of expected label: 0.69390625
calculating influence -- done
Files already downloaded and verified
5171 labeled samples and 157599 unlabeled samples. Total: 162770
Use 5171 samples. Get 8271 labels. Ratio: 0.6251964695925523
Epoch 4
 35.95% | time: 713.4s (105.8m) | step:   2743 | train acc: 1.000 | train loss: 0.000 |test acc: 0.722 (0.745, 0.685) | test dp gap: 0.0291
 35.95% | time:   1.4s (105.9m) | step:   2743 | train acc: 1.000 | train loss: 0.000 |val acc: 0.702 (0.744, 0.639) | val dp gap: 0.0595
begin calculating influence
[Strategy 5] Acc of expected label: 0.7222265625
calculating influence -- done
Files already downloaded and verified
5286 labeled samples and 157484 unlabeled samples. Total: 162770
Use 5286 samples. Get 8686 labels. Ratio: 0.6085655077135621
 38.58% | time: 722.5s (117.9m) | step:   2943 | train acc: 1.000 | train loss: 0.000 |test acc: 0.713 (0.734, 0.681) | test dp gap: 0.0224
 38.58% | time:   1.4s (117.9m) | step:   2943 | train acc: 1.000 | train loss: 0.000 |val acc: 0.712 (0.740, 0.664) | val dp gap: 0.0241
begin calculating influence
[Strategy 5] Acc of expected label: 0.7187890625
calculating influence -- done
Files already downloaded and verified
5542 labeled samples and 157228 unlabeled samples. Total: 162770
Use 5542 samples. Get 9021 labels. Ratio: 0.6143443077264161
 41.20% | time: 714.9s (129.8m) | step:   3143 | train acc: 1.000 | train loss: 0.001 |test acc: 0.726 (0.750, 0.687) | test dp gap: 0.0369
 41.20% | time:   1.5s (129.9m) | step:   3143 | train acc: 1.000 | train loss: 0.001 |val acc: 0.717 (0.742, 0.680) | val dp gap: 0.0160
begin calculating influence
[Strategy 5] Acc of expected label: 0.726796875
calculating influence -- done
Files already downloaded and verified
5798 labeled samples and 156972 unlabeled samples. Total: 162770
Use 5798 samples. Get 10008 labels. Ratio: 0.5793365307753797
 41.66% | time: 663.4s (140.9m) | step:   3178 | train acc: 0.996 | train loss: 0.040 |test acc: 0.691 (0.707, 0.665) | test dp gap: 0.0100
 41.66% | time:   1.4s (140.9m) | step:   3178 | train acc: 0.996 | train loss: 0.040 |val acc: 0.693 (0.712, 0.663) | val dp gap: 0.0159
begin calculating influence
[Strategy 5] Acc of expected label: 0.695859375
calculating influence -- done
Files already downloaded and verified
6054 labeled samples and 156716 unlabeled samples. Total: 162770
Use 6054 samples. Get 10353 labels. Ratio: 0.5847580411474935
Epoch 5
 44.29% | time: 724.3s (153.0m) | step:   3379 | train acc: 1.000 | train loss: 0.000 |test acc: 0.721 (0.741, 0.689) | test dp gap: 0.0229
 44.29% | time:   1.4s (153.0m) | step:   3379 | train acc: 1.000 | train loss: 0.000 |val acc: 0.712 (0.741, 0.666) | val dp gap: 0.0118
begin calculating influence
[Strategy 5] Acc of expected label: 0.7207421875
calculating influence -- done
Files already downloaded and verified
6205 labeled samples and 156565 unlabeled samples. Total: 162770
Use 6205 samples. Get 10791 labels. Ratio: 0.5750162172180521
 46.91% | time: 720.6s (165.1m) | step:   3579 | train acc: 1.000 | train loss: 0.000 |test acc: 0.716 (0.736, 0.685) | test dp gap: 0.0345
 46.91% | time:   1.4s (165.1m) | step:   3579 | train acc: 1.000 | train loss: 0.000 |val acc: 0.720 (0.756, 0.664) | val dp gap: 0.0296
begin calculating influence
[Strategy 5] Acc of expected label: 0.7159375
calculating influence -- done
Files already downloaded and verified
6345 labeled samples and 156425 unlabeled samples. Total: 162770
Use 6345 samples. Get 11075 labels. Ratio: 0.5729119638826186
 49.53% | time: 718.9s (177.1m) | step:   3779 | train acc: 0.996 | train loss: 0.012 |test acc: 0.723 (0.744, 0.688) | test dp gap: 0.0228
 49.53% | time:   1.4s (177.1m) | step:   3779 | train acc: 0.996 | train loss: 0.012 |val acc: 0.721 (0.758, 0.667) | val dp gap: 0.0254
begin calculating influence
[Strategy 5] Acc of expected label: 0.72625
calculating influence -- done
Files already downloaded and verified
6450 labeled samples and 156320 unlabeled samples. Total: 162770
Use 6450 samples. Get 11455 labels. Ratio: 0.5630728939327805
 49.99% | time: 662.1s (188.1m) | step:   3814 | train acc: 1.000 | train loss: 0.002 |test acc: 0.710 (0.730, 0.678) | test dp gap: 0.0172
 49.99% | time:   1.4s (188.1m) | step:   3814 | train acc: 1.000 | train loss: 0.002 |val acc: 0.713 (0.732, 0.683) | val dp gap: 0.0013
begin calculating influence
[Strategy 5] Acc of expected label: 0.71109375
calculating influence -- done
Files already downloaded and verified
6706 labeled samples and 156064 unlabeled samples. Total: 162770
Use 6706 samples. Get 12165 labels. Ratio: 0.5512535963830661
Epoch 6
 52.62% | time: 719.8s (200.1m) | step:   4014 | train acc: 0.996 | train loss: 0.008 |test acc: 0.697 (0.715, 0.668) | test dp gap: 0.0368
 52.62% | time:   1.4s (200.2m) | step:   4014 | train acc: 0.996 | train loss: 0.008 |val acc: 0.684 (0.717, 0.631) | val dp gap: 0.0602
begin calculating influence
[Strategy 5] Acc of expected label: 0.69015625
calculating influence -- done
Files already downloaded and verified
6962 labeled samples and 155808 unlabeled samples. Total: 162770
Use 6962 samples. Get 12533 labels. Ratio: 0.5554934971674779
 55.24% | time: 719.3s (212.1m) | step:   4214 | train acc: 1.000 | train loss: 0.002 |test acc: 0.720 (0.742, 0.686) | test dp gap: 0.0339
 55.24% | time:   1.4s (212.2m) | step:   4214 | train acc: 1.000 | train loss: 0.002 |val acc: 0.712 (0.743, 0.664) | val dp gap: 0.0530
begin calculating influence
[Strategy 5] Acc of expected label: 0.720390625
calculating influence -- done
Files already downloaded and verified
7218 labeled samples and 155552 unlabeled samples. Total: 162770
Use 7218 samples. Get 13319 labels. Ratio: 0.5419325775208349
 57.86% | time: 719.6s (224.2m) | step:   4414 | train acc: 1.000 | train loss: 0.001 |test acc: 0.720 (0.742, 0.686) | test dp gap: 0.0274
 57.86% | time:   1.5s (224.2m) | step:   4414 | train acc: 1.000 | train loss: 0.001 |val acc: 0.710 (0.737, 0.668) | val dp gap: 0.0097
begin calculating influence
[Strategy 5] Acc of expected label: 0.7188671875
calculating influence -- done
Files already downloaded and verified
7474 labeled samples and 155296 unlabeled samples. Total: 162770
Use 7474 samples. Get 13923 labels. Ratio: 0.536809595633125
 58.32% | time: 664.4s (235.3m) | step:   4449 | train acc: 1.000 | train loss: 0.005 |test acc: 0.708 (0.726, 0.679) | test dp gap: 0.0271
 58.32% | time:   1.7s (235.3m) | step:   4449 | train acc: 1.000 | train loss: 0.005 |val acc: 0.700 (0.734, 0.645) | val dp gap: 0.0389
begin calculating influence
[Strategy 5] Acc of expected label: 0.7028515625
calculating influence -- done
Files already downloaded and verified
7730 labeled samples and 155040 unlabeled samples. Total: 162770
Use 7730 samples. Get 14297 labels. Ratio: 0.5406728684339371
Epoch 7
 60.95% | time: 722.4s (247.3m) | step:   4650 | train acc: 1.000 | train loss: 0.002 |test acc: 0.723 (0.742, 0.693) | test dp gap: 0.0270
 60.95% | time:   1.4s (247.4m) | step:   4650 | train acc: 1.000 | train loss: 0.002 |val acc: 0.727 (0.758, 0.676) | val dp gap: 0.0386
begin calculating influence
[Strategy 5] Acc of expected label: 0.7183203125
calculating influence -- done
Files already downloaded and verified
7986 labeled samples and 154784 unlabeled samples. Total: 162770
Use 7986 samples. Get 15206 labels. Ratio: 0.5251874260160463
 63.57% | time: 721.3s (259.4m) | step:   4850 | train acc: 0.996 | train loss: 0.010 |test acc: 0.704 (0.719, 0.682) | test dp gap: 0.0230
 63.57% | time:   1.5s (259.4m) | step:   4850 | train acc: 0.996 | train loss: 0.010 |val acc: 0.713 (0.749, 0.655) | val dp gap: 0.0380
begin calculating influence
[Strategy 5] Acc of expected label: 0.6956640625
calculating influence -- done
Files already downloaded and verified
8242 labeled samples and 154528 unlabeled samples. Total: 162770
Use 8242 samples. Get 15562 labels. Ratio: 0.5296234417170029
 66.19% | time: 711.7s (271.3m) | step:   5050 | train acc: 1.000 | train loss: 0.002 |test acc: 0.703 (0.719, 0.677) | test dp gap: 0.0149
 66.19% | time:   1.4s (271.3m) | step:   5050 | train acc: 1.000 | train loss: 0.002 |val acc: 0.704 (0.734, 0.657) | val dp gap: 0.0293
begin calculating influence
[Strategy 5] Acc of expected label: 0.701796875
calculating influence -- done
Files already downloaded and verified
8498 labeled samples and 154272 unlabeled samples. Total: 162770
Use 8498 samples. Get 16112 labels. Ratio: 0.5274329692154915
 66.65% | time: 659.6s (282.3m) | step:   5085 | train acc: 0.977 | train loss: 0.085 |test acc: 0.687 (0.704, 0.661) | test dp gap: 0.0302
 66.65% | time:   1.4s (282.3m) | step:   5085 | train acc: 0.977 | train loss: 0.085 |val acc: 0.689 (0.712, 0.654) | val dp gap: 0.0404
begin calculating influence
[Strategy 5] Acc of expected label: 0.678828125
calculating influence -- done
Files already downloaded and verified
8754 labeled samples and 154016 unlabeled samples. Total: 162770
Use 8754 samples. Get 16448 labels. Ratio: 0.5322227626459144
Epoch 8
 69.29% | time: 715.6s (294.2m) | step:   5286 | train acc: 1.000 | train loss: 0.000 |test acc: 0.732 (0.752, 0.700) | test dp gap: 0.0206
 69.29% | time:   1.3s (294.2m) | step:   5286 | train acc: 1.000 | train loss: 0.000 |val acc: 0.728 (0.766, 0.670) | val dp gap: 0.0259
begin calculating influence
[Strategy 5] Acc of expected label: 0.7271484375
calculating influence -- done
Files already downloaded and verified
9010 labeled samples and 153760 unlabeled samples. Total: 162770
Use 9010 samples. Get 17356 labels. Ratio: 0.5191288315280018
 71.91% | time: 714.3s (306.2m) | step:   5486 | train acc: 1.000 | train loss: 0.001 |test acc: 0.718 (0.737, 0.688) | test dp gap: 0.0200
 71.91% | time:   1.4s (306.2m) | step:   5486 | train acc: 1.000 | train loss: 0.001 |val acc: 0.712 (0.732, 0.680) | val dp gap: 0.0248
begin calculating influence
[Strategy 5] Acc of expected label: 0.7139453125
calculating influence -- done
Files already downloaded and verified
9266 labeled samples and 153504 unlabeled samples. Total: 162770
Use 9266 samples. Get 18010 labels. Ratio: 0.5144919489172682
 74.53% | time: 712.1s (318.0m) | step:   5686 | train acc: 1.000 | train loss: 0.003 |test acc: 0.705 (0.723, 0.678) | test dp gap: 0.0162
 74.53% | time:   1.4s (318.1m) | step:   5686 | train acc: 1.000 | train loss: 0.003 |val acc: 0.705 (0.725, 0.673) | val dp gap: 0.0078
begin calculating influence
[Strategy 5] Acc of expected label: 0.7047265625
calculating influence -- done
Files already downloaded and verified
9522 labeled samples and 153248 unlabeled samples. Total: 162770
Use 9522 samples. Get 18568 labels. Ratio: 0.5128177509694097
 74.99% | time: 659.4s (329.1m) | step:   5721 | train acc: 1.000 | train loss: 0.003 |test acc: 0.709 (0.732, 0.672) | test dp gap: 0.0305
 74.99% | time:   1.4s (329.1m) | step:   5721 | train acc: 1.000 | train loss: 0.003 |val acc: 0.706 (0.751, 0.639) | val dp gap: 0.0365
begin calculating influence
[Strategy 5] Acc of expected label: 0.705234375
calculating influence -- done
Files already downloaded and verified
9778 labeled samples and 152992 unlabeled samples. Total: 162770
Use 9778 samples. Get 19137 labels. Ratio: 0.5109473794220619
Epoch 9
 77.62% | time: 708.1s (340.9m) | step:   5922 | train acc: 0.996 | train loss: 0.006 |test acc: 0.705 (0.724, 0.675) | test dp gap: 0.0314
 77.62% | time:   1.4s (340.9m) | step:   5922 | train acc: 0.996 | train loss: 0.006 |val acc: 0.723 (0.756, 0.670) | val dp gap: 0.0254
begin calculating influence
[Strategy 5] Acc of expected label: 0.7025390625
calculating influence -- done
Files already downloaded and verified
10034 labeled samples and 152736 unlabeled samples. Total: 162770
Use 10034 samples. Get 19573 labels. Ratio: 0.5126449701118888
 80.25% | time: 723.9s (353.0m) | step:   6122 | train acc: 1.000 | train loss: 0.001 |test acc: 0.712 (0.732, 0.680) | test dp gap: 0.0196
 80.25% | time:   1.4s (353.0m) | step:   6122 | train acc: 1.000 | train loss: 0.001 |val acc: 0.717 (0.768, 0.637) | val dp gap: 0.0410
begin calculating influence
[Strategy 5] Acc of expected label: 0.707890625
calculating influence -- done
Files already downloaded and verified
10290 labeled samples and 152480 unlabeled samples. Total: 162770
Use 10290 samples. Get 20046 labels. Ratio: 0.5133193654594432
 82.87% | time: 716.8s (364.9m) | step:   6322 | train acc: 1.000 | train loss: 0.004 |test acc: 0.717 (0.738, 0.683) | test dp gap: 0.0247
 82.87% | time:   1.2s (365.0m) | step:   6322 | train acc: 1.000 | train loss: 0.004 |val acc: 0.722 (0.770, 0.645) | val dp gap: 0.0371
begin calculating influence
[Strategy 5] Acc of expected label: 0.7147265625
calculating influence -- done
Files already downloaded and verified
10546 labeled samples and 152224 unlabeled samples. Total: 162770
Use 10546 samples. Get 20975 labels. Ratio: 0.5027890345649583
 83.33% | time: 669.5s (376.1m) | step:   6357 | train acc: 1.000 | train loss: 0.010 |test acc: 0.679 (0.696, 0.652) | test dp gap: 0.0316
 83.33% | time:   1.4s (376.1m) | step:   6357 | train acc: 1.000 | train loss: 0.010 |val acc: 0.676 (0.705, 0.634) | val dp gap: 0.0159
begin calculating influence
[Strategy 5] Acc of expected label: 0.67875
calculating influence -- done
Files already downloaded and verified
10802 labeled samples and 151968 unlabeled samples. Total: 162770
Use 10802 samples. Get 21301 labels. Ratio: 0.5071123421435614
Epoch 10
 85.96% | time: 720.9s (388.2m) | step:   6558 | train acc: 1.000 | train loss: 0.001 |test acc: 0.711 (0.733, 0.676) | test dp gap: 0.0259
 85.96% | time:   1.2s (388.2m) | step:   6558 | train acc: 1.000 | train loss: 0.001 |val acc: 0.717 (0.753, 0.661) | val dp gap: 0.0335
begin calculating influence
[Strategy 5] Acc of expected label: 0.7099609375
calculating influence -- done
Files already downloaded and verified
11058 labeled samples and 151712 unlabeled samples. Total: 162770
Use 11058 samples. Get 21729 labels. Ratio: 0.5089051497998067
 88.58% | time: 716.8s (400.1m) | step:   6758 | train acc: 1.000 | train loss: 0.001 |test acc: 0.702 (0.721, 0.673) | test dp gap: 0.0168
 88.58% | time:   1.4s (400.2m) | step:   6758 | train acc: 1.000 | train loss: 0.001 |val acc: 0.721 (0.752, 0.672) | val dp gap: 0.0050
begin calculating influence
[Strategy 5] Acc of expected label: 0.70390625
calculating influence -- done
Files already downloaded and verified
11314 labeled samples and 151456 unlabeled samples. Total: 162770
Use 11314 samples. Get 21986 labels. Ratio: 0.5146002001273537
 91.20% | time: 721.4s (412.2m) | step:   6958 | train acc: 1.000 | train loss: 0.003 |test acc: 0.719 (0.736, 0.691) | test dp gap: 0.0167
 91.20% | time:   1.5s (412.2m) | step:   6958 | train acc: 1.000 | train loss: 0.003 |val acc: 0.721 (0.766, 0.649) | val dp gap: 0.0314
begin calculating influence
[Strategy 5] Acc of expected label: 0.721640625
calculating influence -- done
Files already downloaded and verified
11539 labeled samples and 151231 unlabeled samples. Total: 162770
Use 11539 samples. Get 22830 labels. Ratio: 0.505431449846693
 91.66% | time: 665.0s (423.3m) | step:   6993 | train acc: 0.984 | train loss: 0.040 |test acc: 0.711 (0.733, 0.676) | test dp gap: 0.0273
 91.66% | time:   1.5s (423.3m) | step:   6993 | train acc: 0.984 | train loss: 0.040 |val acc: 0.709 (0.751, 0.637) | val dp gap: 0.0064
begin calculating influence
[Strategy 5] Acc of expected label: 0.70703125
calculating influence -- done
Files already downloaded and verified
11795 labeled samples and 150975 unlabeled samples. Total: 162770
Use 11795 samples. Get 23115 labels. Ratio: 0.5102747133895739
Epoch 11
 94.30% | time: 720.6s (435.3m) | step:   7194 | train acc: 1.000 | train loss: 0.000 |test acc: 0.718 (0.745, 0.677) | test dp gap: 0.0384
 94.30% | time:   1.4s (435.3m) | step:   7194 | train acc: 1.000 | train loss: 0.000 |val acc: 0.724 (0.755, 0.675) | val dp gap: 0.0036
begin calculating influence
[Strategy 5] Acc of expected label: 0.7215625
calculating influence -- done
Files already downloaded and verified
12051 labeled samples and 150719 unlabeled samples. Total: 162770
Use 12051 samples. Get 23903 labels. Ratio: 0.50416265740702
 96.92% | time: 721.3s (447.4m) | step:   7394 | train acc: 0.992 | train loss: 0.020 |test acc: 0.719 (0.741, 0.684) | test dp gap: 0.0220
 96.92% | time:   1.4s (447.4m) | step:   7394 | train acc: 0.992 | train loss: 0.020 |val acc: 0.720 (0.759, 0.660) | val dp gap: 0.0251
begin calculating influence
[Strategy 5] Acc of expected label: 0.7121875
calculating influence -- done
Files already downloaded and verified
12304 labeled samples and 150466 unlabeled samples. Total: 162770
Use 12304 samples. Get 24604 labels. Ratio: 0.500081287595513
 99.54% | time: 721.6s (459.4m) | step:   7594 | train acc: 1.000 | train loss: 0.006 |test acc: 0.713 (0.735, 0.678) | test dp gap: 0.0410
 99.54% | time:   1.4s (459.4m) | step:   7594 | train acc: 1.000 | train loss: 0.006 |val acc: 0.721 (0.760, 0.661) | val dp gap: 0.0295
begin calculating influence
[Strategy 5] Acc of expected label: 0.706328125
calculating influence -- done
Files already downloaded and verified
12560 labeled samples and 150210 unlabeled samples. Total: 162770
Use 12560 samples. Get 24888 labels. Ratio: 0.5046608807457409
100.00% | time: 665.6s (470.5m) | step:   7629 | train acc: 0.992 | train loss: 0.022 |test acc: 0.721 (0.743, 0.686) | test dp gap: 0.0371
100.00% | time:   1.4s (470.6m) | step:   7629 | train acc: 0.992 | train loss: 0.022 |val acc: 0.710 (0.746, 0.654) | val dp gap: 0.0249
begin calculating influence
[Strategy 5] Acc of expected label: 0.7148828125
calculating influence -- done
Files already downloaded and verified
12744 labeled samples and 150026 unlabeled samples. Total: 162770
Use 12744 samples. Get 25153 labels. Ratio: 0.5066592454180416
