Files already downloaded and verified
3255 labeled samples and 159515 unlabeled samples. Total: 162770
Files already downloaded and verified
1996 labeled samples and 17966 unlabeled samples. Total: 19962
Numer of layers 200
train net...
Epoch 0
  2.53% | time:  82.2s (  1.4m) | step:    200 | train acc: 0.816 | train loss: 0.380 |test acc: 0.704 (0.730, 0.663) | test dp gap: 0.0686
begin calculating influence
selected layers: [Traced<ShapedArray(float32[2])>with<DynamicJaxprTrace(level=0/1)>, Traced<ShapedArray(float32[768,2])>with<DynamicJaxprTrace(level=0/1)>]
selected layers: [Traced<ShapedArray(float32[2])>with<DynamicJaxprTrace(level=0/1)>, Traced<ShapedArray(float32[768,2])>with<DynamicJaxprTrace(level=0/1)>]
[Strategy 5] Acc of expected label: 0.7104296875
calculating influence -- done
  2.53% | time:  47.1s (  2.2m) | step:    200 | train acc: 0.816 | train loss: 0.380 |val acc: 0.693 (0.729, 0.636) | val dp gap: 0.0645
Files already downloaded and verified
3511 labeled samples and 159259 unlabeled samples. Total: 162770
Use 3511 samples. Get 3627 labels. Ratio: 0.9680176454370003
  5.05% | time:  63.1s (  3.2m) | step:    400 | train acc: 0.992 | train loss: 0.041 |test acc: 0.764 (0.791, 0.720) | test dp gap: 0.0105
begin calculating influence
[Strategy 5] Acc of expected label: 0.756796875
calculating influence -- done
  5.05% | time:  20.1s (  3.5m) | step:    400 | train acc: 0.992 | train loss: 0.041 |val acc: 0.753 (0.792, 0.691) | val dp gap: 0.0176
Files already downloaded and verified
3680 labeled samples and 159090 unlabeled samples. Total: 162770
Use 3680 samples. Get 4236 labels. Ratio: 0.8687440982058546
  7.58% | time:  65.0s (  4.6m) | step:    600 | train acc: 1.000 | train loss: 0.000 |test acc: 0.740 (0.767, 0.697) | test dp gap: 0.0206
begin calculating influence
[Strategy 5] Acc of expected label: 0.73734375
calculating influence -- done
  7.58% | time:  19.9s (  5.0m) | step:    600 | train acc: 1.000 | train loss: 0.000 |val acc: 0.728 (0.769, 0.665) | val dp gap: 0.0476
Files already downloaded and verified
3936 labeled samples and 158834 unlabeled samples. Total: 162770
Use 3936 samples. Get 5027 labels. Ratio: 0.7829719514621046
Epoch 1
 12.52% | time: 104.7s (  6.7m) | step:    991 | train acc: 0.793 | train loss: 0.464 |test acc: 0.776 (0.805, 0.729) | test dp gap: 0.0023
begin calculating influence
[Strategy 5] Acc of expected label: 0.77890625
calculating influence -- done
 12.52% | time:  18.9s (  7.0m) | step:    991 | train acc: 0.793 | train loss: 0.464 |val acc: 0.767 (0.801, 0.713) | val dp gap: 0.0044
Files already downloaded and verified
4192 labeled samples and 158578 unlabeled samples. Total: 162770
Use 4192 samples. Get 5350 labels. Ratio: 0.7835514018691588
 15.05% | time:  58.6s (  8.0m) | step:   1191 | train acc: 0.793 | train loss: 0.511 |test acc: 0.752 (0.778, 0.709) | test dp gap: 0.0051
begin calculating influence
[Strategy 5] Acc of expected label: 0.752265625
calculating influence -- done
 15.05% | time:  19.1s (  8.3m) | step:   1191 | train acc: 0.793 | train loss: 0.511 |val acc: 0.741 (0.778, 0.685) | val dp gap: 0.0085
Files already downloaded and verified
4448 labeled samples and 158322 unlabeled samples. Total: 162770
Use 4448 samples. Get 5691 labels. Ratio: 0.78158495870673
 17.58% | time:  57.0s (  9.3m) | step:   1391 | train acc: 0.930 | train loss: 0.165 |test acc: 0.702 (0.724, 0.668) | test dp gap: 0.0237
begin calculating influence
[Strategy 5] Acc of expected label: 0.7045703125
calculating influence -- done
 17.58% | time:  19.1s (  9.6m) | step:   1391 | train acc: 0.930 | train loss: 0.165 |val acc: 0.694 (0.716, 0.659) | val dp gap: 0.0195
Files already downloaded and verified
4704 labeled samples and 158066 unlabeled samples. Total: 162770
Use 4704 samples. Get 6028 labels. Ratio: 0.7803583278035833
Epoch 2
 22.52% | time: 103.2s ( 11.3m) | step:   1782 | train acc: 0.984 | train loss: 0.036 |test acc: 0.717 (0.748, 0.668) | test dp gap: 0.0274
begin calculating influence
[Strategy 5] Acc of expected label: 0.715703125
calculating influence -- done
 22.52% | time:  18.8s ( 11.6m) | step:   1782 | train acc: 0.984 | train loss: 0.036 |val acc: 0.724 (0.756, 0.676) | val dp gap: 0.0323
Files already downloaded and verified
4960 labeled samples and 157810 unlabeled samples. Total: 162770
Use 4960 samples. Get 6417 labels. Ratio: 0.7729468599033816
 25.04% | time:  57.3s ( 12.6m) | step:   1982 | train acc: 1.000 | train loss: 0.000 |test acc: 0.731 (0.756, 0.692) | test dp gap: 0.0169
begin calculating influence
[Strategy 5] Acc of expected label: 0.736171875
calculating influence -- done
 25.04% | time:  19.0s ( 12.9m) | step:   1982 | train acc: 1.000 | train loss: 0.000 |val acc: 0.739 (0.775, 0.682) | val dp gap: 0.0182
Files already downloaded and verified
5216 labeled samples and 157554 unlabeled samples. Total: 162770
Use 5216 samples. Get 7445 labels. Ratio: 0.7006044325050369
 27.57% | time:  58.7s ( 13.9m) | step:   2182 | train acc: 1.000 | train loss: 0.000 |test acc: 0.711 (0.731, 0.679) | test dp gap: 0.0119
begin calculating influence
[Strategy 5] Acc of expected label: 0.7178515625
calculating influence -- done
 27.57% | time:  19.9s ( 14.2m) | step:   2182 | train acc: 1.000 | train loss: 0.000 |val acc: 0.717 (0.751, 0.665) | val dp gap: 0.0300
Files already downloaded and verified
5363 labeled samples and 157407 unlabeled samples. Total: 162770
Use 5363 samples. Get 8057 labels. Ratio: 0.6656323693682512
Epoch 3
 32.52% | time: 109.5s ( 16.0m) | step:   2574 | train acc: 1.000 | train loss: 0.000 |test acc: 0.711 (0.729, 0.682) | test dp gap: 0.0018
begin calculating influence
[Strategy 5] Acc of expected label: 0.7105078125
calculating influence -- done
 32.52% | time:  19.5s ( 16.3m) | step:   2574 | train acc: 1.000 | train loss: 0.000 |val acc: 0.706 (0.727, 0.674) | val dp gap: 0.0054
Files already downloaded and verified
5619 labeled samples and 157151 unlabeled samples. Total: 162770
Use 5619 samples. Get 9084 labels. Ratio: 0.618560105680317
 35.05% | time:  58.7s ( 17.3m) | step:   2774 | train acc: 0.988 | train loss: 0.034 |test acc: 0.688 (0.708, 0.657) | test dp gap: 0.0055
begin calculating influence
[Strategy 5] Acc of expected label: 0.690859375
calculating influence -- done
 35.05% | time:  20.0s ( 17.7m) | step:   2774 | train acc: 0.988 | train loss: 0.034 |val acc: 0.692 (0.718, 0.653) | val dp gap: 0.0226
Files already downloaded and verified
5875 labeled samples and 156895 unlabeled samples. Total: 162770
Use 5875 samples. Get 9940 labels. Ratio: 0.5910462776659959
 37.58% | time:  57.8s ( 18.6m) | step:   2974 | train acc: 1.000 | train loss: 0.000 |test acc: 0.692 (0.711, 0.660) | test dp gap: 0.0134
begin calculating influence
[Strategy 5] Acc of expected label: 0.700625
calculating influence -- done
 37.58% | time:  20.1s ( 19.0m) | step:   2974 | train acc: 1.000 | train loss: 0.000 |val acc: 0.706 (0.723, 0.680) | val dp gap: 0.0058
Files already downloaded and verified
6131 labeled samples and 156639 unlabeled samples. Total: 162770
Use 6131 samples. Get 10281 labels. Ratio: 0.5963427682132089
Epoch 4
 42.52% | time: 106.7s ( 20.7m) | step:   3365 | train acc: 1.000 | train loss: 0.000 |test acc: 0.700 (0.720, 0.668) | test dp gap: 0.0187
begin calculating influence
[Strategy 5] Acc of expected label: 0.7018359375
calculating influence -- done
 42.52% | time:  19.5s ( 21.1m) | step:   3365 | train acc: 1.000 | train loss: 0.000 |val acc: 0.707 (0.734, 0.665) | val dp gap: 0.0007
Files already downloaded and verified
6387 labeled samples and 156383 unlabeled samples. Total: 162770
Use 6387 samples. Get 11241 labels. Ratio: 0.5681878836402455
 45.05% | time:  61.8s ( 22.1m) | step:   3565 | train acc: 1.000 | train loss: 0.006 |test acc: 0.682 (0.697, 0.658) | test dp gap: 0.0055
begin calculating influence
[Strategy 5] Acc of expected label: 0.6932421875
calculating influence -- done
 45.05% | time:  19.5s ( 22.4m) | step:   3565 | train acc: 1.000 | train loss: 0.006 |val acc: 0.678 (0.704, 0.637) | val dp gap: 0.0274
Files already downloaded and verified
6643 labeled samples and 156127 unlabeled samples. Total: 162770
Use 6643 samples. Get 11687 labels. Ratio: 0.5684093437152391
 47.57% | time:  65.0s ( 23.5m) | step:   3765 | train acc: 1.000 | train loss: 0.000 |test acc: 0.697 (0.719, 0.664) | test dp gap: 0.0466
begin calculating influence
[Strategy 5] Acc of expected label: 0.70375
calculating influence -- done
 47.57% | time:  18.7s ( 23.8m) | step:   3765 | train acc: 1.000 | train loss: 0.000 |val acc: 0.702 (0.733, 0.653) | val dp gap: 0.0122
Files already downloaded and verified
6899 labeled samples and 155871 unlabeled samples. Total: 162770
Use 6899 samples. Get 11998 labels. Ratio: 0.5750125020836806
Epoch 5
 52.53% | time: 111.5s ( 25.7m) | step:   4157 | train acc: 1.000 | train loss: 0.000 |test acc: 0.712 (0.735, 0.675) | test dp gap: 0.0384
begin calculating influence
[Strategy 5] Acc of expected label: 0.7151171875
calculating influence -- done
 52.53% | time:  21.5s ( 26.0m) | step:   4157 | train acc: 1.000 | train loss: 0.000 |val acc: 0.705 (0.740, 0.651) | val dp gap: 0.0117
Files already downloaded and verified
7062 labeled samples and 155708 unlabeled samples. Total: 162770
Use 7062 samples. Get 12649 labels. Ratio: 0.5583050043481698
 55.05% | time:  72.8s ( 27.2m) | step:   4357 | train acc: 1.000 | train loss: 0.000 |test acc: 0.703 (0.725, 0.668) | test dp gap: 0.0395
begin calculating influence
[Strategy 5] Acc of expected label: 0.7067578125
calculating influence -- done
 55.05% | time:  20.5s ( 27.6m) | step:   4357 | train acc: 1.000 | train loss: 0.000 |val acc: 0.696 (0.724, 0.651) | val dp gap: 0.0011
Files already downloaded and verified
7318 labeled samples and 155452 unlabeled samples. Total: 162770
Use 7318 samples. Get 13519 labels. Ratio: 0.5413122272357422
 57.58% | time:  62.9s ( 28.6m) | step:   4557 | train acc: 1.000 | train loss: 0.001 |test acc: 0.704 (0.723, 0.673) | test dp gap: 0.0404
begin calculating influence
[Strategy 5] Acc of expected label: 0.7070703125
calculating influence -- done
 57.58% | time:  19.6s ( 29.0m) | step:   4557 | train acc: 1.000 | train loss: 0.001 |val acc: 0.694 (0.732, 0.636) | val dp gap: 0.0172
Files already downloaded and verified
7451 labeled samples and 155319 unlabeled samples. Total: 162770
Use 7451 samples. Get 13769 labels. Ratio: 0.5411431476505193
Epoch 6
 62.52% | time: 110.4s ( 30.8m) | step:   4948 | train acc: 1.000 | train loss: 0.000 |test acc: 0.705 (0.725, 0.674) | test dp gap: 0.0413
begin calculating influence
[Strategy 5] Acc of expected label: 0.705390625
calculating influence -- done
 62.52% | time:  19.8s ( 31.1m) | step:   4948 | train acc: 1.000 | train loss: 0.000 |val acc: 0.704 (0.737, 0.654) | val dp gap: 0.0254
Files already downloaded and verified
7707 labeled samples and 155063 unlabeled samples. Total: 162770
Use 7707 samples. Get 14746 labels. Ratio: 0.5226502102265022
 65.05% | time:  60.8s ( 32.1m) | step:   5148 | train acc: 0.988 | train loss: 0.023 |test acc: 0.682 (0.697, 0.658) | test dp gap: 0.0303
begin calculating influence
[Strategy 5] Acc of expected label: 0.689765625
calculating influence -- done
 65.05% | time:  19.2s ( 32.5m) | step:   5148 | train acc: 0.988 | train loss: 0.023 |val acc: 0.682 (0.702, 0.650) | val dp gap: 0.0059
Files already downloaded and verified
7963 labeled samples and 154807 unlabeled samples. Total: 162770
Use 7963 samples. Get 15064 labels. Ratio: 0.528611258629846
 67.58% | time:  62.4s ( 33.5m) | step:   5348 | train acc: 1.000 | train loss: 0.000 |test acc: 0.682 (0.701, 0.654) | test dp gap: 0.0495
begin calculating influence
[Strategy 5] Acc of expected label: 0.6906640625
calculating influence -- done
 67.58% | time:  19.5s ( 33.8m) | step:   5348 | train acc: 1.000 | train loss: 0.000 |val acc: 0.684 (0.708, 0.647) | val dp gap: 0.0137
Files already downloaded and verified
8219 labeled samples and 154551 unlabeled samples. Total: 162770
Use 8219 samples. Get 15487 labels. Ratio: 0.5307031704009815
Epoch 7
 72.52% | time: 107.6s ( 35.6m) | step:   5739 | train acc: 1.000 | train loss: 0.000 |test acc: 0.706 (0.728, 0.671) | test dp gap: 0.0424
begin calculating influence
[Strategy 5] Acc of expected label: 0.708359375
calculating influence -- done
 72.52% | time:  20.1s ( 36.0m) | step:   5739 | train acc: 1.000 | train loss: 0.000 |val acc: 0.707 (0.730, 0.671) | val dp gap: 0.0258
Files already downloaded and verified
8439 labeled samples and 154331 unlabeled samples. Total: 162770
Use 8439 samples. Get 16156 labels. Ratio: 0.5223446397623174
 75.04% | time:  67.7s ( 37.1m) | step:   5939 | train acc: 1.000 | train loss: 0.000 |test acc: 0.699 (0.719, 0.667) | test dp gap: 0.0393
begin calculating influence
[Strategy 5] Acc of expected label: 0.7006640625
calculating influence -- done
 75.04% | time:  19.2s ( 37.4m) | step:   5939 | train acc: 1.000 | train loss: 0.000 |val acc: 0.699 (0.724, 0.660) | val dp gap: 0.0381
Files already downloaded and verified
8695 labeled samples and 154075 unlabeled samples. Total: 162770
Use 8695 samples. Get 16849 labels. Ratio: 0.5160543652442281
 77.57% | time:  57.3s ( 38.4m) | step:   6139 | train acc: 0.996 | train loss: 0.014 |test acc: 0.701 (0.723, 0.666) | test dp gap: 0.0584
begin calculating influence
[Strategy 5] Acc of expected label: 0.7008984375
calculating influence -- done
 77.57% | time:  19.3s ( 38.7m) | step:   6139 | train acc: 0.996 | train loss: 0.014 |val acc: 0.701 (0.722, 0.668) | val dp gap: 0.0171
Files already downloaded and verified
8847 labeled samples and 153923 unlabeled samples. Total: 162770
Use 8847 samples. Get 17527 labels. Ratio: 0.5047640782792263
Epoch 8
 82.52% | time: 106.9s ( 40.5m) | step:   6531 | train acc: 1.000 | train loss: 0.000 |test acc: 0.688 (0.706, 0.658) | test dp gap: 0.0400
begin calculating influence
[Strategy 5] Acc of expected label: 0.693125
calculating influence -- done
 82.52% | time:  19.5s ( 40.8m) | step:   6531 | train acc: 1.000 | train loss: 0.000 |val acc: 0.690 (0.711, 0.656) | val dp gap: 0.0173
Files already downloaded and verified
8916 labeled samples and 153854 unlabeled samples. Total: 162770
Use 8916 samples. Get 17720 labels. Ratio: 0.5031602708803612
 85.05% | time:  63.0s ( 41.8m) | step:   6731 | train acc: 1.000 | train loss: 0.000 |test acc: 0.666 (0.685, 0.636) | test dp gap: 0.0553
begin calculating influence
[Strategy 5] Acc of expected label: 0.6659375
calculating influence -- done
 85.05% | time:  20.2s ( 42.2m) | step:   6731 | train acc: 1.000 | train loss: 0.000 |val acc: 0.660 (0.685, 0.622) | val dp gap: 0.0314
Files already downloaded and verified
9172 labeled samples and 153598 unlabeled samples. Total: 162770
Use 9172 samples. Get 18034 labels. Ratio: 0.5085948763446823
 87.58% | time:  57.8s ( 43.1m) | step:   6931 | train acc: 0.991 | train loss: 0.019 |test acc: 0.698 (0.720, 0.663) | test dp gap: 0.0660
begin calculating influence
[Strategy 5] Acc of expected label: 0.7023828125
calculating influence -- done
 87.58% | time:  20.6s ( 43.5m) | step:   6931 | train acc: 0.991 | train loss: 0.019 |val acc: 0.699 (0.733, 0.646) | val dp gap: 0.0542
Files already downloaded and verified
9265 labeled samples and 153505 unlabeled samples. Total: 162770
Use 9265 samples. Get 18165 labels. Ratio: 0.5100467932837875
Epoch 9
 92.52% | time: 100.5s ( 45.2m) | step:   7322 | train acc: 1.000 | train loss: 0.000 |test acc: 0.702 (0.723, 0.669) | test dp gap: 0.0409
begin calculating influence
[Strategy 5] Acc of expected label: 0.70890625
calculating influence -- done
 92.52% | time:  19.5s ( 45.5m) | step:   7322 | train acc: 1.000 | train loss: 0.000 |val acc: 0.700 (0.724, 0.663) | val dp gap: 0.0086
Files already downloaded and verified
9301 labeled samples and 153469 unlabeled samples. Total: 162770
Use 9301 samples. Get 18260 labels. Ratio: 0.5093647316538883
 95.05% | time:  69.1s ( 46.6m) | step:   7522 | train acc: 1.000 | train loss: 0.002 |test acc: 0.698 (0.715, 0.672) | test dp gap: 0.0384
begin calculating influence
[Strategy 5] Acc of expected label: 0.7006640625
calculating influence -- done
 95.05% | time:  19.9s ( 47.0m) | step:   7522 | train acc: 1.000 | train loss: 0.002 |val acc: 0.693 (0.720, 0.650) | val dp gap: 0.0235
Files already downloaded and verified
9493 labeled samples and 153277 unlabeled samples. Total: 162770
Use 9493 samples. Get 18949 labels. Ratio: 0.5009763048181962
 97.57% | time:  72.2s ( 48.2m) | step:   7722 | train acc: 0.977 | train loss: 0.073 |test acc: 0.686 (0.701, 0.662) | test dp gap: 0.0108
begin calculating influence
[Strategy 5] Acc of expected label: 0.69515625
calculating influence -- done
 97.57% | time:  19.2s ( 48.5m) | step:   7722 | train acc: 0.977 | train loss: 0.073 |val acc: 0.667 (0.686, 0.637) | val dp gap: 0.0031
Files already downloaded and verified
9749 labeled samples and 153021 unlabeled samples. Total: 162770
Use 9749 samples. Get 19211 labels. Ratio: 0.5074696788298371
