Files already downloaded and verified
3255 labeled samples and 159515 unlabeled samples. Total: 162770
Files already downloaded and verified
1996 labeled samples and 17966 unlabeled samples. Total: 19962
Numer of layers 200
train net...
train with 162770 samples (with replacement) in one epoch
Epoch 0
  2.62% | time: 100.7s (  1.7m) | step:    200 | train acc: 0.832 | train loss: 0.394 |warm_t acc: 0.756 (0.783, 0.713) | warm_t eop gap: 0.0951
  2.62% | time:   6.1s (  1.8m) | step:    200 | train acc: 0.832 | train loss: 0.394 |warm_v acc: 0.760 (0.792, 0.706) | warm_v eop gap: 0.0907
  5.24% | time:  79.8s (  3.1m) | step:    400 | train acc: 0.969 | train loss: 0.099 |warm_t acc: 0.702 (0.726, 0.664) | warm_t eop gap: 0.0743
  5.24% | time:   1.4s (  3.1m) | step:    400 | train acc: 0.969 | train loss: 0.099 |warm_v acc: 0.700 (0.729, 0.653) | warm_v eop gap: 0.1115
  7.86% | time:  80.8s (  4.5m) | step:    600 | train acc: 0.758 | train loss: 0.591 |warm_t acc: 0.761 (0.788, 0.719) | warm_t eop gap: 0.0383
  7.86% | time:   1.4s (  4.5m) | step:    600 | train acc: 0.758 | train loss: 0.591 |warm_v acc: 0.754 (0.786, 0.703) | warm_v eop gap: 0.0001
  8.32% | time:  21.8s (  4.9m) | step:    635 | train acc: 0.793 | train loss: 0.568 |warm_t acc: 0.663 (0.671, 0.651) | warm_t eop gap: 0.0366
  8.32% | time:   1.4s (  4.9m) | step:    635 | train acc: 0.793 | train loss: 0.568 |warm_v acc: 0.658 (0.672, 0.636) | warm_v eop gap: 0.0707
Epoch 1
 10.95% | time:  80.4s (  6.2m) | step:    835 | train acc: 0.793 | train loss: 0.617 |warm_t acc: 0.740 (0.763, 0.702) | warm_t eop gap: 0.0696
 10.95% | time:   1.4s (  6.3m) | step:    835 | train acc: 0.793 | train loss: 0.617 |warm_v acc: 0.746 (0.763, 0.719) | warm_v eop gap: 0.0715
 13.57% | time:  80.2s (  7.6m) | step:   1035 | train acc: 0.969 | train loss: 0.103 |warm_t acc: 0.773 (0.805, 0.723) | warm_t eop gap: 0.0303
 13.57% | time:   1.5s (  7.6m) | step:   1035 | train acc: 0.969 | train loss: 0.103 |warm_v acc: 0.760 (0.799, 0.699) | warm_v eop gap: 0.0477
 16.19% | time:  78.7s (  8.9m) | step:   1235 | train acc: 0.809 | train loss: 0.465 |warm_t acc: 0.709 (0.726, 0.682) | warm_t eop gap: 0.0500
 16.19% | time:   1.5s (  9.0m) | step:   1235 | train acc: 0.809 | train loss: 0.465 |warm_v acc: 0.682 (0.714, 0.636) | warm_v eop gap: 0.0188
 16.65% | time:  21.1s (  9.3m) | step:   1270 | train acc: 0.875 | train loss: 0.317 |warm_t acc: 0.788 (0.820, 0.737) | warm_t eop gap: 0.0081
 16.65% | time:   1.2s (  9.3m) | step:   1270 | train acc: 0.875 | train loss: 0.317 |warm_v acc: 0.781 (0.813, 0.729) | warm_v eop gap: 0.0070
Epoch 2
 19.28% | time:  78.1s ( 10.6m) | step:   1471 | train acc: 0.898 | train loss: 0.308 |test acc: 0.724 (0.756, 0.673) | test eop gap: 0.0630
 19.28% | time:   1.4s ( 10.7m) | step:   1471 | train acc: 0.898 | train loss: 0.308 |val acc: 0.710 (0.746, 0.652) | val eop gap: 0.0601
begin calculating influence
selected layers: [Traced<ShapedArray(float32[768])>with<DynamicJaxprTrace(level=0/1)>, Traced<ShapedArray(float32[8,8,3,768])>with<DynamicJaxprTrace(level=0/1)>, Traced<ShapedArray(float32[2])>with<DynamicJaxprTrace(level=0/1)>, Traced<ShapedArray(float32[768,2])>with<DynamicJaxprTrace(level=0/1)>]
calculating influence -- done
Files already downloaded and verified
3511 labeled samples and 159259 unlabeled samples. Total: 162770
Use 3511 samples. Get 3511 labels. Ratio: 1.0
 21.90% | time: 747.3s ( 23.1m) | step:   1671 | train acc: 1.000 | train loss: 0.003 |test acc: 0.715 (0.741, 0.674) | test eop gap: 0.0298
 21.90% | time:   1.4s ( 23.1m) | step:   1671 | train acc: 1.000 | train loss: 0.003 |val acc: 0.701 (0.736, 0.645) | val eop gap: 0.0011
begin calculating influence
calculating influence -- done
Files already downloaded and verified
3767 labeled samples and 159003 unlabeled samples. Total: 162770
Use 3767 samples. Get 3767 labels. Ratio: 1.0
 24.52% | time: 730.5s ( 35.3m) | step:   1871 | train acc: 0.910 | train loss: 0.197 |test acc: 0.718 (0.743, 0.677) | test eop gap: 0.0369
 24.52% | time:   1.5s ( 35.3m) | step:   1871 | train acc: 0.910 | train loss: 0.197 |val acc: 0.703 (0.725, 0.669) | val eop gap: 0.1039
begin calculating influence
calculating influence -- done
Files already downloaded and verified
4023 labeled samples and 158747 unlabeled samples. Total: 162770
Use 4023 samples. Get 4023 labels. Ratio: 1.0
 24.98% | time: 678.4s ( 46.6m) | step:   1906 | train acc: 0.934 | train loss: 0.183 |test acc: 0.752 (0.779, 0.710) | test eop gap: 0.0276
 24.98% | time:   1.3s ( 46.7m) | step:   1906 | train acc: 0.934 | train loss: 0.183 |val acc: 0.740 (0.772, 0.687) | val eop gap: 0.0657
begin calculating influence
calculating influence -- done
Files already downloaded and verified
4279 labeled samples and 158491 unlabeled samples. Total: 162770
Use 4279 samples. Get 4279 labels. Ratio: 1.0
Epoch 3
 27.62% | time: 725.0s ( 58.7m) | step:   2107 | train acc: 0.992 | train loss: 0.023 |test acc: 0.726 (0.755, 0.680) | test eop gap: 0.0445
 27.62% | time:   1.4s ( 58.8m) | step:   2107 | train acc: 0.992 | train loss: 0.023 |val acc: 0.711 (0.731, 0.680) | val eop gap: 0.0966
begin calculating influence
calculating influence -- done
Files already downloaded and verified
4535 labeled samples and 158235 unlabeled samples. Total: 162770
Use 4535 samples. Get 4535 labels. Ratio: 1.0
 30.24% | time: 732.2s ( 71.0m) | step:   2307 | train acc: 0.977 | train loss: 0.062 |test acc: 0.721 (0.752, 0.673) | test eop gap: 0.0442
 30.24% | time:   1.5s ( 71.0m) | step:   2307 | train acc: 0.977 | train loss: 0.062 |val acc: 0.714 (0.743, 0.668) | val eop gap: 0.0801
begin calculating influence
calculating influence -- done
Files already downloaded and verified
4791 labeled samples and 157979 unlabeled samples. Total: 162770
Use 4791 samples. Get 4791 labels. Ratio: 1.0
 32.86% | time: 731.3s ( 83.2m) | step:   2507 | train acc: 1.000 | train loss: 0.001 |test acc: 0.717 (0.749, 0.666) | test eop gap: 0.0158
 32.86% | time:   1.4s ( 83.2m) | step:   2507 | train acc: 1.000 | train loss: 0.001 |val acc: 0.717 (0.742, 0.679) | val eop gap: 0.0832
begin calculating influence
calculating influence -- done
Files already downloaded and verified
5047 labeled samples and 157723 unlabeled samples. Total: 162770
Use 5047 samples. Get 5047 labels. Ratio: 1.0
 33.32% | time: 674.8s ( 94.5m) | step:   2542 | train acc: 0.871 | train loss: 0.321 |test acc: 0.765 (0.797, 0.715) | test eop gap: 0.0107
 33.32% | time:   1.4s ( 94.5m) | step:   2542 | train acc: 0.871 | train loss: 0.321 |val acc: 0.770 (0.805, 0.715) | val eop gap: 0.0010
begin calculating influence
calculating influence -- done
Files already downloaded and verified
5303 labeled samples and 157467 unlabeled samples. Total: 162770
Use 5303 samples. Get 5303 labels. Ratio: 1.0
Epoch 4
 35.95% | time: 724.3s (106.5m) | step:   2743 | train acc: 1.000 | train loss: 0.003 |test acc: 0.720 (0.747, 0.677) | test eop gap: 0.0335
 35.95% | time:   1.4s (106.6m) | step:   2743 | train acc: 1.000 | train loss: 0.003 |val acc: 0.702 (0.730, 0.659) | val eop gap: 0.0654
begin calculating influence
calculating influence -- done
Files already downloaded and verified
5559 labeled samples and 157211 unlabeled samples. Total: 162770
Use 5559 samples. Get 5559 labels. Ratio: 1.0
 38.58% | time: 733.7s (118.8m) | step:   2943 | train acc: 1.000 | train loss: 0.001 |test acc: 0.729 (0.759, 0.681) | test eop gap: 0.0188
 38.58% | time:   1.4s (118.8m) | step:   2943 | train acc: 1.000 | train loss: 0.001 |val acc: 0.717 (0.740, 0.678) | val eop gap: 0.1009
begin calculating influence
calculating influence -- done
Files already downloaded and verified
5815 labeled samples and 156955 unlabeled samples. Total: 162770
Use 5815 samples. Get 5815 labels. Ratio: 1.0
 41.20% | time: 732.9s (131.0m) | step:   3143 | train acc: 1.000 | train loss: 0.000 |test acc: 0.732 (0.760, 0.687) | test eop gap: 0.0296
 41.20% | time:   1.3s (131.1m) | step:   3143 | train acc: 1.000 | train loss: 0.000 |val acc: 0.725 (0.738, 0.704) | val eop gap: 0.0702
begin calculating influence
calculating influence -- done
Files already downloaded and verified
6071 labeled samples and 156699 unlabeled samples. Total: 162770
Use 6071 samples. Get 6071 labels. Ratio: 1.0
 41.66% | time: 661.5s (142.1m) | step:   3178 | train acc: 0.988 | train loss: 0.033 |test acc: 0.727 (0.756, 0.680) | test eop gap: 0.0380
 41.66% | time:   1.4s (142.1m) | step:   3178 | train acc: 0.988 | train loss: 0.033 |val acc: 0.702 (0.742, 0.639) | val eop gap: 0.0042
begin calculating influence
calculating influence -- done
Files already downloaded and verified
6327 labeled samples and 156443 unlabeled samples. Total: 162770
Use 6327 samples. Get 6327 labels. Ratio: 1.0
Epoch 5
 44.29% | time: 728.1s (154.2m) | step:   3379 | train acc: 1.000 | train loss: 0.000 |test acc: 0.730 (0.763, 0.679) | test eop gap: 0.0298
 44.29% | time:   1.4s (154.3m) | step:   3379 | train acc: 1.000 | train loss: 0.000 |val acc: 0.733 (0.760, 0.688) | val eop gap: 0.0904
begin calculating influence
calculating influence -- done
Files already downloaded and verified
6583 labeled samples and 156187 unlabeled samples. Total: 162770
Use 6583 samples. Get 6583 labels. Ratio: 1.0
 46.91% | time: 728.1s (166.4m) | step:   3579 | train acc: 1.000 | train loss: 0.000 |test acc: 0.733 (0.763, 0.684) | test eop gap: 0.0052
 46.91% | time:   1.5s (166.4m) | step:   3579 | train acc: 1.000 | train loss: 0.000 |val acc: 0.736 (0.760, 0.700) | val eop gap: 0.0501
begin calculating influence
calculating influence -- done
Files already downloaded and verified
6839 labeled samples and 155931 unlabeled samples. Total: 162770
Use 6839 samples. Get 6839 labels. Ratio: 1.0
 49.53% | time: 728.5s (178.6m) | step:   3779 | train acc: 1.000 | train loss: 0.000 |test acc: 0.738 (0.767, 0.692) | test eop gap: 0.0297
 49.53% | time:   1.4s (178.6m) | step:   3779 | train acc: 1.000 | train loss: 0.000 |val acc: 0.730 (0.752, 0.693) | val eop gap: 0.0888
begin calculating influence
calculating influence -- done
Files already downloaded and verified
7095 labeled samples and 155675 unlabeled samples. Total: 162770
Use 7095 samples. Get 7095 labels. Ratio: 1.0
 49.99% | time: 670.0s (189.8m) | step:   3814 | train acc: 0.988 | train loss: 0.080 |test acc: 0.709 (0.730, 0.675) | test eop gap: 0.0608
 49.99% | time:   1.7s (189.8m) | step:   3814 | train acc: 0.988 | train loss: 0.080 |val acc: 0.704 (0.716, 0.685) | val eop gap: 0.1233
begin calculating influence
calculating influence -- done
Files already downloaded and verified
7351 labeled samples and 155419 unlabeled samples. Total: 162770
Use 7351 samples. Get 7351 labels. Ratio: 1.0
Epoch 6
 52.62% | time: 726.4s (201.9m) | step:   4014 | train acc: 1.000 | train loss: 0.001 |test acc: 0.735 (0.763, 0.691) | test eop gap: 0.0495
 52.62% | time:   1.5s (201.9m) | step:   4014 | train acc: 1.000 | train loss: 0.001 |val acc: 0.717 (0.745, 0.675) | val eop gap: 0.0726
begin calculating influence
calculating influence -- done
Files already downloaded and verified
7607 labeled samples and 155163 unlabeled samples. Total: 162770
Use 7607 samples. Get 7607 labels. Ratio: 1.0
 55.24% | time: 724.0s (214.0m) | step:   4214 | train acc: 1.000 | train loss: 0.000 |test acc: 0.738 (0.766, 0.693) | test eop gap: 0.0411
 55.24% | time:   1.4s (214.0m) | step:   4214 | train acc: 1.000 | train loss: 0.000 |val acc: 0.727 (0.754, 0.685) | val eop gap: 0.0957
begin calculating influence
calculating influence -- done
Files already downloaded and verified
7863 labeled samples and 154907 unlabeled samples. Total: 162770
Use 7863 samples. Get 7863 labels. Ratio: 1.0
 57.86% | time: 723.3s (226.1m) | step:   4414 | train acc: 1.000 | train loss: 0.001 |test acc: 0.733 (0.762, 0.686) | test eop gap: 0.0604
 57.86% | time:   1.5s (226.1m) | step:   4414 | train acc: 1.000 | train loss: 0.001 |val acc: 0.729 (0.756, 0.688) | val eop gap: 0.0939
begin calculating influence
calculating influence -- done
Files already downloaded and verified
8119 labeled samples and 154651 unlabeled samples. Total: 162770
Use 8119 samples. Get 8119 labels. Ratio: 1.0
 58.32% | time: 665.1s (237.2m) | step:   4449 | train acc: 0.984 | train loss: 0.032 |test acc: 0.735 (0.761, 0.693) | test eop gap: 0.0605
 58.32% | time:   1.6s (237.2m) | step:   4449 | train acc: 0.984 | train loss: 0.032 |val acc: 0.725 (0.753, 0.681) | val eop gap: 0.0733
begin calculating influence
calculating influence -- done
Files already downloaded and verified
8375 labeled samples and 154395 unlabeled samples. Total: 162770
Use 8375 samples. Get 8375 labels. Ratio: 1.0
Epoch 7
 60.95% | time: 727.1s (249.3m) | step:   4650 | train acc: 0.996 | train loss: 0.006 |test acc: 0.739 (0.767, 0.695) | test eop gap: 0.0570
 60.95% | time:   1.5s (249.3m) | step:   4650 | train acc: 0.996 | train loss: 0.006 |val acc: 0.731 (0.761, 0.686) | val eop gap: 0.0917
begin calculating influence
calculating influence -- done
Files already downloaded and verified
8631 labeled samples and 154139 unlabeled samples. Total: 162770
Use 8631 samples. Get 8631 labels. Ratio: 1.0
 63.57% | time: 720.4s (261.3m) | step:   4850 | train acc: 1.000 | train loss: 0.003 |test acc: 0.731 (0.759, 0.688) | test eop gap: 0.0375
 63.57% | time:   1.5s (261.4m) | step:   4850 | train acc: 1.000 | train loss: 0.003 |val acc: 0.714 (0.741, 0.670) | val eop gap: 0.0963
begin calculating influence
calculating influence -- done
Files already downloaded and verified
8887 labeled samples and 153883 unlabeled samples. Total: 162770
Use 8887 samples. Get 8887 labels. Ratio: 1.0
 66.19% | time: 720.5s (273.4m) | step:   5050 | train acc: 1.000 | train loss: 0.001 |test acc: 0.741 (0.770, 0.693) | test eop gap: 0.0609
 66.19% | time:   1.4s (273.4m) | step:   5050 | train acc: 1.000 | train loss: 0.001 |val acc: 0.736 (0.769, 0.684) | val eop gap: 0.0681
begin calculating influence
calculating influence -- done
Files already downloaded and verified
9143 labeled samples and 153627 unlabeled samples. Total: 162770
Use 9143 samples. Get 9143 labels. Ratio: 1.0
 66.65% | time: 662.8s (284.5m) | step:   5085 | train acc: 0.988 | train loss: 0.073 |test acc: 0.735 (0.765, 0.689) | test eop gap: 0.0465
 66.65% | time:   1.4s (284.5m) | step:   5085 | train acc: 0.988 | train loss: 0.073 |val acc: 0.723 (0.762, 0.662) | val eop gap: 0.0439
begin calculating influence
calculating influence -- done
Files already downloaded and verified
9399 labeled samples and 153371 unlabeled samples. Total: 162770
Use 9399 samples. Get 9399 labels. Ratio: 1.0
Epoch 8
 69.29% | time: 726.0s (296.6m) | step:   5286 | train acc: 1.000 | train loss: 0.001 |test acc: 0.737 (0.766, 0.691) | test eop gap: 0.0559
 69.29% | time:   1.5s (296.6m) | step:   5286 | train acc: 1.000 | train loss: 0.001 |val acc: 0.728 (0.760, 0.679) | val eop gap: 0.1018
begin calculating influence
calculating influence -- done
Files already downloaded and verified
9655 labeled samples and 153115 unlabeled samples. Total: 162770
Use 9655 samples. Get 9655 labels. Ratio: 1.0
 71.91% | time: 720.2s (308.6m) | step:   5486 | train acc: 1.000 | train loss: 0.000 |test acc: 0.743 (0.773, 0.694) | test eop gap: 0.0427
 71.91% | time:   1.5s (308.6m) | step:   5486 | train acc: 1.000 | train loss: 0.000 |val acc: 0.744 (0.772, 0.699) | val eop gap: 0.1243
begin calculating influence
calculating influence -- done
Files already downloaded and verified
9911 labeled samples and 152859 unlabeled samples. Total: 162770
Use 9911 samples. Get 9911 labels. Ratio: 1.0
 74.53% | time: 720.2s (320.6m) | step:   5686 | train acc: 1.000 | train loss: 0.000 |test acc: 0.744 (0.773, 0.698) | test eop gap: 0.0555
 74.53% | time:   1.4s (320.7m) | step:   5686 | train acc: 1.000 | train loss: 0.000 |val acc: 0.744 (0.773, 0.700) | val eop gap: 0.1110
begin calculating influence
calculating influence -- done
Files already downloaded and verified
10167 labeled samples and 152603 unlabeled samples. Total: 162770
Use 10167 samples. Get 10167 labels. Ratio: 1.0
 74.99% | time: 664.2s (331.7m) | step:   5721 | train acc: 1.000 | train loss: 0.005 |test acc: 0.713 (0.737, 0.674) | test eop gap: 0.0618
 74.99% | time:   1.5s (331.7m) | step:   5721 | train acc: 1.000 | train loss: 0.005 |val acc: 0.715 (0.750, 0.660) | val eop gap: 0.1032
begin calculating influence
calculating influence -- done
Files already downloaded and verified
10423 labeled samples and 152347 unlabeled samples. Total: 162770
Use 10423 samples. Get 10423 labels. Ratio: 1.0
Epoch 9
 77.62% | time: 725.4s (343.8m) | step:   5922 | train acc: 1.000 | train loss: 0.001 |test acc: 0.744 (0.772, 0.700) | test eop gap: 0.0577
 77.62% | time:   1.6s (343.9m) | step:   5922 | train acc: 1.000 | train loss: 0.001 |val acc: 0.743 (0.777, 0.689) | val eop gap: 0.1326
begin calculating influence
calculating influence -- done
Files already downloaded and verified
10679 labeled samples and 152091 unlabeled samples. Total: 162770
Use 10679 samples. Get 10679 labels. Ratio: 1.0
 80.25% | time: 722.1s (355.9m) | step:   6122 | train acc: 1.000 | train loss: 0.000 |test acc: 0.746 (0.774, 0.702) | test eop gap: 0.0642
 80.25% | time:   1.4s (355.9m) | step:   6122 | train acc: 1.000 | train loss: 0.000 |val acc: 0.751 (0.773, 0.715) | val eop gap: 0.1484
begin calculating influence
calculating influence -- done
Files already downloaded and verified
10935 labeled samples and 151835 unlabeled samples. Total: 162770
Use 10935 samples. Get 10935 labels. Ratio: 1.0
 82.87% | time: 722.9s (368.0m) | step:   6322 | train acc: 1.000 | train loss: 0.000 |test acc: 0.748 (0.778, 0.700) | test eop gap: 0.0551
 82.87% | time:   1.5s (368.0m) | step:   6322 | train acc: 1.000 | train loss: 0.000 |val acc: 0.737 (0.768, 0.690) | val eop gap: 0.0762
begin calculating influence
calculating influence -- done
Files already downloaded and verified
11191 labeled samples and 151579 unlabeled samples. Total: 162770
Use 11191 samples. Get 11191 labels. Ratio: 1.0
 83.33% | time: 665.6s (379.1m) | step:   6357 | train acc: 0.980 | train loss: 0.131 |test acc: 0.707 (0.733, 0.666) | test eop gap: 0.0826
 83.33% | time:   1.4s (379.1m) | step:   6357 | train acc: 0.980 | train loss: 0.131 |val acc: 0.707 (0.725, 0.679) | val eop gap: 0.1332
begin calculating influence
calculating influence -- done
Files already downloaded and verified
11447 labeled samples and 151323 unlabeled samples. Total: 162770
Use 11447 samples. Get 11447 labels. Ratio: 1.0
Epoch 10
 85.96% | time: 725.5s (391.2m) | step:   6558 | train acc: 1.000 | train loss: 0.001 |test acc: 0.750 (0.779, 0.705) | test eop gap: 0.0708
 85.96% | time:   1.5s (391.2m) | step:   6558 | train acc: 1.000 | train loss: 0.001 |val acc: 0.732 (0.764, 0.680) | val eop gap: 0.0722
begin calculating influence
calculating influence -- done
Files already downloaded and verified
11703 labeled samples and 151067 unlabeled samples. Total: 162770
Use 11703 samples. Get 11703 labels. Ratio: 1.0
 88.58% | time: 727.0s (403.3m) | step:   6758 | train acc: 1.000 | train loss: 0.001 |test acc: 0.739 (0.767, 0.695) | test eop gap: 0.0605
 88.58% | time:   1.5s (403.4m) | step:   6758 | train acc: 1.000 | train loss: 0.001 |val acc: 0.727 (0.760, 0.678) | val eop gap: 0.1095
begin calculating influence
calculating influence -- done
Files already downloaded and verified
11959 labeled samples and 150811 unlabeled samples. Total: 162770
Use 11959 samples. Get 11959 labels. Ratio: 1.0
 91.20% | time: 727.2s (415.5m) | step:   6958 | train acc: 1.000 | train loss: 0.000 |test acc: 0.745 (0.773, 0.701) | test eop gap: 0.0588
 91.20% | time:   1.5s (415.5m) | step:   6958 | train acc: 1.000 | train loss: 0.000 |val acc: 0.733 (0.756, 0.698) | val eop gap: 0.1057
begin calculating influence
calculating influence -- done
Files already downloaded and verified
12215 labeled samples and 150555 unlabeled samples. Total: 162770
Use 12215 samples. Get 12215 labels. Ratio: 1.0
 91.66% | time: 672.1s (426.7m) | step:   6993 | train acc: 0.996 | train loss: 0.012 |test acc: 0.726 (0.753, 0.684) | test eop gap: 0.0593
 91.66% | time:   1.4s (426.7m) | step:   6993 | train acc: 0.996 | train loss: 0.012 |val acc: 0.711 (0.740, 0.667) | val eop gap: 0.1324
begin calculating influence
calculating influence -- done
Files already downloaded and verified
12471 labeled samples and 150299 unlabeled samples. Total: 162770
Use 12471 samples. Get 12471 labels. Ratio: 1.0
Epoch 11
 94.30% | time: 723.9s (438.8m) | step:   7194 | train acc: 1.000 | train loss: 0.001 |test acc: 0.739 (0.766, 0.697) | test eop gap: 0.0746
 94.30% | time:   1.4s (438.8m) | step:   7194 | train acc: 1.000 | train loss: 0.001 |val acc: 0.730 (0.753, 0.695) | val eop gap: 0.0667
begin calculating influence
calculating influence -- done
Files already downloaded and verified
12727 labeled samples and 150043 unlabeled samples. Total: 162770
Use 12727 samples. Get 12727 labels. Ratio: 1.0
 96.92% | time: 727.6s (451.0m) | step:   7394 | train acc: 1.000 | train loss: 0.001 |test acc: 0.743 (0.772, 0.697) | test eop gap: 0.0741
 96.92% | time:   1.5s (451.0m) | step:   7394 | train acc: 1.000 | train loss: 0.001 |val acc: 0.738 (0.777, 0.677) | val eop gap: 0.0548
begin calculating influence
calculating influence -- done
Files already downloaded and verified
12983 labeled samples and 149787 unlabeled samples. Total: 162770
Use 12983 samples. Get 12983 labels. Ratio: 1.0
 99.54% | time: 732.1s (463.2m) | step:   7594 | train acc: 1.000 | train loss: 0.001 |test acc: 0.740 (0.766, 0.699) | test eop gap: 0.0646
 99.54% | time:   1.5s (463.2m) | step:   7594 | train acc: 1.000 | train loss: 0.001 |val acc: 0.740 (0.768, 0.695) | val eop gap: 0.0818
begin calculating influence
calculating influence -- done
Files already downloaded and verified
13239 labeled samples and 149531 unlabeled samples. Total: 162770
Use 13239 samples. Get 13239 labels. Ratio: 1.0
100.00% | time: 675.1s (474.5m) | step:   7629 | train acc: 1.000 | train loss: 0.000 |test acc: 0.742 (0.770, 0.698) | test eop gap: 0.0732
100.00% | time:   1.5s (474.5m) | step:   7629 | train acc: 1.000 | train loss: 0.000 |val acc: 0.723 (0.758, 0.666) | val eop gap: 0.0900
begin calculating influence
calculating influence -- done
Files already downloaded and verified
13495 labeled samples and 149275 unlabeled samples. Total: 162770
Use 13495 samples. Get 13495 labels. Ratio: 1.0
