Files already downloaded and verified
3255 labeled samples and 159515 unlabeled samples. Total: 162770
Files already downloaded and verified
1996 labeled samples and 17966 unlabeled samples. Total: 19962
Numer of layers 200
train net...
Epoch 0
  2.53% | time:  78.0s (  1.3m) | step:    200 | train acc: 0.816 | train loss: 0.380 |test acc: 0.704 (0.730, 0.663) | test eod gap: 0.0807
begin calculating influence
selected layers: [Traced<ShapedArray(float32[768])>with<DynamicJaxprTrace(level=0/1)>, Traced<ShapedArray(float32[8,8,3,768])>with<DynamicJaxprTrace(level=0/1)>, Traced<ShapedArray(float32[2])>with<DynamicJaxprTrace(level=0/1)>, Traced<ShapedArray(float32[768,2])>with<DynamicJaxprTrace(level=0/1)>]
selected layers: [Traced<ShapedArray(float32[768])>with<DynamicJaxprTrace(level=0/1)>, Traced<ShapedArray(float32[8,8,3,768])>with<DynamicJaxprTrace(level=0/1)>, Traced<ShapedArray(float32[2])>with<DynamicJaxprTrace(level=0/1)>, Traced<ShapedArray(float32[768,2])>with<DynamicJaxprTrace(level=0/1)>]
[Strategy 5] Acc of expected label: 0.7104296875
calculating influence -- done
  2.53% | time: 461.9s (  9.0m) | step:    200 | train acc: 0.816 | train loss: 0.380 |val acc: 0.693 (0.729, 0.636) | val eod gap: 0.0601
Files already downloaded and verified
3511 labeled samples and 159259 unlabeled samples. Total: 162770
Use 3511 samples. Get 3610 labels. Ratio: 0.9725761772853185
  5.05% | time:  63.7s ( 10.1m) | step:    400 | train acc: 0.809 | train loss: 0.535 |test acc: 0.791 (0.822, 0.741) | test eod gap: 0.0002
begin calculating influence
[Strategy 5] Acc of expected label: 0.791328125
calculating influence -- done
  5.05% | time: 428.8s ( 17.2m) | step:    400 | train acc: 0.809 | train loss: 0.535 |val acc: 0.784 (0.819, 0.728) | val eod gap: 0.0000
Files already downloaded and verified
3653 labeled samples and 159117 unlabeled samples. Total: 162770
Use 3653 samples. Get 3804 labels. Ratio: 0.9603049421661409
  7.58% | time:  69.6s ( 18.4m) | step:    600 | train acc: 0.867 | train loss: 0.374 |test acc: 0.791 (0.822, 0.741) | test eod gap: 0.0005
begin calculating influence
[Strategy 5] Acc of expected label: 0.7879296875
calculating influence -- done
  7.58% | time: 427.7s ( 25.5m) | step:    600 | train acc: 0.867 | train loss: 0.374 |val acc: 0.783 (0.819, 0.727) | val eod gap: 0.0009
Files already downloaded and verified
3909 labeled samples and 158861 unlabeled samples. Total: 162770
Use 3909 samples. Get 4137 labels. Ratio: 0.9448875997099347
Epoch 1
 12.52% | time: 105.8s ( 27.3m) | step:    991 | train acc: 0.918 | train loss: 0.210 |test acc: 0.718 (0.736, 0.689) | test eod gap: 0.0214
begin calculating influence
[Strategy 5] Acc of expected label: 0.7159765625
calculating influence -- done
 12.52% | time: 426.8s ( 34.4m) | step:    991 | train acc: 0.918 | train loss: 0.210 |val acc: 0.692 (0.719, 0.650) | val eod gap: 0.0156
Files already downloaded and verified
4165 labeled samples and 158605 unlabeled samples. Total: 162770
Use 4165 samples. Get 4547 labels. Ratio: 0.915988563888278
 15.05% | time:  61.1s ( 35.4m) | step:   1191 | train acc: 0.934 | train loss: 0.166 |test acc: 0.745 (0.769, 0.706) | test eod gap: 0.0093
begin calculating influence
[Strategy 5] Acc of expected label: 0.7499609375
calculating influence -- done
 15.05% | time: 425.4s ( 42.5m) | step:   1191 | train acc: 0.934 | train loss: 0.166 |val acc: 0.740 (0.768, 0.696) | val eod gap: 0.0024
Files already downloaded and verified
4421 labeled samples and 158349 unlabeled samples. Total: 162770
Use 4421 samples. Get 4848 labels. Ratio: 0.9119224422442245
 17.58% | time:  60.3s ( 43.5m) | step:   1391 | train acc: 0.992 | train loss: 0.014 |test acc: 0.732 (0.751, 0.701) | test eod gap: 0.0110
begin calculating influence
[Strategy 5] Acc of expected label: 0.732578125
calculating influence -- done
 17.58% | time: 426.2s ( 50.6m) | step:   1391 | train acc: 0.992 | train loss: 0.014 |val acc: 0.713 (0.746, 0.663) | val eod gap: 0.0236
Files already downloaded and verified
4677 labeled samples and 158093 unlabeled samples. Total: 162770
Use 4677 samples. Get 5769 labels. Ratio: 0.8107124284971399
Epoch 2
 22.52% | time: 103.6s ( 52.3m) | step:   1782 | train acc: 0.996 | train loss: 0.020 |test acc: 0.712 (0.735, 0.676) | test eod gap: 0.0414
begin calculating influence
[Strategy 5] Acc of expected label: 0.7087890625
calculating influence -- done
 22.52% | time: 425.6s ( 59.4m) | step:   1782 | train acc: 0.996 | train loss: 0.020 |val acc: 0.697 (0.731, 0.644) | val eod gap: 0.0181
Files already downloaded and verified
4933 labeled samples and 157837 unlabeled samples. Total: 162770
Use 4933 samples. Get 6121 labels. Ratio: 0.8059140663290312
 25.04% | time:  63.2s ( 60.5m) | step:   1982 | train acc: 1.000 | train loss: 0.001 |test acc: 0.743 (0.770, 0.701) | test eod gap: 0.0244
begin calculating influence
[Strategy 5] Acc of expected label: 0.74484375
calculating influence -- done
 25.04% | time: 428.0s ( 67.6m) | step:   1982 | train acc: 1.000 | train loss: 0.001 |val acc: 0.738 (0.779, 0.674) | val eod gap: 0.0245
Files already downloaded and verified
5189 labeled samples and 157581 unlabeled samples. Total: 162770
Use 5189 samples. Get 6930 labels. Ratio: 0.7487734487734488
 27.57% | time:  65.0s ( 68.7m) | step:   2182 | train acc: 1.000 | train loss: 0.000 |test acc: 0.731 (0.754, 0.695) | test eod gap: 0.0276
begin calculating influence
[Strategy 5] Acc of expected label: 0.7280078125
calculating influence -- done
 27.57% | time: 428.3s ( 75.8m) | step:   2182 | train acc: 1.000 | train loss: 0.000 |val acc: 0.721 (0.756, 0.668) | val eod gap: 0.0201
Files already downloaded and verified
5445 labeled samples and 157325 unlabeled samples. Total: 162770
Use 5445 samples. Get 7928 labels. Ratio: 0.6868062563067608
Epoch 3
 32.52% | time: 105.4s ( 77.6m) | step:   2574 | train acc: 1.000 | train loss: 0.000 |test acc: 0.718 (0.736, 0.689) | test eod gap: 0.0239
begin calculating influence
[Strategy 5] Acc of expected label: 0.7228515625
calculating influence -- done
 32.52% | time: 428.5s ( 84.7m) | step:   2574 | train acc: 1.000 | train loss: 0.000 |val acc: 0.707 (0.738, 0.658) | val eod gap: 0.0296
Files already downloaded and verified
5701 labeled samples and 157069 unlabeled samples. Total: 162770
Use 5701 samples. Get 8707 labels. Ratio: 0.6547605374985643
 35.05% | time:  65.1s ( 85.8m) | step:   2774 | train acc: 1.000 | train loss: 0.005 |test acc: 0.712 (0.733, 0.679) | test eod gap: 0.0277
begin calculating influence
[Strategy 5] Acc of expected label: 0.7085546875
calculating influence -- done
 35.05% | time: 428.5s ( 92.9m) | step:   2774 | train acc: 1.000 | train loss: 0.005 |val acc: 0.703 (0.735, 0.654) | val eod gap: 0.0352
Files already downloaded and verified
5957 labeled samples and 156813 unlabeled samples. Total: 162770
Use 5957 samples. Get 9159 labels. Ratio: 0.6503985151217382
 37.58% | time:  65.7s ( 94.0m) | step:   2974 | train acc: 0.984 | train loss: 0.035 |test acc: 0.711 (0.732, 0.678) | test eod gap: 0.0314
begin calculating influence
[Strategy 5] Acc of expected label: 0.7156640625
calculating influence -- done
 37.58% | time: 427.8s (101.2m) | step:   2974 | train acc: 0.984 | train loss: 0.035 |val acc: 0.699 (0.728, 0.655) | val eod gap: 0.0251
Files already downloaded and verified
6213 labeled samples and 156557 unlabeled samples. Total: 162770
Use 6213 samples. Get 9504 labels. Ratio: 0.6537247474747475
Epoch 4
 42.52% | time: 105.5s (102.9m) | step:   3365 | train acc: 1.000 | train loss: 0.000 |test acc: 0.725 (0.746, 0.691) | test eod gap: 0.0275
begin calculating influence
[Strategy 5] Acc of expected label: 0.7230859375
calculating influence -- done
 42.52% | time: 429.1s (110.1m) | step:   3365 | train acc: 1.000 | train loss: 0.000 |val acc: 0.709 (0.741, 0.659) | val eod gap: 0.0270
Files already downloaded and verified
6469 labeled samples and 156301 unlabeled samples. Total: 162770
Use 6469 samples. Get 10544 labels. Ratio: 0.6135242792109257
 45.05% | time:  65.5s (111.2m) | step:   3565 | train acc: 1.000 | train loss: 0.000 |test acc: 0.698 (0.717, 0.669) | test eod gap: 0.0368
begin calculating influence
[Strategy 5] Acc of expected label: 0.69546875
calculating influence -- done
 45.05% | time: 423.4s (118.2m) | step:   3565 | train acc: 1.000 | train loss: 0.000 |val acc: 0.686 (0.719, 0.634) | val eod gap: 0.0266
Files already downloaded and verified
6725 labeled samples and 156045 unlabeled samples. Total: 162770
Use 6725 samples. Get 10961 labels. Ratio: 0.6135389106833318
 47.57% | time:  65.3s (119.3m) | step:   3765 | train acc: 1.000 | train loss: 0.001 |test acc: 0.712 (0.732, 0.680) | test eod gap: 0.0362
begin calculating influence
[Strategy 5] Acc of expected label: 0.71546875
calculating influence -- done
 47.57% | time: 420.1s (126.3m) | step:   3765 | train acc: 1.000 | train loss: 0.001 |val acc: 0.700 (0.732, 0.650) | val eod gap: 0.0191
Files already downloaded and verified
6981 labeled samples and 155789 unlabeled samples. Total: 162770
Use 6981 samples. Get 11929 labels. Ratio: 0.5852125073350658
Epoch 5
 52.53% | time: 103.3s (128.0m) | step:   4157 | train acc: 1.000 | train loss: 0.000 |test acc: 0.713 (0.734, 0.680) | test eod gap: 0.0302
begin calculating influence
[Strategy 5] Acc of expected label: 0.713671875
calculating influence -- done
 52.53% | time: 430.1s (135.2m) | step:   4157 | train acc: 1.000 | train loss: 0.000 |val acc: 0.706 (0.742, 0.649) | val eod gap: 0.0310
Files already downloaded and verified
7237 labeled samples and 155533 unlabeled samples. Total: 162770
Use 7237 samples. Get 12537 labels. Ratio: 0.5772513360453059
 55.05% | time:  65.5s (136.3m) | step:   4357 | train acc: 0.996 | train loss: 0.009 |test acc: 0.715 (0.734, 0.684) | test eod gap: 0.0305
begin calculating influence
[Strategy 5] Acc of expected label: 0.715859375
calculating influence -- done
 55.05% | time: 419.0s (143.3m) | step:   4357 | train acc: 0.996 | train loss: 0.009 |val acc: 0.702 (0.729, 0.659) | val eod gap: 0.0330
Files already downloaded and verified
7493 labeled samples and 155277 unlabeled samples. Total: 162770
Use 7493 samples. Get 13489 labels. Ratio: 0.5554896582400475
 57.58% | time:  65.5s (144.4m) | step:   4557 | train acc: 1.000 | train loss: 0.003 |test acc: 0.667 (0.680, 0.645) | test eod gap: 0.0373
begin calculating influence
[Strategy 5] Acc of expected label: 0.6622265625
calculating influence -- done
 57.58% | time: 420.0s (151.4m) | step:   4557 | train acc: 1.000 | train loss: 0.003 |val acc: 0.658 (0.686, 0.615) | val eod gap: 0.0317
Files already downloaded and verified
7749 labeled samples and 155021 unlabeled samples. Total: 162770
Use 7749 samples. Get 13852 labels. Ratio: 0.5594138030609298
Epoch 6
 62.52% | time: 108.9s (153.2m) | step:   4948 | train acc: 1.000 | train loss: 0.000 |test acc: 0.715 (0.736, 0.682) | test eod gap: 0.0424
begin calculating influence
[Strategy 5] Acc of expected label: 0.7135546875
calculating influence -- done
 62.52% | time: 430.6s (160.4m) | step:   4948 | train acc: 1.000 | train loss: 0.000 |val acc: 0.710 (0.748, 0.651) | val eod gap: 0.0305
Files already downloaded and verified
8005 labeled samples and 154765 unlabeled samples. Total: 162770
Use 8005 samples. Get 14600 labels. Ratio: 0.5482876712328767
 65.05% | time:  65.5s (161.5m) | step:   5148 | train acc: 1.000 | train loss: 0.002 |test acc: 0.713 (0.733, 0.683) | test eod gap: 0.0349
begin calculating influence
[Strategy 5] Acc of expected label: 0.7112890625
calculating influence -- done
 65.05% | time: 419.9s (168.5m) | step:   5148 | train acc: 1.000 | train loss: 0.002 |val acc: 0.705 (0.734, 0.660) | val eod gap: 0.0298
Files already downloaded and verified
8261 labeled samples and 154509 unlabeled samples. Total: 162770
Use 8261 samples. Get 15022 labels. Ratio: 0.5499267740647051
 67.58% | time:  65.7s (169.5m) | step:   5348 | train acc: 0.980 | train loss: 0.044 |test acc: 0.704 (0.722, 0.676) | test eod gap: 0.0263
begin calculating influence
[Strategy 5] Acc of expected label: 0.70046875
calculating influence -- done
 67.58% | time: 420.8s (176.6m) | step:   5348 | train acc: 0.980 | train loss: 0.044 |val acc: 0.692 (0.723, 0.645) | val eod gap: 0.0240
Files already downloaded and verified
8517 labeled samples and 154253 unlabeled samples. Total: 162770
Use 8517 samples. Get 15330 labels. Ratio: 0.5555772994129159
Epoch 7
 72.52% | time: 109.9s (178.4m) | step:   5739 | train acc: 1.000 | train loss: 0.000 |test acc: 0.725 (0.747, 0.691) | test eod gap: 0.0466
begin calculating influence
[Strategy 5] Acc of expected label: 0.7259375
calculating influence -- done
 72.52% | time: 421.0s (185.4m) | step:   5739 | train acc: 1.000 | train loss: 0.000 |val acc: 0.714 (0.751, 0.658) | val eod gap: 0.0346
Files already downloaded and verified
8773 labeled samples and 153997 unlabeled samples. Total: 162770
Use 8773 samples. Get 16236 labels. Ratio: 0.5403424488790343
 75.04% | time:  66.4s (186.5m) | step:   5939 | train acc: 1.000 | train loss: 0.005 |test acc: 0.717 (0.740, 0.680) | test eod gap: 0.0447
begin calculating influence
[Strategy 5] Acc of expected label: 0.7158203125
calculating influence -- done
 75.04% | time: 420.7s (193.5m) | step:   5939 | train acc: 1.000 | train loss: 0.005 |val acc: 0.700 (0.734, 0.646) | val eod gap: 0.0320
Files already downloaded and verified
8962 labeled samples and 153808 unlabeled samples. Total: 162770
Use 8962 samples. Get 16791 labels. Ratio: 0.5337383121910547
 77.57% | time:  73.4s (194.7m) | step:   6139 | train acc: 1.000 | train loss: 0.001 |test acc: 0.700 (0.714, 0.678) | test eod gap: 0.0361
begin calculating influence
[Strategy 5] Acc of expected label: 0.699140625
calculating influence -- done
 77.57% | time: 420.7s (201.8m) | step:   6139 | train acc: 1.000 | train loss: 0.001 |val acc: 0.702 (0.728, 0.660) | val eod gap: 0.0159
Files already downloaded and verified
9218 labeled samples and 153552 unlabeled samples. Total: 162770
Use 9218 samples. Get 17068 labels. Ratio: 0.5400749941410827
Epoch 8
 82.52% | time: 109.8s (203.6m) | step:   6531 | train acc: 1.000 | train loss: 0.000 |test acc: 0.719 (0.739, 0.686) | test eod gap: 0.0424
begin calculating influence
[Strategy 5] Acc of expected label: 0.715078125
calculating influence -- done
 82.52% | time: 421.7s (210.6m) | step:   6531 | train acc: 1.000 | train loss: 0.000 |val acc: 0.703 (0.732, 0.658) | val eod gap: 0.0195
Files already downloaded and verified
9474 labeled samples and 153296 unlabeled samples. Total: 162770
Use 9474 samples. Get 17429 labels. Ratio: 0.5435767972918699
 85.05% | time:  65.9s (211.7m) | step:   6731 | train acc: 1.000 | train loss: 0.005 |test acc: 0.709 (0.730, 0.676) | test eod gap: 0.0417
begin calculating influence
[Strategy 5] Acc of expected label: 0.7057421875
calculating influence -- done
 85.05% | time: 420.7s (218.7m) | step:   6731 | train acc: 1.000 | train loss: 0.005 |val acc: 0.700 (0.731, 0.653) | val eod gap: 0.0295
Files already downloaded and verified
9730 labeled samples and 153040 unlabeled samples. Total: 162770
Use 9730 samples. Get 18199 labels. Ratio: 0.5346447607011374
 87.58% | time:  66.3s (219.8m) | step:   6931 | train acc: 1.000 | train loss: 0.000 |test acc: 0.708 (0.730, 0.674) | test eod gap: 0.0402
begin calculating influence
[Strategy 5] Acc of expected label: 0.7106640625
calculating influence -- done
 87.58% | time: 420.6s (226.8m) | step:   6931 | train acc: 1.000 | train loss: 0.000 |val acc: 0.700 (0.726, 0.660) | val eod gap: 0.0220
Files already downloaded and verified
9986 labeled samples and 152784 unlabeled samples. Total: 162770
Use 9986 samples. Get 19007 labels. Ratio: 0.5253853843320881
Epoch 9
 92.52% | time: 110.0s (228.7m) | step:   7322 | train acc: 1.000 | train loss: 0.000 |test acc: 0.696 (0.716, 0.665) | test eod gap: 0.0313
begin calculating influence
[Strategy 5] Acc of expected label: 0.7000390625
calculating influence -- done
 92.52% | time: 421.3s (235.7m) | step:   7322 | train acc: 1.000 | train loss: 0.000 |val acc: 0.687 (0.708, 0.655) | val eod gap: 0.0410
Files already downloaded and verified
10242 labeled samples and 152528 unlabeled samples. Total: 162770
Use 10242 samples. Get 19335 labels. Ratio: 0.5297129557796741
 95.05% | time:  66.4s (236.8m) | step:   7522 | train acc: 0.996 | train loss: 0.020 |test acc: 0.725 (0.746, 0.692) | test eod gap: 0.0399
begin calculating influence
[Strategy 5] Acc of expected label: 0.7289453125
calculating influence -- done
 95.05% | time: 420.8s (243.8m) | step:   7522 | train acc: 0.996 | train loss: 0.020 |val acc: 0.724 (0.756, 0.674) | val eod gap: 0.0206
Files already downloaded and verified
10498 labeled samples and 152272 unlabeled samples. Total: 162770
Use 10498 samples. Get 19726 labels. Ratio: 0.5321910169319679
 97.57% | time:  65.8s (244.9m) | step:   7722 | train acc: 1.000 | train loss: 0.004 |test acc: 0.713 (0.733, 0.680) | test eod gap: 0.0257
begin calculating influence
[Strategy 5] Acc of expected label: 0.7150390625
calculating influence -- done
 97.57% | time: 420.0s (251.9m) | step:   7722 | train acc: 1.000 | train loss: 0.004 |val acc: 0.714 (0.734, 0.682) | val eod gap: 0.0124
Files already downloaded and verified
10754 labeled samples and 152016 unlabeled samples. Total: 162770
Use 10754 samples. Get 20532 labels. Ratio: 0.523767777128385
