Files already downloaded and verified
3255 labeled samples and 159515 unlabeled samples. Total: 162770
Files already downloaded and verified
1996 labeled samples and 17966 unlabeled samples. Total: 19962
Numer of layers 200
train net...
Epoch 0
  2.53% | time:  76.7s (  1.3m) | step:    200 | train acc: 0.816 | train loss: 0.380 |test acc: 0.704 (0.730, 0.663) | test eod gap: 0.0807
begin calculating influence
selected layers: [Traced<ShapedArray(float32[2])>with<DynamicJaxprTrace(level=0/1)>, Traced<ShapedArray(float32[768,2])>with<DynamicJaxprTrace(level=0/1)>]
selected layers: [Traced<ShapedArray(float32[2])>with<DynamicJaxprTrace(level=0/1)>, Traced<ShapedArray(float32[768,2])>with<DynamicJaxprTrace(level=0/1)>]
[Strategy 2] Acc of expected label: 0.7104296875
calculating influence -- done
  2.53% | time:  45.3s (  2.0m) | step:    200 | train acc: 0.816 | train loss: 0.380 |val acc: 0.693 (0.729, 0.636) | val eod gap: 0.0601
Files already downloaded and verified
3511 labeled samples and 159259 unlabeled samples. Total: 162770
Use 3511 samples. Get 3602 labels. Ratio: 0.9747362576346474
  5.05% | time:  62.4s (  3.1m) | step:    400 | train acc: 0.988 | train loss: 0.052 |test acc: 0.741 (0.770, 0.694) | test eod gap: 0.0278
begin calculating influence
[Strategy 2] Acc of expected label: 0.7400390625
calculating influence -- done
  5.05% | time:  18.8s (  3.4m) | step:    400 | train acc: 0.988 | train loss: 0.052 |val acc: 0.729 (0.769, 0.665) | val eod gap: 0.0399
Files already downloaded and verified
3681 labeled samples and 159089 unlabeled samples. Total: 162770
Use 3681 samples. Get 4103 labels. Ratio: 0.8971484279795272
  7.58% | time:  73.2s (  4.6m) | step:    600 | train acc: 1.000 | train loss: 0.001 |test acc: 0.740 (0.765, 0.702) | test eod gap: 0.0034
begin calculating influence
[Strategy 2] Acc of expected label: 0.7469140625
calculating influence -- done
  7.58% | time:  20.0s (  4.9m) | step:    600 | train acc: 1.000 | train loss: 0.001 |val acc: 0.734 (0.777, 0.668) | val eod gap: 0.0390
Files already downloaded and verified
3801 labeled samples and 158969 unlabeled samples. Total: 162770
Use 3801 samples. Get 4517 labels. Ratio: 0.8414877130839052
Epoch 1
 12.52% | time: 116.6s (  6.9m) | step:    991 | train acc: 1.000 | train loss: 0.000 |test acc: 0.739 (0.766, 0.696) | test eod gap: 0.0260
begin calculating influence
[Strategy 2] Acc of expected label: 0.739375
calculating influence -- done
 12.52% | time:  19.5s (  7.2m) | step:    991 | train acc: 1.000 | train loss: 0.000 |val acc: 0.734 (0.774, 0.673) | val eod gap: 0.0234
Files already downloaded and verified
4000 labeled samples and 158770 unlabeled samples. Total: 162770
Use 4000 samples. Get 5209 labels. Ratio: 0.7679017085813016
 15.05% | time:  70.7s (  8.4m) | step:   1191 | train acc: 1.000 | train loss: 0.001 |test acc: 0.700 (0.722, 0.665) | test eod gap: 0.0480
begin calculating influence
[Strategy 2] Acc of expected label: 0.7053515625
calculating influence -- done
 15.05% | time:  19.7s (  8.7m) | step:   1191 | train acc: 1.000 | train loss: 0.001 |val acc: 0.698 (0.742, 0.628) | val eod gap: 0.0438
Files already downloaded and verified
4218 labeled samples and 158552 unlabeled samples. Total: 162770
Use 4218 samples. Get 5712 labels. Ratio: 0.7384453781512605
 17.58% | time:  70.5s (  9.9m) | step:   1391 | train acc: 1.000 | train loss: 0.000 |test acc: 0.729 (0.751, 0.695) | test eod gap: 0.0249
begin calculating influence
[Strategy 2] Acc of expected label: 0.725078125
calculating influence -- done
 17.58% | time:  19.6s ( 10.2m) | step:   1391 | train acc: 1.000 | train loss: 0.000 |val acc: 0.725 (0.768, 0.659) | val eod gap: 0.0348
Files already downloaded and verified
4474 labeled samples and 158296 unlabeled samples. Total: 162770
Use 4474 samples. Get 6614 labels. Ratio: 0.6764439068642274
Epoch 2
 22.52% | time: 107.3s ( 12.0m) | step:   1782 | train acc: 1.000 | train loss: 0.000 |test acc: 0.719 (0.741, 0.684) | test eod gap: 0.0429
begin calculating influence
[Strategy 2] Acc of expected label: 0.72421875
calculating influence -- done
 22.52% | time:  19.0s ( 12.3m) | step:   1782 | train acc: 1.000 | train loss: 0.000 |val acc: 0.715 (0.749, 0.663) | val eod gap: 0.0175
Files already downloaded and verified
4730 labeled samples and 158040 unlabeled samples. Total: 162770
Use 4730 samples. Get 7304 labels. Ratio: 0.6475903614457831
 25.04% | time:  62.0s ( 13.4m) | step:   1982 | train acc: 1.000 | train loss: 0.000 |test acc: 0.714 (0.734, 0.683) | test eod gap: 0.0644
begin calculating influence
[Strategy 2] Acc of expected label: 0.717734375
calculating influence -- done
 25.04% | time:  18.8s ( 13.7m) | step:   1982 | train acc: 1.000 | train loss: 0.000 |val acc: 0.714 (0.739, 0.676) | val eod gap: 0.0337
Files already downloaded and verified
4918 labeled samples and 157852 unlabeled samples. Total: 162770
Use 4918 samples. Get 7951 labels. Ratio: 0.6185385486102377
 27.57% | time:  69.0s ( 14.8m) | step:   2182 | train acc: 1.000 | train loss: 0.001 |test acc: 0.701 (0.725, 0.664) | test eod gap: 0.0705
begin calculating influence
[Strategy 2] Acc of expected label: 0.709609375
calculating influence -- done
 27.57% | time:  20.8s ( 15.2m) | step:   2182 | train acc: 1.000 | train loss: 0.001 |val acc: 0.710 (0.744, 0.658) | val eod gap: 0.0369
Files already downloaded and verified
5115 labeled samples and 157655 unlabeled samples. Total: 162770
Use 5115 samples. Get 8521 labels. Ratio: 0.600281657082502
Epoch 3
 32.52% | time: 110.1s ( 17.0m) | step:   2574 | train acc: 1.000 | train loss: 0.000 |test acc: 0.702 (0.723, 0.668) | test eod gap: 0.0429
begin calculating influence
[Strategy 2] Acc of expected label: 0.7094921875
calculating influence -- done
 32.52% | time:  19.5s ( 17.3m) | step:   2574 | train acc: 1.000 | train loss: 0.000 |val acc: 0.708 (0.748, 0.645) | val eod gap: 0.0426
Files already downloaded and verified
5356 labeled samples and 157414 unlabeled samples. Total: 162770
Use 5356 samples. Get 9092 labels. Ratio: 0.589089309282886
 35.05% | time:  66.4s ( 18.4m) | step:   2774 | train acc: 1.000 | train loss: 0.000 |test acc: 0.702 (0.722, 0.671) | test eod gap: 0.0510
begin calculating influence
[Strategy 2] Acc of expected label: 0.7095703125
calculating influence -- done
 35.05% | time:  19.5s ( 18.8m) | step:   2774 | train acc: 1.000 | train loss: 0.000 |val acc: 0.705 (0.741, 0.649) | val eod gap: 0.0341
Files already downloaded and verified
5612 labeled samples and 157158 unlabeled samples. Total: 162770
Use 5612 samples. Get 9531 labels. Ratio: 0.5888154443395237
 37.58% | time:  57.2s ( 19.7m) | step:   2974 | train acc: 1.000 | train loss: 0.000 |test acc: 0.709 (0.729, 0.676) | test eod gap: 0.0514
begin calculating influence
[Strategy 2] Acc of expected label: 0.7151953125
calculating influence -- done
 37.58% | time:  20.1s ( 20.0m) | step:   2974 | train acc: 1.000 | train loss: 0.000 |val acc: 0.712 (0.747, 0.658) | val eod gap: 0.0240
Files already downloaded and verified
5750 labeled samples and 157020 unlabeled samples. Total: 162770
Use 5750 samples. Get 9903 labels. Ratio: 0.5806321316772696
Epoch 4
 42.52% | time: 109.7s ( 21.9m) | step:   3365 | train acc: 1.000 | train loss: 0.000 |test acc: 0.707 (0.728, 0.673) | test eod gap: 0.0641
begin calculating influence
[Strategy 2] Acc of expected label: 0.713046875
calculating influence -- done
 42.52% | time:  20.4s ( 22.2m) | step:   3365 | train acc: 1.000 | train loss: 0.000 |val acc: 0.722 (0.751, 0.677) | val eod gap: 0.0643
Files already downloaded and verified
5882 labeled samples and 156888 unlabeled samples. Total: 162770
Use 5882 samples. Get 10448 labels. Ratio: 0.5629785604900459
 45.05% | time:  65.2s ( 23.3m) | step:   3565 | train acc: 1.000 | train loss: 0.001 |test acc: 0.693 (0.710, 0.665) | test eod gap: 0.0444
begin calculating influence
[Strategy 2] Acc of expected label: 0.6963671875
calculating influence -- done
 45.05% | time:  19.7s ( 23.6m) | step:   3565 | train acc: 1.000 | train loss: 0.001 |val acc: 0.685 (0.724, 0.623) | val eod gap: 0.0414
Files already downloaded and verified
6138 labeled samples and 156632 unlabeled samples. Total: 162770
Use 6138 samples. Get 10978 labels. Ratio: 0.5591182364729459
 47.57% | time:  58.5s ( 24.6m) | step:   3765 | train acc: 1.000 | train loss: 0.000 |test acc: 0.710 (0.733, 0.673) | test eod gap: 0.0758
begin calculating influence
[Strategy 2] Acc of expected label: 0.7167578125
calculating influence -- done
 47.57% | time:  19.4s ( 24.9m) | step:   3765 | train acc: 1.000 | train loss: 0.000 |val acc: 0.715 (0.751, 0.660) | val eod gap: 0.0450
Files already downloaded and verified
6258 labeled samples and 156512 unlabeled samples. Total: 162770
Use 6258 samples. Get 11456 labels. Ratio: 0.546263966480447
Epoch 5
 52.53% | time: 112.0s ( 26.8m) | step:   4157 | train acc: 1.000 | train loss: 0.000 |test acc: 0.705 (0.726, 0.671) | test eod gap: 0.0464
begin calculating influence
[Strategy 2] Acc of expected label: 0.7075
calculating influence -- done
 52.53% | time:  19.7s ( 27.1m) | step:   4157 | train acc: 1.000 | train loss: 0.000 |val acc: 0.699 (0.731, 0.650) | val eod gap: 0.0235
Files already downloaded and verified
6336 labeled samples and 156434 unlabeled samples. Total: 162770
Use 6336 samples. Get 11699 labels. Ratio: 0.5415847508334045
 55.05% | time:  64.1s ( 28.2m) | step:   4357 | train acc: 1.000 | train loss: 0.000 |test acc: 0.690 (0.710, 0.660) | test eod gap: 0.0366
begin calculating influence
[Strategy 2] Acc of expected label: 0.6923828125
calculating influence -- done
 55.05% | time:  19.6s ( 28.5m) | step:   4357 | train acc: 1.000 | train loss: 0.000 |val acc: 0.691 (0.725, 0.638) | val eod gap: 0.0261
Files already downloaded and verified
6592 labeled samples and 156178 unlabeled samples. Total: 162770
Use 6592 samples. Get 12352 labels. Ratio: 0.533678756476684
 57.58% | time:  55.3s ( 29.4m) | step:   4557 | train acc: 1.000 | train loss: 0.000 |test acc: 0.676 (0.697, 0.642) | test eod gap: 0.0587
begin calculating influence
[Strategy 2] Acc of expected label: 0.6814453125
calculating influence -- done
 57.58% | time:  19.7s ( 29.8m) | step:   4557 | train acc: 1.000 | train loss: 0.000 |val acc: 0.694 (0.719, 0.656) | val eod gap: 0.0509
Files already downloaded and verified
6848 labeled samples and 155922 unlabeled samples. Total: 162770
Use 6848 samples. Get 12694 labels. Ratio: 0.539467464944068
Epoch 6
 62.52% | time:  96.6s ( 31.4m) | step:   4948 | train acc: 1.000 | train loss: 0.000 |test acc: 0.713 (0.736, 0.676) | test eod gap: 0.0533
begin calculating influence
[Strategy 2] Acc of expected label: 0.71484375
calculating influence -- done
 62.52% | time:  19.2s ( 31.7m) | step:   4948 | train acc: 1.000 | train loss: 0.000 |val acc: 0.717 (0.747, 0.671) | val eod gap: 0.0252
Files already downloaded and verified
7046 labeled samples and 155724 unlabeled samples. Total: 162770
Use 7046 samples. Get 13449 labels. Ratio: 0.5239051230574764
 65.05% | time:  63.7s ( 32.8m) | step:   5148 | train acc: 1.000 | train loss: 0.001 |test acc: 0.695 (0.715, 0.665) | test eod gap: 0.0610
begin calculating influence
[Strategy 2] Acc of expected label: 0.695859375
calculating influence -- done
 65.05% | time:  20.0s ( 33.1m) | step:   5148 | train acc: 1.000 | train loss: 0.001 |val acc: 0.709 (0.742, 0.659) | val eod gap: 0.0347
Files already downloaded and verified
7302 labeled samples and 155468 unlabeled samples. Total: 162770
Use 7302 samples. Get 13836 labels. Ratio: 0.5277536860364267
 67.58% | time:  54.5s ( 34.0m) | step:   5348 | train acc: 1.000 | train loss: 0.001 |test acc: 0.710 (0.732, 0.673) | test eod gap: 0.0678
begin calculating influence
[Strategy 2] Acc of expected label: 0.7115234375
calculating influence -- done
 67.58% | time:  20.1s ( 34.3m) | step:   5348 | train acc: 1.000 | train loss: 0.001 |val acc: 0.716 (0.750, 0.663) | val eod gap: 0.0730
Files already downloaded and verified
7394 labeled samples and 155376 unlabeled samples. Total: 162770
Use 7394 samples. Get 14239 labels. Ratio: 0.5192780391881452
Epoch 7
 72.52% | time: 105.5s ( 36.1m) | step:   5739 | train acc: 1.000 | train loss: 0.000 |test acc: 0.701 (0.723, 0.666) | test eod gap: 0.0772
begin calculating influence
[Strategy 2] Acc of expected label: 0.701640625
calculating influence -- done
 72.52% | time:  19.7s ( 36.4m) | step:   5739 | train acc: 1.000 | train loss: 0.000 |val acc: 0.716 (0.742, 0.674) | val eod gap: 0.0584
Files already downloaded and verified
7468 labeled samples and 155302 unlabeled samples. Total: 162770
Use 7468 samples. Get 14508 labels. Ratio: 0.514750482492418
 75.04% | time:  62.5s ( 37.5m) | step:   5939 | train acc: 1.000 | train loss: 0.000 |test acc: 0.684 (0.703, 0.652) | test eod gap: 0.0688
begin calculating influence
[Strategy 2] Acc of expected label: 0.69078125
calculating influence -- done
 75.04% | time:  19.9s ( 37.8m) | step:   5939 | train acc: 1.000 | train loss: 0.000 |val acc: 0.707 (0.726, 0.678) | val eod gap: 0.0598
Files already downloaded and verified
7724 labeled samples and 155046 unlabeled samples. Total: 162770
Use 7724 samples. Get 14928 labels. Ratio: 0.517416934619507
 77.57% | time:  54.6s ( 38.7m) | step:   6139 | train acc: 1.000 | train loss: 0.001 |test acc: 0.687 (0.708, 0.653) | test eod gap: 0.0704
begin calculating influence
[Strategy 2] Acc of expected label: 0.6991015625
calculating influence -- done
 77.57% | time:  19.7s ( 39.0m) | step:   6139 | train acc: 1.000 | train loss: 0.001 |val acc: 0.706 (0.724, 0.677) | val eod gap: 0.0669
Files already downloaded and verified
7980 labeled samples and 154790 unlabeled samples. Total: 162770
Use 7980 samples. Get 15226 labels. Ratio: 0.5241035071588073
Epoch 8
 82.52% | time:  97.5s ( 40.7m) | step:   6531 | train acc: 1.000 | train loss: 0.000 |test acc: 0.707 (0.732, 0.666) | test eod gap: 0.0626
begin calculating influence
[Strategy 2] Acc of expected label: 0.712109375
calculating influence -- done
 82.52% | time:  19.6s ( 41.0m) | step:   6531 | train acc: 1.000 | train loss: 0.000 |val acc: 0.718 (0.744, 0.677) | val eod gap: 0.0653
Files already downloaded and verified
8112 labeled samples and 154658 unlabeled samples. Total: 162770
Use 8112 samples. Get 15629 labels. Ratio: 0.5190351270074861
 85.05% | time:  63.6s ( 42.0m) | step:   6731 | train acc: 1.000 | train loss: 0.000 |test acc: 0.701 (0.722, 0.666) | test eod gap: 0.0640
begin calculating influence
[Strategy 2] Acc of expected label: 0.7
calculating influence -- done
 85.05% | time:  19.5s ( 42.4m) | step:   6731 | train acc: 1.000 | train loss: 0.000 |val acc: 0.717 (0.741, 0.680) | val eod gap: 0.0557
Files already downloaded and verified
8192 labeled samples and 154578 unlabeled samples. Total: 162770
Use 8192 samples. Get 15773 labels. Ratio: 0.5193685411779624
 87.58% | time:  57.2s ( 43.3m) | step:   6931 | train acc: 0.996 | train loss: 0.012 |test acc: 0.724 (0.747, 0.687) | test eod gap: 0.0555
begin calculating influence
[Strategy 2] Acc of expected label: 0.730703125
calculating influence -- done
 87.58% | time:  19.9s ( 43.7m) | step:   6931 | train acc: 0.996 | train loss: 0.012 |val acc: 0.721 (0.752, 0.673) | val eod gap: 0.0711
Files already downloaded and verified
8309 labeled samples and 154461 unlabeled samples. Total: 162770
Use 8309 samples. Get 16179 labels. Ratio: 0.513566969528401
Epoch 9
 92.52% | time: 100.8s ( 45.3m) | step:   7322 | train acc: 1.000 | train loss: 0.000 |test acc: 0.704 (0.727, 0.666) | test eod gap: 0.0568
begin calculating influence
[Strategy 2] Acc of expected label: 0.7101953125
calculating influence -- done
 92.52% | time:  19.1s ( 45.7m) | step:   7322 | train acc: 1.000 | train loss: 0.000 |val acc: 0.705 (0.733, 0.660) | val eod gap: 0.0434
Files already downloaded and verified
8402 labeled samples and 154368 unlabeled samples. Total: 162770
Use 8402 samples. Get 16445 labels. Ratio: 0.510915171784737
 95.05% | time:  67.7s ( 46.8m) | step:   7522 | train acc: 1.000 | train loss: 0.000 |test acc: 0.699 (0.721, 0.663) | test eod gap: 0.0583
begin calculating influence
[Strategy 2] Acc of expected label: 0.700546875
calculating influence -- done
 95.05% | time:  19.8s ( 47.1m) | step:   7522 | train acc: 1.000 | train loss: 0.000 |val acc: 0.708 (0.737, 0.663) | val eod gap: 0.0447
Files already downloaded and verified
8479 labeled samples and 154291 unlabeled samples. Total: 162770
Use 8479 samples. Get 16628 labels. Ratio: 0.5099230214096704
 97.57% | time:  69.6s ( 48.3m) | step:   7722 | train acc: 0.996 | train loss: 0.015 |test acc: 0.719 (0.745, 0.677) | test eod gap: 0.0316
begin calculating influence
[Strategy 2] Acc of expected label: 0.7260546875
calculating influence -- done
 97.57% | time:  19.5s ( 48.6m) | step:   7722 | train acc: 0.996 | train loss: 0.015 |val acc: 0.733 (0.764, 0.686) | val eod gap: 0.0121
Files already downloaded and verified
8735 labeled samples and 154035 unlabeled samples. Total: 162770
Use 8735 samples. Get 17212 labels. Ratio: 0.5074947710899372
