Files already downloaded and verified
3255 labeled samples and 159515 unlabeled samples. Total: 162770
Files already downloaded and verified
1996 labeled samples and 17966 unlabeled samples. Total: 19962
Numer of layers 200
train net...
Epoch 0
  2.53% | time:  80.6s (  1.3m) | step:    200 | train acc: 0.922 | train loss: 0.189 |test acc: 0.766 (0.818, 0.683) | test eod gap: 0.1859
begin calculating influence
selected layers: [Traced<ShapedArray(float32[768])>with<DynamicJaxprTrace(level=0/1)>, Traced<ShapedArray(float32[8,8,3,768])>with<DynamicJaxprTrace(level=0/1)>, Traced<ShapedArray(float32[2])>with<DynamicJaxprTrace(level=0/1)>, Traced<ShapedArray(float32[768,2])>with<DynamicJaxprTrace(level=0/1)>]
selected layers: [Traced<ShapedArray(float32[768])>with<DynamicJaxprTrace(level=0/1)>, Traced<ShapedArray(float32[8,8,3,768])>with<DynamicJaxprTrace(level=0/1)>, Traced<ShapedArray(float32[2])>with<DynamicJaxprTrace(level=0/1)>, Traced<ShapedArray(float32[768,2])>with<DynamicJaxprTrace(level=0/1)>]
[Strategy 2] Acc of expected label: 0.77890625
calculating influence -- done
  2.53% | time: 465.2s (  9.1m) | step:    200 | train acc: 0.922 | train loss: 0.189 |val acc: 0.785 (0.822, 0.726) | val eod gap: 0.1986
Files already downloaded and verified
3511 labeled samples and 159259 unlabeled samples. Total: 162770
Use 3511 samples. Get 3624 labels. Ratio: 0.9688189845474614
  5.05% | time:  65.7s ( 10.2m) | step:    400 | train acc: 0.758 | train loss: 0.524 |test acc: 0.758 (0.841, 0.626) | test eod gap: 0.0172
begin calculating influence
[Strategy 2] Acc of expected label: 0.778671875
calculating influence -- done
  5.05% | time: 433.6s ( 17.4m) | step:    400 | train acc: 0.758 | train loss: 0.524 |val acc: 0.775 (0.852, 0.654) | val eod gap: 0.0165
Files already downloaded and verified
3529 labeled samples and 159241 unlabeled samples. Total: 162770
Use 3529 samples. Get 3652 labels. Ratio: 0.9663198247535597
  7.58% | time:  71.7s ( 18.6m) | step:    600 | train acc: 0.900 | train loss: 0.265 |test acc: 0.771 (0.824, 0.685) | test eod gap: 0.2043
begin calculating influence
[Strategy 2] Acc of expected label: 0.7883203125
calculating influence -- done
  7.58% | time: 426.1s ( 25.7m) | step:    600 | train acc: 0.900 | train loss: 0.265 |val acc: 0.782 (0.837, 0.696) | val eod gap: 0.2165
Files already downloaded and verified
3785 labeled samples and 158985 unlabeled samples. Total: 162770
Use 3785 samples. Get 4050 labels. Ratio: 0.9345679012345679
Epoch 1
 12.52% | time: 111.3s ( 27.6m) | step:    991 | train acc: 0.988 | train loss: 0.039 |test acc: 0.768 (0.819, 0.686) | test eod gap: 0.1681
begin calculating influence
[Strategy 2] Acc of expected label: 0.78
calculating influence -- done
 12.52% | time: 423.5s ( 34.6m) | step:    991 | train acc: 0.988 | train loss: 0.039 |val acc: 0.779 (0.824, 0.709) | val eod gap: 0.1652
Files already downloaded and verified
3800 labeled samples and 158970 unlabeled samples. Total: 162770
Use 3800 samples. Get 4073 labels. Ratio: 0.9329732383992143
 15.05% | time:  72.5s ( 35.8m) | step:   1191 | train acc: 1.000 | train loss: 0.006 |test acc: 0.764 (0.816, 0.681) | test eod gap: 0.1601
begin calculating influence
[Strategy 2] Acc of expected label: 0.7808203125
calculating influence -- done
 15.05% | time: 417.2s ( 42.8m) | step:   1191 | train acc: 1.000 | train loss: 0.006 |val acc: 0.770 (0.824, 0.683) | val eod gap: 0.1777
Files already downloaded and verified
3807 labeled samples and 158963 unlabeled samples. Total: 162770
Use 3807 samples. Get 4091 labels. Ratio: 0.9305793204595454
 17.58% | time:  73.2s ( 44.0m) | step:   1391 | train acc: 1.000 | train loss: 0.000 |test acc: 0.760 (0.813, 0.676) | test eod gap: 0.1565
begin calculating influence
[Strategy 2] Acc of expected label: 0.7794140625
calculating influence -- done
 17.58% | time: 418.2s ( 51.0m) | step:   1391 | train acc: 1.000 | train loss: 0.000 |val acc: 0.771 (0.818, 0.696) | val eod gap: 0.1724
Files already downloaded and verified
3823 labeled samples and 158947 unlabeled samples. Total: 162770
Use 3823 samples. Get 4120 labels. Ratio: 0.9279126213592233
Epoch 2
 22.52% | time: 119.4s ( 53.0m) | step:   1782 | train acc: 1.000 | train loss: 0.000 |test acc: 0.760 (0.813, 0.675) | test eod gap: 0.1583
begin calculating influence
[Strategy 2] Acc of expected label: 0.776171875
calculating influence -- done
 22.52% | time: 416.4s ( 59.9m) | step:   1782 | train acc: 1.000 | train loss: 0.000 |val acc: 0.770 (0.818, 0.695) | val eod gap: 0.1700
Files already downloaded and verified
3841 labeled samples and 158929 unlabeled samples. Total: 162770
Use 3841 samples. Get 4151 labels. Ratio: 0.9253192001927246
 25.04% | time:  71.2s ( 61.1m) | step:   1982 | train acc: 1.000 | train loss: 0.000 |test acc: 0.762 (0.814, 0.679) | test eod gap: 0.1589
begin calculating influence
[Strategy 2] Acc of expected label: 0.7790625
calculating influence -- done
 25.04% | time: 417.9s ( 68.1m) | step:   1982 | train acc: 1.000 | train loss: 0.000 |val acc: 0.767 (0.817, 0.689) | val eod gap: 0.1599
Files already downloaded and verified
3848 labeled samples and 158922 unlabeled samples. Total: 162770
Use 3848 samples. Get 4164 labels. Ratio: 0.9241114313160422
 27.57% | time:  70.9s ( 69.2m) | step:   2182 | train acc: 1.000 | train loss: 0.000 |test acc: 0.761 (0.812, 0.679) | test eod gap: 0.1586
begin calculating influence
[Strategy 2] Acc of expected label: 0.7759765625
calculating influence -- done
 27.57% | time: 421.2s ( 76.3m) | step:   2182 | train acc: 1.000 | train loss: 0.000 |val acc: 0.765 (0.815, 0.687) | val eod gap: 0.1595
Files already downloaded and verified
3891 labeled samples and 158879 unlabeled samples. Total: 162770
Use 3891 samples. Get 4247 labels. Ratio: 0.9161761243230515
Epoch 3
 32.52% | time: 114.4s ( 78.2m) | step:   2574 | train acc: 1.000 | train loss: 0.001 |test acc: 0.765 (0.816, 0.684) | test eod gap: 0.1556
begin calculating influence
[Strategy 2] Acc of expected label: 0.779140625
calculating influence -- done
 32.52% | time: 420.1s ( 85.2m) | step:   2574 | train acc: 1.000 | train loss: 0.001 |val acc: 0.779 (0.823, 0.709) | val eod gap: 0.1479
Files already downloaded and verified
4147 labeled samples and 158623 unlabeled samples. Total: 162770
Use 4147 samples. Get 4978 labels. Ratio: 0.8330654881478505
 35.05% | time:  63.0s ( 86.2m) | step:   2774 | train acc: 1.000 | train loss: 0.002 |test acc: 0.762 (0.809, 0.686) | test eod gap: 0.1637
begin calculating influence
[Strategy 2] Acc of expected label: 0.7778125
calculating influence -- done
 35.05% | time: 426.8s ( 93.3m) | step:   2774 | train acc: 1.000 | train loss: 0.002 |val acc: 0.767 (0.811, 0.698) | val eod gap: 0.1572
Files already downloaded and verified
4257 labeled samples and 158513 unlabeled samples. Total: 162770
Use 4257 samples. Get 5305 labels. Ratio: 0.8024505183788878
 37.58% | time:  69.3s ( 94.5m) | step:   2974 | train acc: 1.000 | train loss: 0.000 |test acc: 0.762 (0.809, 0.686) | test eod gap: 0.1557
begin calculating influence
[Strategy 2] Acc of expected label: 0.7783203125
calculating influence -- done
 37.58% | time: 425.8s (101.6m) | step:   2974 | train acc: 1.000 | train loss: 0.000 |val acc: 0.761 (0.807, 0.689) | val eod gap: 0.1325
Files already downloaded and verified
4315 labeled samples and 158455 unlabeled samples. Total: 162770
Use 4315 samples. Get 5407 labels. Ratio: 0.7980395783243943
Epoch 4
 42.52% | time: 114.7s (103.5m) | step:   3365 | train acc: 1.000 | train loss: 0.000 |test acc: 0.760 (0.808, 0.684) | test eod gap: 0.1555
begin calculating influence
[Strategy 2] Acc of expected label: 0.7779296875
calculating influence -- done
 42.52% | time: 427.3s (110.6m) | step:   3365 | train acc: 1.000 | train loss: 0.000 |val acc: 0.766 (0.810, 0.698) | val eod gap: 0.1371
Files already downloaded and verified
4370 labeled samples and 158400 unlabeled samples. Total: 162770
Use 4370 samples. Get 5548 labels. Ratio: 0.7876712328767124
 45.05% | time:  69.6s (111.8m) | step:   3565 | train acc: 1.000 | train loss: 0.000 |test acc: 0.763 (0.809, 0.691) | test eod gap: 0.1624
begin calculating influence
[Strategy 2] Acc of expected label: 0.7764453125
calculating influence -- done
 45.05% | time: 425.8s (118.9m) | step:   3565 | train acc: 1.000 | train loss: 0.000 |val acc: 0.768 (0.817, 0.691) | val eod gap: 0.1464
Files already downloaded and verified
4453 labeled samples and 158317 unlabeled samples. Total: 162770
Use 4453 samples. Get 5791 labels. Ratio: 0.7689518217924365
 47.57% | time:  70.1s (120.0m) | step:   3765 | train acc: 1.000 | train loss: 0.000 |test acc: 0.763 (0.808, 0.690) | test eod gap: 0.1553
begin calculating influence
[Strategy 2] Acc of expected label: 0.7750390625
calculating influence -- done
 47.57% | time: 425.2s (127.1m) | step:   3765 | train acc: 1.000 | train loss: 0.000 |val acc: 0.768 (0.816, 0.692) | val eod gap: 0.1426
Files already downloaded and verified
4523 labeled samples and 158247 unlabeled samples. Total: 162770
Use 4523 samples. Get 5901 labels. Ratio: 0.7664802575834604
Epoch 5
 52.53% | time: 115.2s (129.1m) | step:   4157 | train acc: 1.000 | train loss: 0.000 |test acc: 0.764 (0.811, 0.689) | test eod gap: 0.1537
begin calculating influence
[Strategy 2] Acc of expected label: 0.777265625
calculating influence -- done
 52.53% | time: 424.7s (136.1m) | step:   4157 | train acc: 1.000 | train loss: 0.000 |val acc: 0.765 (0.811, 0.694) | val eod gap: 0.1455
Files already downloaded and verified
4634 labeled samples and 158136 unlabeled samples. Total: 162770
Use 4634 samples. Get 6082 labels. Ratio: 0.761920420914173
 55.05% | time:  70.4s (137.3m) | step:   4357 | train acc: 1.000 | train loss: 0.000 |test acc: 0.765 (0.811, 0.691) | test eod gap: 0.1491
begin calculating influence
[Strategy 2] Acc of expected label: 0.7791015625
calculating influence -- done
 55.05% | time: 422.6s (144.3m) | step:   4357 | train acc: 1.000 | train loss: 0.000 |val acc: 0.767 (0.810, 0.700) | val eod gap: 0.1429
Files already downloaded and verified
4737 labeled samples and 158033 unlabeled samples. Total: 162770
Use 4737 samples. Get 6284 labels. Ratio: 0.7538192234245703
 57.58% | time:  69.2s (145.5m) | step:   4557 | train acc: 0.996 | train loss: 0.013 |test acc: 0.759 (0.805, 0.686) | test eod gap: 0.1444
begin calculating influence
[Strategy 2] Acc of expected label: 0.773984375
calculating influence -- done
 57.58% | time: 424.4s (152.6m) | step:   4557 | train acc: 0.996 | train loss: 0.013 |val acc: 0.763 (0.802, 0.700) | val eod gap: 0.1516
Files already downloaded and verified
4958 labeled samples and 157812 unlabeled samples. Total: 162770
Use 4958 samples. Get 6773 labels. Ratio: 0.7320242137900487
Epoch 6
 62.52% | time: 115.9s (154.5m) | step:   4948 | train acc: 1.000 | train loss: 0.000 |test acc: 0.764 (0.810, 0.690) | test eod gap: 0.1563
begin calculating influence
[Strategy 2] Acc of expected label: 0.7805078125
calculating influence -- done
 62.52% | time: 419.0s (161.5m) | step:   4948 | train acc: 1.000 | train loss: 0.000 |val acc: 0.768 (0.804, 0.710) | val eod gap: 0.1361
Files already downloaded and verified
5019 labeled samples and 157751 unlabeled samples. Total: 162770
Use 5019 samples. Get 6955 labels. Ratio: 0.7216391085549964
 65.05% | time:  70.6s (162.7m) | step:   5148 | train acc: 1.000 | train loss: 0.000 |test acc: 0.760 (0.806, 0.687) | test eod gap: 0.1514
begin calculating influence
[Strategy 2] Acc of expected label: 0.776171875
calculating influence -- done
 65.05% | time: 425.0s (169.7m) | step:   5148 | train acc: 1.000 | train loss: 0.000 |val acc: 0.763 (0.801, 0.701) | val eod gap: 0.1237
Files already downloaded and verified
5129 labeled samples and 157641 unlabeled samples. Total: 162770
Use 5129 samples. Get 7252 labels. Ratio: 0.7072531715388858
 67.58% | time:  71.7s (170.9m) | step:   5348 | train acc: 1.000 | train loss: 0.000 |test acc: 0.758 (0.806, 0.681) | test eod gap: 0.1305
begin calculating influence
[Strategy 2] Acc of expected label: 0.76890625
calculating influence -- done
 67.58% | time: 416.5s (177.9m) | step:   5348 | train acc: 1.000 | train loss: 0.000 |val acc: 0.766 (0.803, 0.708) | val eod gap: 0.1230
Files already downloaded and verified
5228 labeled samples and 157542 unlabeled samples. Total: 162770
Use 5228 samples. Get 7551 labels. Ratio: 0.6923586279962919
Epoch 7
 72.52% | time: 113.9s (179.8m) | step:   5739 | train acc: 1.000 | train loss: 0.000 |test acc: 0.756 (0.803, 0.682) | test eod gap: 0.1338
begin calculating influence
[Strategy 2] Acc of expected label: 0.76375
calculating influence -- done
 72.52% | time: 416.9s (186.7m) | step:   5739 | train acc: 1.000 | train loss: 0.000 |val acc: 0.761 (0.800, 0.700) | val eod gap: 0.1103
Files already downloaded and verified
5484 labeled samples and 157286 unlabeled samples. Total: 162770
Use 5484 samples. Get 8159 labels. Ratio: 0.6721411937737468
 75.04% | time:  61.3s (187.8m) | step:   5939 | train acc: 1.000 | train loss: 0.000 |test acc: 0.757 (0.803, 0.683) | test eod gap: 0.1461
begin calculating influence
[Strategy 2] Acc of expected label: 0.7686328125
calculating influence -- done
 75.04% | time: 422.5s (194.8m) | step:   5939 | train acc: 1.000 | train loss: 0.000 |val acc: 0.763 (0.805, 0.698) | val eod gap: 0.1315
Files already downloaded and verified
5538 labeled samples and 157232 unlabeled samples. Total: 162770
Use 5538 samples. Get 8329 labels. Ratio: 0.6649057509905151
 77.57% | time:  69.8s (196.0m) | step:   6139 | train acc: 1.000 | train loss: 0.000 |test acc: 0.756 (0.803, 0.682) | test eod gap: 0.1514
begin calculating influence
[Strategy 2] Acc of expected label: 0.7700390625
calculating influence -- done
 77.57% | time: 422.9s (203.0m) | step:   6139 | train acc: 1.000 | train loss: 0.000 |val acc: 0.764 (0.807, 0.696) | val eod gap: 0.1279
Files already downloaded and verified
5690 labeled samples and 157080 unlabeled samples. Total: 162770
Use 5690 samples. Get 8530 labels. Ratio: 0.6670574443141852
Epoch 8
 82.52% | time: 116.1s (204.9m) | step:   6531 | train acc: 1.000 | train loss: 0.000 |test acc: 0.759 (0.806, 0.684) | test eod gap: 0.1518
begin calculating influence
[Strategy 2] Acc of expected label: 0.7734375
calculating influence -- done
 82.52% | time: 424.7s (212.0m) | step:   6531 | train acc: 1.000 | train loss: 0.000 |val acc: 0.777 (0.816, 0.716) | val eod gap: 0.1317
Files already downloaded and verified
5746 labeled samples and 157024 unlabeled samples. Total: 162770
Use 5746 samples. Get 8764 labels. Ratio: 0.6556366955727978
 85.05% | time:  70.4s (213.2m) | step:   6731 | train acc: 1.000 | train loss: 0.000 |test acc: 0.755 (0.801, 0.683) | test eod gap: 0.1448
begin calculating influence
[Strategy 2] Acc of expected label: 0.7672265625
calculating influence -- done
 85.05% | time: 422.7s (220.2m) | step:   6731 | train acc: 1.000 | train loss: 0.000 |val acc: 0.771 (0.807, 0.714) | val eod gap: 0.1230
Files already downloaded and verified
5820 labeled samples and 156950 unlabeled samples. Total: 162770
Use 5820 samples. Get 9021 labels. Ratio: 0.6451612903225806
 87.58% | time:  70.9s (221.4m) | step:   6931 | train acc: 1.000 | train loss: 0.000 |test acc: 0.755 (0.797, 0.688) | test eod gap: 0.1337
begin calculating influence
[Strategy 2] Acc of expected label: 0.7651953125
calculating influence -- done
 87.58% | time: 433.2s (228.6m) | step:   6931 | train acc: 1.000 | train loss: 0.000 |val acc: 0.765 (0.808, 0.698) | val eod gap: 0.1117
Files already downloaded and verified
5910 labeled samples and 156860 unlabeled samples. Total: 162770
Use 5910 samples. Get 9289 labels. Ratio: 0.6362364086553989
Epoch 9
 92.52% | time: 115.5s (230.6m) | step:   7322 | train acc: 1.000 | train loss: 0.000 |test acc: 0.754 (0.797, 0.688) | test eod gap: 0.1372
begin calculating influence
[Strategy 2] Acc of expected label: 0.7671875
calculating influence -- done
 92.52% | time: 418.5s (237.5m) | step:   7322 | train acc: 1.000 | train loss: 0.000 |val acc: 0.763 (0.807, 0.694) | val eod gap: 0.1058
Files already downloaded and verified
5981 labeled samples and 156789 unlabeled samples. Total: 162770
Use 5981 samples. Get 9509 labels. Ratio: 0.6289830686717847
 95.05% | time:  72.3s (238.7m) | step:   7522 | train acc: 1.000 | train loss: 0.001 |test acc: 0.753 (0.796, 0.684) | test eod gap: 0.1231
begin calculating influence
[Strategy 2] Acc of expected label: 0.76234375
calculating influence -- done
 95.05% | time: 418.1s (245.7m) | step:   7522 | train acc: 1.000 | train loss: 0.001 |val acc: 0.749 (0.790, 0.685) | val eod gap: 0.0988
Files already downloaded and verified
6237 labeled samples and 156533 unlabeled samples. Total: 162770
Use 6237 samples. Get 10098 labels. Ratio: 0.6176470588235294
 97.57% | time:  62.5s (246.8m) | step:   7722 | train acc: 1.000 | train loss: 0.001 |test acc: 0.761 (0.806, 0.690) | test eod gap: 0.1372
begin calculating influence
[Strategy 2] Acc of expected label: 0.7641796875
calculating influence -- done
 97.57% | time: 424.5s (253.8m) | step:   7722 | train acc: 1.000 | train loss: 0.001 |val acc: 0.768 (0.801, 0.714) | val eod gap: 0.1397
Files already downloaded and verified
6493 labeled samples and 156277 unlabeled samples. Total: 162770
Use 6493 samples. Get 10896 labels. Ratio: 0.5959067547723935
