Files already downloaded and verified
3255 labeled samples and 159515 unlabeled samples. Total: 162770
Files already downloaded and verified
1996 labeled samples and 17966 unlabeled samples. Total: 19962
Numer of layers 200
train net...
Epoch 0
  2.53% | time:  76.0s (  1.3m) | step:    200 | train acc: 0.922 | train loss: 0.190 |test acc: 0.766 (0.819, 0.683) | test eod gap: 0.1851
begin calculating influence
selected layers: [Traced<ShapedArray(float32[2])>with<DynamicJaxprTrace(level=0/1)>, Traced<ShapedArray(float32[768,2])>with<DynamicJaxprTrace(level=0/1)>]
selected layers: [Traced<ShapedArray(float32[2])>with<DynamicJaxprTrace(level=0/1)>, Traced<ShapedArray(float32[768,2])>with<DynamicJaxprTrace(level=0/1)>]
calculating influence -- done
  2.53% | time:  40.8s (  1.9m) | step:    200 | train acc: 0.922 | train loss: 0.190 |val acc: 0.784 (0.822, 0.725) | val eod gap: 0.1968
Files already downloaded and verified
3511 labeled samples and 159259 unlabeled samples. Total: 162770
Use 3511 samples. Get 3511 labels. Ratio: 1.0
  5.05% | time:  65.0s (  3.0m) | step:    400 | train acc: 0.992 | train loss: 0.012 |test acc: 0.767 (0.817, 0.687) | test eod gap: 0.2029
begin calculating influence
calculating influence -- done
  5.05% | time:  18.9s (  3.3m) | step:    400 | train acc: 0.992 | train loss: 0.012 |val acc: 0.775 (0.821, 0.701) | val eod gap: 0.2148
Files already downloaded and verified
3767 labeled samples and 159003 unlabeled samples. Total: 162770
Use 3767 samples. Get 3767 labels. Ratio: 1.0
  7.58% | time:  65.5s (  4.4m) | step:    600 | train acc: 0.984 | train loss: 0.066 |test acc: 0.747 (0.787, 0.683) | test eod gap: 0.1986
begin calculating influence
calculating influence -- done
  7.58% | time:  18.4s (  4.7m) | step:    600 | train acc: 0.984 | train loss: 0.066 |val acc: 0.747 (0.783, 0.691) | val eod gap: 0.2292
Files already downloaded and verified
4023 labeled samples and 158747 unlabeled samples. Total: 162770
Use 4023 samples. Get 4023 labels. Ratio: 1.0
Epoch 1
 12.52% | time: 109.9s (  6.6m) | step:    991 | train acc: 1.000 | train loss: 0.000 |test acc: 0.769 (0.818, 0.690) | test eod gap: 0.2000
begin calculating influence
calculating influence -- done
 12.52% | time:  17.9s (  6.9m) | step:    991 | train acc: 1.000 | train loss: 0.000 |val acc: 0.770 (0.813, 0.701) | val eod gap: 0.2212
Files already downloaded and verified
4279 labeled samples and 158491 unlabeled samples. Total: 162770
Use 4279 samples. Get 4279 labels. Ratio: 1.0
 15.05% | time:  66.7s (  8.0m) | step:   1191 | train acc: 1.000 | train loss: 0.000 |test acc: 0.769 (0.818, 0.691) | test eod gap: 0.2048
begin calculating influence
calculating influence -- done
 15.05% | time:  20.8s (  8.3m) | step:   1191 | train acc: 1.000 | train loss: 0.000 |val acc: 0.767 (0.820, 0.683) | val eod gap: 0.2194
Files already downloaded and verified
4535 labeled samples and 158235 unlabeled samples. Total: 162770
Use 4535 samples. Get 4535 labels. Ratio: 1.0
 17.58% | time:  63.0s (  9.4m) | step:   1391 | train acc: 1.000 | train loss: 0.000 |test acc: 0.770 (0.818, 0.693) | test eod gap: 0.1928
begin calculating influence
calculating influence -- done
 17.58% | time:  20.5s (  9.7m) | step:   1391 | train acc: 1.000 | train loss: 0.000 |val acc: 0.769 (0.819, 0.690) | val eod gap: 0.1825
Files already downloaded and verified
4791 labeled samples and 157979 unlabeled samples. Total: 162770
Use 4791 samples. Get 4791 labels. Ratio: 1.0
Epoch 2
 22.52% | time: 109.4s ( 11.5m) | step:   1782 | train acc: 1.000 | train loss: 0.000 |test acc: 0.774 (0.822, 0.698) | test eod gap: 0.1957
begin calculating influence
calculating influence -- done
 22.52% | time:  17.9s ( 11.8m) | step:   1782 | train acc: 1.000 | train loss: 0.000 |val acc: 0.775 (0.827, 0.692) | val eod gap: 0.2285
Files already downloaded and verified
5047 labeled samples and 157723 unlabeled samples. Total: 162770
Use 5047 samples. Get 5047 labels. Ratio: 1.0
 25.04% | time:  63.6s ( 12.9m) | step:   1982 | train acc: 1.000 | train loss: 0.000 |test acc: 0.776 (0.826, 0.695) | test eod gap: 0.1877
begin calculating influence
calculating influence -- done
 25.04% | time:  17.7s ( 13.2m) | step:   1982 | train acc: 1.000 | train loss: 0.000 |val acc: 0.764 (0.824, 0.669) | val eod gap: 0.2056
Files already downloaded and verified
5303 labeled samples and 157467 unlabeled samples. Total: 162770
Use 5303 samples. Get 5303 labels. Ratio: 1.0
 27.57% | time:  65.2s ( 14.3m) | step:   2182 | train acc: 1.000 | train loss: 0.000 |test acc: 0.773 (0.825, 0.690) | test eod gap: 0.1889
begin calculating influence
calculating influence -- done
 27.57% | time:  17.6s ( 14.6m) | step:   2182 | train acc: 1.000 | train loss: 0.000 |val acc: 0.772 (0.826, 0.686) | val eod gap: 0.2138
Files already downloaded and verified
5559 labeled samples and 157211 unlabeled samples. Total: 162770
Use 5559 samples. Get 5559 labels. Ratio: 1.0
Epoch 3
 32.52% | time: 111.8s ( 16.4m) | step:   2574 | train acc: 1.000 | train loss: 0.000 |test acc: 0.774 (0.824, 0.695) | test eod gap: 0.1996
begin calculating influence
calculating influence -- done
 32.52% | time:  18.3s ( 16.7m) | step:   2574 | train acc: 1.000 | train loss: 0.000 |val acc: 0.775 (0.825, 0.695) | val eod gap: 0.2227
Files already downloaded and verified
5815 labeled samples and 156955 unlabeled samples. Total: 162770
Use 5815 samples. Get 5815 labels. Ratio: 1.0
 35.05% | time:  65.6s ( 17.8m) | step:   2774 | train acc: 1.000 | train loss: 0.000 |test acc: 0.774 (0.823, 0.697) | test eod gap: 0.2019
begin calculating influence
calculating influence -- done
 35.05% | time:  17.7s ( 18.1m) | step:   2774 | train acc: 1.000 | train loss: 0.000 |val acc: 0.773 (0.824, 0.692) | val eod gap: 0.2181
Files already downloaded and verified
6071 labeled samples and 156699 unlabeled samples. Total: 162770
Use 6071 samples. Get 6071 labels. Ratio: 1.0
 37.58% | time:  65.9s ( 19.2m) | step:   2974 | train acc: 1.000 | train loss: 0.000 |test acc: 0.773 (0.823, 0.693) | test eod gap: 0.1882
begin calculating influence
calculating influence -- done
 37.58% | time:  20.0s ( 19.6m) | step:   2974 | train acc: 1.000 | train loss: 0.000 |val acc: 0.773 (0.824, 0.694) | val eod gap: 0.2070
Files already downloaded and verified
6327 labeled samples and 156443 unlabeled samples. Total: 162770
Use 6327 samples. Get 6327 labels. Ratio: 1.0
Epoch 4
 42.52% | time: 110.9s ( 21.4m) | step:   3365 | train acc: 1.000 | train loss: 0.000 |test acc: 0.772 (0.820, 0.695) | test eod gap: 0.1946
begin calculating influence
calculating influence -- done
 42.52% | time:  17.9s ( 21.7m) | step:   3365 | train acc: 1.000 | train loss: 0.000 |val acc: 0.771 (0.820, 0.692) | val eod gap: 0.2162
Files already downloaded and verified
6583 labeled samples and 156187 unlabeled samples. Total: 162770
Use 6583 samples. Get 6583 labels. Ratio: 1.0
 45.05% | time:  66.5s ( 22.8m) | step:   3565 | train acc: 1.000 | train loss: 0.000 |test acc: 0.771 (0.822, 0.692) | test eod gap: 0.1929
begin calculating influence
calculating influence -- done
 45.05% | time:  20.3s ( 23.2m) | step:   3565 | train acc: 1.000 | train loss: 0.000 |val acc: 0.774 (0.818, 0.704) | val eod gap: 0.2266
Files already downloaded and verified
6839 labeled samples and 155931 unlabeled samples. Total: 162770
Use 6839 samples. Get 6839 labels. Ratio: 1.0
 47.57% | time:  65.9s ( 24.3m) | step:   3765 | train acc: 1.000 | train loss: 0.000 |test acc: 0.773 (0.821, 0.697) | test eod gap: 0.1915
begin calculating influence
calculating influence -- done
 47.57% | time:  17.8s ( 24.6m) | step:   3765 | train acc: 1.000 | train loss: 0.000 |val acc: 0.779 (0.820, 0.714) | val eod gap: 0.2016
Files already downloaded and verified
7095 labeled samples and 155675 unlabeled samples. Total: 162770
Use 7095 samples. Get 7095 labels. Ratio: 1.0
Epoch 5
 52.53% | time: 110.0s ( 26.4m) | step:   4157 | train acc: 1.000 | train loss: 0.000 |test acc: 0.772 (0.822, 0.693) | test eod gap: 0.2037
begin calculating influence
calculating influence -- done
 52.53% | time:  20.4s ( 26.7m) | step:   4157 | train acc: 1.000 | train loss: 0.000 |val acc: 0.776 (0.824, 0.699) | val eod gap: 0.2013
Files already downloaded and verified
7351 labeled samples and 155419 unlabeled samples. Total: 162770
Use 7351 samples. Get 7351 labels. Ratio: 1.0
 55.05% | time:  64.9s ( 27.8m) | step:   4357 | train acc: 1.000 | train loss: 0.000 |test acc: 0.773 (0.822, 0.695) | test eod gap: 0.1984
begin calculating influence
calculating influence -- done
 55.05% | time:  17.9s ( 28.1m) | step:   4357 | train acc: 1.000 | train loss: 0.000 |val acc: 0.777 (0.823, 0.704) | val eod gap: 0.2177
Files already downloaded and verified
7607 labeled samples and 155163 unlabeled samples. Total: 162770
Use 7607 samples. Get 7607 labels. Ratio: 1.0
 57.58% | time:  61.9s ( 29.1m) | step:   4557 | train acc: 1.000 | train loss: 0.000 |test acc: 0.774 (0.821, 0.698) | test eod gap: 0.2003
begin calculating influence
calculating influence -- done
 57.58% | time:  21.0s ( 29.5m) | step:   4557 | train acc: 1.000 | train loss: 0.000 |val acc: 0.778 (0.823, 0.707) | val eod gap: 0.2095
Files already downloaded and verified
7863 labeled samples and 154907 unlabeled samples. Total: 162770
Use 7863 samples. Get 7863 labels. Ratio: 1.0
Epoch 6
 62.52% | time: 107.5s ( 31.3m) | step:   4948 | train acc: 1.000 | train loss: 0.000 |test acc: 0.777 (0.825, 0.701) | test eod gap: 0.2021
begin calculating influence
calculating influence -- done
 62.52% | time:  20.3s ( 31.6m) | step:   4948 | train acc: 1.000 | train loss: 0.000 |val acc: 0.781 (0.825, 0.710) | val eod gap: 0.2187
Files already downloaded and verified
8119 labeled samples and 154651 unlabeled samples. Total: 162770
Use 8119 samples. Get 8119 labels. Ratio: 1.0
 65.05% | time:  59.9s ( 32.6m) | step:   5148 | train acc: 1.000 | train loss: 0.000 |test acc: 0.774 (0.822, 0.697) | test eod gap: 0.1981
begin calculating influence
calculating influence -- done
 65.05% | time:  18.1s ( 32.9m) | step:   5148 | train acc: 1.000 | train loss: 0.000 |val acc: 0.779 (0.822, 0.712) | val eod gap: 0.2221
Files already downloaded and verified
8375 labeled samples and 154395 unlabeled samples. Total: 162770
Use 8375 samples. Get 8375 labels. Ratio: 1.0
 67.58% | time:  59.3s ( 33.9m) | step:   5348 | train acc: 1.000 | train loss: 0.000 |test acc: 0.774 (0.823, 0.696) | test eod gap: 0.1961
begin calculating influence
calculating influence -- done
 67.58% | time:  20.0s ( 34.2m) | step:   5348 | train acc: 1.000 | train loss: 0.000 |val acc: 0.775 (0.827, 0.694) | val eod gap: 0.1873
Files already downloaded and verified
8631 labeled samples and 154139 unlabeled samples. Total: 162770
Use 8631 samples. Get 8631 labels. Ratio: 1.0
Epoch 7
 72.52% | time:  98.0s ( 35.9m) | step:   5739 | train acc: 1.000 | train loss: 0.000 |test acc: 0.776 (0.824, 0.701) | test eod gap: 0.1976
begin calculating influence
calculating influence -- done
 72.52% | time:  21.5s ( 36.2m) | step:   5739 | train acc: 1.000 | train loss: 0.000 |val acc: 0.783 (0.833, 0.705) | val eod gap: 0.2007
Files already downloaded and verified
8887 labeled samples and 153883 unlabeled samples. Total: 162770
Use 8887 samples. Get 8887 labels. Ratio: 1.0
 75.04% | time:  53.7s ( 37.1m) | step:   5939 | train acc: 1.000 | train loss: 0.000 |test acc: 0.776 (0.826, 0.696) | test eod gap: 0.1888
begin calculating influence
calculating influence -- done
 75.04% | time:  18.5s ( 37.4m) | step:   5939 | train acc: 1.000 | train loss: 0.000 |val acc: 0.788 (0.836, 0.712) | val eod gap: 0.1909
Files already downloaded and verified
9143 labeled samples and 153627 unlabeled samples. Total: 162770
Use 9143 samples. Get 9143 labels. Ratio: 1.0
 77.57% | time:  55.0s ( 38.4m) | step:   6139 | train acc: 1.000 | train loss: 0.000 |test acc: 0.778 (0.826, 0.702) | test eod gap: 0.1922
begin calculating influence
calculating influence -- done
 77.57% | time:  17.8s ( 38.7m) | step:   6139 | train acc: 1.000 | train loss: 0.000 |val acc: 0.790 (0.836, 0.717) | val eod gap: 0.1982
Files already downloaded and verified
9399 labeled samples and 153371 unlabeled samples. Total: 162770
Use 9399 samples. Get 9399 labels. Ratio: 1.0
Epoch 8
 82.52% | time:  98.4s ( 40.3m) | step:   6531 | train acc: 1.000 | train loss: 0.000 |test acc: 0.777 (0.827, 0.698) | test eod gap: 0.1930
begin calculating influence
calculating influence -- done
 82.52% | time:  20.3s ( 40.6m) | step:   6531 | train acc: 1.000 | train loss: 0.000 |val acc: 0.788 (0.838, 0.710) | val eod gap: 0.2086
Files already downloaded and verified
9655 labeled samples and 153115 unlabeled samples. Total: 162770
Use 9655 samples. Get 9655 labels. Ratio: 1.0
 85.05% | time:  57.3s ( 41.6m) | step:   6731 | train acc: 1.000 | train loss: 0.000 |test acc: 0.776 (0.826, 0.696) | test eod gap: 0.1842
begin calculating influence
calculating influence -- done
 85.05% | time:  20.0s ( 41.9m) | step:   6731 | train acc: 1.000 | train loss: 0.000 |val acc: 0.787 (0.833, 0.713) | val eod gap: 0.2007
Files already downloaded and verified
9911 labeled samples and 152859 unlabeled samples. Total: 162770
Use 9911 samples. Get 9911 labels. Ratio: 1.0
 87.58% | time:  56.5s ( 42.9m) | step:   6931 | train acc: 1.000 | train loss: 0.000 |test acc: 0.778 (0.826, 0.701) | test eod gap: 0.2006
begin calculating influence
calculating influence -- done
 87.58% | time:  17.6s ( 43.2m) | step:   6931 | train acc: 1.000 | train loss: 0.000 |val acc: 0.785 (0.828, 0.718) | val eod gap: 0.2204
Files already downloaded and verified
10167 labeled samples and 152603 unlabeled samples. Total: 162770
Use 10167 samples. Get 10167 labels. Ratio: 1.0
Epoch 9
 92.52% | time:  96.4s ( 44.8m) | step:   7322 | train acc: 1.000 | train loss: 0.000 |test acc: 0.780 (0.827, 0.704) | test eod gap: 0.1990
begin calculating influence
calculating influence -- done
 92.52% | time:  20.7s ( 45.1m) | step:   7322 | train acc: 1.000 | train loss: 0.000 |val acc: 0.784 (0.833, 0.707) | val eod gap: 0.2013
Files already downloaded and verified
10423 labeled samples and 152347 unlabeled samples. Total: 162770
Use 10423 samples. Get 10423 labels. Ratio: 1.0
 95.05% | time:  56.2s ( 46.0m) | step:   7522 | train acc: 1.000 | train loss: 0.000 |test acc: 0.780 (0.825, 0.707) | test eod gap: 0.1874
begin calculating influence
calculating influence -- done
 95.05% | time:  17.9s ( 46.3m) | step:   7522 | train acc: 1.000 | train loss: 0.000 |val acc: 0.786 (0.830, 0.717) | val eod gap: 0.1920
Files already downloaded and verified
10679 labeled samples and 152091 unlabeled samples. Total: 162770
Use 10679 samples. Get 10679 labels. Ratio: 1.0
 97.57% | time:  59.3s ( 47.3m) | step:   7722 | train acc: 1.000 | train loss: 0.000 |test acc: 0.777 (0.825, 0.701) | test eod gap: 0.1846
begin calculating influence
calculating influence -- done
 97.57% | time:  17.7s ( 47.6m) | step:   7722 | train acc: 1.000 | train loss: 0.000 |val acc: 0.783 (0.833, 0.703) | val eod gap: 0.1750
Files already downloaded and verified
10935 labeled samples and 151835 unlabeled samples. Total: 162770
Use 10935 samples. Get 10935 labels. Ratio: 1.0
