Files already downloaded and verified
3255 labeled samples and 159515 unlabeled samples. Total: 162770
Files already downloaded and verified
1996 labeled samples and 17966 unlabeled samples. Total: 19962
Numer of layers 200
train net...
Epoch 0
  2.53% | time:  77.9s (  1.3m) | step:    200 | train acc: 0.922 | train loss: 0.189 |test acc: 0.766 (0.818, 0.683) | test eod gap: 0.1859
begin calculating influence
selected layers: [Traced<ShapedArray(float32[2])>with<DynamicJaxprTrace(level=0/1)>, Traced<ShapedArray(float32[768,2])>with<DynamicJaxprTrace(level=0/1)>]
selected layers: [Traced<ShapedArray(float32[2])>with<DynamicJaxprTrace(level=0/1)>, Traced<ShapedArray(float32[768,2])>with<DynamicJaxprTrace(level=0/1)>]
[Strategy 2] Acc of expected label: 0.77890625
calculating influence -- done
  2.53% | time:  46.0s (  2.1m) | step:    200 | train acc: 0.922 | train loss: 0.189 |val acc: 0.785 (0.822, 0.726) | val eod gap: 0.1986
Files already downloaded and verified
3511 labeled samples and 159259 unlabeled samples. Total: 162770
Use 3511 samples. Get 3621 labels. Ratio: 0.9696216514774924
  5.05% | time:  65.9s (  3.2m) | step:    400 | train acc: 0.785 | train loss: 0.581 |test acc: 0.754 (0.840, 0.618) | test eod gap: 0.0046
begin calculating influence
[Strategy 2] Acc of expected label: 0.7733203125
calculating influence -- done
  5.05% | time:  18.8s (  3.5m) | step:    400 | train acc: 0.785 | train loss: 0.581 |val acc: 0.774 (0.852, 0.653) | val eod gap: 0.0124
Files already downloaded and verified
3767 labeled samples and 159003 unlabeled samples. Total: 162770
Use 3767 samples. Get 4009 labels. Ratio: 0.9396358194063358
  7.58% | time:  65.7s (  4.6m) | step:    600 | train acc: 0.781 | train loss: 0.479 |test acc: 0.758 (0.814, 0.669) | test eod gap: 0.1456
begin calculating influence
[Strategy 2] Acc of expected label: 0.770703125
calculating influence -- done
  7.58% | time:  19.7s (  4.9m) | step:    600 | train acc: 0.781 | train loss: 0.479 |val acc: 0.773 (0.829, 0.683) | val eod gap: 0.1383
Files already downloaded and verified
4023 labeled samples and 158747 unlabeled samples. Total: 162770
Use 4023 samples. Get 4356 labels. Ratio: 0.9235537190082644
Epoch 1
 12.52% | time: 110.8s (  6.7m) | step:    991 | train acc: 0.992 | train loss: 0.035 |test acc: 0.762 (0.817, 0.676) | test eod gap: 0.1854
begin calculating influence
[Strategy 2] Acc of expected label: 0.7696875
calculating influence -- done
 12.52% | time:  19.7s (  7.1m) | step:    991 | train acc: 0.992 | train loss: 0.035 |val acc: 0.772 (0.829, 0.682) | val eod gap: 0.1672
Files already downloaded and verified
4279 labeled samples and 158491 unlabeled samples. Total: 162770
Use 4279 samples. Get 4836 labels. Ratio: 0.8848221670802316
 15.05% | time:  66.6s (  8.2m) | step:   1191 | train acc: 0.832 | train loss: 0.369 |test acc: 0.757 (0.807, 0.678) | test eod gap: 0.1297
begin calculating influence
[Strategy 2] Acc of expected label: 0.770625
calculating influence -- done
 15.05% | time:  20.2s (  8.5m) | step:   1191 | train acc: 0.832 | train loss: 0.369 |val acc: 0.765 (0.807, 0.698) | val eod gap: 0.1651
Files already downloaded and verified
4535 labeled samples and 158235 unlabeled samples. Total: 162770
Use 4535 samples. Get 5192 labels. Ratio: 0.8734591679506933
 17.58% | time:  62.4s (  9.6m) | step:   1391 | train acc: 0.977 | train loss: 0.085 |test acc: 0.740 (0.789, 0.662) | test eod gap: 0.2025
begin calculating influence
[Strategy 2] Acc of expected label: 0.7514453125
calculating influence -- done
 17.58% | time:  21.2s (  9.9m) | step:   1391 | train acc: 0.977 | train loss: 0.085 |val acc: 0.741 (0.800, 0.649) | val eod gap: 0.2160
Files already downloaded and verified
4660 labeled samples and 158110 unlabeled samples. Total: 162770
Use 4660 samples. Get 5509 labels. Ratio: 0.8458885460156108
Epoch 2
 22.52% | time: 114.9s ( 11.8m) | step:   1782 | train acc: 1.000 | train loss: 0.000 |test acc: 0.768 (0.820, 0.685) | test eod gap: 0.1702
begin calculating influence
[Strategy 2] Acc of expected label: 0.7884375
calculating influence -- done
 22.52% | time:  19.2s ( 12.1m) | step:   1782 | train acc: 1.000 | train loss: 0.000 |val acc: 0.774 (0.824, 0.696) | val eod gap: 0.1936
Files already downloaded and verified
4916 labeled samples and 157854 unlabeled samples. Total: 162770
Use 4916 samples. Get 6049 labels. Ratio: 0.8126963134402381
 25.04% | time:  57.6s ( 13.1m) | step:   1982 | train acc: 0.973 | train loss: 0.096 |test acc: 0.762 (0.814, 0.679) | test eod gap: 0.1705
begin calculating influence
[Strategy 2] Acc of expected label: 0.774609375
calculating influence -- done
 25.04% | time:  19.6s ( 13.4m) | step:   1982 | train acc: 0.973 | train loss: 0.096 |val acc: 0.770 (0.824, 0.683) | val eod gap: 0.1958
Files already downloaded and verified
4968 labeled samples and 157802 unlabeled samples. Total: 162770
Use 4968 samples. Get 6229 labels. Ratio: 0.7975598009311285
 27.57% | time:  62.6s ( 14.5m) | step:   2182 | train acc: 1.000 | train loss: 0.001 |test acc: 0.765 (0.814, 0.687) | test eod gap: 0.1682
begin calculating influence
[Strategy 2] Acc of expected label: 0.7776953125
calculating influence -- done
 27.57% | time:  19.1s ( 14.8m) | step:   2182 | train acc: 1.000 | train loss: 0.001 |val acc: 0.775 (0.820, 0.704) | val eod gap: 0.1934
Files already downloaded and verified
5224 labeled samples and 157546 unlabeled samples. Total: 162770
Use 5224 samples. Get 6949 labels. Ratio: 0.7517628435746151
Epoch 3
 32.52% | time:  96.2s ( 16.4m) | step:   2574 | train acc: 1.000 | train loss: 0.000 |test acc: 0.765 (0.813, 0.690) | test eod gap: 0.1567
begin calculating influence
[Strategy 2] Acc of expected label: 0.77859375
calculating influence -- done
 32.52% | time:  19.3s ( 16.7m) | step:   2574 | train acc: 1.000 | train loss: 0.000 |val acc: 0.768 (0.806, 0.707) | val eod gap: 0.1989
Files already downloaded and verified
5394 labeled samples and 157376 unlabeled samples. Total: 162770
Use 5394 samples. Get 7492 labels. Ratio: 0.7199679658302189
 35.05% | time:  63.2s ( 17.8m) | step:   2774 | train acc: 1.000 | train loss: 0.000 |test acc: 0.763 (0.808, 0.691) | test eod gap: 0.1621
begin calculating influence
[Strategy 2] Acc of expected label: 0.773984375
calculating influence -- done
 35.05% | time:  20.5s ( 18.1m) | step:   2774 | train acc: 1.000 | train loss: 0.000 |val acc: 0.764 (0.803, 0.703) | val eod gap: 0.1893
Files already downloaded and verified
5517 labeled samples and 157253 unlabeled samples. Total: 162770
Use 5517 samples. Get 7864 labels. Ratio: 0.7015513733468972
 37.58% | time:  67.5s ( 19.2m) | step:   2974 | train acc: 0.988 | train loss: 0.017 |test acc: 0.755 (0.804, 0.676) | test eod gap: 0.1771
begin calculating influence
[Strategy 2] Acc of expected label: 0.7682421875
calculating influence -- done
 37.58% | time:  20.8s ( 19.6m) | step:   2974 | train acc: 0.988 | train loss: 0.017 |val acc: 0.767 (0.811, 0.698) | val eod gap: 0.1958
Files already downloaded and verified
5688 labeled samples and 157082 unlabeled samples. Total: 162770
Use 5688 samples. Get 8375 labels. Ratio: 0.6791641791044776
Epoch 4
 42.52% | time: 104.3s ( 21.3m) | step:   3365 | train acc: 1.000 | train loss: 0.000 |test acc: 0.757 (0.805, 0.680) | test eod gap: 0.1622
begin calculating influence
[Strategy 2] Acc of expected label: 0.7683984375
calculating influence -- done
 42.52% | time:  20.0s ( 21.7m) | step:   3365 | train acc: 1.000 | train loss: 0.000 |val acc: 0.762 (0.806, 0.692) | val eod gap: 0.1746
Files already downloaded and verified
5944 labeled samples and 156826 unlabeled samples. Total: 162770
Use 5944 samples. Get 9060 labels. Ratio: 0.6560706401766004
 45.05% | time:  56.9s ( 22.6m) | step:   3565 | train acc: 1.000 | train loss: 0.001 |test acc: 0.755 (0.802, 0.681) | test eod gap: 0.1591
begin calculating influence
[Strategy 2] Acc of expected label: 0.766875
calculating influence -- done
 45.05% | time:  19.7s ( 22.9m) | step:   3565 | train acc: 1.000 | train loss: 0.001 |val acc: 0.766 (0.811, 0.694) | val eod gap: 0.1682
Files already downloaded and verified
6200 labeled samples and 156570 unlabeled samples. Total: 162770
Use 6200 samples. Get 9822 labels. Ratio: 0.631236000814498
 47.57% | time:  59.9s ( 23.9m) | step:   3765 | train acc: 1.000 | train loss: 0.000 |test acc: 0.747 (0.790, 0.679) | test eod gap: 0.1661
begin calculating influence
[Strategy 2] Acc of expected label: 0.7524609375
calculating influence -- done
 47.57% | time:  19.2s ( 24.3m) | step:   3765 | train acc: 1.000 | train loss: 0.000 |val acc: 0.757 (0.801, 0.686) | val eod gap: 0.1744
Files already downloaded and verified
6456 labeled samples and 156314 unlabeled samples. Total: 162770
Use 6456 samples. Get 10393 labels. Ratio: 0.6211873376310979
Epoch 5
 52.53% | time:  94.9s ( 25.8m) | step:   4157 | train acc: 1.000 | train loss: 0.000 |test acc: 0.754 (0.797, 0.686) | test eod gap: 0.1713
begin calculating influence
[Strategy 2] Acc of expected label: 0.7623046875
calculating influence -- done
 52.53% | time:  19.1s ( 26.2m) | step:   4157 | train acc: 1.000 | train loss: 0.000 |val acc: 0.761 (0.801, 0.696) | val eod gap: 0.1539
Files already downloaded and verified
6712 labeled samples and 156058 unlabeled samples. Total: 162770
Use 6712 samples. Get 11250 labels. Ratio: 0.5966222222222223
 55.05% | time:  68.3s ( 27.3m) | step:   4357 | train acc: 1.000 | train loss: 0.009 |test acc: 0.747 (0.787, 0.683) | test eod gap: 0.1664
begin calculating influence
[Strategy 2] Acc of expected label: 0.7543359375
calculating influence -- done
 55.05% | time:  18.9s ( 27.6m) | step:   4357 | train acc: 1.000 | train loss: 0.009 |val acc: 0.754 (0.792, 0.694) | val eod gap: 0.1734
Files already downloaded and verified
6968 labeled samples and 155802 unlabeled samples. Total: 162770
Use 6968 samples. Get 11572 labels. Ratio: 0.6021431040442448
 57.58% | time:  62.4s ( 28.7m) | step:   4557 | train acc: 1.000 | train loss: 0.001 |test acc: 0.758 (0.798, 0.695) | test eod gap: 0.1644
begin calculating influence
[Strategy 2] Acc of expected label: 0.7634765625
calculating influence -- done
 57.58% | time:  18.9s ( 29.0m) | step:   4557 | train acc: 1.000 | train loss: 0.001 |val acc: 0.767 (0.804, 0.709) | val eod gap: 0.1757
Files already downloaded and verified
7224 labeled samples and 155546 unlabeled samples. Total: 162770
Use 7224 samples. Get 12392 labels. Ratio: 0.5829567462879277
Epoch 6
 62.52% | time:  99.2s ( 30.6m) | step:   4948 | train acc: 1.000 | train loss: 0.000 |test acc: 0.751 (0.790, 0.689) | test eod gap: 0.1684
begin calculating influence
[Strategy 2] Acc of expected label: 0.758984375
calculating influence -- done
 62.52% | time:  21.2s ( 31.0m) | step:   4948 | train acc: 1.000 | train loss: 0.000 |val acc: 0.765 (0.799, 0.712) | val eod gap: 0.1704
Files already downloaded and verified
7324 labeled samples and 155446 unlabeled samples. Total: 162770
Use 7324 samples. Get 12541 labels. Ratio: 0.58400446535364
 65.05% | time:  75.8s ( 32.2m) | step:   5148 | train acc: 1.000 | train loss: 0.000 |test acc: 0.755 (0.792, 0.695) | test eod gap: 0.1638
begin calculating influence
[Strategy 2] Acc of expected label: 0.7641796875
calculating influence -- done
 65.05% | time:  20.0s ( 32.6m) | step:   5148 | train acc: 1.000 | train loss: 0.000 |val acc: 0.764 (0.806, 0.696) | val eod gap: 0.1513
Files already downloaded and verified
7397 labeled samples and 155373 unlabeled samples. Total: 162770
Use 7397 samples. Get 12804 labels. Ratio: 0.5777100905966885
 67.58% | time:  68.8s ( 33.7m) | step:   5348 | train acc: 1.000 | train loss: 0.004 |test acc: 0.746 (0.783, 0.686) | test eod gap: 0.1625
begin calculating influence
[Strategy 2] Acc of expected label: 0.7526953125
calculating influence -- done
 67.58% | time:  19.8s ( 34.0m) | step:   5348 | train acc: 1.000 | train loss: 0.004 |val acc: 0.739 (0.782, 0.672) | val eod gap: 0.1844
Files already downloaded and verified
7653 labeled samples and 155117 unlabeled samples. Total: 162770
Use 7653 samples. Get 13614 labels. Ratio: 0.5621419127368885
Epoch 7
 72.52% | time: 100.2s ( 35.7m) | step:   5739 | train acc: 1.000 | train loss: 0.000 |test acc: 0.743 (0.779, 0.686) | test eod gap: 0.1544
begin calculating influence
[Strategy 2] Acc of expected label: 0.7506640625
calculating influence -- done
 72.52% | time:  19.3s ( 36.0m) | step:   5739 | train acc: 1.000 | train loss: 0.000 |val acc: 0.747 (0.782, 0.692) | val eod gap: 0.1665
Files already downloaded and verified
7738 labeled samples and 155032 unlabeled samples. Total: 162770
Use 7738 samples. Get 13772 labels. Ratio: 0.561864652918966
 75.04% | time:  75.2s ( 37.3m) | step:   5939 | train acc: 1.000 | train loss: 0.001 |test acc: 0.746 (0.783, 0.686) | test eod gap: 0.1675
begin calculating influence
[Strategy 2] Acc of expected label: 0.7523046875
calculating influence -- done
 75.04% | time:  20.6s ( 37.6m) | step:   5939 | train acc: 1.000 | train loss: 0.001 |val acc: 0.738 (0.774, 0.681) | val eod gap: 0.1833
Files already downloaded and verified
7994 labeled samples and 154776 unlabeled samples. Total: 162770
Use 7994 samples. Get 14229 labels. Ratio: 0.5618103872373322
 77.57% | time:  56.5s ( 38.6m) | step:   6139 | train acc: 0.984 | train loss: 0.030 |test acc: 0.744 (0.779, 0.687) | test eod gap: 0.1441
begin calculating influence
[Strategy 2] Acc of expected label: 0.74953125
calculating influence -- done
 77.57% | time:  20.6s ( 38.9m) | step:   6139 | train acc: 0.984 | train loss: 0.030 |val acc: 0.744 (0.768, 0.707) | val eod gap: 0.1554
Files already downloaded and verified
8250 labeled samples and 154520 unlabeled samples. Total: 162770
Use 8250 samples. Get 14731 labels. Ratio: 0.5600434457945829
Epoch 8
 82.52% | time:  94.3s ( 40.5m) | step:   6531 | train acc: 1.000 | train loss: 0.000 |test acc: 0.749 (0.786, 0.690) | test eod gap: 0.1558
begin calculating influence
[Strategy 2] Acc of expected label: 0.7582421875
calculating influence -- done
 82.52% | time:  20.6s ( 40.8m) | step:   6531 | train acc: 1.000 | train loss: 0.000 |val acc: 0.754 (0.787, 0.701) | val eod gap: 0.1646
Files already downloaded and verified
8506 labeled samples and 154264 unlabeled samples. Total: 162770
Use 8506 samples. Get 15147 labels. Ratio: 0.5615633458770714
 85.05% | time:  62.3s ( 41.9m) | step:   6731 | train acc: 0.977 | train loss: 0.092 |test acc: 0.730 (0.761, 0.680) | test eod gap: 0.1538
begin calculating influence
[Strategy 2] Acc of expected label: 0.73890625
calculating influence -- done
 85.05% | time:  20.8s ( 42.2m) | step:   6731 | train acc: 0.977 | train loss: 0.092 |val acc: 0.741 (0.767, 0.700) | val eod gap: 0.1862
Files already downloaded and verified
8762 labeled samples and 154008 unlabeled samples. Total: 162770
Use 8762 samples. Get 15619 labels. Ratio: 0.5609834176323708
 87.58% | time:  55.6s ( 43.1m) | step:   6931 | train acc: 1.000 | train loss: 0.000 |test acc: 0.756 (0.793, 0.698) | test eod gap: 0.1475
begin calculating influence
[Strategy 2] Acc of expected label: 0.7583203125
calculating influence -- done
 87.58% | time:  19.6s ( 43.5m) | step:   6931 | train acc: 1.000 | train loss: 0.000 |val acc: 0.762 (0.795, 0.710) | val eod gap: 0.1477
Files already downloaded and verified
8893 labeled samples and 153877 unlabeled samples. Total: 162770
Use 8893 samples. Get 16027 labels. Ratio: 0.5548761465027766
Epoch 9
 92.52% | time: 102.3s ( 45.2m) | step:   7322 | train acc: 1.000 | train loss: 0.000 |test acc: 0.748 (0.783, 0.692) | test eod gap: 0.1414
begin calculating influence
[Strategy 2] Acc of expected label: 0.7570703125
calculating influence -- done
 92.52% | time:  19.9s ( 45.5m) | step:   7322 | train acc: 1.000 | train loss: 0.000 |val acc: 0.749 (0.779, 0.701) | val eod gap: 0.1456
Files already downloaded and verified
9149 labeled samples and 153621 unlabeled samples. Total: 162770
Use 9149 samples. Get 16339 labels. Ratio: 0.559948589264949
 95.05% | time:  55.5s ( 46.4m) | step:   7522 | train acc: 0.984 | train loss: 0.035 |test acc: 0.755 (0.792, 0.695) | test eod gap: 0.1176
begin calculating influence
[Strategy 2] Acc of expected label: 0.7601171875
calculating influence -- done
 95.05% | time:  19.9s ( 46.8m) | step:   7522 | train acc: 0.984 | train loss: 0.035 |val acc: 0.765 (0.801, 0.708) | val eod gap: 0.1367
Files already downloaded and verified
9405 labeled samples and 153365 unlabeled samples. Total: 162770
Use 9405 samples. Get 17118 labels. Ratio: 0.5494216614090431
 97.57% | time:  63.9s ( 47.8m) | step:   7722 | train acc: 1.000 | train loss: 0.002 |test acc: 0.745 (0.776, 0.695) | test eod gap: 0.1312
begin calculating influence
[Strategy 2] Acc of expected label: 0.753125
calculating influence -- done
 97.57% | time:  19.3s ( 48.1m) | step:   7722 | train acc: 1.000 | train loss: 0.002 |val acc: 0.757 (0.783, 0.717) | val eod gap: 0.1290
Files already downloaded and verified
9438 labeled samples and 153332 unlabeled samples. Total: 162770
Use 9438 samples. Get 17204 labels. Ratio: 0.5485933503836317
