Files already downloaded and verified
3255 labeled samples and 159515 unlabeled samples. Total: 162770
Files already downloaded and verified
1996 labeled samples and 17966 unlabeled samples. Total: 19962
Numer of layers 200
train net...
train with 162770 samples (with replacement) in one epoch
Epoch 0
  2.62% | time: 105.9s (  1.8m) | step:    200 | train acc: 0.914 | train loss: 0.217 |warm_t acc: 0.773 (0.832, 0.678) | warm_t dp gap: 0.1216
  2.62% | time:   6.1s (  1.9m) | step:    200 | train acc: 0.914 | train loss: 0.217 |warm_v acc: 0.786 (0.839, 0.697) | warm_v dp gap: 0.1285
  5.24% | time:  81.8s (  3.2m) | step:    400 | train acc: 1.000 | train loss: 0.000 |warm_t acc: 0.766 (0.820, 0.680) | warm_t dp gap: 0.1796
  5.24% | time:   1.4s (  3.3m) | step:    400 | train acc: 1.000 | train loss: 0.000 |warm_v acc: 0.779 (0.825, 0.704) | warm_v dp gap: 0.1981
  7.86% | time:  80.8s (  4.6m) | step:    600 | train acc: 1.000 | train loss: 0.000 |warm_t acc: 0.765 (0.819, 0.680) | warm_t dp gap: 0.1809
  7.86% | time:   1.4s (  4.6m) | step:    600 | train acc: 1.000 | train loss: 0.000 |warm_v acc: 0.782 (0.832, 0.701) | warm_v dp gap: 0.2045
  8.32% | time:  21.6s (  5.0m) | step:    635 | train acc: 1.000 | train loss: 0.000 |warm_t acc: 0.765 (0.818, 0.681) | warm_t dp gap: 0.1814
  8.32% | time:   1.4s (  5.0m) | step:    635 | train acc: 1.000 | train loss: 0.000 |warm_v acc: 0.773 (0.816, 0.710) | warm_v dp gap: 0.2145
Epoch 1
 10.95% | time:  80.8s (  6.4m) | step:    835 | train acc: 1.000 | train loss: 0.000 |warm_t acc: 0.766 (0.819, 0.681) | warm_t dp gap: 0.1814
 10.95% | time:   1.4s (  6.4m) | step:    835 | train acc: 1.000 | train loss: 0.000 |warm_v acc: 0.785 (0.830, 0.712) | warm_v dp gap: 0.1989
 13.57% | time:  80.8s (  7.7m) | step:   1035 | train acc: 1.000 | train loss: 0.000 |warm_t acc: 0.765 (0.818, 0.681) | warm_t dp gap: 0.1813
 13.57% | time:   1.3s (  7.7m) | step:   1035 | train acc: 1.000 | train loss: 0.000 |warm_v acc: 0.788 (0.841, 0.705) | warm_v dp gap: 0.2040
 16.19% | time:  79.0s (  9.1m) | step:   1235 | train acc: 1.000 | train loss: 0.000 |warm_t acc: 0.765 (0.819, 0.681) | warm_t dp gap: 0.1808
 16.19% | time:   1.4s (  9.1m) | step:   1235 | train acc: 1.000 | train loss: 0.000 |warm_v acc: 0.776 (0.827, 0.702) | warm_v dp gap: 0.1847
 16.65% | time:  24.2s (  9.5m) | step:   1270 | train acc: 1.000 | train loss: 0.000 |warm_t acc: 0.765 (0.819, 0.681) | warm_t dp gap: 0.1804
 16.65% | time:   1.5s (  9.5m) | step:   1270 | train acc: 1.000 | train loss: 0.000 |warm_v acc: 0.786 (0.832, 0.713) | warm_v dp gap: 0.1971
Epoch 2
 19.28% | time:  72.8s ( 10.7m) | step:   1471 | train acc: 1.000 | train loss: 0.000 |test acc: 0.766 (0.819, 0.682) | test dp gap: 0.1811
 19.28% | time:   1.6s ( 10.8m) | step:   1471 | train acc: 1.000 | train loss: 0.000 |val acc: 0.783 (0.830, 0.707) | val dp gap: 0.1831
begin calculating influence
selected layers: [Traced<ShapedArray(float32[768])>with<DynamicJaxprTrace(level=0/1)>, Traced<ShapedArray(float32[8,8,3,768])>with<DynamicJaxprTrace(level=0/1)>, Traced<ShapedArray(float32[2])>with<DynamicJaxprTrace(level=0/1)>, Traced<ShapedArray(float32[768,2])>with<DynamicJaxprTrace(level=0/1)>]
calculating influence -- done
Files already downloaded and verified
3511 labeled samples and 159259 unlabeled samples. Total: 162770
Use 3511 samples. Get 3511 labels. Ratio: 1.0
 21.90% | time: 775.4s ( 23.7m) | step:   1671 | train acc: 1.000 | train loss: 0.004 |test acc: 0.760 (0.808, 0.684) | test dp gap: 0.2124
 21.90% | time:   1.5s ( 23.7m) | step:   1671 | train acc: 1.000 | train loss: 0.004 |val acc: 0.770 (0.819, 0.693) | val dp gap: 0.2347
begin calculating influence
calculating influence -- done
Files already downloaded and verified
3767 labeled samples and 159003 unlabeled samples. Total: 162770
Use 3767 samples. Get 3767 labels. Ratio: 1.0
 24.52% | time: 750.6s ( 36.2m) | step:   1871 | train acc: 0.996 | train loss: 0.029 |test acc: 0.762 (0.811, 0.685) | test dp gap: 0.1970
 24.52% | time:   1.5s ( 36.2m) | step:   1871 | train acc: 0.996 | train loss: 0.029 |val acc: 0.758 (0.814, 0.672) | val dp gap: 0.1997
begin calculating influence
calculating influence -- done
Files already downloaded and verified
4023 labeled samples and 158747 unlabeled samples. Total: 162770
Use 4023 samples. Get 4023 labels. Ratio: 1.0
 24.98% | time: 683.2s ( 47.6m) | step:   1906 | train acc: 0.973 | train loss: 0.080 |test acc: 0.763 (0.811, 0.686) | test dp gap: 0.2132
 24.98% | time:   1.5s ( 47.7m) | step:   1906 | train acc: 0.973 | train loss: 0.080 |val acc: 0.768 (0.821, 0.684) | val dp gap: 0.2153
begin calculating influence
calculating influence -- done
Files already downloaded and verified
4279 labeled samples and 158491 unlabeled samples. Total: 162770
Use 4279 samples. Get 4279 labels. Ratio: 1.0
Epoch 3
 27.62% | time: 749.5s ( 60.1m) | step:   2107 | train acc: 0.965 | train loss: 0.069 |test acc: 0.773 (0.828, 0.686) | test dp gap: 0.1333
 27.62% | time:   1.4s ( 60.2m) | step:   2107 | train acc: 0.965 | train loss: 0.069 |val acc: 0.788 (0.842, 0.704) | val dp gap: 0.1418
begin calculating influence
calculating influence -- done
Files already downloaded and verified
4535 labeled samples and 158235 unlabeled samples. Total: 162770
Use 4535 samples. Get 4535 labels. Ratio: 1.0
 30.24% | time: 745.9s ( 72.6m) | step:   2307 | train acc: 1.000 | train loss: 0.001 |test acc: 0.772 (0.822, 0.693) | test dp gap: 0.1882
 30.24% | time:   1.4s ( 72.6m) | step:   2307 | train acc: 1.000 | train loss: 0.001 |val acc: 0.767 (0.822, 0.679) | val dp gap: 0.1984
begin calculating influence
calculating influence -- done
Files already downloaded and verified
4791 labeled samples and 157979 unlabeled samples. Total: 162770
Use 4791 samples. Get 4791 labels. Ratio: 1.0
 32.86% | time: 744.9s ( 85.0m) | step:   2507 | train acc: 1.000 | train loss: 0.000 |test acc: 0.775 (0.821, 0.701) | test dp gap: 0.1799
 32.86% | time:   1.4s ( 85.1m) | step:   2507 | train acc: 1.000 | train loss: 0.000 |val acc: 0.765 (0.817, 0.687) | val dp gap: 0.1814
begin calculating influence
calculating influence -- done
Files already downloaded and verified
5047 labeled samples and 157723 unlabeled samples. Total: 162770
Use 5047 samples. Get 5047 labels. Ratio: 1.0
 33.32% | time: 683.5s ( 96.5m) | step:   2542 | train acc: 0.996 | train loss: 0.021 |test acc: 0.767 (0.820, 0.683) | test dp gap: 0.1510
 33.32% | time:   1.2s ( 96.5m) | step:   2542 | train acc: 0.996 | train loss: 0.021 |val acc: 0.767 (0.807, 0.703) | val dp gap: 0.1300
begin calculating influence
calculating influence -- done
Files already downloaded and verified
5303 labeled samples and 157467 unlabeled samples. Total: 162770
Use 5303 samples. Get 5303 labels. Ratio: 1.0
Epoch 4
 35.95% | time: 740.9s (108.8m) | step:   2743 | train acc: 1.000 | train loss: 0.000 |test acc: 0.777 (0.824, 0.702) | test dp gap: 0.1855
 35.95% | time:   1.5s (108.8m) | step:   2743 | train acc: 1.000 | train loss: 0.000 |val acc: 0.778 (0.814, 0.722) | val dp gap: 0.1772
begin calculating influence
calculating influence -- done
Files already downloaded and verified
5559 labeled samples and 157211 unlabeled samples. Total: 162770
Use 5559 samples. Get 5559 labels. Ratio: 1.0
 38.58% | time: 738.4s (121.2m) | step:   2943 | train acc: 1.000 | train loss: 0.000 |test acc: 0.776 (0.824, 0.698) | test dp gap: 0.1932
 38.58% | time:   1.5s (121.2m) | step:   2943 | train acc: 1.000 | train loss: 0.000 |val acc: 0.781 (0.827, 0.706) | val dp gap: 0.1910
begin calculating influence
calculating influence -- done
Files already downloaded and verified
5815 labeled samples and 156955 unlabeled samples. Total: 162770
Use 5815 samples. Get 5815 labels. Ratio: 1.0
 41.20% | time: 740.5s (133.5m) | step:   3143 | train acc: 1.000 | train loss: 0.000 |test acc: 0.777 (0.825, 0.701) | test dp gap: 0.1848
 41.20% | time:   1.4s (133.5m) | step:   3143 | train acc: 1.000 | train loss: 0.000 |val acc: 0.781 (0.832, 0.704) | val dp gap: 0.1715
begin calculating influence
calculating influence -- done
Files already downloaded and verified
6071 labeled samples and 156699 unlabeled samples. Total: 162770
Use 6071 samples. Get 6071 labels. Ratio: 1.0
 41.66% | time: 693.6s (145.1m) | step:   3178 | train acc: 0.992 | train loss: 0.020 |test acc: 0.774 (0.826, 0.690) | test dp gap: 0.1698
 41.66% | time:   1.4s (145.1m) | step:   3178 | train acc: 0.992 | train loss: 0.020 |val acc: 0.788 (0.837, 0.708) | val dp gap: 0.1781
begin calculating influence
calculating influence -- done
Files already downloaded and verified
6327 labeled samples and 156443 unlabeled samples. Total: 162770
Use 6327 samples. Get 6327 labels. Ratio: 1.0
Epoch 5
 44.29% | time: 740.9s (157.5m) | step:   3379 | train acc: 1.000 | train loss: 0.000 |test acc: 0.778 (0.824, 0.704) | test dp gap: 0.1777
 44.29% | time:   1.4s (157.5m) | step:   3379 | train acc: 1.000 | train loss: 0.000 |val acc: 0.785 (0.833, 0.703) | val dp gap: 0.1873
begin calculating influence
calculating influence -- done
Files already downloaded and verified
6583 labeled samples and 156187 unlabeled samples. Total: 162770
Use 6583 samples. Get 6583 labels. Ratio: 1.0
 46.91% | time: 750.5s (170.0m) | step:   3579 | train acc: 1.000 | train loss: 0.000 |test acc: 0.777 (0.825, 0.701) | test dp gap: 0.1788
 46.91% | time:   1.4s (170.0m) | step:   3579 | train acc: 1.000 | train loss: 0.000 |val acc: 0.773 (0.816, 0.706) | val dp gap: 0.1885
begin calculating influence
calculating influence -- done
Files already downloaded and verified
6839 labeled samples and 155931 unlabeled samples. Total: 162770
Use 6839 samples. Get 6839 labels. Ratio: 1.0
 49.53% | time: 750.9s (182.5m) | step:   3779 | train acc: 1.000 | train loss: 0.000 |test acc: 0.774 (0.823, 0.696) | test dp gap: 0.1836
 49.53% | time:   1.5s (182.6m) | step:   3779 | train acc: 1.000 | train loss: 0.000 |val acc: 0.783 (0.817, 0.727) | val dp gap: 0.1680
begin calculating influence
calculating influence -- done
Files already downloaded and verified
7095 labeled samples and 155675 unlabeled samples. Total: 162770
Use 7095 samples. Get 7095 labels. Ratio: 1.0
 49.99% | time: 690.8s (194.1m) | step:   3814 | train acc: 0.996 | train loss: 0.011 |test acc: 0.774 (0.822, 0.699) | test dp gap: 0.1788
 49.99% | time:   1.4s (194.1m) | step:   3814 | train acc: 0.996 | train loss: 0.011 |val acc: 0.787 (0.830, 0.717) | val dp gap: 0.1734
begin calculating influence
calculating influence -- done
Files already downloaded and verified
7351 labeled samples and 155419 unlabeled samples. Total: 162770
Use 7351 samples. Get 7351 labels. Ratio: 1.0
Epoch 6
 52.62% | time: 744.1s (206.5m) | step:   4014 | train acc: 1.000 | train loss: 0.000 |test acc: 0.777 (0.827, 0.698) | test dp gap: 0.1873
 52.62% | time:   1.4s (206.5m) | step:   4014 | train acc: 1.000 | train loss: 0.000 |val acc: 0.794 (0.836, 0.730) | val dp gap: 0.1845
begin calculating influence
calculating influence -- done
Files already downloaded and verified
7607 labeled samples and 155163 unlabeled samples. Total: 162770
Use 7607 samples. Get 7607 labels. Ratio: 1.0
 55.24% | time: 750.9s (219.0m) | step:   4214 | train acc: 1.000 | train loss: 0.000 |test acc: 0.776 (0.825, 0.699) | test dp gap: 0.1825
 55.24% | time:   1.4s (219.1m) | step:   4214 | train acc: 1.000 | train loss: 0.000 |val acc: 0.786 (0.835, 0.710) | val dp gap: 0.1810
begin calculating influence
calculating influence -- done
Files already downloaded and verified
7863 labeled samples and 154907 unlabeled samples. Total: 162770
Use 7863 samples. Get 7863 labels. Ratio: 1.0
 57.86% | time: 750.5s (231.6m) | step:   4414 | train acc: 1.000 | train loss: 0.000 |test acc: 0.779 (0.826, 0.703) | test dp gap: 0.1854
 57.86% | time:   1.4s (231.6m) | step:   4414 | train acc: 1.000 | train loss: 0.000 |val acc: 0.794 (0.834, 0.731) | val dp gap: 0.1954
begin calculating influence
calculating influence -- done
Files already downloaded and verified
8119 labeled samples and 154651 unlabeled samples. Total: 162770
Use 8119 samples. Get 8119 labels. Ratio: 1.0
 58.32% | time: 691.5s (243.1m) | step:   4449 | train acc: 0.992 | train loss: 0.041 |test acc: 0.775 (0.828, 0.692) | test dp gap: 0.1724
 58.32% | time:   1.5s (243.2m) | step:   4449 | train acc: 0.992 | train loss: 0.041 |val acc: 0.781 (0.833, 0.697) | val dp gap: 0.1349
begin calculating influence
calculating influence -- done
Files already downloaded and verified
8375 labeled samples and 154395 unlabeled samples. Total: 162770
Use 8375 samples. Get 8375 labels. Ratio: 1.0
Epoch 7
 60.95% | time: 743.0s (255.5m) | step:   4650 | train acc: 1.000 | train loss: 0.000 |test acc: 0.777 (0.824, 0.701) | test dp gap: 0.1780
 60.95% | time:   1.3s (255.6m) | step:   4650 | train acc: 1.000 | train loss: 0.000 |val acc: 0.799 (0.841, 0.735) | val dp gap: 0.2002
begin calculating influence
calculating influence -- done
Files already downloaded and verified
8631 labeled samples and 154139 unlabeled samples. Total: 162770
Use 8631 samples. Get 8631 labels. Ratio: 1.0
 63.57% | time: 749.7s (268.1m) | step:   4850 | train acc: 1.000 | train loss: 0.000 |test acc: 0.773 (0.820, 0.699) | test dp gap: 0.1871
 63.57% | time:   1.2s (268.1m) | step:   4850 | train acc: 1.000 | train loss: 0.000 |val acc: 0.781 (0.818, 0.722) | val dp gap: 0.1823
begin calculating influence
calculating influence -- done
Files already downloaded and verified
8887 labeled samples and 153883 unlabeled samples. Total: 162770
Use 8887 samples. Get 8887 labels. Ratio: 1.0
 66.19% | time: 750.1s (280.6m) | step:   5050 | train acc: 1.000 | train loss: 0.000 |test acc: 0.776 (0.823, 0.701) | test dp gap: 0.1730
 66.19% | time:   1.2s (280.6m) | step:   5050 | train acc: 1.000 | train loss: 0.000 |val acc: 0.786 (0.825, 0.726) | val dp gap: 0.1730
begin calculating influence
calculating influence -- done
Files already downloaded and verified
9143 labeled samples and 153627 unlabeled samples. Total: 162770
Use 9143 samples. Get 9143 labels. Ratio: 1.0
 66.65% | time: 687.5s (292.1m) | step:   5085 | train acc: 0.992 | train loss: 0.039 |test acc: 0.768 (0.819, 0.689) | test dp gap: 0.1907
 66.65% | time:   1.4s (292.1m) | step:   5085 | train acc: 0.992 | train loss: 0.039 |val acc: 0.793 (0.836, 0.725) | val dp gap: 0.2102
begin calculating influence
calculating influence -- done
Files already downloaded and verified
9399 labeled samples and 153371 unlabeled samples. Total: 162770
Use 9399 samples. Get 9399 labels. Ratio: 1.0
Epoch 8
 69.29% | time: 736.9s (304.4m) | step:   5286 | train acc: 1.000 | train loss: 0.000 |test acc: 0.781 (0.827, 0.706) | test dp gap: 0.1754
 69.29% | time:   1.4s (304.4m) | step:   5286 | train acc: 1.000 | train loss: 0.000 |val acc: 0.793 (0.838, 0.724) | val dp gap: 0.1764
begin calculating influence
calculating influence -- done
Files already downloaded and verified
9655 labeled samples and 153115 unlabeled samples. Total: 162770
Use 9655 samples. Get 9655 labels. Ratio: 1.0
 71.91% | time: 745.3s (316.8m) | step:   5486 | train acc: 1.000 | train loss: 0.000 |test acc: 0.778 (0.824, 0.705) | test dp gap: 0.1920
 71.91% | time:   1.4s (316.8m) | step:   5486 | train acc: 1.000 | train loss: 0.000 |val acc: 0.792 (0.823, 0.743) | val dp gap: 0.1964
begin calculating influence
calculating influence -- done
Files already downloaded and verified
9911 labeled samples and 152859 unlabeled samples. Total: 162770
Use 9911 samples. Get 9911 labels. Ratio: 1.0
 74.53% | time: 744.8s (329.2m) | step:   5686 | train acc: 1.000 | train loss: 0.000 |test acc: 0.780 (0.827, 0.705) | test dp gap: 0.1755
 74.53% | time:   1.5s (329.3m) | step:   5686 | train acc: 1.000 | train loss: 0.000 |val acc: 0.794 (0.834, 0.732) | val dp gap: 0.1890
begin calculating influence
calculating influence -- done
Files already downloaded and verified
10167 labeled samples and 152603 unlabeled samples. Total: 162770
Use 10167 samples. Get 10167 labels. Ratio: 1.0
 74.99% | time: 678.2s (340.6m) | step:   5721 | train acc: 0.988 | train loss: 0.050 |test acc: 0.771 (0.819, 0.694) | test dp gap: 0.1798
 74.99% | time:   1.4s (340.6m) | step:   5721 | train acc: 0.988 | train loss: 0.050 |val acc: 0.775 (0.829, 0.692) | val dp gap: 0.2079
begin calculating influence
calculating influence -- done
Files already downloaded and verified
10423 labeled samples and 152347 unlabeled samples. Total: 162770
Use 10423 samples. Get 10423 labels. Ratio: 1.0
Epoch 9
 77.62% | time: 737.2s (352.9m) | step:   5922 | train acc: 1.000 | train loss: 0.000 |test acc: 0.782 (0.830, 0.707) | test dp gap: 0.1841
 77.62% | time:   1.3s (352.9m) | step:   5922 | train acc: 1.000 | train loss: 0.000 |val acc: 0.799 (0.842, 0.734) | val dp gap: 0.1716
begin calculating influence
calculating influence -- done
Files already downloaded and verified
10679 labeled samples and 152091 unlabeled samples. Total: 162770
Use 10679 samples. Get 10679 labels. Ratio: 1.0
 80.25% | time: 744.9s (365.3m) | step:   6122 | train acc: 1.000 | train loss: 0.000 |test acc: 0.778 (0.828, 0.699) | test dp gap: 0.1769
 80.25% | time:   1.5s (365.3m) | step:   6122 | train acc: 1.000 | train loss: 0.000 |val acc: 0.784 (0.827, 0.715) | val dp gap: 0.2037
begin calculating influence
calculating influence -- done
Files already downloaded and verified
10935 labeled samples and 151835 unlabeled samples. Total: 162770
Use 10935 samples. Get 10935 labels. Ratio: 1.0
 82.87% | time: 744.9s (377.8m) | step:   6322 | train acc: 1.000 | train loss: 0.000 |test acc: 0.782 (0.829, 0.708) | test dp gap: 0.1772
 82.87% | time:   1.5s (377.8m) | step:   6322 | train acc: 1.000 | train loss: 0.000 |val acc: 0.788 (0.832, 0.719) | val dp gap: 0.1822
begin calculating influence
calculating influence -- done
Files already downloaded and verified
11191 labeled samples and 151579 unlabeled samples. Total: 162770
Use 11191 samples. Get 11191 labels. Ratio: 1.0
 83.33% | time: 688.9s (389.3m) | step:   6357 | train acc: 0.992 | train loss: 0.059 |test acc: 0.776 (0.828, 0.694) | test dp gap: 0.1667
 83.33% | time:   1.5s (389.3m) | step:   6357 | train acc: 0.992 | train loss: 0.059 |val acc: 0.786 (0.826, 0.725) | val dp gap: 0.1563
begin calculating influence
calculating influence -- done
Files already downloaded and verified
11447 labeled samples and 151323 unlabeled samples. Total: 162770
Use 11447 samples. Get 11447 labels. Ratio: 1.0
Epoch 10
 85.96% | time: 743.9s (401.7m) | step:   6558 | train acc: 1.000 | train loss: 0.000 |test acc: 0.781 (0.827, 0.707) | test dp gap: 0.1801
 85.96% | time:   1.5s (401.7m) | step:   6558 | train acc: 1.000 | train loss: 0.000 |val acc: 0.799 (0.831, 0.750) | val dp gap: 0.1717
begin calculating influence
calculating influence -- done
Files already downloaded and verified
11703 labeled samples and 151067 unlabeled samples. Total: 162770
Use 11703 samples. Get 11703 labels. Ratio: 1.0
 88.58% | time: 747.9s (414.2m) | step:   6758 | train acc: 1.000 | train loss: 0.000 |test acc: 0.776 (0.822, 0.703) | test dp gap: 0.1819
 88.58% | time:   1.5s (414.2m) | step:   6758 | train acc: 1.000 | train loss: 0.000 |val acc: 0.757 (0.795, 0.700) | val dp gap: 0.1537
begin calculating influence
calculating influence -- done
Files already downloaded and verified
11959 labeled samples and 150811 unlabeled samples. Total: 162770
Use 11959 samples. Get 11959 labels. Ratio: 1.0
 91.20% | time: 743.7s (426.6m) | step:   6958 | train acc: 1.000 | train loss: 0.000 |test acc: 0.784 (0.834, 0.705) | test dp gap: 0.1729
 91.20% | time:   1.5s (426.6m) | step:   6958 | train acc: 1.000 | train loss: 0.000 |val acc: 0.791 (0.833, 0.726) | val dp gap: 0.1742
begin calculating influence
calculating influence -- done
Files already downloaded and verified
12215 labeled samples and 150555 unlabeled samples. Total: 162770
Use 12215 samples. Get 12215 labels. Ratio: 1.0
 91.66% | time: 686.6s (438.1m) | step:   6993 | train acc: 0.988 | train loss: 0.090 |test acc: 0.770 (0.816, 0.697) | test dp gap: 0.2029
 91.66% | time:   1.6s (438.1m) | step:   6993 | train acc: 0.988 | train loss: 0.090 |val acc: 0.775 (0.809, 0.723) | val dp gap: 0.2097
begin calculating influence
calculating influence -- done
Files already downloaded and verified
12471 labeled samples and 150299 unlabeled samples. Total: 162770
Use 12471 samples. Get 12471 labels. Ratio: 1.0
Epoch 11
 94.30% | time: 743.4s (450.5m) | step:   7194 | train acc: 1.000 | train loss: 0.000 |test acc: 0.782 (0.829, 0.706) | test dp gap: 0.1826
 94.30% | time:   1.5s (450.5m) | step:   7194 | train acc: 1.000 | train loss: 0.000 |val acc: 0.785 (0.833, 0.708) | val dp gap: 0.1901
begin calculating influence
calculating influence -- done
Files already downloaded and verified
12727 labeled samples and 150043 unlabeled samples. Total: 162770
Use 12727 samples. Get 12727 labels. Ratio: 1.0
 96.92% | time: 743.5s (462.9m) | step:   7394 | train acc: 1.000 | train loss: 0.001 |test acc: 0.774 (0.821, 0.699) | test dp gap: 0.1715
 96.92% | time:   1.4s (462.9m) | step:   7394 | train acc: 1.000 | train loss: 0.001 |val acc: 0.792 (0.823, 0.742) | val dp gap: 0.1744
begin calculating influence
calculating influence -- done
Files already downloaded and verified
12983 labeled samples and 149787 unlabeled samples. Total: 162770
Use 12983 samples. Get 12983 labels. Ratio: 1.0
 99.54% | time: 743.9s (475.3m) | step:   7594 | train acc: 1.000 | train loss: 0.001 |test acc: 0.774 (0.819, 0.701) | test dp gap: 0.2070
 99.54% | time:   1.4s (475.3m) | step:   7594 | train acc: 1.000 | train loss: 0.001 |val acc: 0.783 (0.823, 0.720) | val dp gap: 0.2054
begin calculating influence
calculating influence -- done
Files already downloaded and verified
13239 labeled samples and 149531 unlabeled samples. Total: 162770
Use 13239 samples. Get 13239 labels. Ratio: 1.0
100.00% | time: 636.0s (485.9m) | step:   7629 | train acc: 1.000 | train loss: 0.000 |test acc: 0.777 (0.821, 0.708) | test dp gap: 0.1940
100.00% | time:   1.2s (486.0m) | step:   7629 | train acc: 1.000 | train loss: 0.000 |val acc: 0.803 (0.842, 0.738) | val dp gap: 0.1954
begin calculating influence
calculating influence -- done
Files already downloaded and verified
13495 labeled samples and 149275 unlabeled samples. Total: 162770
Use 13495 samples. Get 13495 labels. Ratio: 1.0
