Files already downloaded and verified
3255 labeled samples and 159515 unlabeled samples. Total: 162770
Files already downloaded and verified
1996 labeled samples and 17966 unlabeled samples. Total: 19962
Numer of layers 200
train net...
train with 162770 samples (with replacement) in one epoch
Epoch 0
  2.62% | time:  90.9s (  1.5m) | step:    200 | train acc: 0.926 | train loss: 0.190 |warm_t acc: 0.775 (0.826, 0.695) | warm_t dp gap: 0.1482
  2.62% | time:   7.2s (  1.6m) | step:    200 | train acc: 0.926 | train loss: 0.190 |warm_v acc: 0.783 (0.832, 0.701) | warm_v dp gap: 0.1494
  5.24% | time:  75.3s (  2.9m) | step:    400 | train acc: 0.770 | train loss: 0.491 |warm_t acc: 0.757 (0.827, 0.645) | warm_t dp gap: 0.0744
  5.24% | time:   1.4s (  2.9m) | step:    400 | train acc: 0.770 | train loss: 0.491 |warm_v acc: 0.772 (0.833, 0.675) | warm_v dp gap: 0.0837
  7.86% | time:  78.1s (  4.2m) | step:    600 | train acc: 0.898 | train loss: 0.223 |warm_t acc: 0.765 (0.814, 0.687) | warm_t dp gap: 0.1977
  7.86% | time:   1.3s (  4.2m) | step:    600 | train acc: 0.898 | train loss: 0.223 |warm_v acc: 0.764 (0.816, 0.679) | warm_v dp gap: 0.1958
  8.32% | time:  20.9s (  4.6m) | step:    635 | train acc: 0.969 | train loss: 0.116 |warm_t acc: 0.751 (0.796, 0.679) | warm_t dp gap: 0.2150
  8.32% | time:   1.4s (  4.6m) | step:    635 | train acc: 0.969 | train loss: 0.116 |warm_v acc: 0.751 (0.796, 0.682) | warm_v dp gap: 0.2076
Epoch 1
 10.95% | time:  77.9s (  5.9m) | step:    835 | train acc: 0.871 | train loss: 0.321 |warm_t acc: 0.775 (0.832, 0.685) | warm_t dp gap: 0.1563
 10.95% | time:   1.3s (  5.9m) | step:    835 | train acc: 0.871 | train loss: 0.321 |warm_v acc: 0.791 (0.849, 0.699) | warm_v dp gap: 0.1567
 13.57% | time:  77.2s (  7.2m) | step:   1035 | train acc: 0.969 | train loss: 0.090 |warm_t acc: 0.750 (0.798, 0.672) | warm_t dp gap: 0.2241
 13.57% | time:   1.5s (  7.2m) | step:   1035 | train acc: 0.969 | train loss: 0.090 |warm_v acc: 0.761 (0.801, 0.698) | warm_v dp gap: 0.2063
 16.19% | time:  78.0s (  8.5m) | step:   1235 | train acc: 1.000 | train loss: 0.000 |warm_t acc: 0.755 (0.806, 0.674) | warm_t dp gap: 0.2015
 16.19% | time:   1.4s (  8.6m) | step:   1235 | train acc: 1.000 | train loss: 0.000 |warm_v acc: 0.763 (0.812, 0.691) | warm_v dp gap: 0.1888
 16.65% | time:  21.1s (  8.9m) | step:   1270 | train acc: 1.000 | train loss: 0.000 |warm_t acc: 0.755 (0.806, 0.673) | warm_t dp gap: 0.2010
 16.65% | time:   1.3s (  8.9m) | step:   1270 | train acc: 1.000 | train loss: 0.000 |warm_v acc: 0.775 (0.815, 0.711) | warm_v dp gap: 0.1800
Epoch 2
 19.28% | time:  78.3s ( 10.2m) | step:   1471 | train acc: 1.000 | train loss: 0.000 |test acc: 0.755 (0.806, 0.674) | test dp gap: 0.2027
 19.28% | time:   1.5s ( 10.3m) | step:   1471 | train acc: 1.000 | train loss: 0.000 |val acc: 0.776 (0.810, 0.721) | val dp gap: 0.1667
begin calculating influence
selected layers: [Traced<ShapedArray(float32[768])>with<DynamicJaxprTrace(level=0/1)>, Traced<ShapedArray(float32[8,8,3,768])>with<DynamicJaxprTrace(level=0/1)>, Traced<ShapedArray(float32[2])>with<DynamicJaxprTrace(level=0/1)>, Traced<ShapedArray(float32[768,2])>with<DynamicJaxprTrace(level=0/1)>]
[Strategy 2] Acc of expected label: 0.7698828125
calculating influence -- done
Files already downloaded and verified
3276 labeled samples and 159494 unlabeled samples. Total: 162770
Use 3276 samples. Get 3288 labels. Ratio: 0.9963503649635036
 21.90% | time: 736.2s ( 22.5m) | step:   1671 | train acc: 1.000 | train loss: 0.000 |test acc: 0.756 (0.806, 0.677) | test dp gap: 0.2004
 21.90% | time:   1.5s ( 22.6m) | step:   1671 | train acc: 1.000 | train loss: 0.000 |val acc: 0.772 (0.816, 0.705) | val dp gap: 0.1767
begin calculating influence
[Strategy 2] Acc of expected label: 0.7697265625
calculating influence -- done
Files already downloaded and verified
3334 labeled samples and 159436 unlabeled samples. Total: 162770
Use 3334 samples. Get 3375 labels. Ratio: 0.9878518518518519
 24.52% | time: 730.3s ( 34.7m) | step:   1871 | train acc: 1.000 | train loss: 0.000 |test acc: 0.756 (0.807, 0.676) | test dp gap: 0.1978
 24.52% | time:   1.4s ( 34.8m) | step:   1871 | train acc: 1.000 | train loss: 0.000 |val acc: 0.766 (0.812, 0.695) | val dp gap: 0.1843
begin calculating influence
[Strategy 2] Acc of expected label: 0.773203125
calculating influence -- done
Files already downloaded and verified
3402 labeled samples and 159368 unlabeled samples. Total: 162770
Use 3402 samples. Get 3476 labels. Ratio: 0.9787111622554661
 24.98% | time: 678.5s ( 46.1m) | step:   1906 | train acc: 1.000 | train loss: 0.000 |test acc: 0.757 (0.806, 0.679) | test dp gap: 0.1894
 24.98% | time:   1.4s ( 46.1m) | step:   1906 | train acc: 1.000 | train loss: 0.000 |val acc: 0.768 (0.813, 0.698) | val dp gap: 0.1724
begin calculating influence
[Strategy 2] Acc of expected label: 0.767578125
calculating influence -- done
Files already downloaded and verified
3444 labeled samples and 159326 unlabeled samples. Total: 162770
Use 3444 samples. Get 3568 labels. Ratio: 0.9652466367713004
Epoch 3
 27.62% | time: 728.5s ( 58.2m) | step:   2107 | train acc: 0.871 | train loss: 0.319 |test acc: 0.748 (0.795, 0.674) | test dp gap: 0.2246
 27.62% | time:   1.2s ( 58.2m) | step:   2107 | train acc: 0.871 | train loss: 0.319 |val acc: 0.775 (0.830, 0.692) | val dp gap: 0.2637
begin calculating influence
[Strategy 2] Acc of expected label: 0.7603515625
calculating influence -- done
Files already downloaded and verified
3700 labeled samples and 159070 unlabeled samples. Total: 162770
Use 3700 samples. Get 3915 labels. Ratio: 0.9450830140485313
 30.24% | time: 734.2s ( 70.5m) | step:   2307 | train acc: 0.996 | train loss: 0.026 |test acc: 0.753 (0.806, 0.670) | test dp gap: 0.1693
 30.24% | time:   1.2s ( 70.5m) | step:   2307 | train acc: 0.996 | train loss: 0.026 |val acc: 0.778 (0.819, 0.715) | val dp gap: 0.1824
begin calculating influence
[Strategy 2] Acc of expected label: 0.771015625
calculating influence -- done
Files already downloaded and verified
3837 labeled samples and 158933 unlabeled samples. Total: 162770
Use 3837 samples. Get 4117 labels. Ratio: 0.9319893126062667
 32.86% | time: 736.0s ( 82.8m) | step:   2507 | train acc: 0.898 | train loss: 0.286 |test acc: 0.771 (0.827, 0.682) | test dp gap: 0.1357
 32.86% | time:   1.2s ( 82.8m) | step:   2507 | train acc: 0.898 | train loss: 0.286 |val acc: 0.781 (0.835, 0.696) | val dp gap: 0.1501
begin calculating influence
[Strategy 2] Acc of expected label: 0.7891796875
calculating influence -- done
Files already downloaded and verified
3990 labeled samples and 158780 unlabeled samples. Total: 162770
Use 3990 samples. Get 4344 labels. Ratio: 0.9185082872928176
 33.32% | time: 682.0s ( 94.2m) | step:   2542 | train acc: 0.918 | train loss: 0.214 |test acc: 0.765 (0.822, 0.676) | test dp gap: 0.1388
 33.32% | time:   1.4s ( 94.2m) | step:   2542 | train acc: 0.918 | train loss: 0.214 |val acc: 0.768 (0.826, 0.676) | val dp gap: 0.1396
begin calculating influence
[Strategy 2] Acc of expected label: 0.78375
calculating influence -- done
Files already downloaded and verified
4246 labeled samples and 158524 unlabeled samples. Total: 162770
Use 4246 samples. Get 4740 labels. Ratio: 0.8957805907172995
Epoch 4
 35.95% | time: 736.4s (106.5m) | step:   2743 | train acc: 0.992 | train loss: 0.040 |test acc: 0.752 (0.805, 0.669) | test dp gap: 0.1707
 35.95% | time:   1.4s (106.5m) | step:   2743 | train acc: 0.992 | train loss: 0.040 |val acc: 0.759 (0.806, 0.686) | val dp gap: 0.1896
begin calculating influence
[Strategy 2] Acc of expected label: 0.76125
calculating influence -- done
Files already downloaded and verified
4406 labeled samples and 158364 unlabeled samples. Total: 162770
Use 4406 samples. Get 4958 labels. Ratio: 0.8886647841871722
 38.58% | time: 735.7s (118.7m) | step:   2943 | train acc: 0.938 | train loss: 0.152 |test acc: 0.758 (0.810, 0.676) | test dp gap: 0.1789
 38.58% | time:   1.4s (118.8m) | step:   2943 | train acc: 0.938 | train loss: 0.152 |val acc: 0.758 (0.814, 0.672) | val dp gap: 0.2025
begin calculating influence
[Strategy 2] Acc of expected label: 0.774375
calculating influence -- done
Files already downloaded and verified
4528 labeled samples and 158242 unlabeled samples. Total: 162770
Use 4528 samples. Get 5125 labels. Ratio: 0.8835121951219512
 41.20% | time: 740.8s (131.1m) | step:   3143 | train acc: 0.977 | train loss: 0.064 |test acc: 0.745 (0.793, 0.670) | test dp gap: 0.1689
 41.20% | time:   1.4s (131.1m) | step:   3143 | train acc: 0.977 | train loss: 0.064 |val acc: 0.762 (0.808, 0.691) | val dp gap: 0.2100
begin calculating influence
[Strategy 2] Acc of expected label: 0.7624609375
calculating influence -- done
Files already downloaded and verified
4784 labeled samples and 157986 unlabeled samples. Total: 162770
Use 4784 samples. Get 5490 labels. Ratio: 0.8714025500910747
 41.66% | time: 666.1s (142.2m) | step:   3178 | train acc: 0.953 | train loss: 0.146 |test acc: 0.763 (0.818, 0.676) | test dp gap: 0.1498
 41.66% | time:   1.4s (142.3m) | step:   3178 | train acc: 0.953 | train loss: 0.146 |val acc: 0.775 (0.823, 0.702) | val dp gap: 0.1702
begin calculating influence
[Strategy 2] Acc of expected label: 0.7772265625
calculating influence -- done
Files already downloaded and verified
4794 labeled samples and 157976 unlabeled samples. Total: 162770
Use 4794 samples. Get 5502 labels. Ratio: 0.871319520174482
Epoch 5
 44.29% | time: 740.1s (154.6m) | step:   3379 | train acc: 1.000 | train loss: 0.001 |test acc: 0.762 (0.816, 0.677) | test dp gap: 0.1377
 44.29% | time:   1.4s (154.6m) | step:   3379 | train acc: 1.000 | train loss: 0.001 |val acc: 0.775 (0.827, 0.698) | val dp gap: 0.1698
begin calculating influence
[Strategy 2] Acc of expected label: 0.784765625
calculating influence -- done
Files already downloaded and verified
4803 labeled samples and 157967 unlabeled samples. Total: 162770
Use 4803 samples. Get 5523 labels. Ratio: 0.8696360673546986
 46.91% | time: 736.7s (166.9m) | step:   3579 | train acc: 1.000 | train loss: 0.000 |test acc: 0.760 (0.814, 0.676) | test dp gap: 0.1432
 46.91% | time:   1.3s (166.9m) | step:   3579 | train acc: 1.000 | train loss: 0.000 |val acc: 0.775 (0.825, 0.697) | val dp gap: 0.1546
begin calculating influence
[Strategy 2] Acc of expected label: 0.7823828125
calculating influence -- done
Files already downloaded and verified
4833 labeled samples and 157937 unlabeled samples. Total: 162770
Use 4833 samples. Get 5562 labels. Ratio: 0.8689320388349514
 49.53% | time: 737.3s (179.2m) | step:   3779 | train acc: 1.000 | train loss: 0.000 |test acc: 0.761 (0.814, 0.675) | test dp gap: 0.1420
 49.53% | time:   1.4s (179.2m) | step:   3779 | train acc: 1.000 | train loss: 0.000 |val acc: 0.777 (0.825, 0.701) | val dp gap: 0.1590
begin calculating influence
[Strategy 2] Acc of expected label: 0.7790234375
calculating influence -- done
Files already downloaded and verified
4856 labeled samples and 157914 unlabeled samples. Total: 162770
Use 4856 samples. Get 5597 labels. Ratio: 0.8676076469537252
 49.99% | time: 676.6s (190.5m) | step:   3814 | train acc: 1.000 | train loss: 0.001 |test acc: 0.763 (0.816, 0.678) | test dp gap: 0.1386
 49.99% | time:   1.5s (190.5m) | step:   3814 | train acc: 1.000 | train loss: 0.001 |val acc: 0.785 (0.833, 0.709) | val dp gap: 0.1782
begin calculating influence
[Strategy 2] Acc of expected label: 0.7759765625
calculating influence -- done
Files already downloaded and verified
4866 labeled samples and 157904 unlabeled samples. Total: 162770
Use 4866 samples. Get 5613 labels. Ratio: 0.8669160876536611
Epoch 6
 52.62% | time: 735.2s (202.8m) | step:   4014 | train acc: 1.000 | train loss: 0.000 |test acc: 0.762 (0.816, 0.676) | test dp gap: 0.1406
 52.62% | time:   1.4s (202.8m) | step:   4014 | train acc: 1.000 | train loss: 0.000 |val acc: 0.775 (0.813, 0.714) | val dp gap: 0.1560
begin calculating influence
[Strategy 2] Acc of expected label: 0.778046875
calculating influence -- done
Files already downloaded and verified
4883 labeled samples and 157887 unlabeled samples. Total: 162770
Use 4883 samples. Get 5639 labels. Ratio: 0.8659336761837205
 55.24% | time: 735.3s (215.1m) | step:   4214 | train acc: 1.000 | train loss: 0.000 |test acc: 0.763 (0.818, 0.675) | test dp gap: 0.1438
 55.24% | time:   1.4s (215.1m) | step:   4214 | train acc: 1.000 | train loss: 0.000 |val acc: 0.779 (0.835, 0.693) | val dp gap: 0.1603
begin calculating influence
[Strategy 2] Acc of expected label: 0.7840625
calculating influence -- done
Files already downloaded and verified
4906 labeled samples and 157864 unlabeled samples. Total: 162770
Use 4906 samples. Get 5675 labels. Ratio: 0.8644933920704846
 57.86% | time: 734.4s (227.3m) | step:   4414 | train acc: 1.000 | train loss: 0.000 |test acc: 0.762 (0.818, 0.674) | test dp gap: 0.1428
 57.86% | time:   1.4s (227.3m) | step:   4414 | train acc: 1.000 | train loss: 0.000 |val acc: 0.782 (0.828, 0.708) | val dp gap: 0.1543
begin calculating influence
[Strategy 2] Acc of expected label: 0.77984375
calculating influence -- done
Files already downloaded and verified
4921 labeled samples and 157849 unlabeled samples. Total: 162770
Use 4921 samples. Get 5697 labels. Ratio: 0.8637879585746885
 58.32% | time: 676.5s (238.6m) | step:   4449 | train acc: 1.000 | train loss: 0.000 |test acc: 0.760 (0.814, 0.675) | test dp gap: 0.1526
 58.32% | time:   1.5s (238.6m) | step:   4449 | train acc: 1.000 | train loss: 0.000 |val acc: 0.777 (0.827, 0.698) | val dp gap: 0.1665
begin calculating influence
[Strategy 2] Acc of expected label: 0.7765625
calculating influence -- done
Files already downloaded and verified
4961 labeled samples and 157809 unlabeled samples. Total: 162770
Use 4961 samples. Get 5749 labels. Ratio: 0.862932683945034
Epoch 7
 60.95% | time: 735.1s (250.9m) | step:   4650 | train acc: 1.000 | train loss: 0.003 |test acc: 0.766 (0.822, 0.677) | test dp gap: 0.1580
 60.95% | time:   1.4s (250.9m) | step:   4650 | train acc: 1.000 | train loss: 0.003 |val acc: 0.773 (0.825, 0.693) | val dp gap: 0.1888
begin calculating influence
[Strategy 2] Acc of expected label: 0.7837109375
calculating influence -- done
Files already downloaded and verified
4962 labeled samples and 157808 unlabeled samples. Total: 162770
Use 4962 samples. Get 5751 labels. Ratio: 0.8628064684402713
 63.57% | time: 735.0s (263.2m) | step:   4850 | train acc: 1.000 | train loss: 0.001 |test acc: 0.765 (0.821, 0.677) | test dp gap: 0.1537
 63.57% | time:   1.2s (263.2m) | step:   4850 | train acc: 1.000 | train loss: 0.001 |val acc: 0.775 (0.835, 0.681) | val dp gap: 0.1781
begin calculating influence
[Strategy 2] Acc of expected label: 0.77875
calculating influence -- done
Files already downloaded and verified
4971 labeled samples and 157799 unlabeled samples. Total: 162770
Use 4971 samples. Get 5761 labels. Ratio: 0.8628710293351849
 66.19% | time: 737.5s (275.5m) | step:   5050 | train acc: 1.000 | train loss: 0.000 |test acc: 0.766 (0.821, 0.677) | test dp gap: 0.1540
 66.19% | time:   1.6s (275.5m) | step:   5050 | train acc: 1.000 | train loss: 0.000 |val acc: 0.785 (0.843, 0.694) | val dp gap: 0.1928
begin calculating influence
[Strategy 2] Acc of expected label: 0.7842578125
calculating influence -- done
Files already downloaded and verified
4972 labeled samples and 157798 unlabeled samples. Total: 162770
Use 4972 samples. Get 5767 labels. Ratio: 0.8621466967227328
 66.65% | time: 667.0s (286.6m) | step:   5085 | train acc: 1.000 | train loss: 0.000 |test acc: 0.766 (0.822, 0.678) | test dp gap: 0.1533
 66.65% | time:   1.5s (286.7m) | step:   5085 | train acc: 1.000 | train loss: 0.000 |val acc: 0.765 (0.824, 0.674) | val dp gap: 0.1683
begin calculating influence
[Strategy 2] Acc of expected label: 0.781171875
calculating influence -- done
Files already downloaded and verified
4974 labeled samples and 157796 unlabeled samples. Total: 162770
Use 4974 samples. Get 5770 labels. Ratio: 0.8620450606585789
Epoch 8
 69.29% | time: 724.1s (298.7m) | step:   5286 | train acc: 1.000 | train loss: 0.000 |test acc: 0.766 (0.822, 0.677) | test dp gap: 0.1520
 69.29% | time:   1.4s (298.7m) | step:   5286 | train acc: 1.000 | train loss: 0.000 |val acc: 0.774 (0.833, 0.685) | val dp gap: 0.1691
begin calculating influence
[Strategy 2] Acc of expected label: 0.7853125
calculating influence -- done
Files already downloaded and verified
4982 labeled samples and 157788 unlabeled samples. Total: 162770
Use 4982 samples. Get 5785 labels. Ratio: 0.8611927398444252
 71.91% | time: 722.1s (310.8m) | step:   5486 | train acc: 1.000 | train loss: 0.000 |test acc: 0.766 (0.822, 0.677) | test dp gap: 0.1523
 71.91% | time:   1.5s (310.8m) | step:   5486 | train acc: 1.000 | train loss: 0.000 |val acc: 0.781 (0.830, 0.705) | val dp gap: 0.1741
begin calculating influence
[Strategy 2] Acc of expected label: 0.7821875
calculating influence -- done
Files already downloaded and verified
4990 labeled samples and 157780 unlabeled samples. Total: 162770
Use 4990 samples. Get 5804 labels. Ratio: 0.8597518952446589
 74.53% | time: 722.4s (322.8m) | step:   5686 | train acc: 1.000 | train loss: 0.000 |test acc: 0.766 (0.823, 0.676) | test dp gap: 0.1545
 74.53% | time:   1.5s (322.9m) | step:   5686 | train acc: 1.000 | train loss: 0.000 |val acc: 0.782 (0.837, 0.697) | val dp gap: 0.1744
begin calculating influence
[Strategy 2] Acc of expected label: 0.78453125
calculating influence -- done
Files already downloaded and verified
4996 labeled samples and 157774 unlabeled samples. Total: 162770
Use 4996 samples. Get 5813 labels. Ratio: 0.8594529502838466
 74.99% | time: 669.7s (334.0m) | step:   5721 | train acc: 1.000 | train loss: 0.000 |test acc: 0.767 (0.823, 0.679) | test dp gap: 0.1491
 74.99% | time:   1.4s (334.1m) | step:   5721 | train acc: 1.000 | train loss: 0.000 |val acc: 0.781 (0.846, 0.680) | val dp gap: 0.1813
begin calculating influence
[Strategy 2] Acc of expected label: 0.7857421875
calculating influence -- done
Files already downloaded and verified
4998 labeled samples and 157772 unlabeled samples. Total: 162770
Use 4998 samples. Get 5816 labels. Ratio: 0.859353507565337
Epoch 9
 77.62% | time: 721.4s (346.1m) | step:   5922 | train acc: 1.000 | train loss: 0.000 |test acc: 0.767 (0.822, 0.678) | test dp gap: 0.1531
 77.62% | time:   1.4s (346.1m) | step:   5922 | train acc: 1.000 | train loss: 0.000 |val acc: 0.782 (0.839, 0.695) | val dp gap: 0.1790
begin calculating influence
[Strategy 2] Acc of expected label: 0.7807421875
calculating influence -- done
Files already downloaded and verified
5001 labeled samples and 157769 unlabeled samples. Total: 162770
Use 5001 samples. Get 5820 labels. Ratio: 0.8592783505154639
 80.25% | time: 726.0s (358.2m) | step:   6122 | train acc: 1.000 | train loss: 0.000 |test acc: 0.767 (0.823, 0.678) | test dp gap: 0.1532
 80.25% | time:   1.5s (358.2m) | step:   6122 | train acc: 1.000 | train loss: 0.000 |val acc: 0.775 (0.834, 0.682) | val dp gap: 0.1774
begin calculating influence
[Strategy 2] Acc of expected label: 0.7804296875
calculating influence -- done
Files already downloaded and verified
5007 labeled samples and 157763 unlabeled samples. Total: 162770
Use 5007 samples. Get 5832 labels. Ratio: 0.8585390946502057
 82.87% | time: 724.0s (370.3m) | step:   6322 | train acc: 1.000 | train loss: 0.000 |test acc: 0.767 (0.823, 0.678) | test dp gap: 0.1538
 82.87% | time:   1.4s (370.3m) | step:   6322 | train acc: 1.000 | train loss: 0.000 |val acc: 0.781 (0.834, 0.700) | val dp gap: 0.1824
begin calculating influence
[Strategy 2] Acc of expected label: 0.78765625
calculating influence -- done
Files already downloaded and verified
5010 labeled samples and 157760 unlabeled samples. Total: 162770
Use 5010 samples. Get 5836 labels. Ratio: 0.8584647018505825
 83.33% | time: 667.7s (381.4m) | step:   6357 | train acc: 1.000 | train loss: 0.000 |test acc: 0.767 (0.823, 0.679) | test dp gap: 0.1536
 83.33% | time:   1.6s (381.5m) | step:   6357 | train acc: 1.000 | train loss: 0.000 |val acc: 0.782 (0.835, 0.697) | val dp gap: 0.1636
begin calculating influence
[Strategy 2] Acc of expected label: 0.782890625
calculating influence -- done
Files already downloaded and verified
5026 labeled samples and 157744 unlabeled samples. Total: 162770
Use 5026 samples. Get 5862 labels. Ratio: 0.8573865574889117
Epoch 10
 85.96% | time: 722.6s (393.5m) | step:   6558 | train acc: 1.000 | train loss: 0.000 |test acc: 0.766 (0.821, 0.679) | test dp gap: 0.1563
 85.96% | time:   1.4s (393.5m) | step:   6558 | train acc: 1.000 | train loss: 0.000 |val acc: 0.773 (0.831, 0.681) | val dp gap: 0.1718
begin calculating influence
[Strategy 2] Acc of expected label: 0.7786328125
calculating influence -- done
Files already downloaded and verified
5028 labeled samples and 157742 unlabeled samples. Total: 162770
Use 5028 samples. Get 5867 labels. Ratio: 0.8569967615476394
 88.58% | time: 723.7s (405.6m) | step:   6758 | train acc: 1.000 | train loss: 0.000 |test acc: 0.766 (0.822, 0.678) | test dp gap: 0.1558
 88.58% | time:   1.5s (405.6m) | step:   6758 | train acc: 1.000 | train loss: 0.000 |val acc: 0.783 (0.831, 0.707) | val dp gap: 0.1657
begin calculating influence
[Strategy 2] Acc of expected label: 0.780859375
calculating influence -- done
Files already downloaded and verified
5033 labeled samples and 157737 unlabeled samples. Total: 162770
Use 5033 samples. Get 5874 labels. Ratio: 0.8568266939053456
 91.20% | time: 723.5s (417.7m) | step:   6958 | train acc: 1.000 | train loss: 0.000 |test acc: 0.766 (0.821, 0.679) | test dp gap: 0.1553
 91.20% | time:   1.5s (417.7m) | step:   6958 | train acc: 1.000 | train loss: 0.000 |val acc: 0.773 (0.827, 0.687) | val dp gap: 0.1750
begin calculating influence
[Strategy 2] Acc of expected label: 0.7806640625
calculating influence -- done
Files already downloaded and verified
5045 labeled samples and 157725 unlabeled samples. Total: 162770
Use 5045 samples. Get 5902 labels. Ratio: 0.8547949847509319
 91.66% | time: 665.7s (428.8m) | step:   6993 | train acc: 1.000 | train loss: 0.000 |test acc: 0.765 (0.819, 0.678) | test dp gap: 0.1623
 91.66% | time:   1.5s (428.8m) | step:   6993 | train acc: 1.000 | train loss: 0.000 |val acc: 0.772 (0.825, 0.689) | val dp gap: 0.1608
begin calculating influence
[Strategy 2] Acc of expected label: 0.778828125
calculating influence -- done
Files already downloaded and verified
5091 labeled samples and 157679 unlabeled samples. Total: 162770
Use 5091 samples. Get 5965 labels. Ratio: 0.8534786253143336
Epoch 11
 94.30% | time: 723.5s (440.9m) | step:   7194 | train acc: 0.984 | train loss: 0.039 |test acc: 0.761 (0.816, 0.674) | test dp gap: 0.1541
 94.30% | time:   1.4s (440.9m) | step:   7194 | train acc: 0.984 | train loss: 0.039 |val acc: 0.777 (0.828, 0.699) | val dp gap: 0.1831
begin calculating influence
[Strategy 2] Acc of expected label: 0.7809765625
calculating influence -- done
Files already downloaded and verified
5109 labeled samples and 157661 unlabeled samples. Total: 162770
Use 5109 samples. Get 5991 labels. Ratio: 0.8527791687531296
 96.92% | time: 722.3s (452.9m) | step:   7394 | train acc: 1.000 | train loss: 0.000 |test acc: 0.764 (0.820, 0.677) | test dp gap: 0.1495
 96.92% | time:   1.4s (453.0m) | step:   7394 | train acc: 1.000 | train loss: 0.000 |val acc: 0.768 (0.828, 0.672) | val dp gap: 0.2003
begin calculating influence
[Strategy 2] Acc of expected label: 0.7801171875
calculating influence -- done
Files already downloaded and verified
5110 labeled samples and 157660 unlabeled samples. Total: 162770
Use 5110 samples. Get 5995 labels. Ratio: 0.8523769808173478
 99.54% | time: 722.4s (465.0m) | step:   7594 | train acc: 1.000 | train loss: 0.000 |test acc: 0.765 (0.820, 0.677) | test dp gap: 0.1482
 99.54% | time:   1.5s (465.0m) | step:   7594 | train acc: 1.000 | train loss: 0.000 |val acc: 0.777 (0.834, 0.689) | val dp gap: 0.1930
begin calculating influence
[Strategy 2] Acc of expected label: 0.7798046875
calculating influence -- done
Files already downloaded and verified
5111 labeled samples and 157659 unlabeled samples. Total: 162770
Use 5111 samples. Get 5997 labels. Ratio: 0.8522594630648658
100.00% | time: 667.6s (476.2m) | step:   7629 | train acc: 1.000 | train loss: 0.000 |test acc: 0.765 (0.820, 0.677) | test dp gap: 0.1474
100.00% | time:   1.5s (476.2m) | step:   7629 | train acc: 1.000 | train loss: 0.000 |val acc: 0.775 (0.824, 0.695) | val dp gap: 0.1870
begin calculating influence
[Strategy 2] Acc of expected label: 0.7801953125
calculating influence -- done
Files already downloaded and verified
5115 labeled samples and 157655 unlabeled samples. Total: 162770
Use 5115 samples. Get 6003 labels. Ratio: 0.8520739630184908
