2023-02-08 22:27:13.694126: W tensorflow/compiler/xla/stream_executor/platform/default/dso_loader.cc:64] Could not load dynamic library 'libnvinfer.so.7'; dlerror: libnvinfer.so.7: cannot open shared object file: No such file or directory
2023-02-08 22:27:13.694208: W tensorflow/compiler/xla/stream_executor/platform/default/dso_loader.cc:64] Could not load dynamic library 'libnvinfer_plugin.so.7'; dlerror: libnvinfer_plugin.so.7: cannot open shared object file: No such file or directory
2023-02-08 22:27:13.694215: W tensorflow/compiler/tf2tensorrt/utils/py_utils.cc:38] TF-TRT Warning: Cannot dlopen some TensorRT libraries. If you would like to use Nvidia GPU with TensorRT, please make sure the missing libraries mentioned above are installed properly.
dataset construction done. 
Shape of X torch.Size([4937, 6]). 
Shape of Y torch.Size([4937])
493 labeled samples and 4444 unlabeled samples. Total: 4937
dataset construction done. 
Shape of X torch.Size([1235, 6]). 
Shape of Y torch.Size([1235])
247 labeled samples and 988 unlabeled samples. Total: 1235
Numer of layers 4
train net...
train with 4937 samples (with replacement) in one epoch
Epoch 0
  2.60% | time:   3.4s (  0.1m) | step:      5 | train acc: 0.465 | train loss: 0.750 |test acc: 0.464 (0.533, 0.396) | test dp gap: 0.1232
begin calculating influence
selected layers: [Traced<ShapedArray(float32[32])>with<DynamicJaxprTrace(level=0/1)>, Traced<ShapedArray(float32[6,32])>with<DynamicJaxprTrace(level=0/1)>, Traced<ShapedArray(float32[2])>with<DynamicJaxprTrace(level=0/1)>, Traced<ShapedArray(float32[32,2])>with<DynamicJaxprTrace(level=0/1)>]
[Strategy 5] Acc of expected label: 0.454375
calculating influence -- done
  2.60% | time:   3.6s (  0.1m) | step:      5 | train acc: 0.465 | train loss: 0.750 |val acc: 0.437 (0.460, 0.415) | val dp gap: 0.0714
dataset construction done. 
Shape of X torch.Size([4937, 6]). 
Shape of Y torch.Size([4937])
525 labeled samples and 4412 unlabeled samples. Total: 4937
Use 525 samples. Get 493 labels. Ratio: 1.0649087221095335
  5.21% | time:   1.9s (  0.1m) | step:     10 | train acc: 0.590 | train loss: 0.690 |test acc: 0.533 (0.584, 0.484) | test dp gap: 0.0677
begin calculating influence
[Strategy 5] Acc of expected label: 0.508125
calculating influence -- done
  5.21% | time:   1.0s (  0.2m) | step:     10 | train acc: 0.590 | train loss: 0.690 |val acc: 0.482 (0.532, 0.431) | val dp gap: 0.0295
dataset construction done. 
Shape of X torch.Size([4937, 6]). 
Shape of Y torch.Size([4937])
557 labeled samples and 4380 unlabeled samples. Total: 4937
Use 557 samples. Get 497 labels. Ratio: 1.1207243460764587
  7.81% | time:   1.5s (  0.2m) | step:     15 | train acc: 0.556 | train loss: 0.674 |test acc: 0.599 (0.598, 0.600) | test dp gap: 0.0645
begin calculating influence
[Strategy 5] Acc of expected label: 0.57875
calculating influence -- done
  7.81% | time:   1.1s (  0.2m) | step:     15 | train acc: 0.556 | train loss: 0.674 |val acc: 0.510 (0.540, 0.480) | val dp gap: 0.0940
dataset construction done. 
Shape of X torch.Size([4937, 6]). 
Shape of Y torch.Size([4937])
589 labeled samples and 4348 unlabeled samples. Total: 4937
Use 589 samples. Get 561 labels. Ratio: 1.049910873440285
  9.90% | time:   1.8s (  0.2m) | step:     19 | train acc: 0.637 | train loss: 0.667 |test acc: 0.656 (0.616, 0.695) | test dp gap: 0.1962
begin calculating influence
[Strategy 5] Acc of expected label: 0.6253125
calculating influence -- done
  9.90% | time:   1.0s (  0.3m) | step:     19 | train acc: 0.637 | train loss: 0.667 |val acc: 0.551 (0.548, 0.553) | val dp gap: 0.1597
dataset construction done. 
Shape of X torch.Size([4937, 6]). 
Shape of Y torch.Size([4937])
621 labeled samples and 4316 unlabeled samples. Total: 4937
Use 621 samples. Get 614 labels. Ratio: 1.011400651465798
Epoch 1
 12.50% | time:   1.8s (  0.3m) | step:     24 | train acc: 0.652 | train loss: 0.649 |test acc: 0.655 (0.618, 0.691) | test dp gap: 0.1895
begin calculating influence
[Strategy 5] Acc of expected label: 0.6228125
calculating influence -- done
 12.50% | time:   1.0s (  0.3m) | step:     24 | train acc: 0.652 | train loss: 0.649 |val acc: 0.543 (0.532, 0.553) | val dp gap: 0.1116
dataset construction done. 
Shape of X torch.Size([4937, 6]). 
Shape of Y torch.Size([4937])
621 labeled samples and 4316 unlabeled samples. Total: 4937
Use 621 samples. Get 614 labels. Ratio: 1.011400651465798
 15.10% | time:   1.1s (  0.3m) | step:     29 | train acc: 0.691 | train loss: 0.612 |test acc: 0.648 (0.612, 0.683) | test dp gap: 0.1829
begin calculating influence
[Strategy 5] Acc of expected label: 0.6209375
calculating influence -- done
 15.10% | time:   1.0s (  0.3m) | step:     29 | train acc: 0.691 | train loss: 0.612 |val acc: 0.547 (0.524, 0.569) | val dp gap: 0.1523
dataset construction done. 
Shape of X torch.Size([4937, 6]). 
Shape of Y torch.Size([4937])
621 labeled samples and 4316 unlabeled samples. Total: 4937
Use 621 samples. Get 614 labels. Ratio: 1.011400651465798
 17.71% | time:   1.1s (  0.4m) | step:     34 | train acc: 0.688 | train loss: 0.592 |test acc: 0.648 (0.610, 0.685) | test dp gap: 0.1829
begin calculating influence
[Strategy 5] Acc of expected label: 0.613125
calculating influence -- done
 17.71% | time:   1.3s (  0.4m) | step:     34 | train acc: 0.688 | train loss: 0.592 |val acc: 0.551 (0.524, 0.577) | val dp gap: 0.1604
dataset construction done. 
Shape of X torch.Size([4937, 6]). 
Shape of Y torch.Size([4937])
621 labeled samples and 4316 unlabeled samples. Total: 4937
Use 621 samples. Get 614 labels. Ratio: 1.011400651465798
 19.79% | time:   1.2s (  0.4m) | step:     38 | train acc: 0.652 | train loss: 0.638 |test acc: 0.649 (0.610, 0.687) | test dp gap: 0.1809
begin calculating influence
[Strategy 5] Acc of expected label: 0.6128125
calculating influence -- done
 19.79% | time:   1.3s (  0.4m) | step:     38 | train acc: 0.652 | train loss: 0.638 |val acc: 0.555 (0.524, 0.585) | val dp gap: 0.1523
dataset construction done. 
Shape of X torch.Size([4937, 6]). 
Shape of Y torch.Size([4937])
621 labeled samples and 4316 unlabeled samples. Total: 4937
Use 621 samples. Get 614 labels. Ratio: 1.011400651465798
Epoch 2
 22.40% | time:   1.1s (  0.4m) | step:     43 | train acc: 0.703 | train loss: 0.601 |test acc: 0.649 (0.610, 0.687) | test dp gap: 0.1809
begin calculating influence
[Strategy 5] Acc of expected label: 0.609375
calculating influence -- done
 22.40% | time:   1.4s (  0.5m) | step:     43 | train acc: 0.703 | train loss: 0.601 |val acc: 0.555 (0.524, 0.585) | val dp gap: 0.1523
dataset construction done. 
Shape of X torch.Size([4937, 6]). 
Shape of Y torch.Size([4937])
621 labeled samples and 4316 unlabeled samples. Total: 4937
Use 621 samples. Get 614 labels. Ratio: 1.011400651465798
 25.00% | time:   1.3s (  0.5m) | step:     48 | train acc: 0.672 | train loss: 0.631 |test acc: 0.650 (0.610, 0.689) | test dp gap: 0.1871
begin calculating influence
[Strategy 5] Acc of expected label: 0.6228125
calculating influence -- done
 25.00% | time:   1.0s (  0.5m) | step:     48 | train acc: 0.672 | train loss: 0.631 |val acc: 0.551 (0.524, 0.577) | val dp gap: 0.1442
dataset construction done. 
Shape of X torch.Size([4937, 6]). 
Shape of Y torch.Size([4937])
621 labeled samples and 4316 unlabeled samples. Total: 4937
Use 621 samples. Get 614 labels. Ratio: 1.011400651465798
 27.60% | time:   1.1s (  0.5m) | step:     53 | train acc: 0.725 | train loss: 0.571 |test acc: 0.656 (0.618, 0.693) | test dp gap: 0.1875
begin calculating influence
[Strategy 5] Acc of expected label: 0.6278125
calculating influence -- done
 27.60% | time:   1.1s (  0.5m) | step:     53 | train acc: 0.725 | train loss: 0.571 |val acc: 0.543 (0.532, 0.553) | val dp gap: 0.1279
dataset construction done. 
Shape of X torch.Size([4937, 6]). 
Shape of Y torch.Size([4937])
621 labeled samples and 4316 unlabeled samples. Total: 4937
Use 621 samples. Get 614 labels. Ratio: 1.011400651465798
 29.69% | time:   1.3s (  0.6m) | step:     57 | train acc: 0.688 | train loss: 0.605 |test acc: 0.656 (0.618, 0.693) | test dp gap: 0.1875
begin calculating influence
[Strategy 5] Acc of expected label: 0.618125
calculating influence -- done
 29.69% | time:   1.2s (  0.6m) | step:     57 | train acc: 0.688 | train loss: 0.605 |val acc: 0.543 (0.532, 0.553) | val dp gap: 0.1279
dataset construction done. 
Shape of X torch.Size([4937, 6]). 
Shape of Y torch.Size([4937])
621 labeled samples and 4316 unlabeled samples. Total: 4937
Use 621 samples. Get 614 labels. Ratio: 1.011400651465798
Epoch 3
 32.29% | time:   1.4s (  0.6m) | step:     62 | train acc: 0.672 | train loss: 0.616 |test acc: 0.657 (0.618, 0.695) | test dp gap: 0.1854
begin calculating influence
[Strategy 5] Acc of expected label: 0.6246875
calculating influence -- done
 32.29% | time:   1.1s (  0.6m) | step:     62 | train acc: 0.672 | train loss: 0.616 |val acc: 0.547 (0.532, 0.561) | val dp gap: 0.1360
dataset construction done. 
Shape of X torch.Size([4937, 6]). 
Shape of Y torch.Size([4937])
621 labeled samples and 4316 unlabeled samples. Total: 4937
Use 621 samples. Get 614 labels. Ratio: 1.011400651465798
 34.90% | time:   1.4s (  0.6m) | step:     67 | train acc: 0.652 | train loss: 0.620 |test acc: 0.658 (0.620, 0.695) | test dp gap: 0.1874
begin calculating influence
[Strategy 5] Acc of expected label: 0.6265625
calculating influence -- done
 34.90% | time:   1.0s (  0.7m) | step:     67 | train acc: 0.652 | train loss: 0.620 |val acc: 0.551 (0.540, 0.561) | val dp gap: 0.1279
dataset construction done. 
Shape of X torch.Size([4937, 6]). 
Shape of Y torch.Size([4937])
621 labeled samples and 4316 unlabeled samples. Total: 4937
Use 621 samples. Get 614 labels. Ratio: 1.011400651465798
 37.50% | time:   1.1s (  0.7m) | step:     72 | train acc: 0.716 | train loss: 0.579 |test acc: 0.658 (0.620, 0.695) | test dp gap: 0.1874
begin calculating influence
[Strategy 5] Acc of expected label: 0.6234375
calculating influence -- done
 37.50% | time:   1.1s (  0.7m) | step:     72 | train acc: 0.716 | train loss: 0.579 |val acc: 0.551 (0.540, 0.561) | val dp gap: 0.1279
dataset construction done. 
Shape of X torch.Size([4937, 6]). 
Shape of Y torch.Size([4937])
621 labeled samples and 4316 unlabeled samples. Total: 4937
Use 621 samples. Get 614 labels. Ratio: 1.011400651465798
 39.58% | time:   1.2s (  0.7m) | step:     76 | train acc: 0.676 | train loss: 0.612 |test acc: 0.658 (0.620, 0.695) | test dp gap: 0.1874
begin calculating influence
[Strategy 5] Acc of expected label: 0.6234375
calculating influence -- done
 39.58% | time:   1.1s (  0.7m) | step:     76 | train acc: 0.676 | train loss: 0.612 |val acc: 0.551 (0.540, 0.561) | val dp gap: 0.1279
dataset construction done. 
Shape of X torch.Size([4937, 6]). 
Shape of Y torch.Size([4937])
621 labeled samples and 4316 unlabeled samples. Total: 4937
Use 621 samples. Get 614 labels. Ratio: 1.011400651465798
Epoch 4
 42.71% | time:   1.3s (  0.8m) | step:     82 | train acc: 0.668 | train loss: 0.604 |test acc: 0.658 (0.620, 0.695) | test dp gap: 0.1874
begin calculating influence
[Strategy 5] Acc of expected label: 0.61875
calculating influence -- done
 42.71% | time:   1.0s (  0.8m) | step:     82 | train acc: 0.668 | train loss: 0.604 |val acc: 0.551 (0.540, 0.561) | val dp gap: 0.1279
dataset construction done. 
Shape of X torch.Size([4937, 6]). 
Shape of Y torch.Size([4937])
621 labeled samples and 4316 unlabeled samples. Total: 4937
Use 621 samples. Get 614 labels. Ratio: 1.011400651465798
 45.31% | time:   1.3s (  0.8m) | step:     87 | train acc: 0.715 | train loss: 0.596 |test acc: 0.659 (0.622, 0.695) | test dp gap: 0.1935
begin calculating influence
[Strategy 5] Acc of expected label: 0.6175
calculating influence -- done
 45.31% | time:   1.1s (  0.8m) | step:     87 | train acc: 0.715 | train loss: 0.596 |val acc: 0.555 (0.548, 0.561) | val dp gap: 0.1360
dataset construction done. 
Shape of X torch.Size([4937, 6]). 
Shape of Y torch.Size([4937])
621 labeled samples and 4316 unlabeled samples. Total: 4937
Use 621 samples. Get 614 labels. Ratio: 1.011400651465798
 47.92% | time:   1.0s (  0.8m) | step:     92 | train acc: 0.706 | train loss: 0.595 |test acc: 0.659 (0.622, 0.695) | test dp gap: 0.1935
begin calculating influence
[Strategy 5] Acc of expected label: 0.6184375
calculating influence -- done
 47.92% | time:   1.3s (  0.8m) | step:     92 | train acc: 0.706 | train loss: 0.595 |val acc: 0.555 (0.548, 0.561) | val dp gap: 0.1360
dataset construction done. 
Shape of X torch.Size([4937, 6]). 
Shape of Y torch.Size([4937])
621 labeled samples and 4316 unlabeled samples. Total: 4937
Use 621 samples. Get 614 labels. Ratio: 1.011400651465798
 50.00% | time:   1.1s (  0.9m) | step:     96 | train acc: 0.691 | train loss: 0.600 |test acc: 0.659 (0.622, 0.695) | test dp gap: 0.1935
begin calculating influence
[Strategy 5] Acc of expected label: 0.62375
calculating influence -- done
 50.00% | time:   1.0s (  0.9m) | step:     96 | train acc: 0.691 | train loss: 0.600 |val acc: 0.559 (0.556, 0.561) | val dp gap: 0.1279
dataset construction done. 
Shape of X torch.Size([4937, 6]). 
Shape of Y torch.Size([4937])
621 labeled samples and 4316 unlabeled samples. Total: 4937
Use 621 samples. Get 614 labels. Ratio: 1.011400651465798
Epoch 5
 52.60% | time:   1.0s (  0.9m) | step:    101 | train acc: 0.668 | train loss: 0.609 |test acc: 0.663 (0.627, 0.699) | test dp gap: 0.1977
begin calculating influence
[Strategy 5] Acc of expected label: 0.6253125
calculating influence -- done
 52.60% | time:   1.3s (  0.9m) | step:    101 | train acc: 0.668 | train loss: 0.609 |val acc: 0.563 (0.556, 0.569) | val dp gap: 0.1035
dataset construction done. 
Shape of X torch.Size([4937, 6]). 
Shape of Y torch.Size([4937])
621 labeled samples and 4316 unlabeled samples. Total: 4937
Use 621 samples. Get 614 labels. Ratio: 1.011400651465798
 55.21% | time:   1.2s (  0.9m) | step:    106 | train acc: 0.625 | train loss: 0.633 |test acc: 0.663 (0.627, 0.699) | test dp gap: 0.1977
begin calculating influence
[Strategy 5] Acc of expected label: 0.630625
calculating influence -- done
 55.21% | time:   1.1s (  1.0m) | step:    106 | train acc: 0.625 | train loss: 0.633 |val acc: 0.563 (0.556, 0.569) | val dp gap: 0.1035
dataset construction done. 
Shape of X torch.Size([4937, 6]). 
Shape of Y torch.Size([4937])
621 labeled samples and 4316 unlabeled samples. Total: 4937
Use 621 samples. Get 614 labels. Ratio: 1.011400651465798
 57.81% | time:   0.9s (  1.0m) | step:    111 | train acc: 0.661 | train loss: 0.607 |test acc: 0.663 (0.627, 0.699) | test dp gap: 0.1977
begin calculating influence
[Strategy 5] Acc of expected label: 0.6340625
calculating influence -- done
 57.81% | time:   1.0s (  1.0m) | step:    111 | train acc: 0.661 | train loss: 0.607 |val acc: 0.563 (0.556, 0.569) | val dp gap: 0.1035
dataset construction done. 
Shape of X torch.Size([4937, 6]). 
Shape of Y torch.Size([4937])
621 labeled samples and 4316 unlabeled samples. Total: 4937
Use 621 samples. Get 614 labels. Ratio: 1.011400651465798
 59.90% | time:   1.2s (  1.0m) | step:    115 | train acc: 0.684 | train loss: 0.605 |test acc: 0.669 (0.633, 0.705) | test dp gap: 0.2100
begin calculating influence
[Strategy 5] Acc of expected label: 0.6353125
calculating influence -- done
 59.90% | time:   1.2s (  1.0m) | step:    115 | train acc: 0.684 | train loss: 0.605 |val acc: 0.575 (0.581, 0.569) | val dp gap: 0.1115
dataset construction done. 
Shape of X torch.Size([4937, 6]). 
Shape of Y torch.Size([4937])
621 labeled samples and 4316 unlabeled samples. Total: 4937
Use 621 samples. Get 614 labels. Ratio: 1.011400651465798
Epoch 6
 62.50% | time:   1.3s (  1.1m) | step:    120 | train acc: 0.688 | train loss: 0.608 |test acc: 0.670 (0.635, 0.705) | test dp gap: 0.2121
begin calculating influence
[Strategy 5] Acc of expected label: 0.6309375
calculating influence -- done
 62.50% | time:   1.0s (  1.1m) | step:    120 | train acc: 0.688 | train loss: 0.608 |val acc: 0.571 (0.581, 0.561) | val dp gap: 0.1033
dataset construction done. 
Shape of X torch.Size([4937, 6]). 
Shape of Y torch.Size([4937])
622 labeled samples and 4315 unlabeled samples. Total: 4937
Use 622 samples. Get 620 labels. Ratio: 1.0032258064516129
 65.10% | time:   2.0s (  1.1m) | step:    125 | train acc: 0.699 | train loss: 0.590 |test acc: 0.668 (0.633, 0.703) | test dp gap: 0.2120
begin calculating influence
[Strategy 5] Acc of expected label: 0.635625
calculating influence -- done
 65.10% | time:   1.1s (  1.1m) | step:    125 | train acc: 0.699 | train loss: 0.590 |val acc: 0.575 (0.581, 0.569) | val dp gap: 0.1115
dataset construction done. 
Shape of X torch.Size([4937, 6]). 
Shape of Y torch.Size([4937])
623 labeled samples and 4314 unlabeled samples. Total: 4937
Use 623 samples. Get 621 labels. Ratio: 1.003220611916264
 67.71% | time:   1.6s (  1.1m) | step:    130 | train acc: 0.694 | train loss: 0.578 |test acc: 0.677 (0.647, 0.707) | test dp gap: 0.2103
begin calculating influence
[Strategy 5] Acc of expected label: 0.6396875
calculating influence -- done
 67.71% | time:   1.1s (  1.2m) | step:    130 | train acc: 0.694 | train loss: 0.578 |val acc: 0.571 (0.573, 0.569) | val dp gap: 0.1193
dataset construction done. 
Shape of X torch.Size([4937, 6]). 
Shape of Y torch.Size([4937])
624 labeled samples and 4313 unlabeled samples. Total: 4937
Use 624 samples. Get 623 labels. Ratio: 1.0016051364365972
 69.79% | time:   2.2s (  1.2m) | step:    134 | train acc: 0.656 | train loss: 0.626 |test acc: 0.677 (0.647, 0.707) | test dp gap: 0.2103
begin calculating influence
[Strategy 5] Acc of expected label: 0.6365625
calculating influence -- done
 69.79% | time:   1.1s (  1.2m) | step:    134 | train acc: 0.656 | train loss: 0.626 |val acc: 0.571 (0.573, 0.569) | val dp gap: 0.1193
dataset construction done. 
Shape of X torch.Size([4937, 6]). 
Shape of Y torch.Size([4937])
624 labeled samples and 4313 unlabeled samples. Total: 4937
Use 624 samples. Get 624 labels. Ratio: 1.0
Epoch 7
 72.40% | time:   1.2s (  1.2m) | step:    139 | train acc: 0.738 | train loss: 0.576 |test acc: 0.677 (0.647, 0.707) | test dp gap: 0.2103
begin calculating influence
[Strategy 5] Acc of expected label: 0.6315625
calculating influence -- done
 72.40% | time:   1.0s (  1.3m) | step:    139 | train acc: 0.738 | train loss: 0.576 |val acc: 0.571 (0.573, 0.569) | val dp gap: 0.1193
dataset construction done. 
Shape of X torch.Size([4937, 6]). 
Shape of Y torch.Size([4937])
624 labeled samples and 4313 unlabeled samples. Total: 4937
Use 624 samples. Get 624 labels. Ratio: 1.0
 75.00% | time:   1.1s (  1.3m) | step:    144 | train acc: 0.730 | train loss: 0.563 |test acc: 0.676 (0.645, 0.707) | test dp gap: 0.2083
begin calculating influence
[Strategy 5] Acc of expected label: 0.6353125
calculating influence -- done
 75.00% | time:   1.2s (  1.3m) | step:    144 | train acc: 0.730 | train loss: 0.563 |val acc: 0.575 (0.573, 0.577) | val dp gap: 0.1274
dataset construction done. 
Shape of X torch.Size([4937, 6]). 
Shape of Y torch.Size([4937])
624 labeled samples and 4313 unlabeled samples. Total: 4937
Use 624 samples. Get 624 labels. Ratio: 1.0
 77.60% | time:   0.8s (  1.3m) | step:    149 | train acc: 0.768 | train loss: 0.541 |test acc: 0.676 (0.645, 0.707) | test dp gap: 0.2083
begin calculating influence
[Strategy 5] Acc of expected label: 0.641875
calculating influence -- done
 77.60% | time:   1.2s (  1.3m) | step:    149 | train acc: 0.768 | train loss: 0.541 |val acc: 0.575 (0.573, 0.577) | val dp gap: 0.1274
dataset construction done. 
Shape of X torch.Size([4937, 6]). 
Shape of Y torch.Size([4937])
624 labeled samples and 4313 unlabeled samples. Total: 4937
Use 624 samples. Get 624 labels. Ratio: 1.0
 79.69% | time:   1.2s (  1.3m) | step:    153 | train acc: 0.695 | train loss: 0.592 |test acc: 0.676 (0.645, 0.707) | test dp gap: 0.2083
begin calculating influence
[Strategy 5] Acc of expected label: 0.636875
calculating influence -- done
 79.69% | time:   1.1s (  1.4m) | step:    153 | train acc: 0.695 | train loss: 0.592 |val acc: 0.575 (0.573, 0.577) | val dp gap: 0.1274
dataset construction done. 
Shape of X torch.Size([4937, 6]). 
Shape of Y torch.Size([4937])
624 labeled samples and 4313 unlabeled samples. Total: 4937
Use 624 samples. Get 624 labels. Ratio: 1.0
Epoch 8
 82.81% | time:   1.4s (  1.4m) | step:    159 | train acc: 0.699 | train loss: 0.582 |test acc: 0.676 (0.645, 0.707) | test dp gap: 0.2083
begin calculating influence
[Strategy 5] Acc of expected label: 0.636875
calculating influence -- done
 82.81% | time:   1.2s (  1.4m) | step:    159 | train acc: 0.699 | train loss: 0.582 |val acc: 0.575 (0.573, 0.577) | val dp gap: 0.1274
dataset construction done. 
Shape of X torch.Size([4937, 6]). 
Shape of Y torch.Size([4937])
624 labeled samples and 4313 unlabeled samples. Total: 4937
Use 624 samples. Get 624 labels. Ratio: 1.0
 85.42% | time:   1.1s (  1.4m) | step:    164 | train acc: 0.672 | train loss: 0.600 |test acc: 0.677 (0.647, 0.707) | test dp gap: 0.2103
begin calculating influence
[Strategy 5] Acc of expected label: 0.6328125
calculating influence -- done
 85.42% | time:   1.0s (  1.4m) | step:    164 | train acc: 0.672 | train loss: 0.600 |val acc: 0.571 (0.573, 0.569) | val dp gap: 0.1193
dataset construction done. 
Shape of X torch.Size([4937, 6]). 
Shape of Y torch.Size([4937])
624 labeled samples and 4313 unlabeled samples. Total: 4937
Use 624 samples. Get 624 labels. Ratio: 1.0
 88.02% | time:   0.7s (  1.5m) | step:    169 | train acc: 0.714 | train loss: 0.600 |test acc: 0.677 (0.647, 0.707) | test dp gap: 0.2103
begin calculating influence
[Strategy 5] Acc of expected label: 0.6453125
calculating influence -- done
 88.02% | time:   0.8s (  1.5m) | step:    169 | train acc: 0.714 | train loss: 0.600 |val acc: 0.571 (0.573, 0.569) | val dp gap: 0.1193
dataset construction done. 
Shape of X torch.Size([4937, 6]). 
Shape of Y torch.Size([4937])
624 labeled samples and 4313 unlabeled samples. Total: 4937
Use 624 samples. Get 625 labels. Ratio: 0.9984
 90.10% | time:   0.9s (  1.5m) | step:    173 | train acc: 0.695 | train loss: 0.598 |test acc: 0.677 (0.647, 0.707) | test dp gap: 0.2103
begin calculating influence
[Strategy 5] Acc of expected label: 0.6359375
calculating influence -- done
 90.10% | time:   0.9s (  1.5m) | step:    173 | train acc: 0.695 | train loss: 0.598 |val acc: 0.571 (0.573, 0.569) | val dp gap: 0.1193
dataset construction done. 
Shape of X torch.Size([4937, 6]). 
Shape of Y torch.Size([4937])
624 labeled samples and 4313 unlabeled samples. Total: 4937
Use 624 samples. Get 625 labels. Ratio: 0.9984
Epoch 9
 92.71% | time:   0.9s (  1.5m) | step:    178 | train acc: 0.691 | train loss: 0.609 |test acc: 0.677 (0.647, 0.707) | test dp gap: 0.2103
begin calculating influence
[Strategy 5] Acc of expected label: 0.6284375
calculating influence -- done
 92.71% | time:   0.7s (  1.5m) | step:    178 | train acc: 0.691 | train loss: 0.609 |val acc: 0.571 (0.573, 0.569) | val dp gap: 0.1193
dataset construction done. 
Shape of X torch.Size([4937, 6]). 
Shape of Y torch.Size([4937])
624 labeled samples and 4313 unlabeled samples. Total: 4937
Use 624 samples. Get 625 labels. Ratio: 0.9984
 95.31% | time:   0.8s (  1.5m) | step:    183 | train acc: 0.699 | train loss: 0.608 |test acc: 0.678 (0.655, 0.701) | test dp gap: 0.2207
begin calculating influence
[Strategy 5] Acc of expected label: 0.649375
calculating influence -- done
 95.31% | time:   0.8s (  1.6m) | step:    183 | train acc: 0.699 | train loss: 0.608 |val acc: 0.579 (0.589, 0.569) | val dp gap: 0.1354
dataset construction done. 
Shape of X torch.Size([4937, 6]). 
Shape of Y torch.Size([4937])
624 labeled samples and 4313 unlabeled samples. Total: 4937
Use 624 samples. Get 625 labels. Ratio: 0.9984
 97.92% | time:   0.6s (  1.6m) | step:    188 | train acc: 0.723 | train loss: 0.601 |test acc: 0.677 (0.655, 0.699) | test dp gap: 0.2227
begin calculating influence
[Strategy 5] Acc of expected label: 0.6359375
calculating influence -- done
 97.92% | time:   0.8s (  1.6m) | step:    188 | train acc: 0.723 | train loss: 0.601 |val acc: 0.579 (0.589, 0.569) | val dp gap: 0.1354
dataset construction done. 
Shape of X torch.Size([4937, 6]). 
Shape of Y torch.Size([4937])
624 labeled samples and 4313 unlabeled samples. Total: 4937
Use 624 samples. Get 626 labels. Ratio: 0.9968051118210862
100.00% | time:   0.7s (  1.6m) | step:    192 | train acc: 0.762 | train loss: 0.537 |test acc: 0.677 (0.655, 0.699) | test dp gap: 0.2227
begin calculating influence
[Strategy 5] Acc of expected label: 0.640625
calculating influence -- done
100.00% | time:   0.7s (  1.6m) | step:    192 | train acc: 0.762 | train loss: 0.537 |val acc: 0.579 (0.589, 0.569) | val dp gap: 0.1354
dataset construction done. 
Shape of X torch.Size([4937, 6]). 
Shape of Y torch.Size([4937])
624 labeled samples and 4313 unlabeled samples. Total: 4937
Use 624 samples. Get 626 labels. Ratio: 0.9968051118210862
